<?xml version="1.0" encoding="UTF-8"?>
  <testsuites tests="6735" disabled="6312" errors="0" failures="1" time="7277.002674476">
      <testsuite name="Kubernetes e2e suite" package="/usr/local/bin" tests="6735" disabled="0" skipped="6312" errors="0" failures="1" time="7277.002674476" timestamp="2025-05-11T13:06:59">
          <properties>
              <property name="SuiteSucceeded" value="false"></property>
              <property name="SuiteHasProgrammaticFocus" value="false"></property>
              <property name="SpecialSuiteFailureReason" value=""></property>
              <property name="SuiteLabels" value="[]"></property>
              <property name="RandomSeed" value="1746968819"></property>
              <property name="RandomizeAllSpecs" value="true"></property>
              <property name="LabelFilter" value=""></property>
              <property name="FocusStrings" value="\[Conformance\]"></property>
              <property name="SkipStrings" value=""></property>
              <property name="FocusFiles" value=""></property>
              <property name="SkipFiles" value=""></property>
              <property name="FailOnPending" value="false"></property>
              <property name="FailOnEmpty" value="false"></property>
              <property name="FailFast" value="false"></property>
              <property name="FlakeAttempts" value="0"></property>
              <property name="DryRun" value="false"></property>
              <property name="ParallelTotal" value="1"></property>
              <property name="OutputInterceptorMode" value=""></property>
          </properties>
          <testcase name="[ReportBeforeSuite]" classname="Kubernetes e2e suite" status="passed" time="1.7691e-05"></testcase>
          <testcase name="[SynchronizedBeforeSuite]" classname="Kubernetes e2e suite" status="passed" time="0.015814801"></testcase>
          <testcase name="[It] [sig-node] Pod InPlace Resize Container [FeatureGate:InPlacePodVerticalScaling] [Beta] Burstable QoS pod, two containers with cpu &amp; memory requests + limits - reorder containers" classname="Kubernetes e2e suite" status="skipped" time="0">
              <skipped message="skipped"></skipped>
          </testcase>
          <testcase name="[It] [sig-storage] In-tree Volumes [Driver: local] [LocalVolumeType: blockfs] [Testpattern: Dynamic PV (block volmode)] provisioning should provision storage with snapshot data source [Feature:VolumeSnapshotDataSource]" classname="Kubernetes e2e suite" status="skipped" time="0">
              <skipped message="skipped"></skipped>
          </testcase>
          <testcase name="[It] [sig-storage] In-tree Volumes [Driver: emptydir] [Testpattern: Inline-volume (default fs)] volumeIO should write files of various sizes, verify size, validate content [Slow]" classname="Kubernetes e2e suite" status="skipped" time="0">
              <skipped message="skipped"></skipped>
          </testcase>
          <testcase name="[It] [sig-storage] CSI Volumes [Driver: csi-hostpath] [Testpattern: Dynamic PV (xfs)] [Slow] multiVolume [Slow] should concurrently access the single read-only volume from pods on the same node" classname="Kubernetes e2e suite" status="skipped" time="0">
              <skipped message="skipped"></skipped>
          </testcase>
          <testcase name="[It] [sig-storage] In-tree Volumes [Driver: iscsi] [Feature:Volumes] [Testpattern: Dynamic PV (block volmode)] provisioning should provision storage with pvc data source (ROX mode)" classname="Kubernetes e2e suite" status="skipped" time="0">
              <skipped message="skipped"></skipped>
          </testcase>
          <testcase name="[It] [sig-storage] In-tree Volumes [Driver: local] [LocalVolumeType: block] [Testpattern: Dynamic PV (default fs)] capacity provides storage capacity information" classname="Kubernetes e2e suite" status="skipped" time="0">
              <skipped message="skipped"></skipped>
          </testcase>
          <testcase name="[It] [sig-storage] In-tree Volumes [Driver: local] [LocalVolumeType: gce-localssd-scsi-fs] [Serial] [Testpattern: Dynamic PV (default fs)] provisioning should provision storage with pvc data source in parallel [Slow]" classname="Kubernetes e2e suite" status="skipped" time="0">
              <skipped message="skipped"></skipped>
          </testcase>
          <testcase name="[It] [sig-storage] CSI Volumes [Driver: pd.csi.storage.gke.io] [Serial] [Testpattern: Pre-provisioned PV (default fs)] subPath should unmount if pod is force deleted while kubelet is down [Disruptive] [Slow] [LinuxOnly]" classname="Kubernetes e2e suite" status="skipped" time="0">
              <skipped message="skipped"></skipped>
          </testcase>
          <testcase name="[It] [sig-storage] CSI Mock selinux on mount metrics and SELinuxWarningController SELinuxMount metrics [LinuxOnly] [Feature:SELinux] [Serial] error is not bumped on two Pods with a different policy RWX volume (nil + MountOption) [FeatureGate:SELinuxMountReadWriteOncePod] [Beta] [FeatureGate:SELinuxChangePolicy] [Beta] [FeatureGate:SELinuxMount] [Beta] [Feature:OffByDefault]" classname="Kubernetes e2e suite" status="skipped" time="0">
              <skipped message="skipped"></skipped>
          </testcase>
          <testcase name="[It] [sig-storage] In-tree Volumes [Driver: local] [LocalVolumeType: gce-localssd-scsi-fs] [Serial] [Testpattern: Pre-provisioned PV (filesystem volmode)] multiVolume [Slow] should access to two volumes with different volume mode and retain data across pod recreation on the same node" classname="Kubernetes e2e suite" status="skipped" time="0">
              <skipped message="skipped"></skipped>
          </testcase>
          <testcase name="[It] [sig-storage] In-tree Volumes [Driver: hostPathSymlink] [Testpattern: Inline-volume (default fs)] subPath should fail if subpath directory is outside the volume [Slow] [LinuxOnly]" classname="Kubernetes e2e suite" status="skipped" time="0">
              <skipped message="skipped"></skipped>
          </testcase>
          <testcase name="[It] [sig-storage] In-tree Volumes [Driver: azure-file] [Testpattern: Dynamic PV (xfs)] [Slow] multiVolume [Slow] should access to two volumes with the same volume mode and retain data across pod recreation on the same node" classname="Kubernetes e2e suite" status="skipped" time="0">
              <skipped message="skipped"></skipped>
          </testcase>
          <testcase name="[It] [sig-storage] In-tree Volumes [Driver: local] [LocalVolumeType: dir-link-bindmounted] [Testpattern: Inline-volume (default fs)] volumeIO should write files of various sizes, verify size, validate content [Slow]" classname="Kubernetes e2e suite" status="skipped" time="0">
              <skipped message="skipped"></skipped>
          </testcase>
          <testcase name="[It] [sig-storage] In-tree Volumes [Driver: cinder] [Testpattern: Pre-provisioned PV (filesystem volmode)] disruptive [Disruptive] [LinuxOnly] Should test that pv used in a pod that is force deleted while the kubelet is down is usable by a new pod when kubelet returns [Feature:SELinux]" classname="Kubernetes e2e suite" status="skipped" time="0">
              <skipped message="skipped"></skipped>
          </testcase>
          <testcase name="[It] [sig-storage] In-tree Volumes [Driver: local] [LocalVolumeType: blockfs] [Testpattern: Dynamic PV (immediate binding)] topology should fail to schedule a pod which has topologies that conflict with AllowedTopologies" classname="Kubernetes e2e suite" status="skipped" time="0">
              <skipped message="skipped"></skipped>
          </testcase>
          <testcase name="[It] [sig-storage] In-tree Volumes [Driver: emptydir] [Testpattern: Dynamic PV (filesystem volmode)] volumeMode should fail to use a volume in a pod with mismatched mode [Slow]" classname="Kubernetes e2e suite" status="skipped" time="0">
              <skipped message="skipped"></skipped>
          </testcase>
          <testcase name="[It] [sig-network] DNS should provide /etc/hosts entries for the cluster [Conformance]" classname="Kubernetes e2e suite" status="passed" time="208.65407267"></testcase>
          <testcase name="[It] [sig-storage] In-tree Volumes [Driver: nfs] [Testpattern: Dynamic PV (ext3)] volumes should store data" classname="Kubernetes e2e suite" status="skipped" time="0">
              <skipped message="skipped"></skipped>
          </testcase>
          <testcase name="[It] [sig-storage] In-tree Volumes [Driver: local] [LocalVolumeType: dir-bindmounted] [Testpattern: Pre-provisioned PV (ext4)] volumes should allow exec of files on the volume" classname="Kubernetes e2e suite" status="skipped" time="0">
              <skipped message="skipped"></skipped>
          </testcase>
          <testcase name="[It] [sig-storage] In-tree Volumes [Driver: hostPath] [Testpattern: Dynamic PV (block volmode)] provisioning should provision storage with pvc data source (ROX mode)" classname="Kubernetes e2e suite" status="skipped" time="0">
              <skipped message="skipped"></skipped>
          </testcase>
          <testcase name="[It] [sig-storage] In-tree Volumes [Driver: local] [LocalVolumeType: tmpfs] [Testpattern: Dynamic PV (block volmode)] multiVolume [Slow] should concurrently access the volume and its clone from pods on the same node [LinuxOnly] [Feature:VolumeSourceXFS]" classname="Kubernetes e2e suite" status="skipped" time="0">
              <skipped message="skipped"></skipped>
          </testcase>
          <testcase name="[It] [sig-storage] In-tree Volumes [Driver: local] [LocalVolumeType: dir-link] [Testpattern: Dynamic PV (ntfs)] [Feature:Windows] subPath should support restarting containers using directory as subpath [Slow]" classname="Kubernetes e2e suite" status="skipped" time="0">
              <skipped message="skipped"></skipped>
          </testcase>
          <testcase name="[It] [sig-storage] In-tree Volumes [Driver: vsphere] [Testpattern: Pre-provisioned PV (default fs)] subPath should support readOnly file specified in the volumeMount [LinuxOnly]" classname="Kubernetes e2e suite" status="skipped" time="0">
              <skipped message="skipped"></skipped>
          </testcase>
          <testcase name="[It] [sig-storage] In-tree Volumes [Driver: iscsi] [Feature:Volumes] [Testpattern: Pre-provisioned PV (xfs)] [Slow] volumes should store data" classname="Kubernetes e2e suite" status="skipped" time="0">
              <skipped message="skipped"></skipped>
          </testcase>
          <testcase name="[It] [sig-storage] PersistentVolumes-local [Volume type: dir-link] Set fsGroup for local volume should set different fsGroup for second pod if first pod is deleted [Flaky]" classname="Kubernetes e2e suite" status="skipped" time="0">
              <skipped message="skipped"></skipped>
          </testcase>
          <testcase name="[It] [sig-storage] In-tree Volumes [Driver: azure-disk] [Testpattern: Dynamic PV (block volmode)] provisioning should provision storage with pvc data source (ROX mode)" classname="Kubernetes e2e suite" status="skipped" time="0">
              <skipped message="skipped"></skipped>
          </testcase>
          <testcase name="[It] [sig-storage] In-tree Volumes [Driver: iscsi] [Feature:Volumes] [Testpattern: Dynamic PV (ntfs)] [Feature:Windows] multiVolume [Slow] should access to two volumes with the same volume mode and retain data across pod recreation on the same node" classname="Kubernetes e2e suite" status="skipped" time="0">
              <skipped message="skipped"></skipped>
          </testcase>
          <testcase name="[It] [sig-storage] CSI Volumes [Driver: pd.csi.storage.gke.io] [Serial] [Testpattern: Pre-provisioned Snapshot (retain policy)] snapshottable [Feature:VolumeSnapshotDataSource] volume snapshot controller  should check snapshot fields, check restore correctly works after modifying source data, check deletion (persistent)" classname="Kubernetes e2e suite" status="skipped" time="0">
              <skipped message="skipped"></skipped>
          </testcase>
          <testcase name="[It] [sig-storage] In-tree Volumes [Driver: local] [LocalVolumeType: dir-link-bindmounted] [Testpattern: Inline-volume (default fs)] subPath should unmount if pod is gracefully deleted while kubelet is down [Disruptive] [Slow] [LinuxOnly]" classname="Kubernetes e2e suite" status="skipped" time="0">
              <skipped message="skipped"></skipped>
          </testcase>
          <testcase name="[It] [sig-storage] CSI Volumes [Driver: csi-hostpath] [Testpattern: Pre-provisioned PV (block volmode)] multiVolume [Slow] should access to two volumes with the same volume mode and retain data across pod recreation on the same node" classname="Kubernetes e2e suite" status="skipped" time="0">
              <skipped message="skipped"></skipped>
          </testcase>
          <testcase name="[It] [sig-storage] CSI Volumes [Driver: csi-hostpath] [Testpattern: Pre-provisioned PV (filesystem volmode)] multiVolume [Slow] should concurrently access the single volume from pods on the same node" classname="Kubernetes e2e suite" status="skipped" time="0">
              <skipped message="skipped"></skipped>
          </testcase>
          <testcase name="[It] [sig-storage] In-tree Volumes [Driver: local] [LocalVolumeType: block] [Testpattern: Generic Ephemeral-volume (default fs)] volumeLimits should verify that all csinodes have volume limits" classname="Kubernetes e2e suite" status="skipped" time="0">
              <skipped message="skipped"></skipped>
          </testcase>
          <testcase name="[It] [sig-storage] In-tree Volumes [Driver: local] [LocalVolumeType: dir-link-bindmounted] [Testpattern: Dynamic PV (block volmode)] multiVolume [Slow] should concurrently access the single read-only volume from pods on the same node" classname="Kubernetes e2e suite" status="skipped" time="0">
              <skipped message="skipped"></skipped>
          </testcase>
          <testcase name="[It] [sig-storage] In-tree Volumes [Driver: local] [LocalVolumeType: dir-link-bindmounted] [Testpattern: Generic Ephemeral-volume (default fs) (late-binding)] ephemeral should support multiple inline ephemeral volumes" classname="Kubernetes e2e suite" status="skipped" time="0">
              <skipped message="skipped"></skipped>
          </testcase>
          <testcase name="[It] [sig-storage] In-tree Volumes [Driver: iscsi] [Feature:Volumes] [Testpattern: Generic Ephemeral-volume (block volmode) (late-binding)] ephemeral should support multiple inline ephemeral volumes" classname="Kubernetes e2e suite" status="skipped" time="0">
              <skipped message="skipped"></skipped>
          </testcase>
          <testcase name="[It] [sig-storage] PersistentVolumes NFS with Single PV - PVC pairs create a PV and a pre-bound PVC: test phase transition timestamp multiple updates" classname="Kubernetes e2e suite" status="skipped" time="0">
              <skipped message="skipped"></skipped>
          </testcase>
          <testcase name="[It] [sig-storage] In-tree Volumes [Driver: local] [LocalVolumeType: dir-bindmounted] [Testpattern: Pre-provisioned PV (default fs)] subPath should support restarting containers using directory as subpath [Slow]" classname="Kubernetes e2e suite" status="skipped" time="0">
              <skipped message="skipped"></skipped>
          </testcase>
          <testcase name="[It] [sig-storage] ConfigMap Should fail non-optional pod creation due to configMap object does not exist [Slow]" classname="Kubernetes e2e suite" status="skipped" time="0">
              <skipped message="skipped"></skipped>
          </testcase>
          <testcase name="[It] [sig-storage] In-tree Volumes [Driver: local] [LocalVolumeType: dir-link-bindmounted] [Testpattern: Dynamic PV (block volmode)] multiVolume [Slow] should concurrently access the volume and restored snapshot from pods on the same node [LinuxOnly] [Feature:VolumeSnapshotDataSource] [Feature:VolumeSourceXFS]" classname="Kubernetes e2e suite" status="skipped" time="0">
              <skipped message="skipped"></skipped>
          </testcase>
          <testcase name="[It] [sig-storage] CSI Mock volume fsgroup policies CSI FSGroupPolicy Update [LinuxOnly] should update fsGroup if update from None to File" classname="Kubernetes e2e suite" status="skipped" time="0">
              <skipped message="skipped"></skipped>
          </testcase>
          <testcase name="[It] [sig-api-machinery] ResourceQuota [Feature:PodPriority] should verify ResourceQuota&#39;s priority class scope (quota set to pod count: 1) against a pod with different priority class (ScopeSelectorOpExists)." classname="Kubernetes e2e suite" status="skipped" time="0">
              <skipped message="skipped"></skipped>
          </testcase>
          <testcase name="[It] [sig-storage] CSI Mock volume service account token CSIServiceAccountToken token should not be plumbed down when csiServiceAccountTokenEnabled=false" classname="Kubernetes e2e suite" status="skipped" time="0">
              <skipped message="skipped"></skipped>
          </testcase>
          <testcase name="[It] [sig-node] PreStop should call prestop when killing a pod [Conformance]" classname="Kubernetes e2e suite" status="passed" time="17.108404543"></testcase>
          <testcase name="[It] [sig-storage] Dynamic Provisioning DynamicProvisioner [Slow] [Feature:StorageProvider] should provision storage with different parameters" classname="Kubernetes e2e suite" status="skipped" time="0">
              <skipped message="skipped"></skipped>
          </testcase>
          <testcase name="[It] [sig-storage] In-tree Volumes [Driver: azure-disk] [Testpattern: Dynamic PV (block volmode)(allowExpansion)] volume-expand Verify if offline PVC expansion works" classname="Kubernetes e2e suite" status="skipped" time="0">
              <skipped message="skipped"></skipped>
          </testcase>
          <testcase name="[It] [sig-storage] In-tree Volumes [Driver: azure-file] [Testpattern: Pre-provisioned PV (xfs)] [Slow] volumes should allow exec of files on the volume" classname="Kubernetes e2e suite" status="skipped" time="0">
              <skipped message="skipped"></skipped>
          </testcase>
          <testcase name="[It] [sig-storage] In-tree Volumes [Driver: local] [LocalVolumeType: gce-localssd-scsi-fs] [Serial] [Testpattern: Pre-provisioned PV (default fs)] subPath should be able to unmount after the subpath directory is deleted [LinuxOnly]" classname="Kubernetes e2e suite" status="skipped" time="0">
              <skipped message="skipped"></skipped>
          </testcase>
          <testcase name="[It] [sig-storage] In-tree Volumes [Driver: nfs] [Testpattern: Pre-provisioned PV (filesystem volmode)] disruptive [Disruptive] [LinuxOnly] Should test that pv used in a pod that is force deleted while the kubelet is down is usable by a new pod with a different SELinux context when kubelet returns [Feature:SELinux]" classname="Kubernetes e2e suite" status="skipped" time="0">
              <skipped message="skipped"></skipped>
          </testcase>
          <testcase name="[It] [sig-storage] In-tree Volumes [Driver: nfs] [Testpattern: Dynamic PV (block volmode)] multiVolume [Slow] should concurrently access the single volume from pods on the same node" classname="Kubernetes e2e suite" status="skipped" time="0">
              <skipped message="skipped"></skipped>
          </testcase>
          <testcase name="[It] [sig-auth] SelfSubjectReview testing SSR in different API groups authentication/v1beta1" classname="Kubernetes e2e suite" status="skipped" time="0">
              <skipped message="skipped"></skipped>
          </testcase>
          <testcase name="[It] [sig-storage] In-tree Volumes [Driver: nfs] [Testpattern: Dynamic PV (default fs)] subPath should support existing single file [LinuxOnly]" classname="Kubernetes e2e suite" status="skipped" time="0">
              <skipped message="skipped"></skipped>
          </testcase>
          <testcase name="[It] [sig-storage] In-tree Volumes [Driver: azure-file] [Testpattern: Inline-volume (default fs)] subPath should support creating multiple subpath from same volumes [Slow]" classname="Kubernetes e2e suite" status="skipped" time="0">
              <skipped message="skipped"></skipped>
          </testcase>
          <testcase name="[It] [sig-storage] In-tree Volumes [Driver: local] [LocalVolumeType: gce-localssd-scsi-fs] [Serial] [Testpattern: Dynamic PV (ntfs)] [Feature:Windows] subPath should support restarting containers using file as subpath [Slow] [LinuxOnly]" classname="Kubernetes e2e suite" status="skipped" time="0">
              <skipped message="skipped"></skipped>
          </testcase>
          <testcase name="[It] [sig-storage] PersistentVolumes NFS with Single PV - PVC pairs should create a non-pre-bound PV and PVC: test write access" classname="Kubernetes e2e suite" status="skipped" time="0">
              <skipped message="skipped"></skipped>
          </testcase>
          <testcase name="[It] [sig-storage] In-tree Volumes [Driver: local] [LocalVolumeType: dir-link-bindmounted] [Testpattern: Dynamic PV (block volmode)] provisioning should provision storage with pvc data source" classname="Kubernetes e2e suite" status="skipped" time="0">
              <skipped message="skipped"></skipped>
          </testcase>
          <testcase name="[It] [sig-storage] CSI Volumes [Driver: csi-hostpath] [Testpattern: Pre-provisioned PV (block volmode)] multiVolume [Slow] should access to two volumes with different volume mode and retain data across pod recreation on different node" classname="Kubernetes e2e suite" status="skipped" time="0">
              <skipped message="skipped"></skipped>
          </testcase>
          <testcase name="[It] [sig-storage] In-tree Volumes [Driver: cinder] [Testpattern: Dynamic PV (block volmode)] provisioning should provision storage with any volume data source [Serial]" classname="Kubernetes e2e suite" status="skipped" time="0">
              <skipped message="skipped"></skipped>
          </testcase>
          <testcase name="[It] [sig-storage] In-tree Volumes [Driver: hostPathSymlink] [Testpattern: Pre-provisioned PV (default fs)] subPath should be able to unmount after the subpath directory is deleted [LinuxOnly]" classname="Kubernetes e2e suite" status="skipped" time="0">
              <skipped message="skipped"></skipped>
          </testcase>
          <testcase name="[It] [sig-storage] In-tree Volumes [Driver: local] [LocalVolumeType: tmpfs] [Testpattern: Dynamic PV (filesystem volmode)] disruptive [Disruptive] [LinuxOnly] Should test that pv written before kubelet restart is readable after restart." classname="Kubernetes e2e suite" status="skipped" time="0">
              <skipped message="skipped"></skipped>
          </testcase>
          <testcase name="[It] [sig-api-machinery] AdmissionWebhook [Privileged:ClusterAdmin] listing validating webhooks should work [Conformance]" classname="Kubernetes e2e suite" status="passed" time="3.5278918839999998"></testcase>
          <testcase name="[It] [sig-storage] In-tree Volumes [Driver: local] [LocalVolumeType: blockfs] [Testpattern: Inline-volume (default fs)] subPath should verify container cannot write to subpath readonly volumes [Slow]" classname="Kubernetes e2e suite" status="skipped" time="0">
              <skipped message="skipped"></skipped>
          </testcase>
          <testcase name="[It] [sig-network] Netpol NetworkPolicy between server and client should enforce policy based on Ports [Feature:NetworkPolicy]" classname="Kubernetes e2e suite" status="skipped" time="0">
              <skipped message="skipped"></skipped>
          </testcase>
          <testcase name="[It] [sig-storage] In-tree Volumes [Driver: emptydir] [Testpattern: Dynamic PV (ext4)] volumes should store data" classname="Kubernetes e2e suite" status="skipped" time="0">
              <skipped message="skipped"></skipped>
          </testcase>
          <testcase name="[It] [sig-storage] In-tree Volumes [Driver: hostPath] [Testpattern: Inline-volume (default fs)] subPath should unmount if pod is gracefully deleted while kubelet is down [Disruptive] [Slow] [LinuxOnly]" classname="Kubernetes e2e suite" status="skipped" time="0">
              <skipped message="skipped"></skipped>
          </testcase>
          <testcase name="[It] [sig-storage] In-tree Volumes [Driver: nfs] [Testpattern: Dynamic PV (block volmode)] provisioning should provision storage with snapshot data source [Feature:VolumeSnapshotDataSource]" classname="Kubernetes e2e suite" status="skipped" time="0">
              <skipped message="skipped"></skipped>
          </testcase>
          <testcase name="[It] [sig-storage] In-tree Volumes [Driver: local] [LocalVolumeType: blockfs] [Testpattern: Dynamic PV (filesystem volmode)] disruptive [Disruptive] [LinuxOnly] Should test that pv used in a pod that is force deleted while the kubelet is down is usable by a new pod with a different SELinux context when kubelet returns [Feature:SELinux]" classname="Kubernetes e2e suite" status="skipped" time="0">
              <skipped message="skipped"></skipped>
          </testcase>
          <testcase name="[It] [sig-api-machinery] CustomResourceValidationRules [Privileged:ClusterAdmin] MUST fail create of a custom resource that exceeds the runtime cost limit for x-kubernetes-validations rule execution" classname="Kubernetes e2e suite" status="skipped" time="0">
              <skipped message="skipped"></skipped>
          </testcase>
          <testcase name="[It] [sig-storage] Dynamic Provisioning DynamicProvisioner Default should be disabled by removing the default annotation [Serial] [Disruptive]" classname="Kubernetes e2e suite" status="skipped" time="0">
              <skipped message="skipped"></skipped>
          </testcase>
          <testcase name="[It] [sig-node] Pod InPlace Resize Container [FeatureGate:InPlacePodVerticalScaling] [Beta] Burstable QoS pod, one container with cpu &amp; memory requests + limits - decrease memory requests and increase CPU limits" classname="Kubernetes e2e suite" status="skipped" time="0">
              <skipped message="skipped"></skipped>
          </testcase>
          <testcase name="[It] [sig-storage] In-tree Volumes [Driver: emptydir] [Testpattern: Dynamic PV (ext4)] multiVolume [Slow] should access to two volumes with the same volume mode and retain data across pod recreation on different node" classname="Kubernetes e2e suite" status="skipped" time="0">
              <skipped message="skipped"></skipped>
          </testcase>
          <testcase name="[It] [sig-storage] CSI Mock volume node stage CSI NodeStage error cases [Slow] should call NodeUnstage after NodeStage ephemeral error" classname="Kubernetes e2e suite" status="skipped" time="0">
              <skipped message="skipped"></skipped>
          </testcase>
          <testcase name="[It] [sig-storage] In-tree Volumes [Driver: hostPath] [Testpattern: Dynamic PV (ntfs)] [Feature:Windows] subPath should verify container cannot write to subpath readonly volumes [Slow]" classname="Kubernetes e2e suite" status="skipped" time="0">
              <skipped message="skipped"></skipped>
          </testcase>
          <testcase name="[It] [sig-storage] PersistentVolumes-local [Volume type: gce-localssd-scsi-fs] [Serial] Two pods mounting a local volume one after the other should be able to write from pod1 and read from pod2" classname="Kubernetes e2e suite" status="skipped" time="0">
              <skipped message="skipped"></skipped>
          </testcase>
          <testcase name="[It] [sig-storage] In-tree Volumes [Driver: cinder] [Testpattern: Dynamic PV (default fs)] fsgroupchangepolicy (OnRootMismatch)[LinuxOnly], pod created with an initial fsgroup, volume contents ownership changed via chgrp in first pod, new pod with same fsgroup skips ownership changes to the volume contents" classname="Kubernetes e2e suite" status="skipped" time="0">
              <skipped message="skipped"></skipped>
          </testcase>
          <testcase name="[It] [sig-storage] In-tree Volumes [Driver: azure-disk] [Testpattern: Dynamic PV (ext4)] multiVolume [Slow] should concurrently access the single read-only volume from pods on the same node" classname="Kubernetes e2e suite" status="skipped" time="0">
              <skipped message="skipped"></skipped>
          </testcase>
          <testcase name="[It] [sig-storage] In-tree Volumes [Driver: local] [LocalVolumeType: tmpfs] [Testpattern: Inline-volume (default fs)] subPath should unmount if pod is force deleted while kubelet is down [Disruptive] [Slow] [LinuxOnly]" classname="Kubernetes e2e suite" status="skipped" time="0">
              <skipped message="skipped"></skipped>
          </testcase>
          <testcase name="[It] [sig-cloud-provider-gcp] Ports Security Check [Feature:KubeletSecurity] should not be able to proxy to the readonly kubelet port 10255 using proxy subresource" classname="Kubernetes e2e suite" status="skipped" time="0">
              <skipped message="skipped"></skipped>
          </testcase>
          <testcase name="[It] [sig-storage] In-tree Volumes [Driver: local] [LocalVolumeType: block] [Testpattern: Dynamic PV (ntfs)] [Feature:Windows] subPath should verify container cannot write to subpath readonly volumes [Slow]" classname="Kubernetes e2e suite" status="skipped" time="0">
              <skipped message="skipped"></skipped>
          </testcase>
          <testcase name="[It] [sig-storage] In-tree Volumes [Driver: local] [LocalVolumeType: dir-bindmounted] [Testpattern: Dynamic PV (xfs)] [Slow] volumes should store data" classname="Kubernetes e2e suite" status="skipped" time="0">
              <skipped message="skipped"></skipped>
          </testcase>
          <testcase name="[It] [sig-storage] CSI Mock workload info CSI workload information using mock driver should not be passed when CSIDriver does not exist" classname="Kubernetes e2e suite" status="skipped" time="0">
              <skipped message="skipped"></skipped>
          </testcase>
          <testcase name="[It] [sig-storage] CSI Mock volume attach CSI attach test using mock driver should preserve attachment policy when no CSIDriver present" classname="Kubernetes e2e suite" status="skipped" time="0">
              <skipped message="skipped"></skipped>
          </testcase>
          <testcase name="[It] [sig-storage] In-tree Volumes [Driver: local] [LocalVolumeType: dir-link] [Testpattern: Dynamic PV (default fs)] provisioning should provision correct filesystem size when restoring snapshot to larger size pvc [Feature:VolumeSnapshotDataSource]" classname="Kubernetes e2e suite" status="skipped" time="0">
              <skipped message="skipped"></skipped>
          </testcase>
          <testcase name="[It] [sig-storage] In-tree Volumes [Driver: local] [LocalVolumeType: gce-localssd-scsi-fs] [Serial] [Testpattern: Dynamic PV (block volmode)] provisioning should provision storage with mount options" classname="Kubernetes e2e suite" status="skipped" time="0">
              <skipped message="skipped"></skipped>
          </testcase>
          <testcase name="[It] [sig-apps] Job should manage the lifecycle of a job [Conformance]" classname="Kubernetes e2e suite" status="passed" time="8.090106582"></testcase>
          <testcase name="[It] [sig-storage] In-tree Volumes [Driver: local] [LocalVolumeType: dir-bindmounted] [Testpattern: Pre-provisioned PV (block volmode)] volumeMode should fail to use a volume in a pod with mismatched mode [Slow]" classname="Kubernetes e2e suite" status="skipped" time="0">
              <skipped message="skipped"></skipped>
          </testcase>
          <testcase name="[It] [sig-storage] In-tree Volumes [Driver: local] [LocalVolumeType: tmpfs] [Testpattern: Dynamic PV (default fs)] fsgroupchangepolicy (OnRootMismatch)[LinuxOnly], pod created with an initial fsgroup, new pod fsgroup applied to volume contents" classname="Kubernetes e2e suite" status="skipped" time="0">
              <skipped message="skipped"></skipped>
          </testcase>
          <testcase name="[It] [sig-storage] In-tree Volumes [Driver: azure-file] [Testpattern: Dynamic PV (ntfs)] [Feature:Windows] subPath should support existing directories when readOnly specified in the volumeSource" classname="Kubernetes e2e suite" status="skipped" time="0">
              <skipped message="skipped"></skipped>
          </testcase>
          <testcase name="[It] [sig-storage] In-tree Volumes [Driver: emptydir] [Testpattern: Pre-provisioned PV (block volmode)] volumes should store data" classname="Kubernetes e2e suite" status="skipped" time="0">
              <skipped message="skipped"></skipped>
          </testcase>
          <testcase name="[It] [sig-storage] In-tree Volumes [Driver: local] [LocalVolumeType: block] [Testpattern: Pre-provisioned PV (block volmode)] multiVolume [Slow] should concurrently access the volume and its clone from pods on the same node [LinuxOnly] [Feature:VolumeSourceXFS]" classname="Kubernetes e2e suite" status="skipped" time="0">
              <skipped message="skipped"></skipped>
          </testcase>
          <testcase name="[It] [sig-network] Traffic Distribution should route traffic to an endpoint in the same zone when using PreferSameZone [FeatureGate:PreferSameTrafficDistribution] [Alpha] [Feature:OffByDefault]" classname="Kubernetes e2e suite" status="skipped" time="0">
              <skipped message="skipped"></skipped>
          </testcase>
          <testcase name="[It] [sig-storage] In-tree Volumes [Driver: hostPath] [Testpattern: Dynamic PV (block volmode)] provisioning should mount multiple PV pointing to the same storage on the same node" classname="Kubernetes e2e suite" status="skipped" time="0">
              <skipped message="skipped"></skipped>
          </testcase>
          <testcase name="[It] [sig-storage] In-tree Volumes [Driver: iscsi] [Feature:Volumes] [Testpattern: Dynamic PV (ntfs)(allowExpansion)] [Feature:Windows] volume-expand Verify if offline PVC expansion works" classname="Kubernetes e2e suite" status="skipped" time="0">
              <skipped message="skipped"></skipped>
          </testcase>
          <testcase name="[It] [sig-api-machinery] Server request timeout the request should be served with a default timeout if the specified timeout in the request URL exceeds maximum allowed" classname="Kubernetes e2e suite" status="skipped" time="0">
              <skipped message="skipped"></skipped>
          </testcase>
          <testcase name="[It] [sig-storage] In-tree Volumes [Driver: vsphere] [Testpattern: Dynamic PV (ntfs)] [Feature:Windows] provisioning should provision storage with pvc data source" classname="Kubernetes e2e suite" status="skipped" time="0">
              <skipped message="skipped"></skipped>
          </testcase>
          <testcase name="[It] [sig-storage] In-tree Volumes [Driver: local] [LocalVolumeType: dir-link-bindmounted] [Testpattern: Dynamic PV (filesystem volmode)] disruptive [Disruptive] [LinuxOnly] Should test that pv used in a pod that is force deleted while the kubelet is down is usable by a new pod with a different SELinux context when kubelet returns [Feature:SELinux]" classname="Kubernetes e2e suite" status="skipped" time="0">
              <skipped message="skipped"></skipped>
          </testcase>
          <testcase name="[It] [sig-storage] In-tree Volumes [Driver: azure-file] [Testpattern: Dynamic PV (default fs)] fsgroupchangepolicy (Always)[LinuxOnly], rwop pod created with an initial fsgroup, new pod fsgroup applied to volume contents" classname="Kubernetes e2e suite" status="skipped" time="0">
              <skipped message="skipped"></skipped>
          </testcase>
          <testcase name="[It] [sig-storage] In-tree Volumes [Driver: local] [LocalVolumeType: block] [Testpattern:  (delete policy)] volumegroupsnapshottable [Feature:volumegroupsnapshot] VolumeGroupSnapshottable  should create snapshots for multiple volumes in a pod" classname="Kubernetes e2e suite" status="skipped" time="0">
              <skipped message="skipped"></skipped>
          </testcase>
          <testcase name="[It] [sig-storage] PersistentVolumes-local [Volume type: blockfswithformat] One pod requesting one prebound PVC should be able to mount volume and write from pod1" classname="Kubernetes e2e suite" status="skipped" time="0">
              <skipped message="skipped"></skipped>
          </testcase>
          <testcase name="[It] [sig-storage] StorageClasses CSI Conformance should run through the lifecycle of a StorageClass [Conformance]" classname="Kubernetes e2e suite" status="passed" time="0.100578522"></testcase>
          <testcase name="[It] [sig-storage] In-tree Volumes [Driver: cinder] [Testpattern: Inline-volume (default fs)] subPath should support non-existent path" classname="Kubernetes e2e suite" status="skipped" time="0">
              <skipped message="skipped"></skipped>
          </testcase>
          <testcase name="[It] [sig-node] NoExecuteTaintManager Multiple Pods [Serial] evicts pods with minTolerationSeconds [Disruptive] [Conformance]" classname="Kubernetes e2e suite" status="passed" time="88.392131785"></testcase>
          <testcase name="[It] [sig-storage] CSI Volumes [Driver: pd.csi.storage.gke.io] [Serial] [Testpattern: Dynamic PV (filesystem volmode)] multiVolume [Slow] should concurrently access the single read-only volume from pods on the same node" classname="Kubernetes e2e suite" status="skipped" time="0">
              <skipped message="skipped"></skipped>
          </testcase>
          <testcase name="[It] [sig-storage] In-tree Volumes [Driver: local] [LocalVolumeType: dir-link-bindmounted] [Testpattern: Dynamic PV (block volmode)] disruptive [Disruptive] [LinuxOnly] Should test that pv used in a pod that is deleted while the kubelet is down cleans up when the kubelet returns." classname="Kubernetes e2e suite" status="skipped" time="0">
              <skipped message="skipped"></skipped>
          </testcase>
          <testcase name="[It] [sig-storage] In-tree Volumes [Driver: cinder] [Testpattern: Pre-provisioned PV (block volmode)] disruptive [Disruptive] [LinuxOnly] Should test that pv used in a pod that is force deleted while the kubelet is down cleans up when the kubelet returns." classname="Kubernetes e2e suite" status="skipped" time="0">
              <skipped message="skipped"></skipped>
          </testcase>
          <testcase name="[It] [sig-apps] StatefulSet Basic StatefulSet functionality [StatefulSetBasic] Scaling should happen in predictable order and halt if any stateful pod is unhealthy [Slow] [Conformance]" classname="Kubernetes e2e suite" status="passed" time="241.230782058"></testcase>
          <testcase name="[It] [sig-storage] In-tree Volumes [Driver: cinder] [Testpattern: Dynamic PV (ntfs)(allowExpansion)] [Feature:Windows] volume-expand Verify if offline PVC expansion works" classname="Kubernetes e2e suite" status="skipped" time="0">
              <skipped message="skipped"></skipped>
          </testcase>
          <testcase name="[It] [sig-storage] Projected downwardAPI should provide podname as non-root with fsgroup and defaultMode [LinuxOnly]" classname="Kubernetes e2e suite" status="skipped" time="0">
              <skipped message="skipped"></skipped>
          </testcase>
          <testcase name="[It] [sig-storage] In-tree Volumes [Driver: local] [LocalVolumeType: blockfs] [Testpattern: Dynamic PV (default fs)] provisioning should provision storage with pvc data source (ROX mode)" classname="Kubernetes e2e suite" status="skipped" time="0">
              <skipped message="skipped"></skipped>
          </testcase>
          <testcase name="[It] [sig-cli] Kubectl client Simple pod Kubectl run running a failing command" classname="Kubernetes e2e suite" status="skipped" time="0">
              <skipped message="skipped"></skipped>
          </testcase>
          <testcase name="[It] [sig-node] ConfigMap should be consumable as environment variable names when configmap keys start with a digit [Feature:RelaxedEnvironmentVariableValidation]" classname="Kubernetes e2e suite" status="skipped" time="0">
              <skipped message="skipped"></skipped>
          </testcase>
          <testcase name="[It] [sig-storage] In-tree Volumes [Driver: local] [LocalVolumeType: dir-bindmounted] [Testpattern: Generic Ephemeral-volume (default fs) (late-binding)] ephemeral should create read/write inline ephemeral volume" classname="Kubernetes e2e suite" status="skipped" time="0">
              <skipped message="skipped"></skipped>
          </testcase>
          <testcase name="[It] [sig-storage] In-tree Volumes [Driver: nfs] [Testpattern: Dynamic PV (filesystem volmode)] multiVolume [Slow] should access to two volumes with the same volume mode and retain data across pod recreation on the same node" classname="Kubernetes e2e suite" status="skipped" time="0">
              <skipped message="skipped"></skipped>
          </testcase>
          <testcase name="[It] [sig-storage] Projected configMap optional updates should be reflected in volume [NodeConformance] [Conformance]" classname="Kubernetes e2e suite" status="passed" time="6.219089528"></testcase>
          <testcase name="[It] [sig-storage] In-tree Volumes [Driver: local] [LocalVolumeType: dir] [Testpattern: Dynamic PV (filesystem volmode)] disruptive [Disruptive] [LinuxOnly] Should test that pv used in a pod that is deleted while the kubelet is down is usable by a new pod with a different SELinux context when kubelet returns [Feature:SELinux]" classname="Kubernetes e2e suite" status="skipped" time="0">
              <skipped message="skipped"></skipped>
          </testcase>
          <testcase name="[It] [sig-api-machinery] AdmissionWebhook [Privileged:ClusterAdmin] should mutate custom resource with different stored version [Conformance]" classname="Kubernetes e2e suite" status="passed" time="6.49296525"></testcase>
          <testcase name="[It] [sig-storage] In-tree Volumes [Driver: cinder] [Testpattern: Dynamic PV (filesystem volmode)] multiVolume [Slow] should access to two volumes with the same volume mode and retain data across pod recreation on different node" classname="Kubernetes e2e suite" status="skipped" time="0">
              <skipped message="skipped"></skipped>
          </testcase>
          <testcase name="[It] [sig-storage] In-tree Volumes [Driver: cinder] [Testpattern: Dynamic PV (filesystem volmode)] volumeLimits should support volume limits [Serial]" classname="Kubernetes e2e suite" status="skipped" time="0">
              <skipped message="skipped"></skipped>
          </testcase>
          <testcase name="[It] [sig-storage] In-tree Volumes [Driver: nfs] [Testpattern: Dynamic PV (xfs)] [Slow] multiVolume [Slow] should access to two volumes with the same volume mode and retain data across pod recreation on the same node" classname="Kubernetes e2e suite" status="skipped" time="0">
              <skipped message="skipped"></skipped>
          </testcase>
          <testcase name="[It] [sig-storage] In-tree Volumes [Driver: iscsi] [Feature:Volumes] [Testpattern: Dynamic PV (block volmode)] multiVolume [Slow] should concurrently access the volume and restored snapshot from pods on the same node [LinuxOnly] [Feature:VolumeSnapshotDataSource] [Feature:VolumeSourceXFS]" classname="Kubernetes e2e suite" status="skipped" time="0">
              <skipped message="skipped"></skipped>
          </testcase>
          <testcase name="[It] [sig-storage] In-tree Volumes [Driver: local] [LocalVolumeType: block] [Testpattern: Pre-provisioned PV (block volmode)] disruptive [Disruptive] [LinuxOnly] Should test that pv used in a pod that is deleted while the kubelet is down cleans up when the kubelet returns." classname="Kubernetes e2e suite" status="skipped" time="0">
              <skipped message="skipped"></skipped>
          </testcase>
          <testcase name="[It] [sig-storage] In-tree Volumes [Driver: cinder] [Testpattern: Dynamic PV (block volmode)] volume-expand should not allow expansion of pvcs without AllowVolumeExpansion property" classname="Kubernetes e2e suite" status="skipped" time="0">
              <skipped message="skipped"></skipped>
          </testcase>
          <testcase name="[It] [sig-storage] In-tree Volumes [Driver: azure-file] [Testpattern: Dynamic PV (ext4)] volumes should allow exec of files on the volume" classname="Kubernetes e2e suite" status="skipped" time="0">
              <skipped message="skipped"></skipped>
          </testcase>
          <testcase name="[It] [sig-storage] In-tree Volumes [Driver: nfs] [Testpattern: Dynamic PV (block volmode)] volumeMode should not mount / map unused volumes in a pod [LinuxOnly]" classname="Kubernetes e2e suite" status="skipped" time="0">
              <skipped message="skipped"></skipped>
          </testcase>
          <testcase name="[It] [sig-storage] In-tree Volumes [Driver: vsphere] [Testpattern: Dynamic PV (block volmode)(allowExpansion)] volume-expand should resize volume when PVC is edited while pod is using it" classname="Kubernetes e2e suite" status="skipped" time="0">
              <skipped message="skipped"></skipped>
          </testcase>
          <testcase name="[It] [sig-storage] In-tree Volumes [Driver: vsphere] [Testpattern: Dynamic PV (default fs)] provisioning should provision storage with mount options" classname="Kubernetes e2e suite" status="skipped" time="0">
              <skipped message="skipped"></skipped>
          </testcase>
          <testcase name="[It] [sig-storage] In-tree Volumes [Driver: azure-file] [Testpattern: Pre-provisioned PV (filesystem volmode)] disruptive [Disruptive] [LinuxOnly] Should test that pv used in a pod that is deleted while the kubelet is down is usable by a new pod with a different SELinux context when kubelet returns [Feature:SELinux]" classname="Kubernetes e2e suite" status="skipped" time="0">
              <skipped message="skipped"></skipped>
          </testcase>
          <testcase name="[It] [sig-storage] In-tree Volumes [Driver: azure-file] [Testpattern: Pre-provisioned PV (default fs)] subPath should be able to unmount after the subpath directory is deleted [LinuxOnly]" classname="Kubernetes e2e suite" status="skipped" time="0">
              <skipped message="skipped"></skipped>
          </testcase>
          <testcase name="[It] [sig-storage] In-tree Volumes [Driver: nfs] [Testpattern: Pre-provisioned PV (block volmode)] multiVolume [Slow] should concurrently access the volume and its clone from pods on the same node [LinuxOnly] [Feature:VolumeSourceXFS]" classname="Kubernetes e2e suite" status="skipped" time="0">
              <skipped message="skipped"></skipped>
          </testcase>
          <testcase name="[It] [sig-node] DRA [Feature:DynamicResourceAllocation] [FeatureGate:DynamicResourceAllocation] [Beta] [Feature:OffByDefault] on single node supports external claim referenced by multiple pods" classname="Kubernetes e2e suite" status="skipped" time="0">
              <skipped message="skipped"></skipped>
          </testcase>
          <testcase name="[It] [sig-storage] In-tree Volumes [Driver: local] [LocalVolumeType: block] [Testpattern: Dynamic PV (default fs)(allowExpansion)] volume-expand should resize volume when PVC is edited while pod is using it" classname="Kubernetes e2e suite" status="skipped" time="0">
              <skipped message="skipped"></skipped>
          </testcase>
          <testcase name="[It] [sig-storage] In-tree Volumes [Driver: local] [LocalVolumeType: tmpfs] [Testpattern: Dynamic PV (xfs)] [Slow] multiVolume [Slow] should access to two volumes with the same volume mode and retain data across pod recreation on the same node" classname="Kubernetes e2e suite" status="skipped" time="0">
              <skipped message="skipped"></skipped>
          </testcase>
          <testcase name="[It] [sig-storage] In-tree Volumes [Driver: nfs] [Testpattern: Dynamic PV (ntfs)] [Feature:Windows] subPath should be able to unmount after the subpath directory is deleted [LinuxOnly]" classname="Kubernetes e2e suite" status="skipped" time="0">
              <skipped message="skipped"></skipped>
          </testcase>
          <testcase name="[It] [sig-storage] PersistentVolumes-local [Volume type: dir-link-bindmounted] Two pods mounting a local volume one after the other should be able to write from pod1 and read from pod2" classname="Kubernetes e2e suite" status="skipped" time="0">
              <skipped message="skipped"></skipped>
          </testcase>
          <testcase name="[It] [sig-storage] In-tree Volumes [Driver: local] [LocalVolumeType: blockfs] [Testpattern: Dynamic PV (xfs)] [Slow] multiVolume [Slow] should access to two volumes with the same volume mode and retain data across pod recreation on different node" classname="Kubernetes e2e suite" status="skipped" time="0">
              <skipped message="skipped"></skipped>
          </testcase>
          <testcase name="[It] [sig-node] Pod InPlace Resize Container [FeatureGate:InPlacePodVerticalScaling] [Beta] pod-resize-resource-quota-test" classname="Kubernetes e2e suite" status="skipped" time="0">
              <skipped message="skipped"></skipped>
          </testcase>
          <testcase name="[It] [sig-storage] In-tree Volumes [Driver: emptydir] [Testpattern: Pre-provisioned PV (filesystem volmode)] disruptive [Disruptive] [LinuxOnly] Should test that pv used in a pod that is deleted while the kubelet is down is usable by a new pod with a different SELinux context when kubelet returns [Feature:SELinux]" classname="Kubernetes e2e suite" status="skipped" time="0">
              <skipped message="skipped"></skipped>
          </testcase>
          <testcase name="[It] [sig-storage] In-tree Volumes [Driver: hostPathSymlink] [Testpattern: Dynamic PV (block volmode)] provisioning should provision correct filesystem size when restoring snapshot to larger size pvc [Feature:VolumeSnapshotDataSource]" classname="Kubernetes e2e suite" status="skipped" time="0">
              <skipped message="skipped"></skipped>
          </testcase>
          <testcase name="[It] [sig-scheduling] SchedulerPreemption [Serial] PreemptionExecutionPath runs ReplicaSets to verify preemption running path [Conformance]" classname="Kubernetes e2e suite" status="passed" time="77.343529008"></testcase>
          <testcase name="[It] [sig-storage] CSI Volumes [Driver: pd.csi.storage.gke.io] [Serial] [Testpattern: Dynamic PV (filesystem volmode)] multiVolume [Slow] should access to two volumes with different volume mode and retain data across pod recreation on different node" classname="Kubernetes e2e suite" status="skipped" time="0">
              <skipped message="skipped"></skipped>
          </testcase>
          <testcase name="[It] [sig-storage] In-tree Volumes [Driver: local] [LocalVolumeType: gce-localssd-scsi-fs] [Serial] [Testpattern: Pre-provisioned PV (filesystem volmode)] volumeMode should not mount / map unused volumes in a pod [LinuxOnly]" classname="Kubernetes e2e suite" status="skipped" time="0">
              <skipped message="skipped"></skipped>
          </testcase>
          <testcase name="[It] [sig-storage] CSI Volumes [Driver: pd.csi.storage.gke.io] [Serial] [Testpattern: Pre-provisioned PV (default fs)] volumes should allow exec of files on the volume" classname="Kubernetes e2e suite" status="skipped" time="0">
              <skipped message="skipped"></skipped>
          </testcase>
          <testcase name="[It] [sig-storage] In-tree Volumes [Driver: local] [LocalVolumeType: gce-localssd-scsi-fs] [Serial] [Testpattern: Dynamic PV (ext4)] multiVolume [Slow] should access to two volumes with the same volume mode and retain data across pod recreation on different node" classname="Kubernetes e2e suite" status="skipped" time="0">
              <skipped message="skipped"></skipped>
          </testcase>
          <testcase name="[It] [sig-storage] In-tree Volumes [Driver: hostPathSymlink] [Testpattern: Dynamic PV (block volmode)] provisioning should provision storage with snapshot data source [Feature:VolumeSnapshotDataSource]" classname="Kubernetes e2e suite" status="skipped" time="0">
              <skipped message="skipped"></skipped>
          </testcase>
          <testcase name="[It] [sig-storage] In-tree Volumes [Driver: local] [LocalVolumeType: block] [Testpattern: Dynamic PV (block volmode)] provisioning should provision storage with mount options" classname="Kubernetes e2e suite" status="skipped" time="0">
              <skipped message="skipped"></skipped>
          </testcase>
          <testcase name="[It] [sig-storage] In-tree Volumes [Driver: local] [LocalVolumeType: dir] [Testpattern: Inline-volume (default fs)] subPath should support existing single file [LinuxOnly]" classname="Kubernetes e2e suite" status="skipped" time="0">
              <skipped message="skipped"></skipped>
          </testcase>
          <testcase name="[It] [sig-node] [Feature:SidecarContainers] Probing restartable init container should be restarted startup probe fails" classname="Kubernetes e2e suite" status="skipped" time="0">
              <skipped message="skipped"></skipped>
          </testcase>
          <testcase name="[It] [sig-storage] In-tree Volumes [Driver: hostPath] [Testpattern: Dynamic PV (ntfs)] [Feature:Windows] multiVolume [Slow] should concurrently access the volume and its clone from pods on the same node [LinuxOnly] [Feature:VolumeSourceXFS]" classname="Kubernetes e2e suite" status="skipped" time="0">
              <skipped message="skipped"></skipped>
          </testcase>
          <testcase name="[It] [sig-storage] In-tree Volumes [Driver: local] [LocalVolumeType: gce-localssd-scsi-fs] [Serial] [Testpattern: Pre-provisioned PV (filesystem volmode)] multiVolume [Slow] should access to two volumes with the same volume mode and retain data across pod recreation on different node" classname="Kubernetes e2e suite" status="skipped" time="0">
              <skipped message="skipped"></skipped>
          </testcase>
          <testcase name="[It] [sig-storage] In-tree Volumes [Driver: nfs] [Testpattern: Dynamic PV (default fs)] volume-stress multiple pods should access different volumes repeatedly [Slow] [Serial]" classname="Kubernetes e2e suite" status="skipped" time="0">
              <skipped message="skipped"></skipped>
          </testcase>
          <testcase name="[It] [sig-storage] In-tree Volumes [Driver: local] [LocalVolumeType: blockfs] [Testpattern: Dynamic PV (block volmode)] multiVolume [Slow] should concurrently access the single volume from pods on the same node" classname="Kubernetes e2e suite" status="skipped" time="0">
              <skipped message="skipped"></skipped>
          </testcase>
          <testcase name="[It] [sig-storage] In-tree Volumes [Driver: local] [LocalVolumeType: blockfs] [Testpattern: Pre-provisioned PV (default fs)] subPath should support existing single file [LinuxOnly]" classname="Kubernetes e2e suite" status="skipped" time="0">
              <skipped message="skipped"></skipped>
          </testcase>
          <testcase name="[It] [sig-storage] In-tree Volumes [Driver: iscsi] [Feature:Volumes] [Testpattern: Inline-volume (ext3)] volumes should store data" classname="Kubernetes e2e suite" status="skipped" time="0">
              <skipped message="skipped"></skipped>
          </testcase>
          <testcase name="[It] [sig-storage] In-tree Volumes [Driver: vsphere] [Testpattern: Pre-provisioned PV (ntfs)] [Feature:Windows] volumes should store data" classname="Kubernetes e2e suite" status="skipped" time="0">
              <skipped message="skipped"></skipped>
          </testcase>
          <testcase name="[It] [sig-storage] In-tree Volumes [Driver: emptydir] [Testpattern: Dynamic PV (default fs)(allowExpansion)] volume-expand should resize volume when PVC is edited while pod is using it" classname="Kubernetes e2e suite" status="skipped" time="0">
              <skipped message="skipped"></skipped>
          </testcase>
          <testcase name="[It] [sig-storage] PVC Protection Verify that PVC in active use by a pod is not removed immediately" classname="Kubernetes e2e suite" status="skipped" time="0">
              <skipped message="skipped"></skipped>
          </testcase>
          <testcase name="[It] [sig-autoscaling] Cluster size autoscaling [Slow] shouldn&#39;t scale up when unprocessed pod is created and scheduler is not specified to be bypassed [Feature:ClusterScaleUpBypassScheduler]" classname="Kubernetes e2e suite" status="skipped" time="0">
              <skipped message="skipped"></skipped>
          </testcase>
          <testcase name="[It] [sig-network] Services should be rejected for evicted pods (no endpoints exist)" classname="Kubernetes e2e suite" status="skipped" time="0">
              <skipped message="skipped"></skipped>
          </testcase>
          <testcase name="[It] [sig-storage] In-tree Volumes [Driver: local] [LocalVolumeType: dir-link] [Testpattern: Dynamic PV (xfs)] [Slow] multiVolume [Slow] should access to two volumes with the same volume mode and retain data across pod recreation on different node" classname="Kubernetes e2e suite" status="skipped" time="0">
              <skipped message="skipped"></skipped>
          </testcase>
          <testcase name="[It] [sig-storage] In-tree Volumes [Driver: azure-disk] [Testpattern: Dynamic PV (default fs)] fsgroupchangepolicy (Always)[LinuxOnly], pod created with an initial fsgroup, volume contents ownership changed via chgrp in first pod, new pod with different fsgroup applied to the volume contents" classname="Kubernetes e2e suite" status="skipped" time="0">
              <skipped message="skipped"></skipped>
          </testcase>
          <testcase name="[It] [sig-storage] In-tree Volumes [Driver: azure-disk] [Testpattern: Inline-volume (ext4)] volumes should allow exec of files on the volume" classname="Kubernetes e2e suite" status="skipped" time="0">
              <skipped message="skipped"></skipped>
          </testcase>
          <testcase name="[It] [sig-storage] In-tree Volumes [Driver: azure-disk] [Testpattern: Dynamic PV (default fs)] subPath should support restarting containers using directory as subpath [Slow]" classname="Kubernetes e2e suite" status="skipped" time="0">
              <skipped message="skipped"></skipped>
          </testcase>
          <testcase name="[It] [sig-storage] In-tree Volumes [Driver: local] [LocalVolumeType: dir] [Testpattern: Dynamic PV (default fs)] fsgroupchangepolicy (OnRootMismatch)[LinuxOnly], pod created with an initial fsgroup, volume contents ownership changed via chgrp in first pod, new pod with same fsgroup skips ownership changes to the volume contents" classname="Kubernetes e2e suite" status="skipped" time="0">
              <skipped message="skipped"></skipped>
          </testcase>
          <testcase name="[It] [sig-storage] In-tree Volumes [Driver: cinder] [Testpattern: Dynamic PV (filesystem volmode)] multiVolume [Slow] should access to two volumes with the same volume mode and retain data across pod recreation on the same node" classname="Kubernetes e2e suite" status="skipped" time="0">
              <skipped message="skipped"></skipped>
          </testcase>
          <testcase name="[It] [sig-storage] In-tree Volumes [Driver: local] [LocalVolumeType: tmpfs] [Testpattern: Dynamic PV (block volmode)] volume-expand should not allow expansion of pvcs without AllowVolumeExpansion property" classname="Kubernetes e2e suite" status="skipped" time="0">
              <skipped message="skipped"></skipped>
          </testcase>
          <testcase name="[It] [sig-storage] In-tree Volumes [Driver: local] [LocalVolumeType: gce-localssd-scsi-fs] [Serial] [Testpattern: Dynamic PV (default fs)] subPath should support existing directories when readOnly specified in the volumeSource" classname="Kubernetes e2e suite" status="skipped" time="0">
              <skipped message="skipped"></skipped>
          </testcase>
          <testcase name="[It] [sig-network] LoadBalancers [Feature:LoadBalancer] should be able to preserve UDP traffic when server pod cycles for a LoadBalancer service on different nodes" classname="Kubernetes e2e suite" status="skipped" time="0">
              <skipped message="skipped"></skipped>
          </testcase>
          <testcase name="[It] [sig-storage] CSI Volumes [Driver: csi-hostpath] [Testpattern: Dynamic PV (default fs)] fsgroupchangepolicy (Always)[LinuxOnly], pod created with an initial fsgroup, volume contents ownership changed via chgrp in first pod, new pod with same fsgroup applied to the volume contents" classname="Kubernetes e2e suite" status="skipped" time="0">
              <skipped message="skipped"></skipped>
          </testcase>
          <testcase name="[It] [sig-storage] In-tree Volumes [Driver: local] [LocalVolumeType: dir] [Testpattern: Generic Ephemeral-volume (block volmode) (late-binding)] ephemeral should support two pods which have the same volume definition" classname="Kubernetes e2e suite" status="skipped" time="0">
              <skipped message="skipped"></skipped>
          </testcase>
          <testcase name="[It] [sig-storage] In-tree Volumes [Driver: local] [LocalVolumeType: dir] [Testpattern: Generic Ephemeral-volume (default fs) (immediate-binding)] ephemeral should create read/write inline ephemeral volume" classname="Kubernetes e2e suite" status="skipped" time="0">
              <skipped message="skipped"></skipped>
          </testcase>
          <testcase name="[It] [sig-storage] In-tree Volumes [Driver: hostPath] [Testpattern: Pre-provisioned PV (block volmode)] multiVolume [Slow] should access to two volumes with the same volume mode and retain data across pod recreation on different node" classname="Kubernetes e2e suite" status="skipped" time="0">
              <skipped message="skipped"></skipped>
          </testcase>
          <testcase name="[It] [sig-storage] In-tree Volumes [Driver: iscsi] [Feature:Volumes] [Testpattern: Pre-provisioned PV (block volmode)] multiVolume [Slow] should access to two volumes with different volume mode and retain data across pod recreation on different node" classname="Kubernetes e2e suite" status="skipped" time="0">
              <skipped message="skipped"></skipped>
          </testcase>
          <testcase name="[It] [sig-storage] CSI Mock volume snapshot CSI Volume Snapshots secrets [Feature:VolumeSnapshotDataSource] volume snapshot create/delete with secrets" classname="Kubernetes e2e suite" status="skipped" time="0">
              <skipped message="skipped"></skipped>
          </testcase>
          <testcase name="[It] [sig-network] Netpol [Feature:SCTPConnectivity] [LinuxOnly] NetworkPolicy between server and client using SCTP should enforce policy based on Ports [Feature:NetworkPolicy]" classname="Kubernetes e2e suite" status="skipped" time="0">
              <skipped message="skipped"></skipped>
          </testcase>
          <testcase name="[It] [sig-storage] In-tree Volumes [Driver: hostPathSymlink] [Testpattern: Dynamic PV (ntfs)] [Feature:Windows] multiVolume [Slow] should access to two volumes with different volume mode and retain data across pod recreation on the same node" classname="Kubernetes e2e suite" status="skipped" time="0">
              <skipped message="skipped"></skipped>
          </testcase>
          <testcase name="[It] [sig-storage] In-tree Volumes [Driver: hostPathSymlink] [Testpattern: Dynamic PV (delayed binding)] topology should provision a volume and schedule a pod with AllowedTopologies" classname="Kubernetes e2e suite" status="skipped" time="0">
              <skipped message="skipped"></skipped>
          </testcase>
          <testcase name="[It] [sig-storage] CSI Volumes [Driver: csi-hostpath] [Testpattern: Pre-provisioned PV (filesystem volmode)] multiVolume [Slow] should concurrently access the volume and restored snapshot from pods on the same node [LinuxOnly] [Feature:VolumeSnapshotDataSource] [Feature:VolumeSourceXFS]" classname="Kubernetes e2e suite" status="skipped" time="0">
              <skipped message="skipped"></skipped>
          </testcase>
          <testcase name="[It] [sig-node] Variable Expansion should succeed in writing subpaths in container [Conformance]" classname="Kubernetes e2e suite" status="passed" time="36.801909933"></testcase>
          <testcase name="[It] [sig-storage] In-tree Volumes [Driver: local] [LocalVolumeType: dir-bindmounted] [Testpattern: Pre-provisioned PV (default fs)] subPath should support non-existent path" classname="Kubernetes e2e suite" status="skipped" time="0">
              <skipped message="skipped"></skipped>
          </testcase>
          <testcase name="[It] [sig-storage] In-tree Volumes [Driver: azure-disk] [Testpattern: Pre-provisioned PV (default fs)] subPath should fail if subpath file is outside the volume [Slow] [LinuxOnly]" classname="Kubernetes e2e suite" status="skipped" time="0">
              <skipped message="skipped"></skipped>
          </testcase>
          <testcase name="[It] [sig-storage] In-tree Volumes [Driver: nfs] [Testpattern: Dynamic PV (delayed binding)] topology should provision a volume and schedule a pod with AllowedTopologies" classname="Kubernetes e2e suite" status="skipped" time="0">
              <skipped message="skipped"></skipped>
          </testcase>
          <testcase name="[It] [sig-storage] In-tree Volumes [Driver: local] [LocalVolumeType: tmpfs] [Testpattern: Generic Ephemeral-volume (default fs)] volumeLimits should verify that all csinodes have volume limits" classname="Kubernetes e2e suite" status="skipped" time="0">
              <skipped message="skipped"></skipped>
          </testcase>
          <testcase name="[It] [sig-storage] In-tree Volumes [Driver: local] [LocalVolumeType: blockfs] [Testpattern: Dynamic PV (ntfs)] [Feature:Windows] multiVolume [Slow] should access to two volumes with different volume mode and retain data across pod recreation on different node" classname="Kubernetes e2e suite" status="skipped" time="0">
              <skipped message="skipped"></skipped>
          </testcase>
          <testcase name="[It] [sig-api-machinery] Watchers should observe an object deletion if it stops meeting the requirements of the selector [Conformance]" classname="Kubernetes e2e suite" status="passed" time="10.076916814"></testcase>
          <testcase name="[It] [sig-storage] In-tree Volumes [Driver: local] [LocalVolumeType: block] [Testpattern: Dynamic PV (xfs)] [Slow] multiVolume [Slow] should concurrently access the single volume from pods on the same node" classname="Kubernetes e2e suite" status="skipped" time="0">
              <skipped message="skipped"></skipped>
          </testcase>
          <testcase name="[It] [sig-storage] In-tree Volumes [Driver: hostPath] [Testpattern: Dynamic PV (block volmode)] volumeMode should fail to use a volume in a pod with mismatched mode [Slow]" classname="Kubernetes e2e suite" status="skipped" time="0">
              <skipped message="skipped"></skipped>
          </testcase>
          <testcase name="[It] [sig-storage] In-tree Volumes [Driver: azure-file] [Testpattern: Pre-provisioned PV (default fs)] subPath should support readOnly directory specified in the volumeMount" classname="Kubernetes e2e suite" status="skipped" time="0">
              <skipped message="skipped"></skipped>
          </testcase>
          <testcase name="[It] [sig-storage] In-tree Volumes [Driver: hostPathSymlink] [Testpattern: Dynamic PV (ntfs)] [Feature:Windows] volumes should allow exec of files on the volume" classname="Kubernetes e2e suite" status="skipped" time="0">
              <skipped message="skipped"></skipped>
          </testcase>
          <testcase name="[It] [sig-storage] CSI Volumes [Driver: csi-hostpath] [Testpattern: Dynamic PV (block volmode)] volume-modify [FeatureGate:VolumeAttributesClass] [Beta] [Feature:OffByDefault] should create a volume with VAC" classname="Kubernetes e2e suite" status="skipped" time="0">
              <skipped message="skipped"></skipped>
          </testcase>
          <testcase name="[It] [sig-storage] In-tree Volumes [Driver: hostPath] [Testpattern: Inline-volume (default fs)] subPath should support readOnly directory specified in the volumeMount" classname="Kubernetes e2e suite" status="skipped" time="0">
              <skipped message="skipped"></skipped>
          </testcase>
          <testcase name="[It] [sig-storage] In-tree Volumes [Driver: local] [LocalVolumeType: dir-link-bindmounted] [Testpattern: Dynamic PV (default fs)] fsgroupchangepolicy (OnRootMismatch)[LinuxOnly], pod created with an initial fsgroup, volume contents ownership changed via chgrp in first pod, new pod with same fsgroup skips ownership changes to the volume contents" classname="Kubernetes e2e suite" status="skipped" time="0">
              <skipped message="skipped"></skipped>
          </testcase>
          <testcase name="[It] [sig-storage] In-tree Volumes [Driver: local] [LocalVolumeType: dir] [Testpattern:  (delete policy)] volumegroupsnapshottable [Feature:volumegroupsnapshot] VolumeGroupSnapshottable  should create snapshots for multiple volumes in a pod" classname="Kubernetes e2e suite" status="skipped" time="0">
              <skipped message="skipped"></skipped>
          </testcase>
          <testcase name="[It] [sig-storage] In-tree Volumes [Driver: cinder] [Testpattern: Inline-volume (default fs)] subPath should unmount if pod is gracefully deleted while kubelet is down [Disruptive] [Slow] [LinuxOnly]" classname="Kubernetes e2e suite" status="skipped" time="0">
              <skipped message="skipped"></skipped>
          </testcase>
          <testcase name="[It] [sig-storage] In-tree Volumes [Driver: cinder] [Testpattern: Dynamic PV (default fs)] provisioning should provision storage with mount options" classname="Kubernetes e2e suite" status="skipped" time="0">
              <skipped message="skipped"></skipped>
          </testcase>
          <testcase name="[It] [sig-storage] In-tree Volumes [Driver: local] [LocalVolumeType: dir-bindmounted] [Testpattern: Inline-volume (ext4)] volumes should allow exec of files on the volume" classname="Kubernetes e2e suite" status="skipped" time="0">
              <skipped message="skipped"></skipped>
          </testcase>
          <testcase name="[It] [sig-network] Services should connect to the ports exposed by restartable init containers" classname="Kubernetes e2e suite" status="skipped" time="0">
              <skipped message="skipped"></skipped>
          </testcase>
          <testcase name="[It] [sig-storage] In-tree Volumes [Driver: local] [LocalVolumeType: gce-localssd-scsi-fs] [Serial] [Testpattern: Pre-provisioned PV (ntfs)] [Feature:Windows] volumes should allow exec of files on the volume" classname="Kubernetes e2e suite" status="skipped" time="0">
              <skipped message="skipped"></skipped>
          </testcase>
          <testcase name="[It] [sig-storage] In-tree Volumes [Driver: local] [LocalVolumeType: block] [Testpattern: Pre-provisioned PV (filesystem volmode)] disruptive [Disruptive] [LinuxOnly] Should test that pv written before kubelet restart is readable after restart." classname="Kubernetes e2e suite" status="skipped" time="0">
              <skipped message="skipped"></skipped>
          </testcase>
          <testcase name="[It] [sig-storage] In-tree Volumes [Driver: local] [LocalVolumeType: block] [Testpattern: Pre-provisioned PV (block volmode)] multiVolume [Slow] should access to two volumes with different volume mode and retain data across pod recreation on the same node" classname="Kubernetes e2e suite" status="skipped" time="0">
              <skipped message="skipped"></skipped>
          </testcase>
          <testcase name="[It] [sig-storage] In-tree Volumes [Driver: cinder] [Testpattern: Dynamic PV (block volmode)] multiVolume [Slow] should access to two volumes with different volume mode and retain data across pod recreation on different node" classname="Kubernetes e2e suite" status="skipped" time="0">
              <skipped message="skipped"></skipped>
          </testcase>
          <testcase name="[It] [sig-storage] In-tree Volumes [Driver: local] [LocalVolumeType: dir] [Testpattern: Pre-provisioned PV (filesystem volmode)] disruptive [Disruptive] [LinuxOnly] Should test that pv used in a pod that is deleted while the kubelet is down is usable by a new pod when kubelet returns [Feature:SELinux]" classname="Kubernetes e2e suite" status="skipped" time="0">
              <skipped message="skipped"></skipped>
          </testcase>
          <testcase name="[It] [sig-storage] In-tree Volumes [Driver: local] [LocalVolumeType: dir] [Testpattern: Dynamic PV (ntfs)] [Feature:Windows] subPath should support readOnly file specified in the volumeMount [LinuxOnly]" classname="Kubernetes e2e suite" status="skipped" time="0">
              <skipped message="skipped"></skipped>
          </testcase>
          <testcase name="[It] [sig-api-machinery] ValidatingAdmissionPolicy [Privileged:ClusterAdmin] should allow expressions to refer variables. [Conformance]" classname="Kubernetes e2e suite" status="passed" time="0.708959245"></testcase>
          <testcase name="[It] [sig-storage] In-tree Volumes [Driver: iscsi] [Feature:Volumes] [Testpattern: Dynamic PV (ntfs)] [Feature:Windows] multiVolume [Slow] should access to two volumes with different volume mode and retain data across pod recreation on different node" classname="Kubernetes e2e suite" status="skipped" time="0">
              <skipped message="skipped"></skipped>
          </testcase>
          <testcase name="[It] [sig-storage] In-tree Volumes [Driver: local] [LocalVolumeType: dir-bindmounted] [Testpattern: Dynamic PV (delayed binding)] topology should provision a volume and schedule a pod with AllowedTopologies" classname="Kubernetes e2e suite" status="skipped" time="0">
              <skipped message="skipped"></skipped>
          </testcase>
          <testcase name="[It] [sig-storage] In-tree Volumes [Driver: local] [LocalVolumeType: blockfs] [Testpattern: Dynamic PV (ext4)] multiVolume [Slow] should concurrently access the single volume from pods on different node" classname="Kubernetes e2e suite" status="skipped" time="0">
              <skipped message="skipped"></skipped>
          </testcase>
          <testcase name="[It] [sig-storage] In-tree Volumes [Driver: local] [LocalVolumeType: dir-link-bindmounted] [Testpattern: Pre-provisioned PV (block volmode)] multiVolume [Slow] should concurrently access the single volume from pods on the same node" classname="Kubernetes e2e suite" status="skipped" time="0">
              <skipped message="skipped"></skipped>
          </testcase>
          <testcase name="[It] [sig-storage] In-tree Volumes [Driver: vsphere] [Testpattern: Dynamic PV (ext4)] multiVolume [Slow] should concurrently access the single volume from pods on the same node" classname="Kubernetes e2e suite" status="skipped" time="0">
              <skipped message="skipped"></skipped>
          </testcase>
          <testcase name="[It] [sig-storage] CSI Volumes [Driver: pd.csi.storage.gke.io] [Serial] [Testpattern: Dynamic PV (filesystem volmode)] volumeMode should not mount / map unused volumes in a pod [LinuxOnly]" classname="Kubernetes e2e suite" status="skipped" time="0">
              <skipped message="skipped"></skipped>
          </testcase>
          <testcase name="[It] [sig-storage] In-tree Volumes [Driver: local] [LocalVolumeType: gce-localssd-scsi-fs] [Serial] [Testpattern: Generic Ephemeral-volume (default fs) (late-binding)] ephemeral should support multiple inline ephemeral volumes" classname="Kubernetes e2e suite" status="skipped" time="0">
              <skipped message="skipped"></skipped>
          </testcase>
          <testcase name="[It] [sig-storage] In-tree Volumes [Driver: cinder] [Testpattern: Dynamic PV (filesystem volmode)] multiVolume [Slow] should access to two volumes with different volume mode and retain data across pod recreation on different node" classname="Kubernetes e2e suite" status="skipped" time="0">
              <skipped message="skipped"></skipped>
          </testcase>
          <testcase name="[It] [sig-node] DRA [Feature:DynamicResourceAllocation] [FeatureGate:DynamicResourceAllocation] [Beta] [Feature:OffByDefault] kubelet must map configs and devices to the right containers" classname="Kubernetes e2e suite" status="skipped" time="0">
              <skipped message="skipped"></skipped>
          </testcase>
          <testcase name="[It] [sig-storage] CSI Mock volume snapshot CSI Snapshot Controller metrics [Feature:VolumeSnapshotDataSource] snapshot controller should emit pre-provisioned CreateSnapshot, CreateSnapshotAndReady, and DeleteSnapshot metrics" classname="Kubernetes e2e suite" status="skipped" time="0">
              <skipped message="skipped"></skipped>
          </testcase>
          <testcase name="[It] [sig-storage] In-tree Volumes [Driver: local] [LocalVolumeType: block] [Testpattern: Dynamic PV (ext4)] multiVolume [Slow] should access to two volumes with different volume mode and retain data across pod recreation on different node" classname="Kubernetes e2e suite" status="skipped" time="0">
              <skipped message="skipped"></skipped>
          </testcase>
          <testcase name="[It] [sig-node] [Feature:PodLifecycleSleepActionAllowZero] when create a pod with lifecycle hook using sleep action with a duration of zero seconds prestop hook using sleep action with zero duration" classname="Kubernetes e2e suite" status="skipped" time="0">
              <skipped message="skipped"></skipped>
          </testcase>
          <testcase name="[It] [sig-storage] In-tree Volumes [Driver: vsphere] [Testpattern: Dynamic PV (block volmode)] volume-stress multiple pods should access different volumes repeatedly [Slow] [Serial]" classname="Kubernetes e2e suite" status="skipped" time="0">
              <skipped message="skipped"></skipped>
          </testcase>
          <testcase name="[It] [sig-storage] CSI Volumes [Driver: csi-hostpath] [Testpattern: Dynamic PV (filesystem volmode)] volumeMode should not mount / map unused volumes in a pod [LinuxOnly]" classname="Kubernetes e2e suite" status="skipped" time="0">
              <skipped message="skipped"></skipped>
          </testcase>
          <testcase name="[It] [sig-storage] CSI Volumes [Driver: pd.csi.storage.gke.io] [Serial] [Testpattern: Dynamic PV (default fs)] subPath should support restarting containers using directory as subpath [Slow]" classname="Kubernetes e2e suite" status="skipped" time="0">
              <skipped message="skipped"></skipped>
          </testcase>
          <testcase name="[It] [sig-storage] In-tree Volumes [Driver: azure-file] [Testpattern: Pre-provisioned PV (default fs)] subPath should unmount if pod is force deleted while kubelet is down [Disruptive] [Slow] [LinuxOnly]" classname="Kubernetes e2e suite" status="skipped" time="0">
              <skipped message="skipped"></skipped>
          </testcase>
          <testcase name="[It] [sig-storage] HostPathType Character Device [Slow] Should fail on mounting character device &#39;achardev&#39; when HostPathType is HostPathSocket" classname="Kubernetes e2e suite" status="skipped" time="0">
              <skipped message="skipped"></skipped>
          </testcase>
          <testcase name="[It] [sig-storage] PersistentVolumes-local [Volume type: dir-link] Two pods mounting a local volume one after the other should be able to write from pod1 and read from pod2" classname="Kubernetes e2e suite" status="skipped" time="0">
              <skipped message="skipped"></skipped>
          </testcase>
          <testcase name="[It] [sig-node] Node Lifecycle should run through the lifecycle of a node [Conformance]" classname="Kubernetes e2e suite" status="passed" time="0.120041337"></testcase>
          <testcase name="[It] [sig-storage] In-tree Volumes [Driver: iscsi] [Feature:Volumes] [Testpattern: Dynamic PV (ntfs)] [Feature:Windows] provisioning should provision correct filesystem size when restoring snapshot to larger size pvc [Feature:VolumeSnapshotDataSource]" classname="Kubernetes e2e suite" status="skipped" time="0">
              <skipped message="skipped"></skipped>
          </testcase>
          <testcase name="[It] [sig-storage] In-tree Volumes [Driver: local] [LocalVolumeType: dir-bindmounted] [Testpattern: Dynamic PV (ntfs)] [Feature:Windows] multiVolume [Slow] should concurrently access the single volume from pods on the same node" classname="Kubernetes e2e suite" status="skipped" time="0">
              <skipped message="skipped"></skipped>
          </testcase>
          <testcase name="[It] [sig-storage] CSI Volumes [Driver: csi-hostpath] [Testpattern: Dynamic PV (ext4)] multiVolume [Slow] should concurrently access the volume and its clone from pods on the same node [LinuxOnly] [Feature:VolumeSourceXFS]" classname="Kubernetes e2e suite" status="skipped" time="0">
              <skipped message="skipped"></skipped>
          </testcase>
          <testcase name="[It] [sig-storage] In-tree Volumes [Driver: azure-file] [Testpattern: Inline-volume (default fs)] subPath should fail if subpath with backstepping is outside the volume [Slow] [LinuxOnly]" classname="Kubernetes e2e suite" status="skipped" time="0">
              <skipped message="skipped"></skipped>
          </testcase>
          <testcase name="[It] [sig-storage] In-tree Volumes [Driver: local] [LocalVolumeType: dir-bindmounted] [Testpattern: Dynamic PV (default fs)] subPath should support readOnly directory specified in the volumeMount" classname="Kubernetes e2e suite" status="skipped" time="0">
              <skipped message="skipped"></skipped>
          </testcase>
          <testcase name="[It] [sig-storage] In-tree Volumes [Driver: local] [LocalVolumeType: dir-link-bindmounted] [Testpattern: Pre-provisioned PV (filesystem volmode)] multiVolume [Slow] should concurrently access the single volume from pods on the same node" classname="Kubernetes e2e suite" status="skipped" time="0">
              <skipped message="skipped"></skipped>
          </testcase>
          <testcase name="[It] [sig-storage] In-tree Volumes [Driver: cinder] [Testpattern: Inline-volume (default fs)] subPath should fail if subpath with backstepping is outside the volume [Slow] [LinuxOnly]" classname="Kubernetes e2e suite" status="skipped" time="0">
              <skipped message="skipped"></skipped>
          </testcase>
          <testcase name="[It] [sig-network] Services should connect to the named ports exposed by restartable init containers" classname="Kubernetes e2e suite" status="skipped" time="0">
              <skipped message="skipped"></skipped>
          </testcase>
          <testcase name="[It] [sig-storage] In-tree Volumes [Driver: local] [LocalVolumeType: blockfs] [Testpattern: Dynamic PV (default fs)(allowExpansion)] volume-expand should resize volume when PVC is edited while pod is using it" classname="Kubernetes e2e suite" status="skipped" time="0">
              <skipped message="skipped"></skipped>
          </testcase>
          <testcase name="[It] [sig-storage] In-tree Volumes [Driver: azure-disk] [Testpattern: Dynamic PV (ext3)] volumes should store data" classname="Kubernetes e2e suite" status="skipped" time="0">
              <skipped message="skipped"></skipped>
          </testcase>
          <testcase name="[It] [sig-storage] Volumes NFSv3 should be mountable for NFSv3" classname="Kubernetes e2e suite" status="skipped" time="0">
              <skipped message="skipped"></skipped>
          </testcase>
          <testcase name="[It] [sig-storage] In-tree Volumes [Driver: cinder] [Testpattern: Pre-provisioned PV (filesystem volmode)] multiVolume [Slow] should access to two volumes with different volume mode and retain data across pod recreation on the same node" classname="Kubernetes e2e suite" status="skipped" time="0">
              <skipped message="skipped"></skipped>
          </testcase>
          <testcase name="[It] [sig-storage] CSI Volumes [Driver: csi-hostpath] [Testpattern: Dynamic PV (block volmode)] volume-modify [FeatureGate:VolumeAttributesClass] [Beta] [Feature:OffByDefault] should modify volume with no VAC" classname="Kubernetes e2e suite" status="skipped" time="0">
              <skipped message="skipped"></skipped>
          </testcase>
          <testcase name="[It] [sig-storage] In-tree Volumes [Driver: local] [LocalVolumeType: dir-link] [Testpattern: Dynamic PV (block volmode)] multiVolume [Slow] should concurrently access the single read-only volume from pods on the same node" classname="Kubernetes e2e suite" status="skipped" time="0">
              <skipped message="skipped"></skipped>
          </testcase>
          <testcase name="[It] [sig-network] [Feature:IPv6DualStack] should create service with ipv4,v6 cluster ip" classname="Kubernetes e2e suite" status="skipped" time="0">
              <skipped message="skipped"></skipped>
          </testcase>
          <testcase name="[It] [sig-storage] In-tree Volumes [Driver: emptydir] [Testpattern: Pre-provisioned PV (ntfs)] [Feature:Windows] volumes should allow exec of files on the volume" classname="Kubernetes e2e suite" status="skipped" time="0">
              <skipped message="skipped"></skipped>
          </testcase>
          <testcase name="[It] [sig-network] Conntrack proxy implementation should not be vulnerable to the invalid conntrack state bug [Privileged]" classname="Kubernetes e2e suite" status="skipped" time="0">
              <skipped message="skipped"></skipped>
          </testcase>
          <testcase name="[It] [sig-network] Services should not be able to connect to terminating and unready endpoints if PublishNotReadyAddresses is false" classname="Kubernetes e2e suite" status="skipped" time="0">
              <skipped message="skipped"></skipped>
          </testcase>
          <testcase name="[It] [sig-storage] In-tree Volumes [Driver: local] [LocalVolumeType: block] [Testpattern: Pre-provisioned PV (default fs)] subPath should support non-existent path" classname="Kubernetes e2e suite" status="skipped" time="0">
              <skipped message="skipped"></skipped>
          </testcase>
          <testcase name="[It] [sig-storage] In-tree Volumes [Driver: nfs] [Testpattern: Dynamic PV (ntfs)] [Feature:Windows] provisioning should mount multiple PV pointing to the same storage on the same node" classname="Kubernetes e2e suite" status="skipped" time="0">
              <skipped message="skipped"></skipped>
          </testcase>
          <testcase name="[It] [sig-storage] In-tree Volumes [Driver: emptydir] [Testpattern: Dynamic PV (xfs)] [Slow] multiVolume [Slow] should access to two volumes with the same volume mode and retain data across pod recreation on the same node" classname="Kubernetes e2e suite" status="skipped" time="0">
              <skipped message="skipped"></skipped>
          </testcase>
          <testcase name="[It] [sig-storage] In-tree Volumes [Driver: local] [LocalVolumeType: block] [Testpattern: Dynamic PV (default fs)] provisioning should provision storage with any volume data source [Serial]" classname="Kubernetes e2e suite" status="skipped" time="0">
              <skipped message="skipped"></skipped>
          </testcase>
          <testcase name="[It] [sig-storage] In-tree Volumes [Driver: vsphere] [Testpattern: Dynamic PV (default fs)] fsgroupchangepolicy (Always)[LinuxOnly], rwop pod created with an initial fsgroup, new pod fsgroup applied to volume contents" classname="Kubernetes e2e suite" status="skipped" time="0">
              <skipped message="skipped"></skipped>
          </testcase>
          <testcase name="[It] [sig-storage] In-tree Volumes [Driver: vsphere] [Testpattern: Dynamic PV (xfs)] [Slow] multiVolume [Slow] should access to two volumes with different volume mode and retain data across pod recreation on the same node" classname="Kubernetes e2e suite" status="skipped" time="0">
              <skipped message="skipped"></skipped>
          </testcase>
          <testcase name="[It] [sig-storage] CSI Mock volume expansion CSI online volume expansion should expand volume without restarting pod if attach=off, nodeExpansion=on" classname="Kubernetes e2e suite" status="skipped" time="0">
              <skipped message="skipped"></skipped>
          </testcase>
          <testcase name="[It] [sig-storage] CSI Volumes [Driver: pd.csi.storage.gke.io] [Serial] [Testpattern: Pre-provisioned PV (block volmode)] volumes should store data" classname="Kubernetes e2e suite" status="skipped" time="0">
              <skipped message="skipped"></skipped>
          </testcase>
          <testcase name="[It] [sig-storage] In-tree Volumes [Driver: local] [LocalVolumeType: gce-localssd-scsi-fs] [Serial] [Testpattern: Dynamic PV (ntfs)] [Feature:Windows] volumes should allow exec of files on the volume" classname="Kubernetes e2e suite" status="skipped" time="0">
              <skipped message="skipped"></skipped>
          </testcase>
          <testcase name="[It] [sig-storage] In-tree Volumes [Driver: local] [LocalVolumeType: block] [Testpattern: Dynamic PV (block volmode)] provisioning should mount multiple PV pointing to the same storage on the same node" classname="Kubernetes e2e suite" status="skipped" time="0">
              <skipped message="skipped"></skipped>
          </testcase>
          <testcase name="[It] [sig-storage] In-tree Volumes [Driver: local] [LocalVolumeType: block] [Testpattern: Pre-provisioned PV (xfs)] [Slow] volumes should store data" classname="Kubernetes e2e suite" status="skipped" time="0">
              <skipped message="skipped"></skipped>
          </testcase>
          <testcase name="[It] [sig-storage] CSI Volumes [Driver: csi-hostpath] [Testpattern: Dynamic PV (block volmode)] multiVolume [Slow] should concurrently access the single volume from pods on the same node" classname="Kubernetes e2e suite" status="skipped" time="0">
              <skipped message="skipped"></skipped>
          </testcase>
          <testcase name="[It] [sig-storage] In-tree Volumes [Driver: local] [LocalVolumeType: tmpfs] [Testpattern: Pre-provisioned PV (filesystem volmode)] volumeMode should not mount / map unused volumes in a pod [LinuxOnly]" classname="Kubernetes e2e suite" status="skipped" time="0">
              <skipped message="skipped"></skipped>
          </testcase>
          <testcase name="[It] [sig-node] [Feature:SidecarContainers] Probing restartable init container should *not* be restarted with a non-local redirect http liveness probe" classname="Kubernetes e2e suite" status="skipped" time="0">
              <skipped message="skipped"></skipped>
          </testcase>
          <testcase name="[It] [sig-storage] In-tree Volumes [Driver: local] [LocalVolumeType: dir] [Testpattern: Dynamic PV (block volmode)(allowExpansion)] volume-expand Verify if offline PVC expansion works" classname="Kubernetes e2e suite" status="skipped" time="0">
              <skipped message="skipped"></skipped>
          </testcase>
          <testcase name="[It] [sig-auth] [FeatureGate:ClusterTrustBundle] [Beta] [Feature:OffByDefault] [FeatureGate:ClusterTrustBundleProjection] [Beta] [Feature:OffByDefault] should prevent a pod from starting if:  sets optional=false and no trust bundle matches query" classname="Kubernetes e2e suite" status="skipped" time="0">
              <skipped message="skipped"></skipped>
          </testcase>
          <testcase name="[It] [sig-storage] In-tree Volumes [Driver: nfs] [Testpattern: Dynamic PV (ext4)] volumes should allow exec of files on the volume" classname="Kubernetes e2e suite" status="skipped" time="0">
              <skipped message="skipped"></skipped>
          </testcase>
          <testcase name="[It] [sig-api-machinery] Generated clientset should create v1 cronJobs, delete cronJobs, watch cronJobs" classname="Kubernetes e2e suite" status="skipped" time="0">
              <skipped message="skipped"></skipped>
          </testcase>
          <testcase name="[It] [sig-storage] In-tree Volumes [Driver: azure-disk] [Testpattern: Dynamic PV (default fs)] subPath should unmount if pod is force deleted while kubelet is down [Disruptive] [Slow] [LinuxOnly]" classname="Kubernetes e2e suite" status="skipped" time="0">
              <skipped message="skipped"></skipped>
          </testcase>
          <testcase name="[It] [sig-windows] [Feature:Windows] GMSA Full [Serial] [Slow] GMSA support can read and write file to remote SMB folder" classname="Kubernetes e2e suite" status="skipped" time="0">
              <skipped message="skipped"></skipped>
          </testcase>
          <testcase name="[It] [sig-node] Pod garbage collector [Feature:PodGarbageCollector] [Slow] should handle the creation of 1000 pods" classname="Kubernetes e2e suite" status="skipped" time="0">
              <skipped message="skipped"></skipped>
          </testcase>
          <testcase name="[It] [sig-storage] In-tree Volumes [Driver: local] [LocalVolumeType: block] [Testpattern: Inline-volume (default fs)] subPath should fail if subpath directory is outside the volume [Slow] [LinuxOnly]" classname="Kubernetes e2e suite" status="skipped" time="0">
              <skipped message="skipped"></skipped>
          </testcase>
          <testcase name="[It] [sig-storage] In-tree Volumes [Driver: hostPathSymlink] [Testpattern: Pre-provisioned PV (block volmode)] multiVolume [Slow] should access to two volumes with different volume mode and retain data across pod recreation on the same node" classname="Kubernetes e2e suite" status="skipped" time="0">
              <skipped message="skipped"></skipped>
          </testcase>
          <testcase name="[It] [sig-storage] In-tree Volumes [Driver: emptydir] [Testpattern: Dynamic PV (xfs)] [Slow] multiVolume [Slow] should access to two volumes with different volume mode and retain data across pod recreation on the same node" classname="Kubernetes e2e suite" status="skipped" time="0">
              <skipped message="skipped"></skipped>
          </testcase>
          <testcase name="[It] [sig-storage] In-tree Volumes [Driver: azure-file] [Testpattern: Dynamic PV (ntfs)] [Feature:Windows] provisioning should provision storage with pvc data source" classname="Kubernetes e2e suite" status="skipped" time="0">
              <skipped message="skipped"></skipped>
          </testcase>
          <testcase name="[It] [sig-storage] CSI Volumes [Driver: csi-hostpath] [Testpattern: Pre-provisioned PV (default fs)] subPath should unmount if pod is gracefully deleted while kubelet is down [Disruptive] [Slow] [LinuxOnly]" classname="Kubernetes e2e suite" status="skipped" time="0">
              <skipped message="skipped"></skipped>
          </testcase>
          <testcase name="[It] [sig-storage] In-tree Volumes [Driver: cinder] [Testpattern: Generic Ephemeral-volume (default fs) (late-binding)] ephemeral should support multiple inline ephemeral volumes" classname="Kubernetes e2e suite" status="skipped" time="0">
              <skipped message="skipped"></skipped>
          </testcase>
          <testcase name="[It] [sig-api-machinery] Watchers should receive events on concurrent watches in same order [Conformance]" classname="Kubernetes e2e suite" status="passed" time="2.90837422"></testcase>
          <testcase name="[It] [sig-storage] CSI Volumes [Driver: pd.csi.storage.gke.io] [Serial] [Testpattern: Dynamic PV (ntfs)] [Feature:Windows] subPath should support file as subpath [LinuxOnly]" classname="Kubernetes e2e suite" status="skipped" time="0">
              <skipped message="skipped"></skipped>
          </testcase>
          <testcase name="[It] [sig-storage] In-tree Volumes [Driver: iscsi] [Feature:Volumes] [Testpattern: Dynamic PV (delayed binding)] topology should provision a volume and schedule a pod with AllowedTopologies" classname="Kubernetes e2e suite" status="skipped" time="0">
              <skipped message="skipped"></skipped>
          </testcase>
          <testcase name="[It] [sig-storage] In-tree Volumes [Driver: azure-disk] [Testpattern: Inline-volume (ext3)] volumes should allow exec of files on the volume" classname="Kubernetes e2e suite" status="skipped" time="0">
              <skipped message="skipped"></skipped>
          </testcase>
          <testcase name="[It] [sig-storage] In-tree Volumes [Driver: hostPathSymlink] [Testpattern: Dynamic PV (filesystem volmode)] multiVolume [Slow] should access to two volumes with the same volume mode and retain data across pod recreation on the same node" classname="Kubernetes e2e suite" status="skipped" time="0">
              <skipped message="skipped"></skipped>
          </testcase>
          <testcase name="[It] [sig-storage] In-tree Volumes [Driver: local] [LocalVolumeType: dir-link-bindmounted] [Testpattern: Dynamic PV (default fs)] subPath should support existing single file [LinuxOnly]" classname="Kubernetes e2e suite" status="skipped" time="0">
              <skipped message="skipped"></skipped>
          </testcase>
          <testcase name="[It] [sig-storage] PersistentVolumes-local [Volume type: dir] Set fsGroup for local volume should set fsGroup for one pod [Slow]" classname="Kubernetes e2e suite" status="skipped" time="0">
              <skipped message="skipped"></skipped>
          </testcase>
          <testcase name="[It] [sig-storage] Projected secret should be consumable from pods in volume with defaultMode set [LinuxOnly] [NodeConformance] [Conformance]" classname="Kubernetes e2e suite" status="passed" time="4.067110293"></testcase>
          <testcase name="[It] [sig-storage] In-tree Volumes [Driver: hostPathSymlink] [Testpattern: Dynamic PV (delayed binding)] topology should fail to schedule a pod which has topologies that conflict with AllowedTopologies" classname="Kubernetes e2e suite" status="skipped" time="0">
              <skipped message="skipped"></skipped>
          </testcase>
          <testcase name="[It] [sig-storage] In-tree Volumes [Driver: hostPathSymlink] [Testpattern: Dynamic PV (filesystem volmode)] disruptive [Disruptive] [LinuxOnly] Should test that pv used in a pod that is force deleted while the kubelet is down is usable by a new pod with a different SELinux context when kubelet returns [Feature:SELinux]" classname="Kubernetes e2e suite" status="skipped" time="0">
              <skipped message="skipped"></skipped>
          </testcase>
          <testcase name="[It] [sig-storage] In-tree Volumes [Driver: azure-disk] [Testpattern: Dynamic PV (ntfs)] [Feature:Windows] provisioning should provision correct filesystem size when restoring snapshot to larger size pvc [Feature:VolumeSnapshotDataSource]" classname="Kubernetes e2e suite" status="skipped" time="0">
              <skipped message="skipped"></skipped>
          </testcase>
          <testcase name="[It] [sig-storage] In-tree Volumes [Driver: local] [LocalVolumeType: tmpfs] [Testpattern: Inline-volume (default fs)] subPath should be able to unmount after the subpath directory is deleted [LinuxOnly]" classname="Kubernetes e2e suite" status="skipped" time="0">
              <skipped message="skipped"></skipped>
          </testcase>
          <testcase name="[It] [sig-storage] In-tree Volumes [Driver: vsphere] [Testpattern: Dynamic PV (ntfs)] [Feature:Windows] provisioning should provision storage with mount options" classname="Kubernetes e2e suite" status="skipped" time="0">
              <skipped message="skipped"></skipped>
          </testcase>
          <testcase name="[It] [sig-storage] In-tree Volumes [Driver: vsphere] [Testpattern: Dynamic PV (ntfs)] [Feature:Windows] subPath should support existing single file [LinuxOnly]" classname="Kubernetes e2e suite" status="skipped" time="0">
              <skipped message="skipped"></skipped>
          </testcase>
          <testcase name="[It] [sig-storage] In-tree Volumes [Driver: cinder] [Testpattern: Inline-volume (xfs)] [Slow] volumes should allow exec of files on the volume" classname="Kubernetes e2e suite" status="skipped" time="0">
              <skipped message="skipped"></skipped>
          </testcase>
          <testcase name="[It] [sig-node] DRA [Feature:DynamicResourceAllocation] [FeatureGate:DynamicResourceAllocation] [Beta] [Feature:OffByDefault] ResourceSlice Controller creates slices" classname="Kubernetes e2e suite" status="skipped" time="0">
              <skipped message="skipped"></skipped>
          </testcase>
          <testcase name="[It] [sig-storage] Downward API volume should update labels on modification [NodeConformance] [Conformance]" classname="Kubernetes e2e suite" status="passed" time="6.574575333"></testcase>
          <testcase name="[It] [sig-storage] In-tree Volumes [Driver: local] [LocalVolumeType: dir-bindmounted] [Testpattern: Pre-provisioned PV (ext4)] volumes should store data" classname="Kubernetes e2e suite" status="skipped" time="0">
              <skipped message="skipped"></skipped>
          </testcase>
          <testcase name="[It] [sig-storage] In-tree Volumes [Driver: emptydir] [Testpattern: Dynamic PV (ntfs)] [Feature:Windows] multiVolume [Slow] should access to two volumes with different volume mode and retain data across pod recreation on different node" classname="Kubernetes e2e suite" status="skipped" time="0">
              <skipped message="skipped"></skipped>
          </testcase>
          <testcase name="[It] [sig-storage] In-tree Volumes [Driver: emptydir] [Testpattern: Inline-volume (default fs)] subPath should unmount if pod is gracefully deleted while kubelet is down [Disruptive] [Slow] [LinuxOnly]" classname="Kubernetes e2e suite" status="skipped" time="0">
              <skipped message="skipped"></skipped>
          </testcase>
          <testcase name="[It] [sig-storage] In-tree Volumes [Driver: local] [LocalVolumeType: dir-link-bindmounted] [Testpattern: Dynamic PV (block volmode)] multiVolume [Slow] should concurrently access the single volume from pods on different node" classname="Kubernetes e2e suite" status="skipped" time="0">
              <skipped message="skipped"></skipped>
          </testcase>
          <testcase name="[It] [sig-storage] PVC Protection Verify that scheduling of a pod that uses PVC that is being deleted fails and the pod becomes Unschedulable" classname="Kubernetes e2e suite" status="skipped" time="0">
              <skipped message="skipped"></skipped>
          </testcase>
          <testcase name="[It] [sig-storage] In-tree Volumes [Driver: emptydir] [Testpattern: Dynamic PV (ntfs)] [Feature:Windows] subPath should unmount if pod is force deleted while kubelet is down [Disruptive] [Slow] [LinuxOnly]" classname="Kubernetes e2e suite" status="skipped" time="0">
              <skipped message="skipped"></skipped>
          </testcase>
          <testcase name="[It] [sig-storage] CSI Volumes [Driver: csi-hostpath] [Testpattern: Dynamic PV (filesystem volmode)] multiVolume [Slow] should access to two volumes with the same volume mode and retain data across pod recreation on the same node" classname="Kubernetes e2e suite" status="skipped" time="0">
              <skipped message="skipped"></skipped>
          </testcase>
          <testcase name="[It] [sig-storage] In-tree Volumes [Driver: iscsi] [Feature:Volumes] [Testpattern: Dynamic PV (immediate binding)] topology should fail to schedule a pod which has topologies that conflict with AllowedTopologies" classname="Kubernetes e2e suite" status="skipped" time="0">
              <skipped message="skipped"></skipped>
          </testcase>
          <testcase name="[It] [sig-storage] In-tree Volumes [Driver: local] [LocalVolumeType: gce-localssd-scsi-fs] [Serial] [Testpattern: Dynamic PV (block volmode)] provisioning should provision storage with any volume data source [Serial]" classname="Kubernetes e2e suite" status="skipped" time="0">
              <skipped message="skipped"></skipped>
          </testcase>
          <testcase name="[It] [sig-storage] In-tree Volumes [Driver: local] [LocalVolumeType: block] [Testpattern: Dynamic PV (filesystem volmode)] multiVolume [Slow] should concurrently access the volume and restored snapshot from pods on the same node [LinuxOnly] [Feature:VolumeSnapshotDataSource] [Feature:VolumeSourceXFS]" classname="Kubernetes e2e suite" status="skipped" time="0">
              <skipped message="skipped"></skipped>
          </testcase>
          <testcase name="[It] [sig-storage] CSI Volumes [Driver: csi-hostpath] [Testpattern: Dynamic PV (default fs)] subPath should unmount if pod is force deleted while kubelet is down [Disruptive] [Slow] [LinuxOnly]" classname="Kubernetes e2e suite" status="skipped" time="0">
              <skipped message="skipped"></skipped>
          </testcase>
          <testcase name="[It] [sig-storage] In-tree Volumes [Driver: hostPath] [Testpattern: Dynamic PV (xfs)] [Slow] volumes should store data" classname="Kubernetes e2e suite" status="skipped" time="0">
              <skipped message="skipped"></skipped>
          </testcase>
          <testcase name="[It] [sig-storage] In-tree Volumes [Driver: azure-file] [Testpattern: Dynamic PV (block volmode)(allowExpansion)] volume-expand Verify if offline PVC expansion works" classname="Kubernetes e2e suite" status="skipped" time="0">
              <skipped message="skipped"></skipped>
          </testcase>
          <testcase name="[It] [sig-storage] In-tree Volumes [Driver: local] [LocalVolumeType: block] [Testpattern: Dynamic PV (default fs)] fsgroupchangepolicy (OnRootMismatch)[LinuxOnly], pod created with an initial fsgroup, new pod fsgroup applied to volume contents" classname="Kubernetes e2e suite" status="skipped" time="0">
              <skipped message="skipped"></skipped>
          </testcase>
          <testcase name="[It] [sig-storage] In-tree Volumes [Driver: local] [LocalVolumeType: dir-link] [Testpattern: Dynamic PV (ext4)] multiVolume [Slow] should access to two volumes with different volume mode and retain data across pod recreation on different node" classname="Kubernetes e2e suite" status="skipped" time="0">
              <skipped message="skipped"></skipped>
          </testcase>
          <testcase name="[It] [sig-storage] In-tree Volumes [Driver: local] [LocalVolumeType: dir-link] [Testpattern: Pre-provisioned PV (default fs)] volumeIO should write files of various sizes, verify size, validate content [Slow]" classname="Kubernetes e2e suite" status="skipped" time="0">
              <skipped message="skipped"></skipped>
          </testcase>
          <testcase name="[It] [sig-storage] In-tree Volumes [Driver: hostPathSymlink] [Testpattern: Dynamic PV (default fs)] provisioning should provision storage with pvc data source" classname="Kubernetes e2e suite" status="skipped" time="0">
              <skipped message="skipped"></skipped>
          </testcase>
          <testcase name="[It] [sig-storage] In-tree Volumes [Driver: hostPathSymlink] [Testpattern: Dynamic PV (filesystem volmode)] multiVolume [Slow] should concurrently access the volume and its clone from pods on the same node [LinuxOnly] [Feature:VolumeSourceXFS]" classname="Kubernetes e2e suite" status="skipped" time="0">
              <skipped message="skipped"></skipped>
          </testcase>
          <testcase name="[It] [sig-storage] CSI Volumes [Driver: pd.csi.storage.gke.io] [Serial] [Testpattern: Dynamic PV (default fs)(allowExpansion)] volume-expand Verify if offline PVC expansion works" classname="Kubernetes e2e suite" status="skipped" time="0">
              <skipped message="skipped"></skipped>
          </testcase>
          <testcase name="[It] [sig-cli] Kubectl logs all pod logs the Deployment has 2 replicas and each pod has 2 containers should get logs from each pod and each container in Deployment" classname="Kubernetes e2e suite" status="skipped" time="0">
              <skipped message="skipped"></skipped>
          </testcase>
          <testcase name="[It] [sig-storage] In-tree Volumes [Driver: nfs] [Testpattern: Pre-provisioned PV (filesystem volmode)] volumeMode should fail to use a volume in a pod with mismatched mode [Slow]" classname="Kubernetes e2e suite" status="skipped" time="0">
              <skipped message="skipped"></skipped>
          </testcase>
          <testcase name="[It] [sig-storage] CSI Mock volume storage capacity CSIStorageCapacity CSIStorageCapacity used, have capacity" classname="Kubernetes e2e suite" status="skipped" time="0">
              <skipped message="skipped"></skipped>
          </testcase>
          <testcase name="[It] [sig-storage] CSI Volumes [Driver: csi-hostpath] [Testpattern: Dynamic PV (ntfs)] [Feature:Windows] multiVolume [Slow] should concurrently access the single read-only volume from pods on the same node" classname="Kubernetes e2e suite" status="skipped" time="0">
              <skipped message="skipped"></skipped>
          </testcase>
          <testcase name="[It] [sig-storage] In-tree Volumes [Driver: azure-disk] [Testpattern: Pre-provisioned PV (xfs)] [Slow] volumes should allow exec of files on the volume" classname="Kubernetes e2e suite" status="skipped" time="0">
              <skipped message="skipped"></skipped>
          </testcase>
          <testcase name="[It] [sig-storage] In-tree Volumes [Driver: azure-disk] [Testpattern: Generic Ephemeral-volume (default fs)] volumeLimits should support volume limits [Serial]" classname="Kubernetes e2e suite" status="skipped" time="0">
              <skipped message="skipped"></skipped>
          </testcase>
          <testcase name="[It] [sig-storage] In-tree Volumes [Driver: local] [LocalVolumeType: dir-link-bindmounted] [Testpattern: Pre-provisioned PV (xfs)] [Slow] volumes should store data" classname="Kubernetes e2e suite" status="skipped" time="0">
              <skipped message="skipped"></skipped>
          </testcase>
          <testcase name="[It] [sig-storage] In-tree Volumes [Driver: local] [LocalVolumeType: dir] [Testpattern: Dynamic PV (filesystem volmode)] multiVolume [Slow] should concurrently access the volume and its clone from pods on the same node [LinuxOnly] [Feature:VolumeSourceXFS]" classname="Kubernetes e2e suite" status="skipped" time="0">
              <skipped message="skipped"></skipped>
          </testcase>
          <testcase name="[It] [sig-cli] Kubectl exec should be able to execute 1000 times in a container" classname="Kubernetes e2e suite" status="skipped" time="0">
              <skipped message="skipped"></skipped>
          </testcase>
          <testcase name="[It] [sig-storage] In-tree Volumes [Driver: azure-file] [Testpattern: Dynamic PV (block volmode)] multiVolume [Slow] should access to two volumes with the same volume mode and retain data across pod recreation on the same node" classname="Kubernetes e2e suite" status="skipped" time="0">
              <skipped message="skipped"></skipped>
          </testcase>
          <testcase name="[It] [sig-storage] In-tree Volumes [Driver: emptydir] [Testpattern: Pre-provisioned PV (filesystem volmode)] multiVolume [Slow] should access to two volumes with different volume mode and retain data across pod recreation on the same node" classname="Kubernetes e2e suite" status="skipped" time="0">
              <skipped message="skipped"></skipped>
          </testcase>
          <testcase name="[It] [sig-storage] In-tree Volumes [Driver: nfs] [Testpattern: Dynamic PV (block volmode)] multiVolume [Slow] should concurrently access the volume and restored snapshot from pods on the same node [LinuxOnly] [Feature:VolumeSnapshotDataSource] [Feature:VolumeSourceXFS]" classname="Kubernetes e2e suite" status="skipped" time="0">
              <skipped message="skipped"></skipped>
          </testcase>
          <testcase name="[It] [sig-node] Pod InPlace Resize Container [FeatureGate:InPlacePodVerticalScaling] [Beta] Burstable QoS pod, one container, one restartable init container - increase init container memory only" classname="Kubernetes e2e suite" status="skipped" time="0">
              <skipped message="skipped"></skipped>
          </testcase>
          <testcase name="[It] [sig-network] [Feature:IPv6DualStack] should create service with ipv6 cluster ip" classname="Kubernetes e2e suite" status="skipped" time="0">
              <skipped message="skipped"></skipped>
          </testcase>
          <testcase name="[It] [sig-storage] In-tree Volumes [Driver: local] [LocalVolumeType: dir-link] [Testpattern: Dynamic PV (ntfs)] [Feature:Windows] subPath should unmount if pod is gracefully deleted while kubelet is down [Disruptive] [Slow] [LinuxOnly]" classname="Kubernetes e2e suite" status="skipped" time="0">
              <skipped message="skipped"></skipped>
          </testcase>
          <testcase name="[It] [sig-storage] PersistentVolumes-local [Volume type: blockfswithoutformat] Set fsGroup for local volume should set different fsGroup for second pod if first pod is deleted [Flaky]" classname="Kubernetes e2e suite" status="skipped" time="0">
              <skipped message="skipped"></skipped>
          </testcase>
          <testcase name="[It] [sig-storage] PersistentVolumes-local [Volume type: blockfswithoutformat] One pod requesting one prebound PVC should be able to mount volume and write from pod1" classname="Kubernetes e2e suite" status="skipped" time="0">
              <skipped message="skipped"></skipped>
          </testcase>
          <testcase name="[It] [sig-storage] In-tree Volumes [Driver: hostPath] [Testpattern: Dynamic PV (default fs)] fsgroupchangepolicy (OnRootMismatch)[LinuxOnly], pod created with an initial fsgroup, new pod fsgroup applied to volume contents" classname="Kubernetes e2e suite" status="skipped" time="0">
              <skipped message="skipped"></skipped>
          </testcase>
          <testcase name="[It] [sig-storage] In-tree Volumes [Driver: hostPath] [Testpattern: Generic Ephemeral-volume (default fs) (late-binding)] ephemeral should support expansion of pvcs created for ephemeral pvcs" classname="Kubernetes e2e suite" status="skipped" time="0">
              <skipped message="skipped"></skipped>
          </testcase>
          <testcase name="[It] [sig-apps] StatefulSet Non-retain StatefulSetPersistentVolumeClaimPolicy should delete PVCs after adopting pod (WhenScaled)" classname="Kubernetes e2e suite" status="skipped" time="0">
              <skipped message="skipped"></skipped>
          </testcase>
          <testcase name="[It] [sig-storage] In-tree Volumes [Driver: local] [LocalVolumeType: dir-bindmounted] [Testpattern: Inline-volume (xfs)] [Slow] volumes should allow exec of files on the volume" classname="Kubernetes e2e suite" status="skipped" time="0">
              <skipped message="skipped"></skipped>
          </testcase>
          <testcase name="[It] [sig-storage] In-tree Volumes [Driver: hostPath] [Testpattern: Generic Ephemeral-volume (default fs) (late-binding)] ephemeral should create read/write inline ephemeral volume" classname="Kubernetes e2e suite" status="skipped" time="0">
              <skipped message="skipped"></skipped>
          </testcase>
          <testcase name="[It] [sig-storage] In-tree Volumes [Driver: local] [LocalVolumeType: block] [Testpattern: Dynamic PV (block volmode)] provisioning should provision storage with snapshot data source (ROX mode) [Feature:VolumeSnapshotDataSource]" classname="Kubernetes e2e suite" status="skipped" time="0">
              <skipped message="skipped"></skipped>
          </testcase>
          <testcase name="[It] [sig-storage] In-tree Volumes [Driver: local] [LocalVolumeType: dir-link] [Testpattern: Dynamic PV (ntfs)] [Feature:Windows] subPath should fail if subpath file is outside the volume [Slow] [LinuxOnly]" classname="Kubernetes e2e suite" status="skipped" time="0">
              <skipped message="skipped"></skipped>
          </testcase>
          <testcase name="[It] [sig-network] DNS [Feature:RelaxedDNSSearchValidation] [FeatureGate:RelaxedDNSSearchValidation] [Beta] should work with a search path containing an underscore and a search path with a single dot" classname="Kubernetes e2e suite" status="skipped" time="0">
              <skipped message="skipped"></skipped>
          </testcase>
          <testcase name="[It] [sig-storage] In-tree Volumes [Driver: local] [LocalVolumeType: dir-link-bindmounted] [Testpattern: Dynamic PV (ext4)] volumes should allow exec of files on the volume" classname="Kubernetes e2e suite" status="skipped" time="0">
              <skipped message="skipped"></skipped>
          </testcase>
          <testcase name="[It] [sig-storage] In-tree Volumes [Driver: emptydir] [Testpattern: Dynamic PV (ext3)] volumes should store data" classname="Kubernetes e2e suite" status="skipped" time="0">
              <skipped message="skipped"></skipped>
          </testcase>
          <testcase name="[It] [sig-storage] In-tree Volumes [Driver: azure-disk] [Testpattern: Pre-provisioned PV (block volmode)] multiVolume [Slow] should access to two volumes with different volume mode and retain data across pod recreation on the same node" classname="Kubernetes e2e suite" status="skipped" time="0">
              <skipped message="skipped"></skipped>
          </testcase>
          <testcase name="[It] [sig-storage] CSI Volumes [Driver: csi-hostpath] [Testpattern: Dynamic PV (default fs)] fsgroupchangepolicy (Always)[LinuxOnly], pod created with an initial fsgroup, new pod fsgroup applied to volume contents" classname="Kubernetes e2e suite" status="skipped" time="0">
              <skipped message="skipped"></skipped>
          </testcase>
          <testcase name="[It] [sig-storage] In-tree Volumes [Driver: emptydir] [Testpattern: Dynamic PV (ext4)] multiVolume [Slow] should concurrently access the volume and restored snapshot from pods on the same node [LinuxOnly] [Feature:VolumeSnapshotDataSource] [Feature:VolumeSourceXFS]" classname="Kubernetes e2e suite" status="skipped" time="0">
              <skipped message="skipped"></skipped>
          </testcase>
          <testcase name="[It] [sig-network] Services should be able to switch session affinity for NodePort service [LinuxOnly] [Conformance]" classname="Kubernetes e2e suite" status="passed" time="38.852730251"></testcase>
          <testcase name="[It] [sig-storage] In-tree Volumes [Driver: hostPathSymlink] [Testpattern: Dynamic PV (block volmode)] multiVolume [Slow] should concurrently access the single volume from pods on different node" classname="Kubernetes e2e suite" status="skipped" time="0">
              <skipped message="skipped"></skipped>
          </testcase>
          <testcase name="[It] [sig-storage] In-tree Volumes [Driver: local] [LocalVolumeType: tmpfs] [Testpattern: Dynamic PV (default fs)] subPath should fail if subpath file is outside the volume [Slow] [LinuxOnly]" classname="Kubernetes e2e suite" status="skipped" time="0">
              <skipped message="skipped"></skipped>
          </testcase>
          <testcase name="[It] [sig-storage] In-tree Volumes [Driver: vsphere] [Testpattern: Inline-volume (default fs)] subPath should unmount if pod is gracefully deleted while kubelet is down [Disruptive] [Slow] [LinuxOnly]" classname="Kubernetes e2e suite" status="skipped" time="0">
              <skipped message="skipped"></skipped>
          </testcase>
          <testcase name="[It] [sig-storage] In-tree Volumes [Driver: local] [LocalVolumeType: dir] [Testpattern: Dynamic PV (block volmode)] provisioning should provision correct filesystem size when restoring snapshot to larger size pvc [Feature:VolumeSnapshotDataSource]" classname="Kubernetes e2e suite" status="skipped" time="0">
              <skipped message="skipped"></skipped>
          </testcase>
          <testcase name="[It] [sig-storage] CSI Volumes [Driver: pd.csi.storage.gke.io] [Serial] [Testpattern: Dynamic PV (block volmode)] multiVolume [Slow] should access to two volumes with different volume mode and retain data across pod recreation on the same node" classname="Kubernetes e2e suite" status="skipped" time="0">
              <skipped message="skipped"></skipped>
          </testcase>
          <testcase name="[It] [sig-storage] CSI Volumes [Driver: csi-hostpath] [Testpattern: Dynamic PV (xfs)] [Slow] multiVolume [Slow] should access to two volumes with different volume mode and retain data across pod recreation on the same node" classname="Kubernetes e2e suite" status="skipped" time="0">
              <skipped message="skipped"></skipped>
          </testcase>
          <testcase name="[It] [sig-storage] In-tree Volumes [Driver: local] [LocalVolumeType: blockfs] [Testpattern: Pre-provisioned PV (block volmode)] volumes should store data" classname="Kubernetes e2e suite" status="skipped" time="0">
              <skipped message="skipped"></skipped>
          </testcase>
          <testcase name="[It] [sig-cloud-provider-gcp] GKE node pools [Feature:GKENodePool] should create a cluster with multiple node pools [Feature:GKENodePool]" classname="Kubernetes e2e suite" status="skipped" time="0">
              <skipped message="skipped"></skipped>
          </testcase>
          <testcase name="[It] [sig-storage] In-tree Volumes [Driver: local] [LocalVolumeType: gce-localssd-scsi-fs] [Serial] [Testpattern: Dynamic PV (default fs)] subPath should verify container cannot write to subpath readonly volumes [Slow]" classname="Kubernetes e2e suite" status="skipped" time="0">
              <skipped message="skipped"></skipped>
          </testcase>
          <testcase name="[It] [sig-storage] In-tree Volumes [Driver: local] [LocalVolumeType: dir] [Testpattern: Dynamic PV (default fs)] volume-stress multiple pods should access different volumes repeatedly [Slow] [Serial]" classname="Kubernetes e2e suite" status="skipped" time="0">
              <skipped message="skipped"></skipped>
          </testcase>
          <testcase name="[It] [sig-node] [Feature:SidecarContainers] Probing restartable init container should *not* be restarted with a /healthz http liveness probe" classname="Kubernetes e2e suite" status="skipped" time="0">
              <skipped message="skipped"></skipped>
          </testcase>
          <testcase name="[It] [sig-storage] In-tree Volumes [Driver: local] [LocalVolumeType: dir] [Testpattern: Pre-provisioned PV (default fs)] subPath should be able to unmount after the subpath directory is deleted [LinuxOnly]" classname="Kubernetes e2e suite" status="skipped" time="0">
              <skipped message="skipped"></skipped>
          </testcase>
          <testcase name="[It] [sig-storage] In-tree Volumes [Driver: local] [LocalVolumeType: blockfs] [Testpattern:  (delete policy)] volumegroupsnapshottable [Feature:volumegroupsnapshot] VolumeGroupSnapshottable  should create snapshots for multiple volumes in a pod" classname="Kubernetes e2e suite" status="skipped" time="0">
              <skipped message="skipped"></skipped>
          </testcase>
          <testcase name="[It] [sig-storage] In-tree Volumes [Driver: local] [LocalVolumeType: gce-localssd-scsi-fs] [Serial] [Testpattern: Dynamic PV (ext3)] volumes should store data" classname="Kubernetes e2e suite" status="skipped" time="0">
              <skipped message="skipped"></skipped>
          </testcase>
          <testcase name="[It] [sig-node] Kubelet with pods in a privileged namespace when scheduling an agnhost Pod with hostAliases and hostNetwork should write entries to /etc/hosts when hostNetwork is enabled [NodeConformance]" classname="Kubernetes e2e suite" status="skipped" time="0">
              <skipped message="skipped"></skipped>
          </testcase>
          <testcase name="[It] [sig-storage] In-tree Volumes [Driver: cinder] [Testpattern: Dynamic PV (ntfs)] [Feature:Windows] subPath should support existing directories when readOnly specified in the volumeSource" classname="Kubernetes e2e suite" status="skipped" time="0">
              <skipped message="skipped"></skipped>
          </testcase>
          <testcase name="[It] [sig-storage] In-tree Volumes [Driver: azure-file] [Testpattern: Pre-provisioned PV (filesystem volmode)] multiVolume [Slow] should concurrently access the single volume from pods on different node" classname="Kubernetes e2e suite" status="skipped" time="0">
              <skipped message="skipped"></skipped>
          </testcase>
          <testcase name="[It] [sig-storage] In-tree Volumes [Driver: iscsi] [Feature:Volumes] [Testpattern: Dynamic PV (ext4)] multiVolume [Slow] should concurrently access the single volume from pods on different node" classname="Kubernetes e2e suite" status="skipped" time="0">
              <skipped message="skipped"></skipped>
          </testcase>
          <testcase name="[It] [sig-api-machinery] ResourceQuota [Feature:PodPriority] should verify ResourceQuota&#39;s multiple priority class scope (quota set to pod count: 2) against 2 pods with same priority classes." classname="Kubernetes e2e suite" status="skipped" time="0">
              <skipped message="skipped"></skipped>
          </testcase>
          <testcase name="[It] [sig-storage] In-tree Volumes [Driver: hostPathSymlink] [Testpattern: Dynamic PV (immediate binding)] topology should fail to schedule a pod which has topologies that conflict with AllowedTopologies" classname="Kubernetes e2e suite" status="skipped" time="0">
              <skipped message="skipped"></skipped>
          </testcase>
          <testcase name="[It] [sig-storage] In-tree Volumes [Driver: local] [LocalVolumeType: dir-link] [Testpattern: Dynamic PV (ntfs)] [Feature:Windows] provisioning should provision storage with any volume data source [Serial]" classname="Kubernetes e2e suite" status="skipped" time="0">
              <skipped message="skipped"></skipped>
          </testcase>
          <testcase name="[It] [sig-storage] In-tree Volumes [Driver: iscsi] [Feature:Volumes] [Testpattern: Dynamic PV (ntfs)] [Feature:Windows] volumeIO should write files of various sizes, verify size, validate content [Slow]" classname="Kubernetes e2e suite" status="skipped" time="0">
              <skipped message="skipped"></skipped>
          </testcase>
          <testcase name="[It] [sig-api-machinery] client-go should negotiate watch and report errors with accept &#34;application/json,application/vnd.kubernetes.protobuf&#34;" classname="Kubernetes e2e suite" status="skipped" time="0">
              <skipped message="skipped"></skipped>
          </testcase>
          <testcase name="[It] [sig-storage] In-tree Volumes [Driver: local] [LocalVolumeType: blockfs] [Testpattern: Pre-provisioned PV (default fs)] subPath should fail if subpath directory is outside the volume [Slow] [LinuxOnly]" classname="Kubernetes e2e suite" status="skipped" time="0">
              <skipped message="skipped"></skipped>
          </testcase>
          <testcase name="[It] [sig-node] Pod InPlace Resize Container [FeatureGate:InPlacePodVerticalScaling] [Beta] Burstable QoS pod, one container with cpu &amp; memory requests + limits - increase memory limits only" classname="Kubernetes e2e suite" status="skipped" time="0">
              <skipped message="skipped"></skipped>
          </testcase>
          <testcase name="[It] [sig-storage] In-tree Volumes [Driver: azure-file] [Testpattern: Inline-volume (default fs)] volumeIO should write files of various sizes, verify size, validate content [Slow]" classname="Kubernetes e2e suite" status="skipped" time="0">
              <skipped message="skipped"></skipped>
          </testcase>
          <testcase name="[It] [sig-network] Netpol NetworkPolicy between server and client should enforce policy based on any PodSelectors [Feature:NetworkPolicy]" classname="Kubernetes e2e suite" status="skipped" time="0">
              <skipped message="skipped"></skipped>
          </testcase>
          <testcase name="[It] [sig-storage] CSI Mock selinux on mount SELinuxMount [LinuxOnly] [Feature:SELinux] should not unstage RWO volume when starting a second pod with the same SELinux context [FeatureGate:SELinuxMountReadWriteOncePod] [Beta] [FeatureGate:SELinuxMount] [Beta] [Feature:OffByDefault]" classname="Kubernetes e2e suite" status="skipped" time="0">
              <skipped message="skipped"></skipped>
          </testcase>
          <testcase name="[It] [sig-storage] In-tree Volumes [Driver: local] [LocalVolumeType: gce-localssd-scsi-fs] [Serial] [Testpattern: Dynamic PV (ntfs)] [Feature:Windows] multiVolume [Slow] should access to two volumes with different volume mode and retain data across pod recreation on the same node" classname="Kubernetes e2e suite" status="skipped" time="0">
              <skipped message="skipped"></skipped>
          </testcase>
          <testcase name="[It] [sig-storage] In-tree Volumes [Driver: hostPath] [Testpattern: Dynamic PV (default fs)(allowExpansion)] volume-expand should resize volume when PVC is edited while pod is using it" classname="Kubernetes e2e suite" status="skipped" time="0">
              <skipped message="skipped"></skipped>
          </testcase>
          <testcase name="[It] [sig-cli] Kubectl Port forwarding With a server listening on localhost that expects a client request should support a client that connects, sends DATA, and disconnects" classname="Kubernetes e2e suite" status="skipped" time="0">
              <skipped message="skipped"></skipped>
          </testcase>
          <testcase name="[It] [sig-storage] In-tree Volumes [Driver: local] [LocalVolumeType: dir] [Testpattern: Dynamic PV (default fs)] fsgroupchangepolicy (OnRootMismatch)[LinuxOnly], pod created with an initial fsgroup, volume contents ownership changed via chgrp in first pod, new pod with different fsgroup applied to the volume contents" classname="Kubernetes e2e suite" status="skipped" time="0">
              <skipped message="skipped"></skipped>
          </testcase>
          <testcase name="[It] [sig-storage] In-tree Volumes [Driver: iscsi] [Feature:Volumes] [Testpattern: Inline-volume (ntfs)] [Feature:Windows] volumes should store data" classname="Kubernetes e2e suite" status="skipped" time="0">
              <skipped message="skipped"></skipped>
          </testcase>
          <testcase name="[It] [sig-storage] CSI Volumes [Driver: csi-hostpath] [Testpattern: Generic Ephemeral-volume (default fs) (late-binding)] ephemeral should support multiple inline ephemeral volumes" classname="Kubernetes e2e suite" status="skipped" time="0">
              <skipped message="skipped"></skipped>
          </testcase>
          <testcase name="[It] [sig-storage] In-tree Volumes [Driver: local] [LocalVolumeType: dir-link] [Testpattern: Dynamic PV (block volmode)] provisioning should provision correct filesystem size when restoring snapshot to larger size pvc [Feature:VolumeSnapshotDataSource]" classname="Kubernetes e2e suite" status="skipped" time="0">
              <skipped message="skipped"></skipped>
          </testcase>
          <testcase name="[It] [sig-storage] In-tree Volumes [Driver: local] [LocalVolumeType: dir-bindmounted] [Testpattern: Dynamic PV (ntfs)] [Feature:Windows] multiVolume [Slow] should concurrently access the single volume from pods on different node" classname="Kubernetes e2e suite" status="skipped" time="0">
              <skipped message="skipped"></skipped>
          </testcase>
          <testcase name="[It] [sig-storage] In-tree Volumes [Driver: hostPath] [Testpattern: Dynamic PV (default fs)] provisioning should provision storage with snapshot data source [Feature:VolumeSnapshotDataSource]" classname="Kubernetes e2e suite" status="skipped" time="0">
              <skipped message="skipped"></skipped>
          </testcase>
          <testcase name="[It] [sig-storage] In-tree Volumes [Driver: hostPathSymlink] [Testpattern: Dynamic PV (ntfs)] [Feature:Windows] subPath should fail if subpath with backstepping is outside the volume [Slow] [LinuxOnly]" classname="Kubernetes e2e suite" status="skipped" time="0">
              <skipped message="skipped"></skipped>
          </testcase>
          <testcase name="[It] [sig-storage] In-tree Volumes [Driver: local] [LocalVolumeType: tmpfs] [Testpattern: Dynamic PV (ntfs)] [Feature:Windows] subPath should support non-existent path" classname="Kubernetes e2e suite" status="skipped" time="0">
              <skipped message="skipped"></skipped>
          </testcase>
          <testcase name="[It] [sig-autoscaling] Cluster size autoscaling [Slow] should be able to scale down by draining system pods with pdb [Feature:ClusterSizeAutoscalingScaleDown]" classname="Kubernetes e2e suite" status="skipped" time="0">
              <skipped message="skipped"></skipped>
          </testcase>
          <testcase name="[It] [sig-network] EndpointSlice should support creating EndpointSlice API operations [Conformance]" classname="Kubernetes e2e suite" status="passed" time="0.095615584"></testcase>
          <testcase name="[It] [sig-storage] In-tree Volumes [Driver: nfs] [Testpattern: Dynamic PV (block volmode)] provisioning should provision storage with any volume data source [Serial]" classname="Kubernetes e2e suite" status="skipped" time="0">
              <skipped message="skipped"></skipped>
          </testcase>
          <testcase name="[It] [sig-storage] In-tree Volumes [Driver: nfs] [Testpattern: Dynamic PV (default fs)] provisioning should provision storage with any volume data source [Serial]" classname="Kubernetes e2e suite" status="skipped" time="0">
              <skipped message="skipped"></skipped>
          </testcase>
          <testcase name="[It] [sig-network] DNS HostNetwork spec.Hostname field is silently ignored and the node hostname is used when hostNetwork is set to true for a Pod" classname="Kubernetes e2e suite" status="skipped" time="0">
              <skipped message="skipped"></skipped>
          </testcase>
          <testcase name="[It] [sig-storage] In-tree Volumes [Driver: local] [LocalVolumeType: gce-localssd-scsi-fs] [Serial] [Testpattern: Pre-provisioned PV (default fs)] subPath should support existing directory" classname="Kubernetes e2e suite" status="skipped" time="0">
              <skipped message="skipped"></skipped>
          </testcase>
          <testcase name="[It] [sig-storage] Downward API volume should update annotations on modification [NodeConformance] [Conformance]" classname="Kubernetes e2e suite" status="passed" time="6.610817844"></testcase>
          <testcase name="[It] [sig-storage] In-tree Volumes [Driver: iscsi] [Feature:Volumes] [Testpattern: Inline-volume (default fs)] subPath should be able to unmount after the subpath directory is deleted [LinuxOnly]" classname="Kubernetes e2e suite" status="skipped" time="0">
              <skipped message="skipped"></skipped>
          </testcase>
          <testcase name="[It] [sig-storage] Projected configMap should be consumable from pods in volume with defaultMode set [LinuxOnly] [NodeConformance] [Conformance]" classname="Kubernetes e2e suite" status="passed" time="4.08357513"></testcase>
          <testcase name="[It] [sig-network] [Feature:IPv6DualStack] Granular Checks: Services Secondary IP Family [LinuxOnly] should function for endpoint-Service: udp" classname="Kubernetes e2e suite" status="skipped" time="0">
              <skipped message="skipped"></skipped>
          </testcase>
          <testcase name="[It] [sig-storage] In-tree Volumes [Driver: azure-file] [Testpattern: Dynamic PV (default fs)] volumes should allow exec of files on the volume" classname="Kubernetes e2e suite" status="skipped" time="0">
              <skipped message="skipped"></skipped>
          </testcase>
          <testcase name="[It] [sig-storage] CSI Volumes [Driver: pd.csi.storage.gke.io] [Serial] [Testpattern: Dynamic PV (xfs)] [Slow] multiVolume [Slow] should access to two volumes with the same volume mode and retain data across pod recreation on different node" classname="Kubernetes e2e suite" status="skipped" time="0">
              <skipped message="skipped"></skipped>
          </testcase>
          <testcase name="[It] [sig-apps] StatefulSet Scaling StatefulSetStartOrdinal Increasing .start.ordinal" classname="Kubernetes e2e suite" status="skipped" time="0">
              <skipped message="skipped"></skipped>
          </testcase>
          <testcase name="[It] [sig-storage] In-tree Volumes [Driver: azure-file] [Testpattern: Dynamic PV (block volmode)(allowExpansion)] volume-expand should resize volume when PVC is edited while pod is using it" classname="Kubernetes e2e suite" status="skipped" time="0">
              <skipped message="skipped"></skipped>
          </testcase>
          <testcase name="[It] [sig-storage] In-tree Volumes [Driver: local] [LocalVolumeType: dir-link] [Testpattern: Dynamic PV (block volmode)] provisioning should provision storage with snapshot data source (ROX mode) [Feature:VolumeSnapshotDataSource]" classname="Kubernetes e2e suite" status="skipped" time="0">
              <skipped message="skipped"></skipped>
          </testcase>
          <testcase name="[It] [sig-storage] In-tree Volumes [Driver: local] [LocalVolumeType: dir-link-bindmounted] [Testpattern: Pre-provisioned PV (filesystem volmode)] multiVolume [Slow] should concurrently access the volume and its clone from pods on the same node [LinuxOnly] [Feature:VolumeSourceXFS]" classname="Kubernetes e2e suite" status="skipped" time="0">
              <skipped message="skipped"></skipped>
          </testcase>
          <testcase name="[It] [sig-storage] In-tree Volumes [Driver: azure-file] [Testpattern: Dynamic PV (filesystem volmode)] multiVolume [Slow] should concurrently access the volume and restored snapshot from pods on the same node [LinuxOnly] [Feature:VolumeSnapshotDataSource] [Feature:VolumeSourceXFS]" classname="Kubernetes e2e suite" status="skipped" time="0">
              <skipped message="skipped"></skipped>
          </testcase>
          <testcase name="[It] [sig-storage] In-tree Volumes [Driver: local] [LocalVolumeType: tmpfs] [Testpattern: Dynamic PV (filesystem volmode)] volumeMode should fail to use a volume in a pod with mismatched mode [Slow]" classname="Kubernetes e2e suite" status="skipped" time="0">
              <skipped message="skipped"></skipped>
          </testcase>
          <testcase name="[It] [sig-storage] CSI Volumes [Driver: pd.csi.storage.gke.io] [Serial] [Testpattern: Pre-provisioned PV (default fs)] subPath should fail if non-existent subpath is outside the volume [Slow] [LinuxOnly]" classname="Kubernetes e2e suite" status="skipped" time="0">
              <skipped message="skipped"></skipped>
          </testcase>
          <testcase name="[It] [sig-storage] In-tree Volumes [Driver: local] [LocalVolumeType: tmpfs] [Testpattern: Pre-provisioned PV (block volmode)] disruptive [Disruptive] [LinuxOnly] Should test that pv used in a pod that is force deleted while the kubelet is down cleans up when the kubelet returns." classname="Kubernetes e2e suite" status="skipped" time="0">
              <skipped message="skipped"></skipped>
          </testcase>
          <testcase name="[It] [sig-storage] In-tree Volumes [Driver: nfs] [Testpattern: Dynamic PV (default fs)] subPath should support file as subpath [LinuxOnly]" classname="Kubernetes e2e suite" status="skipped" time="0">
              <skipped message="skipped"></skipped>
          </testcase>
          <testcase name="[It] [sig-scheduling] SchedulerPreemption [Serial] validates basic preemption works [Conformance]" classname="Kubernetes e2e suite" status="passed" time="64.212289318"></testcase>
          <testcase name="[It] [sig-storage] In-tree Volumes [Driver: hostPathSymlink] [Testpattern: Dynamic PV (default fs)] fsgroupchangepolicy (OnRootMismatch)[LinuxOnly], pod created with an initial fsgroup, volume contents ownership changed via chgrp in first pod, new pod with different fsgroup applied to the volume contents" classname="Kubernetes e2e suite" status="skipped" time="0">
              <skipped message="skipped"></skipped>
          </testcase>
          <testcase name="[It] [sig-storage] In-tree Volumes [Driver: iscsi] [Feature:Volumes] [Testpattern: Pre-provisioned PV (default fs)] subPath should support restarting containers using directory as subpath [Slow]" classname="Kubernetes e2e suite" status="skipped" time="0">
              <skipped message="skipped"></skipped>
          </testcase>
          <testcase name="[It] [sig-storage] In-tree Volumes [Driver: local] [LocalVolumeType: dir-link] [Testpattern: Dynamic PV (default fs)] fsgroupchangepolicy (OnRootMismatch)[LinuxOnly], pod created with an initial fsgroup, volume contents ownership changed via chgrp in first pod, new pod with same fsgroup skips ownership changes to the volume contents" classname="Kubernetes e2e suite" status="skipped" time="0">
              <skipped message="skipped"></skipped>
          </testcase>
          <testcase name="[It] [sig-storage] In-tree Volumes [Driver: azure-disk] [Testpattern: Dynamic PV (ntfs)] [Feature:Windows] provisioning should provision storage with pvc data source (ROX mode)" classname="Kubernetes e2e suite" status="skipped" time="0">
              <skipped message="skipped"></skipped>
          </testcase>
          <testcase name="[It] [sig-storage] In-tree Volumes [Driver: local] [LocalVolumeType: blockfs] [Testpattern: Dynamic PV (default fs)] provisioning should mount multiple PV pointing to the same storage on the same node" classname="Kubernetes e2e suite" status="skipped" time="0">
              <skipped message="skipped"></skipped>
          </testcase>
          <testcase name="[It] [sig-api-machinery] Namespaces [Serial] should apply changes to a namespace status [Conformance]" classname="Kubernetes e2e suite" status="passed" time="0.026426118"></testcase>
          <testcase name="[It] [sig-storage] In-tree Volumes [Driver: emptydir] [Testpattern: Dynamic PV (block volmode)] volume-expand should not allow expansion of pvcs without AllowVolumeExpansion property" classname="Kubernetes e2e suite" status="skipped" time="0">
              <skipped message="skipped"></skipped>
          </testcase>
          <testcase name="[It] [sig-storage] In-tree Volumes [Driver: hostPath] [Testpattern: Dynamic PV (block volmode)] volume-expand should not allow expansion of pvcs without AllowVolumeExpansion property" classname="Kubernetes e2e suite" status="skipped" time="0">
              <skipped message="skipped"></skipped>
          </testcase>
          <testcase name="[It] [sig-storage] In-tree Volumes [Driver: hostPathSymlink] [Testpattern: Pre-provisioned PV (block volmode)] multiVolume [Slow] should concurrently access the single read-only volume from pods on the same node" classname="Kubernetes e2e suite" status="skipped" time="0">
              <skipped message="skipped"></skipped>
          </testcase>
          <testcase name="[It] [sig-storage] In-tree Volumes [Driver: azure-disk] [Testpattern: Inline-volume (ntfs)] [Feature:Windows] volumes should allow exec of files on the volume" classname="Kubernetes e2e suite" status="skipped" time="0">
              <skipped message="skipped"></skipped>
          </testcase>
          <testcase name="[It] [sig-storage] In-tree Volumes [Driver: local] [LocalVolumeType: dir-link] [Testpattern: Pre-provisioned PV (block volmode)] disruptive [Disruptive] [LinuxOnly] Should test that pv used in a pod that is force deleted while the kubelet is down cleans up when the kubelet returns." classname="Kubernetes e2e suite" status="skipped" time="0">
              <skipped message="skipped"></skipped>
          </testcase>
          <testcase name="[It] [sig-cli] Kubectl Port forwarding With a server listening on localhost should support forwarding over websockets" classname="Kubernetes e2e suite" status="skipped" time="0">
              <skipped message="skipped"></skipped>
          </testcase>
          <testcase name="[It] [sig-storage] In-tree Volumes [Driver: local] [LocalVolumeType: dir-bindmounted] [Testpattern: Dynamic PV (block volmode)] volumeMode should fail to use a volume in a pod with mismatched mode [Slow]" classname="Kubernetes e2e suite" status="skipped" time="0">
              <skipped message="skipped"></skipped>
          </testcase>
          <testcase name="[It] [sig-apps] CronJob should set the cronjob-scheduled-timestamp annotation on a job" classname="Kubernetes e2e suite" status="skipped" time="0">
              <skipped message="skipped"></skipped>
          </testcase>
          <testcase name="[It] [sig-apps] Job should allow to use a pod failure policy to ignore failure matching on DisruptionTarget condition [Conformance]" classname="Kubernetes e2e suite" status="passed" time="50.276041887"></testcase>
          <testcase name="[It] [sig-storage] In-tree Volumes [Driver: azure-file] [Testpattern: Pre-provisioned PV (block volmode)] multiVolume [Slow] should concurrently access the single read-only volume from pods on the same node" classname="Kubernetes e2e suite" status="skipped" time="0">
              <skipped message="skipped"></skipped>
          </testcase>
          <testcase name="[It] [sig-storage] In-tree Volumes [Driver: local] [LocalVolumeType: gce-localssd-scsi-fs] [Serial] [Testpattern: Dynamic PV (xfs)] [Slow] multiVolume [Slow] should access to two volumes with different volume mode and retain data across pod recreation on different node" classname="Kubernetes e2e suite" status="skipped" time="0">
              <skipped message="skipped"></skipped>
          </testcase>
          <testcase name="[It] [sig-network] Connectivity Pod Lifecycle should be able to connect to other Pod from a terminating Pod" classname="Kubernetes e2e suite" status="skipped" time="0">
              <skipped message="skipped"></skipped>
          </testcase>
          <testcase name="[It] [sig-storage] In-tree Volumes [Driver: local] [LocalVolumeType: blockfs] [Testpattern: Dynamic PV (ntfs)] [Feature:Windows] subPath should verify container cannot write to subpath readonly volumes [Slow]" classname="Kubernetes e2e suite" status="skipped" time="0">
              <skipped message="skipped"></skipped>
          </testcase>
          <testcase name="[It] [sig-storage] In-tree Volumes [Driver: cinder] [Testpattern: Dynamic PV (ntfs)] [Feature:Windows] subPath should support restarting containers using file as subpath [Slow] [LinuxOnly]" classname="Kubernetes e2e suite" status="skipped" time="0">
              <skipped message="skipped"></skipped>
          </testcase>
          <testcase name="[It] [sig-storage] In-tree Volumes [Driver: iscsi] [Feature:Volumes] [Testpattern: Dynamic PV (block volmode)(allowExpansion)] volume-expand should resize volume when PVC is edited while pod is using it" classname="Kubernetes e2e suite" status="skipped" time="0">
              <skipped message="skipped"></skipped>
          </testcase>
          <testcase name="[It] [sig-storage] In-tree Volumes [Driver: nfs] [Testpattern: Dynamic PV (ext4)] volumes should store data" classname="Kubernetes e2e suite" status="skipped" time="0">
              <skipped message="skipped"></skipped>
          </testcase>
          <testcase name="[It] [sig-storage] In-tree Volumes [Driver: local] [LocalVolumeType: gce-localssd-scsi-fs] [Serial] [Testpattern: Generic Ephemeral-volume (default fs)] volumeLimits should verify that all csinodes have volume limits" classname="Kubernetes e2e suite" status="skipped" time="0">
              <skipped message="skipped"></skipped>
          </testcase>
          <testcase name="[It] [sig-scheduling] SchedulerPredicates [Serial] validates local ephemeral storage resource limits of pods that are allowed to run" classname="Kubernetes e2e suite" status="skipped" time="0">
              <skipped message="skipped"></skipped>
          </testcase>
          <testcase name="[It] [sig-api-machinery] ResourceQuota [Feature:PodPriority] should verify ResourceQuota&#39;s priority class scope (quota set to pod count: 1) against 2 pods with different priority class." classname="Kubernetes e2e suite" status="skipped" time="0">
              <skipped message="skipped"></skipped>
          </testcase>
          <testcase name="[It] [sig-storage] In-tree Volumes [Driver: local] [LocalVolumeType: tmpfs] [Testpattern: Dynamic PV (xfs)] [Slow] multiVolume [Slow] should concurrently access the volume and its clone from pods on the same node [LinuxOnly] [Feature:VolumeSourceXFS]" classname="Kubernetes e2e suite" status="skipped" time="0">
              <skipped message="skipped"></skipped>
          </testcase>
          <testcase name="[It] [sig-node] InitContainer [NodeConformance] should not start app containers if init containers fail on a RestartAlways pod [Conformance]" classname="Kubernetes e2e suite" status="passed" time="47.619442478"></testcase>
          <testcase name="[It] [sig-storage] In-tree Volumes [Driver: local] [LocalVolumeType: blockfs] [Testpattern: Dynamic PV (default fs)] provisioning should provision storage with snapshot data source [Feature:VolumeSnapshotDataSource]" classname="Kubernetes e2e suite" status="skipped" time="0">
              <skipped message="skipped"></skipped>
          </testcase>
          <testcase name="[It] [sig-storage] In-tree Volumes [Driver: cinder] [Testpattern: Dynamic PV (ntfs)] [Feature:Windows] multiVolume [Slow] should concurrently access the single volume from pods on different node" classname="Kubernetes e2e suite" status="skipped" time="0">
              <skipped message="skipped"></skipped>
          </testcase>
          <testcase name="[It] [sig-storage] In-tree Volumes [Driver: local] [LocalVolumeType: dir-bindmounted] [Testpattern: Inline-volume (default fs)] subPath should support existing directories when readOnly specified in the volumeSource" classname="Kubernetes e2e suite" status="skipped" time="0">
              <skipped message="skipped"></skipped>
          </testcase>
          <testcase name="[It] [sig-storage] CSI Volumes [Driver: csi-hostpath] [Testpattern: Pre-provisioned Snapshot (retain policy)] snapshottable [Feature:VolumeSnapshotDataSource] volume snapshot controller  should check snapshot fields, check restore correctly works after modifying source data, check deletion (persistent)" classname="Kubernetes e2e suite" status="skipped" time="0">
              <skipped message="skipped"></skipped>
          </testcase>
          <testcase name="[It] [sig-node] Variable Expansion should allow composing env vars into new env vars [NodeConformance] [Conformance]" classname="Kubernetes e2e suite" status="passed" time="4.069923575"></testcase>
          <testcase name="[It] [sig-storage] In-tree Volumes [Driver: azure-file] [Testpattern: Dynamic PV (default fs)] subPath should support non-existent path" classname="Kubernetes e2e suite" status="skipped" time="0">
              <skipped message="skipped"></skipped>
          </testcase>
          <testcase name="[It] [sig-storage] In-tree Volumes [Driver: local] [LocalVolumeType: dir-link-bindmounted] [Testpattern: Dynamic PV (block volmode)] volume-stress multiple pods should access different volumes repeatedly [Slow] [Serial]" classname="Kubernetes e2e suite" status="skipped" time="0">
              <skipped message="skipped"></skipped>
          </testcase>
          <testcase name="[It] [sig-node] Security Context When creating a container with runAsNonRoot should not run without a specified user ID" classname="Kubernetes e2e suite" status="skipped" time="0">
              <skipped message="skipped"></skipped>
          </testcase>
          <testcase name="[It] [sig-storage] In-tree Volumes [Driver: local] [LocalVolumeType: blockfs] [Testpattern: Dynamic PV (ext4)] multiVolume [Slow] should concurrently access the single read-only volume from pods on the same node" classname="Kubernetes e2e suite" status="skipped" time="0">
              <skipped message="skipped"></skipped>
          </testcase>
          <testcase name="[It] [sig-storage] CSI Volumes [Driver: pd.csi.storage.gke.io] [Serial] [Testpattern: Pre-provisioned Snapshot (delete policy)] snapshottable [Feature:VolumeSnapshotDataSource] volume snapshot controller  should check snapshot fields, check restore correctly works after modifying source data, check deletion (persistent)" classname="Kubernetes e2e suite" status="skipped" time="0">
              <skipped message="skipped"></skipped>
          </testcase>
          <testcase name="[It] [sig-storage] In-tree Volumes [Driver: local] [LocalVolumeType: gce-localssd-scsi-fs] [Serial] [Testpattern: Dynamic PV (block volmode)] provisioning should provision storage with pvc data source" classname="Kubernetes e2e suite" status="skipped" time="0">
              <skipped message="skipped"></skipped>
          </testcase>
          <testcase name="[It] [sig-storage] PersistentVolumes-local [Volume type: dir-link-bindmounted] Set fsGroup for local volume should set different fsGroup for second pod if first pod is deleted [Flaky]" classname="Kubernetes e2e suite" status="skipped" time="0">
              <skipped message="skipped"></skipped>
          </testcase>
          <testcase name="[It] [sig-storage] In-tree Volumes [Driver: cinder] [Testpattern: Dynamic PV (block volmode)] multiVolume [Slow] should concurrently access the single volume from pods on different node" classname="Kubernetes e2e suite" status="skipped" time="0">
              <skipped message="skipped"></skipped>
          </testcase>
          <testcase name="[It] [sig-node] kubelet kubectl get --raw &#34;/api/v1/nodes/&lt;insert-node-name-here&gt;/proxy/logs/?query=/&lt;insert-log-file-name-here&gt; [Feature:NodeLogQuery] should return the kubelet logs" classname="Kubernetes e2e suite" status="skipped" time="0">
              <skipped message="skipped"></skipped>
          </testcase>
          <testcase name="[It] [sig-storage] In-tree Volumes [Driver: azure-disk] [Testpattern: Inline-volume (ntfs)] [Feature:Windows] volumes should store data" classname="Kubernetes e2e suite" status="skipped" time="0">
              <skipped message="skipped"></skipped>
          </testcase>
          <testcase name="[It] [sig-storage] CSI Volumes [Driver: pd.csi.storage.gke.io] [Serial] [Testpattern: Pre-provisioned PV (filesystem volmode)] disruptive [Disruptive] [LinuxOnly] Should test that pv written before kubelet restart is readable after restart." classname="Kubernetes e2e suite" status="skipped" time="0">
              <skipped message="skipped"></skipped>
          </testcase>
          <testcase name="[It] [sig-storage] In-tree Volumes [Driver: azure-file] [Testpattern: Pre-provisioned PV (ntfs)] [Feature:Windows] volumes should store data" classname="Kubernetes e2e suite" status="skipped" time="0">
              <skipped message="skipped"></skipped>
          </testcase>
          <testcase name="[It] [sig-storage] In-tree Volumes [Driver: local] [LocalVolumeType: dir-link] [Testpattern: Inline-volume (default fs)] subPath should support existing directories when readOnly specified in the volumeSource" classname="Kubernetes e2e suite" status="skipped" time="0">
              <skipped message="skipped"></skipped>
          </testcase>
          <testcase name="[It] [sig-network] [Feature:IPv6DualStack] should create pod, add ipv6 and ipv4 ip to host ips" classname="Kubernetes e2e suite" status="skipped" time="0">
              <skipped message="skipped"></skipped>
          </testcase>
          <testcase name="[It] [sig-storage] In-tree Volumes [Driver: azure-disk] [Testpattern: Inline-volume (xfs)] [Slow] volumes should allow exec of files on the volume" classname="Kubernetes e2e suite" status="skipped" time="0">
              <skipped message="skipped"></skipped>
          </testcase>
          <testcase name="[It] [sig-storage] CSI Volumes [Driver: csi-hostpath] [Testpattern: Dynamic PV (ntfs)] [Feature:Windows] multiVolume [Slow] should access to two volumes with different volume mode and retain data across pod recreation on the same node" classname="Kubernetes e2e suite" status="skipped" time="0">
              <skipped message="skipped"></skipped>
          </testcase>
          <testcase name="[It] [sig-storage] In-tree Volumes [Driver: emptydir] [Testpattern: Dynamic PV (ntfs)] [Feature:Windows] subPath should verify container cannot write to subpath readonly volumes [Slow]" classname="Kubernetes e2e suite" status="skipped" time="0">
              <skipped message="skipped"></skipped>
          </testcase>
          <testcase name="[It] [sig-storage] In-tree Volumes [Driver: local] [LocalVolumeType: dir-bindmounted] [Testpattern: Dynamic PV (default fs)] fsgroupchangepolicy (Always)[LinuxOnly], pod created with an initial fsgroup, volume contents ownership changed via chgrp in first pod, new pod with different fsgroup applied to the volume contents" classname="Kubernetes e2e suite" status="skipped" time="0">
              <skipped message="skipped"></skipped>
          </testcase>
          <testcase name="[It] [sig-storage] In-tree Volumes [Driver: local] [LocalVolumeType: blockfs] [Testpattern: Generic Ephemeral-volume (block volmode) (late-binding)] ephemeral should support multiple inline ephemeral volumes" classname="Kubernetes e2e suite" status="skipped" time="0">
              <skipped message="skipped"></skipped>
          </testcase>
          <testcase name="[It] [sig-api-machinery] Garbage collector should orphan RS created by deployment when deleteOptions.PropagationPolicy is Orphan [Conformance]" classname="Kubernetes e2e suite" status="passed" time="1.116858017"></testcase>
          <testcase name="[It] [sig-storage] In-tree Volumes [Driver: local] [LocalVolumeType: dir-link] [Testpattern: Pre-provisioned PV (default fs)] subPath should support creating multiple subpath from same volumes [Slow]" classname="Kubernetes e2e suite" status="skipped" time="0">
              <skipped message="skipped"></skipped>
          </testcase>
          <testcase name="[It] [sig-storage] In-tree Volumes [Driver: local] [LocalVolumeType: tmpfs] [Testpattern: Dynamic PV (block volmode)] provisioning should provision storage with pvc data source" classname="Kubernetes e2e suite" status="skipped" time="0">
              <skipped message="skipped"></skipped>
          </testcase>
          <testcase name="[It] [sig-apps] Deployment deployment should support rollover [Conformance]" classname="Kubernetes e2e suite" status="passed" time="21.110393582"></testcase>
          <testcase name="[It] [sig-network] KubeProxy should update metric for tracking accepted packets destined for localhost nodeports" classname="Kubernetes e2e suite" status="skipped" time="0">
              <skipped message="skipped"></skipped>
          </testcase>
          <testcase name="[It] [sig-storage] In-tree Volumes [Driver: local] [LocalVolumeType: blockfs] [Testpattern: Dynamic PV (ntfs)] [Feature:Windows] provisioning should mount multiple PV pointing to the same storage on the same node" classname="Kubernetes e2e suite" status="skipped" time="0">
              <skipped message="skipped"></skipped>
          </testcase>
          <testcase name="[It] [sig-storage] CSI Volumes [Driver: pd.csi.storage.gke.io] [Serial] [Testpattern: Dynamic PV (filesystem volmode)] multiVolume [Slow] should access to two volumes with the same volume mode and retain data across pod recreation on different node" classname="Kubernetes e2e suite" status="skipped" time="0">
              <skipped message="skipped"></skipped>
          </testcase>
          <testcase name="[It] [sig-storage] CSI Volumes [Driver: csi-hostpath] [Testpattern: Pre-provisioned PV (default fs)] subPath should support existing directory" classname="Kubernetes e2e suite" status="skipped" time="0">
              <skipped message="skipped"></skipped>
          </testcase>
          <testcase name="[It] [sig-storage] In-tree Volumes [Driver: local] [LocalVolumeType: dir-bindmounted] [Testpattern: Dynamic PV (ntfs)] [Feature:Windows] provisioning should provision storage with pvc data source in parallel [Slow]" classname="Kubernetes e2e suite" status="skipped" time="0">
              <skipped message="skipped"></skipped>
          </testcase>
          <testcase name="[It] [sig-node] Downward API should provide pod UID as env vars [NodeConformance] [Conformance]" classname="Kubernetes e2e suite" status="passed" time="4.061163623"></testcase>
          <testcase name="[It] [sig-storage] In-tree Volumes [Driver: azure-file] [Testpattern: Dynamic PV (default fs)] subPath should support existing directories when readOnly specified in the volumeSource" classname="Kubernetes e2e suite" status="skipped" time="0">
              <skipped message="skipped"></skipped>
          </testcase>
          <testcase name="[It] [sig-storage] In-tree Volumes [Driver: azure-disk] [Testpattern: Pre-provisioned PV (block volmode)] multiVolume [Slow] should concurrently access the volume and its clone from pods on the same node [LinuxOnly] [Feature:VolumeSourceXFS]" classname="Kubernetes e2e suite" status="skipped" time="0">
              <skipped message="skipped"></skipped>
          </testcase>
          <testcase name="[It] [sig-storage] In-tree Volumes [Driver: local] [LocalVolumeType: dir-bindmounted] [Testpattern: Dynamic PV (default fs)] subPath should unmount if pod is gracefully deleted while kubelet is down [Disruptive] [Slow] [LinuxOnly]" classname="Kubernetes e2e suite" status="skipped" time="0">
              <skipped message="skipped"></skipped>
          </testcase>
          <testcase name="[It] [sig-network] Networking Granular Checks: Services should update endpoints: udp" classname="Kubernetes e2e suite" status="skipped" time="0">
              <skipped message="skipped"></skipped>
          </testcase>
          <testcase name="[It] [sig-storage] In-tree Volumes [Driver: cinder] [Testpattern: Pre-provisioned PV (default fs)] subPath should support non-existent path" classname="Kubernetes e2e suite" status="skipped" time="0">
              <skipped message="skipped"></skipped>
          </testcase>
          <testcase name="[It] [sig-storage] CSI Volumes [Driver: csi-hostpath] [Testpattern: Dynamic PV (filesystem volmode)] multiVolume [Slow] should access to two volumes with different volume mode and retain data across pod recreation on different node" classname="Kubernetes e2e suite" status="skipped" time="0">
              <skipped message="skipped"></skipped>
          </testcase>
          <testcase name="[It] [sig-storage] In-tree Volumes [Driver: vsphere] [Testpattern: Pre-provisioned PV (block volmode)] volumeMode should fail to use a volume in a pod with mismatched mode [Slow]" classname="Kubernetes e2e suite" status="skipped" time="0">
              <skipped message="skipped"></skipped>
          </testcase>
          <testcase name="[It] [sig-storage] In-tree Volumes [Driver: nfs] [Testpattern: Dynamic PV (filesystem volmode)] multiVolume [Slow] should concurrently access the single volume from pods on the same node" classname="Kubernetes e2e suite" status="skipped" time="0">
              <skipped message="skipped"></skipped>
          </testcase>
          <testcase name="[It] [sig-storage] In-tree Volumes [Driver: local] [LocalVolumeType: dir-bindmounted] [Testpattern: Pre-provisioned PV (block volmode)] multiVolume [Slow] should access to two volumes with the same volume mode and retain data across pod recreation on different node" classname="Kubernetes e2e suite" status="skipped" time="0">
              <skipped message="skipped"></skipped>
          </testcase>
          <testcase name="[It] [sig-storage] In-tree Volumes [Driver: local] [LocalVolumeType: block] [Testpattern: Generic Ephemeral-volume (block volmode) (late-binding)] ephemeral should support expansion of pvcs created for ephemeral pvcs" classname="Kubernetes e2e suite" status="skipped" time="0">
              <skipped message="skipped"></skipped>
          </testcase>
          <testcase name="[It] [sig-storage] In-tree Volumes [Driver: local] [LocalVolumeType: tmpfs] [Testpattern: Pre-provisioned PV (block volmode)] disruptive [Disruptive] [LinuxOnly] Should test that pv used in a pod that is deleted while the kubelet is down cleans up when the kubelet returns." classname="Kubernetes e2e suite" status="skipped" time="0">
              <skipped message="skipped"></skipped>
          </testcase>
          <testcase name="[It] [sig-storage] In-tree Volumes [Driver: azure-file] [Testpattern: Pre-provisioned PV (xfs)] [Slow] volumes should store data" classname="Kubernetes e2e suite" status="skipped" time="0">
              <skipped message="skipped"></skipped>
          </testcase>
          <testcase name="[It] [sig-storage] In-tree Volumes [Driver: local] [LocalVolumeType: dir-link] [Testpattern: Dynamic PV (ntfs)] [Feature:Windows] provisioning should provision correct filesystem size when restoring snapshot to larger size pvc [Feature:VolumeSnapshotDataSource]" classname="Kubernetes e2e suite" status="skipped" time="0">
              <skipped message="skipped"></skipped>
          </testcase>
          <testcase name="[It] [sig-storage] In-tree Volumes [Driver: azure-disk] [Testpattern: Pre-provisioned PV (filesystem volmode)] multiVolume [Slow] should concurrently access the volume and its clone from pods on the same node [LinuxOnly] [Feature:VolumeSourceXFS]" classname="Kubernetes e2e suite" status="skipped" time="0">
              <skipped message="skipped"></skipped>
          </testcase>
          <testcase name="[It] [sig-api-machinery] CustomResourcePublishOpenAPI [Privileged:ClusterAdmin] updates the published spec when one version gets renamed [Conformance]" classname="Kubernetes e2e suite" status="passed" time="6.704195022"></testcase>
          <testcase name="[It] [sig-storage] In-tree Volumes [Driver: local] [LocalVolumeType: block] [Testpattern: Inline-volume (ext4)] volumes should store data" classname="Kubernetes e2e suite" status="skipped" time="0">
              <skipped message="skipped"></skipped>
          </testcase>
          <testcase name="[It] [sig-storage] In-tree Volumes [Driver: local] [LocalVolumeType: tmpfs] [Testpattern: Pre-provisioned PV (block volmode)] multiVolume [Slow] should access to two volumes with different volume mode and retain data across pod recreation on different node" classname="Kubernetes e2e suite" status="skipped" time="0">
              <skipped message="skipped"></skipped>
          </testcase>
          <testcase name="[It] [sig-storage] CSI Volumes [Driver: csi-hostpath] [Testpattern: Dynamic PV (ntfs)] [Feature:Windows] subPath should be able to unmount after the subpath directory is deleted [LinuxOnly]" classname="Kubernetes e2e suite" status="skipped" time="0">
              <skipped message="skipped"></skipped>
          </testcase>
          <testcase name="[It] [sig-network] Netpol NetworkPolicy between server and client should allow ingress access from updated pod [Feature:NetworkPolicy]" classname="Kubernetes e2e suite" status="skipped" time="0">
              <skipped message="skipped"></skipped>
          </testcase>
          <testcase name="[It] [sig-storage] In-tree Volumes [Driver: azure-disk] [Testpattern: Pre-provisioned PV (default fs)] volumes should store data" classname="Kubernetes e2e suite" status="skipped" time="0">
              <skipped message="skipped"></skipped>
          </testcase>
          <testcase name="[It] [sig-apps] Job should apply changes to a job status [Conformance]" classname="Kubernetes e2e suite" status="passed" time="2.054926284"></testcase>
          <testcase name="[It] [sig-storage] In-tree Volumes [Driver: azure-disk] [Testpattern: Pre-provisioned PV (default fs)] subPath should support restarting containers using file as subpath [Slow] [LinuxOnly]" classname="Kubernetes e2e suite" status="skipped" time="0">
              <skipped message="skipped"></skipped>
          </testcase>
          <testcase name="[It] [sig-storage] In-tree Volumes [Driver: local] [LocalVolumeType: dir] [Testpattern: Dynamic PV (default fs)] subPath should fail if subpath with backstepping is outside the volume [Slow] [LinuxOnly]" classname="Kubernetes e2e suite" status="skipped" time="0">
              <skipped message="skipped"></skipped>
          </testcase>
          <testcase name="[It] [sig-storage] In-tree Volumes [Driver: local] [LocalVolumeType: gce-localssd-scsi-fs] [Serial] [Testpattern: Inline-volume (ext4)] volumes should allow exec of files on the volume" classname="Kubernetes e2e suite" status="skipped" time="0">
              <skipped message="skipped"></skipped>
          </testcase>
          <testcase name="[It] [sig-storage] In-tree Volumes [Driver: emptydir] [Testpattern: Dynamic PV (block volmode)] provisioning should provision storage with mount options" classname="Kubernetes e2e suite" status="skipped" time="0">
              <skipped message="skipped"></skipped>
          </testcase>
          <testcase name="[It] [sig-storage] In-tree Volumes [Driver: local] [LocalVolumeType: blockfs] [Testpattern: Pre-provisioned PV (filesystem volmode)] disruptive [Disruptive] [LinuxOnly] Should test that pv used in a pod that is deleted while the kubelet is down is usable by a new pod with a different SELinux context when kubelet returns [Feature:SELinux]" classname="Kubernetes e2e suite" status="skipped" time="0">
              <skipped message="skipped"></skipped>
          </testcase>
          <testcase name="[It] [sig-storage] In-tree Volumes [Driver: local] [LocalVolumeType: tmpfs] [Testpattern: Dynamic PV (default fs)(allowExpansion)] volume-expand Verify if offline PVC expansion works" classname="Kubernetes e2e suite" status="skipped" time="0">
              <skipped message="skipped"></skipped>
          </testcase>
          <testcase name="[It] [sig-storage] HostPathType File [Slow] Should fail on mounting file &#39;afile&#39; when HostPathType is HostPathBlockDev" classname="Kubernetes e2e suite" status="skipped" time="0">
              <skipped message="skipped"></skipped>
          </testcase>
          <testcase name="[It] [sig-storage] CSI Volumes [Driver: csi-hostpath] [Testpattern: Inline-volume (default fs)] volumes should store data" classname="Kubernetes e2e suite" status="skipped" time="0">
              <skipped message="skipped"></skipped>
          </testcase>
          <testcase name="[It] [sig-storage] In-tree Volumes [Driver: emptydir] [Testpattern: Dynamic PV (filesystem volmode)] multiVolume [Slow] should concurrently access the single volume from pods on different node" classname="Kubernetes e2e suite" status="skipped" time="0">
              <skipped message="skipped"></skipped>
          </testcase>
          <testcase name="[It] [sig-storage] In-tree Volumes [Driver: local] [LocalVolumeType: dir-link] [Testpattern: Dynamic PV (xfs)] [Slow] multiVolume [Slow] should concurrently access the single read-only volume from pods on the same node" classname="Kubernetes e2e suite" status="skipped" time="0">
              <skipped message="skipped"></skipped>
          </testcase>
          <testcase name="[It] [sig-storage] In-tree Volumes [Driver: local] [LocalVolumeType: gce-localssd-scsi-fs] [Serial] [Testpattern: Pre-provisioned PV (block volmode)] multiVolume [Slow] should concurrently access the volume and its clone from pods on the same node [LinuxOnly] [Feature:VolumeSourceXFS]" classname="Kubernetes e2e suite" status="skipped" time="0">
              <skipped message="skipped"></skipped>
          </testcase>
          <testcase name="[It] [sig-storage] CSINodes CSI Conformance should run through the lifecycle of a csinode [Conformance]" classname="Kubernetes e2e suite" status="passed" time="0.106108009"></testcase>
          <testcase name="[It] [sig-storage] In-tree Volumes [Driver: nfs] [Testpattern: Pre-provisioned PV (filesystem volmode)] disruptive [Disruptive] [LinuxOnly] Should test that pv written before kubelet restart is readable after restart." classname="Kubernetes e2e suite" status="skipped" time="0">
              <skipped message="skipped"></skipped>
          </testcase>
          <testcase name="[It] [sig-storage] In-tree Volumes [Driver: hostPath] [Testpattern: Inline-volume (default fs)] volumes should store data" classname="Kubernetes e2e suite" status="skipped" time="0">
              <skipped message="skipped"></skipped>
          </testcase>
          <testcase name="[It] [sig-api-machinery] Discovery Custom resource should have storage version hash" classname="Kubernetes e2e suite" status="skipped" time="0">
              <skipped message="skipped"></skipped>
          </testcase>
          <testcase name="[It] [sig-storage] In-tree Volumes [Driver: hostPath] [Testpattern: Generic Ephemeral-volume (default fs)] volumeLimits should support volume limits [Serial]" classname="Kubernetes e2e suite" status="skipped" time="0">
              <skipped message="skipped"></skipped>
          </testcase>
          <testcase name="[It] [sig-storage] In-tree Volumes [Driver: azure-file] [Testpattern: Dynamic PV (ext4)] multiVolume [Slow] should concurrently access the single read-only volume from pods on the same node" classname="Kubernetes e2e suite" status="skipped" time="0">
              <skipped message="skipped"></skipped>
          </testcase>
          <testcase name="[It] [sig-apps] DaemonRestart [Disruptive] Controller Manager should not create/delete replicas across restart" classname="Kubernetes e2e suite" status="skipped" time="0">
              <skipped message="skipped"></skipped>
          </testcase>
          <testcase name="[It] [sig-storage] CSI Volumes [Driver: pd.csi.storage.gke.io] [Serial] [Testpattern: Dynamic PV (ntfs)] [Feature:Windows] subPath should support creating multiple subpath from same volumes [Slow]" classname="Kubernetes e2e suite" status="skipped" time="0">
              <skipped message="skipped"></skipped>
          </testcase>
          <testcase name="[It] [sig-scheduling] Multi-AZ Clusters should spread the pods of a replication controller across zones [Serial]" classname="Kubernetes e2e suite" status="skipped" time="0">
              <skipped message="skipped"></skipped>
          </testcase>
          <testcase name="[It] [sig-storage] In-tree Volumes [Driver: azure-file] [Testpattern: Dynamic PV (default fs)] subPath should fail if subpath directory is outside the volume [Slow] [LinuxOnly]" classname="Kubernetes e2e suite" status="skipped" time="0">
              <skipped message="skipped"></skipped>
          </testcase>
          <testcase name="[It] [sig-storage] In-tree Volumes [Driver: local] [LocalVolumeType: dir-link] [Testpattern: Dynamic PV (ntfs)] [Feature:Windows] provisioning should provision storage with snapshot data source (ROX mode) [Feature:VolumeSnapshotDataSource]" classname="Kubernetes e2e suite" status="skipped" time="0">
              <skipped message="skipped"></skipped>
          </testcase>
          <testcase name="[It] [sig-storage] In-tree Volumes [Driver: hostPathSymlink] [Testpattern: Dynamic PV (default fs)] subPath should be able to unmount after the subpath directory is deleted [LinuxOnly]" classname="Kubernetes e2e suite" status="skipped" time="0">
              <skipped message="skipped"></skipped>
          </testcase>
          <testcase name="[It] [sig-storage] In-tree Volumes [Driver: iscsi] [Feature:Volumes] [Testpattern: Dynamic PV (ntfs)] [Feature:Windows] subPath should support creating multiple subpath from same volumes [Slow]" classname="Kubernetes e2e suite" status="skipped" time="0">
              <skipped message="skipped"></skipped>
          </testcase>
          <testcase name="[It] [sig-storage] In-tree Volumes [Driver: local] [LocalVolumeType: dir-bindmounted] [Testpattern: Pre-provisioned PV (block volmode)] volumes should store data" classname="Kubernetes e2e suite" status="skipped" time="0">
              <skipped message="skipped"></skipped>
          </testcase>
          <testcase name="[It] [sig-storage] In-tree Volumes [Driver: iscsi] [Feature:Volumes] [Testpattern: Pre-provisioned PV (default fs)] subPath should verify container cannot write to subpath readonly volumes [Slow]" classname="Kubernetes e2e suite" status="skipped" time="0">
              <skipped message="skipped"></skipped>
          </testcase>
          <testcase name="[It] [sig-storage] In-tree Volumes [Driver: hostPathSymlink] [Testpattern: Dynamic PV (filesystem volmode)] multiVolume [Slow] should concurrently access the single volume from pods on the same node" classname="Kubernetes e2e suite" status="skipped" time="0">
              <skipped message="skipped"></skipped>
          </testcase>
          <testcase name="[It] [sig-api-machinery] CoordinatedLeaderElection [Feature:CoordinatedLeaderElection] [FeatureGate:CoordinatedLeaderElection] [Beta] [Feature:OffByDefault] multiple LeaseCandidate" classname="Kubernetes e2e suite" status="skipped" time="0">
              <skipped message="skipped"></skipped>
          </testcase>
          <testcase name="[It] [sig-apps] StatefulSet AvailableReplicas should get updated accordingly when MinReadySeconds is enabled" classname="Kubernetes e2e suite" status="skipped" time="0">
              <skipped message="skipped"></skipped>
          </testcase>
          <testcase name="[It] [sig-storage] CSI Volumes [Driver: csi-hostpath] [Testpattern: Inline-volume (xfs)] [Slow] volumes should store data" classname="Kubernetes e2e suite" status="skipped" time="0">
              <skipped message="skipped"></skipped>
          </testcase>
          <testcase name="[It] [sig-network] Services should have session affinity work for service with type clusterIP [LinuxOnly] [Conformance]" classname="Kubernetes e2e suite" status="passed" time="4.463384986"></testcase>
          <testcase name="[It] [sig-storage] In-tree Volumes [Driver: nfs] [Testpattern: Dynamic PV (default fs)] provisioning should provision storage with pvc data source (ROX mode)" classname="Kubernetes e2e suite" status="skipped" time="0">
              <skipped message="skipped"></skipped>
          </testcase>
          <testcase name="[It] [sig-storage] Secrets should be consumable from pods in volume with mappings and Item Mode set [LinuxOnly] [NodeConformance] [Conformance]" classname="Kubernetes e2e suite" status="passed" time="2.07531537"></testcase>
          <testcase name="[It] [sig-storage] In-tree Volumes [Driver: local] [LocalVolumeType: dir] [Testpattern: Dynamic PV (block volmode)] multiVolume [Slow] should concurrently access the single read-only volume from pods on the same node" classname="Kubernetes e2e suite" status="skipped" time="0">
              <skipped message="skipped"></skipped>
          </testcase>
          <testcase name="[It] [sig-storage] In-tree Volumes [Driver: azure-file] [Testpattern: Dynamic PV (default fs)] subPath should support readOnly directory specified in the volumeMount" classname="Kubernetes e2e suite" status="skipped" time="0">
              <skipped message="skipped"></skipped>
          </testcase>
          <testcase name="[It] [sig-storage] In-tree Volumes [Driver: local] [LocalVolumeType: tmpfs] [Testpattern: Dynamic PV (block volmode)] provisioning should provision storage with snapshot data source [Feature:VolumeSnapshotDataSource]" classname="Kubernetes e2e suite" status="skipped" time="0">
              <skipped message="skipped"></skipped>
          </testcase>
          <testcase name="[It] [sig-network] Services should work after restarting kube-proxy [Disruptive]" classname="Kubernetes e2e suite" status="skipped" time="0">
              <skipped message="skipped"></skipped>
          </testcase>
          <testcase name="[It] [sig-storage] In-tree Volumes [Driver: iscsi] [Feature:Volumes] [Testpattern: Dynamic PV (xfs)] [Slow] multiVolume [Slow] should access to two volumes with the same volume mode and retain data across pod recreation on different node" classname="Kubernetes e2e suite" status="skipped" time="0">
              <skipped message="skipped"></skipped>
          </testcase>
          <testcase name="[It] [sig-api-machinery] CustomResourcePublishOpenAPI [Privileged:ClusterAdmin] [Flaky] kubectl explain works for CR with the same resource name as built-in object." classname="Kubernetes e2e suite" status="skipped" time="0">
              <skipped message="skipped"></skipped>
          </testcase>
          <testcase name="[It] [sig-storage] In-tree Volumes [Driver: hostPathSymlink] [Testpattern: Pre-provisioned PV (filesystem volmode)] disruptive [Disruptive] [LinuxOnly] Should test that pv written before kubelet restart is readable after restart." classname="Kubernetes e2e suite" status="skipped" time="0">
              <skipped message="skipped"></skipped>
          </testcase>
          <testcase name="[It] [sig-node] DRA [Feature:DynamicResourceAllocation] [FeatureGate:DynamicResourceAllocation] [Beta] [Feature:OffByDefault] on single node removes reservation from claim when pod is done" classname="Kubernetes e2e suite" status="skipped" time="0">
              <skipped message="skipped"></skipped>
          </testcase>
          <testcase name="[It] [sig-storage] CSI Volumes [Driver: csi-hostpath] [Testpattern: Pre-provisioned PV (ext4)] volumes should allow exec of files on the volume" classname="Kubernetes e2e suite" status="skipped" time="0">
              <skipped message="skipped"></skipped>
          </testcase>
          <testcase name="[It] [sig-storage] Projected downwardAPI should provide container&#39;s memory request [NodeConformance] [Conformance]" classname="Kubernetes e2e suite" status="passed" time="2.066778478"></testcase>
          <testcase name="[It] [sig-storage] In-tree Volumes [Driver: local] [LocalVolumeType: dir] [Testpattern: Dynamic PV (filesystem volmode)] volumeLimits should support volume limits [Serial]" classname="Kubernetes e2e suite" status="skipped" time="0">
              <skipped message="skipped"></skipped>
          </testcase>
          <testcase name="[It] [sig-storage] In-tree Volumes [Driver: cinder] [Testpattern: Inline-volume (default fs)] volumeIO should write files of various sizes, verify size, validate content [Slow]" classname="Kubernetes e2e suite" status="skipped" time="0">
              <skipped message="skipped"></skipped>
          </testcase>
          <testcase name="[It] [sig-storage] In-tree Volumes [Driver: local] [LocalVolumeType: dir] [Testpattern: Dynamic PV (xfs)] [Slow] multiVolume [Slow] should concurrently access the single read-only volume from pods on the same node" classname="Kubernetes e2e suite" status="skipped" time="0">
              <skipped message="skipped"></skipped>
          </testcase>
          <testcase name="[It] [sig-storage] In-tree Volumes [Driver: vsphere] [Testpattern: Generic Ephemeral-volume (default fs) (late-binding)] ephemeral should create read/write inline ephemeral volume" classname="Kubernetes e2e suite" status="skipped" time="0">
              <skipped message="skipped"></skipped>
          </testcase>
          <testcase name="[It] [sig-storage] In-tree Volumes [Driver: local] [LocalVolumeType: gce-localssd-scsi-fs] [Serial] [Testpattern: Dynamic PV (ext4)] multiVolume [Slow] should access to two volumes with different volume mode and retain data across pod recreation on different node" classname="Kubernetes e2e suite" status="skipped" time="0">
              <skipped message="skipped"></skipped>
          </testcase>
          <testcase name="[It] [sig-network] Services should check NodePort out-of-range" classname="Kubernetes e2e suite" status="skipped" time="0">
              <skipped message="skipped"></skipped>
          </testcase>
          <testcase name="[It] [sig-storage] CSI Volumes [Driver: csi-hostpath] [Testpattern: Dynamic PV (default fs)] volumeIO should write files of various sizes, verify size, validate content [Slow]" classname="Kubernetes e2e suite" status="skipped" time="0">
              <skipped message="skipped"></skipped>
          </testcase>
          <testcase name="[It] [sig-storage] In-tree Volumes [Driver: local] [LocalVolumeType: tmpfs] [Testpattern: Pre-provisioned PV (default fs)] subPath should support readOnly file specified in the volumeMount [LinuxOnly]" classname="Kubernetes e2e suite" status="skipped" time="0">
              <skipped message="skipped"></skipped>
          </testcase>
          <testcase name="[It] [sig-storage] In-tree Volumes [Driver: local] [LocalVolumeType: gce-localssd-scsi-fs] [Serial] [Testpattern: Pre-provisioned PV (ext4)] volumes should allow exec of files on the volume" classname="Kubernetes e2e suite" status="skipped" time="0">
              <skipped message="skipped"></skipped>
          </testcase>
          <testcase name="[It] [sig-storage] In-tree Volumes [Driver: local] [LocalVolumeType: blockfs] [Testpattern: Dynamic PV (ntfs)] [Feature:Windows] provisioning should provision storage with pvc data source in parallel [Slow]" classname="Kubernetes e2e suite" status="skipped" time="0">
              <skipped message="skipped"></skipped>
          </testcase>
          <testcase name="[It] [sig-storage] In-tree Volumes [Driver: local] [LocalVolumeType: blockfs] [Testpattern: Pre-provisioned PV (block volmode)] multiVolume [Slow] should concurrently access the volume and restored snapshot from pods on the same node [LinuxOnly] [Feature:VolumeSnapshotDataSource] [Feature:VolumeSourceXFS]" classname="Kubernetes e2e suite" status="skipped" time="0">
              <skipped message="skipped"></skipped>
          </testcase>
          <testcase name="[It] [sig-storage] In-tree Volumes [Driver: vsphere] [Testpattern: Dynamic PV (default fs)] subPath should support non-existent path" classname="Kubernetes e2e suite" status="skipped" time="0">
              <skipped message="skipped"></skipped>
          </testcase>
          <testcase name="[It] [sig-storage] CSI Volumes [Driver: csi-hostpath] [Testpattern: Dynamic PV (ntfs)] [Feature:Windows] subPath should verify container cannot write to subpath readonly volumes [Slow]" classname="Kubernetes e2e suite" status="skipped" time="0">
              <skipped message="skipped"></skipped>
          </testcase>
          <testcase name="[It] [sig-storage] In-tree Volumes [Driver: azure-file] [Testpattern: Generic Ephemeral-volume (default fs) (immediate-binding)] ephemeral should support multiple inline ephemeral volumes" classname="Kubernetes e2e suite" status="skipped" time="0">
              <skipped message="skipped"></skipped>
          </testcase>
          <testcase name="[It] [sig-storage] In-tree Volumes [Driver: local] [LocalVolumeType: dir-bindmounted] [Testpattern: Dynamic PV (block volmode)] provisioning should provision storage with pvc data source" classname="Kubernetes e2e suite" status="skipped" time="0">
              <skipped message="skipped"></skipped>
          </testcase>
          <testcase name="[It] [sig-storage] In-tree Volumes [Driver: azure-disk] [Testpattern: Dynamic PV (ntfs)] [Feature:Windows] volumes should allow exec of files on the volume" classname="Kubernetes e2e suite" status="skipped" time="0">
              <skipped message="skipped"></skipped>
          </testcase>
          <testcase name="[It] [sig-windows] [Feature:WindowsHyperVContainers] HyperV containers should start a hyperv isolated container" classname="Kubernetes e2e suite" status="skipped" time="0">
              <skipped message="skipped"></skipped>
          </testcase>
          <testcase name="[It] [sig-node] Pods Extended (pod generation) [Feature:PodObservedGenerationTracking] [FeatureGate:PodObservedGenerationTracking] [Alpha] [Feature:OffByDefault] Pod Generation pod observedGeneration field set in pod conditions" classname="Kubernetes e2e suite" status="skipped" time="0">
              <skipped message="skipped"></skipped>
          </testcase>
          <testcase name="[It] [sig-storage] In-tree Volumes [Driver: local] [LocalVolumeType: dir] [Testpattern: Inline-volume (ext4)] volumes should store data" classname="Kubernetes e2e suite" status="skipped" time="0">
              <skipped message="skipped"></skipped>
          </testcase>
          <testcase name="[It] [sig-storage] In-tree Volumes [Driver: local] [LocalVolumeType: gce-localssd-scsi-fs] [Serial] [Testpattern: Dynamic PV (xfs)] [Slow] multiVolume [Slow] should concurrently access the volume and restored snapshot from pods on the same node [LinuxOnly] [Feature:VolumeSnapshotDataSource] [Feature:VolumeSourceXFS]" classname="Kubernetes e2e suite" status="skipped" time="0">
              <skipped message="skipped"></skipped>
          </testcase>
          <testcase name="[It] [sig-storage] In-tree Volumes [Driver: azure-file] [Testpattern: Dynamic PV (filesystem volmode)] volumeLimits should verify that all csinodes have volume limits" classname="Kubernetes e2e suite" status="skipped" time="0">
              <skipped message="skipped"></skipped>
          </testcase>
          <testcase name="[It] [sig-api-machinery] ResourceQuota [Feature:PodPriority] should verify ResourceQuota&#39;s priority class scope (quota set to pod count: 1) against 2 pods with same priority class." classname="Kubernetes e2e suite" status="skipped" time="0">
              <skipped message="skipped"></skipped>
          </testcase>
          <testcase name="[It] [sig-storage] In-tree Volumes [Driver: hostPathSymlink] [Testpattern: Dynamic PV (ntfs)] [Feature:Windows] multiVolume [Slow] should access to two volumes with the same volume mode and retain data across pod recreation on different node" classname="Kubernetes e2e suite" status="skipped" time="0">
              <skipped message="skipped"></skipped>
          </testcase>
          <testcase name="[It] [sig-apps] ReplicationController should adopt matching pods on creation [Conformance]" classname="Kubernetes e2e suite" status="passed" time="3.054157842"></testcase>
          <testcase name="[It] [sig-storage] CSI Volumes [Driver: pd.csi.storage.gke.io] [Serial] [Testpattern: Dynamic PV (ext3)] volumes should allow exec of files on the volume" classname="Kubernetes e2e suite" status="skipped" time="0">
              <skipped message="skipped"></skipped>
          </testcase>
          <testcase name="[It] [sig-storage] In-tree Volumes [Driver: local] [LocalVolumeType: dir-link-bindmounted] [Testpattern: Inline-volume (default fs)] subPath should support restarting containers using directory as subpath [Slow]" classname="Kubernetes e2e suite" status="skipped" time="0">
              <skipped message="skipped"></skipped>
          </testcase>
          <testcase name="[It] [sig-network] Topology Hints should distribute endpoints evenly" classname="Kubernetes e2e suite" status="skipped" time="0">
              <skipped message="skipped"></skipped>
          </testcase>
          <testcase name="[It] [sig-storage] In-tree Volumes [Driver: hostPathSymlink] [Testpattern: Generic Ephemeral-volume (block volmode) (late-binding)] ephemeral should support multiple inline ephemeral volumes" classname="Kubernetes e2e suite" status="skipped" time="0">
              <skipped message="skipped"></skipped>
          </testcase>
          <testcase name="[It] [sig-node] [Feature:PodLifecycleSleepAction] when create a pod with lifecycle hook using sleep action reduce GracePeriodSeconds during runtime" classname="Kubernetes e2e suite" status="skipped" time="0">
              <skipped message="skipped"></skipped>
          </testcase>
          <testcase name="[It] [sig-storage] In-tree Volumes [Driver: local] [LocalVolumeType: dir] [Testpattern: Pre-provisioned PV (block volmode)] disruptive [Disruptive] [LinuxOnly] Should test that pv used in a pod that is deleted while the kubelet is down cleans up when the kubelet returns." classname="Kubernetes e2e suite" status="skipped" time="0">
              <skipped message="skipped"></skipped>
          </testcase>
          <testcase name="[It] [sig-storage] In-tree Volumes [Driver: local] [LocalVolumeType: dir-link] [Testpattern: Dynamic PV (ntfs)] [Feature:Windows] multiVolume [Slow] should access to two volumes with different volume mode and retain data across pod recreation on the same node" classname="Kubernetes e2e suite" status="skipped" time="0">
              <skipped message="skipped"></skipped>
          </testcase>
          <testcase name="[It] [sig-storage] In-tree Volumes [Driver: local] [LocalVolumeType: tmpfs] [Testpattern: Dynamic PV (block volmode)] multiVolume [Slow] should concurrently access the single volume from pods on different node" classname="Kubernetes e2e suite" status="skipped" time="0">
              <skipped message="skipped"></skipped>
          </testcase>
          <testcase name="[It] [sig-storage] In-tree Volumes [Driver: emptydir] [Testpattern: Dynamic PV (filesystem volmode)] multiVolume [Slow] should concurrently access the single read-only volume from pods on the same node" classname="Kubernetes e2e suite" status="skipped" time="0">
              <skipped message="skipped"></skipped>
          </testcase>
          <testcase name="[It] [sig-node] DRA [Feature:DynamicResourceAllocation] [FeatureGate:DynamicResourceAllocation] [Beta] [Feature:OffByDefault] on single node retries pod scheduling after updating device class" classname="Kubernetes e2e suite" status="skipped" time="0">
              <skipped message="skipped"></skipped>
          </testcase>
          <testcase name="[It] [sig-storage] In-tree Volumes [Driver: azure-file] [Testpattern: Dynamic PV (filesystem volmode)] disruptive [Disruptive] [LinuxOnly] Should test that pv used in a pod that is deleted while the kubelet is down is usable by a new pod when kubelet returns [Feature:SELinux]" classname="Kubernetes e2e suite" status="skipped" time="0">
              <skipped message="skipped"></skipped>
          </testcase>
          <testcase name="[It] [sig-node] Kubelet when scheduling a busybox command that always fails in a pod should be possible to delete [NodeConformance] [Conformance]" classname="Kubernetes e2e suite" status="passed" time="0.099338093"></testcase>
          <testcase name="[It] [sig-storage] In-tree Volumes [Driver: local] [LocalVolumeType: dir-bindmounted] [Testpattern: Dynamic PV (ntfs)] [Feature:Windows] multiVolume [Slow] should concurrently access the volume and its clone from pods on the same node [LinuxOnly] [Feature:VolumeSourceXFS]" classname="Kubernetes e2e suite" status="skipped" time="0">
              <skipped message="skipped"></skipped>
          </testcase>
          <testcase name="[It] [sig-node] Pods should support pod readiness gates [NodeConformance]" classname="Kubernetes e2e suite" status="skipped" time="0">
              <skipped message="skipped"></skipped>
          </testcase>
          <testcase name="[It] [sig-storage] In-tree Volumes [Driver: azure-file] [Testpattern: Pre-provisioned PV (default fs)] subPath should support existing directory" classname="Kubernetes e2e suite" status="skipped" time="0">
              <skipped message="skipped"></skipped>
          </testcase>
          <testcase name="[It] [sig-storage] In-tree Volumes [Driver: vsphere] [Testpattern: Inline-volume (default fs)] subPath should fail if subpath with backstepping is outside the volume [Slow] [LinuxOnly]" classname="Kubernetes e2e suite" status="skipped" time="0">
              <skipped message="skipped"></skipped>
          </testcase>
          <testcase name="[It] [sig-storage] In-tree Volumes [Driver: local] [LocalVolumeType: block] [Testpattern: Dynamic PV (ntfs)] [Feature:Windows] subPath should support creating multiple subpath from same volumes [Slow]" classname="Kubernetes e2e suite" status="skipped" time="0">
              <skipped message="skipped"></skipped>
          </testcase>
          <testcase name="[It] [sig-storage] CSI Volumes [Driver: csi-hostpath] [Testpattern: Dynamic PV (ntfs)(allowExpansion)] [Feature:Windows] volume-expand Verify if offline PVC expansion works" classname="Kubernetes e2e suite" status="skipped" time="0">
              <skipped message="skipped"></skipped>
          </testcase>
          <testcase name="[It] [sig-storage] CSI Volumes [Driver: pd.csi.storage.gke.io] [Serial] [Testpattern: Dynamic PV (ntfs)] [Feature:Windows] subPath should support existing directory" classname="Kubernetes e2e suite" status="skipped" time="0">
              <skipped message="skipped"></skipped>
          </testcase>
          <testcase name="[It] [sig-storage] In-tree Volumes [Driver: hostPathSymlink] [Testpattern: Generic Ephemeral-volume (block volmode) (late-binding)] ephemeral should create read-only inline ephemeral volume" classname="Kubernetes e2e suite" status="skipped" time="0">
              <skipped message="skipped"></skipped>
          </testcase>
          <testcase name="[It] [sig-storage] In-tree Volumes [Driver: local] [LocalVolumeType: blockfs] [Testpattern: Pre-provisioned PV (ext3)] volumes should store data" classname="Kubernetes e2e suite" status="skipped" time="0">
              <skipped message="skipped"></skipped>
          </testcase>
          <testcase name="[It] [sig-storage] In-tree Volumes [Driver: cinder] [Testpattern: Dynamic PV (default fs)] subPath should support readOnly directory specified in the volumeMount" classname="Kubernetes e2e suite" status="skipped" time="0">
              <skipped message="skipped"></skipped>
          </testcase>
          <testcase name="[It] [sig-storage] In-tree Volumes [Driver: local] [LocalVolumeType: dir-link-bindmounted] [Testpattern: Dynamic PV (ntfs)(allowExpansion)] [Feature:Windows] volume-expand should resize volume when PVC is edited while pod is using it" classname="Kubernetes e2e suite" status="skipped" time="0">
              <skipped message="skipped"></skipped>
          </testcase>
          <testcase name="[It] [sig-storage] CSI Volumes [Driver: pd.csi.storage.gke.io] [Serial] [Testpattern: Generic Ephemeral-volume (default fs) (late-binding)] ephemeral should create read-only inline ephemeral volume" classname="Kubernetes e2e suite" status="skipped" time="0">
              <skipped message="skipped"></skipped>
          </testcase>
          <testcase name="[It] [sig-storage] In-tree Volumes [Driver: local] [LocalVolumeType: gce-localssd-scsi-fs] [Serial] [Testpattern: Dynamic PV (default fs)] provisioning should provision storage with pvc data source (ROX mode)" classname="Kubernetes e2e suite" status="skipped" time="0">
              <skipped message="skipped"></skipped>
          </testcase>
          <testcase name="[It] [sig-storage] In-tree Volumes [Driver: local] [LocalVolumeType: blockfs] [Testpattern: Dynamic PV (ext4)] multiVolume [Slow] should concurrently access the volume and restored snapshot from pods on the same node [LinuxOnly] [Feature:VolumeSnapshotDataSource] [Feature:VolumeSourceXFS]" classname="Kubernetes e2e suite" status="skipped" time="0">
              <skipped message="skipped"></skipped>
          </testcase>
          <testcase name="[It] [sig-storage] CSI Volumes [Driver: pd.csi.storage.gke.io] [Serial] [Testpattern: Dynamic PV (default fs)] provisioning should provision storage with mount options" classname="Kubernetes e2e suite" status="skipped" time="0">
              <skipped message="skipped"></skipped>
          </testcase>
          <testcase name="[It] [sig-storage] In-tree Volumes [Driver: local] [LocalVolumeType: gce-localssd-scsi-fs] [Serial] [Testpattern: Dynamic PV (filesystem volmode)] multiVolume [Slow] should concurrently access the single volume from pods on different node" classname="Kubernetes e2e suite" status="skipped" time="0">
              <skipped message="skipped"></skipped>
          </testcase>
          <testcase name="[It] [sig-storage] In-tree Volumes [Driver: azure-disk] [Testpattern: Dynamic PV (default fs)] subPath should be able to unmount after the subpath directory is deleted [LinuxOnly]" classname="Kubernetes e2e suite" status="skipped" time="0">
              <skipped message="skipped"></skipped>
          </testcase>
          <testcase name="[It] [sig-storage] In-tree Volumes [Driver: hostPathSymlink] [Testpattern: Dynamic PV (filesystem volmode)] disruptive [Disruptive] [LinuxOnly] Should test that pv used in a pod that is force deleted while the kubelet is down is usable by a new pod when kubelet returns [Feature:SELinux]" classname="Kubernetes e2e suite" status="skipped" time="0">
              <skipped message="skipped"></skipped>
          </testcase>
          <testcase name="[It] [sig-storage] In-tree Volumes [Driver: azure-disk] [Testpattern: Dynamic PV (xfs)] [Slow] multiVolume [Slow] should access to two volumes with different volume mode and retain data across pod recreation on the same node" classname="Kubernetes e2e suite" status="skipped" time="0">
              <skipped message="skipped"></skipped>
          </testcase>
          <testcase name="[It] [sig-storage] In-tree Volumes [Driver: local] [LocalVolumeType: dir-link-bindmounted] [Testpattern: Dynamic PV (block volmode)] provisioning should provision storage with pvc data source (ROX mode)" classname="Kubernetes e2e suite" status="skipped" time="0">
              <skipped message="skipped"></skipped>
          </testcase>
          <testcase name="[It] [sig-storage] In-tree Volumes [Driver: vsphere] [Testpattern: Dynamic PV (ext4)] multiVolume [Slow] should concurrently access the volume and restored snapshot from pods on the same node [LinuxOnly] [Feature:VolumeSnapshotDataSource] [Feature:VolumeSourceXFS]" classname="Kubernetes e2e suite" status="skipped" time="0">
              <skipped message="skipped"></skipped>
          </testcase>
          <testcase name="[It] [sig-storage] In-tree Volumes [Driver: local] [LocalVolumeType: gce-localssd-scsi-fs] [Serial] [Testpattern: Inline-volume (default fs)] subPath should unmount if pod is gracefully deleted while kubelet is down [Disruptive] [Slow] [LinuxOnly]" classname="Kubernetes e2e suite" status="skipped" time="0">
              <skipped message="skipped"></skipped>
          </testcase>
          <testcase name="[It] [sig-api-machinery] AggregatedDiscovery should support raw aggregated discovery endpoint Accept headers [Conformance]" classname="Kubernetes e2e suite" status="passed" time="0.100405849"></testcase>
          <testcase name="[It] [sig-storage] In-tree Volumes [Driver: hostPathSymlink] [Testpattern: Dynamic PV (ntfs)] [Feature:Windows] provisioning should provision correct filesystem size when restoring snapshot to larger size pvc [Feature:VolumeSnapshotDataSource]" classname="Kubernetes e2e suite" status="skipped" time="0">
              <skipped message="skipped"></skipped>
          </testcase>
          <testcase name="[It] [sig-storage] In-tree Volumes [Driver: local] [LocalVolumeType: gce-localssd-scsi-fs] [Serial] [Testpattern: Dynamic PV (ntfs)] [Feature:Windows] subPath should support restarting containers using directory as subpath [Slow]" classname="Kubernetes e2e suite" status="skipped" time="0">
              <skipped message="skipped"></skipped>
          </testcase>
          <testcase name="[It] [sig-storage] CSI Volumes [Driver: pd.csi.storage.gke.io] [Serial] [Testpattern: Pre-provisioned PV (default fs)] subPath should support readOnly file specified in the volumeMount [LinuxOnly]" classname="Kubernetes e2e suite" status="skipped" time="0">
              <skipped message="skipped"></skipped>
          </testcase>
          <testcase name="[It] [sig-storage] In-tree Volumes [Driver: iscsi] [Feature:Volumes] [Testpattern: Pre-provisioned PV (default fs)] subPath should be able to unmount after the subpath directory is deleted [LinuxOnly]" classname="Kubernetes e2e suite" status="skipped" time="0">
              <skipped message="skipped"></skipped>
          </testcase>
          <testcase name="[It] [sig-storage] In-tree Volumes [Driver: emptydir] [Testpattern: Pre-provisioned PV (xfs)] [Slow] volumes should store data" classname="Kubernetes e2e suite" status="skipped" time="0">
              <skipped message="skipped"></skipped>
          </testcase>
          <testcase name="[It] [sig-storage] In-tree Volumes [Driver: emptydir] [Testpattern: Dynamic PV (block volmode)] multiVolume [Slow] should access to two volumes with the same volume mode and retain data across pod recreation on the same node" classname="Kubernetes e2e suite" status="skipped" time="0">
              <skipped message="skipped"></skipped>
          </testcase>
          <testcase name="[It] [sig-node] Pod InPlace Resize Container [FeatureGate:InPlacePodVerticalScaling] [Beta] Guaranteed QoS pod, one container, one restartable init container - decrease init container CPU" classname="Kubernetes e2e suite" status="skipped" time="0">
              <skipped message="skipped"></skipped>
          </testcase>
          <testcase name="[It] [sig-api-machinery] AdmissionWebhook [Privileged:ClusterAdmin] patching/updating a validating webhook should work [Conformance]" classname="Kubernetes e2e suite" status="passed" time="3.535846233"></testcase>
          <testcase name="[It] [sig-storage] In-tree Volumes [Driver: azure-file] [Testpattern: Generic Ephemeral-volume (block volmode) (late-binding)] ephemeral should support multiple inline ephemeral volumes" classname="Kubernetes e2e suite" status="skipped" time="0">
              <skipped message="skipped"></skipped>
          </testcase>
          <testcase name="[It] [sig-storage] In-tree Volumes [Driver: local] [LocalVolumeType: dir-bindmounted] [Testpattern: Pre-provisioned PV (default fs)] volumeIO should write files of various sizes, verify size, validate content [Slow]" classname="Kubernetes e2e suite" status="skipped" time="0">
              <skipped message="skipped"></skipped>
          </testcase>
          <testcase name="[It] [sig-storage] In-tree Volumes [Driver: local] [LocalVolumeType: dir] [Testpattern: Dynamic PV (ntfs)] [Feature:Windows] multiVolume [Slow] should concurrently access the volume and its clone from pods on the same node [LinuxOnly] [Feature:VolumeSourceXFS]" classname="Kubernetes e2e suite" status="skipped" time="0">
              <skipped message="skipped"></skipped>
          </testcase>
          <testcase name="[It] [sig-storage] In-tree Volumes [Driver: nfs] [Testpattern: Dynamic PV (ntfs)] [Feature:Windows] provisioning should provision storage with pvc data source" classname="Kubernetes e2e suite" status="skipped" time="0">
              <skipped message="skipped"></skipped>
          </testcase>
          <testcase name="[It] [sig-storage] In-tree Volumes [Driver: local] [LocalVolumeType: dir-link] [Testpattern: Inline-volume (default fs)] volumeIO should write files of various sizes, verify size, validate content [Slow]" classname="Kubernetes e2e suite" status="skipped" time="0">
              <skipped message="skipped"></skipped>
          </testcase>
          <testcase name="[It] [sig-storage] In-tree Volumes [Driver: azure-file] [Testpattern: Dynamic PV (default fs)] subPath should support restarting containers using file as subpath [Slow] [LinuxOnly]" classname="Kubernetes e2e suite" status="skipped" time="0">
              <skipped message="skipped"></skipped>
          </testcase>
          <testcase name="[It] [sig-node] DRA [Feature:DynamicResourceAllocation] [FeatureGate:DynamicResourceAllocation] [Beta] [Feature:OffByDefault] failed update" classname="Kubernetes e2e suite" status="skipped" time="0">
              <skipped message="skipped"></skipped>
          </testcase>
          <testcase name="[It] [sig-storage] In-tree Volumes [Driver: local] [LocalVolumeType: dir] [Testpattern: Dynamic PV (default fs)] volumes should allow exec of files on the volume" classname="Kubernetes e2e suite" status="skipped" time="0">
              <skipped message="skipped"></skipped>
          </testcase>
          <testcase name="[It] [sig-storage] In-tree Volumes [Driver: vsphere] [Testpattern: Generic Ephemeral-volume (block volmode) (late-binding)] ephemeral should create read-only inline ephemeral volume" classname="Kubernetes e2e suite" status="skipped" time="0">
              <skipped message="skipped"></skipped>
          </testcase>
          <testcase name="[It] [sig-storage] NFSPersistentVolumes [Disruptive] when kubelet restarts Should test that a volume mounted to a pod that is deleted while the kubelet is down unmounts when the kubelet returns." classname="Kubernetes e2e suite" status="skipped" time="0">
              <skipped message="skipped"></skipped>
          </testcase>
          <testcase name="[It] [sig-storage] In-tree Volumes [Driver: cinder] [Testpattern: Dynamic PV (default fs)] fsgroupchangepolicy (Always)[LinuxOnly], rwop pod created with an initial fsgroup, new pod fsgroup applied to volume contents" classname="Kubernetes e2e suite" status="skipped" time="0">
              <skipped message="skipped"></skipped>
          </testcase>
          <testcase name="[It] [sig-storage] In-tree Volumes [Driver: local] [LocalVolumeType: dir-link] [Testpattern: Dynamic PV (default fs)] subPath should support creating multiple subpath from same volumes [Slow]" classname="Kubernetes e2e suite" status="skipped" time="0">
              <skipped message="skipped"></skipped>
          </testcase>
          <testcase name="[It] [sig-network] [Feature:IPv6DualStack] Granular Checks: Services Secondary IP Family [LinuxOnly] should be able to handle large requests: udp" classname="Kubernetes e2e suite" status="skipped" time="0">
              <skipped message="skipped"></skipped>
          </testcase>
          <testcase name="[It] [sig-storage] In-tree Volumes [Driver: local] [LocalVolumeType: dir] [Testpattern: Dynamic PV (ntfs)] [Feature:Windows] subPath should unmount if pod is gracefully deleted while kubelet is down [Disruptive] [Slow] [LinuxOnly]" classname="Kubernetes e2e suite" status="skipped" time="0">
              <skipped message="skipped"></skipped>
          </testcase>
          <testcase name="[It] [sig-storage] In-tree Volumes [Driver: local] [LocalVolumeType: dir-link] [Testpattern: Pre-provisioned PV (filesystem volmode)] multiVolume [Slow] should concurrently access the volume and restored snapshot from pods on the same node [LinuxOnly] [Feature:VolumeSnapshotDataSource] [Feature:VolumeSourceXFS]" classname="Kubernetes e2e suite" status="skipped" time="0">
              <skipped message="skipped"></skipped>
          </testcase>
          <testcase name="[It] [sig-apps] DisruptionController should create a PodDisruptionBudget [Conformance]" classname="Kubernetes e2e suite" status="passed" time="6.068597426"></testcase>
          <testcase name="[It] [sig-storage] In-tree Volumes [Driver: iscsi] [Feature:Volumes] [Testpattern: Dynamic PV (default fs)] subPath should support readOnly directory specified in the volumeMount" classname="Kubernetes e2e suite" status="skipped" time="0">
              <skipped message="skipped"></skipped>
          </testcase>
          <testcase name="[It] [sig-storage] In-tree Volumes [Driver: nfs] [Testpattern: Dynamic PV (default fs)(allowExpansion)] volume-expand Verify if offline PVC expansion works" classname="Kubernetes e2e suite" status="skipped" time="0">
              <skipped message="skipped"></skipped>
          </testcase>
          <testcase name="[It] [sig-storage] In-tree Volumes [Driver: azure-file] [Testpattern: Dynamic PV (filesystem volmode)] disruptive [Disruptive] [LinuxOnly] Should test that pv written before kubelet restart is readable after restart." classname="Kubernetes e2e suite" status="skipped" time="0">
              <skipped message="skipped"></skipped>
          </testcase>
          <testcase name="[It] [sig-storage] CSI Volumes [Driver: csi-hostpath] [Testpattern: Dynamic PV (block volmode)] provisioning should provision storage with pvc data source (ROX mode)" classname="Kubernetes e2e suite" status="skipped" time="0">
              <skipped message="skipped"></skipped>
          </testcase>
          <testcase name="[It] [sig-storage] In-tree Volumes [Driver: local] [LocalVolumeType: dir] [Testpattern: Dynamic PV (default fs)] provisioning should provision storage with pvc data source in parallel [Slow]" classname="Kubernetes e2e suite" status="skipped" time="0">
              <skipped message="skipped"></skipped>
          </testcase>
          <testcase name="[It] [sig-storage] PersistentVolumes-local [Volume type: dir-bindmounted] Two pods mounting a local volume one after the other should be able to write from pod1 and read from pod2" classname="Kubernetes e2e suite" status="skipped" time="0">
              <skipped message="skipped"></skipped>
          </testcase>
          <testcase name="[It] [sig-node] KubeletManagedEtcHosts should test kubelet managed /etc/hosts file [NodeConformance] [Conformance]" classname="Kubernetes e2e suite" status="passed" time="4.6776282810000005"></testcase>
          <testcase name="[It] [sig-storage] In-tree Volumes [Driver: local] [LocalVolumeType: dir-bindmounted] [Testpattern: Pre-provisioned PV (filesystem volmode)] multiVolume [Slow] should access to two volumes with different volume mode and retain data across pod recreation on the same node" classname="Kubernetes e2e suite" status="skipped" time="0">
              <skipped message="skipped"></skipped>
          </testcase>
          <testcase name="[It] [sig-storage] In-tree Volumes [Driver: local] [LocalVolumeType: block] [Testpattern: Dynamic PV (ntfs)] [Feature:Windows] provisioning should provision correct filesystem size when restoring snapshot to larger size pvc [Feature:VolumeSnapshotDataSource]" classname="Kubernetes e2e suite" status="skipped" time="0">
              <skipped message="skipped"></skipped>
          </testcase>
          <testcase name="[It] [sig-storage] In-tree Volumes [Driver: azure-file] [Testpattern: Pre-provisioned PV (ext3)] volumes should store data" classname="Kubernetes e2e suite" status="skipped" time="0">
              <skipped message="skipped"></skipped>
          </testcase>
          <testcase name="[It] [sig-storage] In-tree Volumes [Driver: local] [LocalVolumeType: dir] [Testpattern: Pre-provisioned PV (ext4)] volumes should allow exec of files on the volume" classname="Kubernetes e2e suite" status="skipped" time="0">
              <skipped message="skipped"></skipped>
          </testcase>
          <testcase name="[It] [sig-windows] [Feature:Windows] Kubelet-Stats Kubelet stats collection for Windows nodes when windows is booted should return bootid within 10 seconds" classname="Kubernetes e2e suite" status="skipped" time="0">
              <skipped message="skipped"></skipped>
          </testcase>
          <testcase name="[It] [sig-storage] In-tree Volumes [Driver: local] [LocalVolumeType: blockfs] [Testpattern: Dynamic PV (block volmode)] provisioning should provision storage with mount options" classname="Kubernetes e2e suite" status="skipped" time="0">
              <skipped message="skipped"></skipped>
          </testcase>
          <testcase name="[It] [sig-storage] In-tree Volumes [Driver: local] [LocalVolumeType: dir] [Testpattern: Dynamic PV (ntfs)] [Feature:Windows] multiVolume [Slow] should access to two volumes with the same volume mode and retain data across pod recreation on different node" classname="Kubernetes e2e suite" status="skipped" time="0">
              <skipped message="skipped"></skipped>
          </testcase>
          <testcase name="[It] [sig-node] Ephemeral Containers [NodeConformance] will start an ephemeral container in an existing pod [Conformance]" classname="Kubernetes e2e suite" status="passed" time="12.166051956"></testcase>
          <testcase name="[It] [sig-storage] CSI Volumes [Driver: pd.csi.storage.gke.io] [Serial] [Testpattern: Generic Ephemeral-volume (block volmode) (late-binding)] ephemeral should support expansion of pvcs created for ephemeral pvcs" classname="Kubernetes e2e suite" status="skipped" time="0">
              <skipped message="skipped"></skipped>
          </testcase>
          <testcase name="[It] [sig-storage] Downward API volume should provide podname as non-root with fsgroup and defaultMode [LinuxOnly]" classname="Kubernetes e2e suite" status="skipped" time="0">
              <skipped message="skipped"></skipped>
          </testcase>
          <testcase name="[It] [sig-storage] In-tree Volumes [Driver: iscsi] [Feature:Volumes] [Testpattern: Pre-provisioned PV (ntfs)] [Feature:Windows] volumes should store data" classname="Kubernetes e2e suite" status="skipped" time="0">
              <skipped message="skipped"></skipped>
          </testcase>
          <testcase name="[It] [sig-storage] In-tree Volumes [Driver: hostPathSymlink] [Testpattern: Dynamic PV (default fs)] fsgroupchangepolicy (OnRootMismatch)[LinuxOnly], pod created with an initial fsgroup, volume contents ownership changed via chgrp in first pod, new pod with same fsgroup skips ownership changes to the volume contents" classname="Kubernetes e2e suite" status="skipped" time="0">
              <skipped message="skipped"></skipped>
          </testcase>
          <testcase name="[It] [sig-storage] In-tree Volumes [Driver: hostPath] [Testpattern: Pre-provisioned PV (default fs)] subPath should support non-existent path" classname="Kubernetes e2e suite" status="skipped" time="0">
              <skipped message="skipped"></skipped>
          </testcase>
          <testcase name="[It] [sig-storage] In-tree Volumes [Driver: local] [LocalVolumeType: gce-localssd-scsi-fs] [Serial] [Testpattern: Dynamic PV (default fs)(allowExpansion)] volume-expand should resize volume when PVC is edited while pod is using it" classname="Kubernetes e2e suite" status="skipped" time="0">
              <skipped message="skipped"></skipped>
          </testcase>
          <testcase name="[It] [sig-auth] ValidatingAdmissionPolicy can restrict access by-node" classname="Kubernetes e2e suite" status="skipped" time="0">
              <skipped message="skipped"></skipped>
          </testcase>
          <testcase name="[It] [sig-storage] CSI Volumes [Driver: csi-hostpath] [Testpattern: Dynamic PV (default fs)] subPath should be able to unmount after the subpath directory is deleted [LinuxOnly]" classname="Kubernetes e2e suite" status="skipped" time="0">
              <skipped message="skipped"></skipped>
          </testcase>
          <testcase name="[It] [sig-storage] In-tree Volumes [Driver: cinder] [Testpattern: Dynamic PV (ext4)] multiVolume [Slow] should access to two volumes with the same volume mode and retain data across pod recreation on the same node" classname="Kubernetes e2e suite" status="skipped" time="0">
              <skipped message="skipped"></skipped>
          </testcase>
          <testcase name="[It] [sig-storage] In-tree Volumes [Driver: vsphere] [Testpattern: Dynamic PV (delayed binding)] topology should provision a volume and schedule a pod with AllowedTopologies" classname="Kubernetes e2e suite" status="skipped" time="0">
              <skipped message="skipped"></skipped>
          </testcase>
          <testcase name="[It] [sig-storage] In-tree Volumes [Driver: local] [LocalVolumeType: dir-link] [Testpattern: Generic Ephemeral-volume (default fs)] volumeLimits should support volume limits [Serial]" classname="Kubernetes e2e suite" status="skipped" time="0">
              <skipped message="skipped"></skipped>
          </testcase>
          <testcase name="[It] [sig-storage] HostPathType Block Device [Slow] Should fail on mounting non-existent block device &#39;does-not-exist-blk-dev&#39; when HostPathType is HostPathBlockDev" classname="Kubernetes e2e suite" status="skipped" time="0">
              <skipped message="skipped"></skipped>
          </testcase>
          <testcase name="[It] [sig-storage] In-tree Volumes [Driver: local] [LocalVolumeType: dir-link] [Testpattern: Dynamic PV (default fs)] subPath should support restarting containers using file as subpath [Slow] [LinuxOnly]" classname="Kubernetes e2e suite" status="skipped" time="0">
              <skipped message="skipped"></skipped>
          </testcase>
          <testcase name="[It] [sig-storage] CSI Volumes [Driver: csi-hostpath] [Testpattern: Dynamic PV (ext4)] multiVolume [Slow] should access to two volumes with different volume mode and retain data across pod recreation on the same node" classname="Kubernetes e2e suite" status="skipped" time="0">
              <skipped message="skipped"></skipped>
          </testcase>
          <testcase name="[It] [sig-storage] In-tree Volumes [Driver: local] [LocalVolumeType: blockfs] [Testpattern: Generic Ephemeral-volume (default fs) (immediate-binding)] ephemeral should support expansion of pvcs created for ephemeral pvcs" classname="Kubernetes e2e suite" status="skipped" time="0">
              <skipped message="skipped"></skipped>
          </testcase>
          <testcase name="[It] [sig-storage] In-tree Volumes [Driver: local] [LocalVolumeType: tmpfs] [Testpattern: Pre-provisioned PV (default fs)] subPath should fail if subpath with backstepping is outside the volume [Slow] [LinuxOnly]" classname="Kubernetes e2e suite" status="skipped" time="0">
              <skipped message="skipped"></skipped>
          </testcase>
          <testcase name="[It] [sig-storage] CSI Volumes [Driver: csi-hostpath] [Testpattern: Generic Ephemeral-volume (default fs) (late-binding)] ephemeral should support two pods which have the same volume definition" classname="Kubernetes e2e suite" status="skipped" time="0">
              <skipped message="skipped"></skipped>
          </testcase>
          <testcase name="[It] [sig-storage] In-tree Volumes [Driver: cinder] [Testpattern: Dynamic PV (xfs)] [Slow] multiVolume [Slow] should access to two volumes with the same volume mode and retain data across pod recreation on different node" classname="Kubernetes e2e suite" status="skipped" time="0">
              <skipped message="skipped"></skipped>
          </testcase>
          <testcase name="[It] [sig-api-machinery] AdmissionWebhook [Privileged:ClusterAdmin] should be able to deny custom resource creation, update and deletion [Conformance]" classname="Kubernetes e2e suite" status="passed" time="6.7608633430000005"></testcase>
          <testcase name="[It] [sig-storage] In-tree Volumes [Driver: local] [LocalVolumeType: tmpfs] [Testpattern: Pre-provisioned PV (filesystem volmode)] disruptive [Disruptive] [LinuxOnly] Should test that pv used in a pod that is force deleted while the kubelet is down is usable by a new pod when kubelet returns [Feature:SELinux]" classname="Kubernetes e2e suite" status="skipped" time="0">
              <skipped message="skipped"></skipped>
          </testcase>
          <testcase name="[It] [sig-storage] In-tree Volumes [Driver: iscsi] [Feature:Volumes] [Testpattern: Dynamic PV (default fs)] provisioning should provision storage with mount options" classname="Kubernetes e2e suite" status="skipped" time="0">
              <skipped message="skipped"></skipped>
          </testcase>
          <testcase name="[It] [sig-storage] CSI Volumes [Driver: pd.csi.storage.gke.io] [Serial] [Testpattern: Inline-volume (ext3)] volumes should store data" classname="Kubernetes e2e suite" status="skipped" time="0">
              <skipped message="skipped"></skipped>
          </testcase>
          <testcase name="[It] [sig-storage] In-tree Volumes [Driver: local] [LocalVolumeType: dir-bindmounted] [Testpattern: Pre-provisioned PV (block volmode)] multiVolume [Slow] should concurrently access the single read-only volume from pods on the same node" classname="Kubernetes e2e suite" status="skipped" time="0">
              <skipped message="skipped"></skipped>
          </testcase>
          <testcase name="[It] [sig-scheduling] SchedulerPreemption [Serial] validates pod disruption condition is added to the preempted pod [Conformance]" classname="Kubernetes e2e suite" status="passed" time="64.64394177"></testcase>
          <testcase name="[It] [sig-storage] In-tree Volumes [Driver: hostPath] [Testpattern: Inline-volume (ext4)] volumes should allow exec of files on the volume" classname="Kubernetes e2e suite" status="skipped" time="0">
              <skipped message="skipped"></skipped>
          </testcase>
          <testcase name="[It] [sig-storage] In-tree Volumes [Driver: hostPathSymlink] [Testpattern: Dynamic PV (default fs)] subPath should support restarting containers using directory as subpath [Slow]" classname="Kubernetes e2e suite" status="skipped" time="0">
              <skipped message="skipped"></skipped>
          </testcase>
          <testcase name="[It] [sig-storage] PersistentVolumes-local [Volume type: dir] One pod requesting one prebound PVC should be able to mount volume and read from pod1" classname="Kubernetes e2e suite" status="skipped" time="0">
              <skipped message="skipped"></skipped>
          </testcase>
          <testcase name="[It] [sig-storage] In-tree Volumes [Driver: emptydir] [Testpattern: Inline-volume (default fs)] subPath should be able to unmount after the subpath directory is deleted [LinuxOnly]" classname="Kubernetes e2e suite" status="skipped" time="0">
              <skipped message="skipped"></skipped>
          </testcase>
          <testcase name="[It] [sig-storage] In-tree Volumes [Driver: emptydir] [Testpattern: Inline-volume (default fs)] subPath should support restarting containers using directory as subpath [Slow]" classname="Kubernetes e2e suite" status="skipped" time="0">
              <skipped message="skipped"></skipped>
          </testcase>
          <testcase name="[It] [sig-storage] In-tree Volumes [Driver: local] [LocalVolumeType: tmpfs] [Testpattern: Dynamic PV (block volmode)] multiVolume [Slow] should concurrently access the single volume from pods on the same node" classname="Kubernetes e2e suite" status="skipped" time="0">
              <skipped message="skipped"></skipped>
          </testcase>
          <testcase name="[It] [sig-storage] In-tree Volumes [Driver: local] [LocalVolumeType: gce-localssd-scsi-fs] [Serial] [Testpattern: Dynamic PV (default fs)] subPath should fail if subpath file is outside the volume [Slow] [LinuxOnly]" classname="Kubernetes e2e suite" status="skipped" time="0">
              <skipped message="skipped"></skipped>
          </testcase>
          <testcase name="[It] [sig-storage] In-tree Volumes [Driver: emptydir] [Testpattern: Generic Ephemeral-volume (default fs) (immediate-binding)] ephemeral should support multiple inline ephemeral volumes" classname="Kubernetes e2e suite" status="skipped" time="0">
              <skipped message="skipped"></skipped>
          </testcase>
          <testcase name="[It] [sig-storage] In-tree Volumes [Driver: hostPathSymlink] [Testpattern: Dynamic PV (ntfs)] [Feature:Windows] subPath should support existing single file [LinuxOnly]" classname="Kubernetes e2e suite" status="skipped" time="0">
              <skipped message="skipped"></skipped>
          </testcase>
          <testcase name="[It] [sig-network] Netpol NetworkPolicy between server and client should not mistakenly treat &#39;protocol: SCTP&#39; as &#39;protocol: TCP&#39;, even if the plugin doesn&#39;t support SCTP [Feature:NetworkPolicy]" classname="Kubernetes e2e suite" status="skipped" time="0">
              <skipped message="skipped"></skipped>
          </testcase>
          <testcase name="[It] [sig-storage] In-tree Volumes [Driver: hostPathSymlink] [Testpattern: Pre-provisioned PV (filesystem volmode)] multiVolume [Slow] should concurrently access the volume and its clone from pods on the same node [LinuxOnly] [Feature:VolumeSourceXFS]" classname="Kubernetes e2e suite" status="skipped" time="0">
              <skipped message="skipped"></skipped>
          </testcase>
          <testcase name="[It] [sig-storage] In-tree Volumes [Driver: local] [LocalVolumeType: blockfs] [Testpattern: Dynamic PV (ntfs)] [Feature:Windows] subPath should fail if non-existent subpath is outside the volume [Slow] [LinuxOnly]" classname="Kubernetes e2e suite" status="skipped" time="0">
              <skipped message="skipped"></skipped>
          </testcase>
          <testcase name="[It] [sig-storage] In-tree Volumes [Driver: local] [LocalVolumeType: dir-bindmounted] [Testpattern: Inline-volume (default fs)] subPath should fail if subpath directory is outside the volume [Slow] [LinuxOnly]" classname="Kubernetes e2e suite" status="skipped" time="0">
              <skipped message="skipped"></skipped>
          </testcase>
          <testcase name="[It] [sig-storage] In-tree Volumes [Driver: nfs] [Testpattern: Dynamic PV (ntfs)] [Feature:Windows] multiVolume [Slow] should concurrently access the volume and its clone from pods on the same node [LinuxOnly] [Feature:VolumeSourceXFS]" classname="Kubernetes e2e suite" status="skipped" time="0">
              <skipped message="skipped"></skipped>
          </testcase>
          <testcase name="[It] [sig-storage] In-tree Volumes [Driver: azure-file] [Testpattern: Pre-provisioned PV (filesystem volmode)] disruptive [Disruptive] [LinuxOnly] Should test that pv written before kubelet restart is readable after restart." classname="Kubernetes e2e suite" status="skipped" time="0">
              <skipped message="skipped"></skipped>
          </testcase>
          <testcase name="[It] [sig-storage] In-tree Volumes [Driver: local] [LocalVolumeType: dir-link] [Testpattern: Inline-volume (default fs)] subPath should be able to unmount after the subpath directory is deleted [LinuxOnly]" classname="Kubernetes e2e suite" status="skipped" time="0">
              <skipped message="skipped"></skipped>
          </testcase>
          <testcase name="[It] [sig-storage] In-tree Volumes [Driver: cinder] [Testpattern: Dynamic PV (filesystem volmode)] disruptive [Disruptive] [LinuxOnly] Should test that pv used in a pod that is force deleted while the kubelet is down is usable by a new pod with a different SELinux context when kubelet returns [Feature:SELinux]" classname="Kubernetes e2e suite" status="skipped" time="0">
              <skipped message="skipped"></skipped>
          </testcase>
          <testcase name="[It] [sig-node] [Feature:SidecarContainers] Probing restartable init container should be restarted with a failing exec liveness probe that took longer than the timeout" classname="Kubernetes e2e suite" status="skipped" time="0">
              <skipped message="skipped"></skipped>
          </testcase>
          <testcase name="[It] [sig-autoscaling] [Feature:KubeDNSAutoscaler] DNS horizontal autoscaling kube-dns-autoscaler should scale kube-dns pods in both nonfaulty and faulty scenarios" classname="Kubernetes e2e suite" status="skipped" time="0">
              <skipped message="skipped"></skipped>
          </testcase>
          <testcase name="[It] [sig-storage] In-tree Volumes [Driver: cinder] [Testpattern: Dynamic PV (filesystem volmode)] volumeMode should not mount / map unused volumes in a pod [LinuxOnly]" classname="Kubernetes e2e suite" status="skipped" time="0">
              <skipped message="skipped"></skipped>
          </testcase>
          <testcase name="[It] [sig-network] LoadBalancers ExternalTrafficPolicy: Local [Feature:LoadBalancer] [Slow] should work for type=LoadBalancer" classname="Kubernetes e2e suite" status="skipped" time="0">
              <skipped message="skipped"></skipped>
          </testcase>
          <testcase name="[It] [sig-storage] In-tree Volumes [Driver: vsphere] [Testpattern: Dynamic PV (ntfs)] [Feature:Windows] subPath should fail if non-existent subpath is outside the volume [Slow] [LinuxOnly]" classname="Kubernetes e2e suite" status="skipped" time="0">
              <skipped message="skipped"></skipped>
          </testcase>
          <testcase name="[It] [sig-storage] In-tree Volumes [Driver: local] [LocalVolumeType: dir-link-bindmounted] [Testpattern: Dynamic PV (filesystem volmode)] disruptive [Disruptive] [LinuxOnly] Should test that pv used in a pod that is deleted while the kubelet is down is usable by a new pod when kubelet returns [Feature:SELinux]" classname="Kubernetes e2e suite" status="skipped" time="0">
              <skipped message="skipped"></skipped>
          </testcase>
          <testcase name="[It] [sig-api-machinery] AdmissionWebhook [Privileged:ClusterAdmin] should include webhook resources in discovery documents [Conformance]" classname="Kubernetes e2e suite" status="passed" time="3.482531107"></testcase>
          <testcase name="[It] [sig-storage] CSI Volumes [Driver: csi-hostpath] [Testpattern: Pre-provisioned PV (filesystem volmode)] disruptive [Disruptive] [LinuxOnly] Should test that pv written before kubelet restart is readable after restart." classname="Kubernetes e2e suite" status="skipped" time="0">
              <skipped message="skipped"></skipped>
          </testcase>
          <testcase name="[It] [sig-storage] In-tree Volumes [Driver: local] [LocalVolumeType: block] [Testpattern: Dynamic PV (ext3)] volumes should allow exec of files on the volume" classname="Kubernetes e2e suite" status="skipped" time="0">
              <skipped message="skipped"></skipped>
          </testcase>
          <testcase name="[It] [sig-storage] In-tree Volumes [Driver: local] [LocalVolumeType: dir-link] [Testpattern: Generic Ephemeral-volume (default fs) (late-binding)] ephemeral should create read-only inline ephemeral volume" classname="Kubernetes e2e suite" status="skipped" time="0">
              <skipped message="skipped"></skipped>
          </testcase>
          <testcase name="[It] [sig-apps] Job should remove pods when job is deleted" classname="Kubernetes e2e suite" status="skipped" time="0">
              <skipped message="skipped"></skipped>
          </testcase>
          <testcase name="[It] [sig-storage] In-tree Volumes [Driver: cinder] [Testpattern: Pre-provisioned PV (ext4)] volumes should store data" classname="Kubernetes e2e suite" status="skipped" time="0">
              <skipped message="skipped"></skipped>
          </testcase>
          <testcase name="[It] [sig-auth] SelfSubjectReview testing SSR in different API groups authentication/v1alpha1" classname="Kubernetes e2e suite" status="skipped" time="0">
              <skipped message="skipped"></skipped>
          </testcase>
          <testcase name="[It] [sig-storage] In-tree Volumes [Driver: vsphere] [Testpattern: Dynamic PV (ext3)] volumes should allow exec of files on the volume" classname="Kubernetes e2e suite" status="skipped" time="0">
              <skipped message="skipped"></skipped>
          </testcase>
          <testcase name="[It] [sig-storage] In-tree Volumes [Driver: azure-file] [Testpattern: Dynamic PV (xfs)] [Slow] multiVolume [Slow] should concurrently access the single read-only volume from pods on the same node" classname="Kubernetes e2e suite" status="skipped" time="0">
              <skipped message="skipped"></skipped>
          </testcase>
          <testcase name="[It] [sig-network] Netpol NetworkPolicy between server and client should enforce policy based on PodSelector and NamespaceSelector [Feature:NetworkPolicy]" classname="Kubernetes e2e suite" status="skipped" time="0">
              <skipped message="skipped"></skipped>
          </testcase>
          <testcase name="[It] [sig-storage] In-tree Volumes [Driver: local] [LocalVolumeType: tmpfs] [Testpattern: Pre-provisioned PV (block volmode)] multiVolume [Slow] should concurrently access the single volume from pods on different node" classname="Kubernetes e2e suite" status="skipped" time="0">
              <skipped message="skipped"></skipped>
          </testcase>
          <testcase name="[It] [sig-storage] PV Protection Verify that PV bound to a PVC is not removed immediately" classname="Kubernetes e2e suite" status="skipped" time="0">
              <skipped message="skipped"></skipped>
          </testcase>
          <testcase name="[It] [sig-api-machinery] CustomResourcePublishOpenAPI [Privileged:ClusterAdmin] works for CRD preserving unknown fields in an embedded object [Conformance]" classname="Kubernetes e2e suite" status="passed" time="4.544683152"></testcase>
          <testcase name="[It] [sig-storage] In-tree Volumes [Driver: local] [LocalVolumeType: dir-link] [Testpattern: Inline-volume (default fs)] subPath should verify container cannot write to subpath readonly volumes [Slow]" classname="Kubernetes e2e suite" status="skipped" time="0">
              <skipped message="skipped"></skipped>
          </testcase>
          <testcase name="[It] [sig-storage] Secrets optional updates should be reflected in volume [NodeConformance] [Conformance]" classname="Kubernetes e2e suite" status="passed" time="6.212692089"></testcase>
          <testcase name="[It] [sig-storage] In-tree Volumes [Driver: local] [LocalVolumeType: dir-bindmounted] [Testpattern: Pre-provisioned PV (ntfs)] [Feature:Windows] volumes should store data" classname="Kubernetes e2e suite" status="skipped" time="0">
              <skipped message="skipped"></skipped>
          </testcase>
          <testcase name="[It] [sig-autoscaling] [Feature:HPA] Horizontal pod autoscaling (scale resource: CPU) [Serial] [Slow] Deployment (Pod Resource) Should scale from 5 pods to 3 pods and then from 3 pods to 1 pod using Average Utilization for aggregation" classname="Kubernetes e2e suite" status="skipped" time="0">
              <skipped message="skipped"></skipped>
          </testcase>
          <testcase name="[It] [sig-storage] CSI Volumes [Driver: csi-hostpath] [Testpattern: Generic Ephemeral-volume (block volmode) (late-binding)] ephemeral should support expansion of pvcs created for ephemeral pvcs" classname="Kubernetes e2e suite" status="skipped" time="0">
              <skipped message="skipped"></skipped>
          </testcase>
          <testcase name="[It] [sig-storage] In-tree Volumes [Driver: local] [LocalVolumeType: tmpfs] [Testpattern: Dynamic PV (xfs)] [Slow] multiVolume [Slow] should access to two volumes with different volume mode and retain data across pod recreation on the same node" classname="Kubernetes e2e suite" status="skipped" time="0">
              <skipped message="skipped"></skipped>
          </testcase>
          <testcase name="[It] [sig-storage] In-tree Volumes [Driver: azure-disk] [Testpattern: Dynamic PV (default fs)] provisioning should provision storage with pvc data source" classname="Kubernetes e2e suite" status="skipped" time="0">
              <skipped message="skipped"></skipped>
          </testcase>
          <testcase name="[It] [sig-storage] In-tree Volumes [Driver: hostPathSymlink] [Testpattern: Dynamic PV (default fs)] subPath should support file as subpath [LinuxOnly]" classname="Kubernetes e2e suite" status="skipped" time="0">
              <skipped message="skipped"></skipped>
          </testcase>
          <testcase name="[It] [sig-storage] CSI Volumes [Driver: pd.csi.storage.gke.io] [Serial] [Testpattern: Dynamic PV (default fs)] volume-modify [FeatureGate:VolumeAttributesClass] [Beta] [Feature:OffByDefault] should create a volume with VAC" classname="Kubernetes e2e suite" status="skipped" time="0">
              <skipped message="skipped"></skipped>
          </testcase>
          <testcase name="[It] [sig-storage] In-tree Volumes [Driver: nfs] [Testpattern: Pre-provisioned PV (default fs)] subPath should be able to unmount after the subpath directory is deleted [LinuxOnly]" classname="Kubernetes e2e suite" status="skipped" time="0">
              <skipped message="skipped"></skipped>
          </testcase>
          <testcase name="[It] [sig-storage] CSI Volumes [Driver: pd.csi.storage.gke.io] [Serial] [Testpattern: Dynamic PV (xfs)] [Slow] volumes should store data" classname="Kubernetes e2e suite" status="skipped" time="0">
              <skipped message="skipped"></skipped>
          </testcase>
          <testcase name="[It] [sig-storage] In-tree Volumes [Driver: azure-disk] [Testpattern: Generic Ephemeral-volume (default fs) (late-binding)] ephemeral should support expansion of pvcs created for ephemeral pvcs" classname="Kubernetes e2e suite" status="skipped" time="0">
              <skipped message="skipped"></skipped>
          </testcase>
          <testcase name="[It] [sig-storage] EmptyDir volumes should support (root,0777,default) [LinuxOnly] [NodeConformance] [Conformance]" classname="Kubernetes e2e suite" status="passed" time="4.075896267"></testcase>
          <testcase name="[It] [sig-storage] In-tree Volumes [Driver: emptydir] [Testpattern: Dynamic PV (ntfs)] [Feature:Windows] provisioning should provision storage with any volume data source [Serial]" classname="Kubernetes e2e suite" status="skipped" time="0">
              <skipped message="skipped"></skipped>
          </testcase>
          <testcase name="[It] [sig-storage] In-tree Volumes [Driver: local] [LocalVolumeType: tmpfs] [Testpattern: Pre-provisioned PV (filesystem volmode)] disruptive [Disruptive] [LinuxOnly] Should test that pv used in a pod that is deleted while the kubelet is down is usable by a new pod with a different SELinux context when kubelet returns [Feature:SELinux]" classname="Kubernetes e2e suite" status="skipped" time="0">
              <skipped message="skipped"></skipped>
          </testcase>
          <testcase name="[It] [sig-storage] In-tree Volumes [Driver: cinder] [Testpattern: Generic Ephemeral-volume (block volmode) (late-binding)] ephemeral should create read/write inline ephemeral volume" classname="Kubernetes e2e suite" status="skipped" time="0">
              <skipped message="skipped"></skipped>
          </testcase>
          <testcase name="[It] [sig-storage] In-tree Volumes [Driver: azure-file] [Testpattern: Inline-volume (default fs)] subPath should support non-existent path" classname="Kubernetes e2e suite" status="skipped" time="0">
              <skipped message="skipped"></skipped>
          </testcase>
          <testcase name="[It] [sig-storage] In-tree Volumes [Driver: local] [LocalVolumeType: blockfs] [Testpattern: Pre-provisioned PV (default fs)] volumes should allow exec of files on the volume" classname="Kubernetes e2e suite" status="skipped" time="0">
              <skipped message="skipped"></skipped>
          </testcase>
          <testcase name="[It] [sig-storage] In-tree Volumes [Driver: nfs] [Testpattern: Inline-volume (default fs)] subPath should support restarting containers using file as subpath [Slow] [LinuxOnly]" classname="Kubernetes e2e suite" status="skipped" time="0">
              <skipped message="skipped"></skipped>
          </testcase>
          <testcase name="[It] [sig-storage] In-tree Volumes [Driver: cinder] [Testpattern: Dynamic PV (block volmode)] multiVolume [Slow] should concurrently access the volume and its clone from pods on the same node [LinuxOnly] [Feature:VolumeSourceXFS]" classname="Kubernetes e2e suite" status="skipped" time="0">
              <skipped message="skipped"></skipped>
          </testcase>
          <testcase name="[It] [sig-storage] In-tree Volumes [Driver: azure-file] [Testpattern: Inline-volume (default fs)] subPath should support readOnly directory specified in the volumeMount" classname="Kubernetes e2e suite" status="skipped" time="0">
              <skipped message="skipped"></skipped>
          </testcase>
          <testcase name="[It] [sig-storage] CSI Volumes [Driver: pd.csi.storage.gke.io] [Serial] [Testpattern: Pre-provisioned PV (filesystem volmode)] multiVolume [Slow] should concurrently access the single volume from pods on different node" classname="Kubernetes e2e suite" status="skipped" time="0">
              <skipped message="skipped"></skipped>
          </testcase>
          <testcase name="[It] [sig-node] DRA [Feature:DynamicResourceAllocation] [FeatureGate:DynamicResourceAllocation] [Beta] [Feature:OffByDefault] with prioritized list uses the config for the selected subrequest [Feature:DRAPrioritizedList]" classname="Kubernetes e2e suite" status="skipped" time="0">
              <skipped message="skipped"></skipped>
          </testcase>
          <testcase name="[It] [sig-storage] In-tree Volumes [Driver: azure-disk] [Testpattern: Dynamic PV (ntfs)(allowExpansion)] [Feature:Windows] volume-expand Verify if offline PVC expansion works" classname="Kubernetes e2e suite" status="skipped" time="0">
              <skipped message="skipped"></skipped>
          </testcase>
          <testcase name="[It] [sig-storage] In-tree Volumes [Driver: local] [LocalVolumeType: tmpfs] [Testpattern: Dynamic PV (ntfs)] [Feature:Windows] subPath should support existing directory" classname="Kubernetes e2e suite" status="skipped" time="0">
              <skipped message="skipped"></skipped>
          </testcase>
          <testcase name="[It] [sig-storage] CSI Volumes [Driver: csi-hostpath] [Testpattern: Dynamic PV (default fs)] provisioning should mount multiple PV pointing to the same storage on the same node" classname="Kubernetes e2e suite" status="skipped" time="0">
              <skipped message="skipped"></skipped>
          </testcase>
          <testcase name="[It] [sig-storage] In-tree Volumes [Driver: azure-disk] [Testpattern: Pre-provisioned PV (default fs)] subPath should support existing single file [LinuxOnly]" classname="Kubernetes e2e suite" status="skipped" time="0">
              <skipped message="skipped"></skipped>
          </testcase>
          <testcase name="[It] [sig-storage] In-tree Volumes [Driver: azure-file] [Testpattern: Dynamic PV (block volmode)] disruptive [Disruptive] [LinuxOnly] Should test that pv written before kubelet restart is readable after restart." classname="Kubernetes e2e suite" status="skipped" time="0">
              <skipped message="skipped"></skipped>
          </testcase>
          <testcase name="[It] [sig-node] Pod InPlace Resize Container [FeatureGate:InPlacePodVerticalScaling] [Beta] Burstable QoS pod, mixed containers - add requests" classname="Kubernetes e2e suite" status="skipped" time="0">
              <skipped message="skipped"></skipped>
          </testcase>
          <testcase name="[It] [sig-storage] In-tree Volumes [Driver: local] [LocalVolumeType: dir-link] [Testpattern: Dynamic PV (ntfs)] [Feature:Windows] multiVolume [Slow] should concurrently access the single volume from pods on the same node" classname="Kubernetes e2e suite" status="skipped" time="0">
              <skipped message="skipped"></skipped>
          </testcase>
          <testcase name="[It] [sig-node] RuntimeClass should reject a Pod requesting a RuntimeClass with conflicting node selector" classname="Kubernetes e2e suite" status="skipped" time="0">
              <skipped message="skipped"></skipped>
          </testcase>
          <testcase name="[It] [sig-storage] In-tree Volumes [Driver: local] [LocalVolumeType: dir-bindmounted] [Testpattern: Pre-provisioned PV (filesystem volmode)] multiVolume [Slow] should concurrently access the volume and its clone from pods on the same node [LinuxOnly] [Feature:VolumeSourceXFS]" classname="Kubernetes e2e suite" status="skipped" time="0">
              <skipped message="skipped"></skipped>
          </testcase>
          <testcase name="[It] [sig-cli] Kubectl client Proxy server should support --unix-socket=/path [Conformance]" classname="Kubernetes e2e suite" status="passed" time="0.099737965"></testcase>
          <testcase name="[It] [sig-apps] DisruptionController evictions: maxUnavailable deny evictions, integer =&gt; should not allow an eviction [Serial]" classname="Kubernetes e2e suite" status="skipped" time="0">
              <skipped message="skipped"></skipped>
          </testcase>
          <testcase name="[It] [sig-storage] In-tree Volumes [Driver: local] [LocalVolumeType: dir-link-bindmounted] [Testpattern: Inline-volume (default fs)] subPath should support existing directory" classname="Kubernetes e2e suite" status="skipped" time="0">
              <skipped message="skipped"></skipped>
          </testcase>
          <testcase name="[It] [sig-storage] CSI Volumes [Driver: csi-hostpath] [Testpattern: Dynamic PV (ext4)] multiVolume [Slow] should access to two volumes with the same volume mode and retain data across pod recreation on the same node" classname="Kubernetes e2e suite" status="skipped" time="0">
              <skipped message="skipped"></skipped>
          </testcase>
          <testcase name="[It] [sig-storage] In-tree Volumes [Driver: local] [LocalVolumeType: block] [Testpattern: Dynamic PV (ntfs)(allowExpansion)] [Feature:Windows] volume-expand Verify if offline PVC expansion works" classname="Kubernetes e2e suite" status="skipped" time="0">
              <skipped message="skipped"></skipped>
          </testcase>
          <testcase name="[It] [sig-storage] In-tree Volumes [Driver: azure-disk] [Testpattern: Dynamic PV (block volmode)] multiVolume [Slow] should access to two volumes with the same volume mode and retain data across pod recreation on different node" classname="Kubernetes e2e suite" status="skipped" time="0">
              <skipped message="skipped"></skipped>
          </testcase>
          <testcase name="[It] [sig-storage] CSI Volumes [Driver: pd.csi.storage.gke.io] [Serial] [Testpattern: Pre-provisioned PV (block volmode)] multiVolume [Slow] should access to two volumes with different volume mode and retain data across pod recreation on the same node" classname="Kubernetes e2e suite" status="skipped" time="0">
              <skipped message="skipped"></skipped>
          </testcase>
          <testcase name="[It] [sig-storage] In-tree Volumes [Driver: local] [LocalVolumeType: block] [Testpattern: Dynamic PV (ntfs)] [Feature:Windows] provisioning should provision storage with snapshot data source (ROX mode) [Feature:VolumeSnapshotDataSource]" classname="Kubernetes e2e suite" status="skipped" time="0">
              <skipped message="skipped"></skipped>
          </testcase>
          <testcase name="[It] [sig-apps] DisruptionController should evict ready pods with IfHealthyBudget UnhealthyPodEvictionPolicy" classname="Kubernetes e2e suite" status="skipped" time="0">
              <skipped message="skipped"></skipped>
          </testcase>
          <testcase name="[It] [sig-apps] CronJob should replace jobs when ReplaceConcurrent [Conformance]" classname="Kubernetes e2e suite" status="passed" time="104.04882589"></testcase>
          <testcase name="[It] [sig-storage] In-tree Volumes [Driver: local] [LocalVolumeType: dir-link-bindmounted] [Testpattern: Pre-provisioned PV (filesystem volmode)] disruptive [Disruptive] [LinuxOnly] Should test that pv used in a pod that is deleted while the kubelet is down is usable by a new pod with a different SELinux context when kubelet returns [Feature:SELinux]" classname="Kubernetes e2e suite" status="skipped" time="0">
              <skipped message="skipped"></skipped>
          </testcase>
          <testcase name="[It] [sig-storage] In-tree Volumes [Driver: local] [LocalVolumeType: block] [Testpattern: Pre-provisioned PV (default fs)] subPath should support readOnly directory specified in the volumeMount" classname="Kubernetes e2e suite" status="skipped" time="0">
              <skipped message="skipped"></skipped>
          </testcase>
          <testcase name="[It] [sig-storage] In-tree Volumes [Driver: local] [LocalVolumeType: tmpfs] [Testpattern: Pre-provisioned PV (block volmode)] volumes should store data" classname="Kubernetes e2e suite" status="skipped" time="0">
              <skipped message="skipped"></skipped>
          </testcase>
          <testcase name="[It] [sig-storage] In-tree Volumes [Driver: local] [LocalVolumeType: dir-link-bindmounted] [Testpattern: Dynamic PV (default fs)] subPath should support restarting containers using directory as subpath [Slow]" classname="Kubernetes e2e suite" status="skipped" time="0">
              <skipped message="skipped"></skipped>
          </testcase>
          <testcase name="[It] [sig-storage] In-tree Volumes [Driver: emptydir] [Testpattern: Generic Ephemeral-volume (default fs) (late-binding)] ephemeral should support expansion of pvcs created for ephemeral pvcs" classname="Kubernetes e2e suite" status="skipped" time="0">
              <skipped message="skipped"></skipped>
          </testcase>
          <testcase name="[It] [sig-apps] Job should update the status ready field" classname="Kubernetes e2e suite" status="skipped" time="0">
              <skipped message="skipped"></skipped>
          </testcase>
          <testcase name="[It] [sig-storage] In-tree Volumes [Driver: local] [LocalVolumeType: dir] [Testpattern: Dynamic PV (xfs)] [Slow] multiVolume [Slow] should concurrently access the volume and restored snapshot from pods on the same node [LinuxOnly] [Feature:VolumeSnapshotDataSource] [Feature:VolumeSourceXFS]" classname="Kubernetes e2e suite" status="skipped" time="0">
              <skipped message="skipped"></skipped>
          </testcase>
          <testcase name="[It] [sig-storage] ConfigMap binary data should be reflected in volume [NodeConformance] [Conformance]" classname="Kubernetes e2e suite" status="passed" time="2.14834584"></testcase>
          <testcase name="[It] [sig-storage] In-tree Volumes [Driver: hostPathSymlink] [Testpattern: Dynamic PV (ext4)] multiVolume [Slow] should concurrently access the volume and restored snapshot from pods on the same node [LinuxOnly] [Feature:VolumeSnapshotDataSource] [Feature:VolumeSourceXFS]" classname="Kubernetes e2e suite" status="skipped" time="0">
              <skipped message="skipped"></skipped>
          </testcase>
          <testcase name="[It] [sig-storage] In-tree Volumes [Driver: local] [LocalVolumeType: blockfs] [Testpattern: Dynamic PV (ntfs)(allowExpansion)] [Feature:Windows] volume-expand should resize volume when PVC is edited while pod is using it" classname="Kubernetes e2e suite" status="skipped" time="0">
              <skipped message="skipped"></skipped>
          </testcase>
          <testcase name="[It] [sig-storage] In-tree Volumes [Driver: local] [LocalVolumeType: tmpfs] [Testpattern: Dynamic PV (filesystem volmode)] multiVolume [Slow] should access to two volumes with the same volume mode and retain data across pod recreation on different node" classname="Kubernetes e2e suite" status="skipped" time="0">
              <skipped message="skipped"></skipped>
          </testcase>
          <testcase name="[It] [sig-storage] In-tree Volumes [Driver: cinder] [Testpattern: Dynamic PV (ntfs)] [Feature:Windows] subPath should support existing directory" classname="Kubernetes e2e suite" status="skipped" time="0">
              <skipped message="skipped"></skipped>
          </testcase>
          <testcase name="[It] [sig-storage] In-tree Volumes [Driver: azure-file] [Testpattern: Dynamic PV (ext4)] multiVolume [Slow] should concurrently access the single volume from pods on the same node" classname="Kubernetes e2e suite" status="skipped" time="0">
              <skipped message="skipped"></skipped>
          </testcase>
          <testcase name="[It] [sig-storage] In-tree Volumes [Driver: hostPath] [Testpattern: Dynamic PV (ntfs)] [Feature:Windows] multiVolume [Slow] should concurrently access the single volume from pods on different node" classname="Kubernetes e2e suite" status="skipped" time="0">
              <skipped message="skipped"></skipped>
          </testcase>
          <testcase name="[It] [sig-storage] In-tree Volumes [Driver: local] [LocalVolumeType: block] [Testpattern: Pre-provisioned PV (default fs)] subPath should support existing directory" classname="Kubernetes e2e suite" status="skipped" time="0">
              <skipped message="skipped"></skipped>
          </testcase>
          <testcase name="[It] [sig-storage] In-tree Volumes [Driver: hostPath] [Testpattern: Pre-provisioned PV (default fs)] subPath should fail if subpath file is outside the volume [Slow] [LinuxOnly]" classname="Kubernetes e2e suite" status="skipped" time="0">
              <skipped message="skipped"></skipped>
          </testcase>
          <testcase name="[It] [sig-storage] HostPathType Character Device [Slow] Should fail on mounting character device &#39;achardev&#39; when HostPathType is HostPathBlockDev" classname="Kubernetes e2e suite" status="skipped" time="0">
              <skipped message="skipped"></skipped>
          </testcase>
          <testcase name="[It] [sig-storage] In-tree Volumes [Driver: local] [LocalVolumeType: dir-link-bindmounted] [Testpattern: Dynamic PV (default fs)] fsgroupchangepolicy (OnRootMismatch)[LinuxOnly], pod created with an initial fsgroup, new pod fsgroup applied to volume contents" classname="Kubernetes e2e suite" status="skipped" time="0">
              <skipped message="skipped"></skipped>
          </testcase>
          <testcase name="[It] [sig-storage] In-tree Volumes [Driver: local] [LocalVolumeType: dir-link-bindmounted] [Testpattern: Dynamic PV (block volmode)(allowExpansion)] volume-expand should resize volume when PVC is edited while pod is using it" classname="Kubernetes e2e suite" status="skipped" time="0">
              <skipped message="skipped"></skipped>
          </testcase>
          <testcase name="[It] [sig-storage] In-tree Volumes [Driver: local] [LocalVolumeType: tmpfs] [Testpattern: Inline-volume (default fs)] subPath should support readOnly directory specified in the volumeMount" classname="Kubernetes e2e suite" status="skipped" time="0">
              <skipped message="skipped"></skipped>
          </testcase>
          <testcase name="[It] [sig-storage] CSI Volumes [Driver: csi-hostpath] [Testpattern: Dynamic PV (filesystem volmode)] multiVolume [Slow] should concurrently access the volume and restored snapshot from pods on the same node [LinuxOnly] [Feature:VolumeSnapshotDataSource] [Feature:VolumeSourceXFS]" classname="Kubernetes e2e suite" status="skipped" time="0">
              <skipped message="skipped"></skipped>
          </testcase>
          <testcase name="[It] [sig-storage] In-tree Volumes [Driver: cinder] [Testpattern: Dynamic PV (block volmode)] multiVolume [Slow] should access to two volumes with different volume mode and retain data across pod recreation on the same node" classname="Kubernetes e2e suite" status="skipped" time="0">
              <skipped message="skipped"></skipped>
          </testcase>
          <testcase name="[It] [sig-storage] In-tree Volumes [Driver: local] [LocalVolumeType: tmpfs] [Testpattern: Dynamic PV (ntfs)] [Feature:Windows] volume-expand should not allow expansion of pvcs without AllowVolumeExpansion property" classname="Kubernetes e2e suite" status="skipped" time="0">
              <skipped message="skipped"></skipped>
          </testcase>
          <testcase name="[It] [sig-storage] In-tree Volumes [Driver: local] [LocalVolumeType: dir-bindmounted] [Testpattern: Pre-provisioned PV (block volmode)] disruptive [Disruptive] [LinuxOnly] Should test that pv written before kubelet restart is readable after restart." classname="Kubernetes e2e suite" status="skipped" time="0">
              <skipped message="skipped"></skipped>
          </testcase>
          <testcase name="[It] [sig-storage] In-tree Volumes [Driver: local] [LocalVolumeType: block] [Testpattern: Dynamic PV (block volmode)] disruptive [Disruptive] [LinuxOnly] Should test that pv written before kubelet restart is readable after restart." classname="Kubernetes e2e suite" status="skipped" time="0">
              <skipped message="skipped"></skipped>
          </testcase>
          <testcase name="[It] [sig-storage] In-tree Volumes [Driver: local] [LocalVolumeType: dir-link-bindmounted] [Testpattern: Dynamic PV (xfs)] [Slow] multiVolume [Slow] should access to two volumes with different volume mode and retain data across pod recreation on different node" classname="Kubernetes e2e suite" status="skipped" time="0">
              <skipped message="skipped"></skipped>
          </testcase>
          <testcase name="[It] [sig-storage] In-tree Volumes [Driver: azure-file] [Testpattern: Pre-provisioned PV (filesystem volmode)] multiVolume [Slow] should concurrently access the volume and its clone from pods on the same node [LinuxOnly] [Feature:VolumeSourceXFS]" classname="Kubernetes e2e suite" status="skipped" time="0">
              <skipped message="skipped"></skipped>
          </testcase>
          <testcase name="[It] [sig-storage] In-tree Volumes [Driver: azure-disk] [Testpattern: Dynamic PV (default fs)] subPath should fail if subpath with backstepping is outside the volume [Slow] [LinuxOnly]" classname="Kubernetes e2e suite" status="skipped" time="0">
              <skipped message="skipped"></skipped>
          </testcase>
          <testcase name="[It] [sig-storage] In-tree Volumes [Driver: local] [LocalVolumeType: dir-link] [Testpattern: Dynamic PV (block volmode)] disruptive [Disruptive] [LinuxOnly] Should test that pv used in a pod that is force deleted while the kubelet is down cleans up when the kubelet returns." classname="Kubernetes e2e suite" status="skipped" time="0">
              <skipped message="skipped"></skipped>
          </testcase>
          <testcase name="[It] [sig-storage] In-tree Volumes [Driver: local] [LocalVolumeType: tmpfs] [Testpattern: Inline-volume (default fs)] subPath should support readOnly file specified in the volumeMount [LinuxOnly]" classname="Kubernetes e2e suite" status="skipped" time="0">
              <skipped message="skipped"></skipped>
          </testcase>
          <testcase name="[It] [sig-api-machinery] CoordinatedLeaderElection [Feature:CoordinatedLeaderElection] [FeatureGate:CoordinatedLeaderElection] [Beta] [Feature:OffByDefault] CLE Preemption" classname="Kubernetes e2e suite" status="skipped" time="0">
              <skipped message="skipped"></skipped>
          </testcase>
          <testcase name="[It] [sig-storage] In-tree Volumes [Driver: local] [LocalVolumeType: dir-bindmounted] [Testpattern: Dynamic PV (ntfs)] [Feature:Windows] volumeIO should write files of various sizes, verify size, validate content [Slow]" classname="Kubernetes e2e suite" status="skipped" time="0">
              <skipped message="skipped"></skipped>
          </testcase>
          <testcase name="[It] [sig-storage] CSI Mock selinux on mount metrics and SELinuxWarningController SELinuxMount metrics [LinuxOnly] [Feature:SELinux] [Serial] error is bumped on two Pods with a different policy on RWO volume and SELinuxMount enabled (Recursive + nil) [FeatureGate:SELinuxMountReadWriteOncePod] [Beta] [FeatureGate:SELinuxChangePolicy] [Beta] [FeatureGate:SELinuxMount] [Beta] [Feature:OffByDefault]" classname="Kubernetes e2e suite" status="skipped" time="0">
              <skipped message="skipped"></skipped>
          </testcase>
          <testcase name="[It] [sig-storage] CSI Volumes [Driver: pd.csi.storage.gke.io] [Serial] [Testpattern: Dynamic PV (default fs)] volume-modify [FeatureGate:VolumeAttributesClass] [Beta] [Feature:OffByDefault] should modify volume with no VAC" classname="Kubernetes e2e suite" status="skipped" time="0">
              <skipped message="skipped"></skipped>
          </testcase>
          <testcase name="[It] [sig-storage] In-tree Volumes [Driver: local] [LocalVolumeType: dir] [Testpattern: Dynamic PV (ntfs)] [Feature:Windows] provisioning should provision storage with pvc data source" classname="Kubernetes e2e suite" status="skipped" time="0">
              <skipped message="skipped"></skipped>
          </testcase>
          <testcase name="[It] [sig-storage] In-tree Volumes [Driver: local] [LocalVolumeType: blockfs] [Testpattern: Dynamic PV (default fs)] subPath should be able to unmount after the subpath directory is deleted [LinuxOnly]" classname="Kubernetes e2e suite" status="skipped" time="0">
              <skipped message="skipped"></skipped>
          </testcase>
          <testcase name="[It] [sig-network] Services should be able to update service type to NodePort listening on same port number but different protocols" classname="Kubernetes e2e suite" status="skipped" time="0">
              <skipped message="skipped"></skipped>
          </testcase>
          <testcase name="[It] [sig-storage] In-tree Volumes [Driver: local] [LocalVolumeType: dir] [Testpattern: Dynamic PV (ntfs)] [Feature:Windows] multiVolume [Slow] should concurrently access the single volume from pods on the same node" classname="Kubernetes e2e suite" status="skipped" time="0">
              <skipped message="skipped"></skipped>
          </testcase>
          <testcase name="[It] [sig-storage] In-tree Volumes [Driver: local] [LocalVolumeType: dir] [Testpattern: Inline-volume (default fs)] subPath should fail if subpath directory is outside the volume [Slow] [LinuxOnly]" classname="Kubernetes e2e suite" status="skipped" time="0">
              <skipped message="skipped"></skipped>
          </testcase>
          <testcase name="[It] [sig-storage] CSI Volumes [Driver: pd.csi.storage.gke.io] [Serial] [Testpattern:  (delete policy)] volumegroupsnapshottable [Feature:volumegroupsnapshot] VolumeGroupSnapshottable  should create snapshots for multiple volumes in a pod" classname="Kubernetes e2e suite" status="skipped" time="0">
              <skipped message="skipped"></skipped>
          </testcase>
          <testcase name="[It] [sig-node] RuntimeClass should reject a Pod requesting a RuntimeClass with an unconfigured handler [Feature:RuntimeHandler]" classname="Kubernetes e2e suite" status="skipped" time="0">
              <skipped message="skipped"></skipped>
          </testcase>
          <testcase name="[It] [sig-storage] In-tree Volumes [Driver: local] [LocalVolumeType: gce-localssd-scsi-fs] [Serial] [Testpattern: Inline-volume (ext3)] volumes should allow exec of files on the volume" classname="Kubernetes e2e suite" status="skipped" time="0">
              <skipped message="skipped"></skipped>
          </testcase>
          <testcase name="[It] [sig-storage] In-tree Volumes [Driver: hostPathSymlink] [Testpattern: Dynamic PV (ntfs)] [Feature:Windows] multiVolume [Slow] should access to two volumes with the same volume mode and retain data across pod recreation on the same node" classname="Kubernetes e2e suite" status="skipped" time="0">
              <skipped message="skipped"></skipped>
          </testcase>
          <testcase name="[It] [sig-storage] In-tree Volumes [Driver: azure-file] [Testpattern: Generic Ephemeral-volume (default fs) (late-binding)] ephemeral should support multiple inline ephemeral volumes" classname="Kubernetes e2e suite" status="skipped" time="0">
              <skipped message="skipped"></skipped>
          </testcase>
          <testcase name="[It] [sig-cluster-lifecycle] [Feature:BootstrapTokens] should not delete the token secret when the secret is not expired" classname="Kubernetes e2e suite" status="skipped" time="0">
              <skipped message="skipped"></skipped>
          </testcase>
          <testcase name="[It] [sig-storage] In-tree Volumes [Driver: local] [LocalVolumeType: dir-bindmounted] [Testpattern: Dynamic PV (default fs)] fsgroupchangepolicy (OnRootMismatch)[LinuxOnly], pod created with an initial fsgroup, volume contents ownership changed via chgrp in first pod, new pod with different fsgroup applied to the volume contents" classname="Kubernetes e2e suite" status="skipped" time="0">
              <skipped message="skipped"></skipped>
          </testcase>
          <testcase name="[It] [sig-storage] CSI Volumes [Driver: pd.csi.storage.gke.io] [Serial] [Testpattern: Dynamic PV (default fs)] capacity provides storage capacity information" classname="Kubernetes e2e suite" status="skipped" time="0">
              <skipped message="skipped"></skipped>
          </testcase>
          <testcase name="[It] [sig-storage] Downward API [Serial] [Disruptive] [Feature:EphemeralStorage] Downward API tests for local ephemeral storage should provide container&#39;s limits.ephemeral-storage and requests.ephemeral-storage as env vars" classname="Kubernetes e2e suite" status="skipped" time="0">
              <skipped message="skipped"></skipped>
          </testcase>
          <testcase name="[It] [sig-api-machinery] FieldValidation should detect duplicates in a CR when preserving unknown fields [Conformance]" classname="Kubernetes e2e suite" status="passed" time="3.097760546"></testcase>
          <testcase name="[It] [sig-storage] In-tree Volumes [Driver: vsphere] [Testpattern: Dynamic PV (filesystem volmode)] multiVolume [Slow] should access to two volumes with the same volume mode and retain data across pod recreation on the same node" classname="Kubernetes e2e suite" status="skipped" time="0">
              <skipped message="skipped"></skipped>
          </testcase>
          <testcase name="[It] [sig-storage] CSI Mock volume service account token CSIServiceAccountToken token should be plumbed down when csiServiceAccountTokenEnabled=true" classname="Kubernetes e2e suite" status="skipped" time="0">
              <skipped message="skipped"></skipped>
          </testcase>
          <testcase name="[It] [sig-cli] Kubectl client Kubectl describe should check if kubectl describe prints relevant information for rc and pods [Conformance]" classname="Kubernetes e2e suite" status="passed" time="1.419011674"></testcase>
          <testcase name="[It] [sig-storage] HostPathType Socket [Slow] Should fail on mounting socket &#39;asocket&#39; when HostPathType is HostPathFile" classname="Kubernetes e2e suite" status="skipped" time="0">
              <skipped message="skipped"></skipped>
          </testcase>
          <testcase name="[It] [sig-storage] In-tree Volumes [Driver: emptydir] [Testpattern: Dynamic PV (ext4)] multiVolume [Slow] should access to two volumes with different volume mode and retain data across pod recreation on different node" classname="Kubernetes e2e suite" status="skipped" time="0">
              <skipped message="skipped"></skipped>
          </testcase>
          <testcase name="[It] [sig-storage] In-tree Volumes [Driver: local] [LocalVolumeType: tmpfs] [Testpattern: Dynamic PV (xfs)] [Slow] volumes should store data" classname="Kubernetes e2e suite" status="skipped" time="0">
              <skipped message="skipped"></skipped>
          </testcase>
          <testcase name="[It] [sig-storage] In-tree Volumes [Driver: emptydir] [Testpattern: Pre-provisioned PV (default fs)] subPath should unmount if pod is force deleted while kubelet is down [Disruptive] [Slow] [LinuxOnly]" classname="Kubernetes e2e suite" status="skipped" time="0">
              <skipped message="skipped"></skipped>
          </testcase>
          <testcase name="[It] [sig-storage] In-tree Volumes [Driver: hostPathSymlink] [Testpattern: Dynamic PV (xfs)] [Slow] multiVolume [Slow] should access to two volumes with different volume mode and retain data across pod recreation on the same node" classname="Kubernetes e2e suite" status="skipped" time="0">
              <skipped message="skipped"></skipped>
          </testcase>
          <testcase name="[It] [sig-storage] In-tree Volumes [Driver: azure-file] [Testpattern: Dynamic PV (default fs)] capacity provides storage capacity information" classname="Kubernetes e2e suite" status="skipped" time="0">
              <skipped message="skipped"></skipped>
          </testcase>
          <testcase name="[It] [sig-storage] In-tree Volumes [Driver: local] [LocalVolumeType: dir] [Testpattern: Dynamic PV (xfs)] [Slow] multiVolume [Slow] should access to two volumes with different volume mode and retain data across pod recreation on different node" classname="Kubernetes e2e suite" status="skipped" time="0">
              <skipped message="skipped"></skipped>
          </testcase>
          <testcase name="[It] [sig-node] NodeLease NodeLease the kubelet should report node status infrequently" classname="Kubernetes e2e suite" status="skipped" time="0">
              <skipped message="skipped"></skipped>
          </testcase>
          <testcase name="[It] [sig-storage] In-tree Volumes [Driver: local] [LocalVolumeType: dir-link] [Testpattern: Dynamic PV (default fs)] provisioning should mount multiple PV pointing to the same storage on the same node" classname="Kubernetes e2e suite" status="skipped" time="0">
              <skipped message="skipped"></skipped>
          </testcase>
          <testcase name="[It] [sig-storage] CSI Volumes [Driver: csi-hostpath] [Testpattern: Pre-provisioned PV (default fs)] subPath should support restarting containers using directory as subpath [Slow]" classname="Kubernetes e2e suite" status="skipped" time="0">
              <skipped message="skipped"></skipped>
          </testcase>
          <testcase name="[It] [sig-storage] In-tree Volumes [Driver: local] [LocalVolumeType: block] [Testpattern: Pre-provisioned PV (block volmode)] volumeMode should not mount / map unused volumes in a pod [LinuxOnly]" classname="Kubernetes e2e suite" status="skipped" time="0">
              <skipped message="skipped"></skipped>
          </testcase>
          <testcase name="[It] [sig-storage] In-tree Volumes [Driver: local] [LocalVolumeType: dir-link] [Testpattern: Dynamic PV (block volmode)(allowExpansion)] volume-expand should resize volume when PVC is edited while pod is using it" classname="Kubernetes e2e suite" status="skipped" time="0">
              <skipped message="skipped"></skipped>
          </testcase>
          <testcase name="[It] [sig-storage] In-tree Volumes [Driver: azure-disk] [Testpattern: Pre-provisioned PV (default fs)] subPath should support non-existent path" classname="Kubernetes e2e suite" status="skipped" time="0">
              <skipped message="skipped"></skipped>
          </testcase>
          <testcase name="[It] [sig-network] Networking should recreate its iptables rules if they are deleted [Disruptive]" classname="Kubernetes e2e suite" status="skipped" time="0">
              <skipped message="skipped"></skipped>
          </testcase>
          <testcase name="[It] [sig-storage] In-tree Volumes [Driver: local] [LocalVolumeType: block] [Testpattern: Dynamic PV (block volmode)] provisioning should provision storage with pvc data source (ROX mode)" classname="Kubernetes e2e suite" status="skipped" time="0">
              <skipped message="skipped"></skipped>
          </testcase>
          <testcase name="[It] [sig-storage] In-tree Volumes [Driver: local] [LocalVolumeType: dir-bindmounted] [Testpattern: Dynamic PV (ntfs)] [Feature:Windows] subPath should verify container cannot write to subpath readonly volumes [Slow]" classname="Kubernetes e2e suite" status="skipped" time="0">
              <skipped message="skipped"></skipped>
          </testcase>
          <testcase name="[It] [sig-storage] In-tree Volumes [Driver: hostPathSymlink] [Testpattern: Dynamic PV (default fs)] volumes should allow exec of files on the volume" classname="Kubernetes e2e suite" status="skipped" time="0">
              <skipped message="skipped"></skipped>
          </testcase>
          <testcase name="[It] [sig-storage] In-tree Volumes [Driver: cinder] [Testpattern: Pre-provisioned PV (block volmode)] multiVolume [Slow] should concurrently access the single volume from pods on different node" classname="Kubernetes e2e suite" status="skipped" time="0">
              <skipped message="skipped"></skipped>
          </testcase>
          <testcase name="[It] [sig-storage] In-tree Volumes [Driver: local] [LocalVolumeType: dir-bindmounted] [Testpattern: Dynamic PV (ntfs)] [Feature:Windows] provisioning should mount multiple PV pointing to the same storage on the same node" classname="Kubernetes e2e suite" status="skipped" time="0">
              <skipped message="skipped"></skipped>
          </testcase>
          <testcase name="[It] [sig-storage] In-tree Volumes [Driver: local] [LocalVolumeType: tmpfs] [Testpattern: Pre-provisioned PV (default fs)] subPath should support restarting containers using directory as subpath [Slow]" classname="Kubernetes e2e suite" status="skipped" time="0">
              <skipped message="skipped"></skipped>
          </testcase>
          <testcase name="[It] [sig-storage] In-tree Volumes [Driver: local] [LocalVolumeType: gce-localssd-scsi-fs] [Serial] [Testpattern: Dynamic PV (immediate binding)] topology should fail to schedule a pod which has topologies that conflict with AllowedTopologies" classname="Kubernetes e2e suite" status="skipped" time="0">
              <skipped message="skipped"></skipped>
          </testcase>
          <testcase name="[It] [sig-storage] In-tree Volumes [Driver: nfs] [Testpattern: Dynamic PV (block volmode)] volumes should store data" classname="Kubernetes e2e suite" status="skipped" time="0">
              <skipped message="skipped"></skipped>
          </testcase>
          <testcase name="[It] [sig-storage] In-tree Volumes [Driver: cinder] [Testpattern: Inline-volume (default fs)] subPath should unmount if pod is force deleted while kubelet is down [Disruptive] [Slow] [LinuxOnly]" classname="Kubernetes e2e suite" status="skipped" time="0">
              <skipped message="skipped"></skipped>
          </testcase>
          <testcase name="[It] [sig-storage] In-tree Volumes [Driver: emptydir] [Testpattern: Dynamic PV (block volmode)] multiVolume [Slow] should access to two volumes with different volume mode and retain data across pod recreation on the same node" classname="Kubernetes e2e suite" status="skipped" time="0">
              <skipped message="skipped"></skipped>
          </testcase>
          <testcase name="[It] [sig-storage] In-tree Volumes [Driver: hostPath] [Testpattern: Inline-volume (default fs)] subPath should fail if subpath with backstepping is outside the volume [Slow] [LinuxOnly]" classname="Kubernetes e2e suite" status="skipped" time="0">
              <skipped message="skipped"></skipped>
          </testcase>
          <testcase name="[It] [sig-storage] CSI Volumes [Driver: csi-hostpath] [Testpattern: Dynamic PV (ntfs)] [Feature:Windows] volume-modify [FeatureGate:VolumeAttributesClass] [Beta] [Feature:OffByDefault] should be protected by vac-protection finalizer" classname="Kubernetes e2e suite" status="skipped" time="0">
              <skipped message="skipped"></skipped>
          </testcase>
          <testcase name="[It] [sig-storage] In-tree Volumes [Driver: azure-disk] [Testpattern: Dynamic PV (filesystem volmode)] multiVolume [Slow] should access to two volumes with different volume mode and retain data across pod recreation on the same node" classname="Kubernetes e2e suite" status="skipped" time="0">
              <skipped message="skipped"></skipped>
          </testcase>
          <testcase name="[It] [sig-node] [Feature:SidecarContainers] Probing restartable init container should be ready immediately after startupProbe succeeds" classname="Kubernetes e2e suite" status="skipped" time="0">
              <skipped message="skipped"></skipped>
          </testcase>
          <testcase name="[It] [sig-network] Netpol NetworkPolicy between server and client should enforce multiple ingress policies with ingress allow-all policy taking precedence [Feature:NetworkPolicy]" classname="Kubernetes e2e suite" status="skipped" time="0">
              <skipped message="skipped"></skipped>
          </testcase>
          <testcase name="[It] [sig-storage] CSI Volumes [Driver: pd.csi.storage.gke.io] [Serial] [Testpattern: Dynamic PV (block volmode)(allowExpansion)] volume-expand Verify if offline PVC expansion works" classname="Kubernetes e2e suite" status="skipped" time="0">
              <skipped message="skipped"></skipped>
          </testcase>
          <testcase name="[It] [sig-storage] In-tree Volumes [Driver: local] [LocalVolumeType: blockfs] [Testpattern: Dynamic PV (default fs)] subPath should fail if subpath directory is outside the volume [Slow] [LinuxOnly]" classname="Kubernetes e2e suite" status="skipped" time="0">
              <skipped message="skipped"></skipped>
          </testcase>
          <testcase name="[It] [sig-storage] CSI Volumes [Driver: pd.csi.storage.gke.io] [Serial] [Testpattern: Dynamic PV (filesystem volmode)] multiVolume [Slow] should access to two volumes with the same volume mode and retain data across pod recreation on the same node" classname="Kubernetes e2e suite" status="skipped" time="0">
              <skipped message="skipped"></skipped>
          </testcase>
          <testcase name="[It] [sig-storage] In-tree Volumes [Driver: local] [LocalVolumeType: dir-link] [Testpattern: Dynamic PV (ntfs)(allowExpansion)] [Feature:Windows] volume-expand should resize volume when PVC is edited while pod is using it" classname="Kubernetes e2e suite" status="skipped" time="0">
              <skipped message="skipped"></skipped>
          </testcase>
          <testcase name="[It] [sig-storage] In-tree Volumes [Driver: hostPath] [Testpattern: Dynamic PV (ext4)] multiVolume [Slow] should concurrently access the volume and its clone from pods on the same node [LinuxOnly] [Feature:VolumeSourceXFS]" classname="Kubernetes e2e suite" status="skipped" time="0">
              <skipped message="skipped"></skipped>
          </testcase>
          <testcase name="[It] [sig-storage] In-tree Volumes [Driver: local] [LocalVolumeType: dir-link-bindmounted] [Testpattern: Dynamic PV (ntfs)] [Feature:Windows] subPath should fail if subpath file is outside the volume [Slow] [LinuxOnly]" classname="Kubernetes e2e suite" status="skipped" time="0">
              <skipped message="skipped"></skipped>
          </testcase>
          <testcase name="[It] [sig-network] [Feature:IPv6DualStack] Granular Checks: Services Secondary IP Family [LinuxOnly] should function for client IP based session affinity: http [LinuxOnly]" classname="Kubernetes e2e suite" status="skipped" time="0">
              <skipped message="skipped"></skipped>
          </testcase>
          <testcase name="[It] [sig-storage] In-tree Volumes [Driver: hostPath] [Testpattern: Inline-volume (xfs)] [Slow] volumes should store data" classname="Kubernetes e2e suite" status="skipped" time="0">
              <skipped message="skipped"></skipped>
          </testcase>
          <testcase name="[It] [sig-storage] In-tree Volumes [Driver: iscsi] [Feature:Volumes] [Testpattern: Inline-volume (default fs)] subPath should support restarting containers using directory as subpath [Slow]" classname="Kubernetes e2e suite" status="skipped" time="0">
              <skipped message="skipped"></skipped>
          </testcase>
          <testcase name="[It] [sig-storage] In-tree Volumes [Driver: azure-file] [Testpattern: Dynamic PV (default fs)(allowExpansion)] volume-expand Verify if offline PVC expansion works" classname="Kubernetes e2e suite" status="skipped" time="0">
              <skipped message="skipped"></skipped>
          </testcase>
          <testcase name="[It] [sig-storage] CSI Volumes [Driver: csi-hostpath] [Testpattern: Dynamic PV (ntfs)] [Feature:Windows] subPath should fail if subpath with backstepping is outside the volume [Slow] [LinuxOnly]" classname="Kubernetes e2e suite" status="skipped" time="0">
              <skipped message="skipped"></skipped>
          </testcase>
          <testcase name="[It] [sig-storage] In-tree Volumes [Driver: local] [LocalVolumeType: block] [Testpattern: Inline-volume (default fs)] subPath should fail if subpath file is outside the volume [Slow] [LinuxOnly]" classname="Kubernetes e2e suite" status="skipped" time="0">
              <skipped message="skipped"></skipped>
          </testcase>
          <testcase name="[It] [sig-storage] In-tree Volumes [Driver: emptydir] [Testpattern: Dynamic PV (filesystem volmode)] multiVolume [Slow] should concurrently access the volume and restored snapshot from pods on the same node [LinuxOnly] [Feature:VolumeSnapshotDataSource] [Feature:VolumeSourceXFS]" classname="Kubernetes e2e suite" status="skipped" time="0">
              <skipped message="skipped"></skipped>
          </testcase>
          <testcase name="[It] [sig-storage] In-tree Volumes [Driver: vsphere] [Testpattern: Dynamic PV (ntfs)] [Feature:Windows] volume-expand should not allow expansion of pvcs without AllowVolumeExpansion property" classname="Kubernetes e2e suite" status="skipped" time="0">
              <skipped message="skipped"></skipped>
          </testcase>
          <testcase name="[It] [sig-autoscaling] Cluster size autoscaling [Slow] shouldn&#39;t scale up when unprocessed pod is created and is going to be schedulable [Feature:ClusterScaleUpBypassScheduler]" classname="Kubernetes e2e suite" status="skipped" time="0">
              <skipped message="skipped"></skipped>
          </testcase>
          <testcase name="[It] [sig-storage] In-tree Volumes [Driver: emptydir] [Testpattern: Pre-provisioned PV (filesystem volmode)] disruptive [Disruptive] [LinuxOnly] Should test that pv written before kubelet restart is readable after restart." classname="Kubernetes e2e suite" status="skipped" time="0">
              <skipped message="skipped"></skipped>
          </testcase>
          <testcase name="[It] [sig-storage] In-tree Volumes [Driver: local] [LocalVolumeType: dir-bindmounted] [Testpattern: Generic Ephemeral-volume (default fs) (late-binding)] ephemeral should support two pods which have the same volume definition" classname="Kubernetes e2e suite" status="skipped" time="0">
              <skipped message="skipped"></skipped>
          </testcase>
          <testcase name="[It] [sig-storage] CSI Mock selinux on mount SELinuxMount [LinuxOnly] [Feature:SELinux] should not pass SELinux mount option for RWO volume with SELinuxMount disabled and Recursive policy [FeatureGate:SELinuxMountReadWriteOncePod] [Beta] [FeatureGate:SELinuxChangePolicy] [Beta] [FeatureGate:SELinuxMount] [Beta] [Feature:OffByDefault]" classname="Kubernetes e2e suite" status="skipped" time="0">
              <skipped message="skipped"></skipped>
          </testcase>
          <testcase name="[It] [sig-storage] In-tree Volumes [Driver: nfs] [Testpattern: Dynamic PV (filesystem volmode)] disruptive [Disruptive] [LinuxOnly] Should test that pv used in a pod that is deleted while the kubelet is down is usable by a new pod when kubelet returns [Feature:SELinux]" classname="Kubernetes e2e suite" status="skipped" time="0">
              <skipped message="skipped"></skipped>
          </testcase>
          <testcase name="[It] [sig-storage] In-tree Volumes [Driver: azure-disk] [Testpattern: Generic Ephemeral-volume (default fs) (late-binding)] ephemeral should support two pods which have the same volume definition" classname="Kubernetes e2e suite" status="skipped" time="0">
              <skipped message="skipped"></skipped>
          </testcase>
          <testcase name="[It] [sig-storage] In-tree Volumes [Driver: cinder] [Testpattern: Dynamic PV (ntfs)] [Feature:Windows] volumes should store data" classname="Kubernetes e2e suite" status="skipped" time="0">
              <skipped message="skipped"></skipped>
          </testcase>
          <testcase name="[It] [sig-network] Traffic Distribution should route traffic to an endpoint on the same node or fall back to same zone when using PreferSameNode [FeatureGate:PreferSameTrafficDistribution] [Alpha] [Feature:OffByDefault]" classname="Kubernetes e2e suite" status="skipped" time="0">
              <skipped message="skipped"></skipped>
          </testcase>
          <testcase name="[It] [sig-storage] In-tree Volumes [Driver: cinder] [Testpattern: Dynamic PV (block volmode)] provisioning should provision storage with snapshot data source (ROX mode) [Feature:VolumeSnapshotDataSource]" classname="Kubernetes e2e suite" status="skipped" time="0">
              <skipped message="skipped"></skipped>
          </testcase>
          <testcase name="[It] [sig-storage] In-tree Volumes [Driver: local] [LocalVolumeType: dir] [Testpattern: Dynamic PV (ntfs)] [Feature:Windows] subPath should be able to unmount after the subpath directory is deleted [LinuxOnly]" classname="Kubernetes e2e suite" status="skipped" time="0">
              <skipped message="skipped"></skipped>
          </testcase>
          <testcase name="[It] [sig-api-machinery] ResourceQuota should apply changes to a resourcequota status [Conformance]" classname="Kubernetes e2e suite" status="passed" time="180.154659775"></testcase>
          <testcase name="[It] [sig-storage] In-tree Volumes [Driver: hostPath] [Testpattern: Dynamic PV (filesystem volmode)] disruptive [Disruptive] [LinuxOnly] Should test that pv used in a pod that is deleted while the kubelet is down is usable by a new pod when kubelet returns [Feature:SELinux]" classname="Kubernetes e2e suite" status="skipped" time="0">
              <skipped message="skipped"></skipped>
          </testcase>
          <testcase name="[It] [sig-storage] In-tree Volumes [Driver: nfs] [Testpattern: Dynamic PV (default fs)] fsgroupchangepolicy (Always)[LinuxOnly], rwop pod created with an initial fsgroup, new pod fsgroup applied to volume contents" classname="Kubernetes e2e suite" status="skipped" time="0">
              <skipped message="skipped"></skipped>
          </testcase>
          <testcase name="[It] [sig-storage] In-tree Volumes [Driver: cinder] [Testpattern: Dynamic PV (block volmode)] provisioning should provision storage with mount options" classname="Kubernetes e2e suite" status="skipped" time="0">
              <skipped message="skipped"></skipped>
          </testcase>
          <testcase name="[It] [sig-storage] CSI Volumes [Driver: csi-hostpath] [Testpattern: Dynamic PV (block volmode)] disruptive [Disruptive] [LinuxOnly] Should test that pv written before kubelet restart is readable after restart." classname="Kubernetes e2e suite" status="skipped" time="0">
              <skipped message="skipped"></skipped>
          </testcase>
          <testcase name="[It] [sig-storage] EmptyDir volumes should support (root,0777,tmpfs) [LinuxOnly] [NodeConformance] [Conformance]" classname="Kubernetes e2e suite" status="passed" time="4.085961746"></testcase>
          <testcase name="[It] [sig-node] Security Context When creating a pod with HostUsers should set FSGroup to user inside the container with hostUsers=false [LinuxOnly] [Feature:UserNamespacesSupport]" classname="Kubernetes e2e suite" status="skipped" time="0">
              <skipped message="skipped"></skipped>
          </testcase>
          <testcase name="[It] [sig-storage] In-tree Volumes [Driver: cinder] [Testpattern: Dynamic PV (default fs)] volumeIO should write files of various sizes, verify size, validate content [Slow]" classname="Kubernetes e2e suite" status="skipped" time="0">
              <skipped message="skipped"></skipped>
          </testcase>
          <testcase name="[It] [sig-storage] In-tree Volumes [Driver: nfs] [Testpattern: Pre-provisioned PV (filesystem volmode)] multiVolume [Slow] should concurrently access the volume and its clone from pods on the same node [LinuxOnly] [Feature:VolumeSourceXFS]" classname="Kubernetes e2e suite" status="skipped" time="0">
              <skipped message="skipped"></skipped>
          </testcase>
          <testcase name="[It] [sig-network] Services should be updated after adding or deleting ports" classname="Kubernetes e2e suite" status="skipped" time="0">
              <skipped message="skipped"></skipped>
          </testcase>
          <testcase name="[It] [sig-storage] In-tree Volumes [Driver: hostPath] [Testpattern: Inline-volume (ext3)] volumes should allow exec of files on the volume" classname="Kubernetes e2e suite" status="skipped" time="0">
              <skipped message="skipped"></skipped>
          </testcase>
          <testcase name="[It] [sig-storage] In-tree Volumes [Driver: azure-disk] [Testpattern: Dynamic PV (ntfs)] [Feature:Windows] subPath should be able to unmount after the subpath directory is deleted [LinuxOnly]" classname="Kubernetes e2e suite" status="skipped" time="0">
              <skipped message="skipped"></skipped>
          </testcase>
          <testcase name="[It] [sig-storage] In-tree Volumes [Driver: azure-disk] [Testpattern: Inline-volume (default fs)] subPath should fail if subpath with backstepping is outside the volume [Slow] [LinuxOnly]" classname="Kubernetes e2e suite" status="skipped" time="0">
              <skipped message="skipped"></skipped>
          </testcase>
          <testcase name="[It] [sig-storage] In-tree Volumes [Driver: local] [LocalVolumeType: gce-localssd-scsi-fs] [Serial] [Testpattern: Pre-provisioned PV (filesystem volmode)] disruptive [Disruptive] [LinuxOnly] Should test that pv used in a pod that is force deleted while the kubelet is down is usable by a new pod with a different SELinux context when kubelet returns [Feature:SELinux]" classname="Kubernetes e2e suite" status="skipped" time="0">
              <skipped message="skipped"></skipped>
          </testcase>
          <testcase name="[It] [sig-storage] In-tree Volumes [Driver: iscsi] [Feature:Volumes] [Testpattern: Pre-provisioned PV (block volmode)] disruptive [Disruptive] [LinuxOnly] Should test that pv written before kubelet restart is readable after restart." classname="Kubernetes e2e suite" status="skipped" time="0">
              <skipped message="skipped"></skipped>
          </testcase>
          <testcase name="[It] [sig-storage] In-tree Volumes [Driver: emptydir] [Testpattern: Generic Ephemeral-volume (default fs)] volumeLimits should verify that all csinodes have volume limits" classname="Kubernetes e2e suite" status="skipped" time="0">
              <skipped message="skipped"></skipped>
          </testcase>
          <testcase name="[It] [sig-node] Pod InPlace Resize Container [FeatureGate:InPlacePodVerticalScaling] [Beta] Burstable QoS pod, one container with cpu &amp; memory requests + limits - decrease CPU requests and increase CPU limits" classname="Kubernetes e2e suite" status="skipped" time="0">
              <skipped message="skipped"></skipped>
          </testcase>
          <testcase name="[It] [sig-node] [Serial] Pod InPlace Resize Container (scheduler-focused) [FeatureGate:InPlacePodVerticalScaling] [Beta] pod-resize-scheduler-tests" classname="Kubernetes e2e suite" status="skipped" time="0">
              <skipped message="skipped"></skipped>
          </testcase>
          <testcase name="[It] [sig-storage] In-tree Volumes [Driver: emptydir] [Testpattern: Pre-provisioned PV (default fs)] volumes should store data" classname="Kubernetes e2e suite" status="skipped" time="0">
              <skipped message="skipped"></skipped>
          </testcase>
          <testcase name="[It] [sig-storage] In-tree Volumes [Driver: azure-file] [Testpattern: Dynamic PV (filesystem volmode)] volumeMode should fail to use a volume in a pod with mismatched mode [Slow]" classname="Kubernetes e2e suite" status="skipped" time="0">
              <skipped message="skipped"></skipped>
          </testcase>
          <testcase name="[It] [sig-storage] CSI Volumes [Driver: csi-hostpath] [Testpattern: Dynamic PV (filesystem volmode)] volumeMode should fail to use a volume in a pod with mismatched mode [Slow]" classname="Kubernetes e2e suite" status="skipped" time="0">
              <skipped message="skipped"></skipped>
          </testcase>
          <testcase name="[It] [sig-storage] CSI Volumes [Driver: csi-hostpath] [Testpattern: Pre-provisioned PV (block volmode)] multiVolume [Slow] should concurrently access the volume and restored snapshot from pods on the same node [LinuxOnly] [Feature:VolumeSnapshotDataSource] [Feature:VolumeSourceXFS]" classname="Kubernetes e2e suite" status="skipped" time="0">
              <skipped message="skipped"></skipped>
          </testcase>
          <testcase name="[It] [sig-storage] In-tree Volumes [Driver: azure-disk] [Testpattern: Generic Ephemeral-volume (default fs) (immediate-binding)] ephemeral should create read/write inline ephemeral volume" classname="Kubernetes e2e suite" status="skipped" time="0">
              <skipped message="skipped"></skipped>
          </testcase>
          <testcase name="[It] [sig-node] Downward API [Serial] [Disruptive] [Feature:DownwardAPIHugePages] Downward API tests for hugepages should provide container&#39;s limits.hugepages-&lt;pagesize&gt; and requests.hugepages-&lt;pagesize&gt; as env vars" classname="Kubernetes e2e suite" status="skipped" time="0">
              <skipped message="skipped"></skipped>
          </testcase>
          <testcase name="[It] [sig-storage] In-tree Volumes [Driver: azure-disk] [Testpattern: Dynamic PV (block volmode)] provisioning should provision storage with pvc data source" classname="Kubernetes e2e suite" status="skipped" time="0">
              <skipped message="skipped"></skipped>
          </testcase>
          <testcase name="[It] [sig-storage] CSI Volumes [Driver: pd.csi.storage.gke.io] [Serial] [Testpattern: Dynamic PV (block volmode)] disruptive [Disruptive] [LinuxOnly] Should test that pv used in a pod that is force deleted while the kubelet is down cleans up when the kubelet returns." classname="Kubernetes e2e suite" status="skipped" time="0">
              <skipped message="skipped"></skipped>
          </testcase>
          <testcase name="[It] [sig-storage] In-tree Volumes [Driver: cinder] [Testpattern: Pre-provisioned PV (default fs)] subPath should support existing directories when readOnly specified in the volumeSource" classname="Kubernetes e2e suite" status="skipped" time="0">
              <skipped message="skipped"></skipped>
          </testcase>
          <testcase name="[It] [sig-storage] HostPathType Block Device [Slow] Should fail on mounting block device &#39;ablkdev&#39; when HostPathType is HostPathSocket" classname="Kubernetes e2e suite" status="skipped" time="0">
              <skipped message="skipped"></skipped>
          </testcase>
          <testcase name="[It] [sig-apps] StatefulSet Scaling StatefulSetStartOrdinal Decreasing .start.ordinal" classname="Kubernetes e2e suite" status="skipped" time="0">
              <skipped message="skipped"></skipped>
          </testcase>
          <testcase name="[It] [sig-storage] In-tree Volumes [Driver: local] [LocalVolumeType: dir] [Testpattern: Pre-provisioned PV (filesystem volmode)] multiVolume [Slow] should access to two volumes with different volume mode and retain data across pod recreation on the same node" classname="Kubernetes e2e suite" status="skipped" time="0">
              <skipped message="skipped"></skipped>
          </testcase>
          <testcase name="[It] [sig-storage] In-tree Volumes [Driver: local] [LocalVolumeType: dir] [Testpattern: Pre-provisioned PV (filesystem volmode)] disruptive [Disruptive] [LinuxOnly] Should test that pv used in a pod that is force deleted while the kubelet is down is usable by a new pod with a different SELinux context when kubelet returns [Feature:SELinux]" classname="Kubernetes e2e suite" status="skipped" time="0">
              <skipped message="skipped"></skipped>
          </testcase>
          <testcase name="[It] [sig-storage] In-tree Volumes [Driver: hostPathSymlink] [Testpattern: Pre-provisioned PV (block volmode)] multiVolume [Slow] should access to two volumes with the same volume mode and retain data across pod recreation on different node" classname="Kubernetes e2e suite" status="skipped" time="0">
              <skipped message="skipped"></skipped>
          </testcase>
          <testcase name="[It] [sig-storage] In-tree Volumes [Driver: iscsi] [Feature:Volumes] [Testpattern: Dynamic PV (block volmode)] multiVolume [Slow] should concurrently access the volume and its clone from pods on the same node [LinuxOnly] [Feature:VolumeSourceXFS]" classname="Kubernetes e2e suite" status="skipped" time="0">
              <skipped message="skipped"></skipped>
          </testcase>
          <testcase name="[It] [sig-storage] In-tree Volumes [Driver: emptydir] [Testpattern: Dynamic PV (block volmode)] volumeMode should fail to use a volume in a pod with mismatched mode [Slow]" classname="Kubernetes e2e suite" status="skipped" time="0">
              <skipped message="skipped"></skipped>
          </testcase>
          <testcase name="[It] [sig-api-machinery] ResourceQuota [Feature:PodPriority] should verify ResourceQuota&#39;s priority class scope (cpu, memory quota set) against a pod with same priority class." classname="Kubernetes e2e suite" status="skipped" time="0">
              <skipped message="skipped"></skipped>
          </testcase>
          <testcase name="[It] [sig-cloud-provider-gcp] Reboot [Disruptive] [Feature:Reboot] each node by triggering kernel panic and ensure they function upon restart" classname="Kubernetes e2e suite" status="skipped" time="0">
              <skipped message="skipped"></skipped>
          </testcase>
          <testcase name="[It] [sig-storage] HostPathType Socket [Slow] Should fail on mounting non-existent socket &#39;does-not-exist-socket&#39; when HostPathType is HostPathSocket" classname="Kubernetes e2e suite" status="skipped" time="0">
              <skipped message="skipped"></skipped>
          </testcase>
          <testcase name="[It] [sig-storage] In-tree Volumes [Driver: hostPath] [Testpattern: Dynamic PV (default fs)] subPath should support non-existent path" classname="Kubernetes e2e suite" status="skipped" time="0">
              <skipped message="skipped"></skipped>
          </testcase>
          <testcase name="[It] [sig-storage] In-tree Volumes [Driver: local] [LocalVolumeType: dir-link] [Testpattern: Dynamic PV (ntfs)] [Feature:Windows] multiVolume [Slow] should concurrently access the single volume from pods on different node" classname="Kubernetes e2e suite" status="skipped" time="0">
              <skipped message="skipped"></skipped>
          </testcase>
          <testcase name="[It] [sig-storage] CSI Volumes [Driver: pd.csi.storage.gke.io] [Serial] [Testpattern: Generic Ephemeral-volume (block volmode) (late-binding)] ephemeral should create read/write inline ephemeral volume" classname="Kubernetes e2e suite" status="skipped" time="0">
              <skipped message="skipped"></skipped>
          </testcase>
          <testcase name="[It] [sig-storage] CSI Volumes [Driver: pd.csi.storage.gke.io] [Serial] [Testpattern: Pre-provisioned PV (default fs)] subPath should unmount if pod is gracefully deleted while kubelet is down [Disruptive] [Slow] [LinuxOnly]" classname="Kubernetes e2e suite" status="skipped" time="0">
              <skipped message="skipped"></skipped>
          </testcase>
          <testcase name="[It] [sig-cli] Kubectl client Simple pod Kubectl run [Slow] running a failing command without --restart=Never" classname="Kubernetes e2e suite" status="skipped" time="0">
              <skipped message="skipped"></skipped>
          </testcase>
          <testcase name="[It] [sig-storage] In-tree Volumes [Driver: hostPathSymlink] [Testpattern: Inline-volume (xfs)] [Slow] volumes should store data" classname="Kubernetes e2e suite" status="skipped" time="0">
              <skipped message="skipped"></skipped>
          </testcase>
          <testcase name="[It] [sig-storage] In-tree Volumes [Driver: local] [LocalVolumeType: dir-link] [Testpattern: Inline-volume (default fs)] volumes should allow exec of files on the volume" classname="Kubernetes e2e suite" status="skipped" time="0">
              <skipped message="skipped"></skipped>
          </testcase>
          <testcase name="[It] [sig-storage] In-tree Volumes [Driver: iscsi] [Feature:Volumes] [Testpattern: Dynamic PV (block volmode)] provisioning should provision storage with pvc data source" classname="Kubernetes e2e suite" status="skipped" time="0">
              <skipped message="skipped"></skipped>
          </testcase>
          <testcase name="[It] [sig-storage] In-tree Volumes [Driver: local] [LocalVolumeType: dir-link-bindmounted] [Testpattern: Inline-volume (default fs)] subPath should support readOnly file specified in the volumeMount [LinuxOnly]" classname="Kubernetes e2e suite" status="skipped" time="0">
              <skipped message="skipped"></skipped>
          </testcase>
          <testcase name="[It] [sig-storage] In-tree Volumes [Driver: iscsi] [Feature:Volumes] [Testpattern: Generic Ephemeral-volume (default fs) (immediate-binding)] ephemeral should support two pods which have the same volume definition" classname="Kubernetes e2e suite" status="skipped" time="0">
              <skipped message="skipped"></skipped>
          </testcase>
          <testcase name="[It] [sig-storage] In-tree Volumes [Driver: local] [LocalVolumeType: gce-localssd-scsi-fs] [Serial] [Testpattern: Generic Ephemeral-volume (default fs)] volumeLimits should support volume limits [Serial]" classname="Kubernetes e2e suite" status="skipped" time="0">
              <skipped message="skipped"></skipped>
          </testcase>
          <testcase name="[It] [sig-windows] [Feature:Windows] SecurityContext should override SecurityContext username if set" classname="Kubernetes e2e suite" status="skipped" time="0">
              <skipped message="skipped"></skipped>
          </testcase>
          <testcase name="[It] [sig-storage] In-tree Volumes [Driver: hostPath] [Testpattern: Pre-provisioned PV (default fs)] subPath should support existing single file [LinuxOnly]" classname="Kubernetes e2e suite" status="skipped" time="0">
              <skipped message="skipped"></skipped>
          </testcase>
          <testcase name="[It] [sig-storage] In-tree Volumes [Driver: local] [LocalVolumeType: dir-link] [Testpattern: Dynamic PV (block volmode)] multiVolume [Slow] should concurrently access the volume and restored snapshot from pods on the same node [LinuxOnly] [Feature:VolumeSnapshotDataSource] [Feature:VolumeSourceXFS]" classname="Kubernetes e2e suite" status="skipped" time="0">
              <skipped message="skipped"></skipped>
          </testcase>
          <testcase name="[It] [sig-storage] In-tree Volumes [Driver: local] [LocalVolumeType: gce-localssd-scsi-fs] [Serial] [Testpattern: Dynamic PV (default fs)] subPath should support existing directory" classname="Kubernetes e2e suite" status="skipped" time="0">
              <skipped message="skipped"></skipped>
          </testcase>
          <testcase name="[It] [sig-storage] In-tree Volumes [Driver: local] [LocalVolumeType: dir] [Testpattern: Dynamic PV (xfs)] [Slow] volumes should allow exec of files on the volume" classname="Kubernetes e2e suite" status="skipped" time="0">
              <skipped message="skipped"></skipped>
          </testcase>
          <testcase name="[It] [sig-storage] CSI Volumes [Driver: pd.csi.storage.gke.io] [Serial] [Testpattern: Pre-provisioned PV (block volmode)] volumeMode should fail to use a volume in a pod with mismatched mode [Slow]" classname="Kubernetes e2e suite" status="skipped" time="0">
              <skipped message="skipped"></skipped>
          </testcase>
          <testcase name="[It] [sig-storage] In-tree Volumes [Driver: local] [LocalVolumeType: dir] [Testpattern: Dynamic PV (ntfs)] [Feature:Windows] provisioning should provision storage with snapshot data source [Feature:VolumeSnapshotDataSource]" classname="Kubernetes e2e suite" status="skipped" time="0">
              <skipped message="skipped"></skipped>
          </testcase>
          <testcase name="[It] [sig-storage] In-tree Volumes [Driver: local] [LocalVolumeType: gce-localssd-scsi-fs] [Serial] [Testpattern: Dynamic PV (default fs)] capacity provides storage capacity information" classname="Kubernetes e2e suite" status="skipped" time="0">
              <skipped message="skipped"></skipped>
          </testcase>
          <testcase name="[It] [sig-storage] In-tree Volumes [Driver: local] [LocalVolumeType: dir-link-bindmounted] [Testpattern: Pre-provisioned PV (block volmode)] disruptive [Disruptive] [LinuxOnly] Should test that pv written before kubelet restart is readable after restart." classname="Kubernetes e2e suite" status="skipped" time="0">
              <skipped message="skipped"></skipped>
          </testcase>
          <testcase name="[It] [sig-storage] CSI Volumes [Driver: pd.csi.storage.gke.io] [Serial] [Testpattern: CSI Ephemeral-volume (default fs)] ephemeral should support two pods which have the same volume definition" classname="Kubernetes e2e suite" status="skipped" time="0">
              <skipped message="skipped"></skipped>
          </testcase>
          <testcase name="[It] [sig-storage] In-tree Volumes [Driver: local] [LocalVolumeType: tmpfs] [Testpattern: Dynamic PV (filesystem volmode)] multiVolume [Slow] should concurrently access the single volume from pods on the same node" classname="Kubernetes e2e suite" status="skipped" time="0">
              <skipped message="skipped"></skipped>
          </testcase>
          <testcase name="[It] [sig-storage] CSI Volumes [Driver: pd.csi.storage.gke.io] [Serial] [Testpattern: Dynamic PV (block volmode)] provisioning should provision storage with pvc data source in parallel [Slow]" classname="Kubernetes e2e suite" status="skipped" time="0">
              <skipped message="skipped"></skipped>
          </testcase>
          <testcase name="[It] [sig-node] Container Runtime blackbox test when running a container with a new image should be able to pull from private registry with secret [NodeConformance]" classname="Kubernetes e2e suite" status="skipped" time="0">
              <skipped message="skipped"></skipped>
          </testcase>
          <testcase name="[It] [sig-storage] PersistentVolumes-local [Volume type: dir-link] Set fsGroup for local volume should set fsGroup for one pod [Slow]" classname="Kubernetes e2e suite" status="skipped" time="0">
              <skipped message="skipped"></skipped>
          </testcase>
          <testcase name="[It] [sig-node] Pod InPlace Resize Container [FeatureGate:InPlacePodVerticalScaling] [Beta] Guaranteed QoS pod, one container - increase CPU &amp; memory with an extended resource" classname="Kubernetes e2e suite" status="skipped" time="0">
              <skipped message="skipped"></skipped>
          </testcase>
          <testcase name="[It] [sig-storage] In-tree Volumes [Driver: iscsi] [Feature:Volumes] [Testpattern: Dynamic PV (xfs)] [Slow] multiVolume [Slow] should concurrently access the single volume from pods on the same node" classname="Kubernetes e2e suite" status="skipped" time="0">
              <skipped message="skipped"></skipped>
          </testcase>
          <testcase name="[It] [sig-api-machinery] Namespaces [Serial] should ensure that all pods are removed when a namespace is deleted [Conformance]" classname="Kubernetes e2e suite" status="passed" time="13.083688051"></testcase>
          <testcase name="[It] [sig-storage] In-tree Volumes [Driver: local] [LocalVolumeType: dir-link-bindmounted] [Testpattern: Dynamic PV (ntfs)] [Feature:Windows] provisioning should provision storage with snapshot data source [Feature:VolumeSnapshotDataSource]" classname="Kubernetes e2e suite" status="skipped" time="0">
              <skipped message="skipped"></skipped>
          </testcase>
          <testcase name="[It] [sig-storage] In-tree Volumes [Driver: vsphere] [Testpattern: Pre-provisioned PV (block volmode)] multiVolume [Slow] should concurrently access the single read-only volume from pods on the same node" classname="Kubernetes e2e suite" status="skipped" time="0">
              <skipped message="skipped"></skipped>
          </testcase>
          <testcase name="[It] [sig-storage] In-tree Volumes [Driver: local] [LocalVolumeType: blockfs] [Testpattern: Dynamic PV (ntfs)] [Feature:Windows] subPath should be able to unmount after the subpath directory is deleted [LinuxOnly]" classname="Kubernetes e2e suite" status="skipped" time="0">
              <skipped message="skipped"></skipped>
          </testcase>
          <testcase name="[It] [sig-storage] CSI Volumes [Driver: csi-hostpath] [Testpattern: Dynamic PV (ntfs)] [Feature:Windows] subPath should support restarting containers using directory as subpath [Slow]" classname="Kubernetes e2e suite" status="skipped" time="0">
              <skipped message="skipped"></skipped>
          </testcase>
          <testcase name="[It] [sig-storage] In-tree Volumes [Driver: nfs] [Testpattern: Pre-provisioned PV (default fs)] subPath should unmount if pod is gracefully deleted while kubelet is down [Disruptive] [Slow] [LinuxOnly]" classname="Kubernetes e2e suite" status="skipped" time="0">
              <skipped message="skipped"></skipped>
          </testcase>
          <testcase name="[It] [sig-node] [Feature:SidecarContainers] Probing restartable init container should have monotonically increasing restart count" classname="Kubernetes e2e suite" status="skipped" time="0">
              <skipped message="skipped"></skipped>
          </testcase>
          <testcase name="[It] [sig-storage] CSI Mock selinux on mount SELinuxMount [LinuxOnly] [Feature:SELinux] should not pass SELinux mount option for RWO volume with only SELinuxChangePolicy enabled [FeatureGate:SELinuxMountReadWriteOncePod] [Beta] [Feature:SELinuxMountReadWriteOncePodOnly] [FeatureGate:SELinuxChangePolicy] [Beta]" classname="Kubernetes e2e suite" status="skipped" time="0">
              <skipped message="skipped"></skipped>
          </testcase>
          <testcase name="[It] [sig-storage] In-tree Volumes [Driver: hostPathSymlink] [Testpattern: Dynamic PV (filesystem volmode)] disruptive [Disruptive] [LinuxOnly] Should test that pv used in a pod that is deleted while the kubelet is down is usable by a new pod when kubelet returns [Feature:SELinux]" classname="Kubernetes e2e suite" status="skipped" time="0">
              <skipped message="skipped"></skipped>
          </testcase>
          <testcase name="[It] [sig-storage] In-tree Volumes [Driver: cinder] [Testpattern: Inline-volume (ext3)] volumes should store data" classname="Kubernetes e2e suite" status="skipped" time="0">
              <skipped message="skipped"></skipped>
          </testcase>
          <testcase name="[It] [sig-storage] In-tree Volumes [Driver: hostPathSymlink] [Testpattern: Dynamic PV (block volmode)] multiVolume [Slow] should concurrently access the single volume from pods on the same node" classname="Kubernetes e2e suite" status="skipped" time="0">
              <skipped message="skipped"></skipped>
          </testcase>
          <testcase name="[It] [sig-storage] In-tree Volumes [Driver: azure-file] [Testpattern: Generic Ephemeral-volume (default fs)] volumeLimits should verify that all csinodes have volume limits" classname="Kubernetes e2e suite" status="skipped" time="0">
              <skipped message="skipped"></skipped>
          </testcase>
          <testcase name="[It] [sig-storage] In-tree Volumes [Driver: vsphere] [Testpattern: Dynamic PV (ext4)] multiVolume [Slow] should concurrently access the volume and its clone from pods on the same node [LinuxOnly] [Feature:VolumeSourceXFS]" classname="Kubernetes e2e suite" status="skipped" time="0">
              <skipped message="skipped"></skipped>
          </testcase>
          <testcase name="[It] [sig-storage] In-tree Volumes [Driver: local] [LocalVolumeType: block] [Testpattern: Inline-volume (default fs)] subPath should fail if non-existent subpath is outside the volume [Slow] [LinuxOnly]" classname="Kubernetes e2e suite" status="skipped" time="0">
              <skipped message="skipped"></skipped>
          </testcase>
          <testcase name="[It] [sig-storage] CSI Mock selinux on mount SELinuxMount [LinuxOnly] [Feature:SELinux] should unstage RWO volume when starting a second pod with different policy (MountOption -&gt; Recursive) [FeatureGate:SELinuxMountReadWriteOncePod] [Beta] [FeatureGate:SELinuxMount] [Beta] [Feature:OffByDefault]" classname="Kubernetes e2e suite" status="skipped" time="0">
              <skipped message="skipped"></skipped>
          </testcase>
          <testcase name="[It] [sig-storage] In-tree Volumes [Driver: azure-disk] [Testpattern: Dynamic PV (default fs)] provisioning should provision storage with pvc data source in parallel [Slow]" classname="Kubernetes e2e suite" status="skipped" time="0">
              <skipped message="skipped"></skipped>
          </testcase>
          <testcase name="[It] [sig-api-machinery] Discovery should validate PreferredVersion for each APIGroup [Conformance]" classname="Kubernetes e2e suite" status="passed" time="0.4048153"></testcase>
          <testcase name="[It] [sig-cli] Kubectl client Simple pod Kubectl run [Slow] running a failing command without --restart=Never, but with --rm" classname="Kubernetes e2e suite" status="skipped" time="0">
              <skipped message="skipped"></skipped>
          </testcase>
          <testcase name="[It] [sig-storage] In-tree Volumes [Driver: hostPath] [Testpattern: Dynamic PV (default fs)] subPath should support existing directory" classname="Kubernetes e2e suite" status="skipped" time="0">
              <skipped message="skipped"></skipped>
          </testcase>
          <testcase name="[It] [sig-storage] PersistentVolumes-local StatefulSet with pod affinity [Slow] should use volumes spread across nodes when pod management is parallel and pod has anti-affinity" classname="Kubernetes e2e suite" status="skipped" time="0">
              <skipped message="skipped"></skipped>
          </testcase>
          <testcase name="[It] [sig-storage] In-tree Volumes [Driver: local] [LocalVolumeType: block] [Testpattern: Pre-provisioned PV (default fs)] subPath should unmount if pod is gracefully deleted while kubelet is down [Disruptive] [Slow] [LinuxOnly]" classname="Kubernetes e2e suite" status="skipped" time="0">
              <skipped message="skipped"></skipped>
          </testcase>
          <testcase name="[It] [sig-storage] In-tree Volumes [Driver: cinder] [Testpattern: Dynamic PV (filesystem volmode)] volumeMode should fail to use a volume in a pod with mismatched mode [Slow]" classname="Kubernetes e2e suite" status="skipped" time="0">
              <skipped message="skipped"></skipped>
          </testcase>
          <testcase name="[It] [sig-storage] CSI Volumes [Driver: csi-hostpath] [Testpattern: Dynamic PV (block volmode)] multiVolume [Slow] should concurrently access the single volume from pods on different node" classname="Kubernetes e2e suite" status="skipped" time="0">
              <skipped message="skipped"></skipped>
          </testcase>
          <testcase name="[It] [sig-storage] In-tree Volumes [Driver: iscsi] [Feature:Volumes] [Testpattern: Generic Ephemeral-volume (default fs)] volumeLimits should verify that all csinodes have volume limits" classname="Kubernetes e2e suite" status="skipped" time="0">
              <skipped message="skipped"></skipped>
          </testcase>
          <testcase name="[It] [sig-storage] In-tree Volumes [Driver: local] [LocalVolumeType: tmpfs] [Testpattern: Pre-provisioned PV (default fs)] subPath should support existing single file [LinuxOnly]" classname="Kubernetes e2e suite" status="skipped" time="0">
              <skipped message="skipped"></skipped>
          </testcase>
          <testcase name="[It] [sig-storage] In-tree Volumes [Driver: azure-disk] [Testpattern: Dynamic PV (filesystem volmode)] multiVolume [Slow] should concurrently access the single volume from pods on different node" classname="Kubernetes e2e suite" status="skipped" time="0">
              <skipped message="skipped"></skipped>
          </testcase>
          <testcase name="[It] [sig-storage] In-tree Volumes [Driver: hostPath] [Testpattern: Dynamic PV (default fs)(allowExpansion)] volume-expand Verify if offline PVC expansion works" classname="Kubernetes e2e suite" status="skipped" time="0">
              <skipped message="skipped"></skipped>
          </testcase>
          <testcase name="[It] [sig-storage] In-tree Volumes [Driver: azure-file] [Testpattern: Pre-provisioned PV (block volmode)] multiVolume [Slow] should concurrently access the single volume from pods on the same node" classname="Kubernetes e2e suite" status="skipped" time="0">
              <skipped message="skipped"></skipped>
          </testcase>
          <testcase name="[It] [sig-storage] Projected configMap should be consumable from pods in volume as non-root with FSGroup [LinuxOnly]" classname="Kubernetes e2e suite" status="skipped" time="0">
              <skipped message="skipped"></skipped>
          </testcase>
          <testcase name="[It] [sig-network] IngressClass [Feature:Ingress] should choose the one with the later CreationTimestamp, if equal the one with the lower name when two ingressClasses are marked as default [Serial]" classname="Kubernetes e2e suite" status="skipped" time="0">
              <skipped message="skipped"></skipped>
          </testcase>
          <testcase name="[It] [sig-cli] Kubectl client Simple pod Kubectl run [Slow] running a failing command with --leave-stdin-open" classname="Kubernetes e2e suite" status="skipped" time="0">
              <skipped message="skipped"></skipped>
          </testcase>
          <testcase name="[It] [sig-storage] In-tree Volumes [Driver: vsphere] [Testpattern: Generic Ephemeral-volume (block volmode) (late-binding)] ephemeral should support two pods which have the same volume definition" classname="Kubernetes e2e suite" status="skipped" time="0">
              <skipped message="skipped"></skipped>
          </testcase>
          <testcase name="[It] [sig-storage] CSI Volumes [Driver: csi-hostpath] [Testpattern: Dynamic PV (filesystem volmode)] disruptive [Disruptive] [LinuxOnly] Should test that pv used in a pod that is force deleted while the kubelet is down is usable by a new pod with a different SELinux context when kubelet returns [Feature:SELinux]" classname="Kubernetes e2e suite" status="skipped" time="0">
              <skipped message="skipped"></skipped>
          </testcase>
          <testcase name="[It] [sig-storage] In-tree Volumes [Driver: local] [LocalVolumeType: dir-link-bindmounted] [Testpattern: Dynamic PV (default fs)] provisioning should provision storage with mount options" classname="Kubernetes e2e suite" status="skipped" time="0">
              <skipped message="skipped"></skipped>
          </testcase>
          <testcase name="[It] [sig-storage] In-tree Volumes [Driver: local] [LocalVolumeType: tmpfs] [Testpattern: Dynamic PV (ntfs)] [Feature:Windows] subPath should support file as subpath [LinuxOnly]" classname="Kubernetes e2e suite" status="skipped" time="0">
              <skipped message="skipped"></skipped>
          </testcase>
          <testcase name="[It] [sig-api-machinery] CoordinatedLeaderElection [Feature:CoordinatedLeaderElection] [FeatureGate:CoordinatedLeaderElection] [Beta] [Feature:OffByDefault] CLE upgrade to enabled" classname="Kubernetes e2e suite" status="skipped" time="0">
              <skipped message="skipped"></skipped>
          </testcase>
          <testcase name="[It] [sig-storage] In-tree Volumes [Driver: cinder] [Testpattern: Dynamic PV (immediate binding)] topology should fail to schedule a pod which has topologies that conflict with AllowedTopologies" classname="Kubernetes e2e suite" status="skipped" time="0">
              <skipped message="skipped"></skipped>
          </testcase>
          <testcase name="[It] [sig-node] PodTemplates should run the lifecycle of PodTemplates [Conformance]" classname="Kubernetes e2e suite" status="passed" time="0.103985775"></testcase>
          <testcase name="[It] [sig-storage] In-tree Volumes [Driver: emptydir] [Testpattern: Dynamic PV (default fs)] subPath should fail if subpath file is outside the volume [Slow] [LinuxOnly]" classname="Kubernetes e2e suite" status="skipped" time="0">
              <skipped message="skipped"></skipped>
          </testcase>
          <testcase name="[It] [sig-node] Variable Expansion should allow substituting values in a volume subpath [Conformance]" classname="Kubernetes e2e suite" status="passed" time="4.079319308"></testcase>
          <testcase name="[It] [sig-storage] In-tree Volumes [Driver: vsphere] [Testpattern: Dynamic PV (default fs)] fsgroupchangepolicy (OnRootMismatch)[LinuxOnly], pod created with an initial fsgroup, volume contents ownership changed via chgrp in first pod, new pod with different fsgroup applied to the volume contents" classname="Kubernetes e2e suite" status="skipped" time="0">
              <skipped message="skipped"></skipped>
          </testcase>
          <testcase name="[It] [sig-storage] In-tree Volumes [Driver: iscsi] [Feature:Volumes] [Testpattern: Dynamic PV (default fs)] fsgroupchangepolicy (OnRootMismatch)[LinuxOnly], pod created with an initial fsgroup, new pod fsgroup applied to volume contents" classname="Kubernetes e2e suite" status="skipped" time="0">
              <skipped message="skipped"></skipped>
          </testcase>
          <testcase name="[It] [sig-storage] In-tree Volumes [Driver: local] [LocalVolumeType: dir-link] [Testpattern: Dynamic PV (xfs)] [Slow] multiVolume [Slow] should concurrently access the volume and restored snapshot from pods on the same node [LinuxOnly] [Feature:VolumeSnapshotDataSource] [Feature:VolumeSourceXFS]" classname="Kubernetes e2e suite" status="skipped" time="0">
              <skipped message="skipped"></skipped>
          </testcase>
          <testcase name="[It] [sig-storage] In-tree Volumes [Driver: azure-disk] [Testpattern: Pre-provisioned PV (block volmode)] multiVolume [Slow] should access to two volumes with the same volume mode and retain data across pod recreation on the same node" classname="Kubernetes e2e suite" status="skipped" time="0">
              <skipped message="skipped"></skipped>
          </testcase>
          <testcase name="[It] [sig-instrumentation] MetricsGrabber should grab all metrics from a ControllerManager." classname="Kubernetes e2e suite" status="skipped" time="0">
              <skipped message="skipped"></skipped>
          </testcase>
          <testcase name="[It] [sig-storage] EmptyDir wrapper volumes should not conflict [Conformance]" classname="Kubernetes e2e suite" status="passed" time="2.084633011"></testcase>
          <testcase name="[It] [sig-storage] In-tree Volumes [Driver: local] [LocalVolumeType: dir-link-bindmounted] [Testpattern: Dynamic PV (ntfs)] [Feature:Windows] multiVolume [Slow] should concurrently access the volume and its clone from pods on the same node [LinuxOnly] [Feature:VolumeSourceXFS]" classname="Kubernetes e2e suite" status="skipped" time="0">
              <skipped message="skipped"></skipped>
          </testcase>
          <testcase name="[It] [sig-api-machinery] Namespaces [Serial] should always delete fast (ALL of 100 namespaces in 150 seconds) [Feature:ComprehensiveNamespaceDraining]" classname="Kubernetes e2e suite" status="skipped" time="0">
              <skipped message="skipped"></skipped>
          </testcase>
          <testcase name="[It] [sig-storage] In-tree Volumes [Driver: iscsi] [Feature:Volumes] [Testpattern: Dynamic PV (ntfs)] [Feature:Windows] subPath should support existing directories when readOnly specified in the volumeSource" classname="Kubernetes e2e suite" status="skipped" time="0">
              <skipped message="skipped"></skipped>
          </testcase>
          <testcase name="[It] [sig-storage] CSI Volumes [Driver: csi-hostpath] [Testpattern: Pre-provisioned PV (filesystem volmode)] multiVolume [Slow] should access to two volumes with the same volume mode and retain data across pod recreation on the same node" classname="Kubernetes e2e suite" status="skipped" time="0">
              <skipped message="skipped"></skipped>
          </testcase>
          <testcase name="[It] [sig-node] Pod InPlace Resize Container [FeatureGate:InPlacePodVerticalScaling] [Beta] Burstable QoS pod, one container with cpu requests and limits - resize with equivalents" classname="Kubernetes e2e suite" status="skipped" time="0">
              <skipped message="skipped"></skipped>
          </testcase>
          <testcase name="[It] [sig-storage] In-tree Volumes [Driver: hostPathSymlink] [Testpattern: Dynamic PV (ntfs)] [Feature:Windows] subPath should support existing directories when readOnly specified in the volumeSource" classname="Kubernetes e2e suite" status="skipped" time="0">
              <skipped message="skipped"></skipped>
          </testcase>
          <testcase name="[It] [sig-storage] In-tree Volumes [Driver: hostPath] [Testpattern: Dynamic PV (xfs)] [Slow] multiVolume [Slow] should access to two volumes with different volume mode and retain data across pod recreation on the same node" classname="Kubernetes e2e suite" status="skipped" time="0">
              <skipped message="skipped"></skipped>
          </testcase>
          <testcase name="[It] [sig-storage] In-tree Volumes [Driver: local] [LocalVolumeType: block] [Testpattern: Dynamic PV (ntfs)] [Feature:Windows] volume-expand should not allow expansion of pvcs without AllowVolumeExpansion property" classname="Kubernetes e2e suite" status="skipped" time="0">
              <skipped message="skipped"></skipped>
          </testcase>
          <testcase name="[It] [sig-storage] In-tree Volumes [Driver: iscsi] [Feature:Volumes] [Testpattern: Dynamic PV (default fs)] provisioning should provision storage with pvc data source in parallel [Slow]" classname="Kubernetes e2e suite" status="skipped" time="0">
              <skipped message="skipped"></skipped>
          </testcase>
          <testcase name="[It] [sig-storage] In-tree Volumes [Driver: local] [LocalVolumeType: block] [Testpattern: Dynamic PV (default fs)] volume-stress multiple pods should access different volumes repeatedly [Slow] [Serial]" classname="Kubernetes e2e suite" status="skipped" time="0">
              <skipped message="skipped"></skipped>
          </testcase>
          <testcase name="[It] [sig-storage] In-tree Volumes [Driver: azure-disk] [Testpattern: Dynamic PV (ntfs)] [Feature:Windows] subPath should fail if subpath with backstepping is outside the volume [Slow] [LinuxOnly]" classname="Kubernetes e2e suite" status="skipped" time="0">
              <skipped message="skipped"></skipped>
          </testcase>
          <testcase name="[It] [sig-storage] In-tree Volumes [Driver: iscsi] [Feature:Volumes] [Testpattern: Dynamic PV (ntfs)] [Feature:Windows] volumes should allow exec of files on the volume" classname="Kubernetes e2e suite" status="skipped" time="0">
              <skipped message="skipped"></skipped>
          </testcase>
          <testcase name="[It] [sig-storage] CSI Mock volume storage capacity CSIStorageCapacity CSIStorageCapacity disabled" classname="Kubernetes e2e suite" status="skipped" time="0">
              <skipped message="skipped"></skipped>
          </testcase>
          <testcase name="[It] [sig-storage] In-tree Volumes [Driver: local] [LocalVolumeType: gce-localssd-scsi-fs] [Serial] [Testpattern: Inline-volume (default fs)] subPath should support existing directory" classname="Kubernetes e2e suite" status="skipped" time="0">
              <skipped message="skipped"></skipped>
          </testcase>
          <testcase name="[It] [sig-storage] In-tree Volumes [Driver: iscsi] [Feature:Volumes] [Testpattern: Dynamic PV (block volmode)] disruptive [Disruptive] [LinuxOnly] Should test that pv used in a pod that is force deleted while the kubelet is down cleans up when the kubelet returns." classname="Kubernetes e2e suite" status="skipped" time="0">
              <skipped message="skipped"></skipped>
          </testcase>
          <testcase name="[It] [sig-storage] [Serial] Volume metrics Ephemeral should create metrics for total number of volumes in A/D Controller" classname="Kubernetes e2e suite" status="skipped" time="0">
              <skipped message="skipped"></skipped>
          </testcase>
          <testcase name="[It] [sig-cli] Kubectl client Kubectl taint [Serial] should update the taint on a node" classname="Kubernetes e2e suite" status="skipped" time="0">
              <skipped message="skipped"></skipped>
          </testcase>
          <testcase name="[It] [sig-storage] In-tree Volumes [Driver: hostPath] [Testpattern: Dynamic PV (default fs)] volumes should allow exec of files on the volume" classname="Kubernetes e2e suite" status="skipped" time="0">
              <skipped message="skipped"></skipped>
          </testcase>
          <testcase name="[It] [sig-node] NoExecuteTaintManager Single Pod [Serial] removing taint cancels eviction [Disruptive] [Conformance]" classname="Kubernetes e2e suite" status="passed" time="135.279655271"></testcase>
          <testcase name="[It] [sig-storage] In-tree Volumes [Driver: local] [LocalVolumeType: dir-bindmounted] [Testpattern: Inline-volume (default fs)] subPath should support existing directory" classname="Kubernetes e2e suite" status="skipped" time="0">
              <skipped message="skipped"></skipped>
          </testcase>
          <testcase name="[It] [sig-storage] CSI Mock selinux on mount SELinuxMount [LinuxOnly] [Feature:SELinux] should pass SELinux mount option for RWOP volume and Pod with SELinux context set [FeatureGate:SELinuxMountReadWriteOncePod] [Beta]" classname="Kubernetes e2e suite" status="skipped" time="0">
              <skipped message="skipped"></skipped>
          </testcase>
          <testcase name="[It] [sig-storage] In-tree Volumes [Driver: azure-disk] [Testpattern: Dynamic PV (ntfs)] [Feature:Windows] subPath should fail if subpath directory is outside the volume [Slow] [LinuxOnly]" classname="Kubernetes e2e suite" status="skipped" time="0">
              <skipped message="skipped"></skipped>
          </testcase>
          <testcase name="[It] [sig-storage] In-tree Volumes [Driver: local] [LocalVolumeType: tmpfs] [Testpattern: Dynamic PV (block volmode)] provisioning should provision storage with pvc data source (ROX mode)" classname="Kubernetes e2e suite" status="skipped" time="0">
              <skipped message="skipped"></skipped>
          </testcase>
          <testcase name="[It] [sig-storage] CSI Volumes [Driver: csi-hostpath] [Testpattern: Dynamic PV (block volmode)] volume-expand should not allow expansion of pvcs without AllowVolumeExpansion property" classname="Kubernetes e2e suite" status="skipped" time="0">
              <skipped message="skipped"></skipped>
          </testcase>
          <testcase name="[It] [sig-storage] In-tree Volumes [Driver: hostPath] [Testpattern: Dynamic PV (ntfs)] [Feature:Windows] volumes should allow exec of files on the volume" classname="Kubernetes e2e suite" status="skipped" time="0">
              <skipped message="skipped"></skipped>
          </testcase>
          <testcase name="[It] [sig-storage] In-tree Volumes [Driver: hostPathSymlink] [Testpattern: Pre-provisioned PV (default fs)] subPath should support readOnly file specified in the volumeMount [LinuxOnly]" classname="Kubernetes e2e suite" status="skipped" time="0">
              <skipped message="skipped"></skipped>
          </testcase>
          <testcase name="[It] [sig-storage] In-tree Volumes [Driver: hostPathSymlink] [Testpattern: Dynamic PV (ntfs)] [Feature:Windows] subPath should be able to unmount after the subpath directory is deleted [LinuxOnly]" classname="Kubernetes e2e suite" status="skipped" time="0">
              <skipped message="skipped"></skipped>
          </testcase>
          <testcase name="[It] [sig-cloud-provider-gcp] Nodes [Disruptive] Resize [Slow] should be able to delete nodes" classname="Kubernetes e2e suite" status="skipped" time="0">
              <skipped message="skipped"></skipped>
          </testcase>
          <testcase name="[It] [sig-storage] In-tree Volumes [Driver: local] [LocalVolumeType: tmpfs] [Testpattern: Dynamic PV (xfs)] [Slow] volumes should allow exec of files on the volume" classname="Kubernetes e2e suite" status="skipped" time="0">
              <skipped message="skipped"></skipped>
          </testcase>
          <testcase name="[It] [sig-storage] In-tree Volumes [Driver: iscsi] [Feature:Volumes] [Testpattern: Inline-volume (default fs)] subPath should fail if subpath with backstepping is outside the volume [Slow] [LinuxOnly]" classname="Kubernetes e2e suite" status="skipped" time="0">
              <skipped message="skipped"></skipped>
          </testcase>
          <testcase name="[It] [sig-storage] In-tree Volumes [Driver: vsphere] [Testpattern: Pre-provisioned PV (default fs)] subPath should fail if non-existent subpath is outside the volume [Slow] [LinuxOnly]" classname="Kubernetes e2e suite" status="skipped" time="0">
              <skipped message="skipped"></skipped>
          </testcase>
          <testcase name="[It] [sig-storage] In-tree Volumes [Driver: local] [LocalVolumeType: tmpfs] [Testpattern: Pre-provisioned PV (filesystem volmode)] multiVolume [Slow] should concurrently access the single read-only volume from pods on the same node" classname="Kubernetes e2e suite" status="skipped" time="0">
              <skipped message="skipped"></skipped>
          </testcase>
          <testcase name="[It] [sig-node] DRA [Feature:DynamicResourceAllocation] [FeatureGate:DynamicResourceAllocation] [Beta] [Feature:OffByDefault] with prioritized list selects the first subrequest that can be satisfied [Feature:DRAPrioritizedList]" classname="Kubernetes e2e suite" status="skipped" time="0">
              <skipped message="skipped"></skipped>
          </testcase>
          <testcase name="[It] [sig-storage] CSI Volumes [Driver: csi-hostpath] [Testpattern: Pre-provisioned PV (filesystem volmode)] multiVolume [Slow] should access to two volumes with different volume mode and retain data across pod recreation on the same node" classname="Kubernetes e2e suite" status="skipped" time="0">
              <skipped message="skipped"></skipped>
          </testcase>
          <testcase name="[It] [sig-storage] In-tree Volumes [Driver: local] [LocalVolumeType: dir] [Testpattern: Dynamic PV (ext4)] volumes should allow exec of files on the volume" classname="Kubernetes e2e suite" status="skipped" time="0">
              <skipped message="skipped"></skipped>
          </testcase>
          <testcase name="[It] [sig-storage] In-tree Volumes [Driver: vsphere] [Testpattern: Pre-provisioned PV (ext3)] volumes should allow exec of files on the volume" classname="Kubernetes e2e suite" status="skipped" time="0">
              <skipped message="skipped"></skipped>
          </testcase>
          <testcase name="[It] [sig-apps] StatefulSet Basic StatefulSet functionality [StatefulSetBasic] Burst scaling should run to completion even with unhealthy pods [Slow] [Conformance]" classname="Kubernetes e2e suite" status="passed" time="60.927927331"></testcase>
          <testcase name="[It] [sig-storage] In-tree Volumes [Driver: hostPath] [Testpattern: Dynamic PV (default fs)] provisioning should provision storage with mount options" classname="Kubernetes e2e suite" status="skipped" time="0">
              <skipped message="skipped"></skipped>
          </testcase>
          <testcase name="[It] [sig-cli] Kubectl rollout undo undo should rollback and update deployment env" classname="Kubernetes e2e suite" status="skipped" time="0">
              <skipped message="skipped"></skipped>
          </testcase>
          <testcase name="[It] [sig-storage] In-tree Volumes [Driver: hostPathSymlink] [Testpattern: Dynamic PV (block volmode)] multiVolume [Slow] should access to two volumes with the same volume mode and retain data across pod recreation on the same node" classname="Kubernetes e2e suite" status="skipped" time="0">
              <skipped message="skipped"></skipped>
          </testcase>
          <testcase name="[It] [sig-storage] In-tree Volumes [Driver: emptydir] [Testpattern: Pre-provisioned PV (filesystem volmode)] multiVolume [Slow] should access to two volumes with different volume mode and retain data across pod recreation on different node" classname="Kubernetes e2e suite" status="skipped" time="0">
              <skipped message="skipped"></skipped>
          </testcase>
          <testcase name="[It] [sig-storage] In-tree Volumes [Driver: hostPathSymlink] [Testpattern: Dynamic PV (block volmode)] multiVolume [Slow] should concurrently access the volume and restored snapshot from pods on the same node [LinuxOnly] [Feature:VolumeSnapshotDataSource] [Feature:VolumeSourceXFS]" classname="Kubernetes e2e suite" status="skipped" time="0">
              <skipped message="skipped"></skipped>
          </testcase>
          <testcase name="[It] [sig-storage] In-tree Volumes [Driver: local] [LocalVolumeType: blockfs] [Testpattern: Generic Ephemeral-volume (default fs) (late-binding)] ephemeral should support two pods which have the same volume definition" classname="Kubernetes e2e suite" status="skipped" time="0">
              <skipped message="skipped"></skipped>
          </testcase>
          <testcase name="[It] [sig-storage] In-tree Volumes [Driver: hostPathSymlink] [Testpattern: Pre-provisioned PV (block volmode)] volumeMode should fail to use a volume in a pod with mismatched mode [Slow]" classname="Kubernetes e2e suite" status="skipped" time="0">
              <skipped message="skipped"></skipped>
          </testcase>
          <testcase name="[It] [sig-storage] In-tree Volumes [Driver: local] [LocalVolumeType: blockfs] [Testpattern: Generic Ephemeral-volume (default fs) (late-binding)] ephemeral should create read/write inline ephemeral volume" classname="Kubernetes e2e suite" status="skipped" time="0">
              <skipped message="skipped"></skipped>
          </testcase>
          <testcase name="[It] [sig-windows] [Feature:WindowsHostProcessContainers] [MinimumKubeletVersion:1.22] HostProcess containers should run as a process on the host/node" classname="Kubernetes e2e suite" status="skipped" time="0">
              <skipped message="skipped"></skipped>
          </testcase>
          <testcase name="[It] [sig-storage] In-tree Volumes [Driver: azure-file] [Testpattern: Dynamic PV (ntfs)] [Feature:Windows] subPath should support existing single file [LinuxOnly]" classname="Kubernetes e2e suite" status="skipped" time="0">
              <skipped message="skipped"></skipped>
          </testcase>
          <testcase name="[It] [sig-storage] In-tree Volumes [Driver: azure-file] [Testpattern: Inline-volume (default fs)] subPath should support restarting containers using directory as subpath [Slow]" classname="Kubernetes e2e suite" status="skipped" time="0">
              <skipped message="skipped"></skipped>
          </testcase>
          <testcase name="[It] [sig-storage] In-tree Volumes [Driver: local] [LocalVolumeType: dir-bindmounted] [Testpattern: Dynamic PV (default fs)(allowExpansion)] volume-expand should resize volume when PVC is edited while pod is using it" classname="Kubernetes e2e suite" status="skipped" time="0">
              <skipped message="skipped"></skipped>
          </testcase>
          <testcase name="[It] [sig-storage] In-tree Volumes [Driver: local] [LocalVolumeType: block] [Testpattern: Dynamic PV (default fs)] subPath should fail if subpath with backstepping is outside the volume [Slow] [LinuxOnly]" classname="Kubernetes e2e suite" status="skipped" time="0">
              <skipped message="skipped"></skipped>
          </testcase>
          <testcase name="[It] [sig-storage] In-tree Volumes [Driver: nfs] [Testpattern: Generic Ephemeral-volume (default fs) (late-binding)] ephemeral should support two pods which have the same volume definition" classname="Kubernetes e2e suite" status="skipped" time="0">
              <skipped message="skipped"></skipped>
          </testcase>
          <testcase name="[It] [sig-storage] In-tree Volumes [Driver: local] [LocalVolumeType: dir-bindmounted] [Testpattern: Dynamic PV (default fs)] fsgroupchangepolicy (Always)[LinuxOnly], pod created with an initial fsgroup, new pod fsgroup applied to volume contents" classname="Kubernetes e2e suite" status="skipped" time="0">
              <skipped message="skipped"></skipped>
          </testcase>
          <testcase name="[It] [sig-storage] In-tree Volumes [Driver: emptydir] [Testpattern: Dynamic PV (ntfs)] [Feature:Windows] subPath should support file as subpath [LinuxOnly]" classname="Kubernetes e2e suite" status="skipped" time="0">
              <skipped message="skipped"></skipped>
          </testcase>
          <testcase name="[It] [sig-api-machinery] ResourceQuota should create a ResourceQuota and capture the life of a ResourceClaim [Feature:DynamicResourceAllocation]" classname="Kubernetes e2e suite" status="skipped" time="0">
              <skipped message="skipped"></skipped>
          </testcase>
          <testcase name="[It] [sig-node] Pod InPlace Resize Container [FeatureGate:InPlacePodVerticalScaling] [Beta] BestEffort pod - try requesting memory, expect error" classname="Kubernetes e2e suite" status="skipped" time="0">
              <skipped message="skipped"></skipped>
          </testcase>
          <testcase name="[It] [sig-windows] [Feature:Windows] GracefulNodeShutdown [Serial] [Disruptive] [Slow] should be able to gracefully shutdown pods with various grace periods" classname="Kubernetes e2e suite" status="skipped" time="0">
              <skipped message="skipped"></skipped>
          </testcase>
          <testcase name="[It] [sig-storage] In-tree Volumes [Driver: cinder] [Testpattern: Dynamic PV (block volmode)] volumes should store data" classname="Kubernetes e2e suite" status="skipped" time="0">
              <skipped message="skipped"></skipped>
          </testcase>
          <testcase name="[It] [sig-storage] In-tree Volumes [Driver: hostPath] [Testpattern: Dynamic PV (xfs)] [Slow] multiVolume [Slow] should concurrently access the volume and its clone from pods on the same node [LinuxOnly] [Feature:VolumeSourceXFS]" classname="Kubernetes e2e suite" status="skipped" time="0">
              <skipped message="skipped"></skipped>
          </testcase>
          <testcase name="[It] [sig-storage] In-tree Volumes [Driver: local] [LocalVolumeType: dir-bindmounted] [Testpattern: Dynamic PV (default fs)] subPath should verify container cannot write to subpath readonly volumes [Slow]" classname="Kubernetes e2e suite" status="skipped" time="0">
              <skipped message="skipped"></skipped>
          </testcase>
          <testcase name="[It] [sig-storage] In-tree Volumes [Driver: azure-disk] [Testpattern: Dynamic PV (default fs)] volumeIO should write files of various sizes, verify size, validate content [Slow]" classname="Kubernetes e2e suite" status="skipped" time="0">
              <skipped message="skipped"></skipped>
          </testcase>
          <testcase name="[It] [sig-storage] In-tree Volumes [Driver: nfs] [Testpattern: Dynamic PV (ntfs)] [Feature:Windows] provisioning should provision storage with any volume data source [Serial]" classname="Kubernetes e2e suite" status="skipped" time="0">
              <skipped message="skipped"></skipped>
          </testcase>
          <testcase name="[It] [sig-storage] In-tree Volumes [Driver: iscsi] [Feature:Volumes] [Testpattern: Dynamic PV (ntfs)] [Feature:Windows] subPath should support existing directory" classname="Kubernetes e2e suite" status="skipped" time="0">
              <skipped message="skipped"></skipped>
          </testcase>
          <testcase name="[It] [sig-storage] In-tree Volumes [Driver: emptydir] [Testpattern: Pre-provisioned PV (default fs)] subPath should support existing single file [LinuxOnly]" classname="Kubernetes e2e suite" status="skipped" time="0">
              <skipped message="skipped"></skipped>
          </testcase>
          <testcase name="[It] [sig-apps] StatefulSet Basic StatefulSet functionality [StatefulSetBasic] should perform rolling updates and roll backs of template modifications with PVCs" classname="Kubernetes e2e suite" status="skipped" time="0">
              <skipped message="skipped"></skipped>
          </testcase>
          <testcase name="[It] [sig-storage] In-tree Volumes [Driver: hostPathSymlink] [Testpattern: Dynamic PV (ntfs)(allowExpansion)] [Feature:Windows] volume-expand should resize volume when PVC is edited while pod is using it" classname="Kubernetes e2e suite" status="skipped" time="0">
              <skipped message="skipped"></skipped>
          </testcase>
          <testcase name="[It] [sig-storage] In-tree Volumes [Driver: azure-file] [Testpattern: Generic Ephemeral-volume (block volmode) (late-binding)] ephemeral should support expansion of pvcs created for ephemeral pvcs" classname="Kubernetes e2e suite" status="skipped" time="0">
              <skipped message="skipped"></skipped>
          </testcase>
          <testcase name="[It] [sig-storage] CSI Volumes [Driver: csi-hostpath] [Testpattern: Inline-volume (default fs)] subPath should support non-existent path" classname="Kubernetes e2e suite" status="skipped" time="0">
              <skipped message="skipped"></skipped>
          </testcase>
          <testcase name="[It] [sig-storage] In-tree Volumes [Driver: vsphere] [Testpattern: Dynamic PV (ntfs)] [Feature:Windows] provisioning should provision storage with snapshot data source [Feature:VolumeSnapshotDataSource]" classname="Kubernetes e2e suite" status="skipped" time="0">
              <skipped message="skipped"></skipped>
          </testcase>
          <testcase name="[It] [sig-storage] In-tree Volumes [Driver: iscsi] [Feature:Volumes] [Testpattern: Dynamic PV (default fs)] subPath should verify container cannot write to subpath readonly volumes [Slow]" classname="Kubernetes e2e suite" status="skipped" time="0">
              <skipped message="skipped"></skipped>
          </testcase>
          <testcase name="[It] [sig-storage] In-tree Volumes [Driver: local] [LocalVolumeType: tmpfs] [Testpattern: Pre-provisioned PV (block volmode)] multiVolume [Slow] should concurrently access the single read-only volume from pods on the same node" classname="Kubernetes e2e suite" status="skipped" time="0">
              <skipped message="skipped"></skipped>
          </testcase>
          <testcase name="[It] [sig-storage] In-tree Volumes [Driver: hostPath] [Testpattern: Dynamic PV (default fs)] provisioning should provision storage with pvc data source in parallel [Slow]" classname="Kubernetes e2e suite" status="skipped" time="0">
              <skipped message="skipped"></skipped>
          </testcase>
          <testcase name="[It] [sig-storage] In-tree Volumes [Driver: hostPathSymlink] [Testpattern: Dynamic PV (ntfs)] [Feature:Windows] provisioning should provision storage with snapshot data source [Feature:VolumeSnapshotDataSource]" classname="Kubernetes e2e suite" status="skipped" time="0">
              <skipped message="skipped"></skipped>
          </testcase>
          <testcase name="[It] [sig-storage] In-tree Volumes [Driver: local] [LocalVolumeType: dir] [Testpattern: Pre-provisioned PV (block volmode)] multiVolume [Slow] should access to two volumes with the same volume mode and retain data across pod recreation on the same node" classname="Kubernetes e2e suite" status="skipped" time="0">
              <skipped message="skipped"></skipped>
          </testcase>
          <testcase name="[It] [sig-storage] CSI Volumes [Driver: csi-hostpath] [Testpattern: Dynamic PV (default fs)] provisioning should provision storage with snapshot data source (ROX mode) [Feature:VolumeSnapshotDataSource]" classname="Kubernetes e2e suite" status="skipped" time="0">
              <skipped message="skipped"></skipped>
          </testcase>
          <testcase name="[It] [sig-storage] In-tree Volumes [Driver: iscsi] [Feature:Volumes] [Testpattern: Dynamic PV (default fs)] subPath should fail if non-existent subpath is outside the volume [Slow] [LinuxOnly]" classname="Kubernetes e2e suite" status="skipped" time="0">
              <skipped message="skipped"></skipped>
          </testcase>
          <testcase name="[It] [sig-storage] CSI Volumes [Driver: pd.csi.storage.gke.io] [Serial] [Testpattern: Dynamic PV (filesystem volmode)] volumeMode should fail to use a volume in a pod with mismatched mode [Slow]" classname="Kubernetes e2e suite" status="skipped" time="0">
              <skipped message="skipped"></skipped>
          </testcase>
          <testcase name="[It] [sig-api-machinery] AdmissionWebhook [Privileged:ClusterAdmin] should be able to deny pod and configmap creation [Conformance]" classname="Kubernetes e2e suite" status="passed" time="13.360316076"></testcase>
          <testcase name="[It] [sig-storage] In-tree Volumes [Driver: local] [LocalVolumeType: dir-link-bindmounted] [Testpattern: Inline-volume (default fs)] subPath should support creating multiple subpath from same volumes [Slow]" classname="Kubernetes e2e suite" status="skipped" time="0">
              <skipped message="skipped"></skipped>
          </testcase>
          <testcase name="[It] [sig-storage] In-tree Volumes [Driver: nfs] [Testpattern: Dynamic PV (filesystem volmode)] disruptive [Disruptive] [LinuxOnly] Should test that pv used in a pod that is force deleted while the kubelet is down is usable by a new pod when kubelet returns [Feature:SELinux]" classname="Kubernetes e2e suite" status="skipped" time="0">
              <skipped message="skipped"></skipped>
          </testcase>
          <testcase name="[It] [sig-node] Variable Expansion should allow substituting values in a container&#39;s command [NodeConformance] [Conformance]" classname="Kubernetes e2e suite" status="passed" time="4.089634317"></testcase>
          <testcase name="[It] [sig-storage] In-tree Volumes [Driver: local] [LocalVolumeType: blockfs] [Testpattern: Dynamic PV (block volmode)] multiVolume [Slow] should concurrently access the single read-only volume from pods on the same node" classname="Kubernetes e2e suite" status="skipped" time="0">
              <skipped message="skipped"></skipped>
          </testcase>
          <testcase name="[It] [sig-api-machinery] CustomResourceDefinition resources [Privileged:ClusterAdmin] Simple CustomResourceDefinition creating/deleting custom resource definition objects works [Conformance]" classname="Kubernetes e2e suite" status="passed" time="1.043883283"></testcase>
          <testcase name="[It] [sig-storage] In-tree Volumes [Driver: hostPathSymlink] [Testpattern: Dynamic PV (block volmode)] multiVolume [Slow] should concurrently access the single read-only volume from pods on the same node" classname="Kubernetes e2e suite" status="skipped" time="0">
              <skipped message="skipped"></skipped>
          </testcase>
          <testcase name="[It] [sig-storage] In-tree Volumes [Driver: local] [LocalVolumeType: dir] [Testpattern: Inline-volume (xfs)] [Slow] volumes should allow exec of files on the volume" classname="Kubernetes e2e suite" status="skipped" time="0">
              <skipped message="skipped"></skipped>
          </testcase>
          <testcase name="[It] [sig-storage] In-tree Volumes [Driver: cinder] [Testpattern: Dynamic PV (block volmode)] volumeMode should fail to use a volume in a pod with mismatched mode [Slow]" classname="Kubernetes e2e suite" status="skipped" time="0">
              <skipped message="skipped"></skipped>
          </testcase>
          <testcase name="[It] [sig-storage] In-tree Volumes [Driver: hostPathSymlink] [Testpattern: Inline-volume (default fs)] subPath should support existing single file [LinuxOnly]" classname="Kubernetes e2e suite" status="skipped" time="0">
              <skipped message="skipped"></skipped>
          </testcase>
          <testcase name="[It] [sig-node] Lease lease API should be available [Conformance]" classname="Kubernetes e2e suite" status="passed" time="0.104634469"></testcase>
          <testcase name="[It] [sig-storage] CSI Volumes [Driver: pd.csi.storage.gke.io] [Serial] [Testpattern: Dynamic PV (default fs)] subPath should fail if subpath directory is outside the volume [Slow] [LinuxOnly]" classname="Kubernetes e2e suite" status="skipped" time="0">
              <skipped message="skipped"></skipped>
          </testcase>
          <testcase name="[It] [sig-storage] ConfigMap should be consumable in multiple volumes in the same pod [NodeConformance] [Conformance]" classname="Kubernetes e2e suite" status="passed" time="2.071305512"></testcase>
          <testcase name="[It] [sig-storage] In-tree Volumes [Driver: local] [LocalVolumeType: block] [Testpattern: Pre-provisioned PV (default fs)] subPath should verify container cannot write to subpath readonly volumes [Slow]" classname="Kubernetes e2e suite" status="skipped" time="0">
              <skipped message="skipped"></skipped>
          </testcase>
          <testcase name="[It] [sig-storage] In-tree Volumes [Driver: emptydir] [Testpattern: Generic Ephemeral-volume (block volmode) (late-binding)] ephemeral should support expansion of pvcs created for ephemeral pvcs" classname="Kubernetes e2e suite" status="skipped" time="0">
              <skipped message="skipped"></skipped>
          </testcase>
          <testcase name="[It] [sig-storage] In-tree Volumes [Driver: local] [LocalVolumeType: blockfs] [Testpattern: Dynamic PV (filesystem volmode)] multiVolume [Slow] should access to two volumes with different volume mode and retain data across pod recreation on the same node" classname="Kubernetes e2e suite" status="skipped" time="0">
              <skipped message="skipped"></skipped>
          </testcase>
          <testcase name="[It] [sig-storage] In-tree Volumes [Driver: local] [LocalVolumeType: dir-link] [Testpattern: Dynamic PV (immediate binding)] topology should fail to schedule a pod which has topologies that conflict with AllowedTopologies" classname="Kubernetes e2e suite" status="skipped" time="0">
              <skipped message="skipped"></skipped>
          </testcase>
          <testcase name="[It] [sig-storage] In-tree Volumes [Driver: local] [LocalVolumeType: block] [Testpattern: Dynamic PV (block volmode)(allowExpansion)] volume-expand Verify if offline PVC expansion works" classname="Kubernetes e2e suite" status="skipped" time="0">
              <skipped message="skipped"></skipped>
          </testcase>
          <testcase name="[It] [sig-storage] In-tree Volumes [Driver: nfs] [Testpattern: Inline-volume (default fs)] subPath should fail if subpath file is outside the volume [Slow] [LinuxOnly]" classname="Kubernetes e2e suite" status="skipped" time="0">
              <skipped message="skipped"></skipped>
          </testcase>
          <testcase name="[It] [sig-storage] In-tree Volumes [Driver: local] [LocalVolumeType: dir-link] [Testpattern: Dynamic PV (ntfs)] [Feature:Windows] subPath should support existing directories when readOnly specified in the volumeSource" classname="Kubernetes e2e suite" status="skipped" time="0">
              <skipped message="skipped"></skipped>
          </testcase>
          <testcase name="[It] [sig-storage] In-tree Volumes [Driver: hostPath] [Testpattern: Pre-provisioned PV (filesystem volmode)] multiVolume [Slow] should access to two volumes with different volume mode and retain data across pod recreation on the same node" classname="Kubernetes e2e suite" status="skipped" time="0">
              <skipped message="skipped"></skipped>
          </testcase>
          <testcase name="[It] [sig-storage] In-tree Volumes [Driver: local] [LocalVolumeType: dir] [Testpattern: Dynamic PV (block volmode)] volumeMode should not mount / map unused volumes in a pod [LinuxOnly]" classname="Kubernetes e2e suite" status="skipped" time="0">
              <skipped message="skipped"></skipped>
          </testcase>
          <testcase name="[It] [sig-storage] In-tree Volumes [Driver: local] [LocalVolumeType: gce-localssd-scsi-fs] [Serial] [Testpattern: Dynamic PV (default fs)] subPath should support restarting containers using directory as subpath [Slow]" classname="Kubernetes e2e suite" status="skipped" time="0">
              <skipped message="skipped"></skipped>
          </testcase>
          <testcase name="[It] [sig-storage] Projected downwardAPI should provide container&#39;s cpu request [NodeConformance] [Conformance]" classname="Kubernetes e2e suite" status="passed" time="2.061643254"></testcase>
          <testcase name="[It] [sig-network] DNS HostNetwork spec.Hostname field is not silently ignored and is used for hostname for a Pod" classname="Kubernetes e2e suite" status="skipped" time="0">
              <skipped message="skipped"></skipped>
          </testcase>
          <testcase name="[It] [sig-storage] In-tree Volumes [Driver: local] [LocalVolumeType: blockfs] [Testpattern: Dynamic PV (block volmode)] multiVolume [Slow] should access to two volumes with the same volume mode and retain data across pod recreation on the same node" classname="Kubernetes e2e suite" status="skipped" time="0">
              <skipped message="skipped"></skipped>
          </testcase>
          <testcase name="[It] [sig-storage] In-tree Volumes [Driver: nfs] [Testpattern: Pre-provisioned PV (default fs)] subPath should support creating multiple subpath from same volumes [Slow]" classname="Kubernetes e2e suite" status="skipped" time="0">
              <skipped message="skipped"></skipped>
          </testcase>
          <testcase name="[It] [sig-storage] In-tree Volumes [Driver: azure-disk] [Testpattern: Dynamic PV (ntfs)] [Feature:Windows] multiVolume [Slow] should concurrently access the single volume from pods on the same node" classname="Kubernetes e2e suite" status="skipped" time="0">
              <skipped message="skipped"></skipped>
          </testcase>
          <testcase name="[It] [sig-storage] In-tree Volumes [Driver: local] [LocalVolumeType: dir-bindmounted] [Testpattern: Dynamic PV (default fs)] subPath should be able to unmount after the subpath directory is deleted [LinuxOnly]" classname="Kubernetes e2e suite" status="skipped" time="0">
              <skipped message="skipped"></skipped>
          </testcase>
          <testcase name="[It] [sig-storage] In-tree Volumes [Driver: local] [LocalVolumeType: tmpfs] [Testpattern: Inline-volume (ext3)] volumes should store data" classname="Kubernetes e2e suite" status="skipped" time="0">
              <skipped message="skipped"></skipped>
          </testcase>
          <testcase name="[It] [sig-storage] In-tree Volumes [Driver: local] [LocalVolumeType: tmpfs] [Testpattern: Dynamic PV (block volmode)] provisioning should provision storage with pvc data source in parallel [Slow]" classname="Kubernetes e2e suite" status="skipped" time="0">
              <skipped message="skipped"></skipped>
          </testcase>
          <testcase name="[It] [sig-storage] In-tree Volumes [Driver: azure-disk] [Testpattern: Dynamic PV (block volmode)] provisioning should provision storage with any volume data source [Serial]" classname="Kubernetes e2e suite" status="skipped" time="0">
              <skipped message="skipped"></skipped>
          </testcase>
          <testcase name="[It] [sig-storage] In-tree Volumes [Driver: azure-file] [Testpattern: Dynamic PV (delayed binding)] topology should provision a volume and schedule a pod with AllowedTopologies" classname="Kubernetes e2e suite" status="skipped" time="0">
              <skipped message="skipped"></skipped>
          </testcase>
          <testcase name="[It] [sig-storage] CSI Volumes [Driver: csi-hostpath] [Testpattern: Dynamic PV (default fs)] subPath should unmount if pod is gracefully deleted while kubelet is down [Disruptive] [Slow] [LinuxOnly]" classname="Kubernetes e2e suite" status="skipped" time="0">
              <skipped message="skipped"></skipped>
          </testcase>
          <testcase name="[It] [sig-storage] In-tree Volumes [Driver: local] [LocalVolumeType: block] [Testpattern: Dynamic PV (ntfs)] [Feature:Windows] multiVolume [Slow] should concurrently access the single read-only volume from pods on the same node" classname="Kubernetes e2e suite" status="skipped" time="0">
              <skipped message="skipped"></skipped>
          </testcase>
          <testcase name="[It] [sig-storage] Secrets should be consumable from pods in volume as non-root with defaultMode and fsGroup set [LinuxOnly] [NodeConformance] [Conformance]" classname="Kubernetes e2e suite" status="passed" time="2.070125486"></testcase>
          <testcase name="[It] [sig-storage] Projected configMap should be consumable from pods in volume [NodeConformance] [Conformance]" classname="Kubernetes e2e suite" status="passed" time="2.068178219"></testcase>
          <testcase name="[It] [sig-storage] In-tree Volumes [Driver: local] [LocalVolumeType: block] [Testpattern: Pre-provisioned PV (filesystem volmode)] multiVolume [Slow] should concurrently access the single read-only volume from pods on the same node" classname="Kubernetes e2e suite" status="skipped" time="0">
              <skipped message="skipped"></skipped>
          </testcase>
          <testcase name="[It] [sig-storage] In-tree Volumes [Driver: local] [LocalVolumeType: block] [Testpattern: Pre-provisioned PV (ext3)] volumes should store data" classname="Kubernetes e2e suite" status="skipped" time="0">
              <skipped message="skipped"></skipped>
          </testcase>
          <testcase name="[It] [sig-storage] In-tree Volumes [Driver: hostPath] [Testpattern: Dynamic PV (ntfs)] [Feature:Windows] volumes should store data" classname="Kubernetes e2e suite" status="skipped" time="0">
              <skipped message="skipped"></skipped>
          </testcase>
          <testcase name="[It] [sig-storage] In-tree Volumes [Driver: local] [LocalVolumeType: dir] [Testpattern: Dynamic PV (ntfs)] [Feature:Windows] multiVolume [Slow] should access to two volumes with different volume mode and retain data across pod recreation on different node" classname="Kubernetes e2e suite" status="skipped" time="0">
              <skipped message="skipped"></skipped>
          </testcase>
          <testcase name="[It] [sig-storage] [Serial] Volume metrics Ephemeral should create volume metrics with the correct BlockMode PVC ref" classname="Kubernetes e2e suite" status="skipped" time="0">
              <skipped message="skipped"></skipped>
          </testcase>
          <testcase name="[It] [sig-network] Services should serve multiport endpoints from pods [Conformance]" classname="Kubernetes e2e suite" status="passed" time="7.564918178"></testcase>
          <testcase name="[It] [sig-storage] In-tree Volumes [Driver: nfs] [Testpattern: Dynamic PV (xfs)] [Slow] multiVolume [Slow] should access to two volumes with different volume mode and retain data across pod recreation on different node" classname="Kubernetes e2e suite" status="skipped" time="0">
              <skipped message="skipped"></skipped>
          </testcase>
          <testcase name="[It] [sig-storage] In-tree Volumes [Driver: local] [LocalVolumeType: dir-link-bindmounted] [Testpattern: Dynamic PV (immediate binding)] topology should fail to schedule a pod which has topologies that conflict with AllowedTopologies" classname="Kubernetes e2e suite" status="skipped" time="0">
              <skipped message="skipped"></skipped>
          </testcase>
          <testcase name="[It] [sig-storage] In-tree Volumes [Driver: local] [LocalVolumeType: gce-localssd-scsi-fs] [Serial] [Testpattern: Pre-provisioned PV (filesystem volmode)] disruptive [Disruptive] [LinuxOnly] Should test that pv written before kubelet restart is readable after restart." classname="Kubernetes e2e suite" status="skipped" time="0">
              <skipped message="skipped"></skipped>
          </testcase>
          <testcase name="[It] [sig-storage] CSI Mock selinux on mount SELinuxMount [LinuxOnly] [Feature:SELinux] should unstage RWOP volume when starting a second pod with different SELinux context [FeatureGate:SELinuxMountReadWriteOncePod] [Beta]" classname="Kubernetes e2e suite" status="skipped" time="0">
              <skipped message="skipped"></skipped>
          </testcase>
          <testcase name="[It] [sig-api-machinery] AggregatedDiscovery should support aggregated discovery interface for CRDs [Conformance]" classname="Kubernetes e2e suite" status="passed" time="3.074714123"></testcase>
          <testcase name="[It] [sig-storage] In-tree Volumes [Driver: local] [LocalVolumeType: dir-bindmounted] [Testpattern: Dynamic PV (ext3)] volumes should store data" classname="Kubernetes e2e suite" status="skipped" time="0">
              <skipped message="skipped"></skipped>
          </testcase>
          <testcase name="[It] [sig-storage] In-tree Volumes [Driver: emptydir] [Testpattern: Dynamic PV (ntfs)] [Feature:Windows] multiVolume [Slow] should access to two volumes with different volume mode and retain data across pod recreation on the same node" classname="Kubernetes e2e suite" status="skipped" time="0">
              <skipped message="skipped"></skipped>
          </testcase>
          <testcase name="[It] [sig-storage] In-tree Volumes [Driver: hostPath] [Testpattern: Dynamic PV (block volmode)] provisioning should provision storage with pvc data source" classname="Kubernetes e2e suite" status="skipped" time="0">
              <skipped message="skipped"></skipped>
          </testcase>
          <testcase name="[It] [sig-storage] In-tree Volumes [Driver: local] [LocalVolumeType: block] [Testpattern: Pre-provisioned PV (filesystem volmode)] disruptive [Disruptive] [LinuxOnly] Should test that pv used in a pod that is deleted while the kubelet is down is usable by a new pod with a different SELinux context when kubelet returns [Feature:SELinux]" classname="Kubernetes e2e suite" status="skipped" time="0">
              <skipped message="skipped"></skipped>
          </testcase>
          <testcase name="[It] [sig-storage] In-tree Volumes [Driver: nfs] [Testpattern: Dynamic PV (default fs)] fsgroupchangepolicy (OnRootMismatch)[LinuxOnly], pod created with an initial fsgroup, new pod fsgroup applied to volume contents" classname="Kubernetes e2e suite" status="skipped" time="0">
              <skipped message="skipped"></skipped>
          </testcase>
          <testcase name="[It] [sig-storage] In-tree Volumes [Driver: hostPathSymlink] [Testpattern: Dynamic PV (ntfs)] [Feature:Windows] volumeIO should write files of various sizes, verify size, validate content [Slow]" classname="Kubernetes e2e suite" status="skipped" time="0">
              <skipped message="skipped"></skipped>
          </testcase>
          <testcase name="[It] [sig-storage] In-tree Volumes [Driver: local] [LocalVolumeType: dir-link-bindmounted] [Testpattern: Dynamic PV (ext4)] multiVolume [Slow] should access to two volumes with the same volume mode and retain data across pod recreation on the same node" classname="Kubernetes e2e suite" status="skipped" time="0">
              <skipped message="skipped"></skipped>
          </testcase>
          <testcase name="[It] [sig-storage] CSI Volumes [Driver: csi-hostpath] [Testpattern: Inline-volume (default fs)] subPath should support file as subpath [LinuxOnly]" classname="Kubernetes e2e suite" status="skipped" time="0">
              <skipped message="skipped"></skipped>
          </testcase>
          <testcase name="[It] [sig-storage] CSI Volumes [Driver: pd.csi.storage.gke.io] [Serial] [Testpattern: Inline-volume (ntfs)] [Feature:Windows] volumes should store data" classname="Kubernetes e2e suite" status="skipped" time="0">
              <skipped message="skipped"></skipped>
          </testcase>
          <testcase name="[It] [sig-storage] In-tree Volumes [Driver: local] [LocalVolumeType: dir-link-bindmounted] [Testpattern: Dynamic PV (block volmode)] disruptive [Disruptive] [LinuxOnly] Should test that pv used in a pod that is force deleted while the kubelet is down cleans up when the kubelet returns." classname="Kubernetes e2e suite" status="skipped" time="0">
              <skipped message="skipped"></skipped>
          </testcase>
          <testcase name="[It] [sig-storage] CSI Volumes [Driver: pd.csi.storage.gke.io] [Serial] [Testpattern: Dynamic PV (default fs)] volume-modify [FeatureGate:VolumeAttributesClass] [Beta] [Feature:OffByDefault] should modify volume that already has a VAC" classname="Kubernetes e2e suite" status="skipped" time="0">
              <skipped message="skipped"></skipped>
          </testcase>
          <testcase name="[It] [sig-storage] CSI Volumes [Driver: pd.csi.storage.gke.io] [Serial] [Testpattern: Dynamic PV (xfs)] [Slow] multiVolume [Slow] should concurrently access the volume and restored snapshot from pods on the same node [LinuxOnly] [Feature:VolumeSnapshotDataSource] [Feature:VolumeSourceXFS]" classname="Kubernetes e2e suite" status="skipped" time="0">
              <skipped message="skipped"></skipped>
          </testcase>
          <testcase name="[It] [sig-storage] In-tree Volumes [Driver: local] [LocalVolumeType: dir-link-bindmounted] [Testpattern: Pre-provisioned PV (default fs)] subPath should unmount if pod is force deleted while kubelet is down [Disruptive] [Slow] [LinuxOnly]" classname="Kubernetes e2e suite" status="skipped" time="0">
              <skipped message="skipped"></skipped>
          </testcase>
          <testcase name="[It] [sig-storage] In-tree Volumes [Driver: azure-file] [Testpattern: Dynamic PV (ext4)] multiVolume [Slow] should concurrently access the single volume from pods on different node" classname="Kubernetes e2e suite" status="skipped" time="0">
              <skipped message="skipped"></skipped>
          </testcase>
          <testcase name="[It] [sig-storage] In-tree Volumes [Driver: local] [LocalVolumeType: gce-localssd-scsi-fs] [Serial] [Testpattern: Dynamic PV (ntfs)] [Feature:Windows] multiVolume [Slow] should access to two volumes with the same volume mode and retain data across pod recreation on different node" classname="Kubernetes e2e suite" status="skipped" time="0">
              <skipped message="skipped"></skipped>
          </testcase>
          <testcase name="[It] [sig-storage] In-tree Volumes [Driver: local] [LocalVolumeType: dir-bindmounted] [Testpattern: Pre-provisioned PV (filesystem volmode)] volumeMode should not mount / map unused volumes in a pod [LinuxOnly]" classname="Kubernetes e2e suite" status="skipped" time="0">
              <skipped message="skipped"></skipped>
          </testcase>
          <testcase name="[It] [sig-storage] In-tree Volumes [Driver: local] [LocalVolumeType: dir-link-bindmounted] [Testpattern: Dynamic PV (default fs)] subPath should support non-existent path" classname="Kubernetes e2e suite" status="skipped" time="0">
              <skipped message="skipped"></skipped>
          </testcase>
          <testcase name="[It] [sig-storage] In-tree Volumes [Driver: cinder] [Testpattern: Dynamic PV (default fs)] subPath should support readOnly file specified in the volumeMount [LinuxOnly]" classname="Kubernetes e2e suite" status="skipped" time="0">
              <skipped message="skipped"></skipped>
          </testcase>
          <testcase name="[It] [sig-storage] In-tree Volumes [Driver: iscsi] [Feature:Volumes] [Testpattern: Pre-provisioned PV (block volmode)] disruptive [Disruptive] [LinuxOnly] Should test that pv used in a pod that is deleted while the kubelet is down cleans up when the kubelet returns." classname="Kubernetes e2e suite" status="skipped" time="0">
              <skipped message="skipped"></skipped>
          </testcase>
          <testcase name="[It] [sig-storage] In-tree Volumes [Driver: local] [LocalVolumeType: tmpfs] [Testpattern: Dynamic PV (ntfs)] [Feature:Windows] subPath should be able to unmount after the subpath directory is deleted [LinuxOnly]" classname="Kubernetes e2e suite" status="skipped" time="0">
              <skipped message="skipped"></skipped>
          </testcase>
          <testcase name="[It] [sig-storage] In-tree Volumes [Driver: nfs] [Testpattern: Dynamic PV (block volmode)] multiVolume [Slow] should access to two volumes with the same volume mode and retain data across pod recreation on the same node" classname="Kubernetes e2e suite" status="skipped" time="0">
              <skipped message="skipped"></skipped>
          </testcase>
          <testcase name="[It] [sig-storage] In-tree Volumes [Driver: local] [LocalVolumeType: tmpfs] [Testpattern: Pre-provisioned PV (xfs)] [Slow] volumes should allow exec of files on the volume" classname="Kubernetes e2e suite" status="skipped" time="0">
              <skipped message="skipped"></skipped>
          </testcase>
          <testcase name="[It] [sig-storage] In-tree Volumes [Driver: local] [LocalVolumeType: dir-link-bindmounted] [Testpattern: Dynamic PV (ntfs)] [Feature:Windows] multiVolume [Slow] should concurrently access the single volume from pods on the same node" classname="Kubernetes e2e suite" status="skipped" time="0">
              <skipped message="skipped"></skipped>
          </testcase>
          <testcase name="[It] [sig-autoscaling] Cluster size autoscaling [Slow] should increase cluster size if pods are pending due to pod anti-affinity [Feature:ClusterSizeAutoscalingScaleUp]" classname="Kubernetes e2e suite" status="skipped" time="0">
              <skipped message="skipped"></skipped>
          </testcase>
          <testcase name="[It] [sig-storage] In-tree Volumes [Driver: local] [LocalVolumeType: tmpfs] [Testpattern: Dynamic PV (default fs)] subPath should support restarting containers using file as subpath [Slow] [LinuxOnly]" classname="Kubernetes e2e suite" status="skipped" time="0">
              <skipped message="skipped"></skipped>
          </testcase>
          <testcase name="[It] [sig-storage] CSI Volumes [Driver: csi-hostpath] [Testpattern: Inline-volume (default fs)] volumes should allow exec of files on the volume" classname="Kubernetes e2e suite" status="skipped" time="0">
              <skipped message="skipped"></skipped>
          </testcase>
          <testcase name="[It] [sig-storage] In-tree Volumes [Driver: vsphere] [Testpattern: Dynamic PV (block volmode)] multiVolume [Slow] should concurrently access the volume and restored snapshot from pods on the same node [LinuxOnly] [Feature:VolumeSnapshotDataSource] [Feature:VolumeSourceXFS]" classname="Kubernetes e2e suite" status="skipped" time="0">
              <skipped message="skipped"></skipped>
          </testcase>
          <testcase name="[It] [sig-api-machinery] ResourceQuota should create a ResourceQuota and capture the life of a persistent volume claim" classname="Kubernetes e2e suite" status="skipped" time="0">
              <skipped message="skipped"></skipped>
          </testcase>
          <testcase name="[It] [sig-storage] CSI Volumes [Driver: csi-hostpath] [Testpattern: Pre-provisioned PV (ext4)] volumes should store data" classname="Kubernetes e2e suite" status="skipped" time="0">
              <skipped message="skipped"></skipped>
          </testcase>
          <testcase name="[It] [sig-storage] In-tree Volumes [Driver: hostPathSymlink] [Testpattern: Dynamic PV (block volmode)] multiVolume [Slow] should access to two volumes with the same volume mode and retain data across pod recreation on different node" classname="Kubernetes e2e suite" status="skipped" time="0">
              <skipped message="skipped"></skipped>
          </testcase>
          <testcase name="[It] [sig-storage] In-tree Volumes [Driver: azure-file] [Testpattern: Dynamic PV (block volmode)] provisioning should provision storage with mount options" classname="Kubernetes e2e suite" status="skipped" time="0">
              <skipped message="skipped"></skipped>
          </testcase>
          <testcase name="[It] [sig-storage] In-tree Volumes [Driver: local] [LocalVolumeType: tmpfs] [Testpattern: Dynamic PV (block volmode)] multiVolume [Slow] should access to two volumes with different volume mode and retain data across pod recreation on different node" classname="Kubernetes e2e suite" status="skipped" time="0">
              <skipped message="skipped"></skipped>
          </testcase>
          <testcase name="[It] [sig-storage] [Serial] Volume metrics PVController should create bound pv/pvc count metrics for pvc controller with volume attributes class dimension after creating both pv and pvc [FeatureGate:VolumeAttributesClass] [Beta] [Feature:OffByDefault]" classname="Kubernetes e2e suite" status="skipped" time="0">
              <skipped message="skipped"></skipped>
          </testcase>
          <testcase name="[It] [sig-storage] In-tree Volumes [Driver: vsphere] [Testpattern: Dynamic PV (block volmode)] provisioning should provision storage with pvc data source" classname="Kubernetes e2e suite" status="skipped" time="0">
              <skipped message="skipped"></skipped>
          </testcase>
          <testcase name="[It] [sig-storage] In-tree Volumes [Driver: vsphere] [Testpattern: Pre-provisioned PV (default fs)] subPath should unmount if pod is gracefully deleted while kubelet is down [Disruptive] [Slow] [LinuxOnly]" classname="Kubernetes e2e suite" status="skipped" time="0">
              <skipped message="skipped"></skipped>
          </testcase>
          <testcase name="[It] [sig-storage] In-tree Volumes [Driver: azure-file] [Testpattern: Dynamic PV (filesystem volmode)] multiVolume [Slow] should concurrently access the single volume from pods on the same node" classname="Kubernetes e2e suite" status="skipped" time="0">
              <skipped message="skipped"></skipped>
          </testcase>
          <testcase name="[It] [sig-network] DNS configMap nameserver Forward PTR lookup should forward PTR records lookup to upstream nameserver [Slow] [Serial]" classname="Kubernetes e2e suite" status="skipped" time="0">
              <skipped message="skipped"></skipped>
          </testcase>
          <testcase name="[It] [sig-auth] [FeatureGate:ClusterTrustBundle] [Beta] [Feature:OffByDefault] [FeatureGate:ClusterTrustBundleProjection] [Beta] [Feature:OffByDefault] should be capable to mount multiple trust bundles by signer+labels can combine all signer CTBs with an empty label selector" classname="Kubernetes e2e suite" status="skipped" time="0">
              <skipped message="skipped"></skipped>
          </testcase>
          <testcase name="[It] [sig-auth] [Feature:NodeAuthorizer] Getting a non-existent secret should exit with the Forbidden error, not a NotFound error" classname="Kubernetes e2e suite" status="skipped" time="0">
              <skipped message="skipped"></skipped>
          </testcase>
          <testcase name="[It] [sig-cli] Kubectl client Kubectl replace should update a single-container pod&#39;s image [Conformance]" classname="Kubernetes e2e suite" status="passed" time="7.271843506"></testcase>
          <testcase name="[It] [sig-network] Conntrack should be able to preserve UDP traffic when server pod cycles for a NodePort service" classname="Kubernetes e2e suite" status="skipped" time="0">
              <skipped message="skipped"></skipped>
          </testcase>
          <testcase name="[It] [sig-storage] CSI Volumes [Driver: csi-hostpath] [Testpattern: Dynamic PV (default fs)] fsgroupchangepolicy (Always)[LinuxOnly], rwop pod created with an initial fsgroup, new pod fsgroup applied to volume contents" classname="Kubernetes e2e suite" status="skipped" time="0">
              <skipped message="skipped"></skipped>
          </testcase>
          <testcase name="[It] [sig-storage] Dynamic Provisioning DynamicProvisioner [Slow] [Feature:StorageProvider] should provision storage with non-default reclaim policy Retain" classname="Kubernetes e2e suite" status="skipped" time="0">
              <skipped message="skipped"></skipped>
          </testcase>
          <testcase name="[It] [sig-storage] In-tree Volumes [Driver: cinder] [Testpattern: Dynamic PV (default fs)] subPath should support non-existent path" classname="Kubernetes e2e suite" status="skipped" time="0">
              <skipped message="skipped"></skipped>
          </testcase>
          <testcase name="[It] [sig-storage] In-tree Volumes [Driver: hostPathSymlink] [Testpattern: Dynamic PV (ntfs)] [Feature:Windows] multiVolume [Slow] should concurrently access the single volume from pods on the same node" classname="Kubernetes e2e suite" status="skipped" time="0">
              <skipped message="skipped"></skipped>
          </testcase>
          <testcase name="[It] [sig-storage] In-tree Volumes [Driver: local] [LocalVolumeType: dir] [Testpattern: Pre-provisioned PV (default fs)] subPath should support readOnly directory specified in the volumeMount" classname="Kubernetes e2e suite" status="skipped" time="0">
              <skipped message="skipped"></skipped>
          </testcase>
          <testcase name="[It] [sig-storage] In-tree Volumes [Driver: local] [LocalVolumeType: gce-localssd-scsi-fs] [Serial] [Testpattern: Dynamic PV (block volmode)] provisioning should provision storage with pvc data source (ROX mode)" classname="Kubernetes e2e suite" status="skipped" time="0">
              <skipped message="skipped"></skipped>
          </testcase>
          <testcase name="[It] [sig-storage] In-tree Volumes [Driver: local] [LocalVolumeType: dir-link-bindmounted] [Testpattern: Dynamic PV (block volmode)] provisioning should provision storage with mount options" classname="Kubernetes e2e suite" status="skipped" time="0">
              <skipped message="skipped"></skipped>
          </testcase>
          <testcase name="[It] [sig-storage] In-tree Volumes [Driver: local] [LocalVolumeType: dir-link-bindmounted] [Testpattern: Dynamic PV (immediate binding)] topology should provision a volume and schedule a pod with AllowedTopologies" classname="Kubernetes e2e suite" status="skipped" time="0">
              <skipped message="skipped"></skipped>
          </testcase>
          <testcase name="[It] [sig-storage] In-tree Volumes [Driver: local] [LocalVolumeType: tmpfs] [Testpattern: Pre-provisioned PV (xfs)] [Slow] volumes should store data" classname="Kubernetes e2e suite" status="skipped" time="0">
              <skipped message="skipped"></skipped>
          </testcase>
          <testcase name="[It] [sig-storage] In-tree Volumes [Driver: cinder] [Testpattern: Dynamic PV (block volmode)] disruptive [Disruptive] [LinuxOnly] Should test that pv used in a pod that is deleted while the kubelet is down cleans up when the kubelet returns." classname="Kubernetes e2e suite" status="skipped" time="0">
              <skipped message="skipped"></skipped>
          </testcase>
          <testcase name="[It] [sig-storage] In-tree Volumes [Driver: cinder] [Testpattern: Pre-provisioned PV (block volmode)] multiVolume [Slow] should concurrently access the single volume from pods on the same node" classname="Kubernetes e2e suite" status="skipped" time="0">
              <skipped message="skipped"></skipped>
          </testcase>
          <testcase name="[It] [sig-storage] In-tree Volumes [Driver: hostPath] [Testpattern: Pre-provisioned PV (xfs)] [Slow] volumes should store data" classname="Kubernetes e2e suite" status="skipped" time="0">
              <skipped message="skipped"></skipped>
          </testcase>
          <testcase name="[It] [sig-network] Netpol NetworkPolicy between server and client should deny ingress from pods on other namespaces [Feature:NetworkPolicy]" classname="Kubernetes e2e suite" status="skipped" time="0">
              <skipped message="skipped"></skipped>
          </testcase>
          <testcase name="[It] [sig-network] Netpol NetworkPolicy between server and client should enforce ingress policy allowing any port traffic to a server on a specific protocol [Feature:NetworkPolicy]" classname="Kubernetes e2e suite" status="skipped" time="0">
              <skipped message="skipped"></skipped>
          </testcase>
          <testcase name="[It] [sig-storage] In-tree Volumes [Driver: nfs] [Testpattern: Dynamic PV (ntfs)] [Feature:Windows] subPath should verify container cannot write to subpath readonly volumes [Slow]" classname="Kubernetes e2e suite" status="skipped" time="0">
              <skipped message="skipped"></skipped>
          </testcase>
          <testcase name="[It] [sig-autoscaling] Cluster size autoscaling [Slow] should be able to scale down by draining multiple pods one by one as dictated by pdb [Feature:ClusterSizeAutoscalingScaleDown]" classname="Kubernetes e2e suite" status="skipped" time="0">
              <skipped message="skipped"></skipped>
          </testcase>
          <testcase name="[It] [sig-auth] ServiceAccounts should update a ServiceAccount [Conformance]" classname="Kubernetes e2e suite" status="passed" time="0.10549846"></testcase>
          <testcase name="[It] [sig-storage] In-tree Volumes [Driver: hostPathSymlink] [Testpattern: Dynamic PV (default fs)] subPath should support existing directories when readOnly specified in the volumeSource" classname="Kubernetes e2e suite" status="skipped" time="0">
              <skipped message="skipped"></skipped>
          </testcase>
          <testcase name="[It] [sig-storage] In-tree Volumes [Driver: local] [LocalVolumeType: dir] [Testpattern: Dynamic PV (default fs)] provisioning should provision storage with snapshot data source (ROX mode) [Feature:VolumeSnapshotDataSource]" classname="Kubernetes e2e suite" status="skipped" time="0">
              <skipped message="skipped"></skipped>
          </testcase>
          <testcase name="[It] [sig-storage] In-tree Volumes [Driver: local] [LocalVolumeType: block] [Testpattern: Dynamic PV (ntfs)] [Feature:Windows] provisioning should provision storage with pvc data source in parallel [Slow]" classname="Kubernetes e2e suite" status="skipped" time="0">
              <skipped message="skipped"></skipped>
          </testcase>
          <testcase name="[It] [sig-storage] In-tree Volumes [Driver: emptydir] [Testpattern: Inline-volume (xfs)] [Slow] volumes should store data" classname="Kubernetes e2e suite" status="skipped" time="0">
              <skipped message="skipped"></skipped>
          </testcase>
          <testcase name="[It] [sig-storage] Projected downwardAPI should provide node allocatable (cpu) as default cpu limit if the limit is not set [NodeConformance] [Conformance]" classname="Kubernetes e2e suite" status="passed" time="2.063985137"></testcase>
          <testcase name="[It] [sig-storage] In-tree Volumes [Driver: local] [LocalVolumeType: blockfs] [Testpattern: Dynamic PV (filesystem volmode)] volumeMode should not mount / map unused volumes in a pod [LinuxOnly]" classname="Kubernetes e2e suite" status="skipped" time="0">
              <skipped message="skipped"></skipped>
          </testcase>
          <testcase name="[It] [sig-scheduling] Multi-AZ Clusters should spread the pods of a service across zones [Serial]" classname="Kubernetes e2e suite" status="skipped" time="0">
              <skipped message="skipped"></skipped>
          </testcase>
          <testcase name="[It] [sig-storage] In-tree Volumes [Driver: local] [LocalVolumeType: gce-localssd-scsi-fs] [Serial] [Testpattern: Inline-volume (xfs)] [Slow] volumes should allow exec of files on the volume" classname="Kubernetes e2e suite" status="skipped" time="0">
              <skipped message="skipped"></skipped>
          </testcase>
          <testcase name="[It] [sig-api-machinery] AdmissionWebhook [Privileged:ClusterAdmin] should mutate custom resource [Conformance]" classname="Kubernetes e2e suite" status="passed" time="6.498569815"></testcase>
          <testcase name="[It] [sig-storage] In-tree Volumes [Driver: hostPath] [Testpattern: Generic Ephemeral-volume (default fs) (immediate-binding)] ephemeral should support two pods which have the same volume definition" classname="Kubernetes e2e suite" status="skipped" time="0">
              <skipped message="skipped"></skipped>
          </testcase>
          <testcase name="[It] [sig-storage] CSI Volumes [Driver: csi-hostpath] [Testpattern: Inline-volume (default fs)] subPath should fail if subpath with backstepping is outside the volume [Slow] [LinuxOnly]" classname="Kubernetes e2e suite" status="skipped" time="0">
              <skipped message="skipped"></skipped>
          </testcase>
          <testcase name="[It] [sig-storage] CSI Volumes [Driver: pd.csi.storage.gke.io] [Serial] [Testpattern: Dynamic PV (ext4)] volumes should allow exec of files on the volume" classname="Kubernetes e2e suite" status="skipped" time="0">
              <skipped message="skipped"></skipped>
          </testcase>
          <testcase name="[It] [sig-storage] In-tree Volumes [Driver: vsphere] [Testpattern: Inline-volume (default fs)] subPath should support restarting containers using directory as subpath [Slow]" classname="Kubernetes e2e suite" status="skipped" time="0">
              <skipped message="skipped"></skipped>
          </testcase>
          <testcase name="[It] [sig-storage] In-tree Volumes [Driver: azure-disk] [Testpattern: Dynamic PV (ntfs)] [Feature:Windows] subPath should support non-existent path" classname="Kubernetes e2e suite" status="skipped" time="0">
              <skipped message="skipped"></skipped>
          </testcase>
          <testcase name="[It] [sig-storage] In-tree Volumes [Driver: emptydir] [Testpattern: Dynamic PV (ntfs)] [Feature:Windows] subPath should unmount if pod is gracefully deleted while kubelet is down [Disruptive] [Slow] [LinuxOnly]" classname="Kubernetes e2e suite" status="skipped" time="0">
              <skipped message="skipped"></skipped>
          </testcase>
          <testcase name="[It] [sig-storage] In-tree Volumes [Driver: azure-disk] [Testpattern: Dynamic PV (block volmode)] disruptive [Disruptive] [LinuxOnly] Should test that pv used in a pod that is force deleted while the kubelet is down cleans up when the kubelet returns." classname="Kubernetes e2e suite" status="skipped" time="0">
              <skipped message="skipped"></skipped>
          </testcase>
          <testcase name="[It] [sig-storage] In-tree Volumes [Driver: local] [LocalVolumeType: dir-link] [Testpattern: Dynamic PV (ntfs)] [Feature:Windows] subPath should support existing directory" classname="Kubernetes e2e suite" status="skipped" time="0">
              <skipped message="skipped"></skipped>
          </testcase>
          <testcase name="[It] [sig-storage] In-tree Volumes [Driver: local] [LocalVolumeType: block] [Testpattern: Generic Ephemeral-volume (block volmode) (late-binding)] ephemeral should support two pods which have the same volume definition" classname="Kubernetes e2e suite" status="skipped" time="0">
              <skipped message="skipped"></skipped>
          </testcase>
          <testcase name="[It] [sig-storage] In-tree Volumes [Driver: local] [LocalVolumeType: dir] [Testpattern: Pre-provisioned PV (default fs)] subPath should support readOnly file specified in the volumeMount [LinuxOnly]" classname="Kubernetes e2e suite" status="skipped" time="0">
              <skipped message="skipped"></skipped>
          </testcase>
          <testcase name="[It] [sig-node] kubelet kubectl get --raw &#34;/api/v1/nodes/&lt;insert-node-name-here&gt;/proxy/logs/?query=/&lt;insert-log-file-name-here&gt; [Feature:NodeLogQuery] should return the kubelet logs for the current boot with the pattern container" classname="Kubernetes e2e suite" status="skipped" time="0">
              <skipped message="skipped"></skipped>
          </testcase>
          <testcase name="[It] [sig-storage] In-tree Volumes [Driver: hostPathSymlink] [Testpattern: Dynamic PV (default fs)] volumes should store data" classname="Kubernetes e2e suite" status="skipped" time="0">
              <skipped message="skipped"></skipped>
          </testcase>
          <testcase name="[It] [sig-storage] In-tree Volumes [Driver: local] [LocalVolumeType: dir] [Testpattern: Pre-provisioned PV (filesystem volmode)] disruptive [Disruptive] [LinuxOnly] Should test that pv written before kubelet restart is readable after restart." classname="Kubernetes e2e suite" status="skipped" time="0">
              <skipped message="skipped"></skipped>
          </testcase>
          <testcase name="[It] [sig-storage] In-tree Volumes [Driver: local] [LocalVolumeType: tmpfs] [Testpattern: Dynamic PV (block volmode)] multiVolume [Slow] should access to two volumes with the same volume mode and retain data across pod recreation on the same node" classname="Kubernetes e2e suite" status="skipped" time="0">
              <skipped message="skipped"></skipped>
          </testcase>
          <testcase name="[It] [sig-storage] CSI Volumes [Driver: csi-hostpath] [Testpattern: Dynamic Snapshot (retain policy)] snapshottable [Feature:VolumeSnapshotDataSource] volume snapshot controller  should check snapshot fields, check restore correctly works after modifying source data, check deletion (persistent)" classname="Kubernetes e2e suite" status="skipped" time="0">
              <skipped message="skipped"></skipped>
          </testcase>
          <testcase name="[It] [sig-storage] In-tree Volumes [Driver: local] [LocalVolumeType: dir-link-bindmounted] [Testpattern: Dynamic PV (default fs)] subPath should unmount if pod is gracefully deleted while kubelet is down [Disruptive] [Slow] [LinuxOnly]" classname="Kubernetes e2e suite" status="skipped" time="0">
              <skipped message="skipped"></skipped>
          </testcase>
          <testcase name="[It] [sig-storage] CSI Volumes [Driver: pd.csi.storage.gke.io] [Serial] [Testpattern: Pre-provisioned PV (default fs)] subPath should fail if subpath with backstepping is outside the volume [Slow] [LinuxOnly]" classname="Kubernetes e2e suite" status="skipped" time="0">
              <skipped message="skipped"></skipped>
          </testcase>
          <testcase name="[It] [sig-storage] In-tree Volumes [Driver: nfs] [Testpattern: Inline-volume (default fs)] subPath should support file as subpath [LinuxOnly]" classname="Kubernetes e2e suite" status="skipped" time="0">
              <skipped message="skipped"></skipped>
          </testcase>
          <testcase name="[It] [sig-storage] CSI Volumes [Driver: pd.csi.storage.gke.io] [Serial] [Testpattern:  (delete policy)] volumegroupsnapshottable [Feature:volumegroupsnapshot] VolumeGroupSnapshottable  should create snapshots for multiple volumes in a pod" classname="Kubernetes e2e suite" status="skipped" time="0">
              <skipped message="skipped"></skipped>
          </testcase>
          <testcase name="[It] [sig-storage] In-tree Volumes [Driver: local] [LocalVolumeType: tmpfs] [Testpattern: Dynamic PV (ext3)] volumes should allow exec of files on the volume" classname="Kubernetes e2e suite" status="skipped" time="0">
              <skipped message="skipped"></skipped>
          </testcase>
          <testcase name="[It] [sig-storage] In-tree Volumes [Driver: hostPathSymlink] [Testpattern: Inline-volume (default fs)] subPath should unmount if pod is gracefully deleted while kubelet is down [Disruptive] [Slow] [LinuxOnly]" classname="Kubernetes e2e suite" status="skipped" time="0">
              <skipped message="skipped"></skipped>
          </testcase>
          <testcase name="[It] [sig-storage] In-tree Volumes [Driver: iscsi] [Feature:Volumes] [Testpattern: Pre-provisioned PV (filesystem volmode)] multiVolume [Slow] should access to two volumes with different volume mode and retain data across pod recreation on the same node" classname="Kubernetes e2e suite" status="skipped" time="0">
              <skipped message="skipped"></skipped>
          </testcase>
          <testcase name="[It] [sig-storage] In-tree Volumes [Driver: emptydir] [Testpattern: Dynamic PV (default fs)] subPath should fail if subpath with backstepping is outside the volume [Slow] [LinuxOnly]" classname="Kubernetes e2e suite" status="skipped" time="0">
              <skipped message="skipped"></skipped>
          </testcase>
          <testcase name="[It] [sig-storage] In-tree Volumes [Driver: nfs] [Testpattern: Dynamic PV (block volmode)] volume-stress multiple pods should access different volumes repeatedly [Slow] [Serial]" classname="Kubernetes e2e suite" status="skipped" time="0">
              <skipped message="skipped"></skipped>
          </testcase>
          <testcase name="[It] [sig-storage] CSI Volumes [Driver: pd.csi.storage.gke.io] [Serial] [Testpattern: Pre-provisioned PV (filesystem volmode)] disruptive [Disruptive] [LinuxOnly] Should test that pv used in a pod that is deleted while the kubelet is down is usable by a new pod when kubelet returns [Feature:SELinux]" classname="Kubernetes e2e suite" status="skipped" time="0">
              <skipped message="skipped"></skipped>
          </testcase>
          <testcase name="[It] [sig-storage] In-tree Volumes [Driver: azure-disk] [Testpattern: Inline-volume (default fs)] subPath should fail if subpath directory is outside the volume [Slow] [LinuxOnly]" classname="Kubernetes e2e suite" status="skipped" time="0">
              <skipped message="skipped"></skipped>
          </testcase>
          <testcase name="[It] [sig-storage] In-tree Volumes [Driver: local] [LocalVolumeType: blockfs] [Testpattern: Dynamic PV (block volmode)(allowExpansion)] volume-expand Verify if offline PVC expansion works" classname="Kubernetes e2e suite" status="skipped" time="0">
              <skipped message="skipped"></skipped>
          </testcase>
          <testcase name="[It] [sig-node] Containers should be able to override the image&#39;s default arguments (container cmd) [NodeConformance] [Conformance]" classname="Kubernetes e2e suite" status="passed" time="4.074330499"></testcase>
          <testcase name="[It] [sig-node] Downward API should provide container&#39;s limits.cpu/memory and requests.cpu/memory as env vars [NodeConformance] [Conformance]" classname="Kubernetes e2e suite" status="passed" time="4.071187074"></testcase>
          <testcase name="[It] [sig-node] DRA [Feature:DynamicResourceAllocation] [FeatureGate:DynamicResourceAllocation] [Beta] [Feature:OffByDefault] with prioritized list filters config correctly for multiple devices [Feature:DRAPrioritizedList]" classname="Kubernetes e2e suite" status="skipped" time="0">
              <skipped message="skipped"></skipped>
          </testcase>
          <testcase name="[It] [sig-storage] In-tree Volumes [Driver: local] [LocalVolumeType: blockfs] [Testpattern: Inline-volume (ext3)] volumes should allow exec of files on the volume" classname="Kubernetes e2e suite" status="skipped" time="0">
              <skipped message="skipped"></skipped>
          </testcase>
          <testcase name="[It] [sig-storage] In-tree Volumes [Driver: cinder] [Testpattern: Pre-provisioned PV (xfs)] [Slow] volumes should allow exec of files on the volume" classname="Kubernetes e2e suite" status="skipped" time="0">
              <skipped message="skipped"></skipped>
          </testcase>
          <testcase name="[It] [sig-storage] In-tree Volumes [Driver: hostPath] [Testpattern: Dynamic PV (ext3)] volumes should store data" classname="Kubernetes e2e suite" status="skipped" time="0">
              <skipped message="skipped"></skipped>
          </testcase>
          <testcase name="[It] [sig-storage] CSI Volumes [Driver: pd.csi.storage.gke.io] [Serial] [Testpattern: Dynamic PV (immediate binding)] topology should fail to schedule a pod which has topologies that conflict with AllowedTopologies" classname="Kubernetes e2e suite" status="skipped" time="0">
              <skipped message="skipped"></skipped>
          </testcase>
          <testcase name="[It] [sig-storage] In-tree Volumes [Driver: iscsi] [Feature:Volumes] [Testpattern: Pre-provisioned PV (filesystem volmode)] multiVolume [Slow] should concurrently access the volume and its clone from pods on the same node [LinuxOnly] [Feature:VolumeSourceXFS]" classname="Kubernetes e2e suite" status="skipped" time="0">
              <skipped message="skipped"></skipped>
          </testcase>
          <testcase name="[It] [sig-storage] In-tree Volumes [Driver: local] [LocalVolumeType: dir-bindmounted] [Testpattern: Pre-provisioned PV (default fs)] volumes should store data" classname="Kubernetes e2e suite" status="skipped" time="0">
              <skipped message="skipped"></skipped>
          </testcase>
          <testcase name="[It] [sig-windows] [Feature:WindowsHostProcessContainers] [MinimumKubeletVersion:1.22] HostProcess containers should support init containers" classname="Kubernetes e2e suite" status="skipped" time="0">
              <skipped message="skipped"></skipped>
          </testcase>
          <testcase name="[It] [sig-cli] Kubectl client Simple pod [Slow] should support exec idle connections" classname="Kubernetes e2e suite" status="skipped" time="0">
              <skipped message="skipped"></skipped>
          </testcase>
          <testcase name="[It] [sig-storage] In-tree Volumes [Driver: hostPath] [Testpattern: Dynamic PV (default fs)] volume-expand should not allow expansion of pvcs without AllowVolumeExpansion property" classname="Kubernetes e2e suite" status="skipped" time="0">
              <skipped message="skipped"></skipped>
          </testcase>
          <testcase name="[It] [sig-network] Services should allow pods to hairpin back to themselves through services" classname="Kubernetes e2e suite" status="skipped" time="0">
              <skipped message="skipped"></skipped>
          </testcase>
          <testcase name="[It] [sig-storage] In-tree Volumes [Driver: iscsi] [Feature:Volumes] [Testpattern: Dynamic PV (default fs)] subPath should support existing directories when readOnly specified in the volumeSource" classname="Kubernetes e2e suite" status="skipped" time="0">
              <skipped message="skipped"></skipped>
          </testcase>
          <testcase name="[It] [sig-network] Services should implement service.kubernetes.io/headless" classname="Kubernetes e2e suite" status="skipped" time="0">
              <skipped message="skipped"></skipped>
          </testcase>
          <testcase name="[It] [sig-storage] In-tree Volumes [Driver: azure-disk] [Testpattern: Dynamic PV (ntfs)] [Feature:Windows] multiVolume [Slow] should concurrently access the single volume from pods on different node" classname="Kubernetes e2e suite" status="skipped" time="0">
              <skipped message="skipped"></skipped>
          </testcase>
          <testcase name="[It] [sig-storage] In-tree Volumes [Driver: hostPathSymlink] [Testpattern: Dynamic PV (ntfs)] [Feature:Windows] subPath should verify container cannot write to subpath readonly volumes [Slow]" classname="Kubernetes e2e suite" status="skipped" time="0">
              <skipped message="skipped"></skipped>
          </testcase>
          <testcase name="[It] [sig-storage] In-tree Volumes [Driver: local] [LocalVolumeType: block] [Testpattern: Dynamic PV (ext4)] multiVolume [Slow] should concurrently access the volume and its clone from pods on the same node [LinuxOnly] [Feature:VolumeSourceXFS]" classname="Kubernetes e2e suite" status="skipped" time="0">
              <skipped message="skipped"></skipped>
          </testcase>
          <testcase name="[It] [sig-storage] In-tree Volumes [Driver: azure-file] [Testpattern: Inline-volume (default fs)] subPath should support file as subpath [LinuxOnly]" classname="Kubernetes e2e suite" status="skipped" time="0">
              <skipped message="skipped"></skipped>
          </testcase>
          <testcase name="[It] [sig-storage] In-tree Volumes [Driver: hostPath] [Testpattern: Dynamic PV (block volmode)] volumes should store data" classname="Kubernetes e2e suite" status="skipped" time="0">
              <skipped message="skipped"></skipped>
          </testcase>
          <testcase name="[It] [sig-node] Security Context When creating a pod with readOnlyRootFilesystem should run the container with readonly rootfs when readOnlyRootFilesystem=true [LinuxOnly] [NodeConformance]" classname="Kubernetes e2e suite" status="skipped" time="0">
              <skipped message="skipped"></skipped>
          </testcase>
          <testcase name="[It] [sig-storage] In-tree Volumes [Driver: iscsi] [Feature:Volumes] [Testpattern: Dynamic PV (block volmode)] volumes should store data" classname="Kubernetes e2e suite" status="skipped" time="0">
              <skipped message="skipped"></skipped>
          </testcase>
          <testcase name="[It] [sig-storage] In-tree Volumes [Driver: local] [LocalVolumeType: blockfs] [Testpattern: Dynamic PV (ext4)] volumes should store data" classname="Kubernetes e2e suite" status="skipped" time="0">
              <skipped message="skipped"></skipped>
          </testcase>
          <testcase name="[It] [sig-storage] In-tree Volumes [Driver: hostPath] [Testpattern: Pre-provisioned PV (default fs)] subPath should fail if non-existent subpath is outside the volume [Slow] [LinuxOnly]" classname="Kubernetes e2e suite" status="skipped" time="0">
              <skipped message="skipped"></skipped>
          </testcase>
          <testcase name="[It] [sig-node] Pod InPlace Resize Container [FeatureGate:InPlacePodVerticalScaling] [Beta] Burstable QoS pod, one container with cpu &amp; memory requests - increase cpu request" classname="Kubernetes e2e suite" status="skipped" time="0">
              <skipped message="skipped"></skipped>
          </testcase>
          <testcase name="[It] [sig-storage] In-tree Volumes [Driver: hostPathSymlink] [Testpattern: Dynamic PV (ntfs)] [Feature:Windows] subPath should unmount if pod is force deleted while kubelet is down [Disruptive] [Slow] [LinuxOnly]" classname="Kubernetes e2e suite" status="skipped" time="0">
              <skipped message="skipped"></skipped>
          </testcase>
          <testcase name="[It] [sig-storage] In-tree Volumes [Driver: local] [LocalVolumeType: dir-bindmounted] [Testpattern: Dynamic PV (xfs)] [Slow] multiVolume [Slow] should access to two volumes with different volume mode and retain data across pod recreation on different node" classname="Kubernetes e2e suite" status="skipped" time="0">
              <skipped message="skipped"></skipped>
          </testcase>
          <testcase name="[It] [sig-node] NoExecuteTaintManager Single Pod [Serial] doesn&#39;t evict pod with tolerations from tainted nodes" classname="Kubernetes e2e suite" status="skipped" time="0">
              <skipped message="skipped"></skipped>
          </testcase>
          <testcase name="[It] [sig-storage] In-tree Volumes [Driver: local] [LocalVolumeType: blockfs] [Testpattern: Dynamic PV (ext4)] multiVolume [Slow] should access to two volumes with the same volume mode and retain data across pod recreation on the same node" classname="Kubernetes e2e suite" status="skipped" time="0">
              <skipped message="skipped"></skipped>
          </testcase>
          <testcase name="[It] [sig-storage] In-tree Volumes [Driver: cinder] [Testpattern: Pre-provisioned PV (default fs)] subPath should support readOnly file specified in the volumeMount [LinuxOnly]" classname="Kubernetes e2e suite" status="skipped" time="0">
              <skipped message="skipped"></skipped>
          </testcase>
          <testcase name="[It] [sig-storage] Subpath Atomic writer volumes should support subpaths with downward pod [Conformance]" classname="Kubernetes e2e suite" status="passed" time="24.141653794"></testcase>
          <testcase name="[It] [sig-storage] CSI Mock volume expansion Expansion with recovery [Feature:RecoverVolumeExpansionFailure] [FeatureGate:RecoverVolumeExpansionFailure] [Beta] recovery should be possible for node-only expanded volumes with final error" classname="Kubernetes e2e suite" status="skipped" time="0">
              <skipped message="skipped"></skipped>
          </testcase>
          <testcase name="[It] [sig-storage] CSI Volumes [Driver: csi-hostpath] [Testpattern: Pre-provisioned PV (block volmode)] volumeMode should fail to use a volume in a pod with mismatched mode [Slow]" classname="Kubernetes e2e suite" status="skipped" time="0">
              <skipped message="skipped"></skipped>
          </testcase>
          <testcase name="[It] [sig-storage] In-tree Volumes [Driver: local] [LocalVolumeType: dir] [Testpattern: Pre-provisioned PV (block volmode)] volumeMode should fail to use a volume in a pod with mismatched mode [Slow]" classname="Kubernetes e2e suite" status="skipped" time="0">
              <skipped message="skipped"></skipped>
          </testcase>
          <testcase name="[It] [sig-node] Probing container should *not* be restarted with a tcp:8080 liveness probe [NodeConformance] [Conformance]" classname="Kubernetes e2e suite" status="passed" time="242.696745827"></testcase>
          <testcase name="[It] [sig-auth] ServiceAccounts should mount projected service account token [Conformance]" classname="Kubernetes e2e suite" status="passed" time="4.073448113"></testcase>
          <testcase name="[It] [sig-storage] In-tree Volumes [Driver: azure-disk] [Testpattern: Dynamic PV (filesystem volmode)] volumeLimits should support volume limits [Serial]" classname="Kubernetes e2e suite" status="skipped" time="0">
              <skipped message="skipped"></skipped>
          </testcase>
          <testcase name="[It] [sig-storage] CSI Volumes [Driver: pd.csi.storage.gke.io] [Serial] [Testpattern: Dynamic PV (ntfs)] [Feature:Windows] provisioning should provision storage with pvc data source" classname="Kubernetes e2e suite" status="skipped" time="0">
              <skipped message="skipped"></skipped>
          </testcase>
          <testcase name="[It] [sig-storage] In-tree Volumes [Driver: hostPath] [Testpattern: Dynamic PV (ntfs)] [Feature:Windows] subPath should support non-existent path" classname="Kubernetes e2e suite" status="skipped" time="0">
              <skipped message="skipped"></skipped>
          </testcase>
          <testcase name="[It] [sig-storage] In-tree Volumes [Driver: local] [LocalVolumeType: dir-link] [Testpattern: Dynamic PV (ntfs)] [Feature:Windows] volumeIO should write files of various sizes, verify size, validate content [Slow]" classname="Kubernetes e2e suite" status="skipped" time="0">
              <skipped message="skipped"></skipped>
          </testcase>
          <testcase name="[It] [sig-storage] CSI Volumes [Driver: csi-hostpath] [Testpattern: Inline-volume (default fs)] subPath should support existing directory" classname="Kubernetes e2e suite" status="skipped" time="0">
              <skipped message="skipped"></skipped>
          </testcase>
          <testcase name="[It] [sig-storage] In-tree Volumes [Driver: local] [LocalVolumeType: block] [Testpattern: Dynamic PV (ntfs)] [Feature:Windows] subPath should fail if subpath with backstepping is outside the volume [Slow] [LinuxOnly]" classname="Kubernetes e2e suite" status="skipped" time="0">
              <skipped message="skipped"></skipped>
          </testcase>
          <testcase name="[It] [sig-storage] CSI Volumes [Driver: csi-hostpath] [Testpattern: Inline-volume (default fs)] volumeIO should write files of various sizes, verify size, validate content [Slow]" classname="Kubernetes e2e suite" status="skipped" time="0">
              <skipped message="skipped"></skipped>
          </testcase>
          <testcase name="[It] [sig-storage] Dynamic Provisioning DynamicProvisioner Default should create and delete default persistent volumes [Slow]" classname="Kubernetes e2e suite" status="skipped" time="0">
              <skipped message="skipped"></skipped>
          </testcase>
          <testcase name="[It] [sig-storage] CSI Volumes [Driver: pd.csi.storage.gke.io] [Serial] [Testpattern: Dynamic PV (default fs)] subPath should fail if non-existent subpath is outside the volume [Slow] [LinuxOnly]" classname="Kubernetes e2e suite" status="skipped" time="0">
              <skipped message="skipped"></skipped>
          </testcase>
          <testcase name="[It] [sig-storage] CSI Volumes [Driver: pd.csi.storage.gke.io] [Serial] [Testpattern: Pre-provisioned PV (filesystem volmode)] multiVolume [Slow] should concurrently access the single volume from pods on the same node" classname="Kubernetes e2e suite" status="skipped" time="0">
              <skipped message="skipped"></skipped>
          </testcase>
          <testcase name="[It] [sig-storage] CSI Volumes [Driver: pd.csi.storage.gke.io] [Serial] [Testpattern: Dynamic PV (ntfs)] [Feature:Windows] subPath should be able to unmount after the subpath directory is deleted [LinuxOnly]" classname="Kubernetes e2e suite" status="skipped" time="0">
              <skipped message="skipped"></skipped>
          </testcase>
          <testcase name="[It] [sig-storage] CSI Mock honor pv reclaim policy CSI honor pv reclaim policy using mock driver Dynamic provisioning should honor pv retain reclaim policy when deleting pv then pvc" classname="Kubernetes e2e suite" status="skipped" time="0">
              <skipped message="skipped"></skipped>
          </testcase>
          <testcase name="[It] [sig-network] Services should be rejected when no endpoints exist" classname="Kubernetes e2e suite" status="skipped" time="0">
              <skipped message="skipped"></skipped>
          </testcase>
          <testcase name="[It] [sig-storage] HostPathType Directory [Slow] Should be able to mount directory &#39;adir&#39; successfully when HostPathType is HostPathUnset" classname="Kubernetes e2e suite" status="skipped" time="0">
              <skipped message="skipped"></skipped>
          </testcase>
          <testcase name="[It] [sig-storage] In-tree Volumes [Driver: local] [LocalVolumeType: gce-localssd-scsi-fs] [Serial] [Testpattern: Inline-volume (default fs)] subPath should fail if non-existent subpath is outside the volume [Slow] [LinuxOnly]" classname="Kubernetes e2e suite" status="skipped" time="0">
              <skipped message="skipped"></skipped>
          </testcase>
          <testcase name="[It] [sig-storage] In-tree Volumes [Driver: local] [LocalVolumeType: gce-localssd-scsi-fs] [Serial] [Testpattern: Dynamic PV (default fs)] subPath should fail if subpath directory is outside the volume [Slow] [LinuxOnly]" classname="Kubernetes e2e suite" status="skipped" time="0">
              <skipped message="skipped"></skipped>
          </testcase>
          <testcase name="[It] [sig-storage] In-tree Volumes [Driver: local] [LocalVolumeType: blockfs] [Testpattern: Dynamic PV (ntfs)] [Feature:Windows] subPath should support creating multiple subpath from same volumes [Slow]" classname="Kubernetes e2e suite" status="skipped" time="0">
              <skipped message="skipped"></skipped>
          </testcase>
          <testcase name="[It] [sig-storage] In-tree Volumes [Driver: hostPath] [Testpattern: Dynamic PV (default fs)] provisioning should mount multiple PV pointing to the same storage on the same node" classname="Kubernetes e2e suite" status="skipped" time="0">
              <skipped message="skipped"></skipped>
          </testcase>
          <testcase name="[It] [sig-storage] HostPath should support subPath [NodeConformance]" classname="Kubernetes e2e suite" status="skipped" time="0">
              <skipped message="skipped"></skipped>
          </testcase>
          <testcase name="[It] [sig-storage] In-tree Volumes [Driver: local] [LocalVolumeType: tmpfs] [Testpattern: Dynamic PV (default fs)] subPath should support creating multiple subpath from same volumes [Slow]" classname="Kubernetes e2e suite" status="skipped" time="0">
              <skipped message="skipped"></skipped>
          </testcase>
          <testcase name="[It] [sig-apps] Deployment deployment reaping should cascade to its replica sets and pods" classname="Kubernetes e2e suite" status="skipped" time="0">
              <skipped message="skipped"></skipped>
          </testcase>
          <testcase name="[It] [sig-storage] In-tree Volumes [Driver: cinder] [Testpattern: Generic Ephemeral-volume (block volmode) (late-binding)] ephemeral should support two pods which have the same volume definition" classname="Kubernetes e2e suite" status="skipped" time="0">
              <skipped message="skipped"></skipped>
          </testcase>
          <testcase name="[It] [sig-node] DRA [Feature:DynamicResourceAllocation] [FeatureGate:DynamicResourceAllocation] [Beta] [Feature:OffByDefault] kubelet must unprepare resources for force-deleted pod" classname="Kubernetes e2e suite" status="skipped" time="0">
              <skipped message="skipped"></skipped>
          </testcase>
          <testcase name="[It] [sig-storage] In-tree Volumes [Driver: local] [LocalVolumeType: dir-link-bindmounted] [Testpattern: Dynamic PV (default fs)] subPath should support readOnly file specified in the volumeMount [LinuxOnly]" classname="Kubernetes e2e suite" status="skipped" time="0">
              <skipped message="skipped"></skipped>
          </testcase>
          <testcase name="[It] [sig-node] Sysctls [LinuxOnly] [NodeConformance] should support sysctls [MinimumKubeletVersion:1.21] [Environment:NotInUserNS] [Conformance]" classname="Kubernetes e2e suite" status="passed" time="4.050859538"></testcase>
          <testcase name="[It] [sig-storage] In-tree Volumes [Driver: azure-disk] [Testpattern: Dynamic PV (delayed binding)] topology should provision a volume and schedule a pod with AllowedTopologies" classname="Kubernetes e2e suite" status="skipped" time="0">
              <skipped message="skipped"></skipped>
          </testcase>
          <testcase name="[It] [sig-storage] In-tree Volumes [Driver: local] [LocalVolumeType: tmpfs] [Testpattern: Dynamic PV (xfs)] [Slow] multiVolume [Slow] should concurrently access the single volume from pods on different node" classname="Kubernetes e2e suite" status="skipped" time="0">
              <skipped message="skipped"></skipped>
          </testcase>
          <testcase name="[It] [sig-storage] CSI Volumes [Driver: csi-hostpath] [Testpattern: Dynamic PV (default fs)] subPath should fail if subpath file is outside the volume [Slow] [LinuxOnly]" classname="Kubernetes e2e suite" status="skipped" time="0">
              <skipped message="skipped"></skipped>
          </testcase>
          <testcase name="[It] [sig-node] [Feature:KubeletFineGrainedAuthz] when calling kubelet API check /healthz enpoint is accessible via nodes/healthz RBAC" classname="Kubernetes e2e suite" status="skipped" time="0">
              <skipped message="skipped"></skipped>
          </testcase>
          <testcase name="[It] [sig-node] [Feature:GPUDevicePlugin] [Serial] Test using a Job should run gpu based jobs" classname="Kubernetes e2e suite" status="skipped" time="0">
              <skipped message="skipped"></skipped>
          </testcase>
          <testcase name="[It] [sig-network] Netpol NetworkPolicy between server and client should enforce updated policy [Feature:NetworkPolicy]" classname="Kubernetes e2e suite" status="skipped" time="0">
              <skipped message="skipped"></skipped>
          </testcase>
          <testcase name="[It] [sig-storage] In-tree Volumes [Driver: nfs] [Testpattern: Pre-provisioned PV (filesystem volmode)] multiVolume [Slow] should access to two volumes with different volume mode and retain data across pod recreation on different node" classname="Kubernetes e2e suite" status="skipped" time="0">
              <skipped message="skipped"></skipped>
          </testcase>
          <testcase name="[It] [sig-storage] In-tree Volumes [Driver: local] [LocalVolumeType: gce-localssd-scsi-fs] [Serial] [Testpattern: Pre-provisioned PV (block volmode)] volumeMode should not mount / map unused volumes in a pod [LinuxOnly]" classname="Kubernetes e2e suite" status="skipped" time="0">
              <skipped message="skipped"></skipped>
          </testcase>
          <testcase name="[It] [sig-storage] In-tree Volumes [Driver: local] [LocalVolumeType: block] [Testpattern: Dynamic PV (ntfs)] [Feature:Windows] subPath should support existing directory" classname="Kubernetes e2e suite" status="skipped" time="0">
              <skipped message="skipped"></skipped>
          </testcase>
          <testcase name="[It] [sig-storage] In-tree Volumes [Driver: local] [LocalVolumeType: dir-bindmounted] [Testpattern: Dynamic PV (block volmode)] multiVolume [Slow] should concurrently access the single volume from pods on different node" classname="Kubernetes e2e suite" status="skipped" time="0">
              <skipped message="skipped"></skipped>
          </testcase>
          <testcase name="[It] [sig-storage] In-tree Volumes [Driver: iscsi] [Feature:Volumes] [Testpattern: Dynamic PV (block volmode)] provisioning should provision storage with mount options" classname="Kubernetes e2e suite" status="skipped" time="0">
              <skipped message="skipped"></skipped>
          </testcase>
          <testcase name="[It] [sig-storage] In-tree Volumes [Driver: iscsi] [Feature:Volumes] [Testpattern: Pre-provisioned PV (default fs)] subPath should support existing directory" classname="Kubernetes e2e suite" status="skipped" time="0">
              <skipped message="skipped"></skipped>
          </testcase>
          <testcase name="[It] [sig-storage] In-tree Volumes [Driver: cinder] [Testpattern: Dynamic PV (default fs)] subPath should support existing directories when readOnly specified in the volumeSource" classname="Kubernetes e2e suite" status="skipped" time="0">
              <skipped message="skipped"></skipped>
          </testcase>
          <testcase name="[It] [sig-storage] In-tree Volumes [Driver: local] [LocalVolumeType: dir-link-bindmounted] [Testpattern: Generic Ephemeral-volume (default fs) (immediate-binding)] ephemeral should support two pods which have the same volume definition" classname="Kubernetes e2e suite" status="skipped" time="0">
              <skipped message="skipped"></skipped>
          </testcase>
          <testcase name="[It] [sig-storage] In-tree Volumes [Driver: local] [LocalVolumeType: dir] [Testpattern: Dynamic PV (block volmode)] multiVolume [Slow] should access to two volumes with different volume mode and retain data across pod recreation on the same node" classname="Kubernetes e2e suite" status="skipped" time="0">
              <skipped message="skipped"></skipped>
          </testcase>
          <testcase name="[It] [sig-network] KubeProxy should set TCP CLOSE_WAIT timeout [Privileged]" classname="Kubernetes e2e suite" status="skipped" time="0">
              <skipped message="skipped"></skipped>
          </testcase>
          <testcase name="[It] [sig-storage] In-tree Volumes [Driver: local] [LocalVolumeType: tmpfs] [Testpattern: Dynamic PV (default fs)] capacity provides storage capacity information" classname="Kubernetes e2e suite" status="skipped" time="0">
              <skipped message="skipped"></skipped>
          </testcase>
          <testcase name="[It] [sig-cli] Kubectl client Proxy server should support proxy with --port 0 [Conformance]" classname="Kubernetes e2e suite" status="passed" time="0.103125325"></testcase>
          <testcase name="[It] [sig-storage] In-tree Volumes [Driver: local] [LocalVolumeType: dir-bindmounted] [Testpattern: Dynamic PV (ntfs)] [Feature:Windows] provisioning should provision correct filesystem size when restoring snapshot to larger size pvc [Feature:VolumeSnapshotDataSource]" classname="Kubernetes e2e suite" status="skipped" time="0">
              <skipped message="skipped"></skipped>
          </testcase>
          <testcase name="[It] [sig-storage] In-tree Volumes [Driver: vsphere] [Testpattern: Pre-provisioned PV (filesystem volmode)] multiVolume [Slow] should access to two volumes with different volume mode and retain data across pod recreation on different node" classname="Kubernetes e2e suite" status="skipped" time="0">
              <skipped message="skipped"></skipped>
          </testcase>
          <testcase name="[It] [sig-storage] In-tree Volumes [Driver: hostPathSymlink] [Testpattern: Inline-volume (default fs)] subPath should fail if subpath with backstepping is outside the volume [Slow] [LinuxOnly]" classname="Kubernetes e2e suite" status="skipped" time="0">
              <skipped message="skipped"></skipped>
          </testcase>
          <testcase name="[It] [sig-cli] Kubectl Port forwarding With a server listening on localhost that expects a client request should support a client that connects, sends NO DATA, and disconnects" classname="Kubernetes e2e suite" status="skipped" time="0">
              <skipped message="skipped"></skipped>
          </testcase>
          <testcase name="[It] [sig-network] Networking Granular Checks: Pods should function for node-pod communication: http [LinuxOnly] [NodeConformance] [Conformance]" classname="Kubernetes e2e suite" status="passed" time="16.323989621"></testcase>
          <testcase name="[It] [sig-storage] In-tree Volumes [Driver: local] [LocalVolumeType: dir-bindmounted] [Testpattern: Inline-volume (default fs)] volumeIO should write files of various sizes, verify size, validate content [Slow]" classname="Kubernetes e2e suite" status="skipped" time="0">
              <skipped message="skipped"></skipped>
          </testcase>
          <testcase name="[It] [sig-storage] CSI Volumes [Driver: csi-hostpath] [Testpattern: Generic Ephemeral-volume (block volmode) (late-binding)] ephemeral should support multiple inline ephemeral volumes" classname="Kubernetes e2e suite" status="skipped" time="0">
              <skipped message="skipped"></skipped>
          </testcase>
          <testcase name="[It] [sig-storage] In-tree Volumes [Driver: local] [LocalVolumeType: gce-localssd-scsi-fs] [Serial] [Testpattern: Inline-volume (ext4)] volumes should store data" classname="Kubernetes e2e suite" status="skipped" time="0">
              <skipped message="skipped"></skipped>
          </testcase>
          <testcase name="[It] [sig-network] LoadBalancers [Feature:LoadBalancer] should be able to preserve UDP traffic when server pod cycles for a LoadBalancer service on the same nodes" classname="Kubernetes e2e suite" status="skipped" time="0">
              <skipped message="skipped"></skipped>
          </testcase>
          <testcase name="[It] [sig-storage] In-tree Volumes [Driver: emptydir] [Testpattern: Inline-volume (default fs)] subPath should support readOnly directory specified in the volumeMount" classname="Kubernetes e2e suite" status="skipped" time="0">
              <skipped message="skipped"></skipped>
          </testcase>
          <testcase name="[It] [sig-storage] In-tree Volumes [Driver: local] [LocalVolumeType: dir-bindmounted] [Testpattern: Inline-volume (default fs)] subPath should be able to unmount after the subpath directory is deleted [LinuxOnly]" classname="Kubernetes e2e suite" status="skipped" time="0">
              <skipped message="skipped"></skipped>
          </testcase>
          <testcase name="[It] [sig-storage] In-tree Volumes [Driver: local] [LocalVolumeType: block] [Testpattern: Dynamic PV (default fs)] subPath should support file as subpath [LinuxOnly]" classname="Kubernetes e2e suite" status="skipped" time="0">
              <skipped message="skipped"></skipped>
          </testcase>
          <testcase name="[It] [sig-storage] In-tree Volumes [Driver: local] [LocalVolumeType: tmpfs] [Testpattern: Dynamic PV (ext4)] multiVolume [Slow] should access to two volumes with different volume mode and retain data across pod recreation on the same node" classname="Kubernetes e2e suite" status="skipped" time="0">
              <skipped message="skipped"></skipped>
          </testcase>
          <testcase name="[It] [sig-storage] In-tree Volumes [Driver: local] [LocalVolumeType: dir-bindmounted] [Testpattern: Dynamic PV (filesystem volmode)] multiVolume [Slow] should access to two volumes with the same volume mode and retain data across pod recreation on the same node" classname="Kubernetes e2e suite" status="skipped" time="0">
              <skipped message="skipped"></skipped>
          </testcase>
          <testcase name="[It] [sig-storage] In-tree Volumes [Driver: cinder] [Testpattern: Dynamic PV (block volmode)] volume-stress multiple pods should access different volumes repeatedly [Slow] [Serial]" classname="Kubernetes e2e suite" status="skipped" time="0">
              <skipped message="skipped"></skipped>
          </testcase>
          <testcase name="[It] [sig-node] Pods Extended (pod generation) [Feature:PodObservedGenerationTracking] [FeatureGate:PodObservedGenerationTracking] [Alpha] [Feature:OffByDefault] Pod Generation issue 500 podspec updates and verify generation and observedGeneration eventually converge" classname="Kubernetes e2e suite" status="skipped" time="0">
              <skipped message="skipped"></skipped>
          </testcase>
          <testcase name="[It] [sig-storage] In-tree Volumes [Driver: local] [LocalVolumeType: dir-link-bindmounted] [Testpattern: Dynamic PV (ntfs)] [Feature:Windows] multiVolume [Slow] should access to two volumes with different volume mode and retain data across pod recreation on different node" classname="Kubernetes e2e suite" status="skipped" time="0">
              <skipped message="skipped"></skipped>
          </testcase>
          <testcase name="[It] [sig-storage] In-tree Volumes [Driver: nfs] [Testpattern: Dynamic PV (immediate binding)] topology should provision a volume and schedule a pod with AllowedTopologies" classname="Kubernetes e2e suite" status="skipped" time="0">
              <skipped message="skipped"></skipped>
          </testcase>
          <testcase name="[It] [sig-apps] Job should recreate pods only after they have failed if pod replacement policy is set to Failed" classname="Kubernetes e2e suite" status="skipped" time="0">
              <skipped message="skipped"></skipped>
          </testcase>
          <testcase name="[It] [sig-network] [Feature:IPv6DualStack] Granular Checks: Services Secondary IP Family [LinuxOnly] should update endpoints: http" classname="Kubernetes e2e suite" status="skipped" time="0">
              <skipped message="skipped"></skipped>
          </testcase>
          <testcase name="[It] [sig-node] RuntimeClass should run a Pod requesting a RuntimeClass with scheduling with taints [Serial]" classname="Kubernetes e2e suite" status="skipped" time="0">
              <skipped message="skipped"></skipped>
          </testcase>
          <testcase name="[It] [sig-storage] Flexvolumes should be mountable when non-attachable" classname="Kubernetes e2e suite" status="skipped" time="0">
              <skipped message="skipped"></skipped>
          </testcase>
          <testcase name="[It] [sig-storage] In-tree Volumes [Driver: vsphere] [Testpattern: Inline-volume (default fs)] subPath should support existing single file [LinuxOnly]" classname="Kubernetes e2e suite" status="skipped" time="0">
              <skipped message="skipped"></skipped>
          </testcase>
          <testcase name="[It] [sig-storage] In-tree Volumes [Driver: cinder] [Testpattern: Dynamic PV (ext4)] multiVolume [Slow] should concurrently access the single read-only volume from pods on the same node" classname="Kubernetes e2e suite" status="skipped" time="0">
              <skipped message="skipped"></skipped>
          </testcase>
          <testcase name="[It] [sig-storage] In-tree Volumes [Driver: emptydir] [Testpattern: Pre-provisioned PV (ext4)] volumes should store data" classname="Kubernetes e2e suite" status="skipped" time="0">
              <skipped message="skipped"></skipped>
          </testcase>
          <testcase name="[It] [sig-network] Services should serve endpoints on same port and different protocols [Conformance]" classname="Kubernetes e2e suite" status="passed" time="23.338122653"></testcase>
          <testcase name="[It] [sig-storage] In-tree Volumes [Driver: local] [LocalVolumeType: dir-link-bindmounted] [Testpattern: Dynamic PV (ext4)] multiVolume [Slow] should access to two volumes with the same volume mode and retain data across pod recreation on different node" classname="Kubernetes e2e suite" status="skipped" time="0">
              <skipped message="skipped"></skipped>
          </testcase>
          <testcase name="[It] [sig-storage] In-tree Volumes [Driver: azure-file] [Testpattern: Dynamic PV (ntfs)] [Feature:Windows] subPath should support restarting containers using directory as subpath [Slow]" classname="Kubernetes e2e suite" status="skipped" time="0">
              <skipped message="skipped"></skipped>
          </testcase>
          <testcase name="[It] [sig-storage] In-tree Volumes [Driver: local] [LocalVolumeType: dir] [Testpattern: Dynamic PV (default fs)] provisioning should provision storage with snapshot data source [Feature:VolumeSnapshotDataSource]" classname="Kubernetes e2e suite" status="skipped" time="0">
              <skipped message="skipped"></skipped>
          </testcase>
          <testcase name="[It] [sig-storage] In-tree Volumes [Driver: nfs] [Testpattern: Dynamic PV (default fs)] volumes should store data" classname="Kubernetes e2e suite" status="skipped" time="0">
              <skipped message="skipped"></skipped>
          </testcase>
          <testcase name="[It] [sig-storage] In-tree Volumes [Driver: local] [LocalVolumeType: dir-link-bindmounted] [Testpattern: Generic Ephemeral-volume (default fs) (late-binding)] ephemeral should support expansion of pvcs created for ephemeral pvcs" classname="Kubernetes e2e suite" status="skipped" time="0">
              <skipped message="skipped"></skipped>
          </testcase>
          <testcase name="[It] [sig-node] DRA [Feature:DynamicResourceAllocation] [FeatureGate:DynamicResourceAllocation] [Beta] [Feature:OffByDefault] kubelet registers plugin" classname="Kubernetes e2e suite" status="skipped" time="0">
              <skipped message="skipped"></skipped>
          </testcase>
          <testcase name="[It] [sig-storage] In-tree Volumes [Driver: local] [LocalVolumeType: block] [Testpattern: Pre-provisioned PV (ext4)] volumes should store data" classname="Kubernetes e2e suite" status="skipped" time="0">
              <skipped message="skipped"></skipped>
          </testcase>
          <testcase name="[It] [sig-storage] In-tree Volumes [Driver: azure-disk] [Testpattern: Dynamic PV (filesystem volmode)] multiVolume [Slow] should concurrently access the single volume from pods on the same node" classname="Kubernetes e2e suite" status="skipped" time="0">
              <skipped message="skipped"></skipped>
          </testcase>
          <testcase name="[It] [sig-storage] In-tree Volumes [Driver: iscsi] [Feature:Volumes] [Testpattern: Dynamic PV (ntfs)] [Feature:Windows] subPath should support restarting containers using file as subpath [Slow] [LinuxOnly]" classname="Kubernetes e2e suite" status="skipped" time="0">
              <skipped message="skipped"></skipped>
          </testcase>
          <testcase name="[It] [sig-storage] In-tree Volumes [Driver: local] [LocalVolumeType: tmpfs] [Testpattern: Dynamic PV (ntfs)] [Feature:Windows] subPath should verify container cannot write to subpath readonly volumes [Slow]" classname="Kubernetes e2e suite" status="skipped" time="0">
              <skipped message="skipped"></skipped>
          </testcase>
          <testcase name="[It] [sig-storage] CSI Volumes [Driver: csi-hostpath] [Testpattern: Dynamic PV (default fs)] subPath should fail if subpath directory is outside the volume [Slow] [LinuxOnly]" classname="Kubernetes e2e suite" status="skipped" time="0">
              <skipped message="skipped"></skipped>
          </testcase>
          <testcase name="[It] [sig-storage] In-tree Volumes [Driver: azure-file] [Testpattern: Dynamic PV (default fs)] provisioning should provision storage with any volume data source [Serial]" classname="Kubernetes e2e suite" status="skipped" time="0">
              <skipped message="skipped"></skipped>
          </testcase>
          <testcase name="[It] [sig-storage] In-tree Volumes [Driver: local] [LocalVolumeType: dir-link] [Testpattern: Pre-provisioned PV (filesystem volmode)] multiVolume [Slow] should concurrently access the single read-only volume from pods on the same node" classname="Kubernetes e2e suite" status="skipped" time="0">
              <skipped message="skipped"></skipped>
          </testcase>
          <testcase name="[It] [sig-storage] In-tree Volumes [Driver: nfs] [Testpattern: Dynamic PV (block volmode)] disruptive [Disruptive] [LinuxOnly] Should test that pv written before kubelet restart is readable after restart." classname="Kubernetes e2e suite" status="skipped" time="0">
              <skipped message="skipped"></skipped>
          </testcase>
          <testcase name="[It] [sig-storage] In-tree Volumes [Driver: azure-file] [Testpattern: Dynamic PV (default fs)] provisioning should mount multiple PV pointing to the same storage on the same node" classname="Kubernetes e2e suite" status="skipped" time="0">
              <skipped message="skipped"></skipped>
          </testcase>
          <testcase name="[It] [sig-cli] Kubectl client Kubectl events should show event when pod is created" classname="Kubernetes e2e suite" status="skipped" time="0">
              <skipped message="skipped"></skipped>
          </testcase>
          <testcase name="[It] [sig-network] Networking Granular Checks: Services should function for pod-Service: udp" classname="Kubernetes e2e suite" status="skipped" time="0">
              <skipped message="skipped"></skipped>
          </testcase>
          <testcase name="[It] [sig-storage] In-tree Volumes [Driver: vsphere] [Testpattern: Dynamic PV (ntfs)] [Feature:Windows] subPath should fail if subpath with backstepping is outside the volume [Slow] [LinuxOnly]" classname="Kubernetes e2e suite" status="skipped" time="0">
              <skipped message="skipped"></skipped>
          </testcase>
          <testcase name="[It] [sig-api-machinery] OrderedNamespaceDeletion namespace deletion should delete pod first [Feature:OrderedNamespaceDeletion] [FeatureGate:OrderedNamespaceDeletion] [Beta]" classname="Kubernetes e2e suite" status="skipped" time="0">
              <skipped message="skipped"></skipped>
          </testcase>
          <testcase name="[It] [sig-storage] In-tree Volumes [Driver: local] [LocalVolumeType: dir] [Testpattern: Dynamic PV (default fs)] fsgroupchangepolicy (OnRootMismatch)[LinuxOnly], pod created with an initial fsgroup, new pod fsgroup applied to volume contents" classname="Kubernetes e2e suite" status="skipped" time="0">
              <skipped message="skipped"></skipped>
          </testcase>
          <testcase name="[It] [sig-storage] In-tree Volumes [Driver: local] [LocalVolumeType: dir] [Testpattern: Dynamic PV (ntfs)] [Feature:Windows] provisioning should mount multiple PV pointing to the same storage on the same node" classname="Kubernetes e2e suite" status="skipped" time="0">
              <skipped message="skipped"></skipped>
          </testcase>
          <testcase name="[It] [sig-storage] In-tree Volumes [Driver: local] [LocalVolumeType: dir-link-bindmounted] [Testpattern: Inline-volume (default fs)] subPath should fail if subpath file is outside the volume [Slow] [LinuxOnly]" classname="Kubernetes e2e suite" status="skipped" time="0">
              <skipped message="skipped"></skipped>
          </testcase>
          <testcase name="[It] [sig-storage] PersistentVolumes-local [Volume type: dir-bindmounted] Set fsGroup for local volume should set fsGroup for one pod [Slow]" classname="Kubernetes e2e suite" status="skipped" time="0">
              <skipped message="skipped"></skipped>
          </testcase>
          <testcase name="[It] [sig-storage] In-tree Volumes [Driver: local] [LocalVolumeType: gce-localssd-scsi-fs] [Serial] [Testpattern: Pre-provisioned PV (xfs)] [Slow] volumes should store data" classname="Kubernetes e2e suite" status="skipped" time="0">
              <skipped message="skipped"></skipped>
          </testcase>
          <testcase name="[It] [sig-storage] In-tree Volumes [Driver: azure-file] [Testpattern: Pre-provisioned PV (filesystem volmode)] multiVolume [Slow] should access to two volumes with the same volume mode and retain data across pod recreation on different node" classname="Kubernetes e2e suite" status="skipped" time="0">
              <skipped message="skipped"></skipped>
          </testcase>
          <testcase name="[It] [sig-storage] In-tree Volumes [Driver: azure-file] [Testpattern: Dynamic PV (default fs)] subPath should fail if non-existent subpath is outside the volume [Slow] [LinuxOnly]" classname="Kubernetes e2e suite" status="skipped" time="0">
              <skipped message="skipped"></skipped>
          </testcase>
          <testcase name="[It] [sig-storage] In-tree Volumes [Driver: local] [LocalVolumeType: tmpfs] [Testpattern: Pre-provisioned PV (filesystem volmode)] multiVolume [Slow] should concurrently access the volume and restored snapshot from pods on the same node [LinuxOnly] [Feature:VolumeSnapshotDataSource] [Feature:VolumeSourceXFS]" classname="Kubernetes e2e suite" status="skipped" time="0">
              <skipped message="skipped"></skipped>
          </testcase>
          <testcase name="[It] [sig-storage] PersistentVolumes-local [Volume type: dir-link-bindmounted] Set fsGroup for local volume should set fsGroup for one pod [Slow]" classname="Kubernetes e2e suite" status="skipped" time="0">
              <skipped message="skipped"></skipped>
          </testcase>
          <testcase name="[It] [sig-storage] In-tree Volumes [Driver: local] [LocalVolumeType: dir-link-bindmounted] [Testpattern: Dynamic PV (ntfs)] [Feature:Windows] subPath should verify container cannot write to subpath readonly volumes [Slow]" classname="Kubernetes e2e suite" status="skipped" time="0">
              <skipped message="skipped"></skipped>
          </testcase>
          <testcase name="[It] [sig-storage] In-tree Volumes [Driver: hostPathSymlink] [Testpattern: Dynamic PV (default fs)] subPath should fail if non-existent subpath is outside the volume [Slow] [LinuxOnly]" classname="Kubernetes e2e suite" status="skipped" time="0">
              <skipped message="skipped"></skipped>
          </testcase>
          <testcase name="[It] [sig-storage] In-tree Volumes [Driver: local] [LocalVolumeType: dir-bindmounted] [Testpattern: Dynamic PV (default fs)] subPath should fail if subpath directory is outside the volume [Slow] [LinuxOnly]" classname="Kubernetes e2e suite" status="skipped" time="0">
              <skipped message="skipped"></skipped>
          </testcase>
          <testcase name="[It] [sig-node] kubelet kubectl get --raw &#34;/api/v1/nodes/&lt;insert-node-name-here&gt;/proxy/logs/?query=/&lt;insert-log-file-name-here&gt; [Feature:NodeLogQuery] should return the last three lines of the kubelet logs" classname="Kubernetes e2e suite" status="skipped" time="0">
              <skipped message="skipped"></skipped>
          </testcase>
          <testcase name="[It] [sig-storage] [Serial] Volume metrics PVC should create prometheus metrics for volume provisioning and attach/detach" classname="Kubernetes e2e suite" status="skipped" time="0">
              <skipped message="skipped"></skipped>
          </testcase>
          <testcase name="[It] [sig-storage] In-tree Volumes [Driver: emptydir] [Testpattern: Dynamic PV (ntfs)] [Feature:Windows] provisioning should provision storage with pvc data source" classname="Kubernetes e2e suite" status="skipped" time="0">
              <skipped message="skipped"></skipped>
          </testcase>
          <testcase name="[It] [sig-storage] CSI Mock workload info CSI workload information using mock driver should not be passed when podInfoOnMount=false" classname="Kubernetes e2e suite" status="skipped" time="0">
              <skipped message="skipped"></skipped>
          </testcase>
          <testcase name="[It] [sig-storage] In-tree Volumes [Driver: nfs] [Testpattern: Generic Ephemeral-volume (block volmode) (late-binding)] ephemeral should create read/write inline ephemeral volume" classname="Kubernetes e2e suite" status="skipped" time="0">
              <skipped message="skipped"></skipped>
          </testcase>
          <testcase name="[It] [sig-storage] CSI Mock selinux on mount metrics and SELinuxWarningController SELinuxMount metrics [LinuxOnly] [Feature:SELinux] [Serial] warning is bumped on two Pods with different policies on RWO volume [FeatureGate:SELinuxMountReadWriteOncePod] [Beta] [FeatureGate:SELinuxChangePolicy] [Beta] [Feature:SELinuxMountReadWriteOncePodOnly]" classname="Kubernetes e2e suite" status="skipped" time="0">
              <skipped message="skipped"></skipped>
          </testcase>
          <testcase name="[It] [sig-storage] In-tree Volumes [Driver: vsphere] [Testpattern: Inline-volume (default fs)] subPath should support existing directory" classname="Kubernetes e2e suite" status="skipped" time="0">
              <skipped message="skipped"></skipped>
          </testcase>
          <testcase name="[It] [sig-node] DRA [Feature:DynamicResourceAllocation] [FeatureGate:DynamicResourceAllocation] [Beta] [Feature:OffByDefault] on single node supports reusing resources" classname="Kubernetes e2e suite" status="skipped" time="0">
              <skipped message="skipped"></skipped>
          </testcase>
          <testcase name="[It] [sig-storage] In-tree Volumes [Driver: local] [LocalVolumeType: tmpfs] [Testpattern: Dynamic PV (ntfs)] [Feature:Windows] multiVolume [Slow] should access to two volumes with the same volume mode and retain data across pod recreation on the same node" classname="Kubernetes e2e suite" status="skipped" time="0">
              <skipped message="skipped"></skipped>
          </testcase>
          <testcase name="[It] [sig-cli] Kubectl client Kubectl copy should copy a file from a running Pod" classname="Kubernetes e2e suite" status="skipped" time="0">
              <skipped message="skipped"></skipped>
          </testcase>
          <testcase name="[It] [sig-storage] In-tree Volumes [Driver: local] [LocalVolumeType: block] [Testpattern: Dynamic PV (default fs)] provisioning should provision storage with pvc data source in parallel [Slow]" classname="Kubernetes e2e suite" status="skipped" time="0">
              <skipped message="skipped"></skipped>
          </testcase>
          <testcase name="[It] [sig-storage] CSI Volumes [Driver: pd.csi.storage.gke.io] [Serial] [Testpattern: Inline-volume (ntfs)] [Feature:Windows] volumes should allow exec of files on the volume" classname="Kubernetes e2e suite" status="skipped" time="0">
              <skipped message="skipped"></skipped>
          </testcase>
          <testcase name="[It] [sig-storage] CSI Volumes [Driver: csi-hostpath] [Testpattern: Dynamic PV (block volmode)] provisioning should provision storage with any volume data source [Serial]" classname="Kubernetes e2e suite" status="skipped" time="0">
              <skipped message="skipped"></skipped>
          </testcase>
          <testcase name="[It] [sig-storage] In-tree Volumes [Driver: emptydir] [Testpattern: Dynamic PV (block volmode)] disruptive [Disruptive] [LinuxOnly] Should test that pv written before kubelet restart is readable after restart." classname="Kubernetes e2e suite" status="skipped" time="0">
              <skipped message="skipped"></skipped>
          </testcase>
          <testcase name="[It] [sig-auth] ServiceAccounts should set ownership and permission when RunAsUser or FsGroup is present [LinuxOnly]" classname="Kubernetes e2e suite" status="skipped" time="0">
              <skipped message="skipped"></skipped>
          </testcase>
          <testcase name="[It] [sig-node] [Feature:SidecarContainers] Probing restartable init container should be restarted with an exec liveness probe with timeout [MinimumKubeletVersion:1.20]" classname="Kubernetes e2e suite" status="skipped" time="0">
              <skipped message="skipped"></skipped>
          </testcase>
          <testcase name="[It] [sig-storage] In-tree Volumes [Driver: local] [LocalVolumeType: tmpfs] [Testpattern: Inline-volume (default fs)] subPath should fail if non-existent subpath is outside the volume [Slow] [LinuxOnly]" classname="Kubernetes e2e suite" status="skipped" time="0">
              <skipped message="skipped"></skipped>
          </testcase>
          <testcase name="[It] [sig-storage] In-tree Volumes [Driver: local] [LocalVolumeType: tmpfs] [Testpattern: Dynamic PV (ext4)] multiVolume [Slow] should concurrently access the single read-only volume from pods on the same node" classname="Kubernetes e2e suite" status="skipped" time="0">
              <skipped message="skipped"></skipped>
          </testcase>
          <testcase name="[It] [sig-storage] In-tree Volumes [Driver: hostPathSymlink] [Testpattern: Dynamic PV (ext4)] multiVolume [Slow] should access to two volumes with different volume mode and retain data across pod recreation on different node" classname="Kubernetes e2e suite" status="skipped" time="0">
              <skipped message="skipped"></skipped>
          </testcase>
          <testcase name="[It] [sig-storage] In-tree Volumes [Driver: local] [LocalVolumeType: dir-bindmounted] [Testpattern: Dynamic PV (filesystem volmode)] multiVolume [Slow] should concurrently access the single volume from pods on the same node" classname="Kubernetes e2e suite" status="skipped" time="0">
              <skipped message="skipped"></skipped>
          </testcase>
          <testcase name="[It] [sig-storage] In-tree Volumes [Driver: local] [LocalVolumeType: dir] [Testpattern: Dynamic PV (block volmode)] provisioning should provision storage with pvc data source in parallel [Slow]" classname="Kubernetes e2e suite" status="skipped" time="0">
              <skipped message="skipped"></skipped>
          </testcase>
          <testcase name="[It] [sig-storage] In-tree Volumes [Driver: iscsi] [Feature:Volumes] [Testpattern: Pre-provisioned PV (block volmode)] multiVolume [Slow] should concurrently access the volume and its clone from pods on the same node [LinuxOnly] [Feature:VolumeSourceXFS]" classname="Kubernetes e2e suite" status="skipped" time="0">
              <skipped message="skipped"></skipped>
          </testcase>
          <testcase name="[It] [sig-storage] CSI Volumes [Driver: pd.csi.storage.gke.io] [Serial] [Testpattern: Generic Ephemeral-volume (default fs) (immediate-binding)] ephemeral should support expansion of pvcs created for ephemeral pvcs" classname="Kubernetes e2e suite" status="skipped" time="0">
              <skipped message="skipped"></skipped>
          </testcase>
          <testcase name="[It] [sig-storage] In-tree Volumes [Driver: azure-file] [Testpattern: Dynamic PV (default fs)] subPath should support existing single file [LinuxOnly]" classname="Kubernetes e2e suite" status="skipped" time="0">
              <skipped message="skipped"></skipped>
          </testcase>
          <testcase name="[It] [sig-storage] In-tree Volumes [Driver: azure-disk] [Testpattern: Dynamic PV (block volmode)] provisioning should provision correct filesystem size when restoring snapshot to larger size pvc [Feature:VolumeSnapshotDataSource]" classname="Kubernetes e2e suite" status="skipped" time="0">
              <skipped message="skipped"></skipped>
          </testcase>
          <testcase name="[It] [sig-storage] CSI Volumes [Driver: csi-hostpath] [Testpattern: Ephemeral Snapshot (delete policy)] snapshottable [Feature:VolumeSnapshotDataSource] volume snapshot controller  should check snapshot fields, check restore correctly works after modifying source data, check deletion (persistent)" classname="Kubernetes e2e suite" status="skipped" time="0">
              <skipped message="skipped"></skipped>
          </testcase>
          <testcase name="[It] [sig-storage] In-tree Volumes [Driver: nfs] [Testpattern: Dynamic PV (default fs)] subPath should support non-existent path" classname="Kubernetes e2e suite" status="skipped" time="0">
              <skipped message="skipped"></skipped>
          </testcase>
          <testcase name="[It] [sig-autoscaling] [Feature:HPA] Horizontal pod autoscaling (scale resource: CPU) [Serial] [Slow] Deployment (Container Resource) Should scale from 1 pod to 3 pods and then from 3 pods to 5 pods using Average Utilization for aggregation" classname="Kubernetes e2e suite" status="skipped" time="0">
              <skipped message="skipped"></skipped>
          </testcase>
          <testcase name="[It] [sig-storage] In-tree Volumes [Driver: local] [LocalVolumeType: tmpfs] [Testpattern: Pre-provisioned PV (default fs)] subPath should support existing directories when readOnly specified in the volumeSource" classname="Kubernetes e2e suite" status="skipped" time="0">
              <skipped message="skipped"></skipped>
          </testcase>
          <testcase name="[It] [sig-node] Pod InPlace Resize Container [FeatureGate:InPlacePodVerticalScaling] [Beta] BestEffort QoS pod - empty resize" classname="Kubernetes e2e suite" status="skipped" time="0">
              <skipped message="skipped"></skipped>
          </testcase>
          <testcase name="[It] [sig-storage] In-tree Volumes [Driver: emptydir] [Testpattern: Dynamic PV (filesystem volmode)] disruptive [Disruptive] [LinuxOnly] Should test that pv used in a pod that is deleted while the kubelet is down is usable by a new pod when kubelet returns [Feature:SELinux]" classname="Kubernetes e2e suite" status="skipped" time="0">
              <skipped message="skipped"></skipped>
          </testcase>
          <testcase name="[It] [sig-storage] In-tree Volumes [Driver: emptydir] [Testpattern: Dynamic PV (delayed binding)] topology should fail to schedule a pod which has topologies that conflict with AllowedTopologies" classname="Kubernetes e2e suite" status="skipped" time="0">
              <skipped message="skipped"></skipped>
          </testcase>
          <testcase name="[It] [sig-storage] [Serial] Volume metrics PVC should create metrics for total number of volumes in A/D Controller" classname="Kubernetes e2e suite" status="skipped" time="0">
              <skipped message="skipped"></skipped>
          </testcase>
          <testcase name="[It] [sig-storage] In-tree Volumes [Driver: azure-disk] [Testpattern: Dynamic PV (filesystem volmode)] multiVolume [Slow] should access to two volumes with different volume mode and retain data across pod recreation on different node" classname="Kubernetes e2e suite" status="skipped" time="0">
              <skipped message="skipped"></skipped>
          </testcase>
          <testcase name="[It] [sig-storage] In-tree Volumes [Driver: azure-file] [Testpattern: Dynamic PV (ntfs)] [Feature:Windows] volumes should store data" classname="Kubernetes e2e suite" status="skipped" time="0">
              <skipped message="skipped"></skipped>
          </testcase>
          <testcase name="[It] [sig-storage] CSI Volumes [Driver: csi-hostpath] [Testpattern: Dynamic PV (block volmode)] volumes should store data" classname="Kubernetes e2e suite" status="skipped" time="0">
              <skipped message="skipped"></skipped>
          </testcase>
          <testcase name="[It] [sig-storage] In-tree Volumes [Driver: local] [LocalVolumeType: dir-link-bindmounted] [Testpattern: Inline-volume (ext4)] volumes should allow exec of files on the volume" classname="Kubernetes e2e suite" status="skipped" time="0">
              <skipped message="skipped"></skipped>
          </testcase>
          <testcase name="[It] [sig-storage] In-tree Volumes [Driver: azure-disk] [Testpattern: Generic Ephemeral-volume (default fs) (immediate-binding)] ephemeral should support expansion of pvcs created for ephemeral pvcs" classname="Kubernetes e2e suite" status="skipped" time="0">
              <skipped message="skipped"></skipped>
          </testcase>
          <testcase name="[It] [sig-storage] In-tree Volumes [Driver: iscsi] [Feature:Volumes] [Testpattern: Dynamic PV (filesystem volmode)] multiVolume [Slow] should concurrently access the volume and its clone from pods on the same node [LinuxOnly] [Feature:VolumeSourceXFS]" classname="Kubernetes e2e suite" status="skipped" time="0">
              <skipped message="skipped"></skipped>
          </testcase>
          <testcase name="[It] [sig-storage] In-tree Volumes [Driver: local] [LocalVolumeType: dir-link] [Testpattern: Dynamic PV (block volmode)] provisioning should provision storage with mount options" classname="Kubernetes e2e suite" status="skipped" time="0">
              <skipped message="skipped"></skipped>
          </testcase>
          <testcase name="[It] [sig-storage] In-tree Volumes [Driver: vsphere] [Testpattern: Dynamic PV (ntfs)] [Feature:Windows] subPath should unmount if pod is force deleted while kubelet is down [Disruptive] [Slow] [LinuxOnly]" classname="Kubernetes e2e suite" status="skipped" time="0">
              <skipped message="skipped"></skipped>
          </testcase>
          <testcase name="[It] [sig-storage] In-tree Volumes [Driver: local] [LocalVolumeType: gce-localssd-scsi-fs] [Serial] [Testpattern: Pre-provisioned PV (default fs)] subPath should support readOnly directory specified in the volumeMount" classname="Kubernetes e2e suite" status="skipped" time="0">
              <skipped message="skipped"></skipped>
          </testcase>
          <testcase name="[It] [sig-storage] In-tree Volumes [Driver: local] [LocalVolumeType: gce-localssd-scsi-fs] [Serial] [Testpattern: Dynamic PV (ntfs)] [Feature:Windows] subPath should fail if subpath file is outside the volume [Slow] [LinuxOnly]" classname="Kubernetes e2e suite" status="skipped" time="0">
              <skipped message="skipped"></skipped>
          </testcase>
          <testcase name="[It] [sig-api-machinery] ResourceQuota should be able to update and delete ResourceQuota. [Conformance]" classname="Kubernetes e2e suite" status="passed" time="0.09816137"></testcase>
          <testcase name="[It] [sig-storage] In-tree Volumes [Driver: local] [LocalVolumeType: dir] [Testpattern: Pre-provisioned PV (filesystem volmode)] volumeMode should not mount / map unused volumes in a pod [LinuxOnly]" classname="Kubernetes e2e suite" status="skipped" time="0">
              <skipped message="skipped"></skipped>
          </testcase>
          <testcase name="[It] [sig-node] Container Lifecycle Hook when create a pod with lifecycle hook should execute poststart http hook properly [NodeConformance] [Conformance]" classname="Kubernetes e2e suite" status="passed" time="6.174858721"></testcase>
          <testcase name="[It] [sig-storage] In-tree Volumes [Driver: local] [LocalVolumeType: gce-localssd-scsi-fs] [Serial] [Testpattern: Dynamic PV (ext4)] volumes should allow exec of files on the volume" classname="Kubernetes e2e suite" status="skipped" time="0">
              <skipped message="skipped"></skipped>
          </testcase>
          <testcase name="[It] [sig-storage] In-tree Volumes [Driver: local] [LocalVolumeType: blockfs] [Testpattern: Pre-provisioned PV (ext4)] volumes should store data" classname="Kubernetes e2e suite" status="skipped" time="0">
              <skipped message="skipped"></skipped>
          </testcase>
          <testcase name="[It] [sig-storage] In-tree Volumes [Driver: local] [LocalVolumeType: dir-bindmounted] [Testpattern: Dynamic PV (xfs)] [Slow] multiVolume [Slow] should concurrently access the single volume from pods on the same node" classname="Kubernetes e2e suite" status="skipped" time="0">
              <skipped message="skipped"></skipped>
          </testcase>
          <testcase name="[It] [sig-cloud-provider-gcp] Reboot [Disruptive] [Feature:Reboot] each node by dropping all outbound packets for a while and ensure they function afterwards" classname="Kubernetes e2e suite" status="skipped" time="0">
              <skipped message="skipped"></skipped>
          </testcase>
          <testcase name="[It] [sig-storage] In-tree Volumes [Driver: local] [LocalVolumeType: block] [Testpattern: Generic Ephemeral-volume (default fs) (late-binding)] ephemeral should create read/write inline ephemeral volume" classname="Kubernetes e2e suite" status="skipped" time="0">
              <skipped message="skipped"></skipped>
          </testcase>
          <testcase name="[It] [sig-storage] In-tree Volumes [Driver: local] [LocalVolumeType: dir-link] [Testpattern: Dynamic PV (delayed binding)] topology should provision a volume and schedule a pod with AllowedTopologies" classname="Kubernetes e2e suite" status="skipped" time="0">
              <skipped message="skipped"></skipped>
          </testcase>
          <testcase name="[It] [sig-storage] In-tree Volumes [Driver: nfs] [Testpattern: Dynamic PV (ntfs)] [Feature:Windows] subPath should fail if subpath directory is outside the volume [Slow] [LinuxOnly]" classname="Kubernetes e2e suite" status="skipped" time="0">
              <skipped message="skipped"></skipped>
          </testcase>
          <testcase name="[It] [sig-storage] In-tree Volumes [Driver: cinder] [Testpattern: Dynamic PV (ntfs)] [Feature:Windows] provisioning should provision storage with snapshot data source [Feature:VolumeSnapshotDataSource]" classname="Kubernetes e2e suite" status="skipped" time="0">
              <skipped message="skipped"></skipped>
          </testcase>
          <testcase name="[It] [sig-storage] In-tree Volumes [Driver: iscsi] [Feature:Volumes] [Testpattern: Dynamic PV (ext4)] volumes should allow exec of files on the volume" classname="Kubernetes e2e suite" status="skipped" time="0">
              <skipped message="skipped"></skipped>
          </testcase>
          <testcase name="[It] [sig-storage] In-tree Volumes [Driver: local] [LocalVolumeType: tmpfs] [Testpattern: Pre-provisioned PV (filesystem volmode)] multiVolume [Slow] should access to two volumes with the same volume mode and retain data across pod recreation on different node" classname="Kubernetes e2e suite" status="skipped" time="0">
              <skipped message="skipped"></skipped>
          </testcase>
          <testcase name="[It] [sig-node] Variable Expansion should verify that a failing subpath expansion can be modified during the lifecycle of a container [Slow] [Conformance]" classname="Kubernetes e2e suite" status="passed" time="154.653018722"></testcase>
          <testcase name="[It] [sig-storage] CSI Volumes [Driver: csi-hostpath] [Testpattern: Dynamic PV (xfs)] [Slow] multiVolume [Slow] should access to two volumes with the same volume mode and retain data across pod recreation on the same node" classname="Kubernetes e2e suite" status="skipped" time="0">
              <skipped message="skipped"></skipped>
          </testcase>
          <testcase name="[It] [sig-storage] In-tree Volumes [Driver: hostPathSymlink] [Testpattern: Pre-provisioned PV (default fs)] volumes should allow exec of files on the volume" classname="Kubernetes e2e suite" status="skipped" time="0">
              <skipped message="skipped"></skipped>
          </testcase>
          <testcase name="[It] [sig-storage] In-tree Volumes [Driver: nfs] [Testpattern: Dynamic PV (ntfs)] [Feature:Windows] subPath should support file as subpath [LinuxOnly]" classname="Kubernetes e2e suite" status="skipped" time="0">
              <skipped message="skipped"></skipped>
          </testcase>
          <testcase name="[It] [sig-storage] In-tree Volumes [Driver: local] [LocalVolumeType: dir-link-bindmounted] [Testpattern: Dynamic PV (default fs)] volume-expand should not allow expansion of pvcs without AllowVolumeExpansion property" classname="Kubernetes e2e suite" status="skipped" time="0">
              <skipped message="skipped"></skipped>
          </testcase>
          <testcase name="[It] [sig-storage] In-tree Volumes [Driver: local] [LocalVolumeType: blockfs] [Testpattern: Dynamic PV (block volmode)] disruptive [Disruptive] [LinuxOnly] Should test that pv used in a pod that is force deleted while the kubelet is down cleans up when the kubelet returns." classname="Kubernetes e2e suite" status="skipped" time="0">
              <skipped message="skipped"></skipped>
          </testcase>
          <testcase name="[It] [sig-storage] CSI Volumes [Driver: pd.csi.storage.gke.io] [Serial] [Testpattern: Dynamic PV (default fs)(allowExpansion)] volume-expand should resize volume when PVC is edited while pod is using it" classname="Kubernetes e2e suite" status="skipped" time="0">
              <skipped message="skipped"></skipped>
          </testcase>
          <testcase name="[It] [sig-storage] In-tree Volumes [Driver: local] [LocalVolumeType: blockfs] [Testpattern: Dynamic PV (block volmode)] disruptive [Disruptive] [LinuxOnly] Should test that pv written before kubelet restart is readable after restart." classname="Kubernetes e2e suite" status="skipped" time="0">
              <skipped message="skipped"></skipped>
          </testcase>
          <testcase name="[It] [sig-storage] In-tree Volumes [Driver: local] [LocalVolumeType: tmpfs] [Testpattern: Generic Ephemeral-volume (default fs) (late-binding)] ephemeral should create read/write inline ephemeral volume" classname="Kubernetes e2e suite" status="skipped" time="0">
              <skipped message="skipped"></skipped>
          </testcase>
          <testcase name="[It] [sig-storage] In-tree Volumes [Driver: local] [LocalVolumeType: dir-link-bindmounted] [Testpattern: Dynamic PV (default fs)] capacity provides storage capacity information" classname="Kubernetes e2e suite" status="skipped" time="0">
              <skipped message="skipped"></skipped>
          </testcase>
          <testcase name="[It] [sig-storage] CSI Volumes [Driver: csi-hostpath] [Testpattern: Dynamic PV (xfs)] [Slow] multiVolume [Slow] should concurrently access the single volume from pods on the same node" classname="Kubernetes e2e suite" status="skipped" time="0">
              <skipped message="skipped"></skipped>
          </testcase>
          <testcase name="[It] [sig-storage] In-tree Volumes [Driver: hostPath] [Testpattern: Dynamic PV (ntfs)] [Feature:Windows] provisioning should provision storage with pvc data source in parallel [Slow]" classname="Kubernetes e2e suite" status="skipped" time="0">
              <skipped message="skipped"></skipped>
          </testcase>
          <testcase name="[It] [sig-storage] In-tree Volumes [Driver: local] [LocalVolumeType: block] [Testpattern: Dynamic PV (xfs)] [Slow] multiVolume [Slow] should access to two volumes with the same volume mode and retain data across pod recreation on the same node" classname="Kubernetes e2e suite" status="skipped" time="0">
              <skipped message="skipped"></skipped>
          </testcase>
          <testcase name="[It] [sig-storage] CSI Volumes [Driver: pd.csi.storage.gke.io] [Serial] [Testpattern: Pre-provisioned PV (default fs)] subPath should support restarting containers using directory as subpath [Slow]" classname="Kubernetes e2e suite" status="skipped" time="0">
              <skipped message="skipped"></skipped>
          </testcase>
          <testcase name="[It] [sig-storage] In-tree Volumes [Driver: emptydir] [Testpattern: Dynamic PV (default fs)] fsgroupchangepolicy (Always)[LinuxOnly], pod created with an initial fsgroup, volume contents ownership changed via chgrp in first pod, new pod with same fsgroup applied to the volume contents" classname="Kubernetes e2e suite" status="skipped" time="0">
              <skipped message="skipped"></skipped>
          </testcase>
          <testcase name="[It] [sig-storage] In-tree Volumes [Driver: local] [LocalVolumeType: blockfs] [Testpattern: Dynamic PV (ntfs)] [Feature:Windows] subPath should fail if subpath directory is outside the volume [Slow] [LinuxOnly]" classname="Kubernetes e2e suite" status="skipped" time="0">
              <skipped message="skipped"></skipped>
          </testcase>
          <testcase name="[It] [sig-storage] In-tree Volumes [Driver: local] [LocalVolumeType: dir] [Testpattern: Dynamic PV (default fs)(allowExpansion)] volume-expand Verify if offline PVC expansion works" classname="Kubernetes e2e suite" status="skipped" time="0">
              <skipped message="skipped"></skipped>
          </testcase>
          <testcase name="[It] [sig-storage] In-tree Volumes [Driver: hostPathSymlink] [Testpattern: Pre-provisioned PV (block volmode)] disruptive [Disruptive] [LinuxOnly] Should test that pv used in a pod that is deleted while the kubelet is down cleans up when the kubelet returns." classname="Kubernetes e2e suite" status="skipped" time="0">
              <skipped message="skipped"></skipped>
          </testcase>
          <testcase name="[It] [sig-network] EndpointSlice should create Endpoints and EndpointSlices for Pods matching a Service [Conformance]" classname="Kubernetes e2e suite" status="passed" time="4.147396791"></testcase>
          <testcase name="[It] [sig-cli] Kubectl client Kubectl validation should create/apply an invalid/valid CR with arbitrary-extra properties for CRD with partially-specified validation schema" classname="Kubernetes e2e suite" status="skipped" time="0">
              <skipped message="skipped"></skipped>
          </testcase>
          <testcase name="[It] [sig-storage] CSI Volumes [Driver: csi-hostpath] [Testpattern: Dynamic PV (default fs)] subPath should support restarting containers using file as subpath [Slow] [LinuxOnly]" classname="Kubernetes e2e suite" status="skipped" time="0">
              <skipped message="skipped"></skipped>
          </testcase>
          <testcase name="[It] [sig-storage] In-tree Volumes [Driver: local] [LocalVolumeType: dir] [Testpattern: Inline-volume (default fs)] subPath should support readOnly directory specified in the volumeMount" classname="Kubernetes e2e suite" status="skipped" time="0">
              <skipped message="skipped"></skipped>
          </testcase>
          <testcase name="[It] [sig-storage] CSI Volumes [Driver: csi-hostpath] [Testpattern: Dynamic PV (default fs)] subPath should support existing directory" classname="Kubernetes e2e suite" status="skipped" time="0">
              <skipped message="skipped"></skipped>
          </testcase>
          <testcase name="[It] [sig-apps] CronJob should remove from active list jobs that have been deleted" classname="Kubernetes e2e suite" status="skipped" time="0">
              <skipped message="skipped"></skipped>
          </testcase>
          <testcase name="[It] [sig-apps] Daemon set [Serial] should retry creating failed daemon pods [Conformance]" classname="Kubernetes e2e suite" status="passed" time="5.428374312"></testcase>
          <testcase name="[It] [sig-autoscaling] Cluster size autoscaling [Slow] should correctly scale down after a node is not needed [Feature:ClusterSizeAutoscalingScaleDown]" classname="Kubernetes e2e suite" status="skipped" time="0">
              <skipped message="skipped"></skipped>
          </testcase>
          <testcase name="[It] [sig-storage] CSI Volumes [Driver: pd.csi.storage.gke.io] [Serial] [Testpattern: Dynamic PV (ext3)] volumes should store data" classname="Kubernetes e2e suite" status="skipped" time="0">
              <skipped message="skipped"></skipped>
          </testcase>
          <testcase name="[It] [sig-api-machinery] API Streaming (aka. WatchList) [FeatureGate:WatchList] [Beta] [Feature:OffByDefault] [Serial] should be requested by client-go&#39;s List method when WatchListClient is enabled" classname="Kubernetes e2e suite" status="skipped" time="0">
              <skipped message="skipped"></skipped>
          </testcase>
          <testcase name="[It] [sig-storage] In-tree Volumes [Driver: local] [LocalVolumeType: tmpfs] [Testpattern: Dynamic PV (ntfs)] [Feature:Windows] subPath should support readOnly file specified in the volumeMount [LinuxOnly]" classname="Kubernetes e2e suite" status="skipped" time="0">
              <skipped message="skipped"></skipped>
          </testcase>
          <testcase name="[It] [sig-storage] In-tree Volumes [Driver: local] [LocalVolumeType: dir] [Testpattern: Dynamic PV (default fs)] subPath should support existing directories when readOnly specified in the volumeSource" classname="Kubernetes e2e suite" status="skipped" time="0">
              <skipped message="skipped"></skipped>
          </testcase>
          <testcase name="[It] [sig-storage] In-tree Volumes [Driver: local] [LocalVolumeType: blockfs] [Testpattern: Generic Ephemeral-volume (default fs) (late-binding)] ephemeral should create read-only inline ephemeral volume" classname="Kubernetes e2e suite" status="skipped" time="0">
              <skipped message="skipped"></skipped>
          </testcase>
          <testcase name="[It] [sig-storage] In-tree Volumes [Driver: hostPath] [Testpattern: Dynamic PV (default fs)] volumeIO should write files of various sizes, verify size, validate content [Slow]" classname="Kubernetes e2e suite" status="skipped" time="0">
              <skipped message="skipped"></skipped>
          </testcase>
          <testcase name="[It] [sig-storage] In-tree Volumes [Driver: hostPath] [Testpattern: Dynamic PV (ext4)] volumes should store data" classname="Kubernetes e2e suite" status="skipped" time="0">
              <skipped message="skipped"></skipped>
          </testcase>
          <testcase name="[It] [sig-storage] In-tree Volumes [Driver: local] [LocalVolumeType: tmpfs] [Testpattern: Dynamic PV (default fs)] provisioning should provision correct filesystem size when restoring snapshot to larger size pvc [Feature:VolumeSnapshotDataSource]" classname="Kubernetes e2e suite" status="skipped" time="0">
              <skipped message="skipped"></skipped>
          </testcase>
          <testcase name="[It] [sig-storage] In-tree Volumes [Driver: local] [LocalVolumeType: gce-localssd-scsi-fs] [Serial] [Testpattern: Pre-provisioned PV (block volmode)] volumes should store data" classname="Kubernetes e2e suite" status="skipped" time="0">
              <skipped message="skipped"></skipped>
          </testcase>
          <testcase name="[It] [sig-apps] Job should fail to exceed backoffLimit" classname="Kubernetes e2e suite" status="skipped" time="0">
              <skipped message="skipped"></skipped>
          </testcase>
          <testcase name="[It] [sig-storage] In-tree Volumes [Driver: local] [LocalVolumeType: dir-link] [Testpattern: Pre-provisioned PV (block volmode)] volumeMode should not mount / map unused volumes in a pod [LinuxOnly]" classname="Kubernetes e2e suite" status="skipped" time="0">
              <skipped message="skipped"></skipped>
          </testcase>
          <testcase name="[It] [sig-storage] In-tree Volumes [Driver: emptydir] [Testpattern: Dynamic PV (block volmode)] multiVolume [Slow] should concurrently access the single volume from pods on the same node" classname="Kubernetes e2e suite" status="skipped" time="0">
              <skipped message="skipped"></skipped>
          </testcase>
          <testcase name="[It] [sig-storage] In-tree Volumes [Driver: hostPath] [Testpattern: Dynamic PV (default fs)] subPath should support restarting containers using directory as subpath [Slow]" classname="Kubernetes e2e suite" status="skipped" time="0">
              <skipped message="skipped"></skipped>
          </testcase>
          <testcase name="[It] [sig-api-machinery] ResourceQuota [Feature:PodPriority] should verify ResourceQuota&#39;s priority class scope (quota set to pod count: 1) against a pod with same priority class." classname="Kubernetes e2e suite" status="skipped" time="0">
              <skipped message="skipped"></skipped>
          </testcase>
          <testcase name="[It] [sig-cli] Kubectl Port forwarding With a server listening on 0.0.0.0 that expects a client request should support a client that connects, sends NO DATA, and disconnects" classname="Kubernetes e2e suite" status="skipped" time="0">
              <skipped message="skipped"></skipped>
          </testcase>
          <testcase name="[It] [sig-network] Networking should provide Internet connection for containers [Feature:Networking-IPv4]" classname="Kubernetes e2e suite" status="skipped" time="0">
              <skipped message="skipped"></skipped>
          </testcase>
          <testcase name="[It] [sig-storage] In-tree Volumes [Driver: azure-disk] [Testpattern: Generic Ephemeral-volume (default fs)] volumeLimits should verify that all csinodes have volume limits" classname="Kubernetes e2e suite" status="skipped" time="0">
              <skipped message="skipped"></skipped>
          </testcase>
          <testcase name="[It] [sig-storage] In-tree Volumes [Driver: nfs] [Testpattern: Dynamic PV (block volmode)(allowExpansion)] volume-expand should resize volume when PVC is edited while pod is using it" classname="Kubernetes e2e suite" status="skipped" time="0">
              <skipped message="skipped"></skipped>
          </testcase>
          <testcase name="[It] [sig-storage] In-tree Volumes [Driver: local] [LocalVolumeType: dir] [Testpattern: Dynamic PV (ext4)] multiVolume [Slow] should concurrently access the volume and restored snapshot from pods on the same node [LinuxOnly] [Feature:VolumeSnapshotDataSource] [Feature:VolumeSourceXFS]" classname="Kubernetes e2e suite" status="skipped" time="0">
              <skipped message="skipped"></skipped>
          </testcase>
          <testcase name="[It] [sig-storage] In-tree Volumes [Driver: local] [LocalVolumeType: dir-bindmounted] [Testpattern: Dynamic PV (ext4)] multiVolume [Slow] should access to two volumes with different volume mode and retain data across pod recreation on the same node" classname="Kubernetes e2e suite" status="skipped" time="0">
              <skipped message="skipped"></skipped>
          </testcase>
          <testcase name="[It] [sig-storage] In-tree Volumes [Driver: cinder] [Testpattern: Dynamic PV (default fs)] provisioning should provision storage with snapshot data source [Feature:VolumeSnapshotDataSource]" classname="Kubernetes e2e suite" status="skipped" time="0">
              <skipped message="skipped"></skipped>
          </testcase>
          <testcase name="[It] [sig-storage] In-tree Volumes [Driver: local] [LocalVolumeType: gce-localssd-scsi-fs] [Serial] [Testpattern: Dynamic PV (filesystem volmode)] multiVolume [Slow] should access to two volumes with different volume mode and retain data across pod recreation on the same node" classname="Kubernetes e2e suite" status="skipped" time="0">
              <skipped message="skipped"></skipped>
          </testcase>
          <testcase name="[It] [sig-storage] PersistentVolumes-local [Volume type: dir-bindmounted] Set fsGroup for local volume should set different fsGroup for second pod if first pod is deleted [Flaky]" classname="Kubernetes e2e suite" status="skipped" time="0">
              <skipped message="skipped"></skipped>
          </testcase>
          <testcase name="[It] [sig-storage] In-tree Volumes [Driver: local] [LocalVolumeType: dir-link] [Testpattern: Dynamic PV (ntfs)] [Feature:Windows] subPath should support readOnly directory specified in the volumeMount" classname="Kubernetes e2e suite" status="skipped" time="0">
              <skipped message="skipped"></skipped>
          </testcase>
          <testcase name="[It] [sig-storage] In-tree Volumes [Driver: local] [LocalVolumeType: dir-link] [Testpattern: Dynamic PV (default fs)] subPath should fail if subpath file is outside the volume [Slow] [LinuxOnly]" classname="Kubernetes e2e suite" status="skipped" time="0">
              <skipped message="skipped"></skipped>
          </testcase>
          <testcase name="[It] [sig-storage] CSI Volumes [Driver: pd.csi.storage.gke.io] [Serial] [Testpattern: Dynamic PV (ntfs)(allowExpansion)] [Feature:Windows] volume-expand Verify if offline PVC expansion works" classname="Kubernetes e2e suite" status="skipped" time="0">
              <skipped message="skipped"></skipped>
          </testcase>
          <testcase name="[It] [sig-storage] In-tree Volumes [Driver: hostPathSymlink] [Testpattern: Inline-volume (ntfs)] [Feature:Windows] volumes should allow exec of files on the volume" classname="Kubernetes e2e suite" status="skipped" time="0">
              <skipped message="skipped"></skipped>
          </testcase>
          <testcase name="[It] [sig-storage] In-tree Volumes [Driver: hostPath] [Testpattern: Dynamic PV (default fs)] subPath should be able to unmount after the subpath directory is deleted [LinuxOnly]" classname="Kubernetes e2e suite" status="skipped" time="0">
              <skipped message="skipped"></skipped>
          </testcase>
          <testcase name="[It] [sig-storage] In-tree Volumes [Driver: hostPath] [Testpattern: Dynamic PV (ntfs)] [Feature:Windows] provisioning should mount multiple PV pointing to the same storage on the same node" classname="Kubernetes e2e suite" status="skipped" time="0">
              <skipped message="skipped"></skipped>
          </testcase>
          <testcase name="[It] [sig-storage] In-tree Volumes [Driver: local] [LocalVolumeType: block] [Testpattern: Dynamic PV (ntfs)] [Feature:Windows] subPath should support existing directories when readOnly specified in the volumeSource" classname="Kubernetes e2e suite" status="skipped" time="0">
              <skipped message="skipped"></skipped>
          </testcase>
          <testcase name="[It] [sig-storage] CSI Volumes [Driver: csi-hostpath] [Testpattern: Dynamic Snapshot (retain policy)] snapshottable-stress [Feature:VolumeSnapshotDataSource] should support snapshotting of many volumes repeatedly [Slow] [Serial]" classname="Kubernetes e2e suite" status="skipped" time="0">
              <skipped message="skipped"></skipped>
          </testcase>
          <testcase name="[It] [sig-storage] In-tree Volumes [Driver: hostPath] [Testpattern: Pre-provisioned PV (block volmode)] multiVolume [Slow] should access to two volumes with different volume mode and retain data across pod recreation on different node" classname="Kubernetes e2e suite" status="skipped" time="0">
              <skipped message="skipped"></skipped>
          </testcase>
          <testcase name="[It] [sig-storage] In-tree Volumes [Driver: local] [LocalVolumeType: dir-link-bindmounted] [Testpattern: Dynamic PV (ntfs)] [Feature:Windows] volumes should allow exec of files on the volume" classname="Kubernetes e2e suite" status="skipped" time="0">
              <skipped message="skipped"></skipped>
          </testcase>
          <testcase name="[It] [sig-network] Netpol NetworkPolicy between server and client should support a &#39;default-deny-ingress&#39; policy [Feature:NetworkPolicy]" classname="Kubernetes e2e suite" status="skipped" time="0">
              <skipped message="skipped"></skipped>
          </testcase>
          <testcase name="[It] [sig-storage] In-tree Volumes [Driver: vsphere] [Testpattern: Dynamic PV (xfs)] [Slow] multiVolume [Slow] should concurrently access the volume and restored snapshot from pods on the same node [LinuxOnly] [Feature:VolumeSnapshotDataSource] [Feature:VolumeSourceXFS]" classname="Kubernetes e2e suite" status="skipped" time="0">
              <skipped message="skipped"></skipped>
          </testcase>
          <testcase name="[It] [sig-storage] CSI Volumes [Driver: pd.csi.storage.gke.io] [Serial] [Testpattern: Dynamic PV (filesystem volmode)] volume-lifecycle-performance should provision volumes at scale within performance constraints [Slow] [Serial]" classname="Kubernetes e2e suite" status="skipped" time="0">
              <skipped message="skipped"></skipped>
          </testcase>
          <testcase name="[It] [sig-storage] CSI Volumes [Driver: csi-hostpath] [Testpattern: Inline-volume (ext4)] volumes should store data" classname="Kubernetes e2e suite" status="skipped" time="0">
              <skipped message="skipped"></skipped>
          </testcase>
          <testcase name="[It] [sig-storage] In-tree Volumes [Driver: azure-file] [Testpattern: Dynamic PV (xfs)] [Slow] volumes should store data" classname="Kubernetes e2e suite" status="skipped" time="0">
              <skipped message="skipped"></skipped>
          </testcase>
          <testcase name="[It] [sig-storage] In-tree Volumes [Driver: nfs] [Testpattern: Dynamic PV (default fs)] capacity provides storage capacity information" classname="Kubernetes e2e suite" status="skipped" time="0">
              <skipped message="skipped"></skipped>
          </testcase>
          <testcase name="[It] [sig-storage] In-tree Volumes [Driver: hostPath] [Testpattern: Dynamic PV (block volmode)] provisioning should provision storage with mount options" classname="Kubernetes e2e suite" status="skipped" time="0">
              <skipped message="skipped"></skipped>
          </testcase>
          <testcase name="[It] [sig-storage] CSI Volumes [Driver: csi-hostpath] [Testpattern: Pre-provisioned PV (ext3)] volumes should allow exec of files on the volume" classname="Kubernetes e2e suite" status="skipped" time="0">
              <skipped message="skipped"></skipped>
          </testcase>
          <testcase name="[It] [sig-storage] In-tree Volumes [Driver: local] [LocalVolumeType: dir] [Testpattern: Generic Ephemeral-volume (default fs) (immediate-binding)] ephemeral should create read-only inline ephemeral volume" classname="Kubernetes e2e suite" status="skipped" time="0">
              <skipped message="skipped"></skipped>
          </testcase>
          <testcase name="[It] [sig-storage] In-tree Volumes [Driver: local] [LocalVolumeType: gce-localssd-scsi-fs] [Serial] [Testpattern: Inline-volume (default fs)] subPath should verify container cannot write to subpath readonly volumes [Slow]" classname="Kubernetes e2e suite" status="skipped" time="0">
              <skipped message="skipped"></skipped>
          </testcase>
          <testcase name="[It] [sig-storage] CSI Volumes [Driver: pd.csi.storage.gke.io] [Serial] [Testpattern: CSI Ephemeral-volume (default fs)] ephemeral should support expansion of pvcs created for ephemeral pvcs" classname="Kubernetes e2e suite" status="skipped" time="0">
              <skipped message="skipped"></skipped>
          </testcase>
          <testcase name="[It] [sig-network] Netpol NetworkPolicy between server and client should enforce policy based on PodSelector with MatchExpressions [Feature:NetworkPolicy]" classname="Kubernetes e2e suite" status="skipped" time="0">
              <skipped message="skipped"></skipped>
          </testcase>
          <testcase name="[It] [sig-storage] In-tree Volumes [Driver: hostPath] [Testpattern: Pre-provisioned PV (default fs)] subPath should fail if subpath with backstepping is outside the volume [Slow] [LinuxOnly]" classname="Kubernetes e2e suite" status="skipped" time="0">
              <skipped message="skipped"></skipped>
          </testcase>
          <testcase name="[It] [sig-storage] CSI Volumes [Driver: csi-hostpath] [Testpattern: Dynamic PV (default fs)] subPath should support file as subpath [LinuxOnly]" classname="Kubernetes e2e suite" status="skipped" time="0">
              <skipped message="skipped"></skipped>
          </testcase>
          <testcase name="[It] [sig-storage] In-tree Volumes [Driver: hostPath] [Testpattern: Dynamic PV (ext4)] multiVolume [Slow] should access to two volumes with the same volume mode and retain data across pod recreation on the same node" classname="Kubernetes e2e suite" status="skipped" time="0">
              <skipped message="skipped"></skipped>
          </testcase>
          <testcase name="[It] [sig-storage] In-tree Volumes [Driver: nfs] [Testpattern: Inline-volume (xfs)] [Slow] volumes should store data" classname="Kubernetes e2e suite" status="skipped" time="0">
              <skipped message="skipped"></skipped>
          </testcase>
          <testcase name="[It] [sig-storage] In-tree Volumes [Driver: azure-file] [Testpattern: Inline-volume (default fs)] subPath should fail if non-existent subpath is outside the volume [Slow] [LinuxOnly]" classname="Kubernetes e2e suite" status="skipped" time="0">
              <skipped message="skipped"></skipped>
          </testcase>
          <testcase name="[It] [sig-apps] Deployment Deployment should have a working scale subresource [Conformance]" classname="Kubernetes e2e suite" status="passed" time="2.093216434"></testcase>
          <testcase name="[It] [sig-storage] In-tree Volumes [Driver: nfs] [Testpattern: Pre-provisioned PV (default fs)] subPath should support existing single file [LinuxOnly]" classname="Kubernetes e2e suite" status="skipped" time="0">
              <skipped message="skipped"></skipped>
          </testcase>
          <testcase name="[It] [sig-node] NodeLease NodeLease should have OwnerReferences set" classname="Kubernetes e2e suite" status="skipped" time="0">
              <skipped message="skipped"></skipped>
          </testcase>
          <testcase name="[It] [sig-node] Probing container should be restarted with a local redirect http liveness probe" classname="Kubernetes e2e suite" status="skipped" time="0">
              <skipped message="skipped"></skipped>
          </testcase>
          <testcase name="[It] [sig-storage] In-tree Volumes [Driver: local] [LocalVolumeType: dir-bindmounted] [Testpattern: Dynamic PV (ntfs)] [Feature:Windows] subPath should fail if subpath directory is outside the volume [Slow] [LinuxOnly]" classname="Kubernetes e2e suite" status="skipped" time="0">
              <skipped message="skipped"></skipped>
          </testcase>
          <testcase name="[It] [sig-cloud-provider-gcp] Reboot [Disruptive] [Feature:Reboot] each node by ordering clean reboot and ensure they function upon restart" classname="Kubernetes e2e suite" status="skipped" time="0">
              <skipped message="skipped"></skipped>
          </testcase>
          <testcase name="[It] [sig-storage] In-tree Volumes [Driver: local] [LocalVolumeType: dir-link-bindmounted] [Testpattern: Dynamic PV (ntfs)] [Feature:Windows] provisioning should provision storage with snapshot data source (ROX mode) [Feature:VolumeSnapshotDataSource]" classname="Kubernetes e2e suite" status="skipped" time="0">
              <skipped message="skipped"></skipped>
          </testcase>
          <testcase name="[It] [sig-storage] In-tree Volumes [Driver: local] [LocalVolumeType: dir-link-bindmounted] [Testpattern: Dynamic PV (block volmode)] provisioning should provision storage with snapshot data source [Feature:VolumeSnapshotDataSource]" classname="Kubernetes e2e suite" status="skipped" time="0">
              <skipped message="skipped"></skipped>
          </testcase>
          <testcase name="[It] [sig-storage] In-tree Volumes [Driver: hostPath] [Testpattern: Pre-provisioned PV (filesystem volmode)] multiVolume [Slow] should concurrently access the volume and restored snapshot from pods on the same node [LinuxOnly] [Feature:VolumeSnapshotDataSource] [Feature:VolumeSourceXFS]" classname="Kubernetes e2e suite" status="skipped" time="0">
              <skipped message="skipped"></skipped>
          </testcase>
          <testcase name="[It] [sig-storage] In-tree Volumes [Driver: local] [LocalVolumeType: dir] [Testpattern: Dynamic PV (block volmode)] multiVolume [Slow] should concurrently access the volume and restored snapshot from pods on the same node [LinuxOnly] [Feature:VolumeSnapshotDataSource] [Feature:VolumeSourceXFS]" classname="Kubernetes e2e suite" status="skipped" time="0">
              <skipped message="skipped"></skipped>
          </testcase>
          <testcase name="[It] [sig-storage] In-tree Volumes [Driver: hostPathSymlink] [Testpattern: Inline-volume (default fs)] subPath should unmount if pod is force deleted while kubelet is down [Disruptive] [Slow] [LinuxOnly]" classname="Kubernetes e2e suite" status="skipped" time="0">
              <skipped message="skipped"></skipped>
          </testcase>
          <testcase name="[It] [sig-storage] In-tree Volumes [Driver: local] [LocalVolumeType: dir] [Testpattern: Dynamic PV (ntfs)] [Feature:Windows] provisioning should provision correct filesystem size when restoring snapshot to larger size pvc [Feature:VolumeSnapshotDataSource]" classname="Kubernetes e2e suite" status="skipped" time="0">
              <skipped message="skipped"></skipped>
          </testcase>
          <testcase name="[It] [sig-storage] In-tree Volumes [Driver: local] [LocalVolumeType: tmpfs] [Testpattern: Inline-volume (default fs)] subPath should unmount if pod is gracefully deleted while kubelet is down [Disruptive] [Slow] [LinuxOnly]" classname="Kubernetes e2e suite" status="skipped" time="0">
              <skipped message="skipped"></skipped>
          </testcase>
          <testcase name="[It] [sig-storage] In-tree Volumes [Driver: local] [LocalVolumeType: tmpfs] [Testpattern: Dynamic PV (default fs)] subPath should be able to unmount after the subpath directory is deleted [LinuxOnly]" classname="Kubernetes e2e suite" status="skipped" time="0">
              <skipped message="skipped"></skipped>
          </testcase>
          <testcase name="[It] [sig-storage] CSI Volumes [Driver: csi-hostpath] [Testpattern: Pre-provisioned PV (filesystem volmode)] disruptive [Disruptive] [LinuxOnly] Should test that pv used in a pod that is deleted while the kubelet is down is usable by a new pod with a different SELinux context when kubelet returns [Feature:SELinux]" classname="Kubernetes e2e suite" status="skipped" time="0">
              <skipped message="skipped"></skipped>
          </testcase>
          <testcase name="[It] [sig-storage] In-tree Volumes [Driver: local] [LocalVolumeType: dir-link-bindmounted] [Testpattern: Generic Ephemeral-volume (default fs) (late-binding)] ephemeral should create read/write inline ephemeral volume" classname="Kubernetes e2e suite" status="skipped" time="0">
              <skipped message="skipped"></skipped>
          </testcase>
          <testcase name="[It] [sig-storage] In-tree Volumes [Driver: local] [LocalVolumeType: dir-link-bindmounted] [Testpattern: Pre-provisioned PV (ext4)] volumes should allow exec of files on the volume" classname="Kubernetes e2e suite" status="skipped" time="0">
              <skipped message="skipped"></skipped>
          </testcase>
          <testcase name="[It] [sig-storage] In-tree Volumes [Driver: emptydir] [Testpattern: Pre-provisioned PV (ext3)] volumes should allow exec of files on the volume" classname="Kubernetes e2e suite" status="skipped" time="0">
              <skipped message="skipped"></skipped>
          </testcase>
          <testcase name="[It] [sig-storage] In-tree Volumes [Driver: emptydir] [Testpattern: Pre-provisioned PV (filesystem volmode)] volumeMode should not mount / map unused volumes in a pod [LinuxOnly]" classname="Kubernetes e2e suite" status="skipped" time="0">
              <skipped message="skipped"></skipped>
          </testcase>
          <testcase name="[It] [sig-storage] In-tree Volumes [Driver: local] [LocalVolumeType: tmpfs] [Testpattern: Dynamic PV (ntfs)] [Feature:Windows] subPath should support restarting containers using file as subpath [Slow] [LinuxOnly]" classname="Kubernetes e2e suite" status="skipped" time="0">
              <skipped message="skipped"></skipped>
          </testcase>
          <testcase name="[It] [sig-storage] CSI Volumes [Driver: pd.csi.storage.gke.io] [Serial] [Testpattern: Dynamic PV (filesystem volmode)] multiVolume [Slow] should concurrently access the volume and restored snapshot from pods on the same node [LinuxOnly] [Feature:VolumeSnapshotDataSource] [Feature:VolumeSourceXFS]" classname="Kubernetes e2e suite" status="skipped" time="0">
              <skipped message="skipped"></skipped>
          </testcase>
          <testcase name="[It] [sig-storage] In-tree Volumes [Driver: emptydir] [Testpattern: Dynamic PV (block volmode)] volumes should store data" classname="Kubernetes e2e suite" status="skipped" time="0">
              <skipped message="skipped"></skipped>
          </testcase>
          <testcase name="[It] [sig-storage] In-tree Volumes [Driver: iscsi] [Feature:Volumes] [Testpattern: Pre-provisioned PV (default fs)] subPath should unmount if pod is force deleted while kubelet is down [Disruptive] [Slow] [LinuxOnly]" classname="Kubernetes e2e suite" status="skipped" time="0">
              <skipped message="skipped"></skipped>
          </testcase>
          <testcase name="[It] [sig-storage] In-tree Volumes [Driver: local] [LocalVolumeType: gce-localssd-scsi-fs] [Serial] [Testpattern: Dynamic PV (filesystem volmode)] disruptive [Disruptive] [LinuxOnly] Should test that pv written before kubelet restart is readable after restart." classname="Kubernetes e2e suite" status="skipped" time="0">
              <skipped message="skipped"></skipped>
          </testcase>
          <testcase name="[It] [sig-apps] CronJob should support CronJob API operations [Conformance]" classname="Kubernetes e2e suite" status="passed" time="0.105032595"></testcase>
          <testcase name="[It] [sig-storage] In-tree Volumes [Driver: vsphere] [Testpattern: Dynamic PV (ntfs)] [Feature:Windows] provisioning should provision correct filesystem size when restoring snapshot to larger size pvc [Feature:VolumeSnapshotDataSource]" classname="Kubernetes e2e suite" status="skipped" time="0">
              <skipped message="skipped"></skipped>
          </testcase>
          <testcase name="[It] [sig-storage] In-tree Volumes [Driver: vsphere] [Testpattern: Inline-volume (ext4)] volumes should allow exec of files on the volume" classname="Kubernetes e2e suite" status="skipped" time="0">
              <skipped message="skipped"></skipped>
          </testcase>
          <testcase name="[It] [sig-storage] In-tree Volumes [Driver: local] [LocalVolumeType: dir-link] [Testpattern: Dynamic PV (default fs)] volumes should store data" classname="Kubernetes e2e suite" status="skipped" time="0">
              <skipped message="skipped"></skipped>
          </testcase>
          <testcase name="[It] [sig-storage] CSI Volumes [Driver: pd.csi.storage.gke.io] [Serial] [Testpattern: Inline-volume (default fs)] subPath should support creating multiple subpath from same volumes [Slow]" classname="Kubernetes e2e suite" status="skipped" time="0">
              <skipped message="skipped"></skipped>
          </testcase>
          <testcase name="[It] [sig-storage] In-tree Volumes [Driver: azure-file] [Testpattern: Generic Ephemeral-volume (default fs)] volumeLimits should support volume limits [Serial]" classname="Kubernetes e2e suite" status="skipped" time="0">
              <skipped message="skipped"></skipped>
          </testcase>
          <testcase name="[It] [sig-storage] CSI Volumes [Driver: csi-hostpath] [Testpattern: Inline-volume (ext3)] volumes should store data" classname="Kubernetes e2e suite" status="skipped" time="0">
              <skipped message="skipped"></skipped>
          </testcase>
          <testcase name="[It] [sig-storage] CSI Volumes [Driver: pd.csi.storage.gke.io] [Serial] [Testpattern: Dynamic PV (xfs)] [Slow] volumes should allow exec of files on the volume" classname="Kubernetes e2e suite" status="skipped" time="0">
              <skipped message="skipped"></skipped>
          </testcase>
          <testcase name="[It] [sig-storage] In-tree Volumes [Driver: local] [LocalVolumeType: dir-link-bindmounted] [Testpattern: Pre-provisioned PV (filesystem volmode)] multiVolume [Slow] should access to two volumes with the same volume mode and retain data across pod recreation on different node" classname="Kubernetes e2e suite" status="skipped" time="0">
              <skipped message="skipped"></skipped>
          </testcase>
          <testcase name="[It] [sig-storage] CSI Volumes [Driver: csi-hostpath] [Testpattern: Generic Ephemeral-volume (default fs) (late-binding)] ephemeral should create read-only inline ephemeral volume" classname="Kubernetes e2e suite" status="skipped" time="0">
              <skipped message="skipped"></skipped>
          </testcase>
          <testcase name="[It] [sig-storage] In-tree Volumes [Driver: local] [LocalVolumeType: block] [Testpattern: Dynamic PV (ntfs)] [Feature:Windows] subPath should fail if subpath file is outside the volume [Slow] [LinuxOnly]" classname="Kubernetes e2e suite" status="skipped" time="0">
              <skipped message="skipped"></skipped>
          </testcase>
          <testcase name="[It] [sig-storage] In-tree Volumes [Driver: local] [LocalVolumeType: gce-localssd-scsi-fs] [Serial] [Testpattern: Dynamic PV (ntfs)] [Feature:Windows] subPath should support existing directories when readOnly specified in the volumeSource" classname="Kubernetes e2e suite" status="skipped" time="0">
              <skipped message="skipped"></skipped>
          </testcase>
          <testcase name="[It] [sig-storage] CSI Volumes [Driver: pd.csi.storage.gke.io] [Serial] [Testpattern: Dynamic PV (ntfs)] [Feature:Windows] provisioning should provision storage with pvc data source in parallel [Slow]" classname="Kubernetes e2e suite" status="skipped" time="0">
              <skipped message="skipped"></skipped>
          </testcase>
          <testcase name="[It] [sig-storage] In-tree Volumes [Driver: hostPath] [Testpattern: Dynamic PV (ntfs)] [Feature:Windows] multiVolume [Slow] should access to two volumes with the same volume mode and retain data across pod recreation on the same node" classname="Kubernetes e2e suite" status="skipped" time="0">
              <skipped message="skipped"></skipped>
          </testcase>
          <testcase name="[It] [sig-storage] In-tree Volumes [Driver: emptydir] [Testpattern: Pre-provisioned PV (block volmode)] disruptive [Disruptive] [LinuxOnly] Should test that pv used in a pod that is force deleted while the kubelet is down cleans up when the kubelet returns." classname="Kubernetes e2e suite" status="skipped" time="0">
              <skipped message="skipped"></skipped>
          </testcase>
          <testcase name="[It] [sig-storage] In-tree Volumes [Driver: local] [LocalVolumeType: dir] [Testpattern: Generic Ephemeral-volume (default fs)] volumeLimits should support volume limits [Serial]" classname="Kubernetes e2e suite" status="skipped" time="0">
              <skipped message="skipped"></skipped>
          </testcase>
          <testcase name="[It] [sig-storage] In-tree Volumes [Driver: local] [LocalVolumeType: dir-link-bindmounted] [Testpattern: Pre-provisioned PV (block volmode)] volumes should store data" classname="Kubernetes e2e suite" status="skipped" time="0">
              <skipped message="skipped"></skipped>
          </testcase>
          <testcase name="[It] [sig-storage] In-tree Volumes [Driver: emptydir] [Testpattern: Inline-volume (default fs)] subPath should fail if non-existent subpath is outside the volume [Slow] [LinuxOnly]" classname="Kubernetes e2e suite" status="skipped" time="0">
              <skipped message="skipped"></skipped>
          </testcase>
          <testcase name="[It] [sig-node] Pod InPlace Resize Container [FeatureGate:InPlacePodVerticalScaling] [Beta] Burstable QoS pod, one container with cpu &amp; memory requests + limits - increase CPU requests and limits" classname="Kubernetes e2e suite" status="skipped" time="0">
              <skipped message="skipped"></skipped>
          </testcase>
          <testcase name="[It] [sig-storage] In-tree Volumes [Driver: hostPath] [Testpattern: Pre-provisioned PV (filesystem volmode)] volumeMode should not mount / map unused volumes in a pod [LinuxOnly]" classname="Kubernetes e2e suite" status="skipped" time="0">
              <skipped message="skipped"></skipped>
          </testcase>
          <testcase name="[It] [sig-storage] In-tree Volumes [Driver: cinder] [Testpattern: Inline-volume (xfs)] [Slow] volumes should store data" classname="Kubernetes e2e suite" status="skipped" time="0">
              <skipped message="skipped"></skipped>
          </testcase>
          <testcase name="[It] [sig-storage] In-tree Volumes [Driver: local] [LocalVolumeType: dir] [Testpattern: Dynamic PV (filesystem volmode)] multiVolume [Slow] should access to two volumes with the same volume mode and retain data across pod recreation on the same node" classname="Kubernetes e2e suite" status="skipped" time="0">
              <skipped message="skipped"></skipped>
          </testcase>
          <testcase name="[It] [sig-storage] In-tree Volumes [Driver: azure-file] [Testpattern: Dynamic PV (xfs)] [Slow] multiVolume [Slow] should access to two volumes with different volume mode and retain data across pod recreation on different node" classname="Kubernetes e2e suite" status="skipped" time="0">
              <skipped message="skipped"></skipped>
          </testcase>
          <testcase name="[It] [sig-storage] CSI Volumes [Driver: pd.csi.storage.gke.io] [Serial] [Testpattern: Dynamic PV (default fs)] volume-stress multiple pods should access different volumes repeatedly [Slow] [Serial]" classname="Kubernetes e2e suite" status="skipped" time="0">
              <skipped message="skipped"></skipped>
          </testcase>
          <testcase name="[It] [sig-storage] In-tree Volumes [Driver: local] [LocalVolumeType: dir-bindmounted] [Testpattern: Generic Ephemeral-volume (default fs) (immediate-binding)] ephemeral should support expansion of pvcs created for ephemeral pvcs" classname="Kubernetes e2e suite" status="skipped" time="0">
              <skipped message="skipped"></skipped>
          </testcase>
          <testcase name="[It] [sig-storage] In-tree Volumes [Driver: azure-disk] [Testpattern: Inline-volume (default fs)] subPath should support readOnly file specified in the volumeMount [LinuxOnly]" classname="Kubernetes e2e suite" status="skipped" time="0">
              <skipped message="skipped"></skipped>
          </testcase>
          <testcase name="[It] [sig-storage] In-tree Volumes [Driver: local] [LocalVolumeType: dir-link-bindmounted] [Testpattern: Dynamic PV (ntfs)] [Feature:Windows] volumeIO should write files of various sizes, verify size, validate content [Slow]" classname="Kubernetes e2e suite" status="skipped" time="0">
              <skipped message="skipped"></skipped>
          </testcase>
          <testcase name="[It] [sig-storage] In-tree Volumes [Driver: iscsi] [Feature:Volumes] [Testpattern: Dynamic PV (default fs)] subPath should support readOnly file specified in the volumeMount [LinuxOnly]" classname="Kubernetes e2e suite" status="skipped" time="0">
              <skipped message="skipped"></skipped>
          </testcase>
          <testcase name="[It] [sig-storage] In-tree Volumes [Driver: azure-disk] [Testpattern: Pre-provisioned PV (default fs)] subPath should support existing directories when readOnly specified in the volumeSource" classname="Kubernetes e2e suite" status="skipped" time="0">
              <skipped message="skipped"></skipped>
          </testcase>
          <testcase name="[It] [sig-storage] CSI Volumes [Driver: pd.csi.storage.gke.io] [Serial] [Testpattern: Dynamic PV (filesystem volmode)] disruptive [Disruptive] [LinuxOnly] Should test that pv used in a pod that is deleted while the kubelet is down is usable by a new pod with a different SELinux context when kubelet returns [Feature:SELinux]" classname="Kubernetes e2e suite" status="skipped" time="0">
              <skipped message="skipped"></skipped>
          </testcase>
          <testcase name="[It] [sig-storage] CSI Volumes [Driver: csi-hostpath] [Testpattern: Dynamic PV (filesystem volmode)] volumeLimits should verify that all csinodes have volume limits" classname="Kubernetes e2e suite" status="skipped" time="0">
              <skipped message="skipped"></skipped>
          </testcase>
          <testcase name="[It] [sig-storage] HostPathType Directory [Slow] Should fail on mounting directory &#39;adir&#39; when HostPathType is HostPathBlockDev" classname="Kubernetes e2e suite" status="skipped" time="0">
              <skipped message="skipped"></skipped>
          </testcase>
          <testcase name="[It] [sig-storage] HostPathType File [Slow] Should fail on mounting file &#39;afile&#39; when HostPathType is HostPathSocket" classname="Kubernetes e2e suite" status="skipped" time="0">
              <skipped message="skipped"></skipped>
          </testcase>
          <testcase name="[It] [sig-storage] In-tree Volumes [Driver: emptydir] [Testpattern: Dynamic PV (ntfs)] [Feature:Windows] multiVolume [Slow] should concurrently access the volume and restored snapshot from pods on the same node [LinuxOnly] [Feature:VolumeSnapshotDataSource] [Feature:VolumeSourceXFS]" classname="Kubernetes e2e suite" status="skipped" time="0">
              <skipped message="skipped"></skipped>
          </testcase>
          <testcase name="[It] [sig-storage] In-tree Volumes [Driver: azure-disk] [Testpattern: Dynamic PV (default fs)] subPath should fail if subpath directory is outside the volume [Slow] [LinuxOnly]" classname="Kubernetes e2e suite" status="skipped" time="0">
              <skipped message="skipped"></skipped>
          </testcase>
          <testcase name="[It] [sig-node] NodeProblemDetector [Feature:NodeProblemDetector] should run without error" classname="Kubernetes e2e suite" status="skipped" time="0">
              <skipped message="skipped"></skipped>
          </testcase>
          <testcase name="[It] [sig-storage] In-tree Volumes [Driver: local] [LocalVolumeType: dir-bindmounted] [Testpattern: Dynamic PV (ntfs)] [Feature:Windows] subPath should support file as subpath [LinuxOnly]" classname="Kubernetes e2e suite" status="skipped" time="0">
              <skipped message="skipped"></skipped>
          </testcase>
          <testcase name="[It] [sig-storage] In-tree Volumes [Driver: vsphere] [Testpattern: Dynamic PV (ntfs)] [Feature:Windows] subPath should unmount if pod is gracefully deleted while kubelet is down [Disruptive] [Slow] [LinuxOnly]" classname="Kubernetes e2e suite" status="skipped" time="0">
              <skipped message="skipped"></skipped>
          </testcase>
          <testcase name="[It] [sig-storage] In-tree Volumes [Driver: local] [LocalVolumeType: dir] [Testpattern: Pre-provisioned PV (filesystem volmode)] multiVolume [Slow] should concurrently access the single read-only volume from pods on the same node" classname="Kubernetes e2e suite" status="skipped" time="0">
              <skipped message="skipped"></skipped>
          </testcase>
          <testcase name="[It] [sig-storage] In-tree Volumes [Driver: local] [LocalVolumeType: dir-bindmounted] [Testpattern: Inline-volume (default fs)] subPath should support creating multiple subpath from same volumes [Slow]" classname="Kubernetes e2e suite" status="skipped" time="0">
              <skipped message="skipped"></skipped>
          </testcase>
          <testcase name="[It] [sig-storage] In-tree Volumes [Driver: local] [LocalVolumeType: blockfs] [Testpattern: Dynamic PV (ext4)] multiVolume [Slow] should access to two volumes with the same volume mode and retain data across pod recreation on different node" classname="Kubernetes e2e suite" status="skipped" time="0">
              <skipped message="skipped"></skipped>
          </testcase>
          <testcase name="[It] [sig-storage] CSI Volumes [Driver: pd.csi.storage.gke.io] [Serial] [Testpattern: Dynamic PV (block volmode)] provisioning should mount multiple PV pointing to the same storage on the same node" classname="Kubernetes e2e suite" status="skipped" time="0">
              <skipped message="skipped"></skipped>
          </testcase>
          <testcase name="[It] [sig-storage] In-tree Volumes [Driver: azure-disk] [Testpattern: Dynamic PV (default fs)] subPath should support existing directory" classname="Kubernetes e2e suite" status="skipped" time="0">
              <skipped message="skipped"></skipped>
          </testcase>
          <testcase name="[It] [sig-storage] In-tree Volumes [Driver: azure-file] [Testpattern: Dynamic PV (ntfs)] [Feature:Windows] subPath should unmount if pod is gracefully deleted while kubelet is down [Disruptive] [Slow] [LinuxOnly]" classname="Kubernetes e2e suite" status="skipped" time="0">
              <skipped message="skipped"></skipped>
          </testcase>
          <testcase name="[It] [sig-storage] In-tree Volumes [Driver: cinder] [Testpattern: Dynamic PV (filesystem volmode)] multiVolume [Slow] should concurrently access the single read-only volume from pods on the same node" classname="Kubernetes e2e suite" status="skipped" time="0">
              <skipped message="skipped"></skipped>
          </testcase>
          <testcase name="[It] [sig-storage] In-tree Volumes [Driver: local] [LocalVolumeType: dir-link-bindmounted] [Testpattern: Dynamic PV (filesystem volmode)] multiVolume [Slow] should concurrently access the single read-only volume from pods on the same node" classname="Kubernetes e2e suite" status="skipped" time="0">
              <skipped message="skipped"></skipped>
          </testcase>
          <testcase name="[It] [sig-api-machinery] OpenAPIV3 should round trip OpenAPI V3 for all built-in group versions" classname="Kubernetes e2e suite" status="skipped" time="0">
              <skipped message="skipped"></skipped>
          </testcase>
          <testcase name="[It] [sig-storage] In-tree Volumes [Driver: local] [LocalVolumeType: block] [Testpattern: Pre-provisioned PV (filesystem volmode)] volumeMode should not mount / map unused volumes in a pod [LinuxOnly]" classname="Kubernetes e2e suite" status="skipped" time="0">
              <skipped message="skipped"></skipped>
          </testcase>
          <testcase name="[It] [sig-autoscaling] [Feature:HPA] [Serial] [Slow] Horizontal pod autoscaling (non-default behavior) with short downscale stabilization window should scale down soon after the stabilization period" classname="Kubernetes e2e suite" status="skipped" time="0">
              <skipped message="skipped"></skipped>
          </testcase>
          <testcase name="[It] [sig-storage] In-tree Volumes [Driver: vsphere] [Testpattern: Dynamic PV (ext3)] volumes should store data" classname="Kubernetes e2e suite" status="skipped" time="0">
              <skipped message="skipped"></skipped>
          </testcase>
          <testcase name="[It] [sig-storage] In-tree Volumes [Driver: local] [LocalVolumeType: blockfs] [Testpattern: Dynamic PV (ntfs)] [Feature:Windows] subPath should support restarting containers using directory as subpath [Slow]" classname="Kubernetes e2e suite" status="skipped" time="0">
              <skipped message="skipped"></skipped>
          </testcase>
          <testcase name="[It] [sig-storage] In-tree Volumes [Driver: azure-disk] [Testpattern:  (delete policy)] volumegroupsnapshottable [Feature:volumegroupsnapshot] VolumeGroupSnapshottable  should create snapshots for multiple volumes in a pod" classname="Kubernetes e2e suite" status="skipped" time="0">
              <skipped message="skipped"></skipped>
          </testcase>
          <testcase name="[It] [sig-storage] In-tree Volumes [Driver: local] [LocalVolumeType: blockfs] [Testpattern: Inline-volume (default fs)] subPath should support non-existent path" classname="Kubernetes e2e suite" status="skipped" time="0">
              <skipped message="skipped"></skipped>
          </testcase>
          <testcase name="[It] [sig-storage] In-tree Volumes [Driver: local] [LocalVolumeType: tmpfs] [Testpattern: Dynamic PV (block volmode)] provisioning should provision storage with any volume data source [Serial]" classname="Kubernetes e2e suite" status="skipped" time="0">
              <skipped message="skipped"></skipped>
          </testcase>
          <testcase name="[It] [sig-apps] Job should allow to delegate reconciliation to external controller" classname="Kubernetes e2e suite" status="skipped" time="0">
              <skipped message="skipped"></skipped>
          </testcase>
          <testcase name="[It] [sig-storage] In-tree Volumes [Driver: nfs] [Testpattern: Dynamic PV (default fs)] fsgroupchangepolicy (OnRootMismatch)[LinuxOnly], pod created with an initial fsgroup, volume contents ownership changed via chgrp in first pod, new pod with different fsgroup applied to the volume contents" classname="Kubernetes e2e suite" status="skipped" time="0">
              <skipped message="skipped"></skipped>
          </testcase>
          <testcase name="[It] [sig-network] DNS should provide DNS for pods for Hostname [Conformance]" classname="Kubernetes e2e suite" status="passed" time="2.080851705"></testcase>
          <testcase name="[It] [sig-storage] In-tree Volumes [Driver: vsphere] [Testpattern: Inline-volume (xfs)] [Slow] volumes should store data" classname="Kubernetes e2e suite" status="skipped" time="0">
              <skipped message="skipped"></skipped>
          </testcase>
          <testcase name="[It] [sig-storage] In-tree Volumes [Driver: local] [LocalVolumeType: tmpfs] [Testpattern: Pre-provisioned PV (block volmode)] disruptive [Disruptive] [LinuxOnly] Should test that pv written before kubelet restart is readable after restart." classname="Kubernetes e2e suite" status="skipped" time="0">
              <skipped message="skipped"></skipped>
          </testcase>
          <testcase name="[It] [sig-node] NodeLease NodeLease the kubelet should create and update a lease in the kube-node-lease namespace" classname="Kubernetes e2e suite" status="skipped" time="0">
              <skipped message="skipped"></skipped>
          </testcase>
          <testcase name="[It] [sig-storage] In-tree Volumes [Driver: emptydir] [Testpattern: Dynamic PV (default fs)] provisioning should mount multiple PV pointing to the same storage on the same node" classname="Kubernetes e2e suite" status="skipped" time="0">
              <skipped message="skipped"></skipped>
          </testcase>
          <testcase name="[It] [sig-storage] In-tree Volumes [Driver: cinder] [Testpattern: Dynamic PV (ext4)] volumes should store data" classname="Kubernetes e2e suite" status="skipped" time="0">
              <skipped message="skipped"></skipped>
          </testcase>
          <testcase name="[It] [sig-storage] In-tree Volumes [Driver: local] [LocalVolumeType: dir-link-bindmounted] [Testpattern: Dynamic PV (ntfs)] [Feature:Windows] volume-expand should not allow expansion of pvcs without AllowVolumeExpansion property" classname="Kubernetes e2e suite" status="skipped" time="0">
              <skipped message="skipped"></skipped>
          </testcase>
          <testcase name="[It] [sig-storage] In-tree Volumes [Driver: hostPathSymlink] [Testpattern: Dynamic PV (default fs)(allowExpansion)] volume-expand should resize volume when PVC is edited while pod is using it" classname="Kubernetes e2e suite" status="skipped" time="0">
              <skipped message="skipped"></skipped>
          </testcase>
          <testcase name="[It] [sig-storage] In-tree Volumes [Driver: local] [LocalVolumeType: tmpfs] [Testpattern: Inline-volume (default fs)] subPath should support non-existent path" classname="Kubernetes e2e suite" status="skipped" time="0">
              <skipped message="skipped"></skipped>
          </testcase>
          <testcase name="[It] [sig-storage] CSI Volumes [Driver: pd.csi.storage.gke.io] [Serial] [Testpattern: Generic Ephemeral-volume (default fs)] volumeLimits should support volume limits [Serial]" classname="Kubernetes e2e suite" status="skipped" time="0">
              <skipped message="skipped"></skipped>
          </testcase>
          <testcase name="[It] [sig-storage] In-tree Volumes [Driver: nfs] [Testpattern: Dynamic PV (block volmode)] multiVolume [Slow] should access to two volumes with different volume mode and retain data across pod recreation on the same node" classname="Kubernetes e2e suite" status="skipped" time="0">
              <skipped message="skipped"></skipped>
          </testcase>
          <testcase name="[It] [sig-storage] In-tree Volumes [Driver: vsphere] [Testpattern: Pre-provisioned PV (block volmode)] multiVolume [Slow] should concurrently access the single volume from pods on different node" classname="Kubernetes e2e suite" status="skipped" time="0">
              <skipped message="skipped"></skipped>
          </testcase>
          <testcase name="[It] [sig-node] [Feature:KubeletFineGrainedAuthz] when calling kubelet API check /healthz enpoint is not accessible via nodes/configz RBAC" classname="Kubernetes e2e suite" status="skipped" time="0">
              <skipped message="skipped"></skipped>
          </testcase>
          <testcase name="[It] [sig-storage] CSI Volumes [Driver: csi-hostpath] [Testpattern: Pre-provisioned PV (ntfs)] [Feature:Windows] volumes should allow exec of files on the volume" classname="Kubernetes e2e suite" status="skipped" time="0">
              <skipped message="skipped"></skipped>
          </testcase>
          <testcase name="[It] [sig-storage] In-tree Volumes [Driver: iscsi] [Feature:Volumes] [Testpattern: Dynamic PV (block volmode)] disruptive [Disruptive] [LinuxOnly] Should test that pv written before kubelet restart is readable after restart." classname="Kubernetes e2e suite" status="skipped" time="0">
              <skipped message="skipped"></skipped>
          </testcase>
          <testcase name="[It] [sig-storage] In-tree Volumes [Driver: local] [LocalVolumeType: dir-bindmounted] [Testpattern: Pre-provisioned PV (filesystem volmode)] multiVolume [Slow] should concurrently access the single volume from pods on different node" classname="Kubernetes e2e suite" status="skipped" time="0">
              <skipped message="skipped"></skipped>
          </testcase>
          <testcase name="[It] [sig-storage] In-tree Volumes [Driver: azure-disk] [Testpattern: Pre-provisioned PV (block volmode)] disruptive [Disruptive] [LinuxOnly] Should test that pv written before kubelet restart is readable after restart." classname="Kubernetes e2e suite" status="skipped" time="0">
              <skipped message="skipped"></skipped>
          </testcase>
          <testcase name="[It] [sig-storage] In-tree Volumes [Driver: azure-disk] [Testpattern: Pre-provisioned PV (block volmode)] volumeMode should fail to use a volume in a pod with mismatched mode [Slow]" classname="Kubernetes e2e suite" status="skipped" time="0">
              <skipped message="skipped"></skipped>
          </testcase>
          <testcase name="[It] [sig-storage] In-tree Volumes [Driver: local] [LocalVolumeType: block] [Testpattern: Dynamic PV (default fs)] provisioning should provision storage with pvc data source (ROX mode)" classname="Kubernetes e2e suite" status="skipped" time="0">
              <skipped message="skipped"></skipped>
          </testcase>
          <testcase name="[It] [sig-storage] In-tree Volumes [Driver: iscsi] [Feature:Volumes] [Testpattern: Dynamic PV (filesystem volmode)] multiVolume [Slow] should access to two volumes with the same volume mode and retain data across pod recreation on different node" classname="Kubernetes e2e suite" status="skipped" time="0">
              <skipped message="skipped"></skipped>
          </testcase>
          <testcase name="[It] [sig-storage] In-tree Volumes [Driver: hostPathSymlink] [Testpattern: Inline-volume (default fs)] subPath should support restarting containers using directory as subpath [Slow]" classname="Kubernetes e2e suite" status="skipped" time="0">
              <skipped message="skipped"></skipped>
          </testcase>
          <testcase name="[It] [sig-storage] In-tree Volumes [Driver: hostPathSymlink] [Testpattern: Dynamic PV (ext4)] multiVolume [Slow] should concurrently access the single volume from pods on different node" classname="Kubernetes e2e suite" status="skipped" time="0">
              <skipped message="skipped"></skipped>
          </testcase>
          <testcase name="[It] [sig-storage] In-tree Volumes [Driver: cinder] [Testpattern: Dynamic PV (delayed binding)] topology should fail to schedule a pod which has topologies that conflict with AllowedTopologies" classname="Kubernetes e2e suite" status="skipped" time="0">
              <skipped message="skipped"></skipped>
          </testcase>
          <testcase name="[It] [sig-storage] In-tree Volumes [Driver: azure-disk] [Testpattern: Inline-volume (default fs)] subPath should support creating multiple subpath from same volumes [Slow]" classname="Kubernetes e2e suite" status="skipped" time="0">
              <skipped message="skipped"></skipped>
          </testcase>
          <testcase name="[It] [sig-storage] In-tree Volumes [Driver: local] [LocalVolumeType: tmpfs] [Testpattern: Dynamic PV (default fs)] subPath should support restarting containers using directory as subpath [Slow]" classname="Kubernetes e2e suite" status="skipped" time="0">
              <skipped message="skipped"></skipped>
          </testcase>
          <testcase name="[It] [sig-storage] CSI Volumes [Driver: pd.csi.storage.gke.io] [Serial] [Testpattern: Inline-volume (default fs)] subPath should fail if subpath file is outside the volume [Slow] [LinuxOnly]" classname="Kubernetes e2e suite" status="skipped" time="0">
              <skipped message="skipped"></skipped>
          </testcase>
          <testcase name="[It] [sig-storage] In-tree Volumes [Driver: vsphere] [Testpattern: Pre-provisioned PV (filesystem volmode)] disruptive [Disruptive] [LinuxOnly] Should test that pv used in a pod that is force deleted while the kubelet is down is usable by a new pod when kubelet returns [Feature:SELinux]" classname="Kubernetes e2e suite" status="skipped" time="0">
              <skipped message="skipped"></skipped>
          </testcase>
          <testcase name="[It] [sig-node] DRA [Feature:DynamicResourceAllocation] [FeatureGate:DynamicResourceAllocation] [Beta] [Feature:OffByDefault] on single node does not delete generated claims when pod is restarting" classname="Kubernetes e2e suite" status="skipped" time="0">
              <skipped message="skipped"></skipped>
          </testcase>
          <testcase name="[It] [sig-storage] CSI Volumes [Driver: csi-hostpath] [Testpattern: Ephemeral Snapshot (retain policy)] snapshottable [Feature:VolumeSnapshotDataSource] volume snapshot controller  should check snapshot fields, check restore correctly works, check deletion (ephemeral)" classname="Kubernetes e2e suite" status="skipped" time="0">
              <skipped message="skipped"></skipped>
          </testcase>
          <testcase name="[It] [sig-storage] In-tree Volumes [Driver: iscsi] [Feature:Volumes] [Testpattern: Dynamic PV (xfs)] [Slow] multiVolume [Slow] should concurrently access the single read-only volume from pods on the same node" classname="Kubernetes e2e suite" status="skipped" time="0">
              <skipped message="skipped"></skipped>
          </testcase>
          <testcase name="[It] [sig-storage] CSI Volumes [Driver: pd.csi.storage.gke.io] [Serial] [Testpattern: Pre-provisioned PV (default fs)] subPath should support existing single file [LinuxOnly]" classname="Kubernetes e2e suite" status="skipped" time="0">
              <skipped message="skipped"></skipped>
          </testcase>
          <testcase name="[It] [sig-storage] In-tree Volumes [Driver: hostPathSymlink] [Testpattern: Dynamic PV (filesystem volmode)] volumeLimits should verify that all csinodes have volume limits" classname="Kubernetes e2e suite" status="skipped" time="0">
              <skipped message="skipped"></skipped>
          </testcase>
          <testcase name="[It] [sig-storage] CSI Volumes [Driver: csi-hostpath] [Testpattern: Dynamic PV (default fs)] subPath should support creating multiple subpath from same volumes [Slow]" classname="Kubernetes e2e suite" status="skipped" time="0">
              <skipped message="skipped"></skipped>
          </testcase>
          <testcase name="[It] [sig-storage] In-tree Volumes [Driver: local] [LocalVolumeType: blockfs] [Testpattern: Pre-provisioned PV (default fs)] subPath should support file as subpath [LinuxOnly]" classname="Kubernetes e2e suite" status="skipped" time="0">
              <skipped message="skipped"></skipped>
          </testcase>
          <testcase name="[It] [sig-storage] CSI Volumes [Driver: csi-hostpath] [Testpattern: Dynamic PV (ntfs)] [Feature:Windows] multiVolume [Slow] should concurrently access the single volume from pods on different node" classname="Kubernetes e2e suite" status="skipped" time="0">
              <skipped message="skipped"></skipped>
          </testcase>
          <testcase name="[It] [sig-storage] In-tree Volumes [Driver: local] [LocalVolumeType: dir-link-bindmounted] [Testpattern: Pre-provisioned PV (block volmode)] multiVolume [Slow] should access to two volumes with the same volume mode and retain data across pod recreation on different node" classname="Kubernetes e2e suite" status="skipped" time="0">
              <skipped message="skipped"></skipped>
          </testcase>
          <testcase name="[It] [sig-storage] In-tree Volumes [Driver: hostPathSymlink] [Testpattern: Dynamic PV (ntfs)] [Feature:Windows] multiVolume [Slow] should concurrently access the single read-only volume from pods on the same node" classname="Kubernetes e2e suite" status="skipped" time="0">
              <skipped message="skipped"></skipped>
          </testcase>
          <testcase name="[It] [sig-storage] In-tree Volumes [Driver: local] [LocalVolumeType: dir-link-bindmounted] [Testpattern: Pre-provisioned PV (block volmode)] volumeMode should fail to create pod by failing to mount volume [Slow]" classname="Kubernetes e2e suite" status="skipped" time="0">
              <skipped message="skipped"></skipped>
          </testcase>
          <testcase name="[It] [sig-storage] In-tree Volumes [Driver: hostPath] [Testpattern: Dynamic PV (ntfs)] [Feature:Windows] multiVolume [Slow] should concurrently access the single volume from pods on the same node" classname="Kubernetes e2e suite" status="skipped" time="0">
              <skipped message="skipped"></skipped>
          </testcase>
          <testcase name="[It] [sig-storage] In-tree Volumes [Driver: azure-file] [Testpattern: Dynamic PV (ntfs)] [Feature:Windows] multiVolume [Slow] should access to two volumes with different volume mode and retain data across pod recreation on different node" classname="Kubernetes e2e suite" status="skipped" time="0">
              <skipped message="skipped"></skipped>
          </testcase>
          <testcase name="[It] [sig-api-machinery] Garbage collector should orphan pods created by rc if deleteOptions.OrphanDependents is nil" classname="Kubernetes e2e suite" status="skipped" time="0">
              <skipped message="skipped"></skipped>
          </testcase>
          <testcase name="[It] [sig-storage] In-tree Volumes [Driver: azure-disk] [Testpattern: Dynamic PV (xfs)] [Slow] multiVolume [Slow] should concurrently access the single read-only volume from pods on the same node" classname="Kubernetes e2e suite" status="skipped" time="0">
              <skipped message="skipped"></skipped>
          </testcase>
          <testcase name="[It] [sig-storage] In-tree Volumes [Driver: emptydir] [Testpattern: Dynamic PV (delayed binding)] topology should provision a volume and schedule a pod with AllowedTopologies" classname="Kubernetes e2e suite" status="skipped" time="0">
              <skipped message="skipped"></skipped>
          </testcase>
          <testcase name="[It] [sig-storage] In-tree Volumes [Driver: emptydir] [Testpattern: Pre-provisioned PV (filesystem volmode)] multiVolume [Slow] should concurrently access the volume and restored snapshot from pods on the same node [LinuxOnly] [Feature:VolumeSnapshotDataSource] [Feature:VolumeSourceXFS]" classname="Kubernetes e2e suite" status="skipped" time="0">
              <skipped message="skipped"></skipped>
          </testcase>
          <testcase name="[It] [sig-storage] In-tree Volumes [Driver: local] [LocalVolumeType: dir] [Testpattern: Dynamic PV (block volmode)] multiVolume [Slow] should access to two volumes with different volume mode and retain data across pod recreation on different node" classname="Kubernetes e2e suite" status="skipped" time="0">
              <skipped message="skipped"></skipped>
          </testcase>
          <testcase name="[It] [sig-node] Security Context should support container.SecurityContext.RunAsUser [LinuxOnly]" classname="Kubernetes e2e suite" status="skipped" time="0">
              <skipped message="skipped"></skipped>
          </testcase>
          <testcase name="[It] [sig-node] Container Runtime blackbox test when running a container with a new image should not be able to pull from private registry without secret [NodeConformance]" classname="Kubernetes e2e suite" status="skipped" time="0">
              <skipped message="skipped"></skipped>
          </testcase>
          <testcase name="[It] [sig-storage] In-tree Volumes [Driver: cinder] [Testpattern: Dynamic PV (filesystem volmode)] multiVolume [Slow] should access to two volumes with different volume mode and retain data across pod recreation on the same node" classname="Kubernetes e2e suite" status="skipped" time="0">
              <skipped message="skipped"></skipped>
          </testcase>
          <testcase name="[It] [sig-storage] In-tree Volumes [Driver: local] [LocalVolumeType: dir-link-bindmounted] [Testpattern: Dynamic PV (ntfs)] [Feature:Windows] subPath should fail if subpath directory is outside the volume [Slow] [LinuxOnly]" classname="Kubernetes e2e suite" status="skipped" time="0">
              <skipped message="skipped"></skipped>
          </testcase>
          <testcase name="[It] [sig-storage] In-tree Volumes [Driver: azure-file] [Testpattern: Inline-volume (ntfs)] [Feature:Windows] volumes should allow exec of files on the volume" classname="Kubernetes e2e suite" status="skipped" time="0">
              <skipped message="skipped"></skipped>
          </testcase>
          <testcase name="[It] [sig-storage] In-tree Volumes [Driver: vsphere] [Testpattern: Dynamic PV (block volmode)] disruptive [Disruptive] [LinuxOnly] Should test that pv used in a pod that is force deleted while the kubelet is down cleans up when the kubelet returns." classname="Kubernetes e2e suite" status="skipped" time="0">
              <skipped message="skipped"></skipped>
          </testcase>
          <testcase name="[It] [sig-storage] In-tree Volumes [Driver: emptydir] [Testpattern: Dynamic PV (block volmode)] multiVolume [Slow] should access to two volumes with different volume mode and retain data across pod recreation on different node" classname="Kubernetes e2e suite" status="skipped" time="0">
              <skipped message="skipped"></skipped>
          </testcase>
          <testcase name="[It] [sig-apps] StatefulSet Non-retain StatefulSetPersistentVolumeClaimPolicy should not delete PVC with OnScaledown policy if another controller owns the PVC" classname="Kubernetes e2e suite" status="skipped" time="0">
              <skipped message="skipped"></skipped>
          </testcase>
          <testcase name="[It] [sig-storage] CSI Volumes [Driver: csi-hostpath] [Testpattern: Inline-volume (default fs)] subPath should support creating multiple subpath from same volumes [Slow]" classname="Kubernetes e2e suite" status="skipped" time="0">
              <skipped message="skipped"></skipped>
          </testcase>
          <testcase name="[It] [sig-storage] CSI Mock volume attach CSI attach test using mock driver should require VolumeAttach for drivers with attachment" classname="Kubernetes e2e suite" status="skipped" time="0">
              <skipped message="skipped"></skipped>
          </testcase>
          <testcase name="[It] [sig-network] Netpol API should support creating NetworkPolicy API with endport field" classname="Kubernetes e2e suite" status="skipped" time="0">
              <skipped message="skipped"></skipped>
          </testcase>
          <testcase name="[It] [sig-storage] CSI Volumes [Driver: pd.csi.storage.gke.io] [Serial] [Testpattern: Pre-provisioned PV (default fs)] subPath should verify container cannot write to subpath readonly volumes [Slow]" classname="Kubernetes e2e suite" status="skipped" time="0">
              <skipped message="skipped"></skipped>
          </testcase>
          <testcase name="[It] [sig-storage] In-tree Volumes [Driver: cinder] [Testpattern: Inline-volume (ext4)] volumes should store data" classname="Kubernetes e2e suite" status="skipped" time="0">
              <skipped message="skipped"></skipped>
          </testcase>
          <testcase name="[It] [sig-storage] In-tree Volumes [Driver: local] [LocalVolumeType: blockfs] [Testpattern: Pre-provisioned PV (default fs)] volumes should store data" classname="Kubernetes e2e suite" status="skipped" time="0">
              <skipped message="skipped"></skipped>
          </testcase>
          <testcase name="[It] [sig-api-machinery] ResourceQuota should verify ResourceQuota with cross namespace pod affinity scope using scope-selectors." classname="Kubernetes e2e suite" status="skipped" time="0">
              <skipped message="skipped"></skipped>
          </testcase>
          <testcase name="[It] [sig-storage] In-tree Volumes [Driver: azure-file] [Testpattern: Dynamic PV (default fs)] volumeIO should write files of various sizes, verify size, validate content [Slow]" classname="Kubernetes e2e suite" status="skipped" time="0">
              <skipped message="skipped"></skipped>
          </testcase>
          <testcase name="[It] [sig-storage] In-tree Volumes [Driver: local] [LocalVolumeType: dir-bindmounted] [Testpattern: Pre-provisioned PV (default fs)] subPath should support existing directory" classname="Kubernetes e2e suite" status="skipped" time="0">
              <skipped message="skipped"></skipped>
          </testcase>
          <testcase name="[It] [sig-scheduling] SchedulerPredicates [Serial] validates that required NodeAffinity setting is respected if matching" classname="Kubernetes e2e suite" status="skipped" time="0">
              <skipped message="skipped"></skipped>
          </testcase>
          <testcase name="[It] [sig-storage] In-tree Volumes [Driver: local] [LocalVolumeType: dir-link-bindmounted] [Testpattern: Inline-volume (default fs)] subPath should support restarting containers using file as subpath [Slow] [LinuxOnly]" classname="Kubernetes e2e suite" status="skipped" time="0">
              <skipped message="skipped"></skipped>
          </testcase>
          <testcase name="[It] [sig-storage] In-tree Volumes [Driver: local] [LocalVolumeType: dir-link] [Testpattern: Dynamic PV (ntfs)] [Feature:Windows] volumes should store data" classname="Kubernetes e2e suite" status="skipped" time="0">
              <skipped message="skipped"></skipped>
          </testcase>
          <testcase name="[It] [sig-storage] In-tree Volumes [Driver: emptydir] [Testpattern: Dynamic PV (default fs)] provisioning should provision storage with any volume data source [Serial]" classname="Kubernetes e2e suite" status="skipped" time="0">
              <skipped message="skipped"></skipped>
          </testcase>
          <testcase name="[It] [sig-storage] In-tree Volumes [Driver: local] [LocalVolumeType: gce-localssd-scsi-fs] [Serial] [Testpattern: Dynamic PV (default fs)] fsgroupchangepolicy (Always)[LinuxOnly], pod created with an initial fsgroup, volume contents ownership changed via chgrp in first pod, new pod with different fsgroup applied to the volume contents" classname="Kubernetes e2e suite" status="skipped" time="0">
              <skipped message="skipped"></skipped>
          </testcase>
          <testcase name="[It] [sig-storage] In-tree Volumes [Driver: azure-file] [Testpattern: Dynamic PV (default fs)] subPath should support file as subpath [LinuxOnly]" classname="Kubernetes e2e suite" status="skipped" time="0">
              <skipped message="skipped"></skipped>
          </testcase>
          <testcase name="[It] [sig-storage] In-tree Volumes [Driver: local] [LocalVolumeType: dir-bindmounted] [Testpattern: Dynamic PV (block volmode)] multiVolume [Slow] should access to two volumes with different volume mode and retain data across pod recreation on different node" classname="Kubernetes e2e suite" status="skipped" time="0">
              <skipped message="skipped"></skipped>
          </testcase>
          <testcase name="[It] [sig-api-machinery] AdmissionWebhook [Privileged:ClusterAdmin] should be able to create and update validating webhook configurations with match conditions [Conformance]" classname="Kubernetes e2e suite" status="passed" time="3.381153404"></testcase>
          <testcase name="[It] [sig-autoscaling] [Feature:HPA] Horizontal pod autoscaling (scale resource: Memory) [Serial] [Slow] Deployment (Container Resource) Should scale from 1 pod to 3 pods and then from 3 pods to 5 pods using Average Value for aggregation" classname="Kubernetes e2e suite" status="skipped" time="0">
              <skipped message="skipped"></skipped>
          </testcase>
          <testcase name="[It] [sig-storage] In-tree Volumes [Driver: hostPath] [Testpattern: Pre-provisioned PV (default fs)] subPath should fail if subpath directory is outside the volume [Slow] [LinuxOnly]" classname="Kubernetes e2e suite" status="skipped" time="0">
              <skipped message="skipped"></skipped>
          </testcase>
          <testcase name="[It] [sig-storage] In-tree Volumes [Driver: local] [LocalVolumeType: dir-link-bindmounted] [Testpattern: Pre-provisioned PV (filesystem volmode)] multiVolume [Slow] should concurrently access the single read-only volume from pods on the same node" classname="Kubernetes e2e suite" status="skipped" time="0">
              <skipped message="skipped"></skipped>
          </testcase>
          <testcase name="[It] [sig-storage] In-tree Volumes [Driver: iscsi] [Feature:Volumes] [Testpattern: Dynamic PV (default fs)] volumes should allow exec of files on the volume" classname="Kubernetes e2e suite" status="skipped" time="0">
              <skipped message="skipped"></skipped>
          </testcase>
          <testcase name="[It] [sig-storage] In-tree Volumes [Driver: local] [LocalVolumeType: dir] [Testpattern: Dynamic PV (ntfs)] [Feature:Windows] volume-expand should not allow expansion of pvcs without AllowVolumeExpansion property" classname="Kubernetes e2e suite" status="skipped" time="0">
              <skipped message="skipped"></skipped>
          </testcase>
          <testcase name="[It] [sig-storage] In-tree Volumes [Driver: local] [LocalVolumeType: dir-link-bindmounted] [Testpattern: Pre-provisioned PV (filesystem volmode)] disruptive [Disruptive] [LinuxOnly] Should test that pv used in a pod that is deleted while the kubelet is down is usable by a new pod when kubelet returns [Feature:SELinux]" classname="Kubernetes e2e suite" status="skipped" time="0">
              <skipped message="skipped"></skipped>
          </testcase>
          <testcase name="[It] [sig-storage] In-tree Volumes [Driver: vsphere] [Testpattern: Pre-provisioned PV (default fs)] subPath should be able to unmount after the subpath directory is deleted [LinuxOnly]" classname="Kubernetes e2e suite" status="skipped" time="0">
              <skipped message="skipped"></skipped>
          </testcase>
          <testcase name="[It] [sig-storage] In-tree Volumes [Driver: local] [LocalVolumeType: dir-bindmounted] [Testpattern: Inline-volume (default fs)] subPath should fail if non-existent subpath is outside the volume [Slow] [LinuxOnly]" classname="Kubernetes e2e suite" status="skipped" time="0">
              <skipped message="skipped"></skipped>
          </testcase>
          <testcase name="[It] [sig-storage] In-tree Volumes [Driver: local] [LocalVolumeType: dir-link] [Testpattern: Dynamic PV (ntfs)] [Feature:Windows] provisioning should provision storage with mount options" classname="Kubernetes e2e suite" status="skipped" time="0">
              <skipped message="skipped"></skipped>
          </testcase>
          <testcase name="[It] [sig-storage] In-tree Volumes [Driver: local] [LocalVolumeType: gce-localssd-scsi-fs] [Serial] [Testpattern: Inline-volume (default fs)] subPath should unmount if pod is force deleted while kubelet is down [Disruptive] [Slow] [LinuxOnly]" classname="Kubernetes e2e suite" status="skipped" time="0">
              <skipped message="skipped"></skipped>
          </testcase>
          <testcase name="[It] [sig-storage] In-tree Volumes [Driver: local] [LocalVolumeType: blockfs] [Testpattern: Dynamic PV (default fs)] subPath should fail if non-existent subpath is outside the volume [Slow] [LinuxOnly]" classname="Kubernetes e2e suite" status="skipped" time="0">
              <skipped message="skipped"></skipped>
          </testcase>
          <testcase name="[It] [sig-storage] EmptyDir wrapper volumes should not cause race condition when used for configmaps [Serial] [Conformance]" classname="Kubernetes e2e suite" status="passed" time="15.716915342"></testcase>
          <testcase name="[It] [sig-storage] In-tree Volumes [Driver: hostPath] [Testpattern: Pre-provisioned PV (block volmode)] multiVolume [Slow] should concurrently access the volume and its clone from pods on the same node [LinuxOnly] [Feature:VolumeSourceXFS]" classname="Kubernetes e2e suite" status="skipped" time="0">
              <skipped message="skipped"></skipped>
          </testcase>
          <testcase name="[It] [sig-storage] In-tree Volumes [Driver: local] [LocalVolumeType: dir-link-bindmounted] [Testpattern: Pre-provisioned PV (ntfs)] [Feature:Windows] volumes should allow exec of files on the volume" classname="Kubernetes e2e suite" status="skipped" time="0">
              <skipped message="skipped"></skipped>
          </testcase>
          <testcase name="[It] [sig-storage] In-tree Volumes [Driver: local] [LocalVolumeType: block] [Testpattern: Dynamic PV (immediate binding)] topology should fail to schedule a pod which has topologies that conflict with AllowedTopologies" classname="Kubernetes e2e suite" status="skipped" time="0">
              <skipped message="skipped"></skipped>
          </testcase>
          <testcase name="[It] [sig-storage] In-tree Volumes [Driver: iscsi] [Feature:Volumes] [Testpattern: Dynamic PV (filesystem volmode)] multiVolume [Slow] should concurrently access the single volume from pods on the same node" classname="Kubernetes e2e suite" status="skipped" time="0">
              <skipped message="skipped"></skipped>
          </testcase>
          <testcase name="[It] [sig-storage] In-tree Volumes [Driver: emptydir] [Testpattern: Dynamic PV (filesystem volmode)] multiVolume [Slow] should access to two volumes with the same volume mode and retain data across pod recreation on the same node" classname="Kubernetes e2e suite" status="skipped" time="0">
              <skipped message="skipped"></skipped>
          </testcase>
          <testcase name="[It] [sig-storage] CSI Volumes [Driver: csi-hostpath] [Testpattern: Dynamic PV (ntfs)] [Feature:Windows] subPath should support file as subpath [LinuxOnly]" classname="Kubernetes e2e suite" status="skipped" time="0">
              <skipped message="skipped"></skipped>
          </testcase>
          <testcase name="[It] [sig-storage] In-tree Volumes [Driver: cinder] [Testpattern: Dynamic PV (block volmode)(allowExpansion)] volume-expand Verify if offline PVC expansion works" classname="Kubernetes e2e suite" status="skipped" time="0">
              <skipped message="skipped"></skipped>
          </testcase>
          <testcase name="[It] [sig-storage] In-tree Volumes [Driver: iscsi] [Feature:Volumes] [Testpattern: Dynamic PV (delayed binding)] topology should fail to schedule a pod which has topologies that conflict with AllowedTopologies" classname="Kubernetes e2e suite" status="skipped" time="0">
              <skipped message="skipped"></skipped>
          </testcase>
          <testcase name="[It] [sig-storage] CSI Volumes [Driver: pd.csi.storage.gke.io] [Serial] [Testpattern: Dynamic PV (block volmode)] volume-expand should not allow expansion of pvcs without AllowVolumeExpansion property" classname="Kubernetes e2e suite" status="skipped" time="0">
              <skipped message="skipped"></skipped>
          </testcase>
          <testcase name="[It] [sig-api-machinery] ResourceQuota should manage the lifecycle of a ResourceQuota [Conformance]" classname="Kubernetes e2e suite" status="passed" time="0.106045149"></testcase>
          <testcase name="[It] [sig-storage] In-tree Volumes [Driver: cinder] [Testpattern: Dynamic PV (delayed binding)] topology should provision a volume and schedule a pod with AllowedTopologies" classname="Kubernetes e2e suite" status="skipped" time="0">
              <skipped message="skipped"></skipped>
          </testcase>
          <testcase name="[It] [sig-storage] In-tree Volumes [Driver: iscsi] [Feature:Volumes] [Testpattern: Inline-volume (ext3)] volumes should allow exec of files on the volume" classname="Kubernetes e2e suite" status="skipped" time="0">
              <skipped message="skipped"></skipped>
          </testcase>
          <testcase name="[It] [sig-storage] In-tree Volumes [Driver: iscsi] [Feature:Volumes] [Testpattern: Pre-provisioned PV (default fs)] subPath should support restarting containers using file as subpath [Slow] [LinuxOnly]" classname="Kubernetes e2e suite" status="skipped" time="0">
              <skipped message="skipped"></skipped>
          </testcase>
          <testcase name="[It] [sig-storage] In-tree Volumes [Driver: azure-file] [Testpattern: Dynamic PV (ntfs)] [Feature:Windows] subPath should support readOnly file specified in the volumeMount [LinuxOnly]" classname="Kubernetes e2e suite" status="skipped" time="0">
              <skipped message="skipped"></skipped>
          </testcase>
          <testcase name="[It] [sig-storage] In-tree Volumes [Driver: local] [LocalVolumeType: dir] [Testpattern: Dynamic PV (ntfs)] [Feature:Windows] subPath should support restarting containers using file as subpath [Slow] [LinuxOnly]" classname="Kubernetes e2e suite" status="skipped" time="0">
              <skipped message="skipped"></skipped>
          </testcase>
          <testcase name="[It] [sig-storage] In-tree Volumes [Driver: azure-file] [Testpattern: Dynamic PV (block volmode)] provisioning should provision storage with pvc data source" classname="Kubernetes e2e suite" status="skipped" time="0">
              <skipped message="skipped"></skipped>
          </testcase>
          <testcase name="[It] [sig-storage] In-tree Volumes [Driver: cinder] [Testpattern: Dynamic PV (ntfs)] [Feature:Windows] volumeIO should write files of various sizes, verify size, validate content [Slow]" classname="Kubernetes e2e suite" status="skipped" time="0">
              <skipped message="skipped"></skipped>
          </testcase>
          <testcase name="[It] [sig-storage] PersistentVolumes-local [Volume type: dir] Two pods mounting a local volume one after the other should be able to write from pod1 and read from pod2" classname="Kubernetes e2e suite" status="skipped" time="0">
              <skipped message="skipped"></skipped>
          </testcase>
          <testcase name="[It] [sig-storage] In-tree Volumes [Driver: emptydir] [Testpattern: Dynamic PV (block volmode)] multiVolume [Slow] should concurrently access the volume and its clone from pods on the same node [LinuxOnly] [Feature:VolumeSourceXFS]" classname="Kubernetes e2e suite" status="skipped" time="0">
              <skipped message="skipped"></skipped>
          </testcase>
          <testcase name="[It] [sig-storage] CSI Volumes [Driver: csi-hostpath] [Testpattern: Dynamic PV (ntfs)] [Feature:Windows] subPath should support non-existent path" classname="Kubernetes e2e suite" status="skipped" time="0">
              <skipped message="skipped"></skipped>
          </testcase>
          <testcase name="[It] [sig-storage] CSI Volumes [Driver: pd.csi.storage.gke.io] [Serial] [Testpattern: Inline-volume (ext3)] volumes should allow exec of files on the volume" classname="Kubernetes e2e suite" status="skipped" time="0">
              <skipped message="skipped"></skipped>
          </testcase>
          <testcase name="[It] [sig-network] DNS should support configurable pod DNS nameservers [Conformance]" classname="Kubernetes e2e suite" status="passed" time="2.168152021"></testcase>
          <testcase name="[It] [sig-storage] In-tree Volumes [Driver: local] [LocalVolumeType: tmpfs] [Testpattern: Dynamic PV (default fs)] provisioning should provision storage with pvc data source (ROX mode)" classname="Kubernetes e2e suite" status="skipped" time="0">
              <skipped message="skipped"></skipped>
          </testcase>
          <testcase name="[It] [sig-storage] In-tree Volumes [Driver: emptydir] [Testpattern: Dynamic PV (default fs)] subPath should support restarting containers using file as subpath [Slow] [LinuxOnly]" classname="Kubernetes e2e suite" status="skipped" time="0">
              <skipped message="skipped"></skipped>
          </testcase>
          <testcase name="[It] [sig-api-machinery] OpenAPIV3 should publish OpenAPI V3 for CustomResourceDefinition" classname="Kubernetes e2e suite" status="skipped" time="0">
              <skipped message="skipped"></skipped>
          </testcase>
          <testcase name="[It] [sig-storage] In-tree Volumes [Driver: hostPathSymlink] [Testpattern: Dynamic PV (ext4)] multiVolume [Slow] should access to two volumes with the same volume mode and retain data across pod recreation on different node" classname="Kubernetes e2e suite" status="skipped" time="0">
              <skipped message="skipped"></skipped>
          </testcase>
          <testcase name="[It] [sig-storage] In-tree Volumes [Driver: local] [LocalVolumeType: gce-localssd-scsi-fs] [Serial] [Testpattern: Dynamic PV (block volmode)] multiVolume [Slow] should access to two volumes with different volume mode and retain data across pod recreation on different node" classname="Kubernetes e2e suite" status="skipped" time="0">
              <skipped message="skipped"></skipped>
          </testcase>
          <testcase name="[It] [sig-autoscaling] Cluster size autoscaling [Slow] should scale up when unprocessed pod is created and is going to be unschedulable [Feature:ClusterScaleUpBypassScheduler]" classname="Kubernetes e2e suite" status="skipped" time="0">
              <skipped message="skipped"></skipped>
          </testcase>
          <testcase name="[It] [sig-storage] In-tree Volumes [Driver: azure-file] [Testpattern: Inline-volume (default fs)] subPath should support existing single file [LinuxOnly]" classname="Kubernetes e2e suite" status="skipped" time="0">
              <skipped message="skipped"></skipped>
          </testcase>
          <testcase name="[It] [sig-api-machinery] ResourceQuota [FeatureGate:VolumeAttributesClass] [Beta] [Feature:OffByDefault] should verify ResourceQuota&#39;s volume attributes class scope (quota set to pvc count: 1) against 2 pvcs with same volume attributes class." classname="Kubernetes e2e suite" status="skipped" time="0">
              <skipped message="skipped"></skipped>
          </testcase>
          <testcase name="[It] [sig-storage] In-tree Volumes [Driver: cinder] [Testpattern: Pre-provisioned PV (block volmode)] multiVolume [Slow] should access to two volumes with the same volume mode and retain data across pod recreation on the same node" classname="Kubernetes e2e suite" status="skipped" time="0">
              <skipped message="skipped"></skipped>
          </testcase>
          <testcase name="[It] [sig-storage] In-tree Volumes [Driver: emptydir] [Testpattern: Dynamic PV (ext4)] multiVolume [Slow] should concurrently access the volume and its clone from pods on the same node [LinuxOnly] [Feature:VolumeSourceXFS]" classname="Kubernetes e2e suite" status="skipped" time="0">
              <skipped message="skipped"></skipped>
          </testcase>
          <testcase name="[It] [sig-storage] CSI Volumes [Driver: pd.csi.storage.gke.io] [Serial] [Testpattern: Dynamic PV (ext4)] multiVolume [Slow] should concurrently access the volume and its clone from pods on the same node [LinuxOnly] [Feature:VolumeSourceXFS]" classname="Kubernetes e2e suite" status="skipped" time="0">
              <skipped message="skipped"></skipped>
          </testcase>
          <testcase name="[It] [sig-storage] In-tree Volumes [Driver: azure-file] [Testpattern: Dynamic PV (filesystem volmode)] multiVolume [Slow] should access to two volumes with different volume mode and retain data across pod recreation on the same node" classname="Kubernetes e2e suite" status="skipped" time="0">
              <skipped message="skipped"></skipped>
          </testcase>
          <testcase name="[It] [sig-storage] CSI Volumes [Driver: csi-hostpath] [Testpattern: Dynamic PV (block volmode)] multiVolume [Slow] should concurrently access the single read-only volume from pods on the same node" classname="Kubernetes e2e suite" status="skipped" time="0">
              <skipped message="skipped"></skipped>
          </testcase>
          <testcase name="[It] [sig-node] Pod Level Resources [Serial] [Feature:PodLevelResources] Guaranteed QoS pod, no container resources" classname="Kubernetes e2e suite" status="skipped" time="0">
              <skipped message="skipped"></skipped>
          </testcase>
          <testcase name="[It] [sig-node] NoExecuteTaintManager Single Pod [Serial] pods evicted from tainted nodes have pod disruption condition" classname="Kubernetes e2e suite" status="skipped" time="0">
              <skipped message="skipped"></skipped>
          </testcase>
          <testcase name="[It] [sig-storage] In-tree Volumes [Driver: local] [LocalVolumeType: dir-bindmounted] [Testpattern: Dynamic PV (ntfs)] [Feature:Windows] multiVolume [Slow] should access to two volumes with different volume mode and retain data across pod recreation on different node" classname="Kubernetes e2e suite" status="skipped" time="0">
              <skipped message="skipped"></skipped>
          </testcase>
          <testcase name="[It] [sig-network] Services should be able to up and down services" classname="Kubernetes e2e suite" status="skipped" time="0">
              <skipped message="skipped"></skipped>
          </testcase>
          <testcase name="[It] [sig-node] Ephemeral Containers [NodeConformance] should update the ephemeral containers in an existing pod [Conformance]" classname="Kubernetes e2e suite" status="passed" time="6.164270721"></testcase>
          <testcase name="[It] [sig-storage] In-tree Volumes [Driver: local] [LocalVolumeType: block] [Testpattern: Dynamic PV (filesystem volmode)] multiVolume [Slow] should access to two volumes with the same volume mode and retain data across pod recreation on different node" classname="Kubernetes e2e suite" status="skipped" time="0">
              <skipped message="skipped"></skipped>
          </testcase>
          <testcase name="[It] [sig-storage] In-tree Volumes [Driver: local] [LocalVolumeType: blockfs] [Testpattern: Dynamic PV (default fs)] volume-expand should not allow expansion of pvcs without AllowVolumeExpansion property" classname="Kubernetes e2e suite" status="skipped" time="0">
              <skipped message="skipped"></skipped>
          </testcase>
          <testcase name="[It] [sig-storage] CSI Volumes [Driver: csi-hostpath] [Testpattern: Dynamic PV (default fs)] provisioning should provision storage with pvc data source (ROX mode)" classname="Kubernetes e2e suite" status="skipped" time="0">
              <skipped message="skipped"></skipped>
          </testcase>
          <testcase name="[It] [sig-storage] CSI Volumes [Driver: csi-hostpath] [Testpattern: Ephemeral Snapshot (retain policy)] snapshottable [Feature:VolumeSnapshotDataSource] volume snapshot controller  should check snapshot fields, check restore correctly works after modifying source data, check deletion (persistent)" classname="Kubernetes e2e suite" status="skipped" time="0">
              <skipped message="skipped"></skipped>
          </testcase>
          <testcase name="[It] [sig-storage] In-tree Volumes [Driver: vsphere] [Testpattern: Inline-volume (default fs)] subPath should support file as subpath [LinuxOnly]" classname="Kubernetes e2e suite" status="skipped" time="0">
              <skipped message="skipped"></skipped>
          </testcase>
          <testcase name="[It] [sig-storage] In-tree Volumes [Driver: local] [LocalVolumeType: dir-link-bindmounted] [Testpattern: Inline-volume (default fs)] subPath should support file as subpath [LinuxOnly]" classname="Kubernetes e2e suite" status="skipped" time="0">
              <skipped message="skipped"></skipped>
          </testcase>
          <testcase name="[It] [sig-storage] In-tree Volumes [Driver: vsphere] [Testpattern: Inline-volume (default fs)] subPath should unmount if pod is force deleted while kubelet is down [Disruptive] [Slow] [LinuxOnly]" classname="Kubernetes e2e suite" status="skipped" time="0">
              <skipped message="skipped"></skipped>
          </testcase>
          <testcase name="[It] [sig-storage] In-tree Volumes [Driver: local] [LocalVolumeType: dir] [Testpattern: Dynamic PV (ntfs)] [Feature:Windows] subPath should fail if subpath with backstepping is outside the volume [Slow] [LinuxOnly]" classname="Kubernetes e2e suite" status="skipped" time="0">
              <skipped message="skipped"></skipped>
          </testcase>
          <testcase name="[It] [sig-storage] In-tree Volumes [Driver: local] [LocalVolumeType: dir-link-bindmounted] [Testpattern: Generic Ephemeral-volume (default fs) (late-binding)] ephemeral should support two pods which have the same volume definition" classname="Kubernetes e2e suite" status="skipped" time="0">
              <skipped message="skipped"></skipped>
          </testcase>
          <testcase name="[It] [sig-storage] In-tree Volumes [Driver: local] [LocalVolumeType: dir-bindmounted] [Testpattern: Pre-provisioned PV (default fs)] subPath should unmount if pod is force deleted while kubelet is down [Disruptive] [Slow] [LinuxOnly]" classname="Kubernetes e2e suite" status="skipped" time="0">
              <skipped message="skipped"></skipped>
          </testcase>
          <testcase name="[It] [sig-storage] In-tree Volumes [Driver: local] [LocalVolumeType: tmpfs] [Testpattern: Pre-provisioned PV (filesystem volmode)] multiVolume [Slow] should access to two volumes with different volume mode and retain data across pod recreation on the same node" classname="Kubernetes e2e suite" status="skipped" time="0">
              <skipped message="skipped"></skipped>
          </testcase>
          <testcase name="[It] [sig-storage] In-tree Volumes [Driver: local] [LocalVolumeType: dir-link-bindmounted] [Testpattern: Dynamic PV (block volmode)] multiVolume [Slow] should access to two volumes with different volume mode and retain data across pod recreation on the same node" classname="Kubernetes e2e suite" status="skipped" time="0">
              <skipped message="skipped"></skipped>
          </testcase>
          <testcase name="[It] [sig-node] DRA [Feature:DynamicResourceAllocation] [FeatureGate:DynamicResourceAllocation] [Beta] [Feature:OffByDefault] on single node supports init containers" classname="Kubernetes e2e suite" status="skipped" time="0">
              <skipped message="skipped"></skipped>
          </testcase>
          <testcase name="[It] [sig-storage] In-tree Volumes [Driver: local] [LocalVolumeType: block] [Testpattern: Generic Ephemeral-volume (default fs) (immediate-binding)] ephemeral should support two pods which have the same volume definition" classname="Kubernetes e2e suite" status="skipped" time="0">
              <skipped message="skipped"></skipped>
          </testcase>
          <testcase name="[It] [sig-storage] In-tree Volumes [Driver: hostPath] [Testpattern: Pre-provisioned PV (default fs)] subPath should support restarting containers using file as subpath [Slow] [LinuxOnly]" classname="Kubernetes e2e suite" status="skipped" time="0">
              <skipped message="skipped"></skipped>
          </testcase>
          <testcase name="[It] [sig-storage] In-tree Volumes [Driver: local] [LocalVolumeType: dir-bindmounted] [Testpattern: Dynamic PV (filesystem volmode)] multiVolume [Slow] should concurrently access the single volume from pods on different node" classname="Kubernetes e2e suite" status="skipped" time="0">
              <skipped message="skipped"></skipped>
          </testcase>
          <testcase name="[It] [sig-storage] Projected secret Should fail non-optional pod creation due to the key in the secret object does not exist [Slow]" classname="Kubernetes e2e suite" status="skipped" time="0">
              <skipped message="skipped"></skipped>
          </testcase>
          <testcase name="[It] [sig-storage] CSI Volumes [Driver: pd.csi.storage.gke.io] [Serial] [Testpattern: Generic Ephemeral-volume (default fs) (late-binding)] ephemeral should support two pods which have the same volume definition" classname="Kubernetes e2e suite" status="skipped" time="0">
              <skipped message="skipped"></skipped>
          </testcase>
          <testcase name="[It] [sig-node] Containers should be able to override the image&#39;s default command and arguments [NodeConformance] [Conformance]" classname="Kubernetes e2e suite" status="passed" time="4.07283489"></testcase>
          <testcase name="[It] [sig-storage] In-tree Volumes [Driver: local] [LocalVolumeType: dir] [Testpattern: Inline-volume (default fs)] subPath should support restarting containers using file as subpath [Slow] [LinuxOnly]" classname="Kubernetes e2e suite" status="skipped" time="0">
              <skipped message="skipped"></skipped>
          </testcase>
          <testcase name="[It] [sig-apps] StatefulSet Basic StatefulSet functionality [StatefulSetBasic] should provide basic identity" classname="Kubernetes e2e suite" status="skipped" time="0">
              <skipped message="skipped"></skipped>
          </testcase>
          <testcase name="[It] [sig-storage] In-tree Volumes [Driver: local] [LocalVolumeType: tmpfs] [Testpattern: Pre-provisioned PV (filesystem volmode)] multiVolume [Slow] should access to two volumes with different volume mode and retain data across pod recreation on different node" classname="Kubernetes e2e suite" status="skipped" time="0">
              <skipped message="skipped"></skipped>
          </testcase>
          <testcase name="[It] [sig-storage] In-tree Volumes [Driver: local] [LocalVolumeType: gce-localssd-scsi-fs] [Serial] [Testpattern: Pre-provisioned PV (filesystem volmode)] multiVolume [Slow] should concurrently access the volume and restored snapshot from pods on the same node [LinuxOnly] [Feature:VolumeSnapshotDataSource] [Feature:VolumeSourceXFS]" classname="Kubernetes e2e suite" status="skipped" time="0">
              <skipped message="skipped"></skipped>
          </testcase>
          <testcase name="[It] [sig-storage] In-tree Volumes [Driver: azure-disk] [Testpattern: Dynamic PV (filesystem volmode)] multiVolume [Slow] should access to two volumes with the same volume mode and retain data across pod recreation on the same node" classname="Kubernetes e2e suite" status="skipped" time="0">
              <skipped message="skipped"></skipped>
          </testcase>
          <testcase name="[It] [sig-storage] In-tree Volumes [Driver: hostPath] [Testpattern:  (delete policy)] volumegroupsnapshottable [Feature:volumegroupsnapshot] VolumeGroupSnapshottable  should create snapshots for multiple volumes in a pod" classname="Kubernetes e2e suite" status="skipped" time="0">
              <skipped message="skipped"></skipped>
          </testcase>
          <testcase name="[It] [sig-storage] In-tree Volumes [Driver: local] [LocalVolumeType: blockfs] [Testpattern: Inline-volume (default fs)] subPath should fail if non-existent subpath is outside the volume [Slow] [LinuxOnly]" classname="Kubernetes e2e suite" status="skipped" time="0">
              <skipped message="skipped"></skipped>
          </testcase>
          <testcase name="[It] [sig-storage] In-tree Volumes [Driver: local] [LocalVolumeType: blockfs] [Testpattern: Pre-provisioned PV (filesystem volmode)] multiVolume [Slow] should access to two volumes with the same volume mode and retain data across pod recreation on the same node" classname="Kubernetes e2e suite" status="skipped" time="0">
              <skipped message="skipped"></skipped>
          </testcase>
          <testcase name="[It] [sig-storage] GenericPersistentVolume [Disruptive] When kubelet restarts Should test that a volume mounted to a pod that is deleted while the kubelet is down unmounts when the kubelet returns." classname="Kubernetes e2e suite" status="skipped" time="0">
              <skipped message="skipped"></skipped>
          </testcase>
          <testcase name="[It] [sig-storage] In-tree Volumes [Driver: hostPathSymlink] [Testpattern: Dynamic PV (default fs)] fsgroupchangepolicy (Always)[LinuxOnly], pod created with an initial fsgroup, volume contents ownership changed via chgrp in first pod, new pod with same fsgroup applied to the volume contents" classname="Kubernetes e2e suite" status="skipped" time="0">
              <skipped message="skipped"></skipped>
          </testcase>
          <testcase name="[It] [sig-storage] In-tree Volumes [Driver: cinder] [Testpattern: Pre-provisioned PV (filesystem volmode)] multiVolume [Slow] should access to two volumes with the same volume mode and retain data across pod recreation on the same node" classname="Kubernetes e2e suite" status="skipped" time="0">
              <skipped message="skipped"></skipped>
          </testcase>
          <testcase name="[It] [sig-storage] In-tree Volumes [Driver: hostPathSymlink] [Testpattern: Inline-volume (default fs)] subPath should support existing directory" classname="Kubernetes e2e suite" status="skipped" time="0">
              <skipped message="skipped"></skipped>
          </testcase>
          <testcase name="[It] [sig-node] specific log stream [Feature:PodLogsQuerySplitStreams] kubectl get --raw /api/v1/namespaces/default/pods/&lt;pod-name&gt;/log?stream" classname="Kubernetes e2e suite" status="skipped" time="0">
              <skipped message="skipped"></skipped>
          </testcase>
          <testcase name="[It] [sig-storage] In-tree Volumes [Driver: vsphere] [Testpattern: Dynamic PV (block volmode)] disruptive [Disruptive] [LinuxOnly] Should test that pv used in a pod that is deleted while the kubelet is down cleans up when the kubelet returns." classname="Kubernetes e2e suite" status="skipped" time="0">
              <skipped message="skipped"></skipped>
          </testcase>
          <testcase name="[It] [sig-windows] Hybrid cluster network for all supported CNIs should provide Internet connection for Linux containers [Feature:Networking-IPv4]" classname="Kubernetes e2e suite" status="skipped" time="0">
              <skipped message="skipped"></skipped>
          </testcase>
          <testcase name="[It] [sig-storage] In-tree Volumes [Driver: local] [LocalVolumeType: gce-localssd-scsi-fs] [Serial] [Testpattern: Dynamic PV (ntfs)] [Feature:Windows] subPath should fail if subpath with backstepping is outside the volume [Slow] [LinuxOnly]" classname="Kubernetes e2e suite" status="skipped" time="0">
              <skipped message="skipped"></skipped>
          </testcase>
          <testcase name="[It] [sig-storage] In-tree Volumes [Driver: hostPath] [Testpattern: Dynamic PV (ntfs)] [Feature:Windows] subPath should support restarting containers using directory as subpath [Slow]" classname="Kubernetes e2e suite" status="skipped" time="0">
              <skipped message="skipped"></skipped>
          </testcase>
          <testcase name="[It] [sig-storage] In-tree Volumes [Driver: cinder] [Testpattern: Pre-provisioned PV (default fs)] subPath should fail if non-existent subpath is outside the volume [Slow] [LinuxOnly]" classname="Kubernetes e2e suite" status="skipped" time="0">
              <skipped message="skipped"></skipped>
          </testcase>
          <testcase name="[It] [sig-storage] In-tree Volumes [Driver: local] [LocalVolumeType: gce-localssd-scsi-fs] [Serial] [Testpattern: Generic Ephemeral-volume (default fs) (immediate-binding)] ephemeral should support two pods which have the same volume definition" classname="Kubernetes e2e suite" status="skipped" time="0">
              <skipped message="skipped"></skipped>
          </testcase>
          <testcase name="[It] [sig-cli] Kubectl client kubectl wait should ignore not found error with --for=delete" classname="Kubernetes e2e suite" status="skipped" time="0">
              <skipped message="skipped"></skipped>
          </testcase>
          <testcase name="[It] [sig-storage] In-tree Volumes [Driver: local] [LocalVolumeType: dir-bindmounted] [Testpattern: Dynamic PV (ntfs)] [Feature:Windows] subPath should support existing directories when readOnly specified in the volumeSource" classname="Kubernetes e2e suite" status="skipped" time="0">
              <skipped message="skipped"></skipped>
          </testcase>
          <testcase name="[It] [sig-storage] PersistentVolumes-expansion loopback local block volume should support online expansion on node" classname="Kubernetes e2e suite" status="skipped" time="0">
              <skipped message="skipped"></skipped>
          </testcase>
          <testcase name="[It] [sig-storage] In-tree Volumes [Driver: local] [LocalVolumeType: tmpfs] [Testpattern: Inline-volume (default fs)] subPath should verify container cannot write to subpath readonly volumes [Slow]" classname="Kubernetes e2e suite" status="skipped" time="0">
              <skipped message="skipped"></skipped>
          </testcase>
          <testcase name="[It] [sig-storage] In-tree Volumes [Driver: cinder] [Testpattern: Dynamic PV (ext3)] volumes should store data" classname="Kubernetes e2e suite" status="skipped" time="0">
              <skipped message="skipped"></skipped>
          </testcase>
          <testcase name="[It] [sig-api-machinery] CustomResourceValidationRules [Privileged:ClusterAdmin] MUST fail update of a custom resource that does not satisfy a x-kubernetes-validations transition rule" classname="Kubernetes e2e suite" status="skipped" time="0">
              <skipped message="skipped"></skipped>
          </testcase>
          <testcase name="[It] [sig-node] DRA [Feature:DynamicResourceAllocation] [FeatureGate:DynamicResourceAllocation] [Beta] [Feature:OffByDefault] cluster DaemonSet with admin access [Feature:DRAAdminAccess] [FeatureGate:DRAAdminAccess] [Alpha] [Feature:OffByDefault] [FeatureGate:DynamicResourceAllocation] [Beta] [Feature:OffByDefault]" classname="Kubernetes e2e suite" status="skipped" time="0">
              <skipped message="skipped"></skipped>
          </testcase>
          <testcase name="[It] [sig-node] Pods should support remote command execution over websockets [NodeConformance] [Conformance]" classname="Kubernetes e2e suite" status="passed" time="2.097754153"></testcase>
          <testcase name="[It] [sig-storage] CSI Volumes [Driver: pd.csi.storage.gke.io] [Serial] [Testpattern: Dynamic PV (default fs)] volumeIO should write files of various sizes, verify size, validate content [Slow]" classname="Kubernetes e2e suite" status="skipped" time="0">
              <skipped message="skipped"></skipped>
          </testcase>
          <testcase name="[It] [sig-storage] In-tree Volumes [Driver: local] [LocalVolumeType: dir-link-bindmounted] [Testpattern: Generic Ephemeral-volume (block volmode) (late-binding)] ephemeral should create read-only inline ephemeral volume" classname="Kubernetes e2e suite" status="skipped" time="0">
              <skipped message="skipped"></skipped>
          </testcase>
          <testcase name="[It] [sig-storage] In-tree Volumes [Driver: local] [LocalVolumeType: blockfs] [Testpattern: Generic Ephemeral-volume (block volmode) (late-binding)] ephemeral should create read/write inline ephemeral volume" classname="Kubernetes e2e suite" status="skipped" time="0">
              <skipped message="skipped"></skipped>
          </testcase>
          <testcase name="[It] [sig-storage] In-tree Volumes [Driver: local] [LocalVolumeType: block] [Testpattern: Pre-provisioned PV (default fs)] subPath should fail if subpath with backstepping is outside the volume [Slow] [LinuxOnly]" classname="Kubernetes e2e suite" status="skipped" time="0">
              <skipped message="skipped"></skipped>
          </testcase>
          <testcase name="[It] [sig-storage] In-tree Volumes [Driver: emptydir] [Testpattern: Pre-provisioned PV (ntfs)] [Feature:Windows] volumes should store data" classname="Kubernetes e2e suite" status="skipped" time="0">
              <skipped message="skipped"></skipped>
          </testcase>
          <testcase name="[It] [sig-storage] In-tree Volumes [Driver: local] [LocalVolumeType: tmpfs] [Testpattern: Dynamic PV (default fs)] subPath should verify container cannot write to subpath readonly volumes [Slow]" classname="Kubernetes e2e suite" status="skipped" time="0">
              <skipped message="skipped"></skipped>
          </testcase>
          <testcase name="[It] [sig-storage] In-tree Volumes [Driver: local] [LocalVolumeType: dir-bindmounted] [Testpattern: Dynamic PV (ntfs)] [Feature:Windows] provisioning should provision storage with pvc data source" classname="Kubernetes e2e suite" status="skipped" time="0">
              <skipped message="skipped"></skipped>
          </testcase>
          <testcase name="[It] [sig-storage] In-tree Volumes [Driver: local] [LocalVolumeType: gce-localssd-scsi-fs] [Serial] [Testpattern: Dynamic PV (default fs)] provisioning should provision storage with pvc data source" classname="Kubernetes e2e suite" status="skipped" time="0">
              <skipped message="skipped"></skipped>
          </testcase>
          <testcase name="[It] [sig-storage] In-tree Volumes [Driver: hostPath] [Testpattern: Dynamic PV (default fs)] provisioning should provision storage with pvc data source" classname="Kubernetes e2e suite" status="skipped" time="0">
              <skipped message="skipped"></skipped>
          </testcase>
          <testcase name="[It] [sig-storage] In-tree Volumes [Driver: iscsi] [Feature:Volumes] [Testpattern: Pre-provisioned PV (block volmode)] multiVolume [Slow] should access to two volumes with the same volume mode and retain data across pod recreation on different node" classname="Kubernetes e2e suite" status="skipped" time="0">
              <skipped message="skipped"></skipped>
          </testcase>
          <testcase name="[It] [sig-apps] ReplicaSet Replace and Patch tests [Conformance]" classname="Kubernetes e2e suite" status="passed" time="6.591086056"></testcase>
          <testcase name="[It] [sig-storage] In-tree Volumes [Driver: local] [LocalVolumeType: gce-localssd-scsi-fs] [Serial] [Testpattern: Dynamic PV (immediate binding)] topology should provision a volume and schedule a pod with AllowedTopologies" classname="Kubernetes e2e suite" status="skipped" time="0">
              <skipped message="skipped"></skipped>
          </testcase>
          <testcase name="[It] [sig-storage] In-tree Volumes [Driver: nfs] [Testpattern: Dynamic PV (default fs)] subPath should support existing directories when readOnly specified in the volumeSource" classname="Kubernetes e2e suite" status="skipped" time="0">
              <skipped message="skipped"></skipped>
          </testcase>
          <testcase name="[It] [sig-apps] StatefulSet Deploy clustered applications [Feature:StatefulSet] [Slow] should creating a working zookeeper cluster" classname="Kubernetes e2e suite" status="skipped" time="0">
              <skipped message="skipped"></skipped>
          </testcase>
          <testcase name="[It] [sig-storage] In-tree Volumes [Driver: vsphere] [Testpattern: Generic Ephemeral-volume (default fs) (immediate-binding)] ephemeral should support multiple inline ephemeral volumes" classname="Kubernetes e2e suite" status="skipped" time="0">
              <skipped message="skipped"></skipped>
          </testcase>
          <testcase name="[It] [sig-storage] In-tree Volumes [Driver: hostPath] [Testpattern: Dynamic PV (ext4)] multiVolume [Slow] should access to two volumes with the same volume mode and retain data across pod recreation on different node" classname="Kubernetes e2e suite" status="skipped" time="0">
              <skipped message="skipped"></skipped>
          </testcase>
          <testcase name="[It] [sig-storage] In-tree Volumes [Driver: nfs] [Testpattern: Dynamic PV (block volmode)] disruptive [Disruptive] [LinuxOnly] Should test that pv used in a pod that is deleted while the kubelet is down cleans up when the kubelet returns." classname="Kubernetes e2e suite" status="skipped" time="0">
              <skipped message="skipped"></skipped>
          </testcase>
          <testcase name="[It] [sig-storage] In-tree Volumes [Driver: local] [LocalVolumeType: dir] [Testpattern: Dynamic PV (ntfs)] [Feature:Windows] multiVolume [Slow] should concurrently access the volume and restored snapshot from pods on the same node [LinuxOnly] [Feature:VolumeSnapshotDataSource] [Feature:VolumeSourceXFS]" classname="Kubernetes e2e suite" status="skipped" time="0">
              <skipped message="skipped"></skipped>
          </testcase>
          <testcase name="[It] [sig-storage] In-tree Volumes [Driver: local] [LocalVolumeType: tmpfs] [Testpattern: Pre-provisioned PV (default fs)] subPath should support existing directory" classname="Kubernetes e2e suite" status="skipped" time="0">
              <skipped message="skipped"></skipped>
          </testcase>
          <testcase name="[It] [sig-storage] In-tree Volumes [Driver: local] [LocalVolumeType: dir] [Testpattern: Inline-volume (default fs)] subPath should fail if subpath file is outside the volume [Slow] [LinuxOnly]" classname="Kubernetes e2e suite" status="skipped" time="0">
              <skipped message="skipped"></skipped>
          </testcase>
          <testcase name="[It] [sig-storage] In-tree Volumes [Driver: emptydir] [Testpattern: Inline-volume (default fs)] subPath should support creating multiple subpath from same volumes [Slow]" classname="Kubernetes e2e suite" status="skipped" time="0">
              <skipped message="skipped"></skipped>
          </testcase>
          <testcase name="[It] [sig-network] [Feature:IPv6DualStack] Granular Checks: Services Secondary IP Family [LinuxOnly] should function for node-Service: udp" classname="Kubernetes e2e suite" status="skipped" time="0">
              <skipped message="skipped"></skipped>
          </testcase>
          <testcase name="[It] [sig-apps] Job should adopt matching orphans and release non-matching pods [Conformance]" classname="Kubernetes e2e suite" status="passed" time="7.082649992"></testcase>
          <testcase name="[It] [sig-storage] In-tree Volumes [Driver: local] [LocalVolumeType: dir-bindmounted] [Testpattern: Dynamic PV (ntfs)] [Feature:Windows] subPath should support readOnly file specified in the volumeMount [LinuxOnly]" classname="Kubernetes e2e suite" status="skipped" time="0">
              <skipped message="skipped"></skipped>
          </testcase>
          <testcase name="[It] [sig-storage] In-tree Volumes [Driver: emptydir] [Testpattern: Dynamic PV (filesystem volmode)] disruptive [Disruptive] [LinuxOnly] Should test that pv used in a pod that is deleted while the kubelet is down is usable by a new pod with a different SELinux context when kubelet returns [Feature:SELinux]" classname="Kubernetes e2e suite" status="skipped" time="0">
              <skipped message="skipped"></skipped>
          </testcase>
          <testcase name="[It] [sig-storage] In-tree Volumes [Driver: local] [LocalVolumeType: dir] [Testpattern: Dynamic PV (ext4)] multiVolume [Slow] should access to two volumes with different volume mode and retain data across pod recreation on different node" classname="Kubernetes e2e suite" status="skipped" time="0">
              <skipped message="skipped"></skipped>
          </testcase>
          <testcase name="[It] [sig-node] Probing container should not be ready with an exec readiness probe timeout [MinimumKubeletVersion:1.20] [NodeConformance]" classname="Kubernetes e2e suite" status="skipped" time="0">
              <skipped message="skipped"></skipped>
          </testcase>
          <testcase name="[It] [sig-api-machinery] Servers with support for API chunking should support continue listing from the last key if the original version has been compacted away, though the list is inconsistent [Slow] [Conformance]" classname="Kubernetes e2e suite" status="passed" time="377.809849528"></testcase>
          <testcase name="[It] [sig-storage] In-tree Volumes [Driver: local] [LocalVolumeType: gce-localssd-scsi-fs] [Serial] [Testpattern: Dynamic PV (xfs)] [Slow] multiVolume [Slow] should concurrently access the single volume from pods on different node" classname="Kubernetes e2e suite" status="skipped" time="0">
              <skipped message="skipped"></skipped>
          </testcase>
          <testcase name="[It] [sig-storage] In-tree Volumes [Driver: local] [LocalVolumeType: dir-link] [Testpattern: Inline-volume (default fs)] subPath should fail if subpath with backstepping is outside the volume [Slow] [LinuxOnly]" classname="Kubernetes e2e suite" status="skipped" time="0">
              <skipped message="skipped"></skipped>
          </testcase>
          <testcase name="[It] [sig-storage] In-tree Volumes [Driver: local] [LocalVolumeType: gce-localssd-scsi-fs] [Serial] [Testpattern: Dynamic PV (block volmode)] provisioning should provision storage with pvc data source in parallel [Slow]" classname="Kubernetes e2e suite" status="skipped" time="0">
              <skipped message="skipped"></skipped>
          </testcase>
          <testcase name="[It] [sig-node] Probing container should *not* be restarted with a GRPC liveness probe [NodeConformance] [Conformance]" classname="Kubernetes e2e suite" status="passed" time="242.699126335"></testcase>
          <testcase name="[It] [sig-storage] In-tree Volumes [Driver: hostPath] [Testpattern: Dynamic PV (ntfs)] [Feature:Windows] provisioning should provision storage with any volume data source [Serial]" classname="Kubernetes e2e suite" status="skipped" time="0">
              <skipped message="skipped"></skipped>
          </testcase>
          <testcase name="[It] [sig-storage] In-tree Volumes [Driver: local] [LocalVolumeType: blockfs] [Testpattern: Dynamic PV (default fs)] capacity provides storage capacity information" classname="Kubernetes e2e suite" status="skipped" time="0">
              <skipped message="skipped"></skipped>
          </testcase>
          <testcase name="[It] [sig-storage] In-tree Volumes [Driver: local] [LocalVolumeType: dir] [Testpattern: Dynamic PV (default fs)] provisioning should provision correct filesystem size when restoring snapshot to larger size pvc [Feature:VolumeSnapshotDataSource]" classname="Kubernetes e2e suite" status="skipped" time="0">
              <skipped message="skipped"></skipped>
          </testcase>
          <testcase name="[It] [sig-storage] In-tree Volumes [Driver: vsphere] [Testpattern: Dynamic PV (block volmode)] provisioning should provision storage with any volume data source [Serial]" classname="Kubernetes e2e suite" status="skipped" time="0">
              <skipped message="skipped"></skipped>
          </testcase>
          <testcase name="[It] [sig-storage] In-tree Volumes [Driver: local] [LocalVolumeType: gce-localssd-scsi-fs] [Serial] [Testpattern: Dynamic PV (ext4)] multiVolume [Slow] should concurrently access the single volume from pods on different node" classname="Kubernetes e2e suite" status="skipped" time="0">
              <skipped message="skipped"></skipped>
          </testcase>
          <testcase name="[It] [sig-storage] CSI Mock selinux on mount SELinuxMount [LinuxOnly] [Feature:SELinux] should not pass SELinux mount option for Pod without SELinux context [FeatureGate:SELinuxMountReadWriteOncePod] [Beta]" classname="Kubernetes e2e suite" status="skipped" time="0">
              <skipped message="skipped"></skipped>
          </testcase>
          <testcase name="[It] [sig-storage] CSI Volumes [Driver: pd.csi.storage.gke.io] [Serial] [Testpattern: Ephemeral Snapshot (retain policy)] snapshottable [Feature:VolumeSnapshotDataSource] volume snapshot controller  should check snapshot fields, check restore correctly works, check deletion (ephemeral)" classname="Kubernetes e2e suite" status="skipped" time="0">
              <skipped message="skipped"></skipped>
          </testcase>
          <testcase name="[It] [sig-instrumentation] Events should manage the lifecycle of an event [Conformance]" classname="Kubernetes e2e suite" status="passed" time="0.099901654"></testcase>
          <testcase name="[It] [sig-storage] In-tree Volumes [Driver: emptydir] [Testpattern: Dynamic PV (default fs)] provisioning should provision storage with pvc data source (ROX mode)" classname="Kubernetes e2e suite" status="skipped" time="0">
              <skipped message="skipped"></skipped>
          </testcase>
          <testcase name="[It] [sig-storage] In-tree Volumes [Driver: local] [LocalVolumeType: dir-link] [Testpattern: Dynamic PV (block volmode)] multiVolume [Slow] should access to two volumes with the same volume mode and retain data across pod recreation on different node" classname="Kubernetes e2e suite" status="skipped" time="0">
              <skipped message="skipped"></skipped>
          </testcase>
          <testcase name="[It] [sig-storage] In-tree Volumes [Driver: local] [LocalVolumeType: dir-link] [Testpattern: Dynamic PV (default fs)] subPath should verify container cannot write to subpath readonly volumes [Slow]" classname="Kubernetes e2e suite" status="skipped" time="0">
              <skipped message="skipped"></skipped>
          </testcase>
          <testcase name="[It] [sig-storage] EmptyDir volumes should support (non-root,0644,tmpfs) [LinuxOnly] [NodeConformance] [Conformance]" classname="Kubernetes e2e suite" status="passed" time="2.066818328"></testcase>
          <testcase name="[It] [sig-node] DRA [Feature:DynamicResourceAllocation] [FeatureGate:DynamicResourceAllocation] [Beta] [Feature:OffByDefault] runs pod after driver starts" classname="Kubernetes e2e suite" status="skipped" time="0">
              <skipped message="skipped"></skipped>
          </testcase>
          <testcase name="[It] [sig-storage] In-tree Volumes [Driver: local] [LocalVolumeType: tmpfs] [Testpattern: Dynamic PV (ntfs)] [Feature:Windows] multiVolume [Slow] should concurrently access the single volume from pods on the same node" classname="Kubernetes e2e suite" status="skipped" time="0">
              <skipped message="skipped"></skipped>
          </testcase>
          <testcase name="[It] [sig-storage] In-tree Volumes [Driver: iscsi] [Feature:Volumes] [Testpattern: Pre-provisioned PV (block volmode)] volumeMode should fail to use a volume in a pod with mismatched mode [Slow]" classname="Kubernetes e2e suite" status="skipped" time="0">
              <skipped message="skipped"></skipped>
          </testcase>
          <testcase name="[It] [sig-storage] In-tree Volumes [Driver: local] [LocalVolumeType: dir-link] [Testpattern: Pre-provisioned PV (block volmode)] multiVolume [Slow] should concurrently access the single volume from pods on different node" classname="Kubernetes e2e suite" status="skipped" time="0">
              <skipped message="skipped"></skipped>
          </testcase>
          <testcase name="[It] [sig-apps] Daemon set [Serial] should verify changes to a daemon set status [Conformance]" classname="Kubernetes e2e suite" status="passed" time="4.93533917"></testcase>
          <testcase name="[It] [sig-storage] In-tree Volumes [Driver: cinder] [Testpattern: Pre-provisioned PV (block volmode)] multiVolume [Slow] should access to two volumes with different volume mode and retain data across pod recreation on different node" classname="Kubernetes e2e suite" status="skipped" time="0">
              <skipped message="skipped"></skipped>
          </testcase>
          <testcase name="[It] [sig-storage] In-tree Volumes [Driver: local] [LocalVolumeType: blockfs] [Testpattern: Inline-volume (ext4)] volumes should allow exec of files on the volume" classname="Kubernetes e2e suite" status="skipped" time="0">
              <skipped message="skipped"></skipped>
          </testcase>
          <testcase name="[It] [sig-autoscaling] [Feature:HPA] [Serial] [Slow] Horizontal pod autoscaling (non-default behavior) with long upscale stabilization window should scale up only after the stabilization period" classname="Kubernetes e2e suite" status="skipped" time="0">
              <skipped message="skipped"></skipped>
          </testcase>
          <testcase name="[It] [sig-storage] In-tree Volumes [Driver: local] [LocalVolumeType: dir-link] [Testpattern: Dynamic PV (ntfs)] [Feature:Windows] subPath should support existing single file [LinuxOnly]" classname="Kubernetes e2e suite" status="skipped" time="0">
              <skipped message="skipped"></skipped>
          </testcase>
          <testcase name="[It] [sig-storage] CSI Volumes [Driver: csi-hostpath] [Testpattern:  (delete policy)] volumegroupsnapshottable [Feature:volumegroupsnapshot] VolumeGroupSnapshottable  should create snapshots for multiple volumes in a pod" classname="Kubernetes e2e suite" status="skipped" time="0">
              <skipped message="skipped"></skipped>
          </testcase>
          <testcase name="[It] [sig-storage] In-tree Volumes [Driver: nfs] [Testpattern: Dynamic PV (ntfs)] [Feature:Windows] subPath should unmount if pod is force deleted while kubelet is down [Disruptive] [Slow] [LinuxOnly]" classname="Kubernetes e2e suite" status="skipped" time="0">
              <skipped message="skipped"></skipped>
          </testcase>
          <testcase name="[It] [sig-storage] In-tree Volumes [Driver: local] [LocalVolumeType: dir] [Testpattern: Inline-volume (ntfs)] [Feature:Windows] volumes should store data" classname="Kubernetes e2e suite" status="skipped" time="0">
              <skipped message="skipped"></skipped>
          </testcase>
          <testcase name="[It] [sig-node] DRA [Feature:DynamicResourceAllocation] [FeatureGate:DynamicResourceAllocation] [Beta] [Feature:OffByDefault] cluster must apply per-node permission checks" classname="Kubernetes e2e suite" status="skipped" time="0">
              <skipped message="skipped"></skipped>
          </testcase>
          <testcase name="[It] [sig-network] Proxy version v1 should proxy through a service and a pod [Conformance]" classname="Kubernetes e2e suite" status="passed" time="2.161324039"></testcase>
          <testcase name="[It] [sig-storage] In-tree Volumes [Driver: emptydir] [Testpattern: Pre-provisioned PV (block volmode)] multiVolume [Slow] should concurrently access the single read-only volume from pods on the same node" classname="Kubernetes e2e suite" status="skipped" time="0">
              <skipped message="skipped"></skipped>
          </testcase>
          <testcase name="[It] [sig-storage] In-tree Volumes [Driver: local] [LocalVolumeType: dir-bindmounted] [Testpattern: Dynamic PV (ext4)] multiVolume [Slow] should access to two volumes with different volume mode and retain data across pod recreation on different node" classname="Kubernetes e2e suite" status="skipped" time="0">
              <skipped message="skipped"></skipped>
          </testcase>
          <testcase name="[It] [sig-storage] In-tree Volumes [Driver: local] [LocalVolumeType: blockfs] [Testpattern: Inline-volume (default fs)] subPath should support existing single file [LinuxOnly]" classname="Kubernetes e2e suite" status="skipped" time="0">
              <skipped message="skipped"></skipped>
          </testcase>
          <testcase name="[It] [sig-storage] In-tree Volumes [Driver: iscsi] [Feature:Volumes] [Testpattern: Dynamic PV (ntfs)] [Feature:Windows] provisioning should provision storage with pvc data source in parallel [Slow]" classname="Kubernetes e2e suite" status="skipped" time="0">
              <skipped message="skipped"></skipped>
          </testcase>
          <testcase name="[It] [sig-storage] In-tree Volumes [Driver: local] [LocalVolumeType: tmpfs] [Testpattern: Dynamic PV (default fs)] subPath should support readOnly file specified in the volumeMount [LinuxOnly]" classname="Kubernetes e2e suite" status="skipped" time="0">
              <skipped message="skipped"></skipped>
          </testcase>
          <testcase name="[It] [sig-apps] Deployment RecreateDeployment should delete old pods and create new ones [Conformance]" classname="Kubernetes e2e suite" status="passed" time="2.144372343"></testcase>
          <testcase name="[It] [sig-network] ServiceCIDR and IPAddress API should support IPAddress API operations [Conformance]" classname="Kubernetes e2e suite" status="passed" time="0.101919995"></testcase>
          <testcase name="[It] [sig-storage] In-tree Volumes [Driver: local] [LocalVolumeType: blockfs] [Testpattern: Dynamic PV (filesystem volmode)] multiVolume [Slow] should concurrently access the single volume from pods on different node" classname="Kubernetes e2e suite" status="skipped" time="0">
              <skipped message="skipped"></skipped>
          </testcase>
          <testcase name="[It] [sig-node] Pods should allow activeDeadlineSeconds to be updated [NodeConformance] [Conformance]" classname="Kubernetes e2e suite" status="passed" time="6.57287349"></testcase>
          <testcase name="[It] [sig-storage] In-tree Volumes [Driver: local] [LocalVolumeType: dir-link-bindmounted] [Testpattern: Pre-provisioned PV (block volmode)] volumeMode should fail to use a volume in a pod with mismatched mode [Slow]" classname="Kubernetes e2e suite" status="skipped" time="0">
              <skipped message="skipped"></skipped>
          </testcase>
          <testcase name="[It] [sig-storage] In-tree Volumes [Driver: nfs] [Testpattern: Dynamic PV (xfs)] [Slow] multiVolume [Slow] should concurrently access the single volume from pods on different node" classname="Kubernetes e2e suite" status="skipped" time="0">
              <skipped message="skipped"></skipped>
          </testcase>
          <testcase name="[It] [sig-storage] In-tree Volumes [Driver: local] [LocalVolumeType: dir-bindmounted] [Testpattern: Dynamic PV (ext4)] multiVolume [Slow] should concurrently access the volume and restored snapshot from pods on the same node [LinuxOnly] [Feature:VolumeSnapshotDataSource] [Feature:VolumeSourceXFS]" classname="Kubernetes e2e suite" status="skipped" time="0">
              <skipped message="skipped"></skipped>
          </testcase>
          <testcase name="[It] [sig-storage] In-tree Volumes [Driver: iscsi] [Feature:Volumes] [Testpattern: Dynamic PV (ntfs)] [Feature:Windows] subPath should support file as subpath [LinuxOnly]" classname="Kubernetes e2e suite" status="skipped" time="0">
              <skipped message="skipped"></skipped>
          </testcase>
          <testcase name="[It] [sig-storage] In-tree Volumes [Driver: local] [LocalVolumeType: tmpfs] [Testpattern: Dynamic PV (xfs)] [Slow] multiVolume [Slow] should concurrently access the volume and restored snapshot from pods on the same node [LinuxOnly] [Feature:VolumeSnapshotDataSource] [Feature:VolumeSourceXFS]" classname="Kubernetes e2e suite" status="skipped" time="0">
              <skipped message="skipped"></skipped>
          </testcase>
          <testcase name="[It] [sig-storage] In-tree Volumes [Driver: hostPath] [Testpattern: Dynamic PV (default fs)] subPath should fail if subpath with backstepping is outside the volume [Slow] [LinuxOnly]" classname="Kubernetes e2e suite" status="skipped" time="0">
              <skipped message="skipped"></skipped>
          </testcase>
          <testcase name="[It] [sig-storage] In-tree Volumes [Driver: local] [LocalVolumeType: gce-localssd-scsi-fs] [Serial] [Testpattern: Dynamic PV (default fs)] fsgroupchangepolicy (Always)[LinuxOnly], pod created with an initial fsgroup, volume contents ownership changed via chgrp in first pod, new pod with same fsgroup applied to the volume contents" classname="Kubernetes e2e suite" status="skipped" time="0">
              <skipped message="skipped"></skipped>
          </testcase>
          <testcase name="[It] [sig-storage] In-tree Volumes [Driver: iscsi] [Feature:Volumes] [Testpattern: Pre-provisioned PV (block volmode)] multiVolume [Slow] should concurrently access the volume and restored snapshot from pods on the same node [LinuxOnly] [Feature:VolumeSnapshotDataSource] [Feature:VolumeSourceXFS]" classname="Kubernetes e2e suite" status="skipped" time="0">
              <skipped message="skipped"></skipped>
          </testcase>
          <testcase name="[It] [sig-storage] In-tree Volumes [Driver: emptydir] [Testpattern: Dynamic PV (filesystem volmode)] multiVolume [Slow] should concurrently access the single volume from pods on the same node" classname="Kubernetes e2e suite" status="skipped" time="0">
              <skipped message="skipped"></skipped>
          </testcase>
          <testcase name="[It] [sig-storage] In-tree Volumes [Driver: local] [LocalVolumeType: tmpfs] [Testpattern: Dynamic PV (default fs)] volumeIO should write files of various sizes, verify size, validate content [Slow]" classname="Kubernetes e2e suite" status="skipped" time="0">
              <skipped message="skipped"></skipped>
          </testcase>
          <testcase name="[It] [sig-storage] In-tree Volumes [Driver: local] [LocalVolumeType: dir] [Testpattern: Dynamic PV (default fs)] subPath should support readOnly file specified in the volumeMount [LinuxOnly]" classname="Kubernetes e2e suite" status="skipped" time="0">
              <skipped message="skipped"></skipped>
          </testcase>
          <testcase name="[It] [sig-storage] In-tree Volumes [Driver: local] [LocalVolumeType: dir-bindmounted] [Testpattern: Pre-provisioned PV (block volmode)] multiVolume [Slow] should concurrently access the volume and its clone from pods on the same node [LinuxOnly] [Feature:VolumeSourceXFS]" classname="Kubernetes e2e suite" status="skipped" time="0">
              <skipped message="skipped"></skipped>
          </testcase>
          <testcase name="[It] [sig-storage] CSI Volumes [Driver: csi-hostpath] [Testpattern: Generic Ephemeral-volume (default fs)] volumeLimits should support volume limits [Serial]" classname="Kubernetes e2e suite" status="skipped" time="0">
              <skipped message="skipped"></skipped>
          </testcase>
          <testcase name="[It] [sig-storage] In-tree Volumes [Driver: local] [LocalVolumeType: blockfs] [Testpattern: Pre-provisioned PV (block volmode)] disruptive [Disruptive] [LinuxOnly] Should test that pv written before kubelet restart is readable after restart." classname="Kubernetes e2e suite" status="skipped" time="0">
              <skipped message="skipped"></skipped>
          </testcase>
          <testcase name="[It] [sig-storage] In-tree Volumes [Driver: local] [LocalVolumeType: dir] [Testpattern: Dynamic PV (block volmode)] provisioning should provision storage with mount options" classname="Kubernetes e2e suite" status="skipped" time="0">
              <skipped message="skipped"></skipped>
          </testcase>
          <testcase name="[It] [sig-storage] In-tree Volumes [Driver: local] [LocalVolumeType: blockfs] [Testpattern: Dynamic PV (block volmode)] provisioning should provision storage with pvc data source" classname="Kubernetes e2e suite" status="skipped" time="0">
              <skipped message="skipped"></skipped>
          </testcase>
          <testcase name="[It] [sig-storage] In-tree Volumes [Driver: local] [LocalVolumeType: blockfs] [Testpattern: Inline-volume (default fs)] subPath should support creating multiple subpath from same volumes [Slow]" classname="Kubernetes e2e suite" status="skipped" time="0">
              <skipped message="skipped"></skipped>
          </testcase>
          <testcase name="[It] [sig-storage] In-tree Volumes [Driver: iscsi] [Feature:Volumes] [Testpattern: Inline-volume (default fs)] volumes should allow exec of files on the volume" classname="Kubernetes e2e suite" status="skipped" time="0">
              <skipped message="skipped"></skipped>
          </testcase>
          <testcase name="[It] [sig-storage] In-tree Volumes [Driver: hostPath] [Testpattern: Dynamic PV (block volmode)] disruptive [Disruptive] [LinuxOnly] Should test that pv written before kubelet restart is readable after restart." classname="Kubernetes e2e suite" status="skipped" time="0">
              <skipped message="skipped"></skipped>
          </testcase>
          <testcase name="[It] [sig-storage] In-tree Volumes [Driver: local] [LocalVolumeType: tmpfs] [Testpattern: Inline-volume (xfs)] [Slow] volumes should store data" classname="Kubernetes e2e suite" status="skipped" time="0">
              <skipped message="skipped"></skipped>
          </testcase>
          <testcase name="[It] [sig-storage] In-tree Volumes [Driver: vsphere] [Testpattern: Pre-provisioned PV (default fs)] subPath should support creating multiple subpath from same volumes [Slow]" classname="Kubernetes e2e suite" status="skipped" time="0">
              <skipped message="skipped"></skipped>
          </testcase>
          <testcase name="[It] [sig-storage] In-tree Volumes [Driver: emptydir] [Testpattern: Dynamic PV (block volmode)] provisioning should provision storage with snapshot data source [Feature:VolumeSnapshotDataSource]" classname="Kubernetes e2e suite" status="skipped" time="0">
              <skipped message="skipped"></skipped>
          </testcase>
          <testcase name="[It] [sig-storage] In-tree Volumes [Driver: local] [LocalVolumeType: dir-link-bindmounted] [Testpattern: Inline-volume (default fs)] volumes should allow exec of files on the volume" classname="Kubernetes e2e suite" status="skipped" time="0">
              <skipped message="skipped"></skipped>
          </testcase>
          <testcase name="[It] [sig-storage] In-tree Volumes [Driver: azure-file] [Testpattern: Pre-provisioned PV (block volmode)] volumeMode should fail to use a volume in a pod with mismatched mode [Slow]" classname="Kubernetes e2e suite" status="skipped" time="0">
              <skipped message="skipped"></skipped>
          </testcase>
          <testcase name="[It] [sig-storage] In-tree Volumes [Driver: local] [LocalVolumeType: tmpfs] [Testpattern: Dynamic PV (block volmode)] multiVolume [Slow] should concurrently access the volume and restored snapshot from pods on the same node [LinuxOnly] [Feature:VolumeSnapshotDataSource] [Feature:VolumeSourceXFS]" classname="Kubernetes e2e suite" status="skipped" time="0">
              <skipped message="skipped"></skipped>
          </testcase>
          <testcase name="[It] [sig-storage] In-tree Volumes [Driver: local] [LocalVolumeType: dir-link-bindmounted] [Testpattern: Inline-volume (ext3)] volumes should store data" classname="Kubernetes e2e suite" status="skipped" time="0">
              <skipped message="skipped"></skipped>
          </testcase>
          <testcase name="[It] [sig-storage] CSI Mock fsgroup as mount option Delegate FSGroup to CSI driver [LinuxOnly] should not pass FSGroup to CSI driver if it is set in pod and driver supports VOLUME_MOUNT_GROUP" classname="Kubernetes e2e suite" status="skipped" time="0">
              <skipped message="skipped"></skipped>
          </testcase>
          <testcase name="[It] [sig-storage] CSI Volumes [Driver: csi-hostpath] [Testpattern: CSI Ephemeral-volume (default fs)] ephemeral should create read-only inline ephemeral volume" classname="Kubernetes e2e suite" status="skipped" time="0">
              <skipped message="skipped"></skipped>
          </testcase>
          <testcase name="[It] [sig-storage] In-tree Volumes [Driver: local] [LocalVolumeType: dir] [Testpattern: Dynamic PV (ntfs)] [Feature:Windows] subPath should support file as subpath [LinuxOnly]" classname="Kubernetes e2e suite" status="skipped" time="0">
              <skipped message="skipped"></skipped>
          </testcase>
          <testcase name="[It] [sig-storage] In-tree Volumes [Driver: hostPathSymlink] [Testpattern: Dynamic PV (ntfs)] [Feature:Windows] volume-expand should not allow expansion of pvcs without AllowVolumeExpansion property" classname="Kubernetes e2e suite" status="skipped" time="0">
              <skipped message="skipped"></skipped>
          </testcase>
          <testcase name="[It] [sig-storage] In-tree Volumes [Driver: local] [LocalVolumeType: dir-link] [Testpattern: Dynamic PV (ext4)] multiVolume [Slow] should access to two volumes with the same volume mode and retain data across pod recreation on the same node" classname="Kubernetes e2e suite" status="skipped" time="0">
              <skipped message="skipped"></skipped>
          </testcase>
          <testcase name="[It] [sig-storage] CSI Volumes [Driver: csi-hostpath] [Testpattern: Dynamic PV (default fs)] subPath should verify container cannot write to subpath readonly volumes [Slow]" classname="Kubernetes e2e suite" status="skipped" time="0">
              <skipped message="skipped"></skipped>
          </testcase>
          <testcase name="[It] [sig-storage] In-tree Volumes [Driver: local] [LocalVolumeType: dir-bindmounted] [Testpattern: Dynamic PV (ntfs)] [Feature:Windows] subPath should support restarting containers using directory as subpath [Slow]" classname="Kubernetes e2e suite" status="skipped" time="0">
              <skipped message="skipped"></skipped>
          </testcase>
          <testcase name="[It] [sig-storage] In-tree Volumes [Driver: vsphere] [Testpattern: Pre-provisioned PV (block volmode)] multiVolume [Slow] should concurrently access the volume and its clone from pods on the same node [LinuxOnly] [Feature:VolumeSourceXFS]" classname="Kubernetes e2e suite" status="skipped" time="0">
              <skipped message="skipped"></skipped>
          </testcase>
          <testcase name="[It] [sig-storage] In-tree Volumes [Driver: hostPathSymlink] [Testpattern: Dynamic PV (filesystem volmode)] multiVolume [Slow] should access to two volumes with different volume mode and retain data across pod recreation on different node" classname="Kubernetes e2e suite" status="skipped" time="0">
              <skipped message="skipped"></skipped>
          </testcase>
          <testcase name="[It] [sig-storage] In-tree Volumes [Driver: local] [LocalVolumeType: block] [Testpattern: Inline-volume (ext3)] volumes should allow exec of files on the volume" classname="Kubernetes e2e suite" status="skipped" time="0">
              <skipped message="skipped"></skipped>
          </testcase>
          <testcase name="[It] [sig-storage] In-tree Volumes [Driver: emptydir] [Testpattern: Pre-provisioned PV (default fs)] subPath should unmount if pod is gracefully deleted while kubelet is down [Disruptive] [Slow] [LinuxOnly]" classname="Kubernetes e2e suite" status="skipped" time="0">
              <skipped message="skipped"></skipped>
          </testcase>
          <testcase name="[It] [sig-storage] In-tree Volumes [Driver: local] [LocalVolumeType: tmpfs] [Testpattern: Pre-provisioned PV (block volmode)] volumeMode should fail to create pod by failing to mount volume [Slow]" classname="Kubernetes e2e suite" status="skipped" time="0">
              <skipped message="skipped"></skipped>
          </testcase>
          <testcase name="[It] [sig-storage] In-tree Volumes [Driver: local] [LocalVolumeType: blockfs] [Testpattern: Dynamic PV (ntfs)] [Feature:Windows] multiVolume [Slow] should access to two volumes with the same volume mode and retain data across pod recreation on different node" classname="Kubernetes e2e suite" status="skipped" time="0">
              <skipped message="skipped"></skipped>
          </testcase>
          <testcase name="[It] [sig-storage] In-tree Volumes [Driver: vsphere] [Testpattern: Dynamic PV (default fs)] subPath should fail if non-existent subpath is outside the volume [Slow] [LinuxOnly]" classname="Kubernetes e2e suite" status="skipped" time="0">
              <skipped message="skipped"></skipped>
          </testcase>
          <testcase name="[It] [sig-storage] In-tree Volumes [Driver: local] [LocalVolumeType: dir-bindmounted] [Testpattern: Generic Ephemeral-volume (default fs)] volumeLimits should support volume limits [Serial]" classname="Kubernetes e2e suite" status="skipped" time="0">
              <skipped message="skipped"></skipped>
          </testcase>
          <testcase name="[It] [sig-storage] In-tree Volumes [Driver: hostPathSymlink] [Testpattern: Dynamic PV (filesystem volmode)] volumeLimits should support volume limits [Serial]" classname="Kubernetes e2e suite" status="skipped" time="0">
              <skipped message="skipped"></skipped>
          </testcase>
          <testcase name="[It] [sig-storage] CSI Volumes [Driver: csi-hostpath] [Testpattern: Pre-provisioned PV (filesystem volmode)] multiVolume [Slow] should access to two volumes with the same volume mode and retain data across pod recreation on different node" classname="Kubernetes e2e suite" status="skipped" time="0">
              <skipped message="skipped"></skipped>
          </testcase>
          <testcase name="[It] [sig-storage] In-tree Volumes [Driver: azure-file] [Testpattern: Dynamic PV (block volmode)] multiVolume [Slow] should access to two volumes with different volume mode and retain data across pod recreation on different node" classname="Kubernetes e2e suite" status="skipped" time="0">
              <skipped message="skipped"></skipped>
          </testcase>
          <testcase name="[It] [sig-storage] In-tree Volumes [Driver: vsphere] [Testpattern: Pre-provisioned PV (filesystem volmode)] disruptive [Disruptive] [LinuxOnly] Should test that pv used in a pod that is force deleted while the kubelet is down is usable by a new pod with a different SELinux context when kubelet returns [Feature:SELinux]" classname="Kubernetes e2e suite" status="skipped" time="0">
              <skipped message="skipped"></skipped>
          </testcase>
          <testcase name="[It] [sig-storage] In-tree Volumes [Driver: cinder] [Testpattern: Pre-provisioned PV (ext4)] volumes should allow exec of files on the volume" classname="Kubernetes e2e suite" status="skipped" time="0">
              <skipped message="skipped"></skipped>
          </testcase>
          <testcase name="[It] [sig-storage] In-tree Volumes [Driver: iscsi] [Feature:Volumes] [Testpattern: Generic Ephemeral-volume (default fs) (immediate-binding)] ephemeral should support expansion of pvcs created for ephemeral pvcs" classname="Kubernetes e2e suite" status="skipped" time="0">
              <skipped message="skipped"></skipped>
          </testcase>
          <testcase name="[It] [sig-storage] CSI Volumes [Driver: csi-hostpath] [Testpattern: Dynamic PV (ntfs)] [Feature:Windows] multiVolume [Slow] should concurrently access the single volume from pods on the same node" classname="Kubernetes e2e suite" status="skipped" time="0">
              <skipped message="skipped"></skipped>
          </testcase>
          <testcase name="[It] [sig-storage] In-tree Volumes [Driver: azure-file] [Testpattern: Pre-provisioned PV (default fs)] subPath should support existing single file [LinuxOnly]" classname="Kubernetes e2e suite" status="skipped" time="0">
              <skipped message="skipped"></skipped>
          </testcase>
          <testcase name="[It] [sig-storage] In-tree Volumes [Driver: local] [LocalVolumeType: dir-link] [Testpattern: Dynamic PV (block volmode)] volumeMode should not mount / map unused volumes in a pod [LinuxOnly]" classname="Kubernetes e2e suite" status="skipped" time="0">
              <skipped message="skipped"></skipped>
          </testcase>
          <testcase name="[It] [sig-storage] In-tree Volumes [Driver: azure-file] [Testpattern: Generic Ephemeral-volume (default fs) (late-binding)] ephemeral should create read-only inline ephemeral volume" classname="Kubernetes e2e suite" status="skipped" time="0">
              <skipped message="skipped"></skipped>
          </testcase>
          <testcase name="[It] [sig-storage] In-tree Volumes [Driver: azure-disk] [Testpattern: Inline-volume (default fs)] subPath should unmount if pod is force deleted while kubelet is down [Disruptive] [Slow] [LinuxOnly]" classname="Kubernetes e2e suite" status="skipped" time="0">
              <skipped message="skipped"></skipped>
          </testcase>
          <testcase name="[It] [sig-storage] Subpath Atomic writer volumes should support subpaths with projected pod [Conformance]" classname="Kubernetes e2e suite" status="passed" time="24.12286632"></testcase>
          <testcase name="[It] [sig-storage] In-tree Volumes [Driver: azure-file] [Testpattern: Dynamic PV (block volmode)] provisioning should provision storage with snapshot data source [Feature:VolumeSnapshotDataSource]" classname="Kubernetes e2e suite" status="skipped" time="0">
              <skipped message="skipped"></skipped>
          </testcase>
          <testcase name="[It] [sig-storage] CSI Volumes [Driver: pd.csi.storage.gke.io] [Serial] [Testpattern: Inline-volume (xfs)] [Slow] volumes should store data" classname="Kubernetes e2e suite" status="skipped" time="0">
              <skipped message="skipped"></skipped>
          </testcase>
          <testcase name="[It] [sig-storage] In-tree Volumes [Driver: local] [LocalVolumeType: gce-localssd-scsi-fs] [Serial] [Testpattern: Dynamic PV (filesystem volmode)] multiVolume [Slow] should access to two volumes with the same volume mode and retain data across pod recreation on the same node" classname="Kubernetes e2e suite" status="skipped" time="0">
              <skipped message="skipped"></skipped>
          </testcase>
          <testcase name="[It] [sig-storage] In-tree Volumes [Driver: local] [LocalVolumeType: dir] [Testpattern: Dynamic PV (default fs)] volume-expand should not allow expansion of pvcs without AllowVolumeExpansion property" classname="Kubernetes e2e suite" status="skipped" time="0">
              <skipped message="skipped"></skipped>
          </testcase>
          <testcase name="[It] [sig-storage] In-tree Volumes [Driver: azure-disk] [Testpattern: Pre-provisioned PV (xfs)] [Slow] volumes should store data" classname="Kubernetes e2e suite" status="skipped" time="0">
              <skipped message="skipped"></skipped>
          </testcase>
          <testcase name="[It] [sig-storage] In-tree Volumes [Driver: azure-disk] [Testpattern: Dynamic PV (default fs)] fsgroupchangepolicy (Always)[LinuxOnly], rwop pod created with an initial fsgroup, new pod fsgroup applied to volume contents" classname="Kubernetes e2e suite" status="skipped" time="0">
              <skipped message="skipped"></skipped>
          </testcase>
          <testcase name="[It] [sig-storage] In-tree Volumes [Driver: hostPath] [Testpattern: Dynamic PV (ntfs)] [Feature:Windows] subPath should support readOnly file specified in the volumeMount [LinuxOnly]" classname="Kubernetes e2e suite" status="skipped" time="0">
              <skipped message="skipped"></skipped>
          </testcase>
          <testcase name="[It] [sig-storage] CSI Volumes [Driver: csi-hostpath] [Testpattern: Generic Ephemeral-volume (default fs) (immediate-binding)] ephemeral should create read/write inline ephemeral volume" classname="Kubernetes e2e suite" status="skipped" time="0">
              <skipped message="skipped"></skipped>
          </testcase>
          <testcase name="[It] [sig-storage] In-tree Volumes [Driver: hostPathSymlink] [Testpattern: Dynamic PV (block volmode)] volumeMode should fail in binding dynamic provisioned PV to PVC [Slow] [LinuxOnly]" classname="Kubernetes e2e suite" status="skipped" time="0">
              <skipped message="skipped"></skipped>
          </testcase>
          <testcase name="[It] [sig-storage] In-tree Volumes [Driver: local] [LocalVolumeType: blockfs] [Testpattern: Pre-provisioned PV (filesystem volmode)] multiVolume [Slow] should concurrently access the volume and its clone from pods on the same node [LinuxOnly] [Feature:VolumeSourceXFS]" classname="Kubernetes e2e suite" status="skipped" time="0">
              <skipped message="skipped"></skipped>
          </testcase>
          <testcase name="[It] [sig-storage] In-tree Volumes [Driver: local] [LocalVolumeType: dir] [Testpattern: Inline-volume (default fs)] volumeIO should write files of various sizes, verify size, validate content [Slow]" classname="Kubernetes e2e suite" status="skipped" time="0">
              <skipped message="skipped"></skipped>
          </testcase>
          <testcase name="[It] [sig-storage] In-tree Volumes [Driver: cinder] [Testpattern: Dynamic PV (block volmode)] multiVolume [Slow] should concurrently access the volume and restored snapshot from pods on the same node [LinuxOnly] [Feature:VolumeSnapshotDataSource] [Feature:VolumeSourceXFS]" classname="Kubernetes e2e suite" status="skipped" time="0">
              <skipped message="skipped"></skipped>
          </testcase>
          <testcase name="[It] [sig-storage] In-tree Volumes [Driver: local] [LocalVolumeType: blockfs] [Testpattern: Dynamic PV (filesystem volmode)] disruptive [Disruptive] [LinuxOnly] Should test that pv used in a pod that is deleted while the kubelet is down is usable by a new pod when kubelet returns [Feature:SELinux]" classname="Kubernetes e2e suite" status="skipped" time="0">
              <skipped message="skipped"></skipped>
          </testcase>
          <testcase name="[It] [sig-storage] In-tree Volumes [Driver: local] [LocalVolumeType: gce-localssd-scsi-fs] [Serial] [Testpattern: Dynamic PV (ntfs)] [Feature:Windows] multiVolume [Slow] should concurrently access the single read-only volume from pods on the same node" classname="Kubernetes e2e suite" status="skipped" time="0">
              <skipped message="skipped"></skipped>
          </testcase>
          <testcase name="[It] [sig-storage] In-tree Volumes [Driver: local] [LocalVolumeType: blockfs] [Testpattern: Dynamic PV (filesystem volmode)] multiVolume [Slow] should concurrently access the single volume from pods on the same node" classname="Kubernetes e2e suite" status="skipped" time="0">
              <skipped message="skipped"></skipped>
          </testcase>
          <testcase name="[It] [sig-node] [Feature:SidecarContainers] Probing restartable init container should mark readiness on pods to false while pod is in progress of terminating when a pod has a readiness probe" classname="Kubernetes e2e suite" status="skipped" time="0">
              <skipped message="skipped"></skipped>
          </testcase>
          <testcase name="[It] [sig-storage] CSI Volumes [Driver: pd.csi.storage.gke.io] [Serial] [Testpattern: Inline-volume (default fs)] subPath should support existing directory" classname="Kubernetes e2e suite" status="skipped" time="0">
              <skipped message="skipped"></skipped>
          </testcase>
          <testcase name="[It] [sig-storage] In-tree Volumes [Driver: emptydir] [Testpattern: Dynamic PV (filesystem volmode)] disruptive [Disruptive] [LinuxOnly] Should test that pv used in a pod that is force deleted while the kubelet is down is usable by a new pod when kubelet returns [Feature:SELinux]" classname="Kubernetes e2e suite" status="skipped" time="0">
              <skipped message="skipped"></skipped>
          </testcase>
          <testcase name="[It] [sig-storage] In-tree Volumes [Driver: local] [LocalVolumeType: dir-bindmounted] [Testpattern: Dynamic PV (block volmode)] volumes should store data" classname="Kubernetes e2e suite" status="skipped" time="0">
              <skipped message="skipped"></skipped>
          </testcase>
          <testcase name="[It] [sig-storage] In-tree Volumes [Driver: local] [LocalVolumeType: gce-localssd-scsi-fs] [Serial] [Testpattern: Dynamic PV (block volmode)] provisioning should provision storage with snapshot data source [Feature:VolumeSnapshotDataSource]" classname="Kubernetes e2e suite" status="skipped" time="0">
              <skipped message="skipped"></skipped>
          </testcase>
          <testcase name="[It] [sig-storage] ConfigMap should be consumable from pods in volume with defaultMode set [LinuxOnly] [NodeConformance] [Conformance]" classname="Kubernetes e2e suite" status="passed" time="4.085719428"></testcase>
          <testcase name="[It] [sig-storage] In-tree Volumes [Driver: azure-disk] [Testpattern: Generic Ephemeral-volume (default fs) (late-binding)] ephemeral should create read-only inline ephemeral volume" classname="Kubernetes e2e suite" status="skipped" time="0">
              <skipped message="skipped"></skipped>
          </testcase>
          <testcase name="[It] [sig-storage] In-tree Volumes [Driver: nfs] [Testpattern: Dynamic PV (ntfs)] [Feature:Windows] volume-expand should not allow expansion of pvcs without AllowVolumeExpansion property" classname="Kubernetes e2e suite" status="skipped" time="0">
              <skipped message="skipped"></skipped>
          </testcase>
          <testcase name="[It] [sig-storage] In-tree Volumes [Driver: local] [LocalVolumeType: dir-link-bindmounted] [Testpattern: Pre-provisioned PV (filesystem volmode)] multiVolume [Slow] should access to two volumes with different volume mode and retain data across pod recreation on different node" classname="Kubernetes e2e suite" status="skipped" time="0">
              <skipped message="skipped"></skipped>
          </testcase>
          <testcase name="[It] [sig-storage] In-tree Volumes [Driver: nfs] [Testpattern: Dynamic PV (ntfs)] [Feature:Windows] subPath should unmount if pod is gracefully deleted while kubelet is down [Disruptive] [Slow] [LinuxOnly]" classname="Kubernetes e2e suite" status="skipped" time="0">
              <skipped message="skipped"></skipped>
          </testcase>
          <testcase name="[It] [sig-storage] CSI Volumes [Driver: csi-hostpath] [Testpattern: Dynamic PV (default fs)] provisioning should provision correct filesystem size when restoring snapshot to larger size pvc [Feature:VolumeSnapshotDataSource]" classname="Kubernetes e2e suite" status="skipped" time="0">
              <skipped message="skipped"></skipped>
          </testcase>
          <testcase name="[It] [sig-storage] In-tree Volumes [Driver: vsphere] [Testpattern: Dynamic PV (default fs)] subPath should unmount if pod is gracefully deleted while kubelet is down [Disruptive] [Slow] [LinuxOnly]" classname="Kubernetes e2e suite" status="skipped" time="0">
              <skipped message="skipped"></skipped>
          </testcase>
          <testcase name="[It] [sig-storage] In-tree Volumes [Driver: local] [LocalVolumeType: blockfs] [Testpattern: Dynamic PV (default fs)] provisioning should provision storage with pvc data source in parallel [Slow]" classname="Kubernetes e2e suite" status="skipped" time="0">
              <skipped message="skipped"></skipped>
          </testcase>
          <testcase name="[It] [sig-storage] In-tree Volumes [Driver: azure-file] [Testpattern: Inline-volume (default fs)] subPath should support existing directories when readOnly specified in the volumeSource" classname="Kubernetes e2e suite" status="skipped" time="0">
              <skipped message="skipped"></skipped>
          </testcase>
          <testcase name="[It] [sig-storage] Projected downwardAPI should provide container&#39;s memory limit [NodeConformance] [Conformance]" classname="Kubernetes e2e suite" status="passed" time="4.067354861"></testcase>
          <testcase name="[It] [sig-storage] CSI Volumes [Driver: csi-hostpath] [Testpattern: Dynamic PV (default fs)] volume-modify [FeatureGate:VolumeAttributesClass] [Beta] [Feature:OffByDefault] should modify volume that already has a VAC" classname="Kubernetes e2e suite" status="skipped" time="0">
              <skipped message="skipped"></skipped>
          </testcase>
          <testcase name="[It] [sig-storage] CSI Mock workload info CSI PodInfoOnMount Update should be passed when update from false to true" classname="Kubernetes e2e suite" status="skipped" time="0">
              <skipped message="skipped"></skipped>
          </testcase>
          <testcase name="[It] [sig-node] Kubelet [Serial] [Slow] regular resource usage tracking [Feature:RegularResourceUsageTracking] resource tracking for 0 pods per node" classname="Kubernetes e2e suite" status="skipped" time="0">
              <skipped message="skipped"></skipped>
          </testcase>
          <testcase name="[It] [sig-storage] In-tree Volumes [Driver: local] [LocalVolumeType: tmpfs] [Testpattern: Dynamic PV (filesystem volmode)] volumeMode should not mount / map unused volumes in a pod [LinuxOnly]" classname="Kubernetes e2e suite" status="skipped" time="0">
              <skipped message="skipped"></skipped>
          </testcase>
          <testcase name="[It] [sig-storage] In-tree Volumes [Driver: local] [LocalVolumeType: dir-link-bindmounted] [Testpattern: Generic Ephemeral-volume (default fs) (immediate-binding)] ephemeral should create read/write inline ephemeral volume" classname="Kubernetes e2e suite" status="skipped" time="0">
              <skipped message="skipped"></skipped>
          </testcase>
          <testcase name="[It] [sig-storage] In-tree Volumes [Driver: local] [LocalVolumeType: dir] [Testpattern: Inline-volume (default fs)] subPath should support file as subpath [LinuxOnly]" classname="Kubernetes e2e suite" status="skipped" time="0">
              <skipped message="skipped"></skipped>
          </testcase>
          <testcase name="[It] [sig-storage] In-tree Volumes [Driver: local] [LocalVolumeType: dir-bindmounted] [Testpattern: Dynamic PV (default fs)] provisioning should provision storage with snapshot data source (ROX mode) [Feature:VolumeSnapshotDataSource]" classname="Kubernetes e2e suite" status="skipped" time="0">
              <skipped message="skipped"></skipped>
          </testcase>
          <testcase name="[It] [sig-storage] In-tree Volumes [Driver: vsphere] [Testpattern: Generic Ephemeral-volume (default fs) (late-binding)] ephemeral should support two pods which have the same volume definition" classname="Kubernetes e2e suite" status="skipped" time="0">
              <skipped message="skipped"></skipped>
          </testcase>
          <testcase name="[It] [sig-storage] In-tree Volumes [Driver: cinder] [Testpattern: Generic Ephemeral-volume (default fs) (immediate-binding)] ephemeral should support expansion of pvcs created for ephemeral pvcs" classname="Kubernetes e2e suite" status="skipped" time="0">
              <skipped message="skipped"></skipped>
          </testcase>
          <testcase name="[It] [sig-storage] In-tree Volumes [Driver: local] [LocalVolumeType: blockfs] [Testpattern: Dynamic PV (default fs)] provisioning should provision storage with pvc data source" classname="Kubernetes e2e suite" status="skipped" time="0">
              <skipped message="skipped"></skipped>
          </testcase>
          <testcase name="[It] [sig-storage] In-tree Volumes [Driver: nfs] [Testpattern: Dynamic PV (block volmode)] provisioning should provision storage with pvc data source (ROX mode)" classname="Kubernetes e2e suite" status="skipped" time="0">
              <skipped message="skipped"></skipped>
          </testcase>
          <testcase name="[It] [sig-storage] In-tree Volumes [Driver: local] [LocalVolumeType: dir-bindmounted] [Testpattern: Pre-provisioned PV (filesystem volmode)] multiVolume [Slow] should concurrently access the single volume from pods on the same node" classname="Kubernetes e2e suite" status="skipped" time="0">
              <skipped message="skipped"></skipped>
          </testcase>
          <testcase name="[It] [sig-storage] In-tree Volumes [Driver: local] [LocalVolumeType: dir-link] [Testpattern: Dynamic PV (ext3)] volumes should store data" classname="Kubernetes e2e suite" status="skipped" time="0">
              <skipped message="skipped"></skipped>
          </testcase>
          <testcase name="[It] [sig-storage] In-tree Volumes [Driver: azure-disk] [Testpattern: Dynamic PV (block volmode)] provisioning should provision storage with snapshot data source [Feature:VolumeSnapshotDataSource]" classname="Kubernetes e2e suite" status="skipped" time="0">
              <skipped message="skipped"></skipped>
          </testcase>
          <testcase name="[It] [sig-storage] In-tree Volumes [Driver: local] [LocalVolumeType: dir-bindmounted] [Testpattern: Pre-provisioned PV (default fs)] subPath should fail if subpath with backstepping is outside the volume [Slow] [LinuxOnly]" classname="Kubernetes e2e suite" status="skipped" time="0">
              <skipped message="skipped"></skipped>
          </testcase>
          <testcase name="[It] [sig-storage] In-tree Volumes [Driver: local] [LocalVolumeType: dir] [Testpattern: Pre-provisioned PV (ntfs)] [Feature:Windows] volumes should allow exec of files on the volume" classname="Kubernetes e2e suite" status="skipped" time="0">
              <skipped message="skipped"></skipped>
          </testcase>
          <testcase name="[It] [sig-apps] Deployment should validate Deployment Status endpoints [Conformance]" classname="Kubernetes e2e suite" status="passed" time="2.160454349"></testcase>
          <testcase name="[It] [sig-storage] In-tree Volumes [Driver: local] [LocalVolumeType: block] [Testpattern: Dynamic PV (default fs)] subPath should support non-existent path" classname="Kubernetes e2e suite" status="skipped" time="0">
              <skipped message="skipped"></skipped>
          </testcase>
          <testcase name="[It] [sig-storage] CSI Volumes [Driver: csi-hostpath] [Testpattern: Dynamic PV (ntfs)] [Feature:Windows] multiVolume [Slow] should access to two volumes with the same volume mode and retain data across pod recreation on different node" classname="Kubernetes e2e suite" status="skipped" time="0">
              <skipped message="skipped"></skipped>
          </testcase>
          <testcase name="[It] [sig-storage] In-tree Volumes [Driver: local] [LocalVolumeType: block] [Testpattern: Dynamic PV (ext4)] multiVolume [Slow] should concurrently access the single read-only volume from pods on the same node" classname="Kubernetes e2e suite" status="skipped" time="0">
              <skipped message="skipped"></skipped>
          </testcase>
          <testcase name="[It] [sig-storage] CSI Volumes [Driver: pd.csi.storage.gke.io] [Serial] [Testpattern: Pre-provisioned PV (default fs)] subPath should be able to unmount after the subpath directory is deleted [LinuxOnly]" classname="Kubernetes e2e suite" status="skipped" time="0">
              <skipped message="skipped"></skipped>
          </testcase>
          <testcase name="[It] [sig-storage] CSI Volumes [Driver: csi-hostpath] [Testpattern: Inline-volume (default fs)] subPath should support restarting containers using file as subpath [Slow] [LinuxOnly]" classname="Kubernetes e2e suite" status="skipped" time="0">
              <skipped message="skipped"></skipped>
          </testcase>
          <testcase name="[It] [sig-storage] In-tree Volumes [Driver: iscsi] [Feature:Volumes] [Testpattern: Pre-provisioned PV (filesystem volmode)] disruptive [Disruptive] [LinuxOnly] Should test that pv used in a pod that is deleted while the kubelet is down is usable by a new pod with a different SELinux context when kubelet returns [Feature:SELinux]" classname="Kubernetes e2e suite" status="skipped" time="0">
              <skipped message="skipped"></skipped>
          </testcase>
          <testcase name="[It] [sig-node] Pod InPlace Resize Container [FeatureGate:InPlacePodVerticalScaling] [Beta] Burstable QoS pod, one container - decrease memory request (RestartContainer memory resize policy)" classname="Kubernetes e2e suite" status="skipped" time="0">
              <skipped message="skipped"></skipped>
          </testcase>
          <testcase name="[It] [sig-storage] In-tree Volumes [Driver: local] [LocalVolumeType: dir-link] [Testpattern: Generic Ephemeral-volume (default fs) (immediate-binding)] ephemeral should support two pods which have the same volume definition" classname="Kubernetes e2e suite" status="skipped" time="0">
              <skipped message="skipped"></skipped>
          </testcase>
          <testcase name="[It] [sig-storage] In-tree Volumes [Driver: local] [LocalVolumeType: dir-link] [Testpattern: Dynamic PV (default fs)] fsgroupchangepolicy (Always)[LinuxOnly], pod created with an initial fsgroup, volume contents ownership changed via chgrp in first pod, new pod with different fsgroup applied to the volume contents" classname="Kubernetes e2e suite" status="skipped" time="0">
              <skipped message="skipped"></skipped>
          </testcase>
          <testcase name="[It] [sig-storage] In-tree Volumes [Driver: local] [LocalVolumeType: block] [Testpattern: Pre-provisioned PV (filesystem volmode)] volumeMode should fail to use a volume in a pod with mismatched mode [Slow]" classname="Kubernetes e2e suite" status="skipped" time="0">
              <skipped message="skipped"></skipped>
          </testcase>
          <testcase name="[It] [sig-storage] In-tree Volumes [Driver: vsphere] [Testpattern: Dynamic PV (filesystem volmode)] volumeLimits should support volume limits [Serial]" classname="Kubernetes e2e suite" status="skipped" time="0">
              <skipped message="skipped"></skipped>
          </testcase>
          <testcase name="[It] [sig-storage] In-tree Volumes [Driver: vsphere] [Testpattern: Inline-volume (ntfs)] [Feature:Windows] volumes should allow exec of files on the volume" classname="Kubernetes e2e suite" status="skipped" time="0">
              <skipped message="skipped"></skipped>
          </testcase>
          <testcase name="[It] [sig-node] Security Context When creating a pod with HostUsers must not create the user namespace if set to true [LinuxOnly] [Feature:UserNamespacesSupport]" classname="Kubernetes e2e suite" status="skipped" time="0">
              <skipped message="skipped"></skipped>
          </testcase>
          <testcase name="[It] [sig-storage] In-tree Volumes [Driver: local] [LocalVolumeType: dir-link-bindmounted] [Testpattern: Dynamic PV (delayed binding)] topology should provision a volume and schedule a pod with AllowedTopologies" classname="Kubernetes e2e suite" status="skipped" time="0">
              <skipped message="skipped"></skipped>
          </testcase>
          <testcase name="[It] [sig-storage] In-tree Volumes [Driver: local] [LocalVolumeType: blockfs] [Testpattern: Dynamic PV (block volmode)] multiVolume [Slow] should access to two volumes with different volume mode and retain data across pod recreation on different node" classname="Kubernetes e2e suite" status="skipped" time="0">
              <skipped message="skipped"></skipped>
          </testcase>
          <testcase name="[It] [sig-storage] In-tree Volumes [Driver: cinder] [Testpattern: Pre-provisioned PV (default fs)] volumeIO should write files of various sizes, verify size, validate content [Slow]" classname="Kubernetes e2e suite" status="skipped" time="0">
              <skipped message="skipped"></skipped>
          </testcase>
          <testcase name="[It] [sig-storage] CSI Volumes [Driver: pd.csi.storage.gke.io] [Serial] [Testpattern: Dynamic PV (block volmode)] provisioning should provision storage with mount options" classname="Kubernetes e2e suite" status="skipped" time="0">
              <skipped message="skipped"></skipped>
          </testcase>
          <testcase name="[It] [sig-storage] In-tree Volumes [Driver: local] [LocalVolumeType: tmpfs] [Testpattern: Dynamic PV (block volmode)] provisioning should provision storage with snapshot data source (ROX mode) [Feature:VolumeSnapshotDataSource]" classname="Kubernetes e2e suite" status="skipped" time="0">
              <skipped message="skipped"></skipped>
          </testcase>
          <testcase name="[It] [sig-storage] In-tree Volumes [Driver: local] [LocalVolumeType: blockfs] [Testpattern: Dynamic PV (xfs)] [Slow] multiVolume [Slow] should concurrently access the volume and restored snapshot from pods on the same node [LinuxOnly] [Feature:VolumeSnapshotDataSource] [Feature:VolumeSourceXFS]" classname="Kubernetes e2e suite" status="skipped" time="0">
              <skipped message="skipped"></skipped>
          </testcase>
          <testcase name="[It] [sig-storage] In-tree Volumes [Driver: vsphere] [Testpattern: Pre-provisioned PV (filesystem volmode)] multiVolume [Slow] should access to two volumes with the same volume mode and retain data across pod recreation on different node" classname="Kubernetes e2e suite" status="skipped" time="0">
              <skipped message="skipped"></skipped>
          </testcase>
          <testcase name="[It] [sig-storage] In-tree Volumes [Driver: nfs] [Testpattern: Dynamic PV (ext4)] multiVolume [Slow] should access to two volumes with the same volume mode and retain data across pod recreation on different node" classname="Kubernetes e2e suite" status="skipped" time="0">
              <skipped message="skipped"></skipped>
          </testcase>
          <testcase name="[It] [sig-network] Services should serve a basic endpoint from pods [Conformance]" classname="Kubernetes e2e suite" status="passed" time="6.826447816"></testcase>
          <testcase name="[It] [sig-storage] In-tree Volumes [Driver: cinder] [Testpattern: Generic Ephemeral-volume (block volmode) (late-binding)] ephemeral should create read-only inline ephemeral volume" classname="Kubernetes e2e suite" status="skipped" time="0">
              <skipped message="skipped"></skipped>
          </testcase>
          <testcase name="[It] [sig-apps] ReplicationController should serve a basic image on each replica with a public image [Conformance]" classname="Kubernetes e2e suite" status="passed" time="5.116061591"></testcase>
          <testcase name="[It] [sig-storage] In-tree Volumes [Driver: cinder] [Testpattern: Inline-volume (default fs)] subPath should support restarting containers using file as subpath [Slow] [LinuxOnly]" classname="Kubernetes e2e suite" status="skipped" time="0">
              <skipped message="skipped"></skipped>
          </testcase>
          <testcase name="[It] [sig-storage] In-tree Volumes [Driver: local] [LocalVolumeType: blockfs] [Testpattern: Dynamic PV (filesystem volmode)] multiVolume [Slow] should access to two volumes with the same volume mode and retain data across pod recreation on different node" classname="Kubernetes e2e suite" status="skipped" time="0">
              <skipped message="skipped"></skipped>
          </testcase>
          <testcase name="[It] [sig-storage] In-tree Volumes [Driver: local] [LocalVolumeType: dir-bindmounted] [Testpattern: Dynamic PV (filesystem volmode)] multiVolume [Slow] should concurrently access the single read-only volume from pods on the same node" classname="Kubernetes e2e suite" status="skipped" time="0">
              <skipped message="skipped"></skipped>
          </testcase>
          <testcase name="[It] [sig-storage] In-tree Volumes [Driver: local] [LocalVolumeType: dir] [Testpattern: Inline-volume (default fs)] subPath should fail if subpath with backstepping is outside the volume [Slow] [LinuxOnly]" classname="Kubernetes e2e suite" status="skipped" time="0">
              <skipped message="skipped"></skipped>
          </testcase>
          <testcase name="[It] [sig-node] AppArmor load AppArmor profiles should enforce an AppArmor profile specified on the container" classname="Kubernetes e2e suite" status="skipped" time="0">
              <skipped message="skipped"></skipped>
          </testcase>
          <testcase name="[It] [sig-storage] In-tree Volumes [Driver: hostPath] [Testpattern: Pre-provisioned PV (filesystem volmode)] volumeMode should fail to use a volume in a pod with mismatched mode [Slow]" classname="Kubernetes e2e suite" status="skipped" time="0">
              <skipped message="skipped"></skipped>
          </testcase>
          <testcase name="[It] [sig-storage] In-tree Volumes [Driver: azure-disk] [Testpattern: Dynamic PV (ntfs)] [Feature:Windows] subPath should fail if subpath file is outside the volume [Slow] [LinuxOnly]" classname="Kubernetes e2e suite" status="skipped" time="0">
              <skipped message="skipped"></skipped>
          </testcase>
          <testcase name="[It] [sig-storage] CSI Mock selinux on mount SELinuxMount [LinuxOnly] [Feature:SELinux] should not unstage RWOP volume when starting a second pod with the same SELinux context [FeatureGate:SELinuxMountReadWriteOncePod] [Beta]" classname="Kubernetes e2e suite" status="skipped" time="0">
              <skipped message="skipped"></skipped>
          </testcase>
          <testcase name="[It] [sig-storage] In-tree Volumes [Driver: cinder] [Testpattern: Dynamic PV (default fs)] subPath should be able to unmount after the subpath directory is deleted [LinuxOnly]" classname="Kubernetes e2e suite" status="skipped" time="0">
              <skipped message="skipped"></skipped>
          </testcase>
          <testcase name="[It] [sig-storage] In-tree Volumes [Driver: local] [LocalVolumeType: dir-bindmounted] [Testpattern: Dynamic PV (ntfs)] [Feature:Windows] provisioning should provision storage with snapshot data source (ROX mode) [Feature:VolumeSnapshotDataSource]" classname="Kubernetes e2e suite" status="skipped" time="0">
              <skipped message="skipped"></skipped>
          </testcase>
          <testcase name="[It] [sig-storage] In-tree Volumes [Driver: local] [LocalVolumeType: block] [Testpattern: Pre-provisioned PV (default fs)] subPath should support existing single file [LinuxOnly]" classname="Kubernetes e2e suite" status="skipped" time="0">
              <skipped message="skipped"></skipped>
          </testcase>
          <testcase name="[It] [sig-storage] In-tree Volumes [Driver: hostPath] [Testpattern: Dynamic PV (default fs)] fsgroupchangepolicy (OnRootMismatch)[LinuxOnly], pod created with an initial fsgroup, volume contents ownership changed via chgrp in first pod, new pod with different fsgroup applied to the volume contents" classname="Kubernetes e2e suite" status="skipped" time="0">
              <skipped message="skipped"></skipped>
          </testcase>
          <testcase name="[It] [sig-storage] In-tree Volumes [Driver: local] [LocalVolumeType: gce-localssd-scsi-fs] [Serial] [Testpattern: Pre-provisioned PV (filesystem volmode)] volumeMode should fail to use a volume in a pod with mismatched mode [Slow]" classname="Kubernetes e2e suite" status="skipped" time="0">
              <skipped message="skipped"></skipped>
          </testcase>
          <testcase name="[It] [sig-storage] In-tree Volumes [Driver: local] [LocalVolumeType: dir-link-bindmounted] [Testpattern: Dynamic PV (default fs)] subPath should unmount if pod is force deleted while kubelet is down [Disruptive] [Slow] [LinuxOnly]" classname="Kubernetes e2e suite" status="skipped" time="0">
              <skipped message="skipped"></skipped>
          </testcase>
          <testcase name="[It] [sig-storage] In-tree Volumes [Driver: local] [LocalVolumeType: dir-bindmounted] [Testpattern: Dynamic PV (xfs)] [Slow] multiVolume [Slow] should concurrently access the volume and restored snapshot from pods on the same node [LinuxOnly] [Feature:VolumeSnapshotDataSource] [Feature:VolumeSourceXFS]" classname="Kubernetes e2e suite" status="skipped" time="0">
              <skipped message="skipped"></skipped>
          </testcase>
          <testcase name="[It] [sig-storage] In-tree Volumes [Driver: cinder] [Testpattern: Dynamic PV (ntfs)] [Feature:Windows] provisioning should provision storage with snapshot data source (ROX mode) [Feature:VolumeSnapshotDataSource]" classname="Kubernetes e2e suite" status="skipped" time="0">
              <skipped message="skipped"></skipped>
          </testcase>
          <testcase name="[It] [sig-network] LoadBalancers [Feature:LoadBalancer] should have session affinity work for LoadBalancer service with Local traffic policy [Slow] [LinuxOnly]" classname="Kubernetes e2e suite" status="skipped" time="0">
              <skipped message="skipped"></skipped>
          </testcase>
          <testcase name="[It] [sig-storage] PersistentVolumes-local [Volume type: block] One pod requesting one prebound PVC should be able to mount volume and write from pod1" classname="Kubernetes e2e suite" status="skipped" time="0">
              <skipped message="skipped"></skipped>
          </testcase>
          <testcase name="[It] [sig-storage] In-tree Volumes [Driver: local] [LocalVolumeType: tmpfs] [Testpattern: Dynamic PV (ext4)] multiVolume [Slow] should concurrently access the single volume from pods on the same node" classname="Kubernetes e2e suite" status="skipped" time="0">
              <skipped message="skipped"></skipped>
          </testcase>
          <testcase name="[It] [sig-node] [Feature:PodLifecycleSleepAction] when create a pod with lifecycle hook using sleep action valid prestop hook using sleep action" classname="Kubernetes e2e suite" status="skipped" time="0">
              <skipped message="skipped"></skipped>
          </testcase>
          <testcase name="[It] [sig-storage] In-tree Volumes [Driver: local] [LocalVolumeType: dir-bindmounted] [Testpattern: Dynamic PV (filesystem volmode)] multiVolume [Slow] should concurrently access the volume and its clone from pods on the same node [LinuxOnly] [Feature:VolumeSourceXFS]" classname="Kubernetes e2e suite" status="skipped" time="0">
              <skipped message="skipped"></skipped>
          </testcase>
          <testcase name="[It] [sig-storage] In-tree Volumes [Driver: emptydir] [Testpattern: Dynamic PV (xfs)] [Slow] multiVolume [Slow] should concurrently access the single volume from pods on the same node" classname="Kubernetes e2e suite" status="skipped" time="0">
              <skipped message="skipped"></skipped>
          </testcase>
          <testcase name="[It] [sig-api-machinery] CustomResourcePublishOpenAPI [Privileged:ClusterAdmin] works for multiple CRDs of same group but different versions [Conformance]" classname="Kubernetes e2e suite" status="passed" time="10.558546573"></testcase>
          <testcase name="[It] [sig-storage] In-tree Volumes [Driver: local] [LocalVolumeType: dir-link-bindmounted] [Testpattern: Pre-provisioned PV (default fs)] subPath should support non-existent path" classname="Kubernetes e2e suite" status="skipped" time="0">
              <skipped message="skipped"></skipped>
          </testcase>
          <testcase name="[It] [sig-storage] In-tree Volumes [Driver: local] [LocalVolumeType: block] [Testpattern: Dynamic PV (block volmode)] volumes should store data" classname="Kubernetes e2e suite" status="skipped" time="0">
              <skipped message="skipped"></skipped>
          </testcase>
          <testcase name="[It] [sig-storage] In-tree Volumes [Driver: local] [LocalVolumeType: dir-link-bindmounted] [Testpattern: Dynamic PV (default fs)] subPath should support existing directories when readOnly specified in the volumeSource" classname="Kubernetes e2e suite" status="skipped" time="0">
              <skipped message="skipped"></skipped>
          </testcase>
          <testcase name="[It] [sig-api-machinery] ServerSideApply should ignore conflict errors if force apply is used" classname="Kubernetes e2e suite" status="skipped" time="0">
              <skipped message="skipped"></skipped>
          </testcase>
          <testcase name="[It] [sig-storage] In-tree Volumes [Driver: emptydir] [Testpattern: Generic Ephemeral-volume (default fs) (immediate-binding)] ephemeral should support expansion of pvcs created for ephemeral pvcs" classname="Kubernetes e2e suite" status="skipped" time="0">
              <skipped message="skipped"></skipped>
          </testcase>
          <testcase name="[It] [sig-storage] In-tree Volumes [Driver: azure-disk] [Testpattern: Dynamic PV (block volmode)] provisioning should mount multiple PV pointing to the same storage on the same node" classname="Kubernetes e2e suite" status="skipped" time="0">
              <skipped message="skipped"></skipped>
          </testcase>
          <testcase name="[It] [sig-storage] In-tree Volumes [Driver: local] [LocalVolumeType: dir-link-bindmounted] [Testpattern: Dynamic PV (block volmode)] volumes should store data" classname="Kubernetes e2e suite" status="skipped" time="0">
              <skipped message="skipped"></skipped>
          </testcase>
          <testcase name="[It] [sig-storage] VolumeAttributesClass [FeatureGate:VolumeAttributesClass] [Beta] [Feature:OffByDefault] should run through the lifecycle of a VolumeAttributesClass" classname="Kubernetes e2e suite" status="skipped" time="0">
              <skipped message="skipped"></skipped>
          </testcase>
          <testcase name="[It] [sig-apps] CronJob should be able to schedule after more than 100 missed schedule" classname="Kubernetes e2e suite" status="skipped" time="0">
              <skipped message="skipped"></skipped>
          </testcase>
          <testcase name="[It] [sig-api-machinery] API priority and fairness should support PriorityLevelConfiguration API operations [Conformance]" classname="Kubernetes e2e suite" status="passed" time="0.099033894"></testcase>
          <testcase name="[It] [sig-storage] CSI Volumes [Driver: pd.csi.storage.gke.io] [Serial] [Testpattern: Dynamic PV (default fs)] fsgroupchangepolicy (OnRootMismatch)[LinuxOnly], pod created with an initial fsgroup, new pod fsgroup applied to volume contents" classname="Kubernetes e2e suite" status="skipped" time="0">
              <skipped message="skipped"></skipped>
          </testcase>
          <testcase name="[It] [sig-storage] CSI Volumes [Driver: pd.csi.storage.gke.io] [Serial] [Testpattern: Dynamic PV (default fs)] volumes should allow exec of files on the volume" classname="Kubernetes e2e suite" status="skipped" time="0">
              <skipped message="skipped"></skipped>
          </testcase>
          <testcase name="[It] [sig-storage] In-tree Volumes [Driver: local] [LocalVolumeType: dir-link] [Testpattern: Dynamic PV (ntfs)] [Feature:Windows] subPath should support file as subpath [LinuxOnly]" classname="Kubernetes e2e suite" status="skipped" time="0">
              <skipped message="skipped"></skipped>
          </testcase>
          <testcase name="[It] [sig-storage] In-tree Volumes [Driver: azure-file] [Testpattern: Inline-volume (default fs)] subPath should support existing directory" classname="Kubernetes e2e suite" status="skipped" time="0">
              <skipped message="skipped"></skipped>
          </testcase>
          <testcase name="[It] [sig-storage] In-tree Volumes [Driver: hostPath] [Testpattern: Dynamic PV (immediate binding)] topology should fail to schedule a pod which has topologies that conflict with AllowedTopologies" classname="Kubernetes e2e suite" status="skipped" time="0">
              <skipped message="skipped"></skipped>
          </testcase>
          <testcase name="[It] [sig-storage] In-tree Volumes [Driver: hostPath] [Testpattern: Pre-provisioned PV (block volmode)] disruptive [Disruptive] [LinuxOnly] Should test that pv used in a pod that is force deleted while the kubelet is down cleans up when the kubelet returns." classname="Kubernetes e2e suite" status="skipped" time="0">
              <skipped message="skipped"></skipped>
          </testcase>
          <testcase name="[It] [sig-storage] In-tree Volumes [Driver: hostPath] [Testpattern: Dynamic PV (ntfs)] [Feature:Windows] subPath should fail if subpath file is outside the volume [Slow] [LinuxOnly]" classname="Kubernetes e2e suite" status="skipped" time="0">
              <skipped message="skipped"></skipped>
          </testcase>
          <testcase name="[It] [sig-storage] In-tree Volumes [Driver: hostPath] [Testpattern: Dynamic PV (ntfs)] [Feature:Windows] subPath should fail if subpath directory is outside the volume [Slow] [LinuxOnly]" classname="Kubernetes e2e suite" status="skipped" time="0">
              <skipped message="skipped"></skipped>
          </testcase>
          <testcase name="[It] [sig-storage] In-tree Volumes [Driver: vsphere] [Testpattern: Dynamic PV (filesystem volmode)] multiVolume [Slow] should concurrently access the volume and restored snapshot from pods on the same node [LinuxOnly] [Feature:VolumeSnapshotDataSource] [Feature:VolumeSourceXFS]" classname="Kubernetes e2e suite" status="skipped" time="0">
              <skipped message="skipped"></skipped>
          </testcase>
          <testcase name="[It] [sig-storage] In-tree Volumes [Driver: local] [LocalVolumeType: blockfs] [Testpattern: Generic Ephemeral-volume (default fs)] volumeLimits should support volume limits [Serial]" classname="Kubernetes e2e suite" status="skipped" time="0">
              <skipped message="skipped"></skipped>
          </testcase>
          <testcase name="[It] [sig-storage] CSI Volumes [Driver: pd.csi.storage.gke.io] [Serial] [Testpattern: Inline-volume (default fs)] subPath should unmount if pod is gracefully deleted while kubelet is down [Disruptive] [Slow] [LinuxOnly]" classname="Kubernetes e2e suite" status="skipped" time="0">
              <skipped message="skipped"></skipped>
          </testcase>
          <testcase name="[It] [sig-storage] PersistentVolumes NFS with multiple PVs and PVCs all in same ns should create 2 PVs and 4 PVCs: test write access" classname="Kubernetes e2e suite" status="skipped" time="0">
              <skipped message="skipped"></skipped>
          </testcase>
          <testcase name="[It] [sig-apps] CronJob should support timezone" classname="Kubernetes e2e suite" status="skipped" time="0">
              <skipped message="skipped"></skipped>
          </testcase>
          <testcase name="[It] [sig-storage] In-tree Volumes [Driver: hostPath] [Testpattern: Pre-provisioned PV (ntfs)] [Feature:Windows] volumes should store data" classname="Kubernetes e2e suite" status="skipped" time="0">
              <skipped message="skipped"></skipped>
          </testcase>
          <testcase name="[It] [sig-storage] In-tree Volumes [Driver: local] [LocalVolumeType: block] [Testpattern: Dynamic PV (block volmode)] multiVolume [Slow] should concurrently access the volume and restored snapshot from pods on the same node [LinuxOnly] [Feature:VolumeSnapshotDataSource] [Feature:VolumeSourceXFS]" classname="Kubernetes e2e suite" status="skipped" time="0">
              <skipped message="skipped"></skipped>
          </testcase>
          <testcase name="[It] [sig-storage] In-tree Volumes [Driver: hostPathSymlink] [Testpattern: Dynamic PV (ntfs)] [Feature:Windows] provisioning should provision storage with snapshot data source (ROX mode) [Feature:VolumeSnapshotDataSource]" classname="Kubernetes e2e suite" status="skipped" time="0">
              <skipped message="skipped"></skipped>
          </testcase>
          <testcase name="[It] [sig-storage] In-tree Volumes [Driver: cinder] [Testpattern: Dynamic PV (default fs)] subPath should unmount if pod is gracefully deleted while kubelet is down [Disruptive] [Slow] [LinuxOnly]" classname="Kubernetes e2e suite" status="skipped" time="0">
              <skipped message="skipped"></skipped>
          </testcase>
          <testcase name="[It] [sig-api-machinery] AdmissionWebhook [Privileged:ClusterAdmin] should mutate pod and apply defaults after mutation [Conformance]" classname="Kubernetes e2e suite" status="passed" time="3.281577725"></testcase>
          <testcase name="[It] [sig-storage] CSI Volumes [Driver: csi-hostpath] [Testpattern: Dynamic PV (xfs)] [Slow] volumes should allow exec of files on the volume" classname="Kubernetes e2e suite" status="skipped" time="0">
              <skipped message="skipped"></skipped>
          </testcase>
          <testcase name="[It] [sig-storage] In-tree Volumes [Driver: nfs] [Testpattern: Pre-provisioned PV (xfs)] [Slow] volumes should store data" classname="Kubernetes e2e suite" status="skipped" time="0">
              <skipped message="skipped"></skipped>
          </testcase>
          <testcase name="[It] [sig-storage] In-tree Volumes [Driver: vsphere] [Testpattern: Dynamic PV (delayed binding)] topology should fail to schedule a pod which has topologies that conflict with AllowedTopologies" classname="Kubernetes e2e suite" status="skipped" time="0">
              <skipped message="skipped"></skipped>
          </testcase>
          <testcase name="[It] [sig-node] Security Context should support pod.Spec.SecurityContext.SupplementalGroups [LinuxOnly]" classname="Kubernetes e2e suite" status="skipped" time="0">
              <skipped message="skipped"></skipped>
          </testcase>
          <testcase name="[It] [sig-apps] CronJob should schedule multiple jobs concurrently [Conformance]" classname="Kubernetes e2e suite" status="passed" time="96.034363617"></testcase>
          <testcase name="[It] [sig-storage] In-tree Volumes [Driver: local] [LocalVolumeType: dir-bindmounted] [Testpattern: Dynamic PV (ext4)] multiVolume [Slow] should access to two volumes with the same volume mode and retain data across pod recreation on the same node" classname="Kubernetes e2e suite" status="skipped" time="0">
              <skipped message="skipped"></skipped>
          </testcase>
          <testcase name="[It] [sig-storage] EmptyDir volumes when FSGroup is specified [LinuxOnly] nonexistent volume subPath should have the correct mode and owner using FSGroup" classname="Kubernetes e2e suite" status="skipped" time="0">
              <skipped message="skipped"></skipped>
          </testcase>
          <testcase name="[It] [sig-storage] CSI Volumes [Driver: csi-hostpath] [Testpattern: Pre-provisioned Snapshot (delete policy)] snapshottable [Feature:VolumeSnapshotDataSource] volume snapshot controller  should check snapshot fields, check restore correctly works after modifying source data, check deletion (persistent)" classname="Kubernetes e2e suite" status="skipped" time="0">
              <skipped message="skipped"></skipped>
          </testcase>
          <testcase name="[It] [sig-storage] In-tree Volumes [Driver: local] [LocalVolumeType: dir-link] [Testpattern: Pre-provisioned PV (default fs)] subPath should support existing directories when readOnly specified in the volumeSource" classname="Kubernetes e2e suite" status="skipped" time="0">
              <skipped message="skipped"></skipped>
          </testcase>
          <testcase name="[It] [sig-storage] PersistentVolumes NFS with Single PV - PVC pairs create a PV and a pre-bound PVC: test phase transition timestamp is set" classname="Kubernetes e2e suite" status="skipped" time="0">
              <skipped message="skipped"></skipped>
          </testcase>
          <testcase name="[It] [sig-storage] In-tree Volumes [Driver: local] [LocalVolumeType: blockfs] [Testpattern: Pre-provisioned PV (default fs)] subPath should support readOnly directory specified in the volumeMount" classname="Kubernetes e2e suite" status="skipped" time="0">
              <skipped message="skipped"></skipped>
          </testcase>
          <testcase name="[It] [sig-storage] In-tree Volumes [Driver: local] [LocalVolumeType: gce-localssd-scsi-fs] [Serial] [Testpattern: Pre-provisioned PV (block volmode)] disruptive [Disruptive] [LinuxOnly] Should test that pv used in a pod that is deleted while the kubelet is down cleans up when the kubelet returns." classname="Kubernetes e2e suite" status="skipped" time="0">
              <skipped message="skipped"></skipped>
          </testcase>
          <testcase name="[It] [sig-storage] In-tree Volumes [Driver: vsphere] [Testpattern: Inline-volume (default fs)] subPath should support readOnly directory specified in the volumeMount" classname="Kubernetes e2e suite" status="skipped" time="0">
              <skipped message="skipped"></skipped>
          </testcase>
          <testcase name="[It] [sig-storage] In-tree Volumes [Driver: hostPathSymlink] [Testpattern: Inline-volume (default fs)] subPath should fail if subpath file is outside the volume [Slow] [LinuxOnly]" classname="Kubernetes e2e suite" status="skipped" time="0">
              <skipped message="skipped"></skipped>
          </testcase>
          <testcase name="[It] [sig-storage] CSI Volumes [Driver: csi-hostpath] [Testpattern: Inline-volume (default fs)] subPath should support readOnly file specified in the volumeMount [LinuxOnly]" classname="Kubernetes e2e suite" status="skipped" time="0">
              <skipped message="skipped"></skipped>
          </testcase>
          <testcase name="[It] [sig-storage] CSI Volumes [Driver: pd.csi.storage.gke.io] [Serial] [Testpattern: Inline-volume (ext4)] volumes should store data" classname="Kubernetes e2e suite" status="skipped" time="0">
              <skipped message="skipped"></skipped>
          </testcase>
          <testcase name="[It] [sig-storage] In-tree Volumes [Driver: cinder] [Testpattern: Inline-volume (default fs)] subPath should support creating multiple subpath from same volumes [Slow]" classname="Kubernetes e2e suite" status="skipped" time="0">
              <skipped message="skipped"></skipped>
          </testcase>
          <testcase name="[It] [sig-node] Sysctls [LinuxOnly] [NodeConformance] should not launch unsafe, but not explicitly enabled sysctls on the node [MinimumKubeletVersion:1.21]" classname="Kubernetes e2e suite" status="skipped" time="0">
              <skipped message="skipped"></skipped>
          </testcase>
          <testcase name="[It] [sig-storage] CSI Volumes [Driver: csi-hostpath] [Testpattern: Dynamic PV (ntfs)] [Feature:Windows] subPath should unmount if pod is force deleted while kubelet is down [Disruptive] [Slow] [LinuxOnly]" classname="Kubernetes e2e suite" status="skipped" time="0">
              <skipped message="skipped"></skipped>
          </testcase>
          <testcase name="[It] [sig-storage] CSI Volumes [Driver: csi-hostpath] [Testpattern: Pre-provisioned PV (block volmode)] volumes should store data" classname="Kubernetes e2e suite" status="skipped" time="0">
              <skipped message="skipped"></skipped>
          </testcase>
          <testcase name="[It] [sig-storage] CSI Volumes [Driver: pd.csi.storage.gke.io] [Serial] [Testpattern: Inline-volume (default fs)] subPath should verify container cannot write to subpath readonly volumes [Slow]" classname="Kubernetes e2e suite" status="skipped" time="0">
              <skipped message="skipped"></skipped>
          </testcase>
          <testcase name="[It] [sig-api-machinery] ResourceQuota should create a ResourceQuota and ensure its status is promptly calculated. [Conformance]" classname="Kubernetes e2e suite" status="passed" time="7.035907113"></testcase>
          <testcase name="[It] [sig-node] AppArmor load AppArmor profiles can disable an AppArmor profile, using unconfined" classname="Kubernetes e2e suite" status="skipped" time="0">
              <skipped message="skipped"></skipped>
          </testcase>
          <testcase name="[It] [sig-storage] In-tree Volumes [Driver: local] [LocalVolumeType: gce-localssd-scsi-fs] [Serial] [Testpattern: Inline-volume (ntfs)] [Feature:Windows] volumes should allow exec of files on the volume" classname="Kubernetes e2e suite" status="skipped" time="0">
              <skipped message="skipped"></skipped>
          </testcase>
          <testcase name="[It] [sig-storage] In-tree Volumes [Driver: emptydir] [Testpattern: Dynamic PV (default fs)] provisioning should provision storage with snapshot data source [Feature:VolumeSnapshotDataSource]" classname="Kubernetes e2e suite" status="skipped" time="0">
              <skipped message="skipped"></skipped>
          </testcase>
          <testcase name="[It] [sig-storage] In-tree Volumes [Driver: azure-file] [Testpattern: Generic Ephemeral-volume (block volmode) (late-binding)] ephemeral should support two pods which have the same volume definition" classname="Kubernetes e2e suite" status="skipped" time="0">
              <skipped message="skipped"></skipped>
          </testcase>
          <testcase name="[It] [sig-storage] PersistentVolumes-local [Volume type: gce-localssd-scsi-fs] [Serial] One pod requesting one prebound PVC should be able to mount volume and write from pod1" classname="Kubernetes e2e suite" status="skipped" time="0">
              <skipped message="skipped"></skipped>
          </testcase>
          <testcase name="[It] [sig-storage] CSI Volumes [Driver: pd.csi.storage.gke.io] [Serial] [Testpattern: Pre-provisioned PV (block volmode)] volumeMode should not mount / map unused volumes in a pod [LinuxOnly]" classname="Kubernetes e2e suite" status="skipped" time="0">
              <skipped message="skipped"></skipped>
          </testcase>
          <testcase name="[It] [sig-storage] CSI Volumes [Driver: csi-hostpath] [Testpattern: Dynamic PV (ntfs)] [Feature:Windows] provisioning should provision storage with snapshot data source (ROX mode) [Feature:VolumeSnapshotDataSource]" classname="Kubernetes e2e suite" status="skipped" time="0">
              <skipped message="skipped"></skipped>
          </testcase>
          <testcase name="[It] [sig-storage] EmptyDir volumes should support (root,0666,default) [LinuxOnly] [NodeConformance] [Conformance]" classname="Kubernetes e2e suite" status="passed" time="4.072078812"></testcase>
          <testcase name="[It] [sig-node] [Feature:SidecarContainers] Restartable Init Container Lifecycle Hook when create a pod with lifecycle hook should execute prestop https hook properly [MinimumKubeletVersion:1.23]" classname="Kubernetes e2e suite" status="skipped" time="0">
              <skipped message="skipped"></skipped>
          </testcase>
          <testcase name="[It] [sig-storage] In-tree Volumes [Driver: local] [LocalVolumeType: gce-localssd-scsi-fs] [Serial] [Testpattern: Dynamic PV (block volmode)] disruptive [Disruptive] [LinuxOnly] Should test that pv used in a pod that is force deleted while the kubelet is down cleans up when the kubelet returns." classname="Kubernetes e2e suite" status="skipped" time="0">
              <skipped message="skipped"></skipped>
          </testcase>
          <testcase name="[It] [sig-storage] In-tree Volumes [Driver: azure-file] [Testpattern: Dynamic PV (block volmode)] multiVolume [Slow] should concurrently access the volume and its clone from pods on the same node [LinuxOnly] [Feature:VolumeSourceXFS]" classname="Kubernetes e2e suite" status="skipped" time="0">
              <skipped message="skipped"></skipped>
          </testcase>
          <testcase name="[It] [sig-storage] CSI Volumes [Driver: pd.csi.storage.gke.io] [Serial] [Testpattern: Dynamic PV (block volmode)] volume-modify [FeatureGate:VolumeAttributesClass] [Beta] [Feature:OffByDefault] should modify volume with no VAC" classname="Kubernetes e2e suite" status="skipped" time="0">
              <skipped message="skipped"></skipped>
          </testcase>
          <testcase name="[It] [sig-storage] In-tree Volumes [Driver: local] [LocalVolumeType: gce-localssd-scsi-fs] [Serial] [Testpattern: Pre-provisioned PV (default fs)] subPath should unmount if pod is gracefully deleted while kubelet is down [Disruptive] [Slow] [LinuxOnly]" classname="Kubernetes e2e suite" status="skipped" time="0">
              <skipped message="skipped"></skipped>
          </testcase>
          <testcase name="[It] [sig-storage] In-tree Volumes [Driver: vsphere] [Testpattern: Inline-volume (default fs)] subPath should support restarting containers using file as subpath [Slow] [LinuxOnly]" classname="Kubernetes e2e suite" status="skipped" time="0">
              <skipped message="skipped"></skipped>
          </testcase>
          <testcase name="[It] [sig-api-machinery] Server request timeout default timeout should be used if the specified timeout in the request URL is 0s" classname="Kubernetes e2e suite" status="skipped" time="0">
              <skipped message="skipped"></skipped>
          </testcase>
          <testcase name="[It] [sig-storage] In-tree Volumes [Driver: local] [LocalVolumeType: dir-link-bindmounted] [Testpattern: Dynamic PV (default fs)] subPath should fail if non-existent subpath is outside the volume [Slow] [LinuxOnly]" classname="Kubernetes e2e suite" status="skipped" time="0">
              <skipped message="skipped"></skipped>
          </testcase>
          <testcase name="[It] [sig-storage] In-tree Volumes [Driver: local] [LocalVolumeType: block] [Testpattern: Dynamic PV (default fs)] volumes should allow exec of files on the volume" classname="Kubernetes e2e suite" status="skipped" time="0">
              <skipped message="skipped"></skipped>
          </testcase>
          <testcase name="[It] [sig-storage] In-tree Volumes [Driver: hostPath] [Testpattern: Dynamic PV (default fs)] subPath should support existing single file [LinuxOnly]" classname="Kubernetes e2e suite" status="skipped" time="0">
              <skipped message="skipped"></skipped>
          </testcase>
          <testcase name="[It] [sig-storage] In-tree Volumes [Driver: iscsi] [Feature:Volumes] [Testpattern: Pre-provisioned PV (block volmode)] volumeMode should not mount / map unused volumes in a pod [LinuxOnly]" classname="Kubernetes e2e suite" status="skipped" time="0">
              <skipped message="skipped"></skipped>
          </testcase>
          <testcase name="[It] [sig-storage] Projected downwardAPI should set DefaultMode on files [LinuxOnly] [NodeConformance] [Conformance]" classname="Kubernetes e2e suite" status="passed" time="4.056469467"></testcase>
          <testcase name="[It] [sig-storage] CSI Volumes [Driver: csi-hostpath] [Testpattern: Dynamic PV (block volmode)] multiVolume [Slow] should access to two volumes with different volume mode and retain data across pod recreation on the same node" classname="Kubernetes e2e suite" status="skipped" time="0">
              <skipped message="skipped"></skipped>
          </testcase>
          <testcase name="[It] [sig-storage] In-tree Volumes [Driver: iscsi] [Feature:Volumes] [Testpattern: Dynamic PV (filesystem volmode)] disruptive [Disruptive] [LinuxOnly] Should test that pv used in a pod that is deleted while the kubelet is down is usable by a new pod when kubelet returns [Feature:SELinux]" classname="Kubernetes e2e suite" status="skipped" time="0">
              <skipped message="skipped"></skipped>
          </testcase>
          <testcase name="[It] [sig-storage] In-tree Volumes [Driver: local] [LocalVolumeType: dir] [Testpattern: Pre-provisioned PV (filesystem volmode)] disruptive [Disruptive] [LinuxOnly] Should test that pv used in a pod that is force deleted while the kubelet is down is usable by a new pod when kubelet returns [Feature:SELinux]" classname="Kubernetes e2e suite" status="skipped" time="0">
              <skipped message="skipped"></skipped>
          </testcase>
          <testcase name="[It] [sig-network] Netpol NetworkPolicy between server and client should ensure an IP overlapping both IPBlock.CIDR and IPBlock.Except is allowed [Feature:NetworkPolicy]" classname="Kubernetes e2e suite" status="skipped" time="0">
              <skipped message="skipped"></skipped>
          </testcase>
          <testcase name="[It] [sig-storage] In-tree Volumes [Driver: vsphere] [Testpattern: Dynamic PV (filesystem volmode)] disruptive [Disruptive] [LinuxOnly] Should test that pv used in a pod that is deleted while the kubelet is down is usable by a new pod when kubelet returns [Feature:SELinux]" classname="Kubernetes e2e suite" status="skipped" time="0">
              <skipped message="skipped"></skipped>
          </testcase>
          <testcase name="[It] [sig-storage] In-tree Volumes [Driver: local] [LocalVolumeType: block] [Testpattern: Dynamic PV (ntfs)] [Feature:Windows] provisioning should provision storage with pvc data source (ROX mode)" classname="Kubernetes e2e suite" status="skipped" time="0">
              <skipped message="skipped"></skipped>
          </testcase>
          <testcase name="[It] [sig-storage] In-tree Volumes [Driver: local] [LocalVolumeType: dir] [Testpattern: Generic Ephemeral-volume (default fs) (immediate-binding)] ephemeral should support multiple inline ephemeral volumes" classname="Kubernetes e2e suite" status="skipped" time="0">
              <skipped message="skipped"></skipped>
          </testcase>
          <testcase name="[It] [sig-storage] In-tree Volumes [Driver: nfs] [Testpattern: Pre-provisioned PV (default fs)] subPath should support readOnly directory specified in the volumeMount" classname="Kubernetes e2e suite" status="skipped" time="0">
              <skipped message="skipped"></skipped>
          </testcase>
          <testcase name="[It] [sig-storage] In-tree Volumes [Driver: hostPathSymlink] [Testpattern: Dynamic PV (block volmode)] provisioning should provision storage with snapshot data source (ROX mode) [Feature:VolumeSnapshotDataSource]" classname="Kubernetes e2e suite" status="skipped" time="0">
              <skipped message="skipped"></skipped>
          </testcase>
          <testcase name="[It] [sig-storage] In-tree Volumes [Driver: local] [LocalVolumeType: dir-bindmounted] [Testpattern: Pre-provisioned PV (block volmode)] multiVolume [Slow] should access to two volumes with the same volume mode and retain data across pod recreation on the same node" classname="Kubernetes e2e suite" status="skipped" time="0">
              <skipped message="skipped"></skipped>
          </testcase>
          <testcase name="[It] [sig-storage] In-tree Volumes [Driver: hostPathSymlink] [Testpattern: Dynamic PV (default fs)] subPath should verify container cannot write to subpath readonly volumes [Slow]" classname="Kubernetes e2e suite" status="skipped" time="0">
              <skipped message="skipped"></skipped>
          </testcase>
          <testcase name="[It] [sig-network] Netpol NetworkPolicy between server and client should enforce multiple egress policies with egress allow-all policy taking precedence [Feature:NetworkPolicy]" classname="Kubernetes e2e suite" status="skipped" time="0">
              <skipped message="skipped"></skipped>
          </testcase>
          <testcase name="[It] [sig-storage] In-tree Volumes [Driver: local] [LocalVolumeType: dir-link-bindmounted] [Testpattern: Dynamic PV (ntfs)] [Feature:Windows] subPath should unmount if pod is gracefully deleted while kubelet is down [Disruptive] [Slow] [LinuxOnly]" classname="Kubernetes e2e suite" status="skipped" time="0">
              <skipped message="skipped"></skipped>
          </testcase>
          <testcase name="[It] [sig-storage] In-tree Volumes [Driver: local] [LocalVolumeType: blockfs] [Testpattern: Dynamic PV (filesystem volmode)] multiVolume [Slow] should concurrently access the volume and restored snapshot from pods on the same node [LinuxOnly] [Feature:VolumeSnapshotDataSource] [Feature:VolumeSourceXFS]" classname="Kubernetes e2e suite" status="skipped" time="0">
              <skipped message="skipped"></skipped>
          </testcase>
          <testcase name="[It] [sig-storage] In-tree Volumes [Driver: vsphere] [Testpattern: Dynamic PV (ntfs)] [Feature:Windows] multiVolume [Slow] should concurrently access the volume and restored snapshot from pods on the same node [LinuxOnly] [Feature:VolumeSnapshotDataSource] [Feature:VolumeSourceXFS]" classname="Kubernetes e2e suite" status="skipped" time="0">
              <skipped message="skipped"></skipped>
          </testcase>
          <testcase name="[It] [sig-storage] In-tree Volumes [Driver: azure-file] [Testpattern: Dynamic PV (default fs)] subPath should be able to unmount after the subpath directory is deleted [LinuxOnly]" classname="Kubernetes e2e suite" status="skipped" time="0">
              <skipped message="skipped"></skipped>
          </testcase>
          <testcase name="[It] [sig-storage] In-tree Volumes [Driver: local] [LocalVolumeType: tmpfs] [Testpattern: Dynamic PV (filesystem volmode)] disruptive [Disruptive] [LinuxOnly] Should test that pv used in a pod that is force deleted while the kubelet is down is usable by a new pod when kubelet returns [Feature:SELinux]" classname="Kubernetes e2e suite" status="skipped" time="0">
              <skipped message="skipped"></skipped>
          </testcase>
          <testcase name="[It] [sig-storage] CSI Volumes [Driver: pd.csi.storage.gke.io] [Serial] [Testpattern: Dynamic PV (default fs)] subPath should support existing directories when readOnly specified in the volumeSource" classname="Kubernetes e2e suite" status="skipped" time="0">
              <skipped message="skipped"></skipped>
          </testcase>
          <testcase name="[It] [sig-storage] In-tree Volumes [Driver: local] [LocalVolumeType: dir-bindmounted] [Testpattern: Pre-provisioned PV (filesystem volmode)] disruptive [Disruptive] [LinuxOnly] Should test that pv used in a pod that is force deleted while the kubelet is down is usable by a new pod when kubelet returns [Feature:SELinux]" classname="Kubernetes e2e suite" status="skipped" time="0">
              <skipped message="skipped"></skipped>
          </testcase>
          <testcase name="[It] [sig-storage] CSI Volumes [Driver: pd.csi.storage.gke.io] [Serial] [Testpattern: Dynamic PV (default fs)] subPath should support existing single file [LinuxOnly]" classname="Kubernetes e2e suite" status="skipped" time="0">
              <skipped message="skipped"></skipped>
          </testcase>
          <testcase name="[It] [sig-storage] In-tree Volumes [Driver: hostPath] [Testpattern: Dynamic PV (xfs)] [Slow] multiVolume [Slow] should access to two volumes with different volume mode and retain data across pod recreation on different node" classname="Kubernetes e2e suite" status="skipped" time="0">
              <skipped message="skipped"></skipped>
          </testcase>
          <testcase name="[It] [sig-storage] In-tree Volumes [Driver: local] [LocalVolumeType: block] [Testpattern: Inline-volume (default fs)] subPath should support restarting containers using file as subpath [Slow] [LinuxOnly]" classname="Kubernetes e2e suite" status="skipped" time="0">
              <skipped message="skipped"></skipped>
          </testcase>
          <testcase name="[It] [sig-auth] SelfSubjectReview should support SelfSubjectReview API operations" classname="Kubernetes e2e suite" status="skipped" time="0">
              <skipped message="skipped"></skipped>
          </testcase>
          <testcase name="[It] [sig-storage] In-tree Volumes [Driver: azure-file] [Testpattern: Pre-provisioned PV (default fs)] subPath should fail if subpath with backstepping is outside the volume [Slow] [LinuxOnly]" classname="Kubernetes e2e suite" status="skipped" time="0">
              <skipped message="skipped"></skipped>
          </testcase>
          <testcase name="[It] [sig-network] DNS should support configurable pod resolv.conf" classname="Kubernetes e2e suite" status="skipped" time="0">
              <skipped message="skipped"></skipped>
          </testcase>
          <testcase name="[It] [sig-storage] In-tree Volumes [Driver: emptydir] [Testpattern: Dynamic PV (block volmode)] provisioning should provision storage with pvc data source in parallel [Slow]" classname="Kubernetes e2e suite" status="skipped" time="0">
              <skipped message="skipped"></skipped>
          </testcase>
          <testcase name="[It] [sig-network] [Feature:IPv6DualStack] should be able to reach pod on ipv4 and ipv6 ip" classname="Kubernetes e2e suite" status="skipped" time="0">
              <skipped message="skipped"></skipped>
          </testcase>
          <testcase name="[It] [sig-storage] PersistentVolumes NFS when invoking the Recycle reclaim policy should test that a PV becomes Available and is clean after the PVC is deleted." classname="Kubernetes e2e suite" status="skipped" time="0">
              <skipped message="skipped"></skipped>
          </testcase>
          <testcase name="[It] [sig-storage] In-tree Volumes [Driver: cinder] [Testpattern: Dynamic PV (default fs)] subPath should unmount if pod is force deleted while kubelet is down [Disruptive] [Slow] [LinuxOnly]" classname="Kubernetes e2e suite" status="skipped" time="0">
              <skipped message="skipped"></skipped>
          </testcase>
          <testcase name="[It] [sig-storage] In-tree Volumes [Driver: cinder] [Testpattern: Dynamic PV (ext4)] multiVolume [Slow] should concurrently access the single volume from pods on different node" classname="Kubernetes e2e suite" status="skipped" time="0">
              <skipped message="skipped"></skipped>
          </testcase>
          <testcase name="[It] [sig-storage] In-tree Volumes [Driver: azure-disk] [Testpattern: Generic Ephemeral-volume (default fs) (late-binding)] ephemeral should support multiple inline ephemeral volumes" classname="Kubernetes e2e suite" status="skipped" time="0">
              <skipped message="skipped"></skipped>
          </testcase>
          <testcase name="[It] [sig-storage] In-tree Volumes [Driver: local] [LocalVolumeType: tmpfs] [Testpattern: Dynamic PV (ntfs)] [Feature:Windows] subPath should support existing single file [LinuxOnly]" classname="Kubernetes e2e suite" status="skipped" time="0">
              <skipped message="skipped"></skipped>
          </testcase>
          <testcase name="[It] [sig-windows] Services should be able to create a functioning NodePort service for Windows" classname="Kubernetes e2e suite" status="skipped" time="0">
              <skipped message="skipped"></skipped>
          </testcase>
          <testcase name="[It] [sig-storage] In-tree Volumes [Driver: azure-file] [Testpattern: Dynamic PV (default fs)] fsgroupchangepolicy (Always)[LinuxOnly], pod created with an initial fsgroup, new pod fsgroup applied to volume contents" classname="Kubernetes e2e suite" status="skipped" time="0">
              <skipped message="skipped"></skipped>
          </testcase>
          <testcase name="[It] [sig-storage] In-tree Volumes [Driver: hostPath] [Testpattern: Dynamic PV (ntfs)] [Feature:Windows] provisioning should provision storage with snapshot data source (ROX mode) [Feature:VolumeSnapshotDataSource]" classname="Kubernetes e2e suite" status="skipped" time="0">
              <skipped message="skipped"></skipped>
          </testcase>
          <testcase name="[It] [sig-storage] In-tree Volumes [Driver: local] [LocalVolumeType: dir-link] [Testpattern: Dynamic PV (ntfs)] [Feature:Windows] subPath should fail if subpath with backstepping is outside the volume [Slow] [LinuxOnly]" classname="Kubernetes e2e suite" status="skipped" time="0">
              <skipped message="skipped"></skipped>
          </testcase>
          <testcase name="[It] [sig-storage] In-tree Volumes [Driver: local] [LocalVolumeType: gce-localssd-scsi-fs] [Serial] [Testpattern: Dynamic PV (ntfs)] [Feature:Windows] multiVolume [Slow] should access to two volumes with the same volume mode and retain data across pod recreation on the same node" classname="Kubernetes e2e suite" status="skipped" time="0">
              <skipped message="skipped"></skipped>
          </testcase>
          <testcase name="[It] [sig-node] InitContainer [NodeConformance] should invoke init containers on a RestartAlways pod [Conformance]" classname="Kubernetes e2e suite" status="passed" time="2.974246522"></testcase>
          <testcase name="[It] [sig-storage] In-tree Volumes [Driver: nfs] [Testpattern: Pre-provisioned PV (block volmode)] multiVolume [Slow] should access to two volumes with different volume mode and retain data across pod recreation on different node" classname="Kubernetes e2e suite" status="skipped" time="0">
              <skipped message="skipped"></skipped>
          </testcase>
          <testcase name="[It] [sig-storage] CSI Volumes [Driver: csi-hostpath] [Testpattern: Pre-provisioned PV (filesystem volmode)] volumeMode should not mount / map unused volumes in a pod [LinuxOnly]" classname="Kubernetes e2e suite" status="skipped" time="0">
              <skipped message="skipped"></skipped>
          </testcase>
          <testcase name="[It] [sig-storage] In-tree Volumes [Driver: local] [LocalVolumeType: dir-link] [Testpattern: Dynamic PV (immediate binding)] topology should provision a volume and schedule a pod with AllowedTopologies" classname="Kubernetes e2e suite" status="skipped" time="0">
              <skipped message="skipped"></skipped>
          </testcase>
          <testcase name="[It] [sig-network] Networking Granular Checks: Services should function for node-Service: http" classname="Kubernetes e2e suite" status="skipped" time="0">
              <skipped message="skipped"></skipped>
          </testcase>
          <testcase name="[It] [sig-apps] ReplicationController should test the lifecycle of a ReplicationController [Conformance]" classname="Kubernetes e2e suite" status="passed" time="2.066244797"></testcase>
          <testcase name="[It] [sig-storage] In-tree Volumes [Driver: emptydir] [Testpattern: Dynamic PV (ntfs)] [Feature:Windows] provisioning should provision storage with mount options" classname="Kubernetes e2e suite" status="skipped" time="0">
              <skipped message="skipped"></skipped>
          </testcase>
          <testcase name="[It] [sig-storage] In-tree Volumes [Driver: local] [LocalVolumeType: gce-localssd-scsi-fs] [Serial] [Testpattern: Pre-provisioned PV (default fs)] subPath should verify container cannot write to subpath readonly volumes [Slow]" classname="Kubernetes e2e suite" status="skipped" time="0">
              <skipped message="skipped"></skipped>
          </testcase>
          <testcase name="[It] [sig-storage] In-tree Volumes [Driver: nfs] [Testpattern: Dynamic PV (filesystem volmode)] multiVolume [Slow] should access to two volumes with different volume mode and retain data across pod recreation on the same node" classname="Kubernetes e2e suite" status="skipped" time="0">
              <skipped message="skipped"></skipped>
          </testcase>
          <testcase name="[It] [sig-node] Container Lifecycle Hook when create a pod with lifecycle hook should execute prestop http hook properly [NodeConformance] [Conformance]" classname="Kubernetes e2e suite" status="passed" time="6.265508934"></testcase>
          <testcase name="[It] [sig-storage] In-tree Volumes [Driver: local] [LocalVolumeType: tmpfs] [Testpattern: Dynamic PV (delayed binding)] topology should fail to schedule a pod which has topologies that conflict with AllowedTopologies" classname="Kubernetes e2e suite" status="skipped" time="0">
              <skipped message="skipped"></skipped>
          </testcase>
          <testcase name="[It] [sig-storage] In-tree Volumes [Driver: local] [LocalVolumeType: dir] [Testpattern: Dynamic PV (block volmode)] volumeMode should fail in binding dynamic provisioned PV to PVC [Slow] [LinuxOnly]" classname="Kubernetes e2e suite" status="skipped" time="0">
              <skipped message="skipped"></skipped>
          </testcase>
          <testcase name="[It] [sig-storage] In-tree Volumes [Driver: cinder] [Testpattern: Dynamic PV (xfs)] [Slow] volumes should allow exec of files on the volume" classname="Kubernetes e2e suite" status="skipped" time="0">
              <skipped message="skipped"></skipped>
          </testcase>
          <testcase name="[It] [sig-storage] In-tree Volumes [Driver: emptydir] [Testpattern: Inline-volume (default fs)] subPath should fail if subpath directory is outside the volume [Slow] [LinuxOnly]" classname="Kubernetes e2e suite" status="skipped" time="0">
              <skipped message="skipped"></skipped>
          </testcase>
          <testcase name="[It] [sig-storage] In-tree Volumes [Driver: local] [LocalVolumeType: dir] [Testpattern: Pre-provisioned PV (filesystem volmode)] volumeMode should fail to use a volume in a pod with mismatched mode [Slow]" classname="Kubernetes e2e suite" status="skipped" time="0">
              <skipped message="skipped"></skipped>
          </testcase>
          <testcase name="[It] [sig-storage] In-tree Volumes [Driver: local] [LocalVolumeType: gce-localssd-scsi-fs] [Serial] [Testpattern: Pre-provisioned PV (block volmode)] multiVolume [Slow] should concurrently access the single volume from pods on different node" classname="Kubernetes e2e suite" status="skipped" time="0">
              <skipped message="skipped"></skipped>
          </testcase>
          <testcase name="[It] [sig-storage] In-tree Volumes [Driver: local] [LocalVolumeType: dir-link] [Testpattern: Dynamic PV (filesystem volmode)] disruptive [Disruptive] [LinuxOnly] Should test that pv used in a pod that is force deleted while the kubelet is down is usable by a new pod with a different SELinux context when kubelet returns [Feature:SELinux]" classname="Kubernetes e2e suite" status="skipped" time="0">
              <skipped message="skipped"></skipped>
          </testcase>
          <testcase name="[It] [sig-storage] In-tree Volumes [Driver: local] [LocalVolumeType: block] [Testpattern: Dynamic PV (ntfs)] [Feature:Windows] subPath should support file as subpath [LinuxOnly]" classname="Kubernetes e2e suite" status="skipped" time="0">
              <skipped message="skipped"></skipped>
          </testcase>
          <testcase name="[It] [sig-storage] In-tree Volumes [Driver: nfs] [Testpattern: Dynamic PV (default fs)] subPath should support restarting containers using file as subpath [Slow] [LinuxOnly]" classname="Kubernetes e2e suite" status="skipped" time="0">
              <skipped message="skipped"></skipped>
          </testcase>
          <testcase name="[It] [sig-storage] In-tree Volumes [Driver: local] [LocalVolumeType: dir-link-bindmounted] [Testpattern: Pre-provisioned PV (filesystem volmode)] disruptive [Disruptive] [LinuxOnly] Should test that pv written before kubelet restart is readable after restart." classname="Kubernetes e2e suite" status="skipped" time="0">
              <skipped message="skipped"></skipped>
          </testcase>
          <testcase name="[It] [sig-storage] In-tree Volumes [Driver: local] [LocalVolumeType: dir] [Testpattern: Pre-provisioned PV (block volmode)] multiVolume [Slow] should concurrently access the volume and its clone from pods on the same node [LinuxOnly] [Feature:VolumeSourceXFS]" classname="Kubernetes e2e suite" status="skipped" time="0">
              <skipped message="skipped"></skipped>
          </testcase>
          <testcase name="[It] [sig-storage] In-tree Volumes [Driver: cinder] [Testpattern: Dynamic PV (ntfs)] [Feature:Windows] provisioning should provision storage with pvc data source (ROX mode)" classname="Kubernetes e2e suite" status="skipped" time="0">
              <skipped message="skipped"></skipped>
          </testcase>
          <testcase name="[It] [sig-storage] In-tree Volumes [Driver: local] [LocalVolumeType: block] [Testpattern: Dynamic PV (block volmode)] multiVolume [Slow] should access to two volumes with different volume mode and retain data across pod recreation on different node" classname="Kubernetes e2e suite" status="skipped" time="0">
              <skipped message="skipped"></skipped>
          </testcase>
          <testcase name="[It] [sig-storage] In-tree Volumes [Driver: local] [LocalVolumeType: block] [Testpattern: Dynamic PV (ext4)] multiVolume [Slow] should access to two volumes with the same volume mode and retain data across pod recreation on the same node" classname="Kubernetes e2e suite" status="skipped" time="0">
              <skipped message="skipped"></skipped>
          </testcase>
          <testcase name="[It] [sig-storage] In-tree Volumes [Driver: local] [LocalVolumeType: block] [Testpattern: Pre-provisioned PV (default fs)] subPath should support restarting containers using directory as subpath [Slow]" classname="Kubernetes e2e suite" status="skipped" time="0">
              <skipped message="skipped"></skipped>
          </testcase>
          <testcase name="[It] [sig-storage] In-tree Volumes [Driver: vsphere] [Testpattern: Generic Ephemeral-volume (block volmode) (late-binding)] ephemeral should create read/write inline ephemeral volume" classname="Kubernetes e2e suite" status="skipped" time="0">
              <skipped message="skipped"></skipped>
          </testcase>
          <testcase name="[It] [sig-apps] CronJob should not schedule jobs when suspended [Slow] [Conformance]" classname="Kubernetes e2e suite" status="passed" time="300.03432076"></testcase>
          <testcase name="[It] [sig-storage] In-tree Volumes [Driver: local] [LocalVolumeType: block] [Testpattern: Dynamic PV (ntfs)] [Feature:Windows] provisioning should provision storage with mount options" classname="Kubernetes e2e suite" status="skipped" time="0">
              <skipped message="skipped"></skipped>
          </testcase>
          <testcase name="[It] [sig-storage] In-tree Volumes [Driver: hostPath] [Testpattern: Dynamic PV (xfs)] [Slow] multiVolume [Slow] should access to two volumes with the same volume mode and retain data across pod recreation on the same node" classname="Kubernetes e2e suite" status="skipped" time="0">
              <skipped message="skipped"></skipped>
          </testcase>
          <testcase name="[It] [sig-storage] In-tree Volumes [Driver: vsphere] [Testpattern: Generic Ephemeral-volume (default fs) (immediate-binding)] ephemeral should support two pods which have the same volume definition" classname="Kubernetes e2e suite" status="skipped" time="0">
              <skipped message="skipped"></skipped>
          </testcase>
          <testcase name="[It] [sig-storage] In-tree Volumes [Driver: emptydir] [Testpattern: Dynamic PV (ntfs)] [Feature:Windows] multiVolume [Slow] should concurrently access the single volume from pods on the same node" classname="Kubernetes e2e suite" status="skipped" time="0">
              <skipped message="skipped"></skipped>
          </testcase>
          <testcase name="[It] [sig-storage] In-tree Volumes [Driver: local] [LocalVolumeType: gce-localssd-scsi-fs] [Serial] [Testpattern: Inline-volume (default fs)] subPath should support file as subpath [LinuxOnly]" classname="Kubernetes e2e suite" status="skipped" time="0">
              <skipped message="skipped"></skipped>
          </testcase>
          <testcase name="[It] [sig-storage] In-tree Volumes [Driver: hostPath] [Testpattern: Dynamic PV (ntfs)(allowExpansion)] [Feature:Windows] volume-expand should resize volume when PVC is edited while pod is using it" classname="Kubernetes e2e suite" status="skipped" time="0">
              <skipped message="skipped"></skipped>
          </testcase>
          <testcase name="[It] [sig-storage] CSI Mock workload info CSI workload information using mock driver contain ephemeral=true when using inline volume" classname="Kubernetes e2e suite" status="skipped" time="0">
              <skipped message="skipped"></skipped>
          </testcase>
          <testcase name="[It] [sig-storage] In-tree Volumes [Driver: local] [LocalVolumeType: dir-link-bindmounted] [Testpattern: Dynamic PV (xfs)] [Slow] multiVolume [Slow] should concurrently access the volume and its clone from pods on the same node [LinuxOnly] [Feature:VolumeSourceXFS]" classname="Kubernetes e2e suite" status="skipped" time="0">
              <skipped message="skipped"></skipped>
          </testcase>
          <testcase name="[It] [sig-storage] In-tree Volumes [Driver: iscsi] [Feature:Volumes] [Testpattern: Dynamic PV (default fs)] subPath should fail if subpath file is outside the volume [Slow] [LinuxOnly]" classname="Kubernetes e2e suite" status="skipped" time="0">
              <skipped message="skipped"></skipped>
          </testcase>
          <testcase name="[It] [sig-node] Container Runtime blackbox test when starting a container that exits should run with the expected status [NodeConformance] [Conformance]" classname="Kubernetes e2e suite" status="passed" time="23.226542821"></testcase>
          <testcase name="[It] [sig-storage] CSI Mock volume fsgroup policies CSI FSGroupPolicy [LinuxOnly] should modify fsGroup if fsGroupPolicy=default" classname="Kubernetes e2e suite" status="skipped" time="0">
              <skipped message="skipped"></skipped>
          </testcase>
          <testcase name="[It] [sig-storage] ConfigMap should be consumable from pods in volume with mappings and Item mode set [LinuxOnly] [NodeConformance] [Conformance]" classname="Kubernetes e2e suite" status="passed" time="2.0736234590000002"></testcase>
          <testcase name="[It] [sig-apps] DisruptionController evictions: too few pods, replicaSet, percentage =&gt; should not allow an eviction [Serial]" classname="Kubernetes e2e suite" status="skipped" time="0">
              <skipped message="skipped"></skipped>
          </testcase>
          <testcase name="[It] [sig-storage] In-tree Volumes [Driver: hostPath] [Testpattern: Dynamic PV (block volmode)] multiVolume [Slow] should access to two volumes with the same volume mode and retain data across pod recreation on different node" classname="Kubernetes e2e suite" status="skipped" time="0">
              <skipped message="skipped"></skipped>
          </testcase>
          <testcase name="[It] [sig-storage] Dynamic Provisioning DynamicProvisioner Default should be disabled by changing the default annotation [Serial] [Disruptive]" classname="Kubernetes e2e suite" status="skipped" time="0">
              <skipped message="skipped"></skipped>
          </testcase>
          <testcase name="[It] [sig-cli] Kubectl client Kubectl create quota should create a quota without scopes" classname="Kubernetes e2e suite" status="skipped" time="0">
              <skipped message="skipped"></skipped>
          </testcase>
          <testcase name="[It] [sig-storage] In-tree Volumes [Driver: local] [LocalVolumeType: dir-link-bindmounted] [Testpattern: Dynamic PV (default fs)] fsgroupchangepolicy (Always)[LinuxOnly], pod created with an initial fsgroup, new pod fsgroup applied to volume contents" classname="Kubernetes e2e suite" status="skipped" time="0">
              <skipped message="skipped"></skipped>
          </testcase>
          <testcase name="[It] [sig-storage] In-tree Volumes [Driver: emptydir] [Testpattern: Generic Ephemeral-volume (default fs)] volumeLimits should support volume limits [Serial]" classname="Kubernetes e2e suite" status="skipped" time="0">
              <skipped message="skipped"></skipped>
          </testcase>
          <testcase name="[It] [sig-node] [Feature:SidecarContainers] Probing restartable init container should be restarted with a /healthz http liveness probe" classname="Kubernetes e2e suite" status="skipped" time="0">
              <skipped message="skipped"></skipped>
          </testcase>
          <testcase name="[It] [sig-storage] In-tree Volumes [Driver: local] [LocalVolumeType: dir-link] [Testpattern: Dynamic PV (filesystem volmode)] multiVolume [Slow] should access to two volumes with the same volume mode and retain data across pod recreation on the same node" classname="Kubernetes e2e suite" status="skipped" time="0">
              <skipped message="skipped"></skipped>
          </testcase>
          <testcase name="[It] [sig-storage] In-tree Volumes [Driver: hostPath] [Testpattern: Dynamic PV (ntfs)] [Feature:Windows] subPath should support existing directory" classname="Kubernetes e2e suite" status="skipped" time="0">
              <skipped message="skipped"></skipped>
          </testcase>
          <testcase name="[It] [sig-scheduling] SchedulerPredicates [Serial] validates resource limits of pods that are allowed to run [Conformance]" classname="Kubernetes e2e suite" status="passed" time="3.297050479"></testcase>
          <testcase name="[It] [sig-storage] In-tree Volumes [Driver: local] [LocalVolumeType: block] [Testpattern: Inline-volume (default fs)] subPath should support file as subpath [LinuxOnly]" classname="Kubernetes e2e suite" status="skipped" time="0">
              <skipped message="skipped"></skipped>
          </testcase>
          <testcase name="[It] [sig-storage] In-tree Volumes [Driver: vsphere] [Testpattern: Dynamic PV (ntfs)] [Feature:Windows] subPath should support restarting containers using file as subpath [Slow] [LinuxOnly]" classname="Kubernetes e2e suite" status="skipped" time="0">
              <skipped message="skipped"></skipped>
          </testcase>
          <testcase name="[It] [sig-storage] In-tree Volumes [Driver: local] [LocalVolumeType: dir-link] [Testpattern: Pre-provisioned PV (default fs)] subPath should support restarting containers using file as subpath [Slow] [LinuxOnly]" classname="Kubernetes e2e suite" status="skipped" time="0">
              <skipped message="skipped"></skipped>
          </testcase>
          <testcase name="[It] [sig-storage] In-tree Volumes [Driver: hostPath] [Testpattern: Dynamic PV (block volmode)] multiVolume [Slow] should concurrently access the volume and restored snapshot from pods on the same node [LinuxOnly] [Feature:VolumeSnapshotDataSource] [Feature:VolumeSourceXFS]" classname="Kubernetes e2e suite" status="skipped" time="0">
              <skipped message="skipped"></skipped>
          </testcase>
          <testcase name="[It] [sig-storage] In-tree Volumes [Driver: hostPath] [Testpattern: Dynamic PV (block volmode)] multiVolume [Slow] should concurrently access the single volume from pods on the same node" classname="Kubernetes e2e suite" status="skipped" time="0">
              <skipped message="skipped"></skipped>
          </testcase>
          <testcase name="[It] [sig-storage] CSI Volumes [Driver: pd.csi.storage.gke.io] [Serial] [Testpattern: Dynamic PV (default fs)] provisioning should provision storage with pvc data source" classname="Kubernetes e2e suite" status="skipped" time="0">
              <skipped message="skipped"></skipped>
          </testcase>
          <testcase name="[It] [sig-storage] In-tree Volumes [Driver: azure-file] [Testpattern: Pre-provisioned PV (ext3)] volumes should allow exec of files on the volume" classname="Kubernetes e2e suite" status="skipped" time="0">
              <skipped message="skipped"></skipped>
          </testcase>
          <testcase name="[It] [sig-storage] In-tree Volumes [Driver: cinder] [Testpattern: Dynamic PV (default fs)] volumes should store data" classname="Kubernetes e2e suite" status="skipped" time="0">
              <skipped message="skipped"></skipped>
          </testcase>
          <testcase name="[It] [sig-storage] In-tree Volumes [Driver: hostPath] [Testpattern: Dynamic PV (delayed binding)] topology should fail to schedule a pod which has topologies that conflict with AllowedTopologies" classname="Kubernetes e2e suite" status="skipped" time="0">
              <skipped message="skipped"></skipped>
          </testcase>
          <testcase name="[It] [sig-storage] In-tree Volumes [Driver: local] [LocalVolumeType: dir-bindmounted] [Testpattern: Dynamic PV (ext4)] multiVolume [Slow] should concurrently access the single volume from pods on the same node" classname="Kubernetes e2e suite" status="skipped" time="0">
              <skipped message="skipped"></skipped>
          </testcase>
          <testcase name="[It] [sig-storage] In-tree Volumes [Driver: hostPathSymlink] [Testpattern: Generic Ephemeral-volume (block volmode) (late-binding)] ephemeral should support expansion of pvcs created for ephemeral pvcs" classname="Kubernetes e2e suite" status="skipped" time="0">
              <skipped message="skipped"></skipped>
          </testcase>
          <testcase name="[It] [sig-storage] In-tree Volumes [Driver: cinder] [Testpattern: Dynamic PV (ext4)] multiVolume [Slow] should concurrently access the volume and restored snapshot from pods on the same node [LinuxOnly] [Feature:VolumeSnapshotDataSource] [Feature:VolumeSourceXFS]" classname="Kubernetes e2e suite" status="skipped" time="0">
              <skipped message="skipped"></skipped>
          </testcase>
          <testcase name="[It] [sig-storage] In-tree Volumes [Driver: local] [LocalVolumeType: dir] [Testpattern: Pre-provisioned PV (block volmode)] volumes should store data" classname="Kubernetes e2e suite" status="skipped" time="0">
              <skipped message="skipped"></skipped>
          </testcase>
          <testcase name="[It] [sig-storage] In-tree Volumes [Driver: hostPath] [Testpattern: Dynamic PV (default fs)] capacity provides storage capacity information" classname="Kubernetes e2e suite" status="skipped" time="0">
              <skipped message="skipped"></skipped>
          </testcase>
          <testcase name="[It] [sig-storage] In-tree Volumes [Driver: azure-file] [Testpattern: Dynamic PV (block volmode)] volume-stress multiple pods should access different volumes repeatedly [Slow] [Serial]" classname="Kubernetes e2e suite" status="skipped" time="0">
              <skipped message="skipped"></skipped>
          </testcase>
          <testcase name="[It] [sig-storage] CSI Volumes [Driver: pd.csi.storage.gke.io] [Serial] [Testpattern: Dynamic PV (ntfs)] [Feature:Windows] subPath should unmount if pod is gracefully deleted while kubelet is down [Disruptive] [Slow] [LinuxOnly]" classname="Kubernetes e2e suite" status="skipped" time="0">
              <skipped message="skipped"></skipped>
          </testcase>
          <testcase name="[It] [sig-storage] In-tree Volumes [Driver: vsphere] [Testpattern: Dynamic PV (default fs)] provisioning should provision storage with snapshot data source (ROX mode) [Feature:VolumeSnapshotDataSource]" classname="Kubernetes e2e suite" status="skipped" time="0">
              <skipped message="skipped"></skipped>
          </testcase>
          <testcase name="[It] [sig-storage] In-tree Volumes [Driver: hostPathSymlink] [Testpattern: Pre-provisioned PV (filesystem volmode)] volumeMode should fail to use a volume in a pod with mismatched mode [Slow]" classname="Kubernetes e2e suite" status="skipped" time="0">
              <skipped message="skipped"></skipped>
          </testcase>
          <testcase name="[It] [sig-storage] In-tree Volumes [Driver: local] [LocalVolumeType: dir-bindmounted] [Testpattern: Dynamic PV (block volmode)] volumeMode should not mount / map unused volumes in a pod [LinuxOnly]" classname="Kubernetes e2e suite" status="skipped" time="0">
              <skipped message="skipped"></skipped>
          </testcase>
          <testcase name="[It] [sig-apps] StatefulSet Basic StatefulSet functionality [StatefulSetBasic] should implement legacy replacement when the update strategy is OnDelete" classname="Kubernetes e2e suite" status="skipped" time="0">
              <skipped message="skipped"></skipped>
          </testcase>
          <testcase name="[It] [sig-node] Security Context SupplementalGroupsPolicy [LinuxOnly] [Feature:SupplementalGroupsPolicy] [FeatureGate:SupplementalGroupsPolicy] [Beta] when SupplementalGroupsPolicy was set to Strict in PodSpec when the container&#39;s primary UID belongs to some groups in the image when scheduled node supports SupplementalGroupsPolicy it should NOT add SupplementalGroups to them [LinuxOnly]" classname="Kubernetes e2e suite" status="skipped" time="0">
              <skipped message="skipped"></skipped>
          </testcase>
          <testcase name="[It] [sig-storage] In-tree Volumes [Driver: iscsi] [Feature:Volumes] [Testpattern: Dynamic PV (default fs)] subPath should support restarting containers using directory as subpath [Slow]" classname="Kubernetes e2e suite" status="skipped" time="0">
              <skipped message="skipped"></skipped>
          </testcase>
          <testcase name="[It] [sig-network] Services should test the lifecycle of an Endpoint [Conformance]" classname="Kubernetes e2e suite" status="passed" time="0.060592937"></testcase>
          <testcase name="[It] [sig-storage] CSI Volumes [Driver: csi-hostpath] [Testpattern: Dynamic PV (default fs)] volume-stress multiple pods should access different volumes repeatedly [Slow] [Serial]" classname="Kubernetes e2e suite" status="skipped" time="0">
              <skipped message="skipped"></skipped>
          </testcase>
          <testcase name="[It] [sig-storage] In-tree Volumes [Driver: local] [LocalVolumeType: dir] [Testpattern: Dynamic PV (ntfs)] [Feature:Windows] subPath should support non-existent path" classname="Kubernetes e2e suite" status="skipped" time="0">
              <skipped message="skipped"></skipped>
          </testcase>
          <testcase name="[It] [sig-storage] In-tree Volumes [Driver: vsphere] [Testpattern: Dynamic PV (ext4)] multiVolume [Slow] should concurrently access the single read-only volume from pods on the same node" classname="Kubernetes e2e suite" status="skipped" time="0">
              <skipped message="skipped"></skipped>
          </testcase>
          <testcase name="[It] [sig-storage] In-tree Volumes [Driver: local] [LocalVolumeType: dir-bindmounted] [Testpattern: Dynamic PV (default fs)] subPath should support restarting containers using file as subpath [Slow] [LinuxOnly]" classname="Kubernetes e2e suite" status="skipped" time="0">
              <skipped message="skipped"></skipped>
          </testcase>
          <testcase name="[It] [sig-storage] CSI Volumes [Driver: pd.csi.storage.gke.io] [Serial] [Testpattern: Pre-provisioned PV (block volmode)] disruptive [Disruptive] [LinuxOnly] Should test that pv written before kubelet restart is readable after restart." classname="Kubernetes e2e suite" status="skipped" time="0">
              <skipped message="skipped"></skipped>
          </testcase>
          <testcase name="[It] [sig-storage] In-tree Volumes [Driver: local] [LocalVolumeType: dir-link-bindmounted] [Testpattern: Pre-provisioned PV (block volmode)] multiVolume [Slow] should access to two volumes with different volume mode and retain data across pod recreation on the same node" classname="Kubernetes e2e suite" status="skipped" time="0">
              <skipped message="skipped"></skipped>
          </testcase>
          <testcase name="[It] [sig-storage] In-tree Volumes [Driver: local] [LocalVolumeType: dir-link] [Testpattern: Dynamic PV (ntfs)] [Feature:Windows] multiVolume [Slow] should access to two volumes with the same volume mode and retain data across pod recreation on different node" classname="Kubernetes e2e suite" status="skipped" time="0">
              <skipped message="skipped"></skipped>
          </testcase>
          <testcase name="[It] [sig-storage] In-tree Volumes [Driver: azure-disk] [Testpattern: Pre-provisioned PV (filesystem volmode)] multiVolume [Slow] should concurrently access the single volume from pods on different node" classname="Kubernetes e2e suite" status="skipped" time="0">
              <skipped message="skipped"></skipped>
          </testcase>
          <testcase name="[It] [sig-storage] In-tree Volumes [Driver: local] [LocalVolumeType: dir] [Testpattern: Dynamic PV (filesystem volmode)] multiVolume [Slow] should access to two volumes with the same volume mode and retain data across pod recreation on different node" classname="Kubernetes e2e suite" status="skipped" time="0">
              <skipped message="skipped"></skipped>
          </testcase>
          <testcase name="[It] [sig-apps] StatefulSet Basic StatefulSet functionality [StatefulSetBasic] should perform rolling updates and roll backs of template modifications [Conformance]" classname="Kubernetes e2e suite" status="passed" time="310.5295656"></testcase>
          <testcase name="[It] [sig-storage] In-tree Volumes [Driver: vsphere] [Testpattern: Inline-volume (default fs)] subPath should support non-existent path" classname="Kubernetes e2e suite" status="skipped" time="0">
              <skipped message="skipped"></skipped>
          </testcase>
          <testcase name="[It] [sig-storage] In-tree Volumes [Driver: azure-file] [Testpattern: Dynamic PV (default fs)] subPath should verify container cannot write to subpath readonly volumes [Slow]" classname="Kubernetes e2e suite" status="skipped" time="0">
              <skipped message="skipped"></skipped>
          </testcase>
          <testcase name="[It] [sig-storage] In-tree Volumes [Driver: local] [LocalVolumeType: dir-bindmounted] [Testpattern: Dynamic PV (default fs)] fsgroupchangepolicy (OnRootMismatch)[LinuxOnly], pod created with an initial fsgroup, volume contents ownership changed via chgrp in first pod, new pod with same fsgroup skips ownership changes to the volume contents" classname="Kubernetes e2e suite" status="skipped" time="0">
              <skipped message="skipped"></skipped>
          </testcase>
          <testcase name="[It] [sig-apps] Daemon set [Serial] should rollback without unnecessary restarts [Conformance]" classname="Kubernetes e2e suite" status="passed" time="10.835459686"></testcase>
          <testcase name="[It] [sig-storage] In-tree Volumes [Driver: hostPathSymlink] [Testpattern: Pre-provisioned PV (default fs)] subPath should fail if subpath with backstepping is outside the volume [Slow] [LinuxOnly]" classname="Kubernetes e2e suite" status="skipped" time="0">
              <skipped message="skipped"></skipped>
          </testcase>
          <testcase name="[It] [sig-storage] CSI Mock volume storage capacity storage capacity unlimited" classname="Kubernetes e2e suite" status="skipped" time="0">
              <skipped message="skipped"></skipped>
          </testcase>
          <testcase name="[It] [sig-scheduling] SchedulerPriorities [Serial] Pod should be scheduled to node that don&#39;t match the PodAntiAffinity terms" classname="Kubernetes e2e suite" status="skipped" time="0">
              <skipped message="skipped"></skipped>
          </testcase>
          <testcase name="[It] [sig-cli] Kubectl client Kubectl validation should detect unknown metadata fields of a typed object" classname="Kubernetes e2e suite" status="skipped" time="0">
              <skipped message="skipped"></skipped>
          </testcase>
          <testcase name="[It] [sig-storage] In-tree Volumes [Driver: local] [LocalVolumeType: block] [Testpattern: Dynamic PV (ext4)] volumes should allow exec of files on the volume" classname="Kubernetes e2e suite" status="skipped" time="0">
              <skipped message="skipped"></skipped>
          </testcase>
          <testcase name="[It] [sig-storage] In-tree Volumes [Driver: local] [LocalVolumeType: dir-link] [Testpattern: Pre-provisioned PV (block volmode)] disruptive [Disruptive] [LinuxOnly] Should test that pv written before kubelet restart is readable after restart." classname="Kubernetes e2e suite" status="skipped" time="0">
              <skipped message="skipped"></skipped>
          </testcase>
          <testcase name="[It] [sig-storage] In-tree Volumes [Driver: local] [LocalVolumeType: block] [Testpattern: Dynamic PV (block volmode)] multiVolume [Slow] should access to two volumes with different volume mode and retain data across pod recreation on the same node" classname="Kubernetes e2e suite" status="skipped" time="0">
              <skipped message="skipped"></skipped>
          </testcase>
          <testcase name="[It] [sig-storage] In-tree Volumes [Driver: local] [LocalVolumeType: dir-link-bindmounted] [Testpattern: Dynamic PV (ntfs)] [Feature:Windows] subPath should support creating multiple subpath from same volumes [Slow]" classname="Kubernetes e2e suite" status="skipped" time="0">
              <skipped message="skipped"></skipped>
          </testcase>
          <testcase name="[It] [sig-storage] In-tree Volumes [Driver: nfs] [Testpattern: Generic Ephemeral-volume (default fs)] volumeLimits should support volume limits [Serial]" classname="Kubernetes e2e suite" status="skipped" time="0">
              <skipped message="skipped"></skipped>
          </testcase>
          <testcase name="[It] [sig-storage] CSIStorageCapacity should support CSIStorageCapacities API operations [Conformance]" classname="Kubernetes e2e suite" status="passed" time="0.096314253"></testcase>
          <testcase name="[It] [sig-storage] In-tree Volumes [Driver: hostPathSymlink] [Testpattern: Dynamic PV (block volmode)] provisioning should mount multiple PV pointing to the same storage on the same node" classname="Kubernetes e2e suite" status="skipped" time="0">
              <skipped message="skipped"></skipped>
          </testcase>
          <testcase name="[It] [sig-storage] ConfigMap Should fail non-optional pod creation due to the key in the configMap object does not exist [Slow]" classname="Kubernetes e2e suite" status="skipped" time="0">
              <skipped message="skipped"></skipped>
          </testcase>
          <testcase name="[It] [sig-storage] In-tree Volumes [Driver: local] [LocalVolumeType: block] [Testpattern: Dynamic PV (default fs)] subPath should fail if subpath file is outside the volume [Slow] [LinuxOnly]" classname="Kubernetes e2e suite" status="skipped" time="0">
              <skipped message="skipped"></skipped>
          </testcase>
          <testcase name="[It] [sig-storage] In-tree Volumes [Driver: local] [LocalVolumeType: tmpfs] [Testpattern: Dynamic PV (default fs)] subPath should fail if non-existent subpath is outside the volume [Slow] [LinuxOnly]" classname="Kubernetes e2e suite" status="skipped" time="0">
              <skipped message="skipped"></skipped>
          </testcase>
          <testcase name="[It] [sig-storage] In-tree Volumes [Driver: local] [LocalVolumeType: dir] [Testpattern: Dynamic PV (default fs)] provisioning should mount multiple PV pointing to the same storage on the same node" classname="Kubernetes e2e suite" status="skipped" time="0">
              <skipped message="skipped"></skipped>
          </testcase>
          <testcase name="[It] [sig-storage] CSI Mock workload info CSI workload information using mock driver should be passed when podInfoOnMount=true" classname="Kubernetes e2e suite" status="skipped" time="0">
              <skipped message="skipped"></skipped>
          </testcase>
          <testcase name="[It] [sig-storage] In-tree Volumes [Driver: local] [LocalVolumeType: dir-bindmounted] [Testpattern: Dynamic PV (block volmode)] multiVolume [Slow] should concurrently access the single read-only volume from pods on the same node" classname="Kubernetes e2e suite" status="skipped" time="0">
              <skipped message="skipped"></skipped>
          </testcase>
          <testcase name="[It] [sig-apps] CronJob should delete successful finished jobs with limit of one successful job" classname="Kubernetes e2e suite" status="skipped" time="0">
              <skipped message="skipped"></skipped>
          </testcase>
          <testcase name="[It] [sig-storage] In-tree Volumes [Driver: cinder] [Testpattern: Pre-provisioned PV (ext3)] volumes should store data" classname="Kubernetes e2e suite" status="skipped" time="0">
              <skipped message="skipped"></skipped>
          </testcase>
          <testcase name="[It] [sig-storage] In-tree Volumes [Driver: hostPathSymlink] [Testpattern: Dynamic PV (ntfs)] [Feature:Windows] subPath should support restarting containers using file as subpath [Slow] [LinuxOnly]" classname="Kubernetes e2e suite" status="skipped" time="0">
              <skipped message="skipped"></skipped>
          </testcase>
          <testcase name="[It] [sig-storage] In-tree Volumes [Driver: iscsi] [Feature:Volumes] [Testpattern: Inline-volume (xfs)] [Slow] volumes should allow exec of files on the volume" classname="Kubernetes e2e suite" status="skipped" time="0">
              <skipped message="skipped"></skipped>
          </testcase>
          <testcase name="[It] [sig-storage] In-tree Volumes [Driver: azure-file] [Testpattern: Dynamic PV (block volmode)] volume-expand should not allow expansion of pvcs without AllowVolumeExpansion property" classname="Kubernetes e2e suite" status="skipped" time="0">
              <skipped message="skipped"></skipped>
          </testcase>
          <testcase name="[It] [sig-storage] In-tree Volumes [Driver: local] [LocalVolumeType: block] [Testpattern: Dynamic PV (default fs)] fsgroupchangepolicy (Always)[LinuxOnly], rwop pod created with an initial fsgroup, new pod fsgroup applied to volume contents" classname="Kubernetes e2e suite" status="skipped" time="0">
              <skipped message="skipped"></skipped>
          </testcase>
          <testcase name="[It] [sig-storage] In-tree Volumes [Driver: hostPathSymlink] [Testpattern: Dynamic PV (default fs)] subPath should support readOnly file specified in the volumeMount [LinuxOnly]" classname="Kubernetes e2e suite" status="skipped" time="0">
              <skipped message="skipped"></skipped>
          </testcase>
          <testcase name="[It] [sig-storage] In-tree Volumes [Driver: azure-file] [Testpattern: Dynamic PV (ntfs)] [Feature:Windows] multiVolume [Slow] should concurrently access the single volume from pods on different node" classname="Kubernetes e2e suite" status="skipped" time="0">
              <skipped message="skipped"></skipped>
          </testcase>
          <testcase name="[It] [sig-api-machinery] Watchers should observe add, update, and delete watch notifications on configmaps [Conformance]" classname="Kubernetes e2e suite" status="passed" time="20.062451097"></testcase>
          <testcase name="[It] [sig-storage] In-tree Volumes [Driver: azure-file] [Testpattern: Dynamic PV (block volmode)] provisioning should provision storage with pvc data source in parallel [Slow]" classname="Kubernetes e2e suite" status="skipped" time="0">
              <skipped message="skipped"></skipped>
          </testcase>
          <testcase name="[It] [sig-storage] In-tree Volumes [Driver: emptydir] [Testpattern: Pre-provisioned PV (filesystem volmode)] multiVolume [Slow] should concurrently access the single volume from pods on different node" classname="Kubernetes e2e suite" status="skipped" time="0">
              <skipped message="skipped"></skipped>
          </testcase>
          <testcase name="[It] [sig-storage] In-tree Volumes [Driver: local] [LocalVolumeType: gce-localssd-scsi-fs] [Serial] [Testpattern: Dynamic PV (block volmode)] multiVolume [Slow] should concurrently access the single read-only volume from pods on the same node" classname="Kubernetes e2e suite" status="skipped" time="0">
              <skipped message="skipped"></skipped>
          </testcase>
          <testcase name="[It] [sig-storage] In-tree Volumes [Driver: nfs] [Testpattern:  (delete policy)] volumegroupsnapshottable [Feature:volumegroupsnapshot] VolumeGroupSnapshottable  should create snapshots for multiple volumes in a pod" classname="Kubernetes e2e suite" status="skipped" time="0">
              <skipped message="skipped"></skipped>
          </testcase>
          <testcase name="[It] [sig-storage] In-tree Volumes [Driver: azure-disk] [Testpattern: Dynamic PV (default fs)] provisioning should mount multiple PV pointing to the same storage on the same node" classname="Kubernetes e2e suite" status="skipped" time="0">
              <skipped message="skipped"></skipped>
          </testcase>
          <testcase name="[It] [sig-storage] In-tree Volumes [Driver: local] [LocalVolumeType: dir-link-bindmounted] [Testpattern: Pre-provisioned PV (block volmode)] multiVolume [Slow] should concurrently access the single read-only volume from pods on the same node" classname="Kubernetes e2e suite" status="skipped" time="0">
              <skipped message="skipped"></skipped>
          </testcase>
          <testcase name="[It] [sig-apps] Job should delete pods when suspended" classname="Kubernetes e2e suite" status="skipped" time="0">
              <skipped message="skipped"></skipped>
          </testcase>
          <testcase name="[It] [sig-storage] CSI Volumes [Driver: pd.csi.storage.gke.io] [Serial] [Testpattern: Pre-provisioned PV (filesystem volmode)] multiVolume [Slow] should access to two volumes with different volume mode and retain data across pod recreation on the same node" classname="Kubernetes e2e suite" status="skipped" time="0">
              <skipped message="skipped"></skipped>
          </testcase>
          <testcase name="[It] [sig-storage] In-tree Volumes [Driver: hostPathSymlink] [Testpattern: Inline-volume (default fs)] subPath should be able to unmount after the subpath directory is deleted [LinuxOnly]" classname="Kubernetes e2e suite" status="skipped" time="0">
              <skipped message="skipped"></skipped>
          </testcase>
          <testcase name="[It] [sig-storage] In-tree Volumes [Driver: iscsi] [Feature:Volumes] [Testpattern: Pre-provisioned PV (block volmode)] disruptive [Disruptive] [LinuxOnly] Should test that pv used in a pod that is force deleted while the kubelet is down cleans up when the kubelet returns." classname="Kubernetes e2e suite" status="skipped" time="0">
              <skipped message="skipped"></skipped>
          </testcase>
          <testcase name="[It] [sig-storage] In-tree Volumes [Driver: local] [LocalVolumeType: dir] [Testpattern: Dynamic PV (ntfs)] [Feature:Windows] subPath should support restarting containers using directory as subpath [Slow]" classname="Kubernetes e2e suite" status="skipped" time="0">
              <skipped message="skipped"></skipped>
          </testcase>
          <testcase name="[It] [sig-storage] CSI Volumes [Driver: pd.csi.storage.gke.io] [Serial] [Testpattern: Dynamic PV (default fs)] volume-modify [FeatureGate:VolumeAttributesClass] [Beta] [Feature:OffByDefault] should be protected by vac-protection finalizer" classname="Kubernetes e2e suite" status="skipped" time="0">
              <skipped message="skipped"></skipped>
          </testcase>
          <testcase name="[It] [sig-storage] CSI Mock volume expansion Expansion with recovery [Feature:RecoverVolumeExpansionFailure] [FeatureGate:RecoverVolumeExpansionFailure] [Beta] should allow recovery if controller expansion fails with final error" classname="Kubernetes e2e suite" status="skipped" time="0">
              <skipped message="skipped"></skipped>
          </testcase>
          <testcase name="[It] [sig-storage] In-tree Volumes [Driver: local] [LocalVolumeType: dir-bindmounted] [Testpattern: Dynamic PV (xfs)] [Slow] multiVolume [Slow] should concurrently access the single volume from pods on different node" classname="Kubernetes e2e suite" status="skipped" time="0">
              <skipped message="skipped"></skipped>
          </testcase>
          <testcase name="[It] [sig-storage] PersistentVolumes-local [Volume type: dir-link-bindmounted] One pod requesting one prebound PVC should be able to mount volume and write from pod1" classname="Kubernetes e2e suite" status="skipped" time="0">
              <skipped message="skipped"></skipped>
          </testcase>
          <testcase name="[It] [sig-storage] PersistentVolumes Default StorageClass [LinuxOnly] pods that use multiple volumes should be reschedulable [Slow]" classname="Kubernetes e2e suite" status="skipped" time="0">
              <skipped message="skipped"></skipped>
          </testcase>
          <testcase name="[It] [sig-network] Netpol NetworkPolicy between server and client should allow ingress access from updated namespace [Feature:NetworkPolicy]" classname="Kubernetes e2e suite" status="skipped" time="0">
              <skipped message="skipped"></skipped>
          </testcase>
          <testcase name="[It] [sig-storage] In-tree Volumes [Driver: local] [LocalVolumeType: blockfs] [Testpattern: Dynamic PV (ext3)] volumes should store data" classname="Kubernetes e2e suite" status="skipped" time="0">
              <skipped message="skipped"></skipped>
          </testcase>
          <testcase name="[It] [sig-storage] In-tree Volumes [Driver: local] [LocalVolumeType: gce-localssd-scsi-fs] [Serial] [Testpattern: Dynamic PV (ntfs)] [Feature:Windows] multiVolume [Slow] should concurrently access the single volume from pods on the same node" classname="Kubernetes e2e suite" status="skipped" time="0">
              <skipped message="skipped"></skipped>
          </testcase>
          <testcase name="[It] [sig-storage] In-tree Volumes [Driver: local] [LocalVolumeType: dir-bindmounted] [Testpattern: Pre-provisioned PV (filesystem volmode)] multiVolume [Slow] should concurrently access the volume and restored snapshot from pods on the same node [LinuxOnly] [Feature:VolumeSnapshotDataSource] [Feature:VolumeSourceXFS]" classname="Kubernetes e2e suite" status="skipped" time="0">
              <skipped message="skipped"></skipped>
          </testcase>
          <testcase name="[It] [sig-storage] In-tree Volumes [Driver: local] [LocalVolumeType: dir] [Testpattern: Generic Ephemeral-volume (block volmode) (late-binding)] ephemeral should support multiple inline ephemeral volumes" classname="Kubernetes e2e suite" status="skipped" time="0">
              <skipped message="skipped"></skipped>
          </testcase>
          <testcase name="[It] [sig-storage] CSI Mock volume node stage CSI NodeStage error cases [Slow] should retry NodeStage after NodeStage final error" classname="Kubernetes e2e suite" status="skipped" time="0">
              <skipped message="skipped"></skipped>
          </testcase>
          <testcase name="[It] [sig-storage] In-tree Volumes [Driver: local] [LocalVolumeType: dir-link-bindmounted] [Testpattern: Dynamic PV (block volmode)] volumeMode should fail in binding dynamic provisioned PV to PVC [Slow] [LinuxOnly]" classname="Kubernetes e2e suite" status="skipped" time="0">
              <skipped message="skipped"></skipped>
          </testcase>
          <testcase name="[It] [sig-storage] CSI Volumes [Driver: pd.csi.storage.gke.io] [Serial] [Testpattern: Dynamic PV (block volmode)] volume-modify [FeatureGate:VolumeAttributesClass] [Beta] [Feature:OffByDefault] should create a volume with VAC" classname="Kubernetes e2e suite" status="skipped" time="0">
              <skipped message="skipped"></skipped>
          </testcase>
          <testcase name="[It] [sig-storage] In-tree Volumes [Driver: local] [LocalVolumeType: tmpfs] [Testpattern: Dynamic PV (block volmode)(allowExpansion)] volume-expand Verify if offline PVC expansion works" classname="Kubernetes e2e suite" status="skipped" time="0">
              <skipped message="skipped"></skipped>
          </testcase>
          <testcase name="[It] [sig-storage] CSI Mock honor pv reclaim policy CSI honor pv reclaim policy using mock driver Static provisioning should honor pv delete reclaim policy when deleting pv then pvc" classname="Kubernetes e2e suite" status="skipped" time="0">
              <skipped message="skipped"></skipped>
          </testcase>
          <testcase name="[It] [sig-storage] In-tree Volumes [Driver: hostPath] [Testpattern: Dynamic PV (block volmode)] volume-stress multiple pods should access different volumes repeatedly [Slow] [Serial]" classname="Kubernetes e2e suite" status="skipped" time="0">
              <skipped message="skipped"></skipped>
          </testcase>
          <testcase name="[It] [sig-storage] In-tree Volumes [Driver: vsphere] [Testpattern: Dynamic PV (default fs)] volumeIO should write files of various sizes, verify size, validate content [Slow]" classname="Kubernetes e2e suite" status="skipped" time="0">
              <skipped message="skipped"></skipped>
          </testcase>
          <testcase name="[It] [sig-storage] PVC Protection Verify &#34;immediate&#34; deletion of a PVC that is not in active use by a pod" classname="Kubernetes e2e suite" status="skipped" time="0">
              <skipped message="skipped"></skipped>
          </testcase>
          <testcase name="[It] [sig-network] Netpol API should support creating NetworkPolicy API operations" classname="Kubernetes e2e suite" status="skipped" time="0">
              <skipped message="skipped"></skipped>
          </testcase>
          <testcase name="[It] [sig-storage] Secrets should be able to mount in a volume regardless of a different secret existing with same name in different namespace [NodeConformance] [Conformance]" classname="Kubernetes e2e suite" status="passed" time="4.103468454"></testcase>
          <testcase name="[It] [sig-storage] In-tree Volumes [Driver: vsphere] [Testpattern: Pre-provisioned PV (default fs)] subPath should support existing single file [LinuxOnly]" classname="Kubernetes e2e suite" status="skipped" time="0">
              <skipped message="skipped"></skipped>
          </testcase>
          <testcase name="[It] [sig-storage] In-tree Volumes [Driver: local] [LocalVolumeType: dir-link-bindmounted] [Testpattern: Pre-provisioned PV (block volmode)] multiVolume [Slow] should concurrently access the volume and restored snapshot from pods on the same node [LinuxOnly] [Feature:VolumeSnapshotDataSource] [Feature:VolumeSourceXFS]" classname="Kubernetes e2e suite" status="skipped" time="0">
              <skipped message="skipped"></skipped>
          </testcase>
          <testcase name="[It] [sig-storage] In-tree Volumes [Driver: local] [LocalVolumeType: dir-link] [Testpattern: Dynamic PV (default fs)] fsgroupchangepolicy (OnRootMismatch)[LinuxOnly], pod created with an initial fsgroup, volume contents ownership changed via chgrp in first pod, new pod with different fsgroup applied to the volume contents" classname="Kubernetes e2e suite" status="skipped" time="0">
              <skipped message="skipped"></skipped>
          </testcase>
          <testcase name="[It] [sig-storage] In-tree Volumes [Driver: local] [LocalVolumeType: block] [Testpattern: Dynamic PV (ntfs)] [Feature:Windows] subPath should fail if subpath directory is outside the volume [Slow] [LinuxOnly]" classname="Kubernetes e2e suite" status="skipped" time="0">
              <skipped message="skipped"></skipped>
          </testcase>
          <testcase name="[It] [sig-storage] CSI Volumes [Driver: csi-hostpath] [Testpattern: Pre-provisioned PV (default fs)] subPath should support restarting containers using file as subpath [Slow] [LinuxOnly]" classname="Kubernetes e2e suite" status="skipped" time="0">
              <skipped message="skipped"></skipped>
          </testcase>
          <testcase name="[It] [sig-storage] CSI Mock selinux on mount metrics and SELinuxWarningController SELinuxMount metrics [LinuxOnly] [Feature:SELinux] [Serial] error is bumped on two Pods with a different context on RWOP volume [FeatureGate:SELinuxMountReadWriteOncePod] [Beta] [FeatureGate:SELinuxChangePolicy] [Beta] [FeatureGate:SELinuxMountReadWriteOncePod] [Beta]" classname="Kubernetes e2e suite" status="skipped" time="0">
              <skipped message="skipped"></skipped>
          </testcase>
          <testcase name="[It] [sig-storage] In-tree Volumes [Driver: local] [LocalVolumeType: blockfs] [Testpattern: Dynamic PV (block volmode)] volume-stress multiple pods should access different volumes repeatedly [Slow] [Serial]" classname="Kubernetes e2e suite" status="skipped" time="0">
              <skipped message="skipped"></skipped>
          </testcase>
          <testcase name="[It] [sig-storage] In-tree Volumes [Driver: azure-disk] [Testpattern: Pre-provisioned PV (default fs)] subPath should support restarting containers using directory as subpath [Slow]" classname="Kubernetes e2e suite" status="skipped" time="0">
              <skipped message="skipped"></skipped>
          </testcase>
          <testcase name="[It] [sig-apps] DisruptionController should not evict unready pods with Default UnhealthyPodEvictionPolicy" classname="Kubernetes e2e suite" status="skipped" time="0">
              <skipped message="skipped"></skipped>
          </testcase>
          <testcase name="[It] [sig-storage] In-tree Volumes [Driver: local] [LocalVolumeType: block] [Testpattern: Generic Ephemeral-volume (block volmode) (late-binding)] ephemeral should create read/write inline ephemeral volume" classname="Kubernetes e2e suite" status="skipped" time="0">
              <skipped message="skipped"></skipped>
          </testcase>
          <testcase name="[It] [sig-storage] In-tree Volumes [Driver: emptydir] [Testpattern: Dynamic PV (default fs)] fsgroupchangepolicy (Always)[LinuxOnly], pod created with an initial fsgroup, new pod fsgroup applied to volume contents" classname="Kubernetes e2e suite" status="skipped" time="0">
              <skipped message="skipped"></skipped>
          </testcase>
          <testcase name="[It] [sig-network] Traffic Distribution should route traffic to an endpoint on the same node when using PreferSameNode and fall back when the endpoint becomes unavailable [FeatureGate:PreferSameTrafficDistribution] [Alpha] [Feature:OffByDefault]" classname="Kubernetes e2e suite" status="skipped" time="0">
              <skipped message="skipped"></skipped>
          </testcase>
          <testcase name="[It] [sig-storage] In-tree Volumes [Driver: iscsi] [Feature:Volumes] [Testpattern: Inline-volume (default fs)] volumeIO should write files of various sizes, verify size, validate content [Slow]" classname="Kubernetes e2e suite" status="skipped" time="0">
              <skipped message="skipped"></skipped>
          </testcase>
          <testcase name="[It] [sig-storage] In-tree Volumes [Driver: local] [LocalVolumeType: dir-bindmounted] [Testpattern: Dynamic PV (xfs)] [Slow] volumes should allow exec of files on the volume" classname="Kubernetes e2e suite" status="skipped" time="0">
              <skipped message="skipped"></skipped>
          </testcase>
          <testcase name="[It] [sig-storage] In-tree Volumes [Driver: local] [LocalVolumeType: dir-bindmounted] [Testpattern: Dynamic PV (ntfs)] [Feature:Windows] subPath should support restarting containers using file as subpath [Slow] [LinuxOnly]" classname="Kubernetes e2e suite" status="skipped" time="0">
              <skipped message="skipped"></skipped>
          </testcase>
          <testcase name="[It] [sig-storage] In-tree Volumes [Driver: nfs] [Testpattern: Dynamic PV (default fs)] volume-expand should not allow expansion of pvcs without AllowVolumeExpansion property" classname="Kubernetes e2e suite" status="skipped" time="0">
              <skipped message="skipped"></skipped>
          </testcase>
          <testcase name="[It] [sig-storage] In-tree Volumes [Driver: nfs] [Testpattern: Pre-provisioned PV (filesystem volmode)] multiVolume [Slow] should access to two volumes with the same volume mode and retain data across pod recreation on different node" classname="Kubernetes e2e suite" status="skipped" time="0">
              <skipped message="skipped"></skipped>
          </testcase>
          <testcase name="[It] [sig-api-machinery] ServerSideApply should create an applied object if it does not already exist" classname="Kubernetes e2e suite" status="skipped" time="0">
              <skipped message="skipped"></skipped>
          </testcase>
          <testcase name="[It] [sig-storage] In-tree Volumes [Driver: local] [LocalVolumeType: blockfs] [Testpattern: Dynamic PV (filesystem volmode)] volumeLimits should support volume limits [Serial]" classname="Kubernetes e2e suite" status="skipped" time="0">
              <skipped message="skipped"></skipped>
          </testcase>
          <testcase name="[It] [sig-storage] In-tree Volumes [Driver: local] [LocalVolumeType: blockfs] [Testpattern: Pre-provisioned PV (block volmode)] multiVolume [Slow] should concurrently access the single read-only volume from pods on the same node" classname="Kubernetes e2e suite" status="skipped" time="0">
              <skipped message="skipped"></skipped>
          </testcase>
          <testcase name="[It] [sig-network] [Feature:IPv6DualStack] Granular Checks: Services Secondary IP Family [LinuxOnly] should function for node-Service: http" classname="Kubernetes e2e suite" status="skipped" time="0">
              <skipped message="skipped"></skipped>
          </testcase>
          <testcase name="[It] [sig-storage] In-tree Volumes [Driver: hostPath] [Testpattern: Pre-provisioned PV (block volmode)] multiVolume [Slow] should concurrently access the single read-only volume from pods on the same node" classname="Kubernetes e2e suite" status="skipped" time="0">
              <skipped message="skipped"></skipped>
          </testcase>
          <testcase name="[It] [sig-storage] In-tree Volumes [Driver: local] [LocalVolumeType: dir-link-bindmounted] [Testpattern: Dynamic PV (default fs)] subPath should fail if subpath directory is outside the volume [Slow] [LinuxOnly]" classname="Kubernetes e2e suite" status="skipped" time="0">
              <skipped message="skipped"></skipped>
          </testcase>
          <testcase name="[It] [sig-storage] In-tree Volumes [Driver: local] [LocalVolumeType: tmpfs] [Testpattern: Dynamic PV (ext4)] multiVolume [Slow] should concurrently access the volume and its clone from pods on the same node [LinuxOnly] [Feature:VolumeSourceXFS]" classname="Kubernetes e2e suite" status="skipped" time="0">
              <skipped message="skipped"></skipped>
          </testcase>
          <testcase name="[It] [sig-storage] In-tree Volumes [Driver: iscsi] [Feature:Volumes] [Testpattern: Dynamic PV (ntfs)] [Feature:Windows] volumes should store data" classname="Kubernetes e2e suite" status="skipped" time="0">
              <skipped message="skipped"></skipped>
          </testcase>
          <testcase name="[It] [sig-storage] In-tree Volumes [Driver: local] [LocalVolumeType: dir-link] [Testpattern: Pre-provisioned PV (default fs)] subPath should fail if subpath file is outside the volume [Slow] [LinuxOnly]" classname="Kubernetes e2e suite" status="skipped" time="0">
              <skipped message="skipped"></skipped>
          </testcase>
          <testcase name="[It] [sig-storage] In-tree Volumes [Driver: hostPath] [Testpattern: Pre-provisioned PV (filesystem volmode)] disruptive [Disruptive] [LinuxOnly] Should test that pv used in a pod that is deleted while the kubelet is down is usable by a new pod when kubelet returns [Feature:SELinux]" classname="Kubernetes e2e suite" status="skipped" time="0">
              <skipped message="skipped"></skipped>
          </testcase>
          <testcase name="[It] [sig-storage] In-tree Volumes [Driver: emptydir] [Testpattern: Generic Ephemeral-volume (default fs) (late-binding)] ephemeral should create read/write inline ephemeral volume" classname="Kubernetes e2e suite" status="skipped" time="0">
              <skipped message="skipped"></skipped>
          </testcase>
          <testcase name="[It] [sig-apps] ControllerRevision [Serial] should manage the lifecycle of a ControllerRevision [Conformance]" classname="Kubernetes e2e suite" status="passed" time="4.815085785"></testcase>
          <testcase name="[It] [sig-storage] In-tree Volumes [Driver: azure-disk] [Testpattern: Dynamic PV (delayed binding)] topology should fail to schedule a pod which has topologies that conflict with AllowedTopologies" classname="Kubernetes e2e suite" status="skipped" time="0">
              <skipped message="skipped"></skipped>
          </testcase>
          <testcase name="[It] [sig-auth] SelfSubjectReview testing SSR in different API groups authentication/v1" classname="Kubernetes e2e suite" status="skipped" time="0">
              <skipped message="skipped"></skipped>
          </testcase>
          <testcase name="[It] [sig-storage] In-tree Volumes [Driver: local] [LocalVolumeType: dir] [Testpattern: Dynamic PV (block volmode)] provisioning should provision storage with any volume data source [Serial]" classname="Kubernetes e2e suite" status="skipped" time="0">
              <skipped message="skipped"></skipped>
          </testcase>
          <testcase name="[It] [sig-node] Pod InPlace Resize Container [FeatureGate:InPlacePodVerticalScaling] [Beta] Burstable QoS pod, one container with cpu &amp; memory requests - decrease memory request" classname="Kubernetes e2e suite" status="skipped" time="0">
              <skipped message="skipped"></skipped>
          </testcase>
          <testcase name="[It] [sig-storage] In-tree Volumes [Driver: iscsi] [Feature:Volumes] [Testpattern: Inline-volume (default fs)] subPath should support existing directory" classname="Kubernetes e2e suite" status="skipped" time="0">
              <skipped message="skipped"></skipped>
          </testcase>
          <testcase name="[It] [sig-storage] In-tree Volumes [Driver: emptydir] [Testpattern: Inline-volume (ext3)] volumes should store data" classname="Kubernetes e2e suite" status="skipped" time="0">
              <skipped message="skipped"></skipped>
          </testcase>
          <testcase name="[It] [sig-storage] In-tree Volumes [Driver: cinder] [Testpattern: Dynamic PV (default fs)] provisioning should mount multiple PV pointing to the same storage on the same node" classname="Kubernetes e2e suite" status="skipped" time="0">
              <skipped message="skipped"></skipped>
          </testcase>
          <testcase name="[It] [sig-storage] In-tree Volumes [Driver: local] [LocalVolumeType: blockfs] [Testpattern: Dynamic PV (filesystem volmode)] volumeMode should fail to use a volume in a pod with mismatched mode [Slow]" classname="Kubernetes e2e suite" status="skipped" time="0">
              <skipped message="skipped"></skipped>
          </testcase>
          <testcase name="[It] [sig-storage] PersistentVolumes-local Pod with node different from PV&#39;s NodeAffinity should fail scheduling due to different NodeAffinity" classname="Kubernetes e2e suite" status="skipped" time="0">
              <skipped message="skipped"></skipped>
          </testcase>
          <testcase name="[It] [sig-storage] In-tree Volumes [Driver: local] [LocalVolumeType: dir] [Testpattern: Pre-provisioned PV (block volmode)] disruptive [Disruptive] [LinuxOnly] Should test that pv used in a pod that is force deleted while the kubelet is down cleans up when the kubelet returns." classname="Kubernetes e2e suite" status="skipped" time="0">
              <skipped message="skipped"></skipped>
          </testcase>
          <testcase name="[It] [sig-storage] In-tree Volumes [Driver: local] [LocalVolumeType: tmpfs] [Testpattern: Dynamic PV (block volmode)] disruptive [Disruptive] [LinuxOnly] Should test that pv used in a pod that is force deleted while the kubelet is down cleans up when the kubelet returns." classname="Kubernetes e2e suite" status="skipped" time="0">
              <skipped message="skipped"></skipped>
          </testcase>
          <testcase name="[It] [sig-storage] In-tree Volumes [Driver: hostPathSymlink] [Testpattern: Pre-provisioned PV (default fs)] subPath should unmount if pod is gracefully deleted while kubelet is down [Disruptive] [Slow] [LinuxOnly]" classname="Kubernetes e2e suite" status="skipped" time="0">
              <skipped message="skipped"></skipped>
          </testcase>
          <testcase name="[It] [sig-storage] CSI Volumes [Driver: csi-hostpath] [Testpattern: Dynamic PV (block volmode)(allowExpansion)] volume-expand Verify if offline PVC expansion works" classname="Kubernetes e2e suite" status="skipped" time="0">
              <skipped message="skipped"></skipped>
          </testcase>
          <testcase name="[It] [sig-storage] In-tree Volumes [Driver: local] [LocalVolumeType: dir] [Testpattern: Dynamic PV (default fs)] provisioning should provision storage with pvc data source" classname="Kubernetes e2e suite" status="skipped" time="0">
              <skipped message="skipped"></skipped>
          </testcase>
          <testcase name="[It] [sig-storage] In-tree Volumes [Driver: cinder] [Testpattern: Inline-volume (ext3)] volumes should allow exec of files on the volume" classname="Kubernetes e2e suite" status="skipped" time="0">
              <skipped message="skipped"></skipped>
          </testcase>
          <testcase name="[It] [sig-storage] In-tree Volumes [Driver: local] [LocalVolumeType: dir] [Testpattern: Dynamic PV (default fs)] subPath should unmount if pod is force deleted while kubelet is down [Disruptive] [Slow] [LinuxOnly]" classname="Kubernetes e2e suite" status="skipped" time="0">
              <skipped message="skipped"></skipped>
          </testcase>
          <testcase name="[It] [sig-storage] In-tree Volumes [Driver: local] [LocalVolumeType: dir] [Testpattern: Dynamic PV (default fs)] subPath should support creating multiple subpath from same volumes [Slow]" classname="Kubernetes e2e suite" status="skipped" time="0">
              <skipped message="skipped"></skipped>
          </testcase>
          <testcase name="[It] [sig-storage] In-tree Volumes [Driver: local] [LocalVolumeType: dir-link] [Testpattern: Inline-volume (default fs)] subPath should support creating multiple subpath from same volumes [Slow]" classname="Kubernetes e2e suite" status="skipped" time="0">
              <skipped message="skipped"></skipped>
          </testcase>
          <testcase name="[It] [sig-storage] In-tree Volumes [Driver: local] [LocalVolumeType: blockfs] [Testpattern: Inline-volume (default fs)] subPath should fail if subpath directory is outside the volume [Slow] [LinuxOnly]" classname="Kubernetes e2e suite" status="skipped" time="0">
              <skipped message="skipped"></skipped>
          </testcase>
          <testcase name="[It] [sig-storage] In-tree Volumes [Driver: local] [LocalVolumeType: tmpfs] [Testpattern: Dynamic PV (default fs)] fsgroupchangepolicy (OnRootMismatch)[LinuxOnly], pod created with an initial fsgroup, volume contents ownership changed via chgrp in first pod, new pod with different fsgroup applied to the volume contents" classname="Kubernetes e2e suite" status="skipped" time="0">
              <skipped message="skipped"></skipped>
          </testcase>
          <testcase name="[It] [sig-storage] In-tree Volumes [Driver: iscsi] [Feature:Volumes] [Testpattern: Pre-provisioned PV (block volmode)] multiVolume [Slow] should access to two volumes with the same volume mode and retain data across pod recreation on the same node" classname="Kubernetes e2e suite" status="skipped" time="0">
              <skipped message="skipped"></skipped>
          </testcase>
          <testcase name="[It] [sig-storage] In-tree Volumes [Driver: local] [LocalVolumeType: blockfs] [Testpattern: Pre-provisioned PV (block volmode)] multiVolume [Slow] should access to two volumes with the same volume mode and retain data across pod recreation on the same node" classname="Kubernetes e2e suite" status="skipped" time="0">
              <skipped message="skipped"></skipped>
          </testcase>
          <testcase name="[It] [sig-storage] In-tree Volumes [Driver: nfs] [Testpattern: Pre-provisioned PV (filesystem volmode)] multiVolume [Slow] should access to two volumes with different volume mode and retain data across pod recreation on the same node" classname="Kubernetes e2e suite" status="skipped" time="0">
              <skipped message="skipped"></skipped>
          </testcase>
          <testcase name="[It] [sig-storage] In-tree Volumes [Driver: emptydir] [Testpattern: Inline-volume (ext4)] volumes should store data" classname="Kubernetes e2e suite" status="skipped" time="0">
              <skipped message="skipped"></skipped>
          </testcase>
          <testcase name="[It] [sig-storage] CSI Volumes [Driver: pd.csi.storage.gke.io] [Serial] [Testpattern: Dynamic PV (ntfs)(allowExpansion)] [Feature:Windows] volume-expand should resize volume when PVC is edited while pod is using it" classname="Kubernetes e2e suite" status="skipped" time="0">
              <skipped message="skipped"></skipped>
          </testcase>
          <testcase name="[It] [sig-storage] PersistentVolumes-local [Volume type: gce-localssd-scsi-fs] [Serial] Set fsGroup for local volume should set same fsGroup for two pods simultaneously [Slow]" classname="Kubernetes e2e suite" status="skipped" time="0">
              <skipped message="skipped"></skipped>
          </testcase>
          <testcase name="[It] [sig-storage] Secrets should be immutable if `immutable` field is set [Conformance]" classname="Kubernetes e2e suite" status="passed" time="0.095073126"></testcase>
          <testcase name="[It] [sig-storage] In-tree Volumes [Driver: local] [LocalVolumeType: dir-link] [Testpattern: Dynamic PV (default fs)] subPath should support existing directory" classname="Kubernetes e2e suite" status="skipped" time="0">
              <skipped message="skipped"></skipped>
          </testcase>
          <testcase name="[It] [sig-storage] In-tree Volumes [Driver: iscsi] [Feature:Volumes] [Testpattern: Dynamic PV (ntfs)] [Feature:Windows] multiVolume [Slow] should concurrently access the volume and its clone from pods on the same node [LinuxOnly] [Feature:VolumeSourceXFS]" classname="Kubernetes e2e suite" status="skipped" time="0">
              <skipped message="skipped"></skipped>
          </testcase>
          <testcase name="[It] [sig-storage] In-tree Volumes [Driver: cinder] [Testpattern: Pre-provisioned PV (block volmode)] multiVolume [Slow] should access to two volumes with the same volume mode and retain data across pod recreation on different node" classname="Kubernetes e2e suite" status="skipped" time="0">
              <skipped message="skipped"></skipped>
          </testcase>
          <testcase name="[It] [sig-storage] In-tree Volumes [Driver: hostPath] [Testpattern: Inline-volume (default fs)] volumeIO should write files of various sizes, verify size, validate content [Slow]" classname="Kubernetes e2e suite" status="skipped" time="0">
              <skipped message="skipped"></skipped>
          </testcase>
          <testcase name="[It] [sig-storage] PersistentVolumes NFS with Single PV - PVC pairs create a PVC and non-pre-bound PV: test write access" classname="Kubernetes e2e suite" status="skipped" time="0">
              <skipped message="skipped"></skipped>
          </testcase>
          <testcase name="[It] [sig-storage] CSI Volumes [Driver: pd.csi.storage.gke.io] [Serial] [Testpattern: Dynamic PV (default fs)] subPath should unmount if pod is force deleted while kubelet is down [Disruptive] [Slow] [LinuxOnly]" classname="Kubernetes e2e suite" status="skipped" time="0">
              <skipped message="skipped"></skipped>
          </testcase>
          <testcase name="[It] [sig-storage] In-tree Volumes [Driver: local] [LocalVolumeType: gce-localssd-scsi-fs] [Serial] [Testpattern: Inline-volume (default fs)] subPath should support restarting containers using directory as subpath [Slow]" classname="Kubernetes e2e suite" status="skipped" time="0">
              <skipped message="skipped"></skipped>
          </testcase>
          <testcase name="[It] [sig-storage] In-tree Volumes [Driver: local] [LocalVolumeType: dir] [Testpattern: Pre-provisioned PV (filesystem volmode)] multiVolume [Slow] should concurrently access the single volume from pods on the same node" classname="Kubernetes e2e suite" status="skipped" time="0">
              <skipped message="skipped"></skipped>
          </testcase>
          <testcase name="[It] [sig-apps] Deployment deployment should support proportional scaling [Conformance]" classname="Kubernetes e2e suite" status="passed" time="4.198717003"></testcase>
          <testcase name="[It] [sig-storage] In-tree Volumes [Driver: azure-file] [Testpattern: Pre-provisioned PV (filesystem volmode)] multiVolume [Slow] should concurrently access the single read-only volume from pods on the same node" classname="Kubernetes e2e suite" status="skipped" time="0">
              <skipped message="skipped"></skipped>
          </testcase>
          <testcase name="[It] [sig-storage] CSI Volumes [Driver: csi-hostpath] [Testpattern: Dynamic PV (ntfs)] [Feature:Windows] provisioning should provision storage with snapshot data source [Feature:VolumeSnapshotDataSource]" classname="Kubernetes e2e suite" status="skipped" time="0">
              <skipped message="skipped"></skipped>
          </testcase>
          <testcase name="[It] [sig-storage] CSI Volumes [Driver: pd.csi.storage.gke.io] [Serial] [Testpattern: Dynamic PV (ntfs)] [Feature:Windows] volume-expand should not allow expansion of pvcs without AllowVolumeExpansion property" classname="Kubernetes e2e suite" status="skipped" time="0">
              <skipped message="skipped"></skipped>
          </testcase>
          <testcase name="[It] [sig-storage] In-tree Volumes [Driver: local] [LocalVolumeType: dir-bindmounted] [Testpattern: Generic Ephemeral-volume (default fs) (immediate-binding)] ephemeral should create read-only inline ephemeral volume" classname="Kubernetes e2e suite" status="skipped" time="0">
              <skipped message="skipped"></skipped>
          </testcase>
          <testcase name="[It] [sig-storage] In-tree Volumes [Driver: azure-disk] [Testpattern: Inline-volume (ext4)] volumes should store data" classname="Kubernetes e2e suite" status="skipped" time="0">
              <skipped message="skipped"></skipped>
          </testcase>
          <testcase name="[It] [sig-storage] In-tree Volumes [Driver: local] [LocalVolumeType: dir-link-bindmounted] [Testpattern: Generic Ephemeral-volume (default fs)] volumeLimits should verify that all csinodes have volume limits" classname="Kubernetes e2e suite" status="skipped" time="0">
              <skipped message="skipped"></skipped>
          </testcase>
          <testcase name="[It] [sig-storage] In-tree Volumes [Driver: azure-file] [Testpattern: Dynamic PV (xfs)] [Slow] multiVolume [Slow] should concurrently access the volume and its clone from pods on the same node [LinuxOnly] [Feature:VolumeSourceXFS]" classname="Kubernetes e2e suite" status="skipped" time="0">
              <skipped message="skipped"></skipped>
          </testcase>
          <testcase name="[It] [sig-storage] In-tree Volumes [Driver: vsphere] [Testpattern: Dynamic PV (block volmode)] volume-expand should not allow expansion of pvcs without AllowVolumeExpansion property" classname="Kubernetes e2e suite" status="skipped" time="0">
              <skipped message="skipped"></skipped>
          </testcase>
          <testcase name="[It] [sig-storage] In-tree Volumes [Driver: local] [LocalVolumeType: dir-link-bindmounted] [Testpattern: Generic Ephemeral-volume (block volmode) (late-binding)] ephemeral should create read/write inline ephemeral volume" classname="Kubernetes e2e suite" status="skipped" time="0">
              <skipped message="skipped"></skipped>
          </testcase>
          <testcase name="[It] [sig-storage] CSI Volumes [Driver: pd.csi.storage.gke.io] [Serial] [Testpattern: Dynamic PV (block volmode)] multiVolume [Slow] should access to two volumes with the same volume mode and retain data across pod recreation on the same node" classname="Kubernetes e2e suite" status="skipped" time="0">
              <skipped message="skipped"></skipped>
          </testcase>
          <testcase name="[It] [sig-storage] In-tree Volumes [Driver: local] [LocalVolumeType: gce-localssd-scsi-fs] [Serial] [Testpattern: Generic Ephemeral-volume (default fs) (late-binding)] ephemeral should create read-only inline ephemeral volume" classname="Kubernetes e2e suite" status="skipped" time="0">
              <skipped message="skipped"></skipped>
          </testcase>
          <testcase name="[It] [sig-storage] In-tree Volumes [Driver: iscsi] [Feature:Volumes] [Testpattern: Dynamic PV (ext4)] multiVolume [Slow] should concurrently access the single volume from pods on the same node" classname="Kubernetes e2e suite" status="skipped" time="0">
              <skipped message="skipped"></skipped>
          </testcase>
          <testcase name="[It] [sig-network] Networking Granular Checks: Pods should function for intra-pod communication: http [NodeConformance] [Conformance]" classname="Kubernetes e2e suite" status="passed" time="16.302200551"></testcase>
          <testcase name="[It] [sig-storage] In-tree Volumes [Driver: iscsi] [Feature:Volumes] [Testpattern: Dynamic PV (default fs)] fsgroupchangepolicy (Always)[LinuxOnly], pod created with an initial fsgroup, volume contents ownership changed via chgrp in first pod, new pod with same fsgroup applied to the volume contents" classname="Kubernetes e2e suite" status="skipped" time="0">
              <skipped message="skipped"></skipped>
          </testcase>
          <testcase name="[It] [sig-storage] In-tree Volumes [Driver: hostPath] [Testpattern: Dynamic PV (default fs)] subPath should support readOnly directory specified in the volumeMount" classname="Kubernetes e2e suite" status="skipped" time="0">
              <skipped message="skipped"></skipped>
          </testcase>
          <testcase name="[It] [sig-storage] In-tree Volumes [Driver: local] [LocalVolumeType: tmpfs] [Testpattern: Generic Ephemeral-volume (block volmode) (late-binding)] ephemeral should create read-only inline ephemeral volume" classname="Kubernetes e2e suite" status="skipped" time="0">
              <skipped message="skipped"></skipped>
          </testcase>
          <testcase name="[It] [sig-storage] In-tree Volumes [Driver: hostPath] [Testpattern: Pre-provisioned PV (ext4)] volumes should store data" classname="Kubernetes e2e suite" status="skipped" time="0">
              <skipped message="skipped"></skipped>
          </testcase>
          <testcase name="[It] [sig-storage] In-tree Volumes [Driver: iscsi] [Feature:Volumes] [Testpattern: Pre-provisioned PV (block volmode)] multiVolume [Slow] should concurrently access the single volume from pods on different node" classname="Kubernetes e2e suite" status="skipped" time="0">
              <skipped message="skipped"></skipped>
          </testcase>
          <testcase name="[It] [sig-instrumentation] MetricsGrabber should grab all metrics from a Kubelet." classname="Kubernetes e2e suite" status="skipped" time="0">
              <skipped message="skipped"></skipped>
          </testcase>
          <testcase name="[It] [sig-cli] Kubectl client Kubectl diff should check if kubectl diff finds a difference for Deployments [Conformance]" classname="Kubernetes e2e suite" status="passed" time="0.202944809"></testcase>
          <testcase name="[It] [sig-api-machinery] Garbage collector should delete jobs and pods created by cronjob" classname="Kubernetes e2e suite" status="skipped" time="0">
              <skipped message="skipped"></skipped>
          </testcase>
          <testcase name="[It] [sig-storage] Projected downwardAPI should provide container&#39;s cpu limit [NodeConformance] [Conformance]" classname="Kubernetes e2e suite" status="passed" time="4.063346474"></testcase>
          <testcase name="[It] [sig-apps] stateful Upgrade [Feature:StatefulUpgrade] stateful upgrade should maintain a functioning cluster" classname="Kubernetes e2e suite" status="skipped" time="0">
              <skipped message="skipped"></skipped>
          </testcase>
          <testcase name="[It] [sig-storage] In-tree Volumes [Driver: vsphere] [Testpattern: Generic Ephemeral-volume (default fs) (immediate-binding)] ephemeral should create read/write inline ephemeral volume" classname="Kubernetes e2e suite" status="skipped" time="0">
              <skipped message="skipped"></skipped>
          </testcase>
          <testcase name="[It] [sig-storage] In-tree Volumes [Driver: local] [LocalVolumeType: block] [Testpattern: Dynamic PV (filesystem volmode)] multiVolume [Slow] should access to two volumes with different volume mode and retain data across pod recreation on the same node" classname="Kubernetes e2e suite" status="skipped" time="0">
              <skipped message="skipped"></skipped>
          </testcase>
          <testcase name="[It] [sig-storage] In-tree Volumes [Driver: local] [LocalVolumeType: block] [Testpattern: Dynamic PV (default fs)] volume-expand should not allow expansion of pvcs without AllowVolumeExpansion property" classname="Kubernetes e2e suite" status="skipped" time="0">
              <skipped message="skipped"></skipped>
          </testcase>
          <testcase name="[It] [sig-storage] In-tree Volumes [Driver: nfs] [Testpattern: Pre-provisioned PV (default fs)] volumes should store data" classname="Kubernetes e2e suite" status="skipped" time="0">
              <skipped message="skipped"></skipped>
          </testcase>
          <testcase name="[It] [sig-storage] ConfigMap should be consumable from pods in volume as non-root [NodeConformance] [Conformance]" classname="Kubernetes e2e suite" status="passed" time="4.076433406"></testcase>
          <testcase name="[It] [sig-storage] In-tree Volumes [Driver: local] [LocalVolumeType: blockfs] [Testpattern: Pre-provisioned PV (block volmode)] multiVolume [Slow] should access to two volumes with different volume mode and retain data across pod recreation on different node" classname="Kubernetes e2e suite" status="skipped" time="0">
              <skipped message="skipped"></skipped>
          </testcase>
          <testcase name="[It] [sig-storage] In-tree Volumes [Driver: hostPath] [Testpattern: Inline-volume (ntfs)] [Feature:Windows] volumes should store data" classname="Kubernetes e2e suite" status="skipped" time="0">
              <skipped message="skipped"></skipped>
          </testcase>
          <testcase name="[It] [sig-storage] In-tree Volumes [Driver: iscsi] [Feature:Volumes] [Testpattern: Dynamic PV (default fs)] volume-stress multiple pods should access different volumes repeatedly [Slow] [Serial]" classname="Kubernetes e2e suite" status="skipped" time="0">
              <skipped message="skipped"></skipped>
          </testcase>
          <testcase name="[It] [sig-storage] CSI Volumes [Driver: pd.csi.storage.gke.io] [Serial] [Testpattern: Dynamic PV (ext4)] multiVolume [Slow] should concurrently access the single read-only volume from pods on the same node" classname="Kubernetes e2e suite" status="skipped" time="0">
              <skipped message="skipped"></skipped>
          </testcase>
          <testcase name="[It] [sig-storage] In-tree Volumes [Driver: azure-disk] [Testpattern: Inline-volume (default fs)] subPath should support restarting containers using directory as subpath [Slow]" classname="Kubernetes e2e suite" status="skipped" time="0">
              <skipped message="skipped"></skipped>
          </testcase>
          <testcase name="[It] [sig-apps] ReplicaSet should serve a basic image on each replica with a public image [Conformance]" classname="Kubernetes e2e suite" status="passed" time="5.125467904"></testcase>
          <testcase name="[It] [sig-storage] In-tree Volumes [Driver: local] [LocalVolumeType: blockfs] [Testpattern: Dynamic PV (filesystem volmode)] multiVolume [Slow] should concurrently access the volume and its clone from pods on the same node [LinuxOnly] [Feature:VolumeSourceXFS]" classname="Kubernetes e2e suite" status="skipped" time="0">
              <skipped message="skipped"></skipped>
          </testcase>
          <testcase name="[It] [sig-network] Services should provide secure master service [Conformance]" classname="Kubernetes e2e suite" status="passed" time="0.106691704"></testcase>
          <testcase name="[It] [sig-storage] CSI Volumes [Driver: csi-hostpath] [Testpattern: Dynamic PV (ntfs)] [Feature:Windows] volumeIO should write files of various sizes, verify size, validate content [Slow]" classname="Kubernetes e2e suite" status="skipped" time="0">
              <skipped message="skipped"></skipped>
          </testcase>
          <testcase name="[It] [sig-network] LoadBalancers [Feature:LoadBalancer] should be able to change the type and ports of a TCP service [Slow]" classname="Kubernetes e2e suite" status="skipped" time="0">
              <skipped message="skipped"></skipped>
          </testcase>
          <testcase name="[It] [sig-storage] In-tree Volumes [Driver: nfs] [Testpattern: Generic Ephemeral-volume (default fs) (late-binding)] ephemeral should support expansion of pvcs created for ephemeral pvcs" classname="Kubernetes e2e suite" status="skipped" time="0">
              <skipped message="skipped"></skipped>
          </testcase>
          <testcase name="[It] [sig-storage] In-tree Volumes [Driver: local] [LocalVolumeType: blockfs] [Testpattern: Pre-provisioned PV (default fs)] subPath should fail if non-existent subpath is outside the volume [Slow] [LinuxOnly]" classname="Kubernetes e2e suite" status="skipped" time="0">
              <skipped message="skipped"></skipped>
          </testcase>
          <testcase name="[It] [sig-storage] In-tree Volumes [Driver: local] [LocalVolumeType: dir] [Testpattern: Inline-volume (xfs)] [Slow] volumes should store data" classname="Kubernetes e2e suite" status="skipped" time="0">
              <skipped message="skipped"></skipped>
          </testcase>
          <testcase name="[It] [sig-storage] In-tree Volumes [Driver: iscsi] [Feature:Volumes] [Testpattern: Inline-volume (ntfs)] [Feature:Windows] volumes should allow exec of files on the volume" classname="Kubernetes e2e suite" status="skipped" time="0">
              <skipped message="skipped"></skipped>
          </testcase>
          <testcase name="[It] [sig-storage] In-tree Volumes [Driver: local] [LocalVolumeType: dir] [Testpattern: Pre-provisioned PV (block volmode)] multiVolume [Slow] should concurrently access the single volume from pods on the same node" classname="Kubernetes e2e suite" status="skipped" time="0">
              <skipped message="skipped"></skipped>
          </testcase>
          <testcase name="[It] [sig-storage] HostPathType Socket [Slow] Should fail on mounting socket &#39;asocket&#39; when HostPathType is HostPathCharDev" classname="Kubernetes e2e suite" status="skipped" time="0">
              <skipped message="skipped"></skipped>
          </testcase>
          <testcase name="[It] [sig-storage] In-tree Volumes [Driver: local] [LocalVolumeType: tmpfs] [Testpattern: Dynamic PV (default fs)] subPath should support file as subpath [LinuxOnly]" classname="Kubernetes e2e suite" status="skipped" time="0">
              <skipped message="skipped"></skipped>
          </testcase>
          <testcase name="[It] [sig-network] Services should be able to switch session affinity for service with type clusterIP [LinuxOnly] [Conformance]" classname="Kubernetes e2e suite" status="passed" time="4.666216694"></testcase>
          <testcase name="[It] [sig-storage] In-tree Volumes [Driver: local] [LocalVolumeType: gce-localssd-scsi-fs] [Serial] [Testpattern: Dynamic PV (ext4)] multiVolume [Slow] should concurrently access the volume and restored snapshot from pods on the same node [LinuxOnly] [Feature:VolumeSnapshotDataSource] [Feature:VolumeSourceXFS]" classname="Kubernetes e2e suite" status="skipped" time="0">
              <skipped message="skipped"></skipped>
          </testcase>
          <testcase name="[It] [sig-storage] In-tree Volumes [Driver: local] [LocalVolumeType: blockfs] [Testpattern: Pre-provisioned PV (filesystem volmode)] multiVolume [Slow] should concurrently access the volume and restored snapshot from pods on the same node [LinuxOnly] [Feature:VolumeSnapshotDataSource] [Feature:VolumeSourceXFS]" classname="Kubernetes e2e suite" status="skipped" time="0">
              <skipped message="skipped"></skipped>
          </testcase>
          <testcase name="[It] [sig-network] Netpol NetworkPolicy between server and client should stop enforcing policies after they are deleted [Feature:NetworkPolicy]" classname="Kubernetes e2e suite" status="skipped" time="0">
              <skipped message="skipped"></skipped>
          </testcase>
          <testcase name="[It] [sig-storage] In-tree Volumes [Driver: azure-disk] [Testpattern: Pre-provisioned PV (filesystem volmode)] multiVolume [Slow] should concurrently access the single read-only volume from pods on the same node" classname="Kubernetes e2e suite" status="skipped" time="0">
              <skipped message="skipped"></skipped>
          </testcase>
          <testcase name="[It] [sig-storage] In-tree Volumes [Driver: iscsi] [Feature:Volumes] [Testpattern: Dynamic PV (ntfs)] [Feature:Windows] provisioning should provision storage with pvc data source" classname="Kubernetes e2e suite" status="skipped" time="0">
              <skipped message="skipped"></skipped>
          </testcase>
          <testcase name="[It] [sig-storage] In-tree Volumes [Driver: emptydir] [Testpattern: Dynamic PV (ntfs)] [Feature:Windows] provisioning should provision storage with pvc data source (ROX mode)" classname="Kubernetes e2e suite" status="skipped" time="0">
              <skipped message="skipped"></skipped>
          </testcase>
          <testcase name="[It] [sig-storage] In-tree Volumes [Driver: hostPath] [Testpattern: Dynamic PV (block volmode)] volumeMode should fail in binding dynamic provisioned PV to PVC [Slow] [LinuxOnly]" classname="Kubernetes e2e suite" status="skipped" time="0">
              <skipped message="skipped"></skipped>
          </testcase>
          <testcase name="[It] [sig-storage] Subpath Atomic writer volumes should support subpaths with configmap pod [Conformance]" classname="Kubernetes e2e suite" status="passed" time="22.117598247"></testcase>
          <testcase name="[It] [sig-api-machinery] OpenAPIV3 should contain OpenAPI V3 for Aggregated APIServer [Serial]" classname="Kubernetes e2e suite" status="skipped" time="0">
              <skipped message="skipped"></skipped>
          </testcase>
          <testcase name="[It] [sig-storage] In-tree Volumes [Driver: hostPath] [Testpattern: Inline-volume (default fs)] subPath should be able to unmount after the subpath directory is deleted [LinuxOnly]" classname="Kubernetes e2e suite" status="skipped" time="0">
              <skipped message="skipped"></skipped>
          </testcase>
          <testcase name="[It] [sig-storage] In-tree Volumes [Driver: local] [LocalVolumeType: tmpfs] [Testpattern: Dynamic PV (ntfs)] [Feature:Windows] subPath should fail if subpath with backstepping is outside the volume [Slow] [LinuxOnly]" classname="Kubernetes e2e suite" status="skipped" time="0">
              <skipped message="skipped"></skipped>
          </testcase>
          <testcase name="[It] [sig-storage] In-tree Volumes [Driver: cinder] [Testpattern: Dynamic PV (default fs)] fsgroupchangepolicy (Always)[LinuxOnly], pod created with an initial fsgroup, volume contents ownership changed via chgrp in first pod, new pod with same fsgroup applied to the volume contents" classname="Kubernetes e2e suite" status="skipped" time="0">
              <skipped message="skipped"></skipped>
          </testcase>
          <testcase name="[It] [sig-storage] In-tree Volumes [Driver: nfs] [Testpattern: Inline-volume (default fs)] subPath should support readOnly file specified in the volumeMount [LinuxOnly]" classname="Kubernetes e2e suite" status="skipped" time="0">
              <skipped message="skipped"></skipped>
          </testcase>
          <testcase name="[It] [sig-network] Netpol NetworkPolicy between server and client should properly isolate pods that are selected by a policy allowing SCTP, even if the plugin doesn&#39;t support SCTP [Feature:NetworkPolicy]" classname="Kubernetes e2e suite" status="skipped" time="0">
              <skipped message="skipped"></skipped>
          </testcase>
          <testcase name="[It] [sig-storage] CSI Volumes [Driver: pd.csi.storage.gke.io] [Serial] [Testpattern: Dynamic PV (xfs)] [Slow] multiVolume [Slow] should access to two volumes with the same volume mode and retain data across pod recreation on the same node" classname="Kubernetes e2e suite" status="skipped" time="0">
              <skipped message="skipped"></skipped>
          </testcase>
          <testcase name="[It] [sig-storage] In-tree Volumes [Driver: local] [LocalVolumeType: blockfs] [Testpattern: Dynamic PV (default fs)] fsgroupchangepolicy (OnRootMismatch)[LinuxOnly], pod created with an initial fsgroup, volume contents ownership changed via chgrp in first pod, new pod with same fsgroup skips ownership changes to the volume contents" classname="Kubernetes e2e suite" status="skipped" time="0">
              <skipped message="skipped"></skipped>
          </testcase>
          <testcase name="[It] [sig-storage] In-tree Volumes [Driver: vsphere] [Testpattern: Inline-volume (ntfs)] [Feature:Windows] volumes should store data" classname="Kubernetes e2e suite" status="skipped" time="0">
              <skipped message="skipped"></skipped>
          </testcase>
          <testcase name="[It] [sig-storage] In-tree Volumes [Driver: local] [LocalVolumeType: tmpfs] [Testpattern: Inline-volume (xfs)] [Slow] volumes should allow exec of files on the volume" classname="Kubernetes e2e suite" status="skipped" time="0">
              <skipped message="skipped"></skipped>
          </testcase>
          <testcase name="[It] [sig-network] Netpol NetworkPolicy between server and client should enforce multiple, stacked policies with overlapping podSelectors [Feature:NetworkPolicy]" classname="Kubernetes e2e suite" status="skipped" time="0">
              <skipped message="skipped"></skipped>
          </testcase>
          <testcase name="[It] [sig-storage] In-tree Volumes [Driver: hostPathSymlink] [Testpattern: Pre-provisioned PV (block volmode)] multiVolume [Slow] should access to two volumes with the same volume mode and retain data across pod recreation on the same node" classname="Kubernetes e2e suite" status="skipped" time="0">
              <skipped message="skipped"></skipped>
          </testcase>
          <testcase name="[It] [sig-storage] In-tree Volumes [Driver: local] [LocalVolumeType: dir-link-bindmounted] [Testpattern: Dynamic PV (block volmode)] provisioning should mount multiple PV pointing to the same storage on the same node" classname="Kubernetes e2e suite" status="skipped" time="0">
              <skipped message="skipped"></skipped>
          </testcase>
          <testcase name="[It] [sig-storage] In-tree Volumes [Driver: hostPath] [Testpattern: Dynamic PV (ext4)] volumes should allow exec of files on the volume" classname="Kubernetes e2e suite" status="skipped" time="0">
              <skipped message="skipped"></skipped>
          </testcase>
          <testcase name="[It] [sig-storage] In-tree Volumes [Driver: nfs] [Testpattern: Dynamic PV (default fs)] subPath should fail if subpath with backstepping is outside the volume [Slow] [LinuxOnly]" classname="Kubernetes e2e suite" status="skipped" time="0">
              <skipped message="skipped"></skipped>
          </testcase>
          <testcase name="[It] [sig-storage] In-tree Volumes [Driver: hostPath] [Testpattern: Pre-provisioned PV (default fs)] volumes should allow exec of files on the volume" classname="Kubernetes e2e suite" status="skipped" time="0">
              <skipped message="skipped"></skipped>
          </testcase>
          <testcase name="[It] [sig-storage] In-tree Volumes [Driver: local] [LocalVolumeType: gce-localssd-scsi-fs] [Serial] [Testpattern: Dynamic PV (ext4)] volumes should store data" classname="Kubernetes e2e suite" status="skipped" time="0">
              <skipped message="skipped"></skipped>
          </testcase>
          <testcase name="[It] [sig-node] Pod InPlace Resize Container [FeatureGate:InPlacePodVerticalScaling] [Beta] Burstable QoS pod, one container with cpu &amp; memory requests + limits - increase memory requests only" classname="Kubernetes e2e suite" status="skipped" time="0">
              <skipped message="skipped"></skipped>
          </testcase>
          <testcase name="[It] [sig-storage] In-tree Volumes [Driver: local] [LocalVolumeType: dir-link-bindmounted] [Testpattern: Pre-provisioned PV (default fs)] subPath should unmount if pod is gracefully deleted while kubelet is down [Disruptive] [Slow] [LinuxOnly]" classname="Kubernetes e2e suite" status="skipped" time="0">
              <skipped message="skipped"></skipped>
          </testcase>
          <testcase name="[It] [sig-storage] In-tree Volumes [Driver: azure-disk] [Testpattern: Dynamic PV (immediate binding)] topology should provision a volume and schedule a pod with AllowedTopologies" classname="Kubernetes e2e suite" status="skipped" time="0">
              <skipped message="skipped"></skipped>
          </testcase>
          <testcase name="[It] [sig-storage] In-tree Volumes [Driver: iscsi] [Feature:Volumes] [Testpattern: Dynamic PV (default fs)(allowExpansion)] volume-expand should resize volume when PVC is edited while pod is using it" classname="Kubernetes e2e suite" status="skipped" time="0">
              <skipped message="skipped"></skipped>
          </testcase>
          <testcase name="[It] [sig-storage] In-tree Volumes [Driver: local] [LocalVolumeType: blockfs] [Testpattern: Dynamic PV (default fs)] subPath should support restarting containers using directory as subpath [Slow]" classname="Kubernetes e2e suite" status="skipped" time="0">
              <skipped message="skipped"></skipped>
          </testcase>
          <testcase name="[It] [sig-storage] In-tree Volumes [Driver: local] [LocalVolumeType: blockfs] [Testpattern: Pre-provisioned PV (ext3)] volumes should allow exec of files on the volume" classname="Kubernetes e2e suite" status="skipped" time="0">
              <skipped message="skipped"></skipped>
          </testcase>
          <testcase name="[It] [sig-storage] CSI Mock selinux on mount SELinuxMount [LinuxOnly] [Feature:SELinux] should unstage RWO volume when starting a second pod with different policy (Recursive -&gt; MountOption) [FeatureGate:SELinuxMountReadWriteOncePod] [Beta] [FeatureGate:SELinuxMount] [Beta] [Feature:OffByDefault]" classname="Kubernetes e2e suite" status="skipped" time="0">
              <skipped message="skipped"></skipped>
          </testcase>
          <testcase name="[It] [sig-storage] In-tree Volumes [Driver: local] [LocalVolumeType: block] [Testpattern: Dynamic PV (ntfs)] [Feature:Windows] subPath should unmount if pod is force deleted while kubelet is down [Disruptive] [Slow] [LinuxOnly]" classname="Kubernetes e2e suite" status="skipped" time="0">
              <skipped message="skipped"></skipped>
          </testcase>
          <testcase name="[It] [sig-storage] In-tree Volumes [Driver: local] [LocalVolumeType: tmpfs] [Testpattern: Dynamic PV (ntfs)] [Feature:Windows] subPath should fail if subpath file is outside the volume [Slow] [LinuxOnly]" classname="Kubernetes e2e suite" status="skipped" time="0">
              <skipped message="skipped"></skipped>
          </testcase>
          <testcase name="[It] [sig-storage] In-tree Volumes [Driver: iscsi] [Feature:Volumes] [Testpattern: Generic Ephemeral-volume (default fs)] volumeLimits should support volume limits [Serial]" classname="Kubernetes e2e suite" status="skipped" time="0">
              <skipped message="skipped"></skipped>
          </testcase>
          <testcase name="[It] [sig-storage] In-tree Volumes [Driver: local] [LocalVolumeType: dir] [Testpattern: Generic Ephemeral-volume (default fs) (late-binding)] ephemeral should support multiple inline ephemeral volumes" classname="Kubernetes e2e suite" status="skipped" time="0">
              <skipped message="skipped"></skipped>
          </testcase>
          <testcase name="[It] [sig-node] [Feature:SidecarContainers] Restartable Init Container Lifecycle Hook when create a pod with lifecycle hook should execute prestop http hook properly" classname="Kubernetes e2e suite" status="skipped" time="0">
              <skipped message="skipped"></skipped>
          </testcase>
          <testcase name="[It] [sig-node] Container Lifecycle Hook when create a pod with lifecycle hook should execute prestop exec hook properly [NodeConformance] [Conformance]" classname="Kubernetes e2e suite" status="passed" time="6.168632527"></testcase>
          <testcase name="[It] [sig-storage] In-tree Volumes [Driver: vsphere] [Testpattern: Pre-provisioned PV (ext4)] volumes should allow exec of files on the volume" classname="Kubernetes e2e suite" status="skipped" time="0">
              <skipped message="skipped"></skipped>
          </testcase>
          <testcase name="[It] [sig-network] Connectivity Pod Lifecycle should be able to connect from a Pod to a terminating Pod" classname="Kubernetes e2e suite" status="skipped" time="0">
              <skipped message="skipped"></skipped>
          </testcase>
          <testcase name="[It] [sig-storage] In-tree Volumes [Driver: local] [LocalVolumeType: dir] [Testpattern: Pre-provisioned PV (block volmode)] volumeMode should fail to create pod by failing to mount volume [Slow]" classname="Kubernetes e2e suite" status="skipped" time="0">
              <skipped message="skipped"></skipped>
          </testcase>
          <testcase name="[It] [sig-autoscaling] Cluster size autoscaling [Slow] shouldn&#39;t scale down when non expendable pod is running [Feature:ClusterSizeAutoscalingScaleDown]" classname="Kubernetes e2e suite" status="skipped" time="0">
              <skipped message="skipped"></skipped>
          </testcase>
          <testcase name="[It] [sig-storage] In-tree Volumes [Driver: azure-file] [Testpattern: Dynamic PV (ntfs)(allowExpansion)] [Feature:Windows] volume-expand Verify if offline PVC expansion works" classname="Kubernetes e2e suite" status="skipped" time="0">
              <skipped message="skipped"></skipped>
          </testcase>
          <testcase name="[It] [sig-storage] CSI Volumes [Driver: pd.csi.storage.gke.io] [Serial] [Testpattern: Inline-volume (default fs)] subPath should support restarting containers using file as subpath [Slow] [LinuxOnly]" classname="Kubernetes e2e suite" status="skipped" time="0">
              <skipped message="skipped"></skipped>
          </testcase>
          <testcase name="[It] [sig-node] Kubelet [Serial] [Slow] experimental resource usage tracking [Feature:ExperimentalResourceUsageTracking] resource tracking for 100 pods per node" classname="Kubernetes e2e suite" status="skipped" time="0">
              <skipped message="skipped"></skipped>
          </testcase>
          <testcase name="[It] [sig-storage] In-tree Volumes [Driver: local] [LocalVolumeType: dir] [Testpattern: Inline-volume (default fs)] subPath should support restarting containers using directory as subpath [Slow]" classname="Kubernetes e2e suite" status="skipped" time="0">
              <skipped message="skipped"></skipped>
          </testcase>
          <testcase name="[It] [sig-storage] In-tree Volumes [Driver: emptydir] [Testpattern: Pre-provisioned PV (block volmode)] volumeMode should fail to use a volume in a pod with mismatched mode [Slow]" classname="Kubernetes e2e suite" status="skipped" time="0">
              <skipped message="skipped"></skipped>
          </testcase>
          <testcase name="[It] [sig-storage] In-tree Volumes [Driver: local] [LocalVolumeType: dir-link-bindmounted] [Testpattern: Pre-provisioned PV (default fs)] subPath should support file as subpath [LinuxOnly]" classname="Kubernetes e2e suite" status="skipped" time="0">
              <skipped message="skipped"></skipped>
          </testcase>
          <testcase name="[It] [sig-storage] In-tree Volumes [Driver: iscsi] [Feature:Volumes] [Testpattern: Inline-volume (default fs)] subPath should support restarting containers using file as subpath [Slow] [LinuxOnly]" classname="Kubernetes e2e suite" status="skipped" time="0">
              <skipped message="skipped"></skipped>
          </testcase>
          <testcase name="[It] [sig-storage] In-tree Volumes [Driver: local] [LocalVolumeType: dir-bindmounted] [Testpattern: Pre-provisioned PV (block volmode)] volumeMode should fail to create pod by failing to mount volume [Slow]" classname="Kubernetes e2e suite" status="skipped" time="0">
              <skipped message="skipped"></skipped>
          </testcase>
          <testcase name="[It] [sig-storage] In-tree Volumes [Driver: local] [LocalVolumeType: dir-link-bindmounted] [Testpattern: Dynamic PV (block volmode)] disruptive [Disruptive] [LinuxOnly] Should test that pv written before kubelet restart is readable after restart." classname="Kubernetes e2e suite" status="skipped" time="0">
              <skipped message="skipped"></skipped>
          </testcase>
          <testcase name="[It] [sig-storage] In-tree Volumes [Driver: azure-disk] [Testpattern: Dynamic PV (default fs)] fsgroupchangepolicy (Always)[LinuxOnly], pod created with an initial fsgroup, new pod fsgroup applied to volume contents" classname="Kubernetes e2e suite" status="skipped" time="0">
              <skipped message="skipped"></skipped>
          </testcase>
          <testcase name="[It] [sig-storage] CSI Volumes [Driver: pd.csi.storage.gke.io] [Serial] [Testpattern: Dynamic PV (block volmode)] provisioning should provision storage with pvc data source (ROX mode)" classname="Kubernetes e2e suite" status="skipped" time="0">
              <skipped message="skipped"></skipped>
          </testcase>
          <testcase name="[It] [sig-storage] CSI Volumes [Driver: pd.csi.storage.gke.io] [Serial] [Testpattern: Dynamic PV (default fs)] provisioning should provision storage with snapshot data source (ROX mode) [Feature:VolumeSnapshotDataSource]" classname="Kubernetes e2e suite" status="skipped" time="0">
              <skipped message="skipped"></skipped>
          </testcase>
          <testcase name="[It] [sig-storage] In-tree Volumes [Driver: local] [LocalVolumeType: dir] [Testpattern: Dynamic PV (default fs)] fsgroupchangepolicy (Always)[LinuxOnly], pod created with an initial fsgroup, volume contents ownership changed via chgrp in first pod, new pod with same fsgroup applied to the volume contents" classname="Kubernetes e2e suite" status="skipped" time="0">
              <skipped message="skipped"></skipped>
          </testcase>
          <testcase name="[It] [sig-storage] In-tree Volumes [Driver: local] [LocalVolumeType: dir-link] [Testpattern: Dynamic PV (default fs)] provisioning should provision storage with snapshot data source [Feature:VolumeSnapshotDataSource]" classname="Kubernetes e2e suite" status="skipped" time="0">
              <skipped message="skipped"></skipped>
          </testcase>
          <testcase name="[It] [sig-apps] ReplicationController should release no longer matching pods [Conformance]" classname="Kubernetes e2e suite" status="passed" time="6.059302963"></testcase>
          <testcase name="[It] [sig-node] Pod InPlace Resize Container [FeatureGate:InPlacePodVerticalScaling] [Beta] Guaranteed QoS pod, three containers (c1, c2, c3) - increase: CPU (c1,c3), memory (c2, c3) ; decrease: CPU (c2)" classname="Kubernetes e2e suite" status="skipped" time="0">
              <skipped message="skipped"></skipped>
          </testcase>
          <testcase name="[It] [sig-storage] In-tree Volumes [Driver: emptydir] [Testpattern: Dynamic PV (ntfs)] [Feature:Windows] volume-expand should not allow expansion of pvcs without AllowVolumeExpansion property" classname="Kubernetes e2e suite" status="skipped" time="0">
              <skipped message="skipped"></skipped>
          </testcase>
          <testcase name="[It] [sig-api-machinery] API Streaming (aka. WatchList) [FeatureGate:WatchList] [Beta] [Feature:OffByDefault] [Serial] should be requested by informers when WatchListClient is enabled" classname="Kubernetes e2e suite" status="skipped" time="0">
              <skipped message="skipped"></skipped>
          </testcase>
          <testcase name="[It] [sig-network] [Feature:PerformanceDNS] [Serial] Should answer DNS query for maximum number of services per cluster" classname="Kubernetes e2e suite" status="skipped" time="0">
              <skipped message="skipped"></skipped>
          </testcase>
          <testcase name="[It] [sig-storage] In-tree Volumes [Driver: emptydir] [Testpattern: Pre-provisioned PV (default fs)] volumes should allow exec of files on the volume" classname="Kubernetes e2e suite" status="skipped" time="0">
              <skipped message="skipped"></skipped>
          </testcase>
          <testcase name="[It] [sig-storage] In-tree Volumes [Driver: iscsi] [Feature:Volumes] [Testpattern: Dynamic PV (default fs)] provisioning should provision storage with any volume data source [Serial]" classname="Kubernetes e2e suite" status="skipped" time="0">
              <skipped message="skipped"></skipped>
          </testcase>
          <testcase name="[It] [sig-storage] In-tree Volumes [Driver: nfs] [Testpattern: Dynamic PV (ext4)] multiVolume [Slow] should access to two volumes with different volume mode and retain data across pod recreation on different node" classname="Kubernetes e2e suite" status="skipped" time="0">
              <skipped message="skipped"></skipped>
          </testcase>
          <testcase name="[It] [sig-storage] In-tree Volumes [Driver: local] [LocalVolumeType: blockfs] [Testpattern: Inline-volume (default fs)] subPath should support file as subpath [LinuxOnly]" classname="Kubernetes e2e suite" status="skipped" time="0">
              <skipped message="skipped"></skipped>
          </testcase>
          <testcase name="[It] [sig-storage] In-tree Volumes [Driver: nfs] [Testpattern: Dynamic PV (default fs)] fsgroupchangepolicy (Always)[LinuxOnly], pod created with an initial fsgroup, new pod fsgroup applied to volume contents" classname="Kubernetes e2e suite" status="skipped" time="0">
              <skipped message="skipped"></skipped>
          </testcase>
          <testcase name="[It] [sig-storage] In-tree Volumes [Driver: hostPathSymlink] [Testpattern: Dynamic PV (ext4)] multiVolume [Slow] should access to two volumes with different volume mode and retain data across pod recreation on the same node" classname="Kubernetes e2e suite" status="skipped" time="0">
              <skipped message="skipped"></skipped>
          </testcase>
          <testcase name="[It] [sig-storage] CSI Volumes [Driver: pd.csi.storage.gke.io] [Serial] [Testpattern: Dynamic PV (ext4)] multiVolume [Slow] should access to two volumes with different volume mode and retain data across pod recreation on different node" classname="Kubernetes e2e suite" status="skipped" time="0">
              <skipped message="skipped"></skipped>
          </testcase>
          <testcase name="[It] [sig-storage] In-tree Volumes [Driver: nfs] [Testpattern: Inline-volume (ntfs)] [Feature:Windows] volumes should store data" classname="Kubernetes e2e suite" status="skipped" time="0">
              <skipped message="skipped"></skipped>
          </testcase>
          <testcase name="[It] [sig-apps] Deployment should not disrupt a cloud load-balancer&#39;s connectivity during rollout" classname="Kubernetes e2e suite" status="skipped" time="0">
              <skipped message="skipped"></skipped>
          </testcase>
          <testcase name="[It] [sig-storage] In-tree Volumes [Driver: local] [LocalVolumeType: tmpfs] [Testpattern: Dynamic PV (immediate binding)] topology should provision a volume and schedule a pod with AllowedTopologies" classname="Kubernetes e2e suite" status="skipped" time="0">
              <skipped message="skipped"></skipped>
          </testcase>
          <testcase name="[It] [sig-storage] In-tree Volumes [Driver: hostPathSymlink] [Testpattern: Inline-volume (default fs)] subPath should support existing directories when readOnly specified in the volumeSource" classname="Kubernetes e2e suite" status="skipped" time="0">
              <skipped message="skipped"></skipped>
          </testcase>
          <testcase name="[It] [sig-cli] Kubectl client Kubectl describe should check if kubectl describe prints relevant information for cronjob" classname="Kubernetes e2e suite" status="skipped" time="0">
              <skipped message="skipped"></skipped>
          </testcase>
          <testcase name="[It] [sig-cli] Kubectl client Simple pod should support inline execution and attach with websockets or fallback to spdy" classname="Kubernetes e2e suite" status="skipped" time="0">
              <skipped message="skipped"></skipped>
          </testcase>
          <testcase name="[It] [sig-storage] In-tree Volumes [Driver: emptydir] [Testpattern: Generic Ephemeral-volume (block volmode) (late-binding)] ephemeral should support two pods which have the same volume definition" classname="Kubernetes e2e suite" status="skipped" time="0">
              <skipped message="skipped"></skipped>
          </testcase>
          <testcase name="[It] [sig-storage] In-tree Volumes [Driver: local] [LocalVolumeType: dir-link-bindmounted] [Testpattern: Dynamic PV (default fs)] subPath should be able to unmount after the subpath directory is deleted [LinuxOnly]" classname="Kubernetes e2e suite" status="skipped" time="0">
              <skipped message="skipped"></skipped>
          </testcase>
          <testcase name="[It] [sig-scheduling] SchedulerPredicates [Serial] validates that NodeSelector is respected if matching [Conformance]" classname="Kubernetes e2e suite" status="passed" time="4.206603299"></testcase>
          <testcase name="[It] [sig-storage] CSI Mock selinux on mount metrics and SELinuxWarningController SELinuxMount metrics [LinuxOnly] [Feature:SELinux] [Serial] warning is not bumped on two Pods with the same context on RWO volume [FeatureGate:SELinuxMountReadWriteOncePod] [Beta] [FeatureGate:SELinuxChangePolicy] [Beta] [Feature:SELinuxMountReadWriteOncePodOnly]" classname="Kubernetes e2e suite" status="skipped" time="0">
              <skipped message="skipped"></skipped>
          </testcase>
          <testcase name="[It] [sig-storage] PersistentVolumes-local [Volume type: tmpfs] Set fsGroup for local volume should set different fsGroup for second pod if first pod is deleted [Flaky]" classname="Kubernetes e2e suite" status="skipped" time="0">
              <skipped message="skipped"></skipped>
          </testcase>
          <testcase name="[It] [sig-network] Netpol NetworkPolicy between server and client should enforce except clause while egress access to server in CIDR block [Feature:NetworkPolicy]" classname="Kubernetes e2e suite" status="skipped" time="0">
              <skipped message="skipped"></skipped>
          </testcase>
          <testcase name="[It] [sig-storage] CSI Volumes [Driver: csi-hostpath] [Testpattern: Ephemeral Snapshot (delete policy)] snapshottable [Feature:VolumeSnapshotDataSource] volume snapshot controller  should check snapshot fields, check restore correctly works, check deletion (ephemeral)" classname="Kubernetes e2e suite" status="skipped" time="0">
              <skipped message="skipped"></skipped>
          </testcase>
          <testcase name="[It] [sig-storage] In-tree Volumes [Driver: cinder] [Testpattern: Pre-provisioned PV (default fs)] subPath should verify container cannot write to subpath readonly volumes [Slow]" classname="Kubernetes e2e suite" status="skipped" time="0">
              <skipped message="skipped"></skipped>
          </testcase>
          <testcase name="[It] [sig-storage] In-tree Volumes [Driver: local] [LocalVolumeType: dir] [Testpattern: Generic Ephemeral-volume (block volmode) (late-binding)] ephemeral should support expansion of pvcs created for ephemeral pvcs" classname="Kubernetes e2e suite" status="skipped" time="0">
              <skipped message="skipped"></skipped>
          </testcase>
          <testcase name="[It] [sig-storage] In-tree Volumes [Driver: azure-file] [Testpattern: Generic Ephemeral-volume (default fs) (late-binding)] ephemeral should support expansion of pvcs created for ephemeral pvcs" classname="Kubernetes e2e suite" status="skipped" time="0">
              <skipped message="skipped"></skipped>
          </testcase>
          <testcase name="[It] [sig-storage] In-tree Volumes [Driver: local] [LocalVolumeType: dir-bindmounted] [Testpattern: Dynamic PV (default fs)] subPath should support existing single file [LinuxOnly]" classname="Kubernetes e2e suite" status="skipped" time="0">
              <skipped message="skipped"></skipped>
          </testcase>
          <testcase name="[It] [sig-storage] In-tree Volumes [Driver: emptydir] [Testpattern: Pre-provisioned PV (filesystem volmode)] disruptive [Disruptive] [LinuxOnly] Should test that pv used in a pod that is force deleted while the kubelet is down is usable by a new pod with a different SELinux context when kubelet returns [Feature:SELinux]" classname="Kubernetes e2e suite" status="skipped" time="0">
              <skipped message="skipped"></skipped>
          </testcase>
          <testcase name="[It] [sig-storage] In-tree Volumes [Driver: cinder] [Testpattern: Pre-provisioned PV (block volmode)] disruptive [Disruptive] [LinuxOnly] Should test that pv written before kubelet restart is readable after restart." classname="Kubernetes e2e suite" status="skipped" time="0">
              <skipped message="skipped"></skipped>
          </testcase>
          <testcase name="[It] [sig-storage] In-tree Volumes [Driver: local] [LocalVolumeType: dir-bindmounted] [Testpattern: Pre-provisioned PV (default fs)] subPath should verify container cannot write to subpath readonly volumes [Slow]" classname="Kubernetes e2e suite" status="skipped" time="0">
              <skipped message="skipped"></skipped>
          </testcase>
          <testcase name="[It] [sig-storage] In-tree Volumes [Driver: hostPathSymlink] [Testpattern: Pre-provisioned PV (default fs)] volumeIO should write files of various sizes, verify size, validate content [Slow]" classname="Kubernetes e2e suite" status="skipped" time="0">
              <skipped message="skipped"></skipped>
          </testcase>
          <testcase name="[It] [sig-storage] In-tree Volumes [Driver: nfs] [Testpattern: Generic Ephemeral-volume (default fs) (late-binding)] ephemeral should create read-only inline ephemeral volume" classname="Kubernetes e2e suite" status="skipped" time="0">
              <skipped message="skipped"></skipped>
          </testcase>
          <testcase name="[It] [sig-storage] In-tree Volumes [Driver: cinder] [Testpattern: Dynamic PV (block volmode)] multiVolume [Slow] should access to two volumes with the same volume mode and retain data across pod recreation on different node" classname="Kubernetes e2e suite" status="skipped" time="0">
              <skipped message="skipped"></skipped>
          </testcase>
          <testcase name="[It] [sig-storage] In-tree Volumes [Driver: local] [LocalVolumeType: dir-link] [Testpattern: Dynamic PV (default fs)] provisioning should provision storage with pvc data source" classname="Kubernetes e2e suite" status="skipped" time="0">
              <skipped message="skipped"></skipped>
          </testcase>
          <testcase name="[It] [sig-node] Security Context When creating a pod with HostUsers must create the user namespace if set to false [LinuxOnly] [Feature:UserNamespacesSupport]" classname="Kubernetes e2e suite" status="skipped" time="0">
              <skipped message="skipped"></skipped>
          </testcase>
          <testcase name="[It] [sig-storage] CSI Volumes [Driver: csi-hostpath] [Testpattern: Dynamic PV (default fs)] volumes should store data" classname="Kubernetes e2e suite" status="skipped" time="0">
              <skipped message="skipped"></skipped>
          </testcase>
          <testcase name="[It] [sig-storage] In-tree Volumes [Driver: local] [LocalVolumeType: gce-localssd-scsi-fs] [Serial] [Testpattern: Dynamic PV (ntfs)] [Feature:Windows] subPath should support readOnly file specified in the volumeMount [LinuxOnly]" classname="Kubernetes e2e suite" status="skipped" time="0">
              <skipped message="skipped"></skipped>
          </testcase>
          <testcase name="[It] [sig-storage] CSI Volumes [Driver: pd.csi.storage.gke.io] [Serial] [Testpattern: Ephemeral Snapshot (delete policy)] snapshottable [Feature:VolumeSnapshotDataSource] volume snapshot controller  should check snapshot fields, check restore correctly works after modifying source data, check deletion (persistent)" classname="Kubernetes e2e suite" status="skipped" time="0">
              <skipped message="skipped"></skipped>
          </testcase>
          <testcase name="[It] [sig-storage] In-tree Volumes [Driver: local] [LocalVolumeType: block] [Testpattern: Dynamic PV (filesystem volmode)] disruptive [Disruptive] [LinuxOnly] Should test that pv used in a pod that is deleted while the kubelet is down is usable by a new pod with a different SELinux context when kubelet returns [Feature:SELinux]" classname="Kubernetes e2e suite" status="skipped" time="0">
              <skipped message="skipped"></skipped>
          </testcase>
          <testcase name="[It] [sig-storage] In-tree Volumes [Driver: local] [LocalVolumeType: dir-link-bindmounted] [Testpattern: Inline-volume (default fs)] subPath should support readOnly directory specified in the volumeMount" classname="Kubernetes e2e suite" status="skipped" time="0">
              <skipped message="skipped"></skipped>
          </testcase>
          <testcase name="[It] [sig-storage] In-tree Volumes [Driver: vsphere] [Testpattern: Dynamic PV (filesystem volmode)] multiVolume [Slow] should concurrently access the single volume from pods on different node" classname="Kubernetes e2e suite" status="skipped" time="0">
              <skipped message="skipped"></skipped>
          </testcase>
          <testcase name="[It] [sig-api-machinery] ValidatingAdmissionPolicy [Privileged:ClusterAdmin] should type check validation expressions" classname="Kubernetes e2e suite" status="skipped" time="0">
              <skipped message="skipped"></skipped>
          </testcase>
          <testcase name="[It] [sig-storage] In-tree Volumes [Driver: local] [LocalVolumeType: gce-localssd-scsi-fs] [Serial] [Testpattern: Pre-provisioned PV (default fs)] subPath should support non-existent path" classname="Kubernetes e2e suite" status="skipped" time="0">
              <skipped message="skipped"></skipped>
          </testcase>
          <testcase name="[It] [sig-storage] In-tree Volumes [Driver: local] [LocalVolumeType: dir-link] [Testpattern: Dynamic PV (ext4)] multiVolume [Slow] should access to two volumes with different volume mode and retain data across pod recreation on the same node" classname="Kubernetes e2e suite" status="skipped" time="0">
              <skipped message="skipped"></skipped>
          </testcase>
          <testcase name="[It] [sig-storage] In-tree Volumes [Driver: emptydir] [Testpattern: Pre-provisioned PV (filesystem volmode)] disruptive [Disruptive] [LinuxOnly] Should test that pv used in a pod that is deleted while the kubelet is down is usable by a new pod when kubelet returns [Feature:SELinux]" classname="Kubernetes e2e suite" status="skipped" time="0">
              <skipped message="skipped"></skipped>
          </testcase>
          <testcase name="[It] [sig-storage] In-tree Volumes [Driver: local] [LocalVolumeType: blockfs] [Testpattern: Dynamic PV (default fs)] subPath should support file as subpath [LinuxOnly]" classname="Kubernetes e2e suite" status="skipped" time="0">
              <skipped message="skipped"></skipped>
          </testcase>
          <testcase name="[It] [sig-storage] In-tree Volumes [Driver: nfs] [Testpattern: Inline-volume (ext3)] volumes should allow exec of files on the volume" classname="Kubernetes e2e suite" status="skipped" time="0">
              <skipped message="skipped"></skipped>
          </testcase>
          <testcase name="[It] [sig-storage] In-tree Volumes [Driver: nfs] [Testpattern: Dynamic PV (xfs)] [Slow] multiVolume [Slow] should concurrently access the volume and its clone from pods on the same node [LinuxOnly] [Feature:VolumeSourceXFS]" classname="Kubernetes e2e suite" status="skipped" time="0">
              <skipped message="skipped"></skipped>
          </testcase>
          <testcase name="[It] [sig-storage] In-tree Volumes [Driver: iscsi] [Feature:Volumes] [Testpattern: Inline-volume (default fs)] subPath should support creating multiple subpath from same volumes [Slow]" classname="Kubernetes e2e suite" status="skipped" time="0">
              <skipped message="skipped"></skipped>
          </testcase>
          <testcase name="[It] [sig-storage] CSI Volumes [Driver: csi-hostpath] [Testpattern: Dynamic PV (ntfs)] [Feature:Windows] volumes should allow exec of files on the volume" classname="Kubernetes e2e suite" status="skipped" time="0">
              <skipped message="skipped"></skipped>
          </testcase>
          <testcase name="[It] [sig-storage] In-tree Volumes [Driver: azure-file] [Testpattern: Dynamic PV (default fs)] volume-stress multiple pods should access different volumes repeatedly [Slow] [Serial]" classname="Kubernetes e2e suite" status="skipped" time="0">
              <skipped message="skipped"></skipped>
          </testcase>
          <testcase name="[It] [sig-storage] In-tree Volumes [Driver: local] [LocalVolumeType: gce-localssd-scsi-fs] [Serial] [Testpattern: Inline-volume (default fs)] subPath should support existing single file [LinuxOnly]" classname="Kubernetes e2e suite" status="skipped" time="0">
              <skipped message="skipped"></skipped>
          </testcase>
          <testcase name="[It] [sig-storage] In-tree Volumes [Driver: emptydir] [Testpattern: Pre-provisioned PV (block volmode)] disruptive [Disruptive] [LinuxOnly] Should test that pv used in a pod that is deleted while the kubelet is down cleans up when the kubelet returns." classname="Kubernetes e2e suite" status="skipped" time="0">
              <skipped message="skipped"></skipped>
          </testcase>
          <testcase name="[It] [sig-storage] In-tree Volumes [Driver: local] [LocalVolumeType: gce-localssd-scsi-fs] [Serial] [Testpattern: Inline-volume (default fs)] volumes should store data" classname="Kubernetes e2e suite" status="skipped" time="0">
              <skipped message="skipped"></skipped>
          </testcase>
          <testcase name="[It] [sig-storage] In-tree Volumes [Driver: azure-disk] [Testpattern: Dynamic PV (default fs)(allowExpansion)] volume-expand should resize volume when PVC is edited while pod is using it" classname="Kubernetes e2e suite" status="skipped" time="0">
              <skipped message="skipped"></skipped>
          </testcase>
          <testcase name="[It] [sig-storage] CSI Volumes [Driver: pd.csi.storage.gke.io] [Serial] [Testpattern: Dynamic PV (block volmode)] multiVolume [Slow] should concurrently access the volume and its clone from pods on the same node [LinuxOnly] [Feature:VolumeSourceXFS]" classname="Kubernetes e2e suite" status="skipped" time="0">
              <skipped message="skipped"></skipped>
          </testcase>
          <testcase name="[It] [sig-node] Security Context SupplementalGroupsPolicy [LinuxOnly] [Feature:SupplementalGroupsPolicy] [FeatureGate:SupplementalGroupsPolicy] [Beta] when SupplementalGroupsPolicy was set to Merge in PodSpec when the container&#39;s primary UID belongs to some groups in the image when scheduled node supports SupplementalGroupsPolicy it should add SupplementalGroups to them [LinuxOnly]" classname="Kubernetes e2e suite" status="skipped" time="0">
              <skipped message="skipped"></skipped>
          </testcase>
          <testcase name="[It] [sig-storage] In-tree Volumes [Driver: local] [LocalVolumeType: blockfs] [Testpattern: Dynamic PV (block volmode)] provisioning should provision storage with pvc data source (ROX mode)" classname="Kubernetes e2e suite" status="skipped" time="0">
              <skipped message="skipped"></skipped>
          </testcase>
          <testcase name="[It] [sig-storage] CSI Volumes [Driver: csi-hostpath] [Testpattern: Dynamic PV (ntfs)] [Feature:Windows] volume-modify [FeatureGate:VolumeAttributesClass] [Beta] [Feature:OffByDefault] should modify volume that already has a VAC" classname="Kubernetes e2e suite" status="skipped" time="0">
              <skipped message="skipped"></skipped>
          </testcase>
          <testcase name="[It] [sig-storage] In-tree Volumes [Driver: local] [LocalVolumeType: dir-link] [Testpattern: Generic Ephemeral-volume (block volmode) (late-binding)] ephemeral should support multiple inline ephemeral volumes" classname="Kubernetes e2e suite" status="skipped" time="0">
              <skipped message="skipped"></skipped>
          </testcase>
          <testcase name="[It] [sig-storage] In-tree Volumes [Driver: local] [LocalVolumeType: dir] [Testpattern: Inline-volume (ext3)] volumes should store data" classname="Kubernetes e2e suite" status="skipped" time="0">
              <skipped message="skipped"></skipped>
          </testcase>
          <testcase name="[It] [sig-storage] In-tree Volumes [Driver: emptydir] [Testpattern: Dynamic PV (block volmode)] multiVolume [Slow] should concurrently access the single volume from pods on different node" classname="Kubernetes e2e suite" status="skipped" time="0">
              <skipped message="skipped"></skipped>
          </testcase>
          <testcase name="[It] [sig-storage] In-tree Volumes [Driver: emptydir] [Testpattern: Dynamic PV (ntfs)] [Feature:Windows] multiVolume [Slow] should access to two volumes with the same volume mode and retain data across pod recreation on the same node" classname="Kubernetes e2e suite" status="skipped" time="0">
              <skipped message="skipped"></skipped>
          </testcase>
          <testcase name="[It] [sig-storage] In-tree Volumes [Driver: local] [LocalVolumeType: dir-link-bindmounted] [Testpattern: Dynamic PV (default fs)] volumes should allow exec of files on the volume" classname="Kubernetes e2e suite" status="skipped" time="0">
              <skipped message="skipped"></skipped>
          </testcase>
          <testcase name="[It] [sig-storage] CSI Volumes [Driver: csi-hostpath] [Testpattern: Inline-volume (ntfs)] [Feature:Windows] volumes should store data" classname="Kubernetes e2e suite" status="skipped" time="0">
              <skipped message="skipped"></skipped>
          </testcase>
          <testcase name="[It] [sig-storage] In-tree Volumes [Driver: local] [LocalVolumeType: dir-link] [Testpattern: Dynamic PV (xfs)] [Slow] multiVolume [Slow] should access to two volumes with different volume mode and retain data across pod recreation on the same node" classname="Kubernetes e2e suite" status="skipped" time="0">
              <skipped message="skipped"></skipped>
          </testcase>
          <testcase name="[It] [sig-storage] CSI Volumes [Driver: csi-hostpath] [Testpattern: Generic Ephemeral-volume (block volmode) (late-binding)] ephemeral should support two pods which have the same volume definition" classname="Kubernetes e2e suite" status="skipped" time="0">
              <skipped message="skipped"></skipped>
          </testcase>
          <testcase name="[It] [sig-api-machinery] ResourceQuota should create a ResourceQuota and capture the life of a pod. [Conformance]" classname="Kubernetes e2e suite" status="passed" time="13.088318838"></testcase>
          <testcase name="[It] [sig-storage] In-tree Volumes [Driver: azure-disk] [Testpattern: Pre-provisioned PV (default fs)] subPath should support readOnly file specified in the volumeMount [LinuxOnly]" classname="Kubernetes e2e suite" status="skipped" time="0">
              <skipped message="skipped"></skipped>
          </testcase>
          <testcase name="[It] [sig-storage] In-tree Volumes [Driver: nfs] [Testpattern: Dynamic PV (xfs)] [Slow] multiVolume [Slow] should access to two volumes with the same volume mode and retain data across pod recreation on different node" classname="Kubernetes e2e suite" status="skipped" time="0">
              <skipped message="skipped"></skipped>
          </testcase>
          <testcase name="[It] [sig-storage] CSI Volumes [Driver: pd.csi.storage.gke.io] [Serial] [Testpattern: Dynamic PV (filesystem volmode)] multiVolume [Slow] should concurrently access the single volume from pods on different node" classname="Kubernetes e2e suite" status="skipped" time="0">
              <skipped message="skipped"></skipped>
          </testcase>
          <testcase name="[It] [sig-storage] In-tree Volumes [Driver: local] [LocalVolumeType: dir] [Testpattern: Dynamic PV (ext4)] multiVolume [Slow] should access to two volumes with different volume mode and retain data across pod recreation on the same node" classname="Kubernetes e2e suite" status="skipped" time="0">
              <skipped message="skipped"></skipped>
          </testcase>
          <testcase name="[It] [sig-storage] In-tree Volumes [Driver: azure-file] [Testpattern:  (delete policy)] volumegroupsnapshottable [Feature:volumegroupsnapshot] VolumeGroupSnapshottable  should create snapshots for multiple volumes in a pod" classname="Kubernetes e2e suite" status="skipped" time="0">
              <skipped message="skipped"></skipped>
          </testcase>
          <testcase name="[It] [sig-storage] In-tree Volumes [Driver: local] [LocalVolumeType: dir] [Testpattern: Dynamic PV (ntfs)] [Feature:Windows] subPath should support existing directories when readOnly specified in the volumeSource" classname="Kubernetes e2e suite" status="skipped" time="0">
              <skipped message="skipped"></skipped>
          </testcase>
          <testcase name="[It] [sig-storage] In-tree Volumes [Driver: emptydir] [Testpattern: Dynamic PV (filesystem volmode)] volumeLimits should verify that all csinodes have volume limits" classname="Kubernetes e2e suite" status="skipped" time="0">
              <skipped message="skipped"></skipped>
          </testcase>
          <testcase name="[It] [sig-cli] Kubectl client Simple pod should return command exit codes execing into a container with a failing command" classname="Kubernetes e2e suite" status="skipped" time="0">
              <skipped message="skipped"></skipped>
          </testcase>
          <testcase name="[It] [sig-storage] In-tree Volumes [Driver: hostPath] [Testpattern: Pre-provisioned PV (xfs)] [Slow] volumes should allow exec of files on the volume" classname="Kubernetes e2e suite" status="skipped" time="0">
              <skipped message="skipped"></skipped>
          </testcase>
          <testcase name="[It] [sig-network] Service CIDRs should create Services and serve on different Service CIDRs" classname="Kubernetes e2e suite" status="skipped" time="0">
              <skipped message="skipped"></skipped>
          </testcase>
          <testcase name="[It] [sig-storage] In-tree Volumes [Driver: azure-disk] [Testpattern: Dynamic PV (ntfs)] [Feature:Windows] provisioning should provision storage with pvc data source in parallel [Slow]" classname="Kubernetes e2e suite" status="skipped" time="0">
              <skipped message="skipped"></skipped>
          </testcase>
          <testcase name="[It] [sig-storage] In-tree Volumes [Driver: local] [LocalVolumeType: gce-localssd-scsi-fs] [Serial] [Testpattern: Dynamic PV (block volmode)] volumeMode should fail to use a volume in a pod with mismatched mode [Slow]" classname="Kubernetes e2e suite" status="skipped" time="0">
              <skipped message="skipped"></skipped>
          </testcase>
          <testcase name="[It] [sig-storage] PersistentVolumes-local [Volume type: blockfswithoutformat] Set fsGroup for local volume should set fsGroup for one pod [Slow]" classname="Kubernetes e2e suite" status="skipped" time="0">
              <skipped message="skipped"></skipped>
          </testcase>
          <testcase name="[It] [sig-storage] In-tree Volumes [Driver: vsphere] [Testpattern: Dynamic PV (filesystem volmode)] multiVolume [Slow] should access to two volumes with different volume mode and retain data across pod recreation on the same node" classname="Kubernetes e2e suite" status="skipped" time="0">
              <skipped message="skipped"></skipped>
          </testcase>
          <testcase name="[It] [sig-storage] In-tree Volumes [Driver: local] [LocalVolumeType: gce-localssd-scsi-fs] [Serial] [Testpattern: Dynamic PV (block volmode)] volume-expand should not allow expansion of pvcs without AllowVolumeExpansion property" classname="Kubernetes e2e suite" status="skipped" time="0">
              <skipped message="skipped"></skipped>
          </testcase>
          <testcase name="[It] [sig-scheduling] SchedulerPreemption [Serial] PriorityClass endpoints verify PriorityClass endpoints can be operated with different HTTP methods [Conformance]" classname="Kubernetes e2e suite" status="passed" time="60.242023142"></testcase>
          <testcase name="[It] [sig-node] RuntimeClass should schedule a Pod requesting a RuntimeClass and initialize its Overhead [NodeConformance] [Conformance]" classname="Kubernetes e2e suite" status="passed" time="2.053334707"></testcase>
          <testcase name="[It] [sig-storage] In-tree Volumes [Driver: hostPath] [Testpattern: Dynamic PV (ntfs)] [Feature:Windows] multiVolume [Slow] should access to two volumes with the same volume mode and retain data across pod recreation on different node" classname="Kubernetes e2e suite" status="skipped" time="0">
              <skipped message="skipped"></skipped>
          </testcase>
          <testcase name="[It] [sig-storage] CSI Volumes [Driver: csi-hostpath] [Testpattern: Dynamic PV (filesystem volmode)] multiVolume [Slow] should concurrently access the single volume from pods on the same node" classname="Kubernetes e2e suite" status="skipped" time="0">
              <skipped message="skipped"></skipped>
          </testcase>
          <testcase name="[It] [sig-storage] CSI Volumes [Driver: pd.csi.storage.gke.io] [Serial] [Testpattern: Dynamic PV (default fs)] volumes should store data" classname="Kubernetes e2e suite" status="skipped" time="0">
              <skipped message="skipped"></skipped>
          </testcase>
          <testcase name="[It] [sig-scheduling] LimitRange should list, patch and delete a LimitRange by collection [Conformance]" classname="Kubernetes e2e suite" status="passed" time="0.105983392"></testcase>
          <testcase name="[It] [sig-storage] CSI Volumes [Driver: csi-hostpath] [Testpattern: Dynamic PV (ext4)] volumes should store data" classname="Kubernetes e2e suite" status="skipped" time="0">
              <skipped message="skipped"></skipped>
          </testcase>
          <testcase name="[It] [sig-storage] In-tree Volumes [Driver: local] [LocalVolumeType: gce-localssd-scsi-fs] [Serial] [Testpattern: Dynamic PV (block volmode)] multiVolume [Slow] should access to two volumes with the same volume mode and retain data across pod recreation on different node" classname="Kubernetes e2e suite" status="skipped" time="0">
              <skipped message="skipped"></skipped>
          </testcase>
          <testcase name="[It] [sig-storage] CSI Volumes [Driver: pd.csi.storage.gke.io] [Serial] [Testpattern: Pre-provisioned PV (block volmode)] multiVolume [Slow] should concurrently access the single read-only volume from pods on the same node" classname="Kubernetes e2e suite" status="skipped" time="0">
              <skipped message="skipped"></skipped>
          </testcase>
          <testcase name="[It] [sig-storage] In-tree Volumes [Driver: emptydir] [Testpattern: Dynamic PV (block volmode)] volumeMode should not mount / map unused volumes in a pod [LinuxOnly]" classname="Kubernetes e2e suite" status="skipped" time="0">
              <skipped message="skipped"></skipped>
          </testcase>
          <testcase name="[It] [sig-storage] In-tree Volumes [Driver: local] [LocalVolumeType: block] [Testpattern: Dynamic PV (default fs)] fsgroupchangepolicy (Always)[LinuxOnly], pod created with an initial fsgroup, volume contents ownership changed via chgrp in first pod, new pod with same fsgroup applied to the volume contents" classname="Kubernetes e2e suite" status="skipped" time="0">
              <skipped message="skipped"></skipped>
          </testcase>
          <testcase name="[It] [sig-storage] In-tree Volumes [Driver: emptydir] [Testpattern: Pre-provisioned PV (filesystem volmode)] multiVolume [Slow] should concurrently access the single read-only volume from pods on the same node" classname="Kubernetes e2e suite" status="skipped" time="0">
              <skipped message="skipped"></skipped>
          </testcase>
          <testcase name="[It] [sig-storage] CSI Volumes [Driver: pd.csi.storage.gke.io] [Serial] [Testpattern: Pre-provisioned PV (block volmode)] multiVolume [Slow] should access to two volumes with the same volume mode and retain data across pod recreation on different node" classname="Kubernetes e2e suite" status="skipped" time="0">
              <skipped message="skipped"></skipped>
          </testcase>
          <testcase name="[It] [sig-storage] In-tree Volumes [Driver: local] [LocalVolumeType: dir-link-bindmounted] [Testpattern: Pre-provisioned PV (ext4)] volumes should store data" classname="Kubernetes e2e suite" status="skipped" time="0">
              <skipped message="skipped"></skipped>
          </testcase>
          <testcase name="[It] [sig-storage] In-tree Volumes [Driver: azure-disk] [Testpattern: Dynamic PV (default fs)] volume-expand should not allow expansion of pvcs without AllowVolumeExpansion property" classname="Kubernetes e2e suite" status="skipped" time="0">
              <skipped message="skipped"></skipped>
          </testcase>
          <testcase name="[It] [sig-storage] In-tree Volumes [Driver: azure-disk] [Testpattern: Dynamic PV (ntfs)] [Feature:Windows] provisioning should provision storage with mount options" classname="Kubernetes e2e suite" status="skipped" time="0">
              <skipped message="skipped"></skipped>
          </testcase>
          <testcase name="[It] [sig-storage] In-tree Volumes [Driver: azure-file] [Testpattern: Inline-volume (xfs)] [Slow] volumes should store data" classname="Kubernetes e2e suite" status="skipped" time="0">
              <skipped message="skipped"></skipped>
          </testcase>
          <testcase name="[It] [sig-storage] In-tree Volumes [Driver: cinder] [Testpattern: Pre-provisioned PV (default fs)] subPath should support restarting containers using file as subpath [Slow] [LinuxOnly]" classname="Kubernetes e2e suite" status="skipped" time="0">
              <skipped message="skipped"></skipped>
          </testcase>
          <testcase name="[It] [sig-storage] In-tree Volumes [Driver: local] [LocalVolumeType: tmpfs] [Testpattern: Pre-provisioned PV (block volmode)] multiVolume [Slow] should access to two volumes with the same volume mode and retain data across pod recreation on the same node" classname="Kubernetes e2e suite" status="skipped" time="0">
              <skipped message="skipped"></skipped>
          </testcase>
          <testcase name="[It] [sig-storage] In-tree Volumes [Driver: local] [LocalVolumeType: dir-bindmounted] [Testpattern: Generic Ephemeral-volume (block volmode) (late-binding)] ephemeral should create read-only inline ephemeral volume" classname="Kubernetes e2e suite" status="skipped" time="0">
              <skipped message="skipped"></skipped>
          </testcase>
          <testcase name="[It] [sig-storage] In-tree Volumes [Driver: vsphere] [Testpattern: Dynamic PV (ntfs)] [Feature:Windows] subPath should support existing directories when readOnly specified in the volumeSource" classname="Kubernetes e2e suite" status="skipped" time="0">
              <skipped message="skipped"></skipped>
          </testcase>
          <testcase name="[It] [sig-storage] In-tree Volumes [Driver: iscsi] [Feature:Volumes] [Testpattern: Dynamic PV (filesystem volmode)] volumeMode should fail to use a volume in a pod with mismatched mode [Slow]" classname="Kubernetes e2e suite" status="skipped" time="0">
              <skipped message="skipped"></skipped>
          </testcase>
          <testcase name="[It] [sig-storage] In-tree Volumes [Driver: vsphere] [Testpattern: Inline-volume (default fs)] subPath should support existing directories when readOnly specified in the volumeSource" classname="Kubernetes e2e suite" status="skipped" time="0">
              <skipped message="skipped"></skipped>
          </testcase>
          <testcase name="[It] [sig-storage] In-tree Volumes [Driver: local] [LocalVolumeType: dir-link-bindmounted] [Testpattern: Inline-volume (default fs)] subPath should be able to unmount after the subpath directory is deleted [LinuxOnly]" classname="Kubernetes e2e suite" status="skipped" time="0">
              <skipped message="skipped"></skipped>
          </testcase>
          <testcase name="[It] [sig-storage] In-tree Volumes [Driver: local] [LocalVolumeType: dir-link-bindmounted] [Testpattern: Dynamic PV (default fs)] subPath should support file as subpath [LinuxOnly]" classname="Kubernetes e2e suite" status="skipped" time="0">
              <skipped message="skipped"></skipped>
          </testcase>
          <testcase name="[It] [sig-storage] In-tree Volumes [Driver: azure-file] [Testpattern: Pre-provisioned PV (default fs)] subPath should support restarting containers using file as subpath [Slow] [LinuxOnly]" classname="Kubernetes e2e suite" status="skipped" time="0">
              <skipped message="skipped"></skipped>
          </testcase>
          <testcase name="[It] [sig-api-machinery] CustomResourcePublishOpenAPI [Privileged:ClusterAdmin] works for CRD preserving unknown fields at the schema root [Conformance]" classname="Kubernetes e2e suite" status="passed" time="4.538888072"></testcase>
          <testcase name="[It] [sig-storage] In-tree Volumes [Driver: local] [LocalVolumeType: gce-localssd-scsi-fs] [Serial] [Testpattern: Dynamic PV (xfs)] [Slow] multiVolume [Slow] should access to two volumes with different volume mode and retain data across pod recreation on the same node" classname="Kubernetes e2e suite" status="skipped" time="0">
              <skipped message="skipped"></skipped>
          </testcase>
          <testcase name="[It] [sig-storage] In-tree Volumes [Driver: azure-file] [Testpattern: Inline-volume (ext3)] volumes should allow exec of files on the volume" classname="Kubernetes e2e suite" status="skipped" time="0">
              <skipped message="skipped"></skipped>
          </testcase>
          <testcase name="[It] [sig-storage] In-tree Volumes [Driver: vsphere] [Testpattern: Dynamic PV (block volmode)] provisioning should provision storage with pvc data source in parallel [Slow]" classname="Kubernetes e2e suite" status="skipped" time="0">
              <skipped message="skipped"></skipped>
          </testcase>
          <testcase name="[It] [sig-storage] In-tree Volumes [Driver: nfs] [Testpattern: Pre-provisioned PV (default fs)] subPath should support restarting containers using directory as subpath [Slow]" classname="Kubernetes e2e suite" status="skipped" time="0">
              <skipped message="skipped"></skipped>
          </testcase>
          <testcase name="[It] [sig-storage] CSI Volumes [Driver: pd.csi.storage.gke.io] [Serial] [Testpattern: Pre-provisioned PV (block volmode)] disruptive [Disruptive] [LinuxOnly] Should test that pv used in a pod that is force deleted while the kubelet is down cleans up when the kubelet returns." classname="Kubernetes e2e suite" status="skipped" time="0">
              <skipped message="skipped"></skipped>
          </testcase>
          <testcase name="[It] [sig-storage] CSI Volumes [Driver: csi-hostpath] [Testpattern: CSI Ephemeral-volume (default fs)] ephemeral should support multiple inline ephemeral volumes" classname="Kubernetes e2e suite" status="skipped" time="0">
              <skipped message="skipped"></skipped>
          </testcase>
          <testcase name="[It] [sig-storage] In-tree Volumes [Driver: local] [LocalVolumeType: dir-link] [Testpattern: Dynamic PV (block volmode)] multiVolume [Slow] should concurrently access the volume and its clone from pods on the same node [LinuxOnly] [Feature:VolumeSourceXFS]" classname="Kubernetes e2e suite" status="skipped" time="0">
              <skipped message="skipped"></skipped>
          </testcase>
          <testcase name="[It] [sig-storage] CSI Volumes [Driver: csi-hostpath] [Testpattern: Dynamic PV (block volmode)] provisioning should provision storage with mount options" classname="Kubernetes e2e suite" status="skipped" time="0">
              <skipped message="skipped"></skipped>
          </testcase>
          <testcase name="[It] [sig-storage] In-tree Volumes [Driver: local] [LocalVolumeType: dir-link] [Testpattern: Pre-provisioned PV (default fs)] subPath should fail if subpath directory is outside the volume [Slow] [LinuxOnly]" classname="Kubernetes e2e suite" status="skipped" time="0">
              <skipped message="skipped"></skipped>
          </testcase>
          <testcase name="[It] [sig-storage] In-tree Volumes [Driver: azure-file] [Testpattern: Pre-provisioned PV (filesystem volmode)] disruptive [Disruptive] [LinuxOnly] Should test that pv used in a pod that is deleted while the kubelet is down is usable by a new pod when kubelet returns [Feature:SELinux]" classname="Kubernetes e2e suite" status="skipped" time="0">
              <skipped message="skipped"></skipped>
          </testcase>
          <testcase name="[It] [sig-storage] In-tree Volumes [Driver: cinder] [Testpattern: Dynamic PV (ntfs)] [Feature:Windows] subPath should fail if non-existent subpath is outside the volume [Slow] [LinuxOnly]" classname="Kubernetes e2e suite" status="skipped" time="0">
              <skipped message="skipped"></skipped>
          </testcase>
          <testcase name="[It] [sig-storage] In-tree Volumes [Driver: vsphere] [Testpattern: Dynamic PV (default fs)] subPath should support restarting containers using file as subpath [Slow] [LinuxOnly]" classname="Kubernetes e2e suite" status="skipped" time="0">
              <skipped message="skipped"></skipped>
          </testcase>
          <testcase name="[It] [sig-storage] In-tree Volumes [Driver: azure-disk] [Testpattern: Pre-provisioned PV (ext4)] volumes should store data" classname="Kubernetes e2e suite" status="skipped" time="0">
              <skipped message="skipped"></skipped>
          </testcase>
          <testcase name="[It] [sig-storage] In-tree Volumes [Driver: hostPath] [Testpattern: Inline-volume (default fs)] volumes should allow exec of files on the volume" classname="Kubernetes e2e suite" status="skipped" time="0">
              <skipped message="skipped"></skipped>
          </testcase>
          <testcase name="[It] [sig-storage] In-tree Volumes [Driver: cinder] [Testpattern: Dynamic PV (block volmode)] provisioning should provision correct filesystem size when restoring snapshot to larger size pvc [Feature:VolumeSnapshotDataSource]" classname="Kubernetes e2e suite" status="skipped" time="0">
              <skipped message="skipped"></skipped>
          </testcase>
          <testcase name="[It] [sig-storage] In-tree Volumes [Driver: hostPathSymlink] [Testpattern: Dynamic PV (ext4)] multiVolume [Slow] should concurrently access the volume and its clone from pods on the same node [LinuxOnly] [Feature:VolumeSourceXFS]" classname="Kubernetes e2e suite" status="skipped" time="0">
              <skipped message="skipped"></skipped>
          </testcase>
          <testcase name="[It] [sig-storage] In-tree Volumes [Driver: azure-file] [Testpattern: Pre-provisioned PV (default fs)] subPath should fail if subpath directory is outside the volume [Slow] [LinuxOnly]" classname="Kubernetes e2e suite" status="skipped" time="0">
              <skipped message="skipped"></skipped>
          </testcase>
          <testcase name="[It] [sig-storage] In-tree Volumes [Driver: local] [LocalVolumeType: tmpfs] [Testpattern: Dynamic PV (ntfs)] [Feature:Windows] provisioning should provision storage with snapshot data source (ROX mode) [Feature:VolumeSnapshotDataSource]" classname="Kubernetes e2e suite" status="skipped" time="0">
              <skipped message="skipped"></skipped>
          </testcase>
          <testcase name="[It] [sig-node] NoExecuteTaintManager Single Pod [Serial] eventually evict pod with finite tolerations from tainted nodes" classname="Kubernetes e2e suite" status="skipped" time="0">
              <skipped message="skipped"></skipped>
          </testcase>
          <testcase name="[It] [sig-storage] In-tree Volumes [Driver: iscsi] [Feature:Volumes] [Testpattern: Generic Ephemeral-volume (default fs) (late-binding)] ephemeral should create read-only inline ephemeral volume" classname="Kubernetes e2e suite" status="skipped" time="0">
              <skipped message="skipped"></skipped>
          </testcase>
          <testcase name="[It] [sig-storage] In-tree Volumes [Driver: hostPath] [Testpattern: Pre-provisioned PV (default fs)] volumeIO should write files of various sizes, verify size, validate content [Slow]" classname="Kubernetes e2e suite" status="skipped" time="0">
              <skipped message="skipped"></skipped>
          </testcase>
          <testcase name="[It] [sig-storage] In-tree Volumes [Driver: local] [LocalVolumeType: dir-bindmounted] [Testpattern: Dynamic PV (filesystem volmode)] volumeMode should not mount / map unused volumes in a pod [LinuxOnly]" classname="Kubernetes e2e suite" status="skipped" time="0">
              <skipped message="skipped"></skipped>
          </testcase>
          <testcase name="[It] [sig-storage] In-tree Volumes [Driver: local] [LocalVolumeType: dir-link] [Testpattern: Dynamic PV (default fs)] subPath should unmount if pod is force deleted while kubelet is down [Disruptive] [Slow] [LinuxOnly]" classname="Kubernetes e2e suite" status="skipped" time="0">
              <skipped message="skipped"></skipped>
          </testcase>
          <testcase name="[It] [sig-storage] In-tree Volumes [Driver: azure-file] [Testpattern: Pre-provisioned PV (default fs)] subPath should fail if subpath file is outside the volume [Slow] [LinuxOnly]" classname="Kubernetes e2e suite" status="skipped" time="0">
              <skipped message="skipped"></skipped>
          </testcase>
          <testcase name="[It] [sig-storage] In-tree Volumes [Driver: local] [LocalVolumeType: gce-localssd-scsi-fs] [Serial] [Testpattern: Pre-provisioned PV (ntfs)] [Feature:Windows] volumes should store data" classname="Kubernetes e2e suite" status="skipped" time="0">
              <skipped message="skipped"></skipped>
          </testcase>
          <testcase name="[It] [sig-node] DRA [Feature:DynamicResourceAllocation] [FeatureGate:DynamicResourceAllocation] [Beta] [Feature:OffByDefault] cluster supports count/resourceclaims.resource.k8s.io ResourceQuota" classname="Kubernetes e2e suite" status="skipped" time="0">
              <skipped message="skipped"></skipped>
          </testcase>
          <testcase name="[It] [sig-storage] In-tree Volumes [Driver: vsphere] [Testpattern: Dynamic PV (ntfs)] [Feature:Windows] multiVolume [Slow] should concurrently access the single volume from pods on different node" classname="Kubernetes e2e suite" status="skipped" time="0">
              <skipped message="skipped"></skipped>
          </testcase>
          <testcase name="[It] [sig-storage] In-tree Volumes [Driver: nfs] [Testpattern: Pre-provisioned PV (block volmode)] multiVolume [Slow] should concurrently access the single read-only volume from pods on the same node" classname="Kubernetes e2e suite" status="skipped" time="0">
              <skipped message="skipped"></skipped>
          </testcase>
          <testcase name="[It] [sig-node] Probing container should be restarted with a exec &#34;cat /tmp/health&#34; liveness probe [NodeConformance] [Conformance]" classname="Kubernetes e2e suite" status="passed" time="52.185478004"></testcase>
          <testcase name="[It] [sig-storage] In-tree Volumes [Driver: azure-disk] [Testpattern: Pre-provisioned PV (ntfs)] [Feature:Windows] volumes should store data" classname="Kubernetes e2e suite" status="skipped" time="0">
              <skipped message="skipped"></skipped>
          </testcase>
          <testcase name="[It] [sig-storage] In-tree Volumes [Driver: hostPath] [Testpattern: Inline-volume (ext4)] volumes should store data" classname="Kubernetes e2e suite" status="skipped" time="0">
              <skipped message="skipped"></skipped>
          </testcase>
          <testcase name="[It] [sig-storage] In-tree Volumes [Driver: local] [LocalVolumeType: dir-bindmounted] [Testpattern: Pre-provisioned PV (block volmode)] multiVolume [Slow] should concurrently access the single volume from pods on the same node" classname="Kubernetes e2e suite" status="skipped" time="0">
              <skipped message="skipped"></skipped>
          </testcase>
          <testcase name="[It] [sig-storage] In-tree Volumes [Driver: nfs] [Testpattern: Dynamic PV (ntfs)] [Feature:Windows] multiVolume [Slow] should access to two volumes with different volume mode and retain data across pod recreation on different node" classname="Kubernetes e2e suite" status="skipped" time="0">
              <skipped message="skipped"></skipped>
          </testcase>
          <testcase name="[It] [sig-storage] In-tree Volumes [Driver: local] [LocalVolumeType: dir] [Testpattern: Pre-provisioned PV (block volmode)] multiVolume [Slow] should concurrently access the single volume from pods on different node" classname="Kubernetes e2e suite" status="skipped" time="0">
              <skipped message="skipped"></skipped>
          </testcase>
          <testcase name="[It] [sig-storage] In-tree Volumes [Driver: local] [LocalVolumeType: dir-link] [Testpattern: Inline-volume (default fs)] volumes should store data" classname="Kubernetes e2e suite" status="skipped" time="0">
              <skipped message="skipped"></skipped>
          </testcase>
          <testcase name="[It] [sig-storage] CSI Volumes [Driver: pd.csi.storage.gke.io] [Serial] [Testpattern: Pre-provisioned PV (filesystem volmode)] disruptive [Disruptive] [LinuxOnly] Should test that pv used in a pod that is deleted while the kubelet is down is usable by a new pod with a different SELinux context when kubelet returns [Feature:SELinux]" classname="Kubernetes e2e suite" status="skipped" time="0">
              <skipped message="skipped"></skipped>
          </testcase>
          <testcase name="[It] [sig-storage] In-tree Volumes [Driver: local] [LocalVolumeType: dir-link] [Testpattern: Dynamic PV (default fs)] fsgroupchangepolicy (OnRootMismatch)[LinuxOnly], pod created with an initial fsgroup, new pod fsgroup applied to volume contents" classname="Kubernetes e2e suite" status="skipped" time="0">
              <skipped message="skipped"></skipped>
          </testcase>
          <testcase name="[It] [sig-storage] In-tree Volumes [Driver: emptydir] [Testpattern: Dynamic PV (default fs)] subPath should fail if non-existent subpath is outside the volume [Slow] [LinuxOnly]" classname="Kubernetes e2e suite" status="skipped" time="0">
              <skipped message="skipped"></skipped>
          </testcase>
          <testcase name="[It] [sig-storage] CSI Mock honor pv reclaim policy CSI honor pv reclaim policy using mock driver Dynamic provisioning should honor pv retain reclaim policy when deleting pvc then pv" classname="Kubernetes e2e suite" status="skipped" time="0">
              <skipped message="skipped"></skipped>
          </testcase>
          <testcase name="[It] [sig-storage] In-tree Volumes [Driver: iscsi] [Feature:Volumes] [Testpattern: Dynamic PV (xfs)] [Slow] multiVolume [Slow] should access to two volumes with different volume mode and retain data across pod recreation on different node" classname="Kubernetes e2e suite" status="skipped" time="0">
              <skipped message="skipped"></skipped>
          </testcase>
          <testcase name="[It] [sig-storage] CSI Volumes [Driver: csi-hostpath] [Testpattern: Dynamic PV (filesystem volmode)] multiVolume [Slow] should access to two volumes with different volume mode and retain data across pod recreation on the same node" classname="Kubernetes e2e suite" status="skipped" time="0">
              <skipped message="skipped"></skipped>
          </testcase>
          <testcase name="[It] [sig-storage] In-tree Volumes [Driver: nfs] [Testpattern: Dynamic PV (ntfs)] [Feature:Windows] provisioning should provision storage with pvc data source in parallel [Slow]" classname="Kubernetes e2e suite" status="skipped" time="0">
              <skipped message="skipped"></skipped>
          </testcase>
          <testcase name="[It] [sig-storage] In-tree Volumes [Driver: local] [LocalVolumeType: dir-link-bindmounted] [Testpattern: Dynamic PV (xfs)] [Slow] volumes should allow exec of files on the volume" classname="Kubernetes e2e suite" status="skipped" time="0">
              <skipped message="skipped"></skipped>
          </testcase>
          <testcase name="[It] [sig-storage] In-tree Volumes [Driver: hostPath] [Testpattern: Pre-provisioned PV (block volmode)] disruptive [Disruptive] [LinuxOnly] Should test that pv written before kubelet restart is readable after restart." classname="Kubernetes e2e suite" status="skipped" time="0">
              <skipped message="skipped"></skipped>
          </testcase>
          <testcase name="[It] [sig-api-machinery] ServerSideApply should work for CRDs" classname="Kubernetes e2e suite" status="skipped" time="0">
              <skipped message="skipped"></skipped>
          </testcase>
          <testcase name="[It] [sig-storage] In-tree Volumes [Driver: hostPath] [Testpattern: Dynamic PV (ext4)] multiVolume [Slow] should access to two volumes with different volume mode and retain data across pod recreation on the same node" classname="Kubernetes e2e suite" status="skipped" time="0">
              <skipped message="skipped"></skipped>
          </testcase>
          <testcase name="[It] [sig-storage] CSI Volumes [Driver: pd.csi.storage.gke.io] [Serial] [Testpattern: Inline-volume (default fs)] subPath should fail if subpath with backstepping is outside the volume [Slow] [LinuxOnly]" classname="Kubernetes e2e suite" status="skipped" time="0">
              <skipped message="skipped"></skipped>
          </testcase>
          <testcase name="[It] [sig-storage] In-tree Volumes [Driver: nfs] [Testpattern: Dynamic PV (filesystem volmode)] multiVolume [Slow] should access to two volumes with the same volume mode and retain data across pod recreation on different node" classname="Kubernetes e2e suite" status="skipped" time="0">
              <skipped message="skipped"></skipped>
          </testcase>
          <testcase name="[It] [sig-storage] In-tree Volumes [Driver: azure-disk] [Testpattern: Dynamic PV (block volmode)] multiVolume [Slow] should access to two volumes with different volume mode and retain data across pod recreation on different node" classname="Kubernetes e2e suite" status="skipped" time="0">
              <skipped message="skipped"></skipped>
          </testcase>
          <testcase name="[It] [sig-storage] In-tree Volumes [Driver: hostPath] [Testpattern: Inline-volume (ext3)] volumes should store data" classname="Kubernetes e2e suite" status="skipped" time="0">
              <skipped message="skipped"></skipped>
          </testcase>
          <testcase name="[It] [sig-storage] In-tree Volumes [Driver: local] [LocalVolumeType: gce-localssd-scsi-fs] [Serial] [Testpattern: Dynamic PV (block volmode)] provisioning should provision storage with snapshot data source (ROX mode) [Feature:VolumeSnapshotDataSource]" classname="Kubernetes e2e suite" status="skipped" time="0">
              <skipped message="skipped"></skipped>
          </testcase>
          <testcase name="[It] [sig-network] Networking should provide Internet connection for containers [Feature:Networking-IPv6] [Experimental][LinuxOnly]" classname="Kubernetes e2e suite" status="skipped" time="0">
              <skipped message="skipped"></skipped>
          </testcase>
          <testcase name="[It] [sig-storage] In-tree Volumes [Driver: vsphere] [Testpattern: Dynamic PV (ntfs)] [Feature:Windows] provisioning should provision storage with pvc data source in parallel [Slow]" classname="Kubernetes e2e suite" status="skipped" time="0">
              <skipped message="skipped"></skipped>
          </testcase>
          <testcase name="[It] [sig-storage] In-tree Volumes [Driver: local] [LocalVolumeType: gce-localssd-scsi-fs] [Serial] [Testpattern: Inline-volume (default fs)] subPath should support readOnly file specified in the volumeMount [LinuxOnly]" classname="Kubernetes e2e suite" status="skipped" time="0">
              <skipped message="skipped"></skipped>
          </testcase>
          <testcase name="[It] [sig-storage] In-tree Volumes [Driver: azure-disk] [Testpattern: Dynamic PV (ext4)] multiVolume [Slow] should access to two volumes with the same volume mode and retain data across pod recreation on different node" classname="Kubernetes e2e suite" status="skipped" time="0">
              <skipped message="skipped"></skipped>
          </testcase>
          <testcase name="[It] [sig-storage] In-tree Volumes [Driver: local] [LocalVolumeType: dir-link] [Testpattern: Inline-volume (default fs)] subPath should unmount if pod is gracefully deleted while kubelet is down [Disruptive] [Slow] [LinuxOnly]" classname="Kubernetes e2e suite" status="skipped" time="0">
              <skipped message="skipped"></skipped>
          </testcase>
          <testcase name="[It] [sig-storage] In-tree Volumes [Driver: local] [LocalVolumeType: dir-link-bindmounted] [Testpattern: Dynamic PV (block volmode)] multiVolume [Slow] should concurrently access the volume and its clone from pods on the same node [LinuxOnly] [Feature:VolumeSourceXFS]" classname="Kubernetes e2e suite" status="skipped" time="0">
              <skipped message="skipped"></skipped>
          </testcase>
          <testcase name="[It] [sig-storage] In-tree Volumes [Driver: hostPath] [Testpattern: Generic Ephemeral-volume (block volmode) (late-binding)] ephemeral should create read/write inline ephemeral volume" classname="Kubernetes e2e suite" status="skipped" time="0">
              <skipped message="skipped"></skipped>
          </testcase>
          <testcase name="[It] [sig-storage] In-tree Volumes [Driver: azure-file] [Testpattern: Dynamic PV (filesystem volmode)] multiVolume [Slow] should access to two volumes with the same volume mode and retain data across pod recreation on the same node" classname="Kubernetes e2e suite" status="skipped" time="0">
              <skipped message="skipped"></skipped>
          </testcase>
          <testcase name="[It] [sig-storage] In-tree Volumes [Driver: local] [LocalVolumeType: blockfs] [Testpattern: Dynamic PV (ntfs)] [Feature:Windows] subPath should support existing directory" classname="Kubernetes e2e suite" status="skipped" time="0">
              <skipped message="skipped"></skipped>
          </testcase>
          <testcase name="[It] [sig-storage] HostPathType Socket [Slow] Should be able to mount socket &#39;asocket&#39; successfully when HostPathType is HostPathSocket" classname="Kubernetes e2e suite" status="skipped" time="0">
              <skipped message="skipped"></skipped>
          </testcase>
          <testcase name="[It] [sig-storage] [Serial] Volume metrics Ephemeral should create metrics for total time taken in volume operations in P/V Controller" classname="Kubernetes e2e suite" status="skipped" time="0">
              <skipped message="skipped"></skipped>
          </testcase>
          <testcase name="[It] [sig-storage] CSI Volumes [Driver: pd.csi.storage.gke.io] [Serial] [Testpattern: Generic Ephemeral-volume (default fs) (immediate-binding)] ephemeral should create read-only inline ephemeral volume" classname="Kubernetes e2e suite" status="skipped" time="0">
              <skipped message="skipped"></skipped>
          </testcase>
          <testcase name="[It] [sig-storage] In-tree Volumes [Driver: local] [LocalVolumeType: blockfs] [Testpattern: Dynamic PV (ntfs)] [Feature:Windows] provisioning should provision storage with pvc data source (ROX mode)" classname="Kubernetes e2e suite" status="skipped" time="0">
              <skipped message="skipped"></skipped>
          </testcase>
          <testcase name="[It] [sig-storage] In-tree Volumes [Driver: iscsi] [Feature:Volumes] [Testpattern: Dynamic PV (block volmode)(allowExpansion)] volume-expand Verify if offline PVC expansion works" classname="Kubernetes e2e suite" status="skipped" time="0">
              <skipped message="skipped"></skipped>
          </testcase>
          <testcase name="[It] [sig-network] Netpol NetworkPolicy between server and client should support denying of egress traffic on the client side (even if the server explicitly allows this traffic) [Feature:NetworkPolicy]" classname="Kubernetes e2e suite" status="skipped" time="0">
              <skipped message="skipped"></skipped>
          </testcase>
          <testcase name="[It] [sig-storage] In-tree Volumes [Driver: local] [LocalVolumeType: dir-link-bindmounted] [Testpattern: Inline-volume (default fs)] subPath should fail if non-existent subpath is outside the volume [Slow] [LinuxOnly]" classname="Kubernetes e2e suite" status="skipped" time="0">
              <skipped message="skipped"></skipped>
          </testcase>
          <testcase name="[It] [sig-node] ImageCredentialProvider [Feature:KubeletCredentialProviders] should be able to create pod with image credentials fetched from external credential provider" classname="Kubernetes e2e suite" status="skipped" time="0">
              <skipped message="skipped"></skipped>
          </testcase>
          <testcase name="[It] [sig-node] AppArmor load AppArmor profiles should enforce an AppArmor profile specified on the pod" classname="Kubernetes e2e suite" status="skipped" time="0">
              <skipped message="skipped"></skipped>
          </testcase>
          <testcase name="[It] [sig-storage] In-tree Volumes [Driver: local] [LocalVolumeType: dir-bindmounted] [Testpattern: Pre-provisioned PV (block volmode)] volumeMode should not mount / map unused volumes in a pod [LinuxOnly]" classname="Kubernetes e2e suite" status="skipped" time="0">
              <skipped message="skipped"></skipped>
          </testcase>
          <testcase name="[It] [sig-storage] In-tree Volumes [Driver: azure-disk] [Testpattern: Dynamic PV (block volmode)] multiVolume [Slow] should access to two volumes with different volume mode and retain data across pod recreation on the same node" classname="Kubernetes e2e suite" status="skipped" time="0">
              <skipped message="skipped"></skipped>
          </testcase>
          <testcase name="[It] [sig-storage] In-tree Volumes [Driver: hostPath] [Testpattern: Generic Ephemeral-volume (block volmode) (late-binding)] ephemeral should support expansion of pvcs created for ephemeral pvcs" classname="Kubernetes e2e suite" status="skipped" time="0">
              <skipped message="skipped"></skipped>
          </testcase>
          <testcase name="[It] [sig-storage] In-tree Volumes [Driver: local] [LocalVolumeType: gce-localssd-scsi-fs] [Serial] [Testpattern: Dynamic PV (ntfs)] [Feature:Windows] provisioning should provision storage with snapshot data source [Feature:VolumeSnapshotDataSource]" classname="Kubernetes e2e suite" status="skipped" time="0">
              <skipped message="skipped"></skipped>
          </testcase>
          <testcase name="[It] [sig-storage] CSI Volumes [Driver: pd.csi.storage.gke.io] [Serial] [Testpattern: Pre-provisioned Snapshot (delete policy)] snapshottable [Feature:VolumeSnapshotDataSource] volume snapshot controller  should check snapshot fields, check restore correctly works, check deletion (ephemeral)" classname="Kubernetes e2e suite" status="skipped" time="0">
              <skipped message="skipped"></skipped>
          </testcase>
          <testcase name="[It] [sig-storage] In-tree Volumes [Driver: local] [LocalVolumeType: block] [Testpattern: Pre-provisioned PV (filesystem volmode)] multiVolume [Slow] should concurrently access the volume and its clone from pods on the same node [LinuxOnly] [Feature:VolumeSourceXFS]" classname="Kubernetes e2e suite" status="skipped" time="0">
              <skipped message="skipped"></skipped>
          </testcase>
          <testcase name="[It] [sig-storage] In-tree Volumes [Driver: local] [LocalVolumeType: dir-bindmounted] [Testpattern: Dynamic PV (default fs)] fsgroupchangepolicy (Always)[LinuxOnly], rwop pod created with an initial fsgroup, new pod fsgroup applied to volume contents" classname="Kubernetes e2e suite" status="skipped" time="0">
              <skipped message="skipped"></skipped>
          </testcase>
          <testcase name="[It] [sig-storage] In-tree Volumes [Driver: local] [LocalVolumeType: tmpfs] [Testpattern: Inline-volume (default fs)] subPath should support creating multiple subpath from same volumes [Slow]" classname="Kubernetes e2e suite" status="skipped" time="0">
              <skipped message="skipped"></skipped>
          </testcase>
          <testcase name="[It] [sig-storage] In-tree Volumes [Driver: local] [LocalVolumeType: dir-link] [Testpattern:  (delete policy)] volumegroupsnapshottable [Feature:volumegroupsnapshot] VolumeGroupSnapshottable  should create snapshots for multiple volumes in a pod" classname="Kubernetes e2e suite" status="skipped" time="0">
              <skipped message="skipped"></skipped>
          </testcase>
          <testcase name="[It] [sig-storage] In-tree Volumes [Driver: local] [LocalVolumeType: gce-localssd-scsi-fs] [Serial] [Testpattern: Dynamic PV (ntfs)] [Feature:Windows] provisioning should provision storage with pvc data source (ROX mode)" classname="Kubernetes e2e suite" status="skipped" time="0">
              <skipped message="skipped"></skipped>
          </testcase>
          <testcase name="[It] [sig-storage] In-tree Volumes [Driver: emptydir] [Testpattern: Dynamic PV (ntfs)] [Feature:Windows] multiVolume [Slow] should concurrently access the single read-only volume from pods on the same node" classname="Kubernetes e2e suite" status="skipped" time="0">
              <skipped message="skipped"></skipped>
          </testcase>
          <testcase name="[It] [sig-storage] In-tree Volumes [Driver: vsphere] [Testpattern: Dynamic PV (filesystem volmode)] multiVolume [Slow] should access to two volumes with different volume mode and retain data across pod recreation on different node" classname="Kubernetes e2e suite" status="skipped" time="0">
              <skipped message="skipped"></skipped>
          </testcase>
          <testcase name="[It] [sig-storage] In-tree Volumes [Driver: local] [LocalVolumeType: blockfs] [Testpattern: Dynamic PV (block volmode)] volumeMode should not mount / map unused volumes in a pod [LinuxOnly]" classname="Kubernetes e2e suite" status="skipped" time="0">
              <skipped message="skipped"></skipped>
          </testcase>
          <testcase name="[It] [sig-storage] In-tree Volumes [Driver: local] [LocalVolumeType: gce-localssd-scsi-fs] [Serial] [Testpattern: Dynamic PV (ntfs)] [Feature:Windows] volumes should store data" classname="Kubernetes e2e suite" status="skipped" time="0">
              <skipped message="skipped"></skipped>
          </testcase>
          <testcase name="[It] [sig-node] Pod InPlace Resize Container [FeatureGate:InPlacePodVerticalScaling] [Beta] Burstable QoS pod, one container, one restartable init container - increase init container CPU only" classname="Kubernetes e2e suite" status="skipped" time="0">
              <skipped message="skipped"></skipped>
          </testcase>
          <testcase name="[It] [sig-storage] CSI Volumes [Driver: csi-hostpath] [Testpattern: Pre-provisioned PV (block volmode)] multiVolume [Slow] should concurrently access the single volume from pods on different node" classname="Kubernetes e2e suite" status="skipped" time="0">
              <skipped message="skipped"></skipped>
          </testcase>
          <testcase name="[It] [sig-storage] In-tree Volumes [Driver: local] [LocalVolumeType: tmpfs] [Testpattern: Generic Ephemeral-volume (default fs) (immediate-binding)] ephemeral should support multiple inline ephemeral volumes" classname="Kubernetes e2e suite" status="skipped" time="0">
              <skipped message="skipped"></skipped>
          </testcase>
          <testcase name="[It] [sig-storage] In-tree Volumes [Driver: hostPathSymlink] [Testpattern: Pre-provisioned PV (filesystem volmode)] multiVolume [Slow] should concurrently access the single volume from pods on the same node" classname="Kubernetes e2e suite" status="skipped" time="0">
              <skipped message="skipped"></skipped>
          </testcase>
          <testcase name="[It] [sig-storage] CSI Volumes [Driver: pd.csi.storage.gke.io] [Serial] [Testpattern: Ephemeral Snapshot (retain policy)] snapshottable [Feature:VolumeSnapshotDataSource] volume snapshot controller  should check snapshot fields, check restore correctly works after modifying source data, check deletion (persistent)" classname="Kubernetes e2e suite" status="skipped" time="0">
              <skipped message="skipped"></skipped>
          </testcase>
          <testcase name="[It] [sig-network] Networking Granular Checks: Services should update endpoints: http" classname="Kubernetes e2e suite" status="skipped" time="0">
              <skipped message="skipped"></skipped>
          </testcase>
          <testcase name="[It] [sig-node] Security Context SupplementalGroupsPolicy [LinuxOnly] [Feature:SupplementalGroupsPolicy] [FeatureGate:SupplementalGroupsPolicy] [Beta] when SupplementalGroupsPolicy nil in SecurityContext when if the container&#39;s primary UID belongs to some groups in the image when scheduled node does not support SupplementalGroupsPolicy it should add SupplementalGroups to them [LinuxOnly]" classname="Kubernetes e2e suite" status="skipped" time="0">
              <skipped message="skipped"></skipped>
          </testcase>
          <testcase name="[It] [sig-storage] In-tree Volumes [Driver: emptydir] [Testpattern: Pre-provisioned PV (default fs)] subPath should support restarting containers using directory as subpath [Slow]" classname="Kubernetes e2e suite" status="skipped" time="0">
              <skipped message="skipped"></skipped>
          </testcase>
          <testcase name="[It] [sig-storage] In-tree Volumes [Driver: cinder] [Testpattern: Dynamic PV (default fs)] fsgroupchangepolicy (Always)[LinuxOnly], pod created with an initial fsgroup, new pod fsgroup applied to volume contents" classname="Kubernetes e2e suite" status="skipped" time="0">
              <skipped message="skipped"></skipped>
          </testcase>
          <testcase name="[It] [sig-storage] In-tree Volumes [Driver: vsphere] [Testpattern: Pre-provisioned PV (default fs)] subPath should support existing directories when readOnly specified in the volumeSource" classname="Kubernetes e2e suite" status="skipped" time="0">
              <skipped message="skipped"></skipped>
          </testcase>
          <testcase name="[It] [sig-storage] In-tree Volumes [Driver: local] [LocalVolumeType: tmpfs] [Testpattern: Inline-volume (default fs)] subPath should support restarting containers using file as subpath [Slow] [LinuxOnly]" classname="Kubernetes e2e suite" status="skipped" time="0">
              <skipped message="skipped"></skipped>
          </testcase>
          <testcase name="[It] [sig-storage] In-tree Volumes [Driver: local] [LocalVolumeType: gce-localssd-scsi-fs] [Serial] [Testpattern: Pre-provisioned PV (default fs)] subPath should support existing directories when readOnly specified in the volumeSource" classname="Kubernetes e2e suite" status="skipped" time="0">
              <skipped message="skipped"></skipped>
          </testcase>
          <testcase name="[It] [sig-storage] CSI Volumes [Driver: csi-hostpath] [Testpattern: Pre-provisioned PV (xfs)] [Slow] volumes should allow exec of files on the volume" classname="Kubernetes e2e suite" status="skipped" time="0">
              <skipped message="skipped"></skipped>
          </testcase>
          <testcase name="[It] [sig-storage] In-tree Volumes [Driver: local] [LocalVolumeType: gce-localssd-scsi-fs] [Serial] [Testpattern: Dynamic PV (delayed binding)] topology should fail to schedule a pod which has topologies that conflict with AllowedTopologies" classname="Kubernetes e2e suite" status="skipped" time="0">
              <skipped message="skipped"></skipped>
          </testcase>
          <testcase name="[It] [sig-network] Networking Granular Checks: Services should update nodePort: udp [Slow]" classname="Kubernetes e2e suite" status="skipped" time="0">
              <skipped message="skipped"></skipped>
          </testcase>
          <testcase name="[It] [sig-storage] [Serial] Volume metrics PVController should create unbound pvc count metrics for pvc controller with volume attributes class dimension after creating pvc only [FeatureGate:VolumeAttributesClass] [Beta] [Feature:OffByDefault]" classname="Kubernetes e2e suite" status="skipped" time="0">
              <skipped message="skipped"></skipped>
          </testcase>
          <testcase name="[It] [sig-storage] In-tree Volumes [Driver: local] [LocalVolumeType: block] [Testpattern: Pre-provisioned PV (default fs)] subPath should fail if non-existent subpath is outside the volume [Slow] [LinuxOnly]" classname="Kubernetes e2e suite" status="skipped" time="0">
              <skipped message="skipped"></skipped>
          </testcase>
          <testcase name="[It] [sig-api-machinery] ResourceQuota should create a ResourceQuota and capture the life of a service. [Conformance]" classname="Kubernetes e2e suite" status="passed" time="11.166499909"></testcase>
          <testcase name="[It] [sig-scheduling] LimitRange should create a LimitRange with defaults and ensure pod has those defaults applied. [Conformance]" classname="Kubernetes e2e suite" status="passed" time="7.208120525"></testcase>
          <testcase name="[It] [sig-node] Pods Extended (pod generation) [Feature:PodObservedGenerationTracking] [FeatureGate:PodObservedGenerationTracking] [Alpha] [Feature:OffByDefault] Pod Generation pod generation should start at 1 and increment per update" classname="Kubernetes e2e suite" status="skipped" time="0">
              <skipped message="skipped"></skipped>
          </testcase>
          <testcase name="[It] [sig-storage] In-tree Volumes [Driver: local] [LocalVolumeType: block] [Testpattern: Pre-provisioned PV (block volmode)] multiVolume [Slow] should concurrently access the single read-only volume from pods on the same node" classname="Kubernetes e2e suite" status="skipped" time="0">
              <skipped message="skipped"></skipped>
          </testcase>
          <testcase name="[It] [sig-storage] In-tree Volumes [Driver: cinder] [Testpattern: Dynamic PV (ntfs)] [Feature:Windows] subPath should support creating multiple subpath from same volumes [Slow]" classname="Kubernetes e2e suite" status="skipped" time="0">
              <skipped message="skipped"></skipped>
          </testcase>
          <testcase name="[It] [sig-storage] In-tree Volumes [Driver: azure-disk] [Testpattern: Dynamic PV (xfs)] [Slow] volumes should allow exec of files on the volume" classname="Kubernetes e2e suite" status="skipped" time="0">
              <skipped message="skipped"></skipped>
          </testcase>
          <testcase name="[It] [sig-node] DRA [Feature:DynamicResourceAllocation] [FeatureGate:DynamicResourceAllocation] [Beta] [Feature:OffByDefault] on multiple nodes with different ResourceSlices keeps pod pending because of CEL runtime errors" classname="Kubernetes e2e suite" status="skipped" time="0">
              <skipped message="skipped"></skipped>
          </testcase>
          <testcase name="[It] [sig-storage] CSI Mock volume snapshot CSI Snapshot Controller metrics [Feature:VolumeSnapshotDataSource] snapshot controller should emit dynamic CreateSnapshot, CreateSnapshotAndReady, and DeleteSnapshot metrics" classname="Kubernetes e2e suite" status="skipped" time="0">
              <skipped message="skipped"></skipped>
          </testcase>
          <testcase name="[It] [sig-storage] In-tree Volumes [Driver: local] [LocalVolumeType: blockfs] [Testpattern: Pre-provisioned PV (block volmode)] volumeMode should fail to use a volume in a pod with mismatched mode [Slow]" classname="Kubernetes e2e suite" status="skipped" time="0">
              <skipped message="skipped"></skipped>
          </testcase>
          <testcase name="[It] [sig-cli] Kubectl client Kubectl validation should create/apply a valid CR for CRD with validation schema" classname="Kubernetes e2e suite" status="skipped" time="0">
              <skipped message="skipped"></skipped>
          </testcase>
          <testcase name="[It] [sig-storage] In-tree Volumes [Driver: iscsi] [Feature:Volumes] [Testpattern: Dynamic PV (ntfs)] [Feature:Windows] volume-expand should not allow expansion of pvcs without AllowVolumeExpansion property" classname="Kubernetes e2e suite" status="skipped" time="0">
              <skipped message="skipped"></skipped>
          </testcase>
          <testcase name="[It] [sig-storage] In-tree Volumes [Driver: local] [LocalVolumeType: dir-link] [Testpattern: Dynamic PV (xfs)] [Slow] volumes should store data" classname="Kubernetes e2e suite" status="skipped" time="0">
              <skipped message="skipped"></skipped>
          </testcase>
          <testcase name="[It] [sig-storage] In-tree Volumes [Driver: emptydir] [Testpattern: Dynamic PV (default fs)] volumes should allow exec of files on the volume" classname="Kubernetes e2e suite" status="skipped" time="0">
              <skipped message="skipped"></skipped>
          </testcase>
          <testcase name="[It] [sig-storage] CSI Volumes [Driver: csi-hostpath] [Testpattern: Pre-provisioned PV (default fs)] subPath should support readOnly directory specified in the volumeMount" classname="Kubernetes e2e suite" status="skipped" time="0">
              <skipped message="skipped"></skipped>
          </testcase>
          <testcase name="[It] [sig-storage] In-tree Volumes [Driver: iscsi] [Feature:Volumes] [Testpattern: Dynamic PV (default fs)] subPath should fail if subpath with backstepping is outside the volume [Slow] [LinuxOnly]" classname="Kubernetes e2e suite" status="skipped" time="0">
              <skipped message="skipped"></skipped>
          </testcase>
          <testcase name="[It] [sig-storage] In-tree Volumes [Driver: azure-disk] [Testpattern: Dynamic PV (filesystem volmode)] volumeLimits should verify that all csinodes have volume limits" classname="Kubernetes e2e suite" status="skipped" time="0">
              <skipped message="skipped"></skipped>
          </testcase>
          <testcase name="[It] [sig-storage] In-tree Volumes [Driver: hostPath] [Testpattern: Generic Ephemeral-volume (default fs) (immediate-binding)] ephemeral should create read/write inline ephemeral volume" classname="Kubernetes e2e suite" status="skipped" time="0">
              <skipped message="skipped"></skipped>
          </testcase>
          <testcase name="[It] [sig-storage] CSI Volumes [Driver: csi-hostpath] [Testpattern: Inline-volume (ntfs)] [Feature:Windows] volumes should allow exec of files on the volume" classname="Kubernetes e2e suite" status="skipped" time="0">
              <skipped message="skipped"></skipped>
          </testcase>
          <testcase name="[It] [sig-storage] In-tree Volumes [Driver: local] [LocalVolumeType: gce-localssd-scsi-fs] [Serial] [Testpattern: Pre-provisioned PV (default fs)] subPath should fail if subpath directory is outside the volume [Slow] [LinuxOnly]" classname="Kubernetes e2e suite" status="skipped" time="0">
              <skipped message="skipped"></skipped>
          </testcase>
          <testcase name="[It] [sig-storage] In-tree Volumes [Driver: nfs] [Testpattern: Dynamic PV (ntfs)] [Feature:Windows] multiVolume [Slow] should concurrently access the single volume from pods on the same node" classname="Kubernetes e2e suite" status="skipped" time="0">
              <skipped message="skipped"></skipped>
          </testcase>
          <testcase name="[It] [sig-scheduling] SchedulerPredicates [Serial] validates that taints-tolerations is respected if matching" classname="Kubernetes e2e suite" status="skipped" time="0">
              <skipped message="skipped"></skipped>
          </testcase>
          <testcase name="[It] [sig-storage] In-tree Volumes [Driver: local] [LocalVolumeType: block] [Testpattern: Dynamic PV (default fs)] subPath should support readOnly directory specified in the volumeMount" classname="Kubernetes e2e suite" status="skipped" time="0">
              <skipped message="skipped"></skipped>
          </testcase>
          <testcase name="[It] [sig-storage] In-tree Volumes [Driver: vsphere] [Testpattern: Dynamic PV (ntfs)] [Feature:Windows] provisioning should provision storage with snapshot data source (ROX mode) [Feature:VolumeSnapshotDataSource]" classname="Kubernetes e2e suite" status="skipped" time="0">
              <skipped message="skipped"></skipped>
          </testcase>
          <testcase name="[It] [sig-storage] In-tree Volumes [Driver: local] [LocalVolumeType: dir-link-bindmounted] [Testpattern: Dynamic PV (ext3)] volumes should allow exec of files on the volume" classname="Kubernetes e2e suite" status="skipped" time="0">
              <skipped message="skipped"></skipped>
          </testcase>
          <testcase name="[It] [sig-storage] In-tree Volumes [Driver: azure-file] [Testpattern: Pre-provisioned PV (filesystem volmode)] volumeMode should fail to use a volume in a pod with mismatched mode [Slow]" classname="Kubernetes e2e suite" status="skipped" time="0">
              <skipped message="skipped"></skipped>
          </testcase>
          <testcase name="[It] [sig-storage] In-tree Volumes [Driver: hostPathSymlink] [Testpattern: Pre-provisioned PV (xfs)] [Slow] volumes should store data" classname="Kubernetes e2e suite" status="skipped" time="0">
              <skipped message="skipped"></skipped>
          </testcase>
          <testcase name="[It] [sig-storage] In-tree Volumes [Driver: cinder] [Testpattern: Dynamic PV (filesystem volmode)] multiVolume [Slow] should concurrently access the single volume from pods on the same node" classname="Kubernetes e2e suite" status="skipped" time="0">
              <skipped message="skipped"></skipped>
          </testcase>
          <testcase name="[It] [sig-storage] In-tree Volumes [Driver: cinder] [Testpattern: Dynamic PV (ntfs)] [Feature:Windows] subPath should fail if subpath with backstepping is outside the volume [Slow] [LinuxOnly]" classname="Kubernetes e2e suite" status="skipped" time="0">
              <skipped message="skipped"></skipped>
          </testcase>
          <testcase name="[It] [sig-storage] In-tree Volumes [Driver: azure-file] [Testpattern: Dynamic PV (xfs)] [Slow] multiVolume [Slow] should concurrently access the volume and restored snapshot from pods on the same node [LinuxOnly] [Feature:VolumeSnapshotDataSource] [Feature:VolumeSourceXFS]" classname="Kubernetes e2e suite" status="skipped" time="0">
              <skipped message="skipped"></skipped>
          </testcase>
          <testcase name="[It] [sig-storage] PersistentVolumes-local [Volume type: block] Set fsGroup for local volume should set same fsGroup for two pods simultaneously [Slow]" classname="Kubernetes e2e suite" status="skipped" time="0">
              <skipped message="skipped"></skipped>
          </testcase>
          <testcase name="[It] [sig-storage] In-tree Volumes [Driver: local] [LocalVolumeType: gce-localssd-scsi-fs] [Serial] [Testpattern: Dynamic PV (ext4)] multiVolume [Slow] should concurrently access the volume and its clone from pods on the same node [LinuxOnly] [Feature:VolumeSourceXFS]" classname="Kubernetes e2e suite" status="skipped" time="0">
              <skipped message="skipped"></skipped>
          </testcase>
          <testcase name="[It] [sig-storage] In-tree Volumes [Driver: hostPath] [Testpattern: Dynamic PV (ntfs)] [Feature:Windows] volumeIO should write files of various sizes, verify size, validate content [Slow]" classname="Kubernetes e2e suite" status="skipped" time="0">
              <skipped message="skipped"></skipped>
          </testcase>
          <testcase name="[It] [sig-storage] In-tree Volumes [Driver: local] [LocalVolumeType: dir] [Testpattern: Generic Ephemeral-volume (default fs) (immediate-binding)] ephemeral should support expansion of pvcs created for ephemeral pvcs" classname="Kubernetes e2e suite" status="skipped" time="0">
              <skipped message="skipped"></skipped>
          </testcase>
          <testcase name="[It] [sig-storage] In-tree Volumes [Driver: local] [LocalVolumeType: dir-link-bindmounted] [Testpattern: Pre-provisioned PV (default fs)] subPath should be able to unmount after the subpath directory is deleted [LinuxOnly]" classname="Kubernetes e2e suite" status="skipped" time="0">
              <skipped message="skipped"></skipped>
          </testcase>
          <testcase name="[It] [sig-storage] In-tree Volumes [Driver: local] [LocalVolumeType: dir-bindmounted] [Testpattern: Dynamic PV (filesystem volmode)] multiVolume [Slow] should access to two volumes with the same volume mode and retain data across pod recreation on different node" classname="Kubernetes e2e suite" status="skipped" time="0">
              <skipped message="skipped"></skipped>
          </testcase>
          <testcase name="[It] [sig-storage] In-tree Volumes [Driver: hostPathSymlink] [Testpattern: Dynamic PV (ntfs)] [Feature:Windows] subPath should fail if subpath file is outside the volume [Slow] [LinuxOnly]" classname="Kubernetes e2e suite" status="skipped" time="0">
              <skipped message="skipped"></skipped>
          </testcase>
          <testcase name="[It] [sig-storage] In-tree Volumes [Driver: local] [LocalVolumeType: block] [Testpattern: Dynamic PV (default fs)] subPath should verify container cannot write to subpath readonly volumes [Slow]" classname="Kubernetes e2e suite" status="skipped" time="0">
              <skipped message="skipped"></skipped>
          </testcase>
          <testcase name="[It] [sig-network] Networking Granular Checks: Services should function for multiple endpoint-Services with same selector" classname="Kubernetes e2e suite" status="skipped" time="0">
              <skipped message="skipped"></skipped>
          </testcase>
          <testcase name="[It] [sig-architecture] Conformance Tests should have at least two untainted nodes [Conformance]" classname="Kubernetes e2e suite" status="passed" time="0.097154607"></testcase>
          <testcase name="[It] [sig-storage] In-tree Volumes [Driver: hostPath] [Testpattern: Dynamic PV (default fs)] fsgroupchangepolicy (OnRootMismatch)[LinuxOnly], pod created with an initial fsgroup, volume contents ownership changed via chgrp in first pod, new pod with same fsgroup skips ownership changes to the volume contents" classname="Kubernetes e2e suite" status="skipped" time="0">
              <skipped message="skipped"></skipped>
          </testcase>
          <testcase name="[It] [sig-storage] In-tree Volumes [Driver: hostPath] [Testpattern: Generic Ephemeral-volume (block volmode) (late-binding)] ephemeral should support two pods which have the same volume definition" classname="Kubernetes e2e suite" status="skipped" time="0">
              <skipped message="skipped"></skipped>
          </testcase>
          <testcase name="[It] [sig-storage] In-tree Volumes [Driver: local] [LocalVolumeType: dir-bindmounted] [Testpattern: Inline-volume (default fs)] subPath should support restarting containers using file as subpath [Slow] [LinuxOnly]" classname="Kubernetes e2e suite" status="skipped" time="0">
              <skipped message="skipped"></skipped>
          </testcase>
          <testcase name="[It] [sig-storage] In-tree Volumes [Driver: azure-disk] [Testpattern: Dynamic PV (default fs)] subPath should support creating multiple subpath from same volumes [Slow]" classname="Kubernetes e2e suite" status="skipped" time="0">
              <skipped message="skipped"></skipped>
          </testcase>
          <testcase name="[It] [sig-node] Pod InPlace Resize Container [FeatureGate:InPlacePodVerticalScaling] [Beta] Burstable QoS pod, three containers - increase c1 resources, no change for c2, decrease c3 resources (no net change for pod)" classname="Kubernetes e2e suite" status="skipped" time="0">
              <skipped message="skipped"></skipped>
          </testcase>
          <testcase name="[It] [sig-storage] In-tree Volumes [Driver: iscsi] [Feature:Volumes] [Testpattern: Dynamic PV (filesystem volmode)] disruptive [Disruptive] [LinuxOnly] Should test that pv used in a pod that is force deleted while the kubelet is down is usable by a new pod with a different SELinux context when kubelet returns [Feature:SELinux]" classname="Kubernetes e2e suite" status="skipped" time="0">
              <skipped message="skipped"></skipped>
          </testcase>
          <testcase name="[It] [sig-storage] CSI Volumes [Driver: csi-hostpath] [Testpattern: Dynamic PV (filesystem volmode)] disruptive [Disruptive] [LinuxOnly] Should test that pv used in a pod that is deleted while the kubelet is down is usable by a new pod with a different SELinux context when kubelet returns [Feature:SELinux]" classname="Kubernetes e2e suite" status="skipped" time="0">
              <skipped message="skipped"></skipped>
          </testcase>
          <testcase name="[It] [sig-storage] CSI Volumes [Driver: csi-hostpath] [Testpattern: Dynamic Snapshot (delete policy)] snapshottable [Feature:VolumeSnapshotDataSource] volume snapshot controller  should check snapshot fields, check restore correctly works, check deletion (ephemeral)" classname="Kubernetes e2e suite" status="skipped" time="0">
              <skipped message="skipped"></skipped>
          </testcase>
          <testcase name="[It] [sig-storage] In-tree Volumes [Driver: hostPathSymlink] [Testpattern: Generic Ephemeral-volume (block volmode) (late-binding)] ephemeral should create read/write inline ephemeral volume" classname="Kubernetes e2e suite" status="skipped" time="0">
              <skipped message="skipped"></skipped>
          </testcase>
          <testcase name="[It] [sig-storage] In-tree Volumes [Driver: azure-file] [Testpattern: Pre-provisioned PV (block volmode)] volumes should store data" classname="Kubernetes e2e suite" status="skipped" time="0">
              <skipped message="skipped"></skipped>
          </testcase>
          <testcase name="[It] [sig-storage] In-tree Volumes [Driver: vsphere] [Testpattern: Inline-volume (default fs)] subPath should fail if subpath directory is outside the volume [Slow] [LinuxOnly]" classname="Kubernetes e2e suite" status="skipped" time="0">
              <skipped message="skipped"></skipped>
          </testcase>
          <testcase name="[It] [sig-storage] Projected downwardAPI should provide podname as non-root with fsgroup [LinuxOnly]" classname="Kubernetes e2e suite" status="skipped" time="0">
              <skipped message="skipped"></skipped>
          </testcase>
          <testcase name="[It] [sig-storage] In-tree Volumes [Driver: local] [LocalVolumeType: block] [Testpattern: Dynamic PV (block volmode)] multiVolume [Slow] should concurrently access the single volume from pods on the same node" classname="Kubernetes e2e suite" status="skipped" time="0">
              <skipped message="skipped"></skipped>
          </testcase>
          <testcase name="[It] [sig-storage] In-tree Volumes [Driver: hostPath] [Testpattern: Dynamic PV (default fs)] subPath should fail if subpath directory is outside the volume [Slow] [LinuxOnly]" classname="Kubernetes e2e suite" status="skipped" time="0">
              <skipped message="skipped"></skipped>
          </testcase>
          <testcase name="[It] [sig-storage] CSI Volumes [Driver: pd.csi.storage.gke.io] [Serial] [Testpattern: Dynamic PV (filesystem volmode)] multiVolume [Slow] should concurrently access the single volume from pods on the same node" classname="Kubernetes e2e suite" status="skipped" time="0">
              <skipped message="skipped"></skipped>
          </testcase>
          <testcase name="[It] [sig-cli] Kubectl Port forwarding with a pod being removed should stop port-forwarding" classname="Kubernetes e2e suite" status="skipped" time="0">
              <skipped message="skipped"></skipped>
          </testcase>
          <testcase name="[It] [sig-storage] CSI Volumes [Driver: pd.csi.storage.gke.io] [Serial] [Testpattern: Generic Ephemeral-volume (default fs) (late-binding)] ephemeral should create read/write inline ephemeral volume" classname="Kubernetes e2e suite" status="skipped" time="0">
              <skipped message="skipped"></skipped>
          </testcase>
          <testcase name="[It] [sig-storage] In-tree Volumes [Driver: azure-disk] [Testpattern: Dynamic PV (default fs)] provisioning should provision storage with snapshot data source (ROX mode) [Feature:VolumeSnapshotDataSource]" classname="Kubernetes e2e suite" status="skipped" time="0">
              <skipped message="skipped"></skipped>
          </testcase>
          <testcase name="[It] [sig-node] Variable Expansion should fail substituting values in a volume subpath with backticks [Conformance]" classname="Kubernetes e2e suite" status="passed" time="4.065304124"></testcase>
          <testcase name="[It] [sig-storage] In-tree Volumes [Driver: nfs] [Testpattern: Dynamic PV (filesystem volmode)] multiVolume [Slow] should concurrently access the single volume from pods on different node" classname="Kubernetes e2e suite" status="skipped" time="0">
              <skipped message="skipped"></skipped>
          </testcase>
          <testcase name="[It] [sig-storage] In-tree Volumes [Driver: local] [LocalVolumeType: tmpfs] [Testpattern: Dynamic PV (default fs)] volumes should allow exec of files on the volume" classname="Kubernetes e2e suite" status="skipped" time="0">
              <skipped message="skipped"></skipped>
          </testcase>
          <testcase name="[It] [sig-storage] Projected secret should be consumable from pods in volume with mappings and Item Mode set [LinuxOnly] [NodeConformance] [Conformance]" classname="Kubernetes e2e suite" status="passed" time="4.074774002"></testcase>
          <testcase name="[It] [sig-storage] In-tree Volumes [Driver: local] [LocalVolumeType: blockfs] [Testpattern: Dynamic PV (default fs)] volume-stress multiple pods should access different volumes repeatedly [Slow] [Serial]" classname="Kubernetes e2e suite" status="skipped" time="0">
              <skipped message="skipped"></skipped>
          </testcase>
          <testcase name="[It] [sig-storage] In-tree Volumes [Driver: local] [LocalVolumeType: tmpfs] [Testpattern: Generic Ephemeral-volume (block volmode) (late-binding)] ephemeral should support multiple inline ephemeral volumes" classname="Kubernetes e2e suite" status="skipped" time="0">
              <skipped message="skipped"></skipped>
          </testcase>
          <testcase name="[It] [sig-storage] CSI Volumes [Driver: pd.csi.storage.gke.io] [Serial] [Testpattern: Dynamic PV (filesystem volmode)] volumeLimits should verify that all csinodes have volume limits" classname="Kubernetes e2e suite" status="skipped" time="0">
              <skipped message="skipped"></skipped>
          </testcase>
          <testcase name="[It] [sig-storage] In-tree Volumes [Driver: local] [LocalVolumeType: dir] [Testpattern: Generic Ephemeral-volume (default fs)] volumeLimits should verify that all csinodes have volume limits" classname="Kubernetes e2e suite" status="skipped" time="0">
              <skipped message="skipped"></skipped>
          </testcase>
          <testcase name="[It] [sig-storage] In-tree Volumes [Driver: local] [LocalVolumeType: dir-link-bindmounted] [Testpattern: Generic Ephemeral-volume (block volmode) (late-binding)] ephemeral should support multiple inline ephemeral volumes" classname="Kubernetes e2e suite" status="skipped" time="0">
              <skipped message="skipped"></skipped>
          </testcase>
          <testcase name="[It] [sig-storage] In-tree Volumes [Driver: local] [LocalVolumeType: blockfs] [Testpattern: Pre-provisioned PV (filesystem volmode)] multiVolume [Slow] should access to two volumes with different volume mode and retain data across pod recreation on different node" classname="Kubernetes e2e suite" status="skipped" time="0">
              <skipped message="skipped"></skipped>
          </testcase>
          <testcase name="[It] [sig-storage] In-tree Volumes [Driver: local] [LocalVolumeType: block] [Testpattern: Dynamic PV (ext4)] multiVolume [Slow] should access to two volumes with different volume mode and retain data across pod recreation on the same node" classname="Kubernetes e2e suite" status="skipped" time="0">
              <skipped message="skipped"></skipped>
          </testcase>
          <testcase name="[It] [sig-storage] In-tree Volumes [Driver: azure-disk] [Testpattern: Dynamic PV (default fs)] subPath should support non-existent path" classname="Kubernetes e2e suite" status="skipped" time="0">
              <skipped message="skipped"></skipped>
          </testcase>
          <testcase name="[It] [sig-storage] In-tree Volumes [Driver: local] [LocalVolumeType: block] [Testpattern: Pre-provisioned PV (xfs)] [Slow] volumes should allow exec of files on the volume" classname="Kubernetes e2e suite" status="skipped" time="0">
              <skipped message="skipped"></skipped>
          </testcase>
          <testcase name="[It] [sig-storage] In-tree Volumes [Driver: local] [LocalVolumeType: gce-localssd-scsi-fs] [Serial] [Testpattern: Dynamic PV (xfs)] [Slow] multiVolume [Slow] should access to two volumes with the same volume mode and retain data across pod recreation on the same node" classname="Kubernetes e2e suite" status="skipped" time="0">
              <skipped message="skipped"></skipped>
          </testcase>
          <testcase name="[It] [sig-storage] PersistentVolumes-local [Volume type: blockfswithoutformat] Set fsGroup for local volume should set same fsGroup for two pods simultaneously [Slow]" classname="Kubernetes e2e suite" status="skipped" time="0">
              <skipped message="skipped"></skipped>
          </testcase>
          <testcase name="[It] [sig-storage] In-tree Volumes [Driver: hostPath] [Testpattern: Pre-provisioned PV (default fs)] subPath should support existing directory" classname="Kubernetes e2e suite" status="skipped" time="0">
              <skipped message="skipped"></skipped>
          </testcase>
          <testcase name="[It] [sig-storage] CSI Volumes [Driver: csi-hostpath] [Testpattern: CSI Ephemeral-volume (default fs)] ephemeral should support expansion of pvcs created for ephemeral pvcs" classname="Kubernetes e2e suite" status="skipped" time="0">
              <skipped message="skipped"></skipped>
          </testcase>
          <testcase name="[It] [sig-storage] In-tree Volumes [Driver: vsphere] [Testpattern: Dynamic PV (xfs)] [Slow] multiVolume [Slow] should access to two volumes with different volume mode and retain data across pod recreation on different node" classname="Kubernetes e2e suite" status="skipped" time="0">
              <skipped message="skipped"></skipped>
          </testcase>
          <testcase name="[It] [sig-storage] In-tree Volumes [Driver: local] [LocalVolumeType: dir-bindmounted] [Testpattern: Dynamic PV (default fs)] provisioning should provision storage with pvc data source (ROX mode)" classname="Kubernetes e2e suite" status="skipped" time="0">
              <skipped message="skipped"></skipped>
          </testcase>
          <testcase name="[It] [sig-storage] In-tree Volumes [Driver: local] [LocalVolumeType: dir-link-bindmounted] [Testpattern: Dynamic PV (default fs)] subPath should fail if subpath with backstepping is outside the volume [Slow] [LinuxOnly]" classname="Kubernetes e2e suite" status="skipped" time="0">
              <skipped message="skipped"></skipped>
          </testcase>
          <testcase name="[It] [sig-cli] Kubectl client Kubectl cluster-info dump should check if cluster-info dump succeeds" classname="Kubernetes e2e suite" status="skipped" time="0">
              <skipped message="skipped"></skipped>
          </testcase>
          <testcase name="[It] [sig-cli] Kubectl client Kubectl apply should reuse port when apply to an existing SVC" classname="Kubernetes e2e suite" status="skipped" time="0">
              <skipped message="skipped"></skipped>
          </testcase>
          <testcase name="[It] [sig-storage] In-tree Volumes [Driver: cinder] [Testpattern: Dynamic PV (ntfs)] [Feature:Windows] provisioning should provision storage with mount options" classname="Kubernetes e2e suite" status="skipped" time="0">
              <skipped message="skipped"></skipped>
          </testcase>
          <testcase name="[It] [sig-storage] In-tree Volumes [Driver: cinder] [Testpattern: Pre-provisioned PV (ext3)] volumes should allow exec of files on the volume" classname="Kubernetes e2e suite" status="skipped" time="0">
              <skipped message="skipped"></skipped>
          </testcase>
          <testcase name="[It] [sig-storage] In-tree Volumes [Driver: azure-disk] [Testpattern: Inline-volume (default fs)] subPath should fail if subpath file is outside the volume [Slow] [LinuxOnly]" classname="Kubernetes e2e suite" status="skipped" time="0">
              <skipped message="skipped"></skipped>
          </testcase>
          <testcase name="[It] [sig-storage] CSI Volumes [Driver: pd.csi.storage.gke.io] [Serial] [Testpattern: Dynamic Snapshot (delete policy)] snapshottable-stress [Feature:VolumeSnapshotDataSource] should support snapshotting of many volumes repeatedly [Slow] [Serial]" classname="Kubernetes e2e suite" status="skipped" time="0">
              <skipped message="skipped"></skipped>
          </testcase>
          <testcase name="[It] [sig-storage] In-tree Volumes [Driver: azure-file] [Testpattern: Dynamic PV (ntfs)] [Feature:Windows] multiVolume [Slow] should concurrently access the volume and its clone from pods on the same node [LinuxOnly] [Feature:VolumeSourceXFS]" classname="Kubernetes e2e suite" status="skipped" time="0">
              <skipped message="skipped"></skipped>
          </testcase>
          <testcase name="[It] [sig-cli] Kubectl Port forwarding With a server listening on 0.0.0.0 should support forwarding over websockets" classname="Kubernetes e2e suite" status="skipped" time="0">
              <skipped message="skipped"></skipped>
          </testcase>
          <testcase name="[It] [sig-storage] In-tree Volumes [Driver: hostPathSymlink] [Testpattern: Generic Ephemeral-volume (default fs) (immediate-binding)] ephemeral should support multiple inline ephemeral volumes" classname="Kubernetes e2e suite" status="skipped" time="0">
              <skipped message="skipped"></skipped>
          </testcase>
          <testcase name="[It] [sig-storage] CSI Volumes [Driver: csi-hostpath] [Testpattern: Pre-provisioned PV (filesystem volmode)] disruptive [Disruptive] [LinuxOnly] Should test that pv used in a pod that is deleted while the kubelet is down is usable by a new pod when kubelet returns [Feature:SELinux]" classname="Kubernetes e2e suite" status="skipped" time="0">
              <skipped message="skipped"></skipped>
          </testcase>
          <testcase name="[It] [sig-storage] In-tree Volumes [Driver: local] [LocalVolumeType: block] [Testpattern: Inline-volume (default fs)] subPath should support restarting containers using directory as subpath [Slow]" classname="Kubernetes e2e suite" status="skipped" time="0">
              <skipped message="skipped"></skipped>
          </testcase>
          <testcase name="[It] [sig-apps] DaemonRestart [Disruptive] Kubelet should not restart containers across restart" classname="Kubernetes e2e suite" status="skipped" time="0">
              <skipped message="skipped"></skipped>
          </testcase>
          <testcase name="[It] [sig-storage] In-tree Volumes [Driver: local] [LocalVolumeType: gce-localssd-scsi-fs] [Serial] [Testpattern: Dynamic PV (xfs)] [Slow] volumes should store data" classname="Kubernetes e2e suite" status="skipped" time="0">
              <skipped message="skipped"></skipped>
          </testcase>
          <testcase name="[It] [sig-storage] In-tree Volumes [Driver: local] [LocalVolumeType: dir-link] [Testpattern: Pre-provisioned PV (filesystem volmode)] disruptive [Disruptive] [LinuxOnly] Should test that pv written before kubelet restart is readable after restart." classname="Kubernetes e2e suite" status="skipped" time="0">
              <skipped message="skipped"></skipped>
          </testcase>
          <testcase name="[It] [sig-storage] In-tree Volumes [Driver: azure-file] [Testpattern: Pre-provisioned PV (default fs)] subPath should support readOnly file specified in the volumeMount [LinuxOnly]" classname="Kubernetes e2e suite" status="skipped" time="0">
              <skipped message="skipped"></skipped>
          </testcase>
          <testcase name="[It] [sig-storage] CSI Volumes [Driver: csi-hostpath] [Testpattern: Dynamic PV (default fs)] capacity provides storage capacity information" classname="Kubernetes e2e suite" status="skipped" time="0">
              <skipped message="skipped"></skipped>
          </testcase>
          <testcase name="[It] [sig-storage] In-tree Volumes [Driver: local] [LocalVolumeType: dir-link-bindmounted] [Testpattern: Pre-provisioned PV (filesystem volmode)] volumeMode should not mount / map unused volumes in a pod [LinuxOnly]" classname="Kubernetes e2e suite" status="skipped" time="0">
              <skipped message="skipped"></skipped>
          </testcase>
          <testcase name="[It] [sig-storage] In-tree Volumes [Driver: hostPath] [Testpattern: Dynamic PV (default fs)] subPath should fail if subpath file is outside the volume [Slow] [LinuxOnly]" classname="Kubernetes e2e suite" status="skipped" time="0">
              <skipped message="skipped"></skipped>
          </testcase>
          <testcase name="[It] [sig-storage] In-tree Volumes [Driver: cinder] [Testpattern: Inline-volume (default fs)] subPath should support restarting containers using directory as subpath [Slow]" classname="Kubernetes e2e suite" status="skipped" time="0">
              <skipped message="skipped"></skipped>
          </testcase>
          <testcase name="[It] [sig-storage] In-tree Volumes [Driver: local] [LocalVolumeType: dir-link-bindmounted] [Testpattern: Dynamic PV (default fs)(allowExpansion)] volume-expand should resize volume when PVC is edited while pod is using it" classname="Kubernetes e2e suite" status="skipped" time="0">
              <skipped message="skipped"></skipped>
          </testcase>
          <testcase name="[It] [sig-storage] In-tree Volumes [Driver: local] [LocalVolumeType: tmpfs] [Testpattern: Dynamic PV (block volmode)] provisioning should provision correct filesystem size when restoring snapshot to larger size pvc [Feature:VolumeSnapshotDataSource]" classname="Kubernetes e2e suite" status="skipped" time="0">
              <skipped message="skipped"></skipped>
          </testcase>
          <testcase name="[It] [sig-storage] In-tree Volumes [Driver: hostPathSymlink] [Testpattern: Pre-provisioned PV (block volmode)] disruptive [Disruptive] [LinuxOnly] Should test that pv used in a pod that is force deleted while the kubelet is down cleans up when the kubelet returns." classname="Kubernetes e2e suite" status="skipped" time="0">
              <skipped message="skipped"></skipped>
          </testcase>
          <testcase name="[It] [sig-storage] In-tree Volumes [Driver: hostPath] [Testpattern: Pre-provisioned PV (filesystem volmode)] multiVolume [Slow] should concurrently access the single read-only volume from pods on the same node" classname="Kubernetes e2e suite" status="skipped" time="0">
              <skipped message="skipped"></skipped>
          </testcase>
          <testcase name="[It] [sig-storage] In-tree Volumes [Driver: emptydir] [Testpattern: Pre-provisioned PV (xfs)] [Slow] volumes should allow exec of files on the volume" classname="Kubernetes e2e suite" status="skipped" time="0">
              <skipped message="skipped"></skipped>
          </testcase>
          <testcase name="[It] [sig-storage] Ephemeralstorage When pod refers to non-existent ephemeral storage should allow deletion of pod with invalid volume : configmap" classname="Kubernetes e2e suite" status="skipped" time="0">
              <skipped message="skipped"></skipped>
          </testcase>
          <testcase name="[It] [sig-api-machinery] Garbage collector should support cascading deletion of custom resources" classname="Kubernetes e2e suite" status="skipped" time="0">
              <skipped message="skipped"></skipped>
          </testcase>
          <testcase name="[It] [sig-storage] In-tree Volumes [Driver: local] [LocalVolumeType: gce-localssd-scsi-fs] [Serial] [Testpattern: Dynamic PV (xfs)] [Slow] multiVolume [Slow] should concurrently access the volume and its clone from pods on the same node [LinuxOnly] [Feature:VolumeSourceXFS]" classname="Kubernetes e2e suite" status="skipped" time="0">
              <skipped message="skipped"></skipped>
          </testcase>
          <testcase name="[It] [sig-storage] In-tree Volumes [Driver: local] [LocalVolumeType: block] [Testpattern: Pre-provisioned PV (filesystem volmode)] multiVolume [Slow] should access to two volumes with the same volume mode and retain data across pod recreation on the same node" classname="Kubernetes e2e suite" status="skipped" time="0">
              <skipped message="skipped"></skipped>
          </testcase>
          <testcase name="[It] [sig-apps] StatefulSet Non-retain StatefulSetPersistentVolumeClaimPolicy should delete PVCs after adopting pod (WhenDeleted)" classname="Kubernetes e2e suite" status="skipped" time="0">
              <skipped message="skipped"></skipped>
          </testcase>
          <testcase name="[It] [sig-storage] In-tree Volumes [Driver: azure-disk] [Testpattern: Dynamic PV (xfs)] [Slow] multiVolume [Slow] should access to two volumes with the same volume mode and retain data across pod recreation on different node" classname="Kubernetes e2e suite" status="skipped" time="0">
              <skipped message="skipped"></skipped>
          </testcase>
          <testcase name="[It] [sig-storage] In-tree Volumes [Driver: hostPathSymlink] [Testpattern: Dynamic PV (default fs)] volumeIO should write files of various sizes, verify size, validate content [Slow]" classname="Kubernetes e2e suite" status="skipped" time="0">
              <skipped message="skipped"></skipped>
          </testcase>
          <testcase name="[It] [sig-storage] In-tree Volumes [Driver: local] [LocalVolumeType: dir-link] [Testpattern: Dynamic PV (filesystem volmode)] volumeMode should fail to use a volume in a pod with mismatched mode [Slow]" classname="Kubernetes e2e suite" status="skipped" time="0">
              <skipped message="skipped"></skipped>
          </testcase>
          <testcase name="[It] [sig-storage] CSI Volumes [Driver: pd.csi.storage.gke.io] [Serial] [Testpattern: Pre-provisioned PV (block volmode)] multiVolume [Slow] should concurrently access the single volume from pods on the same node" classname="Kubernetes e2e suite" status="skipped" time="0">
              <skipped message="skipped"></skipped>
          </testcase>
          <testcase name="[It] [sig-api-machinery] ResourceQuota should create a ResourceQuota and capture the life of a replica set. [Conformance]" classname="Kubernetes e2e suite" status="passed" time="11.065724297"></testcase>
          <testcase name="[It] [sig-api-machinery] AdmissionWebhook [Privileged:ClusterAdmin] should mutate everything except &#39;skip-me&#39; configmaps [Conformance]" classname="Kubernetes e2e suite" status="passed" time="3.460079071"></testcase>
          <testcase name="[It] [sig-storage] In-tree Volumes [Driver: azure-disk] [Testpattern: Inline-volume (xfs)] [Slow] volumes should store data" classname="Kubernetes e2e suite" status="skipped" time="0">
              <skipped message="skipped"></skipped>
          </testcase>
          <testcase name="[It] [sig-storage] [Serial] Volume metrics PVController should create total pv count metrics for with plugin and volume mode labels after creating pv" classname="Kubernetes e2e suite" status="skipped" time="0">
              <skipped message="skipped"></skipped>
          </testcase>
          <testcase name="[It] [sig-storage] In-tree Volumes [Driver: hostPathSymlink] [Testpattern: Pre-provisioned PV (ext4)] volumes should store data" classname="Kubernetes e2e suite" status="skipped" time="0">
              <skipped message="skipped"></skipped>
          </testcase>
          <testcase name="[It] [sig-storage] In-tree Volumes [Driver: local] [LocalVolumeType: tmpfs] [Testpattern: Dynamic PV (ntfs)] [Feature:Windows] provisioning should provision storage with pvc data source in parallel [Slow]" classname="Kubernetes e2e suite" status="skipped" time="0">
              <skipped message="skipped"></skipped>
          </testcase>
          <testcase name="[It] [sig-storage] In-tree Volumes [Driver: hostPathSymlink] [Testpattern: Pre-provisioned PV (block volmode)] multiVolume [Slow] should concurrently access the volume and restored snapshot from pods on the same node [LinuxOnly] [Feature:VolumeSnapshotDataSource] [Feature:VolumeSourceXFS]" classname="Kubernetes e2e suite" status="skipped" time="0">
              <skipped message="skipped"></skipped>
          </testcase>
          <testcase name="[It] [sig-storage] CSI Mock honor pv reclaim policy CSI honor pv reclaim policy changes using mock driver should honor pv reclaim policy after it is changed from deleted to retain" classname="Kubernetes e2e suite" status="skipped" time="0">
              <skipped message="skipped"></skipped>
          </testcase>
          <testcase name="[It] [sig-storage] In-tree Volumes [Driver: local] [LocalVolumeType: gce-localssd-scsi-fs] [Serial] [Testpattern: Dynamic PV (ntfs)] [Feature:Windows] multiVolume [Slow] should concurrently access the single volume from pods on different node" classname="Kubernetes e2e suite" status="skipped" time="0">
              <skipped message="skipped"></skipped>
          </testcase>
          <testcase name="[It] [sig-storage] In-tree Volumes [Driver: nfs] [Testpattern: Dynamic PV (default fs)] provisioning should provision storage with mount options" classname="Kubernetes e2e suite" status="skipped" time="0">
              <skipped message="skipped"></skipped>
          </testcase>
          <testcase name="[It] [sig-storage] In-tree Volumes [Driver: vsphere] [Testpattern: Dynamic PV (default fs)] fsgroupchangepolicy (Always)[LinuxOnly], pod created with an initial fsgroup, volume contents ownership changed via chgrp in first pod, new pod with same fsgroup applied to the volume contents" classname="Kubernetes e2e suite" status="skipped" time="0">
              <skipped message="skipped"></skipped>
          </testcase>
          <testcase name="[It] [sig-storage] In-tree Volumes [Driver: local] [LocalVolumeType: dir-link-bindmounted] [Testpattern: Dynamic PV (default fs)] subPath should fail if subpath file is outside the volume [Slow] [LinuxOnly]" classname="Kubernetes e2e suite" status="skipped" time="0">
              <skipped message="skipped"></skipped>
          </testcase>
          <testcase name="[It] [sig-storage] In-tree Volumes [Driver: local] [LocalVolumeType: dir] [Testpattern: Dynamic PV (block volmode)] volumeMode should fail to use a volume in a pod with mismatched mode [Slow]" classname="Kubernetes e2e suite" status="skipped" time="0">
              <skipped message="skipped"></skipped>
          </testcase>
          <testcase name="[It] [sig-cli] Kubectl delete interactive based on user confirmation input" classname="Kubernetes e2e suite" status="skipped" time="0">
              <skipped message="skipped"></skipped>
          </testcase>
          <testcase name="[It] [sig-storage] In-tree Volumes [Driver: local] [LocalVolumeType: dir-bindmounted] [Testpattern: Inline-volume (default fs)] volumes should allow exec of files on the volume" classname="Kubernetes e2e suite" status="skipped" time="0">
              <skipped message="skipped"></skipped>
          </testcase>
          <testcase name="[It] [sig-storage] In-tree Volumes [Driver: vsphere] [Testpattern: Pre-provisioned PV (default fs)] subPath should fail if subpath directory is outside the volume [Slow] [LinuxOnly]" classname="Kubernetes e2e suite" status="skipped" time="0">
              <skipped message="skipped"></skipped>
          </testcase>
          <testcase name="[It] [sig-api-machinery] Discovery should accurately determine present and missing resources" classname="Kubernetes e2e suite" status="skipped" time="0">
              <skipped message="skipped"></skipped>
          </testcase>
          <testcase name="[It] [sig-storage] In-tree Volumes [Driver: local] [LocalVolumeType: dir-link-bindmounted] [Testpattern: Pre-provisioned PV (filesystem volmode)] volumeMode should fail to use a volume in a pod with mismatched mode [Slow]" classname="Kubernetes e2e suite" status="skipped" time="0">
              <skipped message="skipped"></skipped>
          </testcase>
          <testcase name="[It] [sig-storage] In-tree Volumes [Driver: local] [LocalVolumeType: blockfs] [Testpattern: Dynamic PV (xfs)] [Slow] multiVolume [Slow] should concurrently access the single read-only volume from pods on the same node" classname="Kubernetes e2e suite" status="skipped" time="0">
              <skipped message="skipped"></skipped>
          </testcase>
          <testcase name="[It] [sig-storage] In-tree Volumes [Driver: local] [LocalVolumeType: dir] [Testpattern: Dynamic PV (xfs)] [Slow] multiVolume [Slow] should concurrently access the volume and its clone from pods on the same node [LinuxOnly] [Feature:VolumeSourceXFS]" classname="Kubernetes e2e suite" status="skipped" time="0">
              <skipped message="skipped"></skipped>
          </testcase>
          <testcase name="[It] [sig-storage] In-tree Volumes [Driver: hostPathSymlink] [Testpattern: Inline-volume (ntfs)] [Feature:Windows] volumes should store data" classname="Kubernetes e2e suite" status="skipped" time="0">
              <skipped message="skipped"></skipped>
          </testcase>
          <testcase name="[It] [sig-storage] In-tree Volumes [Driver: local] [LocalVolumeType: blockfs] [Testpattern: Dynamic PV (ntfs)] [Feature:Windows] subPath should fail if subpath with backstepping is outside the volume [Slow] [LinuxOnly]" classname="Kubernetes e2e suite" status="skipped" time="0">
              <skipped message="skipped"></skipped>
          </testcase>
          <testcase name="[It] [sig-storage] In-tree Volumes [Driver: hostPath] [Testpattern: Pre-provisioned PV (default fs)] subPath should support creating multiple subpath from same volumes [Slow]" classname="Kubernetes e2e suite" status="skipped" time="0">
              <skipped message="skipped"></skipped>
          </testcase>
          <testcase name="[It] [sig-storage] In-tree Volumes [Driver: local] [LocalVolumeType: block] [Testpattern: Inline-volume (default fs)] subPath should support readOnly file specified in the volumeMount [LinuxOnly]" classname="Kubernetes e2e suite" status="skipped" time="0">
              <skipped message="skipped"></skipped>
          </testcase>
          <testcase name="[It] [sig-storage] In-tree Volumes [Driver: local] [LocalVolumeType: gce-localssd-scsi-fs] [Serial] [Testpattern: Dynamic PV (filesystem volmode)] disruptive [Disruptive] [LinuxOnly] Should test that pv used in a pod that is deleted while the kubelet is down is usable by a new pod when kubelet returns [Feature:SELinux]" classname="Kubernetes e2e suite" status="skipped" time="0">
              <skipped message="skipped"></skipped>
          </testcase>
          <testcase name="[It] [sig-storage] In-tree Volumes [Driver: hostPathSymlink] [Testpattern: Dynamic PV (default fs)] fsgroupchangepolicy (Always)[LinuxOnly], pod created with an initial fsgroup, volume contents ownership changed via chgrp in first pod, new pod with different fsgroup applied to the volume contents" classname="Kubernetes e2e suite" status="skipped" time="0">
              <skipped message="skipped"></skipped>
          </testcase>
          <testcase name="[It] [sig-storage] CSI Volumes [Driver: csi-hostpath] [Testpattern: Dynamic PV (block volmode)] multiVolume [Slow] should concurrently access the volume and restored snapshot from pods on the same node [LinuxOnly] [Feature:VolumeSnapshotDataSource] [Feature:VolumeSourceXFS]" classname="Kubernetes e2e suite" status="skipped" time="0">
              <skipped message="skipped"></skipped>
          </testcase>
          <testcase name="[It] [sig-storage] In-tree Volumes [Driver: local] [LocalVolumeType: gce-localssd-scsi-fs] [Serial] [Testpattern: Dynamic PV (default fs)] volumeIO should write files of various sizes, verify size, validate content [Slow]" classname="Kubernetes e2e suite" status="skipped" time="0">
              <skipped message="skipped"></skipped>
          </testcase>
          <testcase name="[It] [sig-storage] In-tree Volumes [Driver: local] [LocalVolumeType: dir-link] [Testpattern: Dynamic PV (ntfs)] [Feature:Windows] volumes should allow exec of files on the volume" classname="Kubernetes e2e suite" status="skipped" time="0">
              <skipped message="skipped"></skipped>
          </testcase>
          <testcase name="[It] [sig-storage] CSI Volumes [Driver: pd.csi.storage.gke.io] [Serial] [Testpattern: Dynamic PV (xfs)] [Slow] multiVolume [Slow] should concurrently access the single volume from pods on different node" classname="Kubernetes e2e suite" status="skipped" time="0">
              <skipped message="skipped"></skipped>
          </testcase>
          <testcase name="[It] [sig-storage] In-tree Volumes [Driver: emptydir] [Testpattern: Pre-provisioned PV (default fs)] subPath should support readOnly directory specified in the volumeMount" classname="Kubernetes e2e suite" status="skipped" time="0">
              <skipped message="skipped"></skipped>
          </testcase>
          <testcase name="[It] [sig-storage] In-tree Volumes [Driver: local] [LocalVolumeType: block] [Testpattern: Generic Ephemeral-volume (default fs) (late-binding)] ephemeral should create read-only inline ephemeral volume" classname="Kubernetes e2e suite" status="skipped" time="0">
              <skipped message="skipped"></skipped>
          </testcase>
          <testcase name="[It] [sig-storage] PersistentVolumes-local [Volume type: blockfswithformat] Set fsGroup for local volume should set fsGroup for one pod [Slow]" classname="Kubernetes e2e suite" status="skipped" time="0">
              <skipped message="skipped"></skipped>
          </testcase>
          <testcase name="[It] [sig-storage] In-tree Volumes [Driver: local] [LocalVolumeType: dir-link-bindmounted] [Testpattern: Pre-provisioned PV (ext3)] volumes should allow exec of files on the volume" classname="Kubernetes e2e suite" status="skipped" time="0">
              <skipped message="skipped"></skipped>
          </testcase>
          <testcase name="[It] [sig-storage] In-tree Volumes [Driver: local] [LocalVolumeType: tmpfs] [Testpattern: Dynamic PV (default fs)] fsgroupchangepolicy (OnRootMismatch)[LinuxOnly], pod created with an initial fsgroup, volume contents ownership changed via chgrp in first pod, new pod with same fsgroup skips ownership changes to the volume contents" classname="Kubernetes e2e suite" status="skipped" time="0">
              <skipped message="skipped"></skipped>
          </testcase>
          <testcase name="[It] [sig-storage] In-tree Volumes [Driver: hostPath] [Testpattern: Pre-provisioned PV (block volmode)] disruptive [Disruptive] [LinuxOnly] Should test that pv used in a pod that is deleted while the kubelet is down cleans up when the kubelet returns." classname="Kubernetes e2e suite" status="skipped" time="0">
              <skipped message="skipped"></skipped>
          </testcase>
          <testcase name="[It] [sig-storage] CSI Mock selinux on mount metrics and SELinuxWarningController SELinuxMount metrics [LinuxOnly] [Feature:SELinux] [Serial] error is not bumped on two Pods with the same context on RWO volume and SELinuxMount enabled [FeatureGate:SELinuxMountReadWriteOncePod] [Beta] [FeatureGate:SELinuxChangePolicy] [Beta] [FeatureGate:SELinuxMount] [Beta] [Feature:OffByDefault]" classname="Kubernetes e2e suite" status="skipped" time="0">
              <skipped message="skipped"></skipped>
          </testcase>
          <testcase name="[It] [sig-storage] In-tree Volumes [Driver: vsphere] [Testpattern: Dynamic PV (filesystem volmode)] multiVolume [Slow] should concurrently access the single read-only volume from pods on the same node" classname="Kubernetes e2e suite" status="skipped" time="0">
              <skipped message="skipped"></skipped>
          </testcase>
          <testcase name="[It] [sig-storage] In-tree Volumes [Driver: local] [LocalVolumeType: dir-link-bindmounted] [Testpattern: Dynamic PV (block volmode)] multiVolume [Slow] should access to two volumes with the same volume mode and retain data across pod recreation on different node" classname="Kubernetes e2e suite" status="skipped" time="0">
              <skipped message="skipped"></skipped>
          </testcase>
          <testcase name="[It] [sig-storage] In-tree Volumes [Driver: hostPathSymlink] [Testpattern: Dynamic PV (xfs)] [Slow] multiVolume [Slow] should concurrently access the single read-only volume from pods on the same node" classname="Kubernetes e2e suite" status="skipped" time="0">
              <skipped message="skipped"></skipped>
          </testcase>
          <testcase name="[It] [sig-storage] In-tree Volumes [Driver: local] [LocalVolumeType: block] [Testpattern: Inline-volume (default fs)] subPath should unmount if pod is force deleted while kubelet is down [Disruptive] [Slow] [LinuxOnly]" classname="Kubernetes e2e suite" status="skipped" time="0">
              <skipped message="skipped"></skipped>
          </testcase>
          <testcase name="[It] [sig-storage] CSI Volumes [Driver: pd.csi.storage.gke.io] [Serial] [Testpattern: Dynamic PV (block volmode)] multiVolume [Slow] should access to two volumes with different volume mode and retain data across pod recreation on different node" classname="Kubernetes e2e suite" status="skipped" time="0">
              <skipped message="skipped"></skipped>
          </testcase>
          <testcase name="[It] [sig-node] Kubelet when scheduling a read only busybox container should not write to root filesystem [LinuxOnly] [NodeConformance] [Conformance]" classname="Kubernetes e2e suite" status="passed" time="2.047345273"></testcase>
          <testcase name="[It] [sig-storage] CSI Volumes [Driver: pd.csi.storage.gke.io] [Serial] [Testpattern: Dynamic PV (default fs)] read-write-once-pod [MinimumKubeletVersion:1.27] should block a second pod from using an in-use ReadWriteOncePod volume on the same node" classname="Kubernetes e2e suite" status="skipped" time="0">
              <skipped message="skipped"></skipped>
          </testcase>
          <testcase name="[It] [sig-storage] In-tree Volumes [Driver: hostPath] [Testpattern: Dynamic PV (ntfs)] [Feature:Windows] subPath should be able to unmount after the subpath directory is deleted [LinuxOnly]" classname="Kubernetes e2e suite" status="skipped" time="0">
              <skipped message="skipped"></skipped>
          </testcase>
          <testcase name="[It] [sig-apps] Job should run a job to completion when tasks sometimes fail and are not locally restarted" classname="Kubernetes e2e suite" status="skipped" time="0">
              <skipped message="skipped"></skipped>
          </testcase>
          <testcase name="[It] [sig-storage] In-tree Volumes [Driver: local] [LocalVolumeType: blockfs] [Testpattern: Inline-volume (ext3)] volumes should store data" classname="Kubernetes e2e suite" status="skipped" time="0">
              <skipped message="skipped"></skipped>
          </testcase>
          <testcase name="[It] [sig-storage] In-tree Volumes [Driver: hostPathSymlink] [Testpattern: Pre-provisioned PV (block volmode)] volumeMode should fail to create pod by failing to mount volume [Slow]" classname="Kubernetes e2e suite" status="skipped" time="0">
              <skipped message="skipped"></skipped>
          </testcase>
          <testcase name="[It] [sig-storage] In-tree Volumes [Driver: local] [LocalVolumeType: dir-link] [Testpattern: Dynamic PV (ntfs)] [Feature:Windows] volume-expand should not allow expansion of pvcs without AllowVolumeExpansion property" classname="Kubernetes e2e suite" status="skipped" time="0">
              <skipped message="skipped"></skipped>
          </testcase>
          <testcase name="[It] [sig-storage] In-tree Volumes [Driver: nfs] [Testpattern: Inline-volume (xfs)] [Slow] volumes should allow exec of files on the volume" classname="Kubernetes e2e suite" status="skipped" time="0">
              <skipped message="skipped"></skipped>
          </testcase>
          <testcase name="[It] [sig-storage] In-tree Volumes [Driver: nfs] [Testpattern: Dynamic PV (default fs)] provisioning should provision storage with snapshot data source (ROX mode) [Feature:VolumeSnapshotDataSource]" classname="Kubernetes e2e suite" status="skipped" time="0">
              <skipped message="skipped"></skipped>
          </testcase>
          <testcase name="[It] [sig-storage] In-tree Volumes [Driver: local] [LocalVolumeType: dir] [Testpattern: Inline-volume (default fs)] volumes should allow exec of files on the volume" classname="Kubernetes e2e suite" status="skipped" time="0">
              <skipped message="skipped"></skipped>
          </testcase>
          <testcase name="[It] [sig-autoscaling] [Feature:HPA] [Serial] [Slow] Horizontal pod autoscaling (non-default behavior) with both scale up and down controls configured should keep recommendation within the range with stabilization window and pod limit rate" classname="Kubernetes e2e suite" status="skipped" time="0">
              <skipped message="skipped"></skipped>
          </testcase>
          <testcase name="[It] [sig-node] Security Context When creating a pod with readOnlyRootFilesystem should run the container with writable rootfs when readOnlyRootFilesystem=false [NodeConformance] [Conformance]" classname="Kubernetes e2e suite" status="passed" time="4.04329931"></testcase>
          <testcase name="[It] [sig-storage] CSI Volumes [Driver: pd.csi.storage.gke.io] [Serial] [Testpattern: Pre-provisioned PV (block volmode)] multiVolume [Slow] should access to two volumes with the same volume mode and retain data across pod recreation on the same node" classname="Kubernetes e2e suite" status="skipped" time="0">
              <skipped message="skipped"></skipped>
          </testcase>
          <testcase name="[It] [sig-storage] CSI Volumes [Driver: csi-hostpath] [Testpattern: Dynamic PV (default fs)] read-write-once-pod [MinimumKubeletVersion:1.27] should preempt lower priority pods using ReadWriteOncePod volumes" classname="Kubernetes e2e suite" status="skipped" time="0">
              <skipped message="skipped"></skipped>
          </testcase>
          <testcase name="[It] [sig-storage] In-tree Volumes [Driver: emptydir] [Testpattern: Inline-volume (ntfs)] [Feature:Windows] volumes should store data" classname="Kubernetes e2e suite" status="skipped" time="0">
              <skipped message="skipped"></skipped>
          </testcase>
          <testcase name="[It] [sig-cli] Kubectl client Kubectl taint [Serial] should remove all the taints with the same key off a node" classname="Kubernetes e2e suite" status="skipped" time="0">
              <skipped message="skipped"></skipped>
          </testcase>
          <testcase name="[It] [sig-storage] In-tree Volumes [Driver: local] [LocalVolumeType: dir-bindmounted] [Testpattern: Pre-provisioned PV (default fs)] subPath should support file as subpath [LinuxOnly]" classname="Kubernetes e2e suite" status="skipped" time="0">
              <skipped message="skipped"></skipped>
          </testcase>
          <testcase name="[It] [sig-storage] In-tree Volumes [Driver: local] [LocalVolumeType: dir-link-bindmounted] [Testpattern: Dynamic PV (ext4)] volumes should store data" classname="Kubernetes e2e suite" status="skipped" time="0">
              <skipped message="skipped"></skipped>
          </testcase>
          <testcase name="[It] [sig-storage] CSI Volumes [Driver: pd.csi.storage.gke.io] [Serial] [Testpattern: Dynamic PV (default fs)] read-write-once-pod [MinimumKubeletVersion:1.27] should preempt lower priority pods using ReadWriteOncePod volumes" classname="Kubernetes e2e suite" status="skipped" time="0">
              <skipped message="skipped"></skipped>
          </testcase>
          <testcase name="[It] [sig-storage] HostPathType Socket [Slow] Should be able to mount socket &#39;asocket&#39; successfully when HostPathType is HostPathUnset" classname="Kubernetes e2e suite" status="skipped" time="0">
              <skipped message="skipped"></skipped>
          </testcase>
          <testcase name="[It] [sig-storage] In-tree Volumes [Driver: azure-file] [Testpattern: Dynamic PV (filesystem volmode)] volumeMode should not mount / map unused volumes in a pod [LinuxOnly]" classname="Kubernetes e2e suite" status="skipped" time="0">
              <skipped message="skipped"></skipped>
          </testcase>
          <testcase name="[It] [sig-storage] CSI Volumes [Driver: pd.csi.storage.gke.io] [Serial] [Testpattern: Inline-volume (ext4)] volumes should allow exec of files on the volume" classname="Kubernetes e2e suite" status="skipped" time="0">
              <skipped message="skipped"></skipped>
          </testcase>
          <testcase name="[It] [sig-storage] In-tree Volumes [Driver: vsphere] [Testpattern: Dynamic PV (filesystem volmode)] multiVolume [Slow] should concurrently access the volume and its clone from pods on the same node [LinuxOnly] [Feature:VolumeSourceXFS]" classname="Kubernetes e2e suite" status="skipped" time="0">
              <skipped message="skipped"></skipped>
          </testcase>
          <testcase name="[It] [sig-storage] In-tree Volumes [Driver: local] [LocalVolumeType: dir-link] [Testpattern: Dynamic PV (filesystem volmode)] multiVolume [Slow] should concurrently access the single read-only volume from pods on the same node" classname="Kubernetes e2e suite" status="skipped" time="0">
              <skipped message="skipped"></skipped>
          </testcase>
          <testcase name="[It] [sig-storage] In-tree Volumes [Driver: local] [LocalVolumeType: dir-bindmounted] [Testpattern: Dynamic PV (block volmode)] disruptive [Disruptive] [LinuxOnly] Should test that pv used in a pod that is force deleted while the kubelet is down cleans up when the kubelet returns." classname="Kubernetes e2e suite" status="skipped" time="0">
              <skipped message="skipped"></skipped>
          </testcase>
          <testcase name="[It] [sig-storage] In-tree Volumes [Driver: vsphere] [Testpattern: Pre-provisioned PV (default fs)] subPath should verify container cannot write to subpath readonly volumes [Slow]" classname="Kubernetes e2e suite" status="skipped" time="0">
              <skipped message="skipped"></skipped>
          </testcase>
          <testcase name="[It] [sig-storage] In-tree Volumes [Driver: local] [LocalVolumeType: blockfs] [Testpattern: Dynamic PV (default fs)] provisioning should provision storage with snapshot data source (ROX mode) [Feature:VolumeSnapshotDataSource]" classname="Kubernetes e2e suite" status="skipped" time="0">
              <skipped message="skipped"></skipped>
          </testcase>
          <testcase name="[It] [sig-storage] In-tree Volumes [Driver: local] [LocalVolumeType: dir-bindmounted] [Testpattern: Dynamic PV (default fs)] provisioning should provision storage with snapshot data source [Feature:VolumeSnapshotDataSource]" classname="Kubernetes e2e suite" status="skipped" time="0">
              <skipped message="skipped"></skipped>
          </testcase>
          <testcase name="[It] [sig-storage] In-tree Volumes [Driver: local] [LocalVolumeType: gce-localssd-scsi-fs] [Serial] [Testpattern: Dynamic PV (block volmode)] multiVolume [Slow] should access to two volumes with the same volume mode and retain data across pod recreation on the same node" classname="Kubernetes e2e suite" status="skipped" time="0">
              <skipped message="skipped"></skipped>
          </testcase>
          <testcase name="[It] [sig-storage] In-tree Volumes [Driver: iscsi] [Feature:Volumes] [Testpattern: Dynamic PV (xfs)] [Slow] multiVolume [Slow] should access to two volumes with different volume mode and retain data across pod recreation on the same node" classname="Kubernetes e2e suite" status="skipped" time="0">
              <skipped message="skipped"></skipped>
          </testcase>
          <testcase name="[It] [sig-storage] In-tree Volumes [Driver: local] [LocalVolumeType: dir] [Testpattern: Pre-provisioned PV (ntfs)] [Feature:Windows] volumes should store data" classname="Kubernetes e2e suite" status="skipped" time="0">
              <skipped message="skipped"></skipped>
          </testcase>
          <testcase name="[It] [sig-windows] [Feature:Windows] SecurityContext should be able to create pod and run containers" classname="Kubernetes e2e suite" status="skipped" time="0">
              <skipped message="skipped"></skipped>
          </testcase>
          <testcase name="[It] [sig-storage] In-tree Volumes [Driver: iscsi] [Feature:Volumes] [Testpattern: Generic Ephemeral-volume (default fs) (immediate-binding)] ephemeral should create read-only inline ephemeral volume" classname="Kubernetes e2e suite" status="skipped" time="0">
              <skipped message="skipped"></skipped>
          </testcase>
          <testcase name="[It] [sig-storage] In-tree Volumes [Driver: vsphere] [Testpattern: Dynamic PV (block volmode)] provisioning should provision storage with snapshot data source [Feature:VolumeSnapshotDataSource]" classname="Kubernetes e2e suite" status="skipped" time="0">
              <skipped message="skipped"></skipped>
          </testcase>
          <testcase name="[It] [sig-node] Pod Level Resources [Serial] [Feature:PodLevelResources] Guaranteed QoS pod with container resources" classname="Kubernetes e2e suite" status="skipped" time="0">
              <skipped message="skipped"></skipped>
          </testcase>
          <testcase name="[It] [sig-api-machinery] Garbage collector should delete pods created by rc when not orphaning [Conformance]" classname="Kubernetes e2e suite" status="passed" time="10.131593705"></testcase>
          <testcase name="[It] [sig-storage] In-tree Volumes [Driver: local] [LocalVolumeType: tmpfs] [Testpattern: Generic Ephemeral-volume (default fs) (immediate-binding)] ephemeral should create read/write inline ephemeral volume" classname="Kubernetes e2e suite" status="skipped" time="0">
              <skipped message="skipped"></skipped>
          </testcase>
          <testcase name="[It] [sig-storage] CSI Volumes [Driver: pd.csi.storage.gke.io] [Serial] [Testpattern: Generic Ephemeral-volume (default fs) (immediate-binding)] ephemeral should create read/write inline ephemeral volume" classname="Kubernetes e2e suite" status="skipped" time="0">
              <skipped message="skipped"></skipped>
          </testcase>
          <testcase name="[It] [sig-storage] In-tree Volumes [Driver: local] [LocalVolumeType: blockfs] [Testpattern: Pre-provisioned PV (block volmode)] volumeMode should fail to create pod by failing to mount volume [Slow]" classname="Kubernetes e2e suite" status="skipped" time="0">
              <skipped message="skipped"></skipped>
          </testcase>
          <testcase name="[It] [sig-apps] ReplicaSet should adopt matching pods on creation and release no longer matching pods [Conformance]" classname="Kubernetes e2e suite" status="passed" time="4.07406393"></testcase>
          <testcase name="[It] [sig-storage] HostPathType File [Slow] Should be able to mount file &#39;afile&#39; successfully when HostPathType is HostPathUnset" classname="Kubernetes e2e suite" status="skipped" time="0">
              <skipped message="skipped"></skipped>
          </testcase>
          <testcase name="[It] [sig-storage] CSI Volumes [Driver: csi-hostpath] [Testpattern: Dynamic PV (block volmode)] volumeMode should fail to use a volume in a pod with mismatched mode [Slow]" classname="Kubernetes e2e suite" status="skipped" time="0">
              <skipped message="skipped"></skipped>
          </testcase>
          <testcase name="[It] [sig-storage] In-tree Volumes [Driver: local] [LocalVolumeType: blockfs] [Testpattern: Dynamic PV (block volmode)] multiVolume [Slow] should access to two volumes with different volume mode and retain data across pod recreation on the same node" classname="Kubernetes e2e suite" status="skipped" time="0">
              <skipped message="skipped"></skipped>
          </testcase>
          <testcase name="[It] [sig-api-machinery] API Streaming (aka. WatchList) [FeatureGate:WatchList] [Beta] [Feature:OffByDefault] [Serial] should be requested by metadata client&#39;s List method when WatchListClient is enabled" classname="Kubernetes e2e suite" status="skipped" time="0">
              <skipped message="skipped"></skipped>
          </testcase>
          <testcase name="[It] [sig-node] DRA [Feature:DynamicResourceAllocation] [FeatureGate:DynamicResourceAllocation] [Beta] [Feature:OffByDefault] kubelet must not run a pod if a claim is not ready" classname="Kubernetes e2e suite" status="skipped" time="0">
              <skipped message="skipped"></skipped>
          </testcase>
          <testcase name="[It] [sig-storage] In-tree Volumes [Driver: local] [LocalVolumeType: block] [Testpattern: Inline-volume (default fs)] subPath should support existing directory" classname="Kubernetes e2e suite" status="skipped" time="0">
              <skipped message="skipped"></skipped>
          </testcase>
          <testcase name="[It] [sig-storage] In-tree Volumes [Driver: nfs] [Testpattern: Dynamic PV (ntfs)] [Feature:Windows] provisioning should provision correct filesystem size when restoring snapshot to larger size pvc [Feature:VolumeSnapshotDataSource]" classname="Kubernetes e2e suite" status="skipped" time="0">
              <skipped message="skipped"></skipped>
          </testcase>
          <testcase name="[It] [sig-storage] In-tree Volumes [Driver: local] [LocalVolumeType: dir-link-bindmounted] [Testpattern:  (delete policy)] volumegroupsnapshottable [Feature:volumegroupsnapshot] VolumeGroupSnapshottable  should create snapshots for multiple volumes in a pod" classname="Kubernetes e2e suite" status="skipped" time="0">
              <skipped message="skipped"></skipped>
          </testcase>
          <testcase name="[It] [sig-storage] In-tree Volumes [Driver: vsphere] [Testpattern: Dynamic PV (xfs)] [Slow] volumes should store data" classname="Kubernetes e2e suite" status="skipped" time="0">
              <skipped message="skipped"></skipped>
          </testcase>
          <testcase name="[It] [sig-storage] In-tree Volumes [Driver: local] [LocalVolumeType: dir] [Testpattern: Dynamic PV (filesystem volmode)] multiVolume [Slow] should access to two volumes with different volume mode and retain data across pod recreation on the same node" classname="Kubernetes e2e suite" status="skipped" time="0">
              <skipped message="skipped"></skipped>
          </testcase>
          <testcase name="[It] [sig-storage] In-tree Volumes [Driver: cinder] [Testpattern: Dynamic PV (default fs)] subPath should support restarting containers using file as subpath [Slow] [LinuxOnly]" classname="Kubernetes e2e suite" status="skipped" time="0">
              <skipped message="skipped"></skipped>
          </testcase>
          <testcase name="[It] [sig-storage] In-tree Volumes [Driver: emptydir] [Testpattern: Dynamic PV (default fs)] fsgroupchangepolicy (OnRootMismatch)[LinuxOnly], pod created with an initial fsgroup, new pod fsgroup applied to volume contents" classname="Kubernetes e2e suite" status="skipped" time="0">
              <skipped message="skipped"></skipped>
          </testcase>
          <testcase name="[It] [sig-storage] In-tree Volumes [Driver: azure-file] [Testpattern: Dynamic PV (default fs)] provisioning should provision storage with pvc data source in parallel [Slow]" classname="Kubernetes e2e suite" status="skipped" time="0">
              <skipped message="skipped"></skipped>
          </testcase>
          <testcase name="[It] [sig-storage] In-tree Volumes [Driver: local] [LocalVolumeType: block] [Testpattern: Dynamic PV (default fs)] subPath should fail if subpath directory is outside the volume [Slow] [LinuxOnly]" classname="Kubernetes e2e suite" status="skipped" time="0">
              <skipped message="skipped"></skipped>
          </testcase>
          <testcase name="[It] [sig-apps] Job with successPolicy should succeeded when all indexes succeeded [Conformance]" classname="Kubernetes e2e suite" status="passed" time="4.05482248"></testcase>
          <testcase name="[It] [sig-storage] In-tree Volumes [Driver: local] [LocalVolumeType: dir] [Testpattern: Dynamic PV (xfs)] [Slow] multiVolume [Slow] should access to two volumes with the same volume mode and retain data across pod recreation on the same node" classname="Kubernetes e2e suite" status="skipped" time="0">
              <skipped message="skipped"></skipped>
          </testcase>
          <testcase name="[It] [sig-storage] In-tree Volumes [Driver: local] [LocalVolumeType: blockfs] [Testpattern: Dynamic PV (ntfs)] [Feature:Windows] multiVolume [Slow] should access to two volumes with different volume mode and retain data across pod recreation on the same node" classname="Kubernetes e2e suite" status="skipped" time="0">
              <skipped message="skipped"></skipped>
          </testcase>
          <testcase name="[It] [sig-storage] In-tree Volumes [Driver: azure-file] [Testpattern: Inline-volume (ext3)] volumes should store data" classname="Kubernetes e2e suite" status="skipped" time="0">
              <skipped message="skipped"></skipped>
          </testcase>
          <testcase name="[It] [sig-storage] In-tree Volumes [Driver: local] [LocalVolumeType: gce-localssd-scsi-fs] [Serial] [Testpattern: Generic Ephemeral-volume (default fs) (immediate-binding)] ephemeral should support multiple inline ephemeral volumes" classname="Kubernetes e2e suite" status="skipped" time="0">
              <skipped message="skipped"></skipped>
          </testcase>
          <testcase name="[It] [sig-auth] ServiceAccounts should create a serviceAccountToken and ensure a successful TokenReview [Conformance]" classname="Kubernetes e2e suite" status="passed" time="0.100862753"></testcase>
          <testcase name="[It] [sig-network] Netpol NetworkPolicy between server and client should enforce policy to allow ingress traffic from pods in all namespaces [Feature:NetworkPolicy]" classname="Kubernetes e2e suite" status="skipped" time="0">
              <skipped message="skipped"></skipped>
          </testcase>
          <testcase name="[It] [sig-storage] In-tree Volumes [Driver: local] [LocalVolumeType: dir-bindmounted] [Testpattern: Dynamic PV (block volmode)] disruptive [Disruptive] [LinuxOnly] Should test that pv written before kubelet restart is readable after restart." classname="Kubernetes e2e suite" status="skipped" time="0">
              <skipped message="skipped"></skipped>
          </testcase>
          <testcase name="[It] [sig-storage] In-tree Volumes [Driver: azure-file] [Testpattern: Dynamic PV (ext3)] volumes should allow exec of files on the volume" classname="Kubernetes e2e suite" status="skipped" time="0">
              <skipped message="skipped"></skipped>
          </testcase>
          <testcase name="[It] [sig-storage] In-tree Volumes [Driver: local] [LocalVolumeType: tmpfs] [Testpattern: Dynamic PV (ext4)] volumes should store data" classname="Kubernetes e2e suite" status="skipped" time="0">
              <skipped message="skipped"></skipped>
          </testcase>
          <testcase name="[It] [sig-storage] CSI Volumes [Driver: csi-hostpath] [Testpattern: Dynamic PV (ntfs)] [Feature:Windows] volume-modify [FeatureGate:VolumeAttributesClass] [Beta] [Feature:OffByDefault] should recover from invalid target VAC by updating PVC to new valid VAC [Flaky]" classname="Kubernetes e2e suite" status="skipped" time="0">
              <skipped message="skipped"></skipped>
          </testcase>
          <testcase name="[It] [sig-storage] GenericPersistentVolume [Disruptive] When kubelet restarts Should test that a file written to the mount before kubelet restart is readable after restart." classname="Kubernetes e2e suite" status="skipped" time="0">
              <skipped message="skipped"></skipped>
          </testcase>
          <testcase name="[It] [sig-storage] In-tree Volumes [Driver: local] [LocalVolumeType: dir-link-bindmounted] [Testpattern: Pre-provisioned PV (filesystem volmode)] disruptive [Disruptive] [LinuxOnly] Should test that pv used in a pod that is force deleted while the kubelet is down is usable by a new pod when kubelet returns [Feature:SELinux]" classname="Kubernetes e2e suite" status="skipped" time="0">
              <skipped message="skipped"></skipped>
          </testcase>
          <testcase name="[It] [sig-storage] In-tree Volumes [Driver: azure-file] [Testpattern: Dynamic PV (ext4)] multiVolume [Slow] should concurrently access the volume and its clone from pods on the same node [LinuxOnly] [Feature:VolumeSourceXFS]" classname="Kubernetes e2e suite" status="skipped" time="0">
              <skipped message="skipped"></skipped>
          </testcase>
          <testcase name="[It] [sig-api-machinery] FieldValidation should detect unknown and duplicate fields of a typed object [Conformance]" classname="Kubernetes e2e suite" status="passed" time="0.100430606"></testcase>
          <testcase name="[It] [sig-storage] In-tree Volumes [Driver: local] [LocalVolumeType: dir] [Testpattern: Dynamic PV (ntfs)] [Feature:Windows] subPath should verify container cannot write to subpath readonly volumes [Slow]" classname="Kubernetes e2e suite" status="skipped" time="0">
              <skipped message="skipped"></skipped>
          </testcase>
          <testcase name="[It] [sig-storage] CSI Volumes [Driver: pd.csi.storage.gke.io] [Serial] [Testpattern: Dynamic PV (filesystem volmode)] multiVolume [Slow] should access to two volumes with different volume mode and retain data across pod recreation on the same node" classname="Kubernetes e2e suite" status="skipped" time="0">
              <skipped message="skipped"></skipped>
          </testcase>
          <testcase name="[It] [sig-cli] Kubectl logs logs should be able to retrieve and filter logs [Conformance]" classname="Kubernetes e2e suite" status="passed" time="5.415158834"></testcase>
          <testcase name="[It] [sig-api-machinery] ResourceQuota should create a ResourceQuota and capture the life of a configMap. [Conformance]" classname="Kubernetes e2e suite" status="passed" time="28.075750708"></testcase>
          <testcase name="[It] [sig-storage] In-tree Volumes [Driver: azure-disk] [Testpattern: Dynamic PV (ntfs)] [Feature:Windows] volumeIO should write files of various sizes, verify size, validate content [Slow]" classname="Kubernetes e2e suite" status="skipped" time="0">
              <skipped message="skipped"></skipped>
          </testcase>
          <testcase name="[It] [sig-storage] In-tree Volumes [Driver: hostPath] [Testpattern: Dynamic PV (default fs)] subPath should verify container cannot write to subpath readonly volumes [Slow]" classname="Kubernetes e2e suite" status="skipped" time="0">
              <skipped message="skipped"></skipped>
          </testcase>
          <testcase name="[It] [sig-storage] In-tree Volumes [Driver: nfs] [Testpattern: Inline-volume (default fs)] subPath should support existing directory" classname="Kubernetes e2e suite" status="skipped" time="0">
              <skipped message="skipped"></skipped>
          </testcase>
          <testcase name="[It] [sig-storage] In-tree Volumes [Driver: vsphere] [Testpattern: Pre-provisioned PV (filesystem volmode)] multiVolume [Slow] should concurrently access the volume and restored snapshot from pods on the same node [LinuxOnly] [Feature:VolumeSnapshotDataSource] [Feature:VolumeSourceXFS]" classname="Kubernetes e2e suite" status="skipped" time="0">
              <skipped message="skipped"></skipped>
          </testcase>
          <testcase name="[It] [sig-storage] CSI Volumes [Driver: csi-hostpath] [Testpattern: Dynamic PV (delayed binding)] topology should fail to schedule a pod which has topologies that conflict with AllowedTopologies" classname="Kubernetes e2e suite" status="skipped" time="0">
              <skipped message="skipped"></skipped>
          </testcase>
          <testcase name="[It] [sig-storage] In-tree Volumes [Driver: nfs] [Testpattern: Dynamic PV (ntfs)(allowExpansion)] [Feature:Windows] volume-expand Verify if offline PVC expansion works" classname="Kubernetes e2e suite" status="skipped" time="0">
              <skipped message="skipped"></skipped>
          </testcase>
          <testcase name="[It] [sig-storage] In-tree Volumes [Driver: iscsi] [Feature:Volumes] [Testpattern: Dynamic PV (ntfs)] [Feature:Windows] subPath should support readOnly file specified in the volumeMount [LinuxOnly]" classname="Kubernetes e2e suite" status="skipped" time="0">
              <skipped message="skipped"></skipped>
          </testcase>
          <testcase name="[It] [sig-storage] In-tree Volumes [Driver: vsphere] [Testpattern: Dynamic PV (xfs)] [Slow] multiVolume [Slow] should access to two volumes with the same volume mode and retain data across pod recreation on the same node" classname="Kubernetes e2e suite" status="skipped" time="0">
              <skipped message="skipped"></skipped>
          </testcase>
          <testcase name="[It] [sig-storage] In-tree Volumes [Driver: iscsi] [Feature:Volumes] [Testpattern: Dynamic PV (ntfs)] [Feature:Windows] subPath should fail if subpath directory is outside the volume [Slow] [LinuxOnly]" classname="Kubernetes e2e suite" status="skipped" time="0">
              <skipped message="skipped"></skipped>
          </testcase>
          <testcase name="[It] [sig-api-machinery] CustomResourceDefinition resources [Privileged:ClusterAdmin] Simple CustomResourceDefinition getting/updating/patching custom resource definition status sub-resource works [Conformance]" classname="Kubernetes e2e suite" status="passed" time="0.563338174"></testcase>
          <testcase name="[It] [sig-storage] In-tree Volumes [Driver: vsphere] [Testpattern: Inline-volume (default fs)] subPath should be able to unmount after the subpath directory is deleted [LinuxOnly]" classname="Kubernetes e2e suite" status="skipped" time="0">
              <skipped message="skipped"></skipped>
          </testcase>
          <testcase name="[It] [sig-storage] CSI Mock volume expansion CSI Volume expansion should expand volume without restarting pod if nodeExpansion=off" classname="Kubernetes e2e suite" status="skipped" time="0">
              <skipped message="skipped"></skipped>
          </testcase>
          <testcase name="[It] [sig-storage] In-tree Volumes [Driver: hostPath] [Testpattern: Pre-provisioned PV (block volmode)] volumeMode should fail to use a volume in a pod with mismatched mode [Slow]" classname="Kubernetes e2e suite" status="skipped" time="0">
              <skipped message="skipped"></skipped>
          </testcase>
          <testcase name="[It] [sig-storage] In-tree Volumes [Driver: local] [LocalVolumeType: tmpfs] [Testpattern: Dynamic PV (default fs)] provisioning should provision storage with pvc data source" classname="Kubernetes e2e suite" status="skipped" time="0">
              <skipped message="skipped"></skipped>
          </testcase>
          <testcase name="[It] [sig-storage] In-tree Volumes [Driver: azure-file] [Testpattern: Dynamic PV (default fs)] subPath should unmount if pod is force deleted while kubelet is down [Disruptive] [Slow] [LinuxOnly]" classname="Kubernetes e2e suite" status="skipped" time="0">
              <skipped message="skipped"></skipped>
          </testcase>
          <testcase name="[It] [sig-storage] In-tree Volumes [Driver: local] [LocalVolumeType: dir-bindmounted] [Testpattern: Dynamic PV (ntfs)] [Feature:Windows] provisioning should provision storage with mount options" classname="Kubernetes e2e suite" status="skipped" time="0">
              <skipped message="skipped"></skipped>
          </testcase>
          <testcase name="[It] [sig-storage] In-tree Volumes [Driver: local] [LocalVolumeType: dir-link-bindmounted] [Testpattern: Dynamic PV (ntfs)] [Feature:Windows] subPath should support existing directories when readOnly specified in the volumeSource" classname="Kubernetes e2e suite" status="skipped" time="0">
              <skipped message="skipped"></skipped>
          </testcase>
          <testcase name="[It] [sig-storage] [Serial] Volume metrics PVC should create volume metrics with the correct BlockMode PVC ref" classname="Kubernetes e2e suite" status="skipped" time="0">
              <skipped message="skipped"></skipped>
          </testcase>
          <testcase name="[It] [sig-windows] [Feature:Windows] SecurityContext should ignore Linux Specific SecurityContext if set" classname="Kubernetes e2e suite" status="skipped" time="0">
              <skipped message="skipped"></skipped>
          </testcase>
          <testcase name="[It] [sig-storage] In-tree Volumes [Driver: local] [LocalVolumeType: tmpfs] [Testpattern: Generic Ephemeral-volume (default fs) (late-binding)] ephemeral should support two pods which have the same volume definition" classname="Kubernetes e2e suite" status="skipped" time="0">
              <skipped message="skipped"></skipped>
          </testcase>
          <testcase name="[It] [sig-storage] In-tree Volumes [Driver: local] [LocalVolumeType: dir-link] [Testpattern: Pre-provisioned PV (ext3)] volumes should allow exec of files on the volume" classname="Kubernetes e2e suite" status="skipped" time="0">
              <skipped message="skipped"></skipped>
          </testcase>
          <testcase name="[It] [sig-storage] EmptyDir volumes should support (root,0644,tmpfs) [LinuxOnly] [NodeConformance] [Conformance]" classname="Kubernetes e2e suite" status="passed" time="2.060835763"></testcase>
          <testcase name="[It] [sig-storage] In-tree Volumes [Driver: local] [LocalVolumeType: blockfs] [Testpattern: Inline-volume (xfs)] [Slow] volumes should allow exec of files on the volume" classname="Kubernetes e2e suite" status="skipped" time="0">
              <skipped message="skipped"></skipped>
          </testcase>
          <testcase name="[It] [sig-network] Proxy version v1 A set of valid responses are returned for both pod and service ProxyWithPath [Conformance]" classname="Kubernetes e2e suite" status="passed" time="2.092224981"></testcase>
          <testcase name="[It] [sig-node] Security Context when creating containers with AllowPrivilegeEscalation should allow privilege escalation when true [LinuxOnly] [NodeConformance]" classname="Kubernetes e2e suite" status="skipped" time="0">
              <skipped message="skipped"></skipped>
          </testcase>
          <testcase name="[It] [sig-storage] In-tree Volumes [Driver: azure-disk] [Testpattern: Pre-provisioned PV (default fs)] subPath should fail if subpath directory is outside the volume [Slow] [LinuxOnly]" classname="Kubernetes e2e suite" status="skipped" time="0">
              <skipped message="skipped"></skipped>
          </testcase>
          <testcase name="[It] [sig-cloud-provider-gcp] Nodes [Disruptive] Resize [Slow] should be able to add nodes" classname="Kubernetes e2e suite" status="skipped" time="0">
              <skipped message="skipped"></skipped>
          </testcase>
          <testcase name="[It] [sig-storage] In-tree Volumes [Driver: emptydir] [Testpattern: Dynamic PV (ntfs)] [Feature:Windows] subPath should support restarting containers using file as subpath [Slow] [LinuxOnly]" classname="Kubernetes e2e suite" status="skipped" time="0">
              <skipped message="skipped"></skipped>
          </testcase>
          <testcase name="[It] [sig-node] DRA [Feature:DynamicResourceAllocation] [FeatureGate:DynamicResourceAllocation] [Beta] [Feature:OffByDefault] on multiple nodes with network-attached resources supports sharing a claim sequentially [Slow]" classname="Kubernetes e2e suite" status="skipped" time="0">
              <skipped message="skipped"></skipped>
          </testcase>
          <testcase name="[It] [sig-storage] In-tree Volumes [Driver: local] [LocalVolumeType: dir-bindmounted] [Testpattern: Pre-provisioned PV (block volmode)] multiVolume [Slow] should concurrently access the volume and restored snapshot from pods on the same node [LinuxOnly] [Feature:VolumeSnapshotDataSource] [Feature:VolumeSourceXFS]" classname="Kubernetes e2e suite" status="skipped" time="0">
              <skipped message="skipped"></skipped>
          </testcase>
          <testcase name="[It] [sig-storage] CSI Volumes [Driver: csi-hostpath] [Testpattern: Dynamic PV (filesystem volmode)] disruptive [Disruptive] [LinuxOnly] Should test that pv used in a pod that is force deleted while the kubelet is down is usable by a new pod when kubelet returns [Feature:SELinux]" classname="Kubernetes e2e suite" status="skipped" time="0">
              <skipped message="skipped"></skipped>
          </testcase>
          <testcase name="[It] [sig-storage] CSI Volumes [Driver: csi-hostpath] [Testpattern: Dynamic PV (ntfs)] [Feature:Windows] subPath should unmount if pod is gracefully deleted while kubelet is down [Disruptive] [Slow] [LinuxOnly]" classname="Kubernetes e2e suite" status="skipped" time="0">
              <skipped message="skipped"></skipped>
          </testcase>
          <testcase name="[It] [sig-node] Probing container should *not* be restarted with a /healthz http liveness probe [NodeConformance] [Conformance]" classname="Kubernetes e2e suite" status="passed" time="242.648939061"></testcase>
          <testcase name="[It] [sig-storage] In-tree Volumes [Driver: azure-disk] [Testpattern: Dynamic PV (ntfs)] [Feature:Windows] subPath should unmount if pod is force deleted while kubelet is down [Disruptive] [Slow] [LinuxOnly]" classname="Kubernetes e2e suite" status="skipped" time="0">
              <skipped message="skipped"></skipped>
          </testcase>
          <testcase name="[It] [sig-storage] In-tree Volumes [Driver: vsphere] [Testpattern: Pre-provisioned PV (block volmode)] disruptive [Disruptive] [LinuxOnly] Should test that pv used in a pod that is force deleted while the kubelet is down cleans up when the kubelet returns." classname="Kubernetes e2e suite" status="skipped" time="0">
              <skipped message="skipped"></skipped>
          </testcase>
          <testcase name="[It] [sig-api-machinery] ResourceQuota should verify ResourceQuota with best effort scope. [Conformance]" classname="Kubernetes e2e suite" status="passed" time="16.116838625"></testcase>
          <testcase name="[It] [sig-node] [Feature:SidecarContainers] Restartable Init Container Lifecycle Hook when create a pod with lifecycle hook should execute poststart exec hook properly" classname="Kubernetes e2e suite" status="skipped" time="0">
              <skipped message="skipped"></skipped>
          </testcase>
          <testcase name="[It] [sig-storage] In-tree Volumes [Driver: local] [LocalVolumeType: dir] [Testpattern: Dynamic PV (delayed binding)] topology should provision a volume and schedule a pod with AllowedTopologies" classname="Kubernetes e2e suite" status="skipped" time="0">
              <skipped message="skipped"></skipped>
          </testcase>
          <testcase name="[It] [sig-storage] In-tree Volumes [Driver: azure-file] [Testpattern: Generic Ephemeral-volume (block volmode) (late-binding)] ephemeral should create read-only inline ephemeral volume" classname="Kubernetes e2e suite" status="skipped" time="0">
              <skipped message="skipped"></skipped>
          </testcase>
          <testcase name="[It] [sig-storage] CSI Volumes [Driver: csi-hostpath] [Testpattern: Dynamic PV (default fs)] fsgroupchangepolicy (OnRootMismatch)[LinuxOnly], pod created with an initial fsgroup, volume contents ownership changed via chgrp in first pod, new pod with different fsgroup applied to the volume contents" classname="Kubernetes e2e suite" status="skipped" time="0">
              <skipped message="skipped"></skipped>
          </testcase>
          <testcase name="[It] [sig-storage] In-tree Volumes [Driver: local] [LocalVolumeType: dir-link-bindmounted] [Testpattern: Dynamic PV (filesystem volmode)] disruptive [Disruptive] [LinuxOnly] Should test that pv used in a pod that is force deleted while the kubelet is down is usable by a new pod when kubelet returns [Feature:SELinux]" classname="Kubernetes e2e suite" status="skipped" time="0">
              <skipped message="skipped"></skipped>
          </testcase>
          <testcase name="[It] [sig-storage] CSI Volumes [Driver: pd.csi.storage.gke.io] [Serial] [Testpattern: Pre-provisioned Snapshot (retain policy)] snapshottable [Feature:VolumeSnapshotDataSource] volume snapshot controller  should check snapshot fields, check restore correctly works, check deletion (ephemeral)" classname="Kubernetes e2e suite" status="skipped" time="0">
              <skipped message="skipped"></skipped>
          </testcase>
          <testcase name="[It] [sig-storage] In-tree Volumes [Driver: local] [LocalVolumeType: gce-localssd-scsi-fs] [Serial] [Testpattern: Dynamic PV (xfs)] [Slow] volumes should allow exec of files on the volume" classname="Kubernetes e2e suite" status="skipped" time="0">
              <skipped message="skipped"></skipped>
          </testcase>
          <testcase name="[It] [sig-storage] In-tree Volumes [Driver: hostPath] [Testpattern: Pre-provisioned PV (ext4)] volumes should allow exec of files on the volume" classname="Kubernetes e2e suite" status="skipped" time="0">
              <skipped message="skipped"></skipped>
          </testcase>
          <testcase name="[It] [sig-storage] In-tree Volumes [Driver: emptydir] [Testpattern: Dynamic PV (ntfs)(allowExpansion)] [Feature:Windows] volume-expand should resize volume when PVC is edited while pod is using it" classname="Kubernetes e2e suite" status="skipped" time="0">
              <skipped message="skipped"></skipped>
          </testcase>
          <testcase name="[It] [sig-storage] In-tree Volumes [Driver: azure-file] [Testpattern: Dynamic PV (ntfs)] [Feature:Windows] provisioning should provision storage with pvc data source (ROX mode)" classname="Kubernetes e2e suite" status="skipped" time="0">
              <skipped message="skipped"></skipped>
          </testcase>
          <testcase name="[It] [sig-storage] In-tree Volumes [Driver: local] [LocalVolumeType: dir-link-bindmounted] [Testpattern: Dynamic PV (ntfs)] [Feature:Windows] subPath should fail if non-existent subpath is outside the volume [Slow] [LinuxOnly]" classname="Kubernetes e2e suite" status="skipped" time="0">
              <skipped message="skipped"></skipped>
          </testcase>
          <testcase name="[It] [sig-storage] In-tree Volumes [Driver: local] [LocalVolumeType: dir-link] [Testpattern: Dynamic PV (filesystem volmode)] multiVolume [Slow] should concurrently access the single volume from pods on different node" classname="Kubernetes e2e suite" status="skipped" time="0">
              <skipped message="skipped"></skipped>
          </testcase>
          <testcase name="[It] [sig-storage] In-tree Volumes [Driver: vsphere] [Testpattern: Dynamic PV (block volmode)] provisioning should provision storage with snapshot data source (ROX mode) [Feature:VolumeSnapshotDataSource]" classname="Kubernetes e2e suite" status="skipped" time="0">
              <skipped message="skipped"></skipped>
          </testcase>
          <testcase name="[It] [sig-storage] In-tree Volumes [Driver: local] [LocalVolumeType: dir] [Testpattern: Dynamic PV (default fs)] capacity provides storage capacity information" classname="Kubernetes e2e suite" status="skipped" time="0">
              <skipped message="skipped"></skipped>
          </testcase>
          <testcase name="[It] [sig-storage] In-tree Volumes [Driver: local] [LocalVolumeType: block] [Testpattern: Inline-volume (ext4)] volumes should allow exec of files on the volume" classname="Kubernetes e2e suite" status="skipped" time="0">
              <skipped message="skipped"></skipped>
          </testcase>
          <testcase name="[It] [sig-node] Security Context should support container.SecurityContext.RunAsUser And container.SecurityContext.RunAsGroup [LinuxOnly] [Conformance]" classname="Kubernetes e2e suite" status="passed" time="4.075186389"></testcase>
          <testcase name="[It] [sig-network] Netpol [Feature:SCTPConnectivity] [LinuxOnly] NetworkPolicy between server and client using SCTP should support a &#39;default-deny-ingress&#39; policy [Feature:NetworkPolicy]" classname="Kubernetes e2e suite" status="skipped" time="0">
              <skipped message="skipped"></skipped>
          </testcase>
          <testcase name="[It] [sig-storage] In-tree Volumes [Driver: cinder] [Testpattern: Dynamic PV (ntfs)] [Feature:Windows] volumes should allow exec of files on the volume" classname="Kubernetes e2e suite" status="skipped" time="0">
              <skipped message="skipped"></skipped>
          </testcase>
          <testcase name="[It] [sig-node] Pod InPlace Resize Container [FeatureGate:InPlacePodVerticalScaling] [Beta] Burstable QoS pod with memory requests + limits - decrease memory limit" classname="Kubernetes e2e suite" status="skipped" time="0">
              <skipped message="skipped"></skipped>
          </testcase>
          <testcase name="[It] [sig-storage] In-tree Volumes [Driver: local] [LocalVolumeType: blockfs] [Testpattern: Dynamic PV (block volmode)] multiVolume [Slow] should concurrently access the single volume from pods on different node" classname="Kubernetes e2e suite" status="skipped" time="0">
              <skipped message="skipped"></skipped>
          </testcase>
          <testcase name="[It] [sig-storage] In-tree Volumes [Driver: local] [LocalVolumeType: dir-bindmounted] [Testpattern: Dynamic PV (ntfs)] [Feature:Windows] multiVolume [Slow] should access to two volumes with the same volume mode and retain data across pod recreation on the same node" classname="Kubernetes e2e suite" status="skipped" time="0">
              <skipped message="skipped"></skipped>
          </testcase>
          <testcase name="[It] [sig-storage] In-tree Volumes [Driver: local] [LocalVolumeType: block] [Testpattern: Pre-provisioned PV (ext4)] volumes should allow exec of files on the volume" classname="Kubernetes e2e suite" status="skipped" time="0">
              <skipped message="skipped"></skipped>
          </testcase>
          <testcase name="[It] [sig-instrumentation] Events API should delete a collection of events [Conformance]" classname="Kubernetes e2e suite" status="passed" time="0.102805773"></testcase>
          <testcase name="[It] [sig-storage] In-tree Volumes [Driver: local] [LocalVolumeType: tmpfs] [Testpattern: Pre-provisioned PV (block volmode)] multiVolume [Slow] should concurrently access the volume and restored snapshot from pods on the same node [LinuxOnly] [Feature:VolumeSnapshotDataSource] [Feature:VolumeSourceXFS]" classname="Kubernetes e2e suite" status="skipped" time="0">
              <skipped message="skipped"></skipped>
          </testcase>
          <testcase name="[It] [sig-storage] In-tree Volumes [Driver: local] [LocalVolumeType: dir-link] [Testpattern: Pre-provisioned PV (filesystem volmode)] volumeMode should not mount / map unused volumes in a pod [LinuxOnly]" classname="Kubernetes e2e suite" status="skipped" time="0">
              <skipped message="skipped"></skipped>
          </testcase>
          <testcase name="[It] [sig-storage] In-tree Volumes [Driver: local] [LocalVolumeType: blockfs] [Testpattern: Pre-provisioned PV (filesystem volmode)] multiVolume [Slow] should concurrently access the single volume from pods on different node" classname="Kubernetes e2e suite" status="skipped" time="0">
              <skipped message="skipped"></skipped>
          </testcase>
          <testcase name="[It] [sig-storage] In-tree Volumes [Driver: cinder] [Testpattern: Dynamic PV (ntfs)] [Feature:Windows] subPath should support non-existent path" classname="Kubernetes e2e suite" status="skipped" time="0">
              <skipped message="skipped"></skipped>
          </testcase>
          <testcase name="[It] [sig-storage] In-tree Volumes [Driver: local] [LocalVolumeType: tmpfs] [Testpattern: Dynamic PV (ntfs)] [Feature:Windows] multiVolume [Slow] should access to two volumes with different volume mode and retain data across pod recreation on the same node" classname="Kubernetes e2e suite" status="skipped" time="0">
              <skipped message="skipped"></skipped>
          </testcase>
          <testcase name="[It] [sig-storage] In-tree Volumes [Driver: local] [LocalVolumeType: tmpfs] [Testpattern: Pre-provisioned PV (filesystem volmode)] disruptive [Disruptive] [LinuxOnly] Should test that pv used in a pod that is deleted while the kubelet is down is usable by a new pod when kubelet returns [Feature:SELinux]" classname="Kubernetes e2e suite" status="skipped" time="0">
              <skipped message="skipped"></skipped>
          </testcase>
          <testcase name="[It] [sig-storage] In-tree Volumes [Driver: azure-file] [Testpattern: Dynamic PV (ntfs)] [Feature:Windows] volume-expand should not allow expansion of pvcs without AllowVolumeExpansion property" classname="Kubernetes e2e suite" status="skipped" time="0">
              <skipped message="skipped"></skipped>
          </testcase>
          <testcase name="[It] [sig-storage] CSI Volumes [Driver: csi-hostpath] [Testpattern: Dynamic PV (filesystem volmode)] disruptive [Disruptive] [LinuxOnly] Should test that pv written before kubelet restart is readable after restart." classname="Kubernetes e2e suite" status="skipped" time="0">
              <skipped message="skipped"></skipped>
          </testcase>
          <testcase name="[It] [sig-storage] In-tree Volumes [Driver: local] [LocalVolumeType: dir-link-bindmounted] [Testpattern: Pre-provisioned PV (default fs)] subPath should fail if subpath directory is outside the volume [Slow] [LinuxOnly]" classname="Kubernetes e2e suite" status="skipped" time="0">
              <skipped message="skipped"></skipped>
          </testcase>
          <testcase name="[It] [sig-storage] In-tree Volumes [Driver: local] [LocalVolumeType: tmpfs] [Testpattern: Dynamic PV (default fs)] provisioning should mount multiple PV pointing to the same storage on the same node" classname="Kubernetes e2e suite" status="skipped" time="0">
              <skipped message="skipped"></skipped>
          </testcase>
          <testcase name="[It] [sig-storage] In-tree Volumes [Driver: hostPath] [Testpattern: Pre-provisioned PV (ntfs)] [Feature:Windows] volumes should allow exec of files on the volume" classname="Kubernetes e2e suite" status="skipped" time="0">
              <skipped message="skipped"></skipped>
          </testcase>
          <testcase name="[It] [sig-storage] In-tree Volumes [Driver: iscsi] [Feature:Volumes] [Testpattern: Dynamic PV (ntfs)] [Feature:Windows] subPath should verify container cannot write to subpath readonly volumes [Slow]" classname="Kubernetes e2e suite" status="skipped" time="0">
              <skipped message="skipped"></skipped>
          </testcase>
          <testcase name="[It] [sig-storage] In-tree Volumes [Driver: local] [LocalVolumeType: gce-localssd-scsi-fs] [Serial] [Testpattern: Dynamic PV (ntfs)] [Feature:Windows] subPath should support readOnly directory specified in the volumeMount" classname="Kubernetes e2e suite" status="skipped" time="0">
              <skipped message="skipped"></skipped>
          </testcase>
          <testcase name="[It] [sig-storage] In-tree Volumes [Driver: local] [LocalVolumeType: dir-link-bindmounted] [Testpattern: Pre-provisioned PV (block volmode)] disruptive [Disruptive] [LinuxOnly] Should test that pv used in a pod that is force deleted while the kubelet is down cleans up when the kubelet returns." classname="Kubernetes e2e suite" status="skipped" time="0">
              <skipped message="skipped"></skipped>
          </testcase>
          <testcase name="[It] [sig-node] DRA [Feature:DynamicResourceAllocation] [FeatureGate:DynamicResourceAllocation] [Beta] [Feature:OffByDefault] on single node supports external claim referenced by multiple containers of multiple pods" classname="Kubernetes e2e suite" status="skipped" time="0">
              <skipped message="skipped"></skipped>
          </testcase>
          <testcase name="[It] [sig-storage] In-tree Volumes [Driver: nfs] [Testpattern: Dynamic PV (default fs)] volumeIO should write files of various sizes, verify size, validate content [Slow]" classname="Kubernetes e2e suite" status="skipped" time="0">
              <skipped message="skipped"></skipped>
          </testcase>
          <testcase name="[It] [sig-storage] In-tree Volumes [Driver: iscsi] [Feature:Volumes] [Testpattern: Dynamic PV (filesystem volmode)] volumeMode should not mount / map unused volumes in a pod [LinuxOnly]" classname="Kubernetes e2e suite" status="skipped" time="0">
              <skipped message="skipped"></skipped>
          </testcase>
          <testcase name="[It] [sig-storage] In-tree Volumes [Driver: vsphere] [Testpattern: Dynamic PV (default fs)] volume-stress multiple pods should access different volumes repeatedly [Slow] [Serial]" classname="Kubernetes e2e suite" status="skipped" time="0">
              <skipped message="skipped"></skipped>
          </testcase>
          <testcase name="[It] [sig-network] Netpol NetworkPolicy between server and client should deny egress from pods based on PodSelector [Feature:NetworkPolicy]" classname="Kubernetes e2e suite" status="skipped" time="0">
              <skipped message="skipped"></skipped>
          </testcase>
          <testcase name="[It] [sig-storage] In-tree Volumes [Driver: local] [LocalVolumeType: dir-bindmounted] [Testpattern: Dynamic PV (ntfs)] [Feature:Windows] multiVolume [Slow] should access to two volumes with the same volume mode and retain data across pod recreation on different node" classname="Kubernetes e2e suite" status="skipped" time="0">
              <skipped message="skipped"></skipped>
          </testcase>
          <testcase name="[It] [sig-storage] In-tree Volumes [Driver: local] [LocalVolumeType: dir-link-bindmounted] [Testpattern: Pre-provisioned PV (filesystem volmode)] multiVolume [Slow] should concurrently access the volume and restored snapshot from pods on the same node [LinuxOnly] [Feature:VolumeSnapshotDataSource] [Feature:VolumeSourceXFS]" classname="Kubernetes e2e suite" status="skipped" time="0">
              <skipped message="skipped"></skipped>
          </testcase>
          <testcase name="[It] [sig-storage] In-tree Volumes [Driver: local] [LocalVolumeType: dir] [Testpattern: Dynamic PV (default fs)] subPath should verify container cannot write to subpath readonly volumes [Slow]" classname="Kubernetes e2e suite" status="skipped" time="0">
              <skipped message="skipped"></skipped>
          </testcase>
          <testcase name="[It] [sig-storage] In-tree Volumes [Driver: local] [LocalVolumeType: dir-bindmounted] [Testpattern: Dynamic PV (ntfs)] [Feature:Windows] subPath should fail if non-existent subpath is outside the volume [Slow] [LinuxOnly]" classname="Kubernetes e2e suite" status="skipped" time="0">
              <skipped message="skipped"></skipped>
          </testcase>
          <testcase name="[It] [sig-storage] In-tree Volumes [Driver: hostPathSymlink] [Testpattern: Pre-provisioned PV (filesystem volmode)] multiVolume [Slow] should access to two volumes with the same volume mode and retain data across pod recreation on different node" classname="Kubernetes e2e suite" status="skipped" time="0">
              <skipped message="skipped"></skipped>
          </testcase>
          <testcase name="[It] [sig-node] PodTemplates should replace a pod template [Conformance]" classname="Kubernetes e2e suite" status="passed" time="0.099308014"></testcase>
          <testcase name="[It] [sig-storage] In-tree Volumes [Driver: local] [LocalVolumeType: tmpfs] [Testpattern: Dynamic PV (xfs)] [Slow] multiVolume [Slow] should access to two volumes with different volume mode and retain data across pod recreation on different node" classname="Kubernetes e2e suite" status="skipped" time="0">
              <skipped message="skipped"></skipped>
          </testcase>
          <testcase name="[It] [sig-storage] CSI Volumes [Driver: pd.csi.storage.gke.io] [Serial] [Testpattern: CSI Ephemeral-volume (default fs)] ephemeral should create read/write inline ephemeral volume" classname="Kubernetes e2e suite" status="skipped" time="0">
              <skipped message="skipped"></skipped>
          </testcase>
          <testcase name="[It] [sig-storage] In-tree Volumes [Driver: iscsi] [Feature:Volumes] [Testpattern: Dynamic PV (ntfs)] [Feature:Windows] provisioning should provision storage with mount options" classname="Kubernetes e2e suite" status="skipped" time="0">
              <skipped message="skipped"></skipped>
          </testcase>
          <testcase name="[It] [sig-storage] Projected secret should be consumable in multiple volumes in a pod [NodeConformance] [Conformance]" classname="Kubernetes e2e suite" status="passed" time="4.073462613"></testcase>
          <testcase name="[It] [sig-storage] In-tree Volumes [Driver: local] [LocalVolumeType: dir-link-bindmounted] [Testpattern: Dynamic PV (ntfs)] [Feature:Windows] subPath should be able to unmount after the subpath directory is deleted [LinuxOnly]" classname="Kubernetes e2e suite" status="skipped" time="0">
              <skipped message="skipped"></skipped>
          </testcase>
          <testcase name="[It] [sig-storage] In-tree Volumes [Driver: local] [LocalVolumeType: block] [Testpattern: Dynamic PV (filesystem volmode)] multiVolume [Slow] should access to two volumes with the same volume mode and retain data across pod recreation on the same node" classname="Kubernetes e2e suite" status="skipped" time="0">
              <skipped message="skipped"></skipped>
          </testcase>
          <testcase name="[It] [sig-storage] In-tree Volumes [Driver: local] [LocalVolumeType: dir-link-bindmounted] [Testpattern: Dynamic PV (block volmode)] volume-expand should not allow expansion of pvcs without AllowVolumeExpansion property" classname="Kubernetes e2e suite" status="skipped" time="0">
              <skipped message="skipped"></skipped>
          </testcase>
          <testcase name="[It] [sig-storage] In-tree Volumes [Driver: vsphere] [Testpattern: Dynamic PV (xfs)] [Slow] volumes should allow exec of files on the volume" classname="Kubernetes e2e suite" status="skipped" time="0">
              <skipped message="skipped"></skipped>
          </testcase>
          <testcase name="[It] [sig-storage] In-tree Volumes [Driver: emptydir] [Testpattern: Pre-provisioned PV (default fs)] subPath should support file as subpath [LinuxOnly]" classname="Kubernetes e2e suite" status="skipped" time="0">
              <skipped message="skipped"></skipped>
          </testcase>
          <testcase name="[It] [sig-storage] In-tree Volumes [Driver: local] [LocalVolumeType: dir] [Testpattern: Dynamic PV (immediate binding)] topology should fail to schedule a pod which has topologies that conflict with AllowedTopologies" classname="Kubernetes e2e suite" status="skipped" time="0">
              <skipped message="skipped"></skipped>
          </testcase>
          <testcase name="[It] [sig-storage] In-tree Volumes [Driver: iscsi] [Feature:Volumes] [Testpattern: Inline-volume (default fs)] subPath should support readOnly file specified in the volumeMount [LinuxOnly]" classname="Kubernetes e2e suite" status="skipped" time="0">
              <skipped message="skipped"></skipped>
          </testcase>
          <testcase name="[It] [sig-storage] In-tree Volumes [Driver: cinder] [Testpattern: Dynamic PV (default fs)] fsgroupchangepolicy (OnRootMismatch)[LinuxOnly], pod created with an initial fsgroup, volume contents ownership changed via chgrp in first pod, new pod with different fsgroup applied to the volume contents" classname="Kubernetes e2e suite" status="skipped" time="0">
              <skipped message="skipped"></skipped>
          </testcase>
          <testcase name="[It] [sig-storage] In-tree Volumes [Driver: local] [LocalVolumeType: blockfs] [Testpattern: Dynamic PV (filesystem volmode)] disruptive [Disruptive] [LinuxOnly] Should test that pv used in a pod that is deleted while the kubelet is down is usable by a new pod with a different SELinux context when kubelet returns [Feature:SELinux]" classname="Kubernetes e2e suite" status="skipped" time="0">
              <skipped message="skipped"></skipped>
          </testcase>
          <testcase name="[It] [sig-storage] CSI Volumes [Driver: csi-hostpath] [Testpattern: Dynamic PV (immediate binding)] topology should fail to schedule a pod which has topologies that conflict with AllowedTopologies" classname="Kubernetes e2e suite" status="skipped" time="0">
              <skipped message="skipped"></skipped>
          </testcase>
          <testcase name="[It] [sig-storage] CSI Mock selinux on mount metrics and SELinuxWarningController SELinuxMount metrics [LinuxOnly] [Feature:SELinux] [Serial] error is not bumped on two Pods with a different policy RWX volume (MountOption + MountOption) [FeatureGate:SELinuxMountReadWriteOncePod] [Beta] [FeatureGate:SELinuxChangePolicy] [Beta] [FeatureGate:SELinuxMount] [Beta] [Feature:OffByDefault]" classname="Kubernetes e2e suite" status="skipped" time="0">
              <skipped message="skipped"></skipped>
          </testcase>
          <testcase name="[It] [sig-storage] In-tree Volumes [Driver: azure-file] [Testpattern: Dynamic PV (ntfs)] [Feature:Windows] subPath should support readOnly directory specified in the volumeMount" classname="Kubernetes e2e suite" status="skipped" time="0">
              <skipped message="skipped"></skipped>
          </testcase>
          <testcase name="[It] [sig-storage] In-tree Volumes [Driver: local] [LocalVolumeType: dir-bindmounted] [Testpattern: Dynamic PV (block volmode)] provisioning should provision correct filesystem size when restoring snapshot to larger size pvc [Feature:VolumeSnapshotDataSource]" classname="Kubernetes e2e suite" status="skipped" time="0">
              <skipped message="skipped"></skipped>
          </testcase>
          <testcase name="[It] [sig-storage] In-tree Volumes [Driver: vsphere] [Testpattern: Dynamic PV (immediate binding)] topology should fail to schedule a pod which has topologies that conflict with AllowedTopologies" classname="Kubernetes e2e suite" status="skipped" time="0">
              <skipped message="skipped"></skipped>
          </testcase>
          <testcase name="[It] [sig-storage] In-tree Volumes [Driver: iscsi] [Feature:Volumes] [Testpattern: Dynamic PV (ntfs)] [Feature:Windows] subPath should be able to unmount after the subpath directory is deleted [LinuxOnly]" classname="Kubernetes e2e suite" status="skipped" time="0">
              <skipped message="skipped"></skipped>
          </testcase>
          <testcase name="[It] [sig-storage] In-tree Volumes [Driver: local] [LocalVolumeType: tmpfs] [Testpattern: Inline-volume (default fs)] volumes should allow exec of files on the volume" classname="Kubernetes e2e suite" status="skipped" time="0">
              <skipped message="skipped"></skipped>
          </testcase>
          <testcase name="[It] [sig-storage] In-tree Volumes [Driver: iscsi] [Feature:Volumes] [Testpattern: Dynamic PV (default fs)] subPath should fail if subpath directory is outside the volume [Slow] [LinuxOnly]" classname="Kubernetes e2e suite" status="skipped" time="0">
              <skipped message="skipped"></skipped>
          </testcase>
          <testcase name="[It] [sig-storage] In-tree Volumes [Driver: iscsi] [Feature:Volumes] [Testpattern: Pre-provisioned PV (default fs)] subPath should support non-existent path" classname="Kubernetes e2e suite" status="skipped" time="0">
              <skipped message="skipped"></skipped>
          </testcase>
          <testcase name="[It] [sig-storage] In-tree Volumes [Driver: cinder] [Testpattern: Dynamic PV (filesystem volmode)] multiVolume [Slow] should concurrently access the volume and restored snapshot from pods on the same node [LinuxOnly] [Feature:VolumeSnapshotDataSource] [Feature:VolumeSourceXFS]" classname="Kubernetes e2e suite" status="skipped" time="0">
              <skipped message="skipped"></skipped>
          </testcase>
          <testcase name="[It] [sig-storage] In-tree Volumes [Driver: hostPathSymlink] [Testpattern: Pre-provisioned PV (ntfs)] [Feature:Windows] volumes should allow exec of files on the volume" classname="Kubernetes e2e suite" status="skipped" time="0">
              <skipped message="skipped"></skipped>
          </testcase>
          <testcase name="[It] [sig-node] Probing container should be restarted with a GRPC liveness probe [NodeConformance] [Conformance]" classname="Kubernetes e2e suite" status="passed" time="66.218462888"></testcase>
          <testcase name="[It] [sig-storage] In-tree Volumes [Driver: azure-file] [Testpattern: Dynamic PV (ntfs)] [Feature:Windows] subPath should be able to unmount after the subpath directory is deleted [LinuxOnly]" classname="Kubernetes e2e suite" status="skipped" time="0">
              <skipped message="skipped"></skipped>
          </testcase>
          <testcase name="[It] [sig-network] Services should have session affinity timeout work for NodePort service [LinuxOnly]" classname="Kubernetes e2e suite" status="skipped" time="0">
              <skipped message="skipped"></skipped>
          </testcase>
          <testcase name="[It] [sig-storage] In-tree Volumes [Driver: hostPathSymlink] [Testpattern: Dynamic PV (default fs)] provisioning should provision storage with pvc data source in parallel [Slow]" classname="Kubernetes e2e suite" status="skipped" time="0">
              <skipped message="skipped"></skipped>
          </testcase>
          <testcase name="[It] [sig-storage] In-tree Volumes [Driver: emptydir] [Testpattern: Dynamic PV (default fs)] fsgroupchangepolicy (Always)[LinuxOnly], pod created with an initial fsgroup, volume contents ownership changed via chgrp in first pod, new pod with different fsgroup applied to the volume contents" classname="Kubernetes e2e suite" status="skipped" time="0">
              <skipped message="skipped"></skipped>
          </testcase>
          <testcase name="[It] [sig-storage] In-tree Volumes [Driver: nfs] [Testpattern: Dynamic PV (ext3)] volumes should allow exec of files on the volume" classname="Kubernetes e2e suite" status="skipped" time="0">
              <skipped message="skipped"></skipped>
          </testcase>
          <testcase name="[It] [sig-storage] In-tree Volumes [Driver: local] [LocalVolumeType: gce-localssd-scsi-fs] [Serial] [Testpattern: Pre-provisioned PV (default fs)] subPath should support existing single file [LinuxOnly]" classname="Kubernetes e2e suite" status="skipped" time="0">
              <skipped message="skipped"></skipped>
          </testcase>
          <testcase name="[It] [sig-storage] In-tree Volumes [Driver: nfs] [Testpattern: Pre-provisioned PV (filesystem volmode)] volumeMode should not mount / map unused volumes in a pod [LinuxOnly]" classname="Kubernetes e2e suite" status="skipped" time="0">
              <skipped message="skipped"></skipped>
          </testcase>
          <testcase name="[It] [sig-network] [Feature:IPv6DualStack] should create a single stack service with cluster ip from primary service range" classname="Kubernetes e2e suite" status="skipped" time="0">
              <skipped message="skipped"></skipped>
          </testcase>
          <testcase name="[It] [sig-storage] In-tree Volumes [Driver: local] [LocalVolumeType: gce-localssd-scsi-fs] [Serial] [Testpattern: Dynamic PV (ext4)] multiVolume [Slow] should access to two volumes with different volume mode and retain data across pod recreation on the same node" classname="Kubernetes e2e suite" status="skipped" time="0">
              <skipped message="skipped"></skipped>
          </testcase>
          <testcase name="[It] [sig-storage] CSI Mock volume limit CSI volume limit information using mock driver should report attach limit when limit is bigger than 0 [Slow]" classname="Kubernetes e2e suite" status="skipped" time="0">
              <skipped message="skipped"></skipped>
          </testcase>
          <testcase name="[It] [sig-network] Networking should allow creating a Pod with an SCTP HostPort [LinuxOnly] [Serial]" classname="Kubernetes e2e suite" status="skipped" time="0">
              <skipped message="skipped"></skipped>
          </testcase>
          <testcase name="[It] [sig-storage] In-tree Volumes [Driver: local] [LocalVolumeType: dir-bindmounted] [Testpattern: Pre-provisioned PV (filesystem volmode)] disruptive [Disruptive] [LinuxOnly] Should test that pv used in a pod that is deleted while the kubelet is down is usable by a new pod when kubelet returns [Feature:SELinux]" classname="Kubernetes e2e suite" status="skipped" time="0">
              <skipped message="skipped"></skipped>
          </testcase>
          <testcase name="[It] [sig-storage] In-tree Volumes [Driver: local] [LocalVolumeType: block] [Testpattern: Dynamic PV (default fs)] subPath should support existing directories when readOnly specified in the volumeSource" classname="Kubernetes e2e suite" status="skipped" time="0">
              <skipped message="skipped"></skipped>
          </testcase>
          <testcase name="[It] [sig-storage] In-tree Volumes [Driver: local] [LocalVolumeType: dir] [Testpattern: Dynamic PV (ntfs)] [Feature:Windows] provisioning should provision storage with pvc data source (ROX mode)" classname="Kubernetes e2e suite" status="skipped" time="0">
              <skipped message="skipped"></skipped>
          </testcase>
          <testcase name="[It] [sig-storage] CSI Volumes [Driver: pd.csi.storage.gke.io] [Serial] [Testpattern: Dynamic PV (block volmode)] disruptive [Disruptive] [LinuxOnly] Should test that pv used in a pod that is deleted while the kubelet is down cleans up when the kubelet returns." classname="Kubernetes e2e suite" status="skipped" time="0">
              <skipped message="skipped"></skipped>
          </testcase>
          <testcase name="[It] [sig-storage] In-tree Volumes [Driver: local] [LocalVolumeType: dir-bindmounted] [Testpattern: Inline-volume (default fs)] volumes should store data" classname="Kubernetes e2e suite" status="skipped" time="0">
              <skipped message="skipped"></skipped>
          </testcase>
          <testcase name="[It] [sig-storage] In-tree Volumes [Driver: azure-file] [Testpattern: Dynamic PV (xfs)] [Slow] volumes should allow exec of files on the volume" classname="Kubernetes e2e suite" status="skipped" time="0">
              <skipped message="skipped"></skipped>
          </testcase>
          <testcase name="[It] [sig-storage] PersistentVolumes-local Stress with local volumes [Serial] should be able to process many pods and reuse local volumes" classname="Kubernetes e2e suite" status="skipped" time="0">
              <skipped message="skipped"></skipped>
          </testcase>
          <testcase name="[It] [sig-storage] In-tree Volumes [Driver: azure-file] [Testpattern: Dynamic PV (ntfs)] [Feature:Windows] provisioning should provision storage with any volume data source [Serial]" classname="Kubernetes e2e suite" status="skipped" time="0">
              <skipped message="skipped"></skipped>
          </testcase>
          <testcase name="[It] [sig-storage] In-tree Volumes [Driver: azure-disk] [Testpattern: Dynamic PV (ntfs)] [Feature:Windows] subPath should support readOnly file specified in the volumeMount [LinuxOnly]" classname="Kubernetes e2e suite" status="skipped" time="0">
              <skipped message="skipped"></skipped>
          </testcase>
          <testcase name="[It] [sig-auth] Certificates API [Privileged:ClusterAdmin] should support CSR API operations [Conformance]" classname="Kubernetes e2e suite" status="passed" time="0.440114704"></testcase>
          <testcase name="[It] [sig-storage] In-tree Volumes [Driver: local] [LocalVolumeType: block] [Testpattern: Pre-provisioned PV (block volmode)] volumes should store data" classname="Kubernetes e2e suite" status="skipped" time="0">
              <skipped message="skipped"></skipped>
          </testcase>
          <testcase name="[It] [sig-storage] CSI Mock selinux on mount SELinuxMount [LinuxOnly] [Feature:SELinux] should not pass SELinux mount option for RWO volume with SELinuxMount disabled [FeatureGate:SELinuxMountReadWriteOncePod] [Beta] [Feature:SELinuxMountReadWriteOncePodOnly]" classname="Kubernetes e2e suite" status="skipped" time="0">
              <skipped message="skipped"></skipped>
          </testcase>
          <testcase name="[It] [sig-storage] HostPathType Directory [Slow] Should be able to mount directory &#39;adir&#39; successfully when HostPathType is HostPathDirectory" classname="Kubernetes e2e suite" status="skipped" time="0">
              <skipped message="skipped"></skipped>
          </testcase>
          <testcase name="[It] [sig-storage] In-tree Volumes [Driver: emptydir] [Testpattern: Dynamic PV (xfs)] [Slow] multiVolume [Slow] should access to two volumes with different volume mode and retain data across pod recreation on different node" classname="Kubernetes e2e suite" status="skipped" time="0">
              <skipped message="skipped"></skipped>
          </testcase>
          <testcase name="[It] [sig-storage] In-tree Volumes [Driver: iscsi] [Feature:Volumes] [Testpattern: Dynamic PV (default fs)] fsgroupchangepolicy (Always)[LinuxOnly], rwop pod created with an initial fsgroup, new pod fsgroup applied to volume contents" classname="Kubernetes e2e suite" status="skipped" time="0">
              <skipped message="skipped"></skipped>
          </testcase>
          <testcase name="[It] [sig-storage] In-tree Volumes [Driver: vsphere] [Testpattern: Dynamic PV (xfs)] [Slow] multiVolume [Slow] should concurrently access the single read-only volume from pods on the same node" classname="Kubernetes e2e suite" status="skipped" time="0">
              <skipped message="skipped"></skipped>
          </testcase>
          <testcase name="[It] [sig-storage] In-tree Volumes [Driver: emptydir] [Testpattern: Pre-provisioned PV (block volmode)] multiVolume [Slow] should concurrently access the single volume from pods on the same node" classname="Kubernetes e2e suite" status="skipped" time="0">
              <skipped message="skipped"></skipped>
          </testcase>
          <testcase name="[It] [sig-storage] In-tree Volumes [Driver: local] [LocalVolumeType: blockfs] [Testpattern: Dynamic PV (delayed binding)] topology should fail to schedule a pod which has topologies that conflict with AllowedTopologies" classname="Kubernetes e2e suite" status="skipped" time="0">
              <skipped message="skipped"></skipped>
          </testcase>
          <testcase name="[It] [sig-storage] In-tree Volumes [Driver: local] [LocalVolumeType: blockfs] [Testpattern: Dynamic PV (ntfs)] [Feature:Windows] multiVolume [Slow] should concurrently access the single volume from pods on different node" classname="Kubernetes e2e suite" status="skipped" time="0">
              <skipped message="skipped"></skipped>
          </testcase>
          <testcase name="[It] [sig-storage] PersistentVolumes-local [Volume type: dir-link] One pod requesting one prebound PVC should be able to mount volume and write from pod1" classname="Kubernetes e2e suite" status="skipped" time="0">
              <skipped message="skipped"></skipped>
          </testcase>
          <testcase name="[It] [sig-storage] In-tree Volumes [Driver: local] [LocalVolumeType: dir-link] [Testpattern: Dynamic PV (block volmode)] provisioning should provision storage with pvc data source in parallel [Slow]" classname="Kubernetes e2e suite" status="skipped" time="0">
              <skipped message="skipped"></skipped>
          </testcase>
          <testcase name="[It] [sig-storage] In-tree Volumes [Driver: local] [LocalVolumeType: gce-localssd-scsi-fs] [Serial] [Testpattern: Inline-volume (xfs)] [Slow] volumes should store data" classname="Kubernetes e2e suite" status="skipped" time="0">
              <skipped message="skipped"></skipped>
          </testcase>
          <testcase name="[It] [sig-network] Netpol NetworkPolicy between server and client should support a &#39;default-deny-all&#39; policy [Feature:NetworkPolicy]" classname="Kubernetes e2e suite" status="skipped" time="0">
              <skipped message="skipped"></skipped>
          </testcase>
          <testcase name="[It] [sig-storage] In-tree Volumes [Driver: azure-file] [Testpattern: Dynamic PV (block volmode)] provisioning should provision storage with any volume data source [Serial]" classname="Kubernetes e2e suite" status="skipped" time="0">
              <skipped message="skipped"></skipped>
          </testcase>
          <testcase name="[It] [sig-storage] In-tree Volumes [Driver: hostPathSymlink] [Testpattern: Pre-provisioned PV (xfs)] [Slow] volumes should allow exec of files on the volume" classname="Kubernetes e2e suite" status="skipped" time="0">
              <skipped message="skipped"></skipped>
          </testcase>
          <testcase name="[It] [sig-storage] In-tree Volumes [Driver: local] [LocalVolumeType: dir-link] [Testpattern: Pre-provisioned PV (filesystem volmode)] multiVolume [Slow] should concurrently access the single volume from pods on different node" classname="Kubernetes e2e suite" status="skipped" time="0">
              <skipped message="skipped"></skipped>
          </testcase>
          <testcase name="[It] [sig-storage] In-tree Volumes [Driver: local] [LocalVolumeType: block] [Testpattern: Pre-provisioned PV (block volmode)] multiVolume [Slow] should access to two volumes with different volume mode and retain data across pod recreation on different node" classname="Kubernetes e2e suite" status="skipped" time="0">
              <skipped message="skipped"></skipped>
          </testcase>
          <testcase name="[It] [sig-apps] StatefulSet Basic StatefulSet functionality [StatefulSetBasic] Should recreate evicted statefulset [Conformance]" classname="Kubernetes e2e suite" status="passed" time="14.234605578"></testcase>
          <testcase name="[It] [sig-storage] In-tree Volumes [Driver: local] [LocalVolumeType: dir] [Testpattern: Dynamic PV (ntfs)] [Feature:Windows] provisioning should provision storage with mount options" classname="Kubernetes e2e suite" status="skipped" time="0">
              <skipped message="skipped"></skipped>
          </testcase>
          <testcase name="[It] [sig-storage] In-tree Volumes [Driver: local] [LocalVolumeType: dir-link-bindmounted] [Testpattern: Dynamic PV (filesystem volmode)] multiVolume [Slow] should concurrently access the volume and its clone from pods on the same node [LinuxOnly] [Feature:VolumeSourceXFS]" classname="Kubernetes e2e suite" status="skipped" time="0">
              <skipped message="skipped"></skipped>
          </testcase>
          <testcase name="[It] [sig-storage] PersistentVolumes-local [Volume type: dir] Set fsGroup for local volume should set same fsGroup for two pods simultaneously [Slow]" classname="Kubernetes e2e suite" status="skipped" time="0">
              <skipped message="skipped"></skipped>
          </testcase>
          <testcase name="[It] [sig-storage] In-tree Volumes [Driver: local] [LocalVolumeType: dir-link] [Testpattern: Dynamic PV (ext4)] multiVolume [Slow] should concurrently access the volume and its clone from pods on the same node [LinuxOnly] [Feature:VolumeSourceXFS]" classname="Kubernetes e2e suite" status="skipped" time="0">
              <skipped message="skipped"></skipped>
          </testcase>
          <testcase name="[It] [sig-storage] In-tree Volumes [Driver: local] [LocalVolumeType: block] [Testpattern: Dynamic PV (ntfs)] [Feature:Windows] provisioning should provision storage with any volume data source [Serial]" classname="Kubernetes e2e suite" status="skipped" time="0">
              <skipped message="skipped"></skipped>
          </testcase>
          <testcase name="[It] [sig-storage] In-tree Volumes [Driver: local] [LocalVolumeType: dir-link-bindmounted] [Testpattern: Pre-provisioned PV (ntfs)] [Feature:Windows] volumes should store data" classname="Kubernetes e2e suite" status="skipped" time="0">
              <skipped message="skipped"></skipped>
          </testcase>
          <testcase name="[It] [sig-autoscaling] Cluster size autoscaling [Slow] shouldn&#39;t increase cluster size if pending pod is too large [Feature:ClusterSizeAutoscalingScaleUp]" classname="Kubernetes e2e suite" status="skipped" time="0">
              <skipped message="skipped"></skipped>
          </testcase>
          <testcase name="[It] [sig-network] DNS configMap nameserver Change stubDomain should be able to change stubDomain configuration [Slow] [Serial]" classname="Kubernetes e2e suite" status="skipped" time="0">
              <skipped message="skipped"></skipped>
          </testcase>
          <testcase name="[It] [sig-storage] In-tree Volumes [Driver: hostPath] [Testpattern: Inline-volume (default fs)] subPath should fail if subpath directory is outside the volume [Slow] [LinuxOnly]" classname="Kubernetes e2e suite" status="skipped" time="0">
              <skipped message="skipped"></skipped>
          </testcase>
          <testcase name="[It] [sig-storage] In-tree Volumes [Driver: local] [LocalVolumeType: tmpfs] [Testpattern: Dynamic PV (filesystem volmode)] multiVolume [Slow] should concurrently access the single read-only volume from pods on the same node" classname="Kubernetes e2e suite" status="skipped" time="0">
              <skipped message="skipped"></skipped>
          </testcase>
          <testcase name="[It] [sig-storage] In-tree Volumes [Driver: local] [LocalVolumeType: block] [Testpattern: Pre-provisioned PV (default fs)] volumes should allow exec of files on the volume" classname="Kubernetes e2e suite" status="skipped" time="0">
              <skipped message="skipped"></skipped>
          </testcase>
          <testcase name="[It] [sig-network] Networking Granular Checks: Services should function for endpoint-Service: sctp [Feature:SCTPConnectivity]" classname="Kubernetes e2e suite" status="skipped" time="0">
              <skipped message="skipped"></skipped>
          </testcase>
          <testcase name="[It] [sig-storage] In-tree Volumes [Driver: local] [LocalVolumeType: dir] [Testpattern: Dynamic PV (default fs)] subPath should support readOnly directory specified in the volumeMount" classname="Kubernetes e2e suite" status="skipped" time="0">
              <skipped message="skipped"></skipped>
          </testcase>
          <testcase name="[It] [sig-storage] In-tree Volumes [Driver: vsphere] [Testpattern: Pre-provisioned PV (default fs)] subPath should support file as subpath [LinuxOnly]" classname="Kubernetes e2e suite" status="skipped" time="0">
              <skipped message="skipped"></skipped>
          </testcase>
          <testcase name="[It] [sig-api-machinery] CoordinatedLeaderElection [Feature:CoordinatedLeaderElection] [FeatureGate:CoordinatedLeaderElection] [Beta] [Feature:OffByDefault] single LeaseCandidate" classname="Kubernetes e2e suite" status="skipped" time="0">
              <skipped message="skipped"></skipped>
          </testcase>
          <testcase name="[It] [sig-storage] In-tree Volumes [Driver: local] [LocalVolumeType: gce-localssd-scsi-fs] [Serial] [Testpattern: Inline-volume (default fs)] subPath should support readOnly directory specified in the volumeMount" classname="Kubernetes e2e suite" status="skipped" time="0">
              <skipped message="skipped"></skipped>
          </testcase>
          <testcase name="[It] [sig-storage] HostPath should give a volume the correct mode [LinuxOnly] [NodeConformance]" classname="Kubernetes e2e suite" status="skipped" time="0">
              <skipped message="skipped"></skipped>
          </testcase>
          <testcase name="[It] [sig-storage] In-tree Volumes [Driver: cinder] [Testpattern: Pre-provisioned PV (filesystem volmode)] multiVolume [Slow] should concurrently access the single volume from pods on the same node" classname="Kubernetes e2e suite" status="skipped" time="0">
              <skipped message="skipped"></skipped>
          </testcase>
          <testcase name="[It] [sig-storage] In-tree Volumes [Driver: cinder] [Testpattern: Dynamic PV (ext4)] multiVolume [Slow] should access to two volumes with different volume mode and retain data across pod recreation on the same node" classname="Kubernetes e2e suite" status="skipped" time="0">
              <skipped message="skipped"></skipped>
          </testcase>
          <testcase name="[It] [sig-node] DRA [Feature:DynamicResourceAllocation] [FeatureGate:DynamicResourceAllocation] [Beta] [Feature:OffByDefault] on single node retries pod scheduling after creating device class" classname="Kubernetes e2e suite" status="skipped" time="0">
              <skipped message="skipped"></skipped>
          </testcase>
          <testcase name="[It] [sig-storage] In-tree Volumes [Driver: local] [LocalVolumeType: dir-bindmounted] [Testpattern: Inline-volume (default fs)] subPath should support non-existent path" classname="Kubernetes e2e suite" status="skipped" time="0">
              <skipped message="skipped"></skipped>
          </testcase>
          <testcase name="[It] [sig-storage] In-tree Volumes [Driver: local] [LocalVolumeType: dir] [Testpattern: Dynamic PV (block volmode)] volume-stress multiple pods should access different volumes repeatedly [Slow] [Serial]" classname="Kubernetes e2e suite" status="skipped" time="0">
              <skipped message="skipped"></skipped>
          </testcase>
          <testcase name="[It] [sig-storage] HostPathType Block Device [Slow] Should fail on mounting block device &#39;ablkdev&#39; when HostPathType is HostPathDirectory" classname="Kubernetes e2e suite" status="skipped" time="0">
              <skipped message="skipped"></skipped>
          </testcase>
          <testcase name="[It] [sig-storage] In-tree Volumes [Driver: cinder] [Testpattern: Dynamic PV (ext4)] multiVolume [Slow] should concurrently access the volume and its clone from pods on the same node [LinuxOnly] [Feature:VolumeSourceXFS]" classname="Kubernetes e2e suite" status="skipped" time="0">
              <skipped message="skipped"></skipped>
          </testcase>
          <testcase name="[It] [sig-storage] In-tree Volumes [Driver: local] [LocalVolumeType: dir] [Testpattern: Generic Ephemeral-volume (default fs) (late-binding)] ephemeral should create read/write inline ephemeral volume" classname="Kubernetes e2e suite" status="skipped" time="0">
              <skipped message="skipped"></skipped>
          </testcase>
          <testcase name="[It] [sig-storage] In-tree Volumes [Driver: azure-disk] [Testpattern: Inline-volume (default fs)] subPath should unmount if pod is gracefully deleted while kubelet is down [Disruptive] [Slow] [LinuxOnly]" classname="Kubernetes e2e suite" status="skipped" time="0">
              <skipped message="skipped"></skipped>
          </testcase>
          <testcase name="[It] [sig-storage] In-tree Volumes [Driver: local] [LocalVolumeType: dir-link] [Testpattern: Dynamic PV (filesystem volmode)] volumeMode should not mount / map unused volumes in a pod [LinuxOnly]" classname="Kubernetes e2e suite" status="skipped" time="0">
              <skipped message="skipped"></skipped>
          </testcase>
          <testcase name="[It] [sig-storage] In-tree Volumes [Driver: local] [LocalVolumeType: blockfs] [Testpattern: Dynamic PV (block volmode)] volume-expand should not allow expansion of pvcs without AllowVolumeExpansion property" classname="Kubernetes e2e suite" status="skipped" time="0">
              <skipped message="skipped"></skipped>
          </testcase>
          <testcase name="[It] [sig-storage] CSI Volumes [Driver: csi-hostpath] [Testpattern: Dynamic PV (filesystem volmode)] volume-lifecycle-performance should provision volumes at scale within performance constraints [Slow] [Serial]" classname="Kubernetes e2e suite" status="skipped" time="0">
              <skipped message="skipped"></skipped>
          </testcase>
          <testcase name="[It] [sig-storage] In-tree Volumes [Driver: local] [LocalVolumeType: blockfs] [Testpattern: Pre-provisioned PV (filesystem volmode)] multiVolume [Slow] should access to two volumes with different volume mode and retain data across pod recreation on the same node" classname="Kubernetes e2e suite" status="skipped" time="0">
              <skipped message="skipped"></skipped>
          </testcase>
          <testcase name="[It] [sig-storage] In-tree Volumes [Driver: cinder] [Testpattern: Pre-provisioned PV (default fs)] subPath should support readOnly directory specified in the volumeMount" classname="Kubernetes e2e suite" status="skipped" time="0">
              <skipped message="skipped"></skipped>
          </testcase>
          <testcase name="[It] [sig-storage] CSI Volumes [Driver: csi-hostpath] [Testpattern: Pre-provisioned PV (default fs)] subPath should fail if non-existent subpath is outside the volume [Slow] [LinuxOnly]" classname="Kubernetes e2e suite" status="skipped" time="0">
              <skipped message="skipped"></skipped>
          </testcase>
          <testcase name="[It] [sig-network] DNS should resolve DNS of partial qualified names for the cluster [LinuxOnly]" classname="Kubernetes e2e suite" status="skipped" time="0">
              <skipped message="skipped"></skipped>
          </testcase>
          <testcase name="[It] [sig-storage] CSI Volumes [Driver: csi-hostpath] [Testpattern: Dynamic PV (ntfs)] [Feature:Windows] subPath should support existing directories when readOnly specified in the volumeSource" classname="Kubernetes e2e suite" status="skipped" time="0">
              <skipped message="skipped"></skipped>
          </testcase>
          <testcase name="[It] [sig-storage] In-tree Volumes [Driver: local] [LocalVolumeType: dir-link] [Testpattern: Inline-volume (default fs)] subPath should support restarting containers using directory as subpath [Slow]" classname="Kubernetes e2e suite" status="skipped" time="0">
              <skipped message="skipped"></skipped>
          </testcase>
          <testcase name="[It] [sig-storage] In-tree Volumes [Driver: cinder] [Testpattern: Pre-provisioned PV (default fs)] subPath should support file as subpath [LinuxOnly]" classname="Kubernetes e2e suite" status="skipped" time="0">
              <skipped message="skipped"></skipped>
          </testcase>
          <testcase name="[It] [sig-storage] In-tree Volumes [Driver: local] [LocalVolumeType: dir-link] [Testpattern: Dynamic PV (default fs)] provisioning should provision storage with any volume data source [Serial]" classname="Kubernetes e2e suite" status="skipped" time="0">
              <skipped message="skipped"></skipped>
          </testcase>
          <testcase name="[It] [sig-storage] In-tree Volumes [Driver: cinder] [Testpattern: Pre-provisioned PV (block volmode)] multiVolume [Slow] should concurrently access the volume and its clone from pods on the same node [LinuxOnly] [Feature:VolumeSourceXFS]" classname="Kubernetes e2e suite" status="skipped" time="0">
              <skipped message="skipped"></skipped>
          </testcase>
          <testcase name="[It] [sig-storage] In-tree Volumes [Driver: local] [LocalVolumeType: blockfs] [Testpattern: Dynamic PV (ntfs)] [Feature:Windows] provisioning should provision storage with pvc data source" classname="Kubernetes e2e suite" status="skipped" time="0">
              <skipped message="skipped"></skipped>
          </testcase>
          <testcase name="[It] [sig-storage] In-tree Volumes [Driver: hostPath] [Testpattern: Pre-provisioned PV (default fs)] subPath should support file as subpath [LinuxOnly]" classname="Kubernetes e2e suite" status="skipped" time="0">
              <skipped message="skipped"></skipped>
          </testcase>
          <testcase name="[It] [sig-storage] In-tree Volumes [Driver: local] [LocalVolumeType: dir-bindmounted] [Testpattern: Dynamic PV (default fs)(allowExpansion)] volume-expand Verify if offline PVC expansion works" classname="Kubernetes e2e suite" status="skipped" time="0">
              <skipped message="skipped"></skipped>
          </testcase>
          <testcase name="[It] [sig-storage] In-tree Volumes [Driver: local] [LocalVolumeType: dir-link-bindmounted] [Testpattern: Inline-volume (ntfs)] [Feature:Windows] volumes should allow exec of files on the volume" classname="Kubernetes e2e suite" status="skipped" time="0">
              <skipped message="skipped"></skipped>
          </testcase>
          <testcase name="[It] [sig-storage] In-tree Volumes [Driver: azure-disk] [Testpattern: Dynamic PV (block volmode)] volumeMode should fail to use a volume in a pod with mismatched mode [Slow]" classname="Kubernetes e2e suite" status="skipped" time="0">
              <skipped message="skipped"></skipped>
          </testcase>
          <testcase name="[It] [sig-storage] In-tree Volumes [Driver: local] [LocalVolumeType: tmpfs] [Testpattern: Dynamic PV (xfs)] [Slow] multiVolume [Slow] should access to two volumes with the same volume mode and retain data across pod recreation on different node" classname="Kubernetes e2e suite" status="skipped" time="0">
              <skipped message="skipped"></skipped>
          </testcase>
          <testcase name="[It] [sig-storage] In-tree Volumes [Driver: azure-disk] [Testpattern: Dynamic PV (default fs)] subPath should support existing single file [LinuxOnly]" classname="Kubernetes e2e suite" status="skipped" time="0">
              <skipped message="skipped"></skipped>
          </testcase>
          <testcase name="[It] [sig-storage] In-tree Volumes [Driver: local] [LocalVolumeType: dir-bindmounted] [Testpattern: Dynamic PV (xfs)] [Slow] multiVolume [Slow] should concurrently access the volume and its clone from pods on the same node [LinuxOnly] [Feature:VolumeSourceXFS]" classname="Kubernetes e2e suite" status="skipped" time="0">
              <skipped message="skipped"></skipped>
          </testcase>
          <testcase name="[It] [sig-storage] In-tree Volumes [Driver: nfs] [Testpattern: Dynamic PV (xfs)] [Slow] multiVolume [Slow] should concurrently access the single read-only volume from pods on the same node" classname="Kubernetes e2e suite" status="skipped" time="0">
              <skipped message="skipped"></skipped>
          </testcase>
          <testcase name="[It] [sig-node] Security Context should support volume SELinux relabeling when using hostPID [Flaky] [LinuxOnly]" classname="Kubernetes e2e suite" status="skipped" time="0">
              <skipped message="skipped"></skipped>
          </testcase>
          <testcase name="[It] [sig-cli] Kubectl client Update Demo should create and stop a replication controller [Conformance]" classname="Kubernetes e2e suite" status="failed" time="305.421176128">
              <failure message="" type="failed">[FAILED] Timed out after 300 seconds waiting for name=update-demo pods to reach valid state&#xA;In [It] at: k8s.io/kubernetes/test/e2e/kubectl/kubectl.go:2532 @ 05/11/25 14:24:54.247&#xA;</failure>
              <system-err>&gt; Enter [BeforeEach] [sig-cli] Kubectl client - set up framework | framework.go:200 @ 05/11/25 14:19:48.974&#xA;STEP: Creating a kubernetes client - k8s.io/kubernetes/test/e2e/framework/framework.go:220 @ 05/11/25 14:19:48.974&#xA;I0511 14:19:48.974937 26 util.go:453] &gt;&gt;&gt; kubeConfig: /tmp/kubeconfig-4071347860&#xA;STEP: Building a namespace api object, basename kubectl - k8s.io/kubernetes/test/e2e/framework/framework.go:259 @ 05/11/25 14:19:48.976&#xA;STEP: Waiting for a default service account to be provisioned in namespace - k8s.io/kubernetes/test/e2e/framework/framework.go:268 @ 05/11/25 14:19:48.986&#xA;STEP: Waiting for kube-root-ca.crt to be provisioned in namespace - k8s.io/kubernetes/test/e2e/framework/framework.go:271 @ 05/11/25 14:19:48.989&#xA;&lt; Exit [BeforeEach] [sig-cli] Kubectl client - set up framework | framework.go:200 @ 05/11/25 14:19:48.992 (18ms)&#xA;&gt; Enter [BeforeEach] [sig-cli] Kubectl client - k8s.io/kubernetes/test/e2e/framework/node/init/init.go:33 @ 05/11/25 14:19:48.992&#xA;&lt; Exit [BeforeEach] [sig-cli] Kubectl client - k8s.io/kubernetes/test/e2e/framework/node/init/init.go:33 @ 05/11/25 14:19:48.992 (0s)&#xA;&gt; Enter [BeforeEach] [sig-cli] Kubectl client - k8s.io/kubernetes/test/e2e/framework/metrics/init/init.go:33 @ 05/11/25 14:19:48.992&#xA;&lt; Exit [BeforeEach] [sig-cli] Kubectl client - k8s.io/kubernetes/test/e2e/framework/metrics/init/init.go:33 @ 05/11/25 14:19:48.992 (0s)&#xA;&gt; Enter [BeforeEach] [sig-cli] Kubectl client - k8s.io/kubernetes/test/e2e/kubectl/kubectl.go:273 @ 05/11/25 14:19:48.992&#xA;&lt; Exit [BeforeEach] [sig-cli] Kubectl client - k8s.io/kubernetes/test/e2e/kubectl/kubectl.go:273 @ 05/11/25 14:19:48.992 (0s)&#xA;&gt; Enter [BeforeEach] Update Demo - k8s.io/kubernetes/test/e2e/kubectl/kubectl.go:325 @ 05/11/25 14:19:48.992&#xA;&lt; Exit [BeforeEach] Update Demo - k8s.io/kubernetes/test/e2e/kubectl/kubectl.go:325 @ 05/11/25 14:19:48.992 (0s)&#xA;&gt; Enter [It] should create and stop a replication controller [Conformance] - k8s.io/kubernetes/test/e2e/kubectl/kubectl.go:338 @ 05/11/25 14:19:48.992&#xA;STEP: creating a replication controller - k8s.io/kubernetes/test/e2e/kubectl/kubectl.go:341 @ 05/11/25 14:19:48.992&#xA;I0511 14:19:48.992793 26 builder.go:121] Running &#39;/usr/local/bin/kubectl --kubeconfig=/tmp/kubeconfig-4071347860 --namespace=kubectl-473 create -f -&#39;&#xA;I0511 14:19:49.065594 26 builder.go:146] stderr: &#34;&#34;&#xA;I0511 14:19:49.065626 26 builder.go:147] stdout: &#34;replicationcontroller/update-demo-nautilus created\n&#34;&#xA;STEP: waiting for all containers in name=update-demo pods to come up. - k8s.io/kubernetes/test/e2e/kubectl/kubectl.go:2492 @ 05/11/25 14:19:49.065&#xA;I0511 14:19:49.065699 26 builder.go:121] Running &#39;/usr/local/bin/kubectl --kubeconfig=/tmp/kubeconfig-4071347860 --namespace=kubectl-473 get pods -o template --template={{range.items}}{{.metadata.name}} {{end}} -l name=update-demo&#39;&#xA;I0511 14:19:49.114667 26 builder.go:146] stderr: &#34;&#34;&#xA;I0511 14:19:49.114703 26 builder.go:147] stdout: &#34;update-demo-nautilus-clmsn update-demo-nautilus-nmlf6 &#34;&#xA;I0511 14:19:49.114745 26 builder.go:121] Running &#39;/usr/local/bin/kubectl --kubeconfig=/tmp/kubeconfig-4071347860 --namespace=kubectl-473 get pods update-demo-nautilus-clmsn -o template --template={{if (exists . &#34;status&#34; &#34;containerStatuses&#34;)}}{{range .status.containerStatuses}}{{if (and (eq .name &#34;update-demo&#34;) (exists . &#34;state&#34; &#34;running&#34;))}}true{{end}}{{end}}{{end}}&#39;&#xA;I0511 14:19:49.154647 26 builder.go:146] stderr: &#34;&#34;&#xA;I0511 14:19:49.154684 26 builder.go:147] stdout: &#34;&#34;&#xA;I0511 14:19:49.154696 26 kubectl.go:2505] update-demo-nautilus-clmsn is created but not running&#xA;E0511 14:19:49.770120      26 retrywatcher.go:169] &#34;Watch failed&#34; err=&#34;context canceled&#34;&#xA;E0511 14:19:50.770808      26 retrywatcher.go:169] &#34;Watch failed&#34; err=&#34;context canceled&#34;&#xA;E0511 14:19:51.771360      26 retrywatcher.go:169] &#34;Watch failed&#34; err=&#34;context canceled&#34;&#xA;E0511 14:19:52.771785      26 retrywatcher.go:169] &#34;Watch failed&#34; err=&#34;context canceled&#34;&#xA;E0511 14:19:53.772144      26 retrywatcher.go:169] &#34;Watch failed&#34; err=&#34;context canceled&#34;&#xA;I0511 14:19:54.155575 26 builder.go:121] Running &#39;/usr/local/bin/kubectl --kubeconfig=/tmp/kubeconfig-4071347860 --namespace=kubectl-473 get pods -o template --template={{range.items}}{{.metadata.name}} {{end}} -l name=update-demo&#39;&#xA;I0511 14:19:54.200626 26 builder.go:146] stderr: &#34;&#34;&#xA;I0511 14:19:54.200666 26 builder.go:147] stdout: &#34;update-demo-nautilus-clmsn update-demo-nautilus-nmlf6 &#34;&#xA;I0511 14:19:54.200711 26 builder.go:121] Running &#39;/usr/local/bin/kubectl --kubeconfig=/tmp/kubeconfig-4071347860 --namespace=kubectl-473 get pods update-demo-nautilus-clmsn -o template --template={{if (exists . &#34;status&#34; &#34;containerStatuses&#34;)}}{{range .status.containerStatuses}}{{if (and (eq .name &#34;update-demo&#34;) (exists . &#34;state&#34; &#34;running&#34;))}}true{{end}}{{end}}{{end}}&#39;&#xA;I0511 14:19:54.237004 26 builder.go:146] stderr: &#34;&#34;&#xA;I0511 14:19:54.237036 26 builder.go:147] stdout: &#34;&#34;&#xA;I0511 14:19:54.237045 26 kubectl.go:2505] update-demo-nautilus-clmsn is created but not running&#xA;E0511 14:19:54.773266      26 retrywatcher.go:169] &#34;Watch failed&#34; err=&#34;context canceled&#34;&#xA;E0511 14:19:55.773741      26 retrywatcher.go:169] &#34;Watch failed&#34; err=&#34;context canceled&#34;&#xA;E0511 14:19:56.774415      26 retrywatcher.go:169] &#34;Watch failed&#34; err=&#34;context canceled&#34;&#xA;E0511 14:19:57.774701      26 retrywatcher.go:169] &#34;Watch failed&#34; err=&#34;context canceled&#34;&#xA;E0511 14:19:58.775154      26 retrywatcher.go:169] &#34;Watch failed&#34; err=&#34;context canceled&#34;&#xA;I0511 14:19:59.237752 26 builder.go:121] Running &#39;/usr/local/bin/kubectl --kubeconfig=/tmp/kubeconfig-4071347860 --namespace=kubectl-473 get pods -o template --template={{range.items}}{{.metadata.name}} {{end}} -l name=update-demo&#39;&#xA;I0511 14:19:59.287883 26 builder.go:146] stderr: &#34;&#34;&#xA;I0511 14:19:59.287908 26 builder.go:147] stdout: &#34;update-demo-nautilus-clmsn update-demo-nautilus-nmlf6 &#34;&#xA;I0511 14:19:59.287942 26 builder.go:121] Running &#39;/usr/local/bin/kubectl --kubeconfig=/tmp/kubeconfig-4071347860 --namespace=kubectl-473 get pods update-demo-nautilus-clmsn -o template --template={{if (exists . &#34;status&#34; &#34;containerStatuses&#34;)}}{{range .status.containerStatuses}}{{if (and (eq .name &#34;update-demo&#34;) (exists . &#34;state&#34; &#34;running&#34;))}}true{{end}}{{end}}{{end}}&#39;&#xA;I0511 14:19:59.333229 26 builder.go:146] stderr: &#34;&#34;&#xA;I0511 14:19:59.333264 26 builder.go:147] stdout: &#34;&#34;&#xA;I0511 14:19:59.333274 26 kubectl.go:2505] update-demo-nautilus-clmsn is created but not running&#xA;E0511 14:19:59.776080      26 retrywatcher.go:169] &#34;Watch failed&#34; err=&#34;context canceled&#34;&#xA;E0511 14:20:00.776640      26 retrywatcher.go:169] &#34;Watch failed&#34; err=&#34;context canceled&#34;&#xA;E0511 14:20:01.776736      26 retrywatcher.go:169] &#34;Watch failed&#34; err=&#34;context canceled&#34;&#xA;E0511 14:20:02.777302      26 retrywatcher.go:169] &#34;Watch failed&#34; err=&#34;context canceled&#34;&#xA;E0511 14:20:03.777745      26 retrywatcher.go:169] &#34;Watch failed&#34; err=&#34;context canceled&#34;&#xA;I0511 14:20:04.334027 26 builder.go:121] Running &#39;/usr/local/bin/kubectl --kubeconfig=/tmp/kubeconfig-4071347860 --namespace=kubectl-473 get pods -o template --template={{range.items}}{{.metadata.name}} {{end}} -l name=update-demo&#39;&#xA;I0511 14:20:04.377006 26 builder.go:146] stderr: &#34;&#34;&#xA;I0511 14:20:04.377039 26 builder.go:147] stdout: &#34;update-demo-nautilus-clmsn update-demo-nautilus-nmlf6 &#34;&#xA;I0511 14:20:04.377085 26 builder.go:121] Running &#39;/usr/local/bin/kubectl --kubeconfig=/tmp/kubeconfig-4071347860 --namespace=kubectl-473 get pods update-demo-nautilus-clmsn -o template --template={{if (exists . &#34;status&#34; &#34;containerStatuses&#34;)}}{{range .status.containerStatuses}}{{if (and (eq .name &#34;update-demo&#34;) (exists . &#34;state&#34; &#34;running&#34;))}}true{{end}}{{end}}{{end}}&#39;&#xA;I0511 14:20:04.426507 26 builder.go:146] stderr: &#34;&#34;&#xA;I0511 14:20:04.426543 26 builder.go:147] stdout: &#34;&#34;&#xA;I0511 14:20:04.426556 26 kubectl.go:2505] update-demo-nautilus-clmsn is created but not running&#xA;E0511 14:20:04.778702      26 retrywatcher.go:169] &#34;Watch failed&#34; err=&#34;context canceled&#34;&#xA;E0511 14:20:05.779361      26 retrywatcher.go:169] &#34;Watch failed&#34; err=&#34;context canceled&#34;&#xA;E0511 14:20:06.779970      26 retrywatcher.go:169] &#34;Watch failed&#34; err=&#34;context canceled&#34;&#xA;E0511 14:20:07.780349      26 retrywatcher.go:169] &#34;Watch failed&#34; err=&#34;context canceled&#34;&#xA;E0511 14:20:08.780790      26 retrywatcher.go:169] &#34;Watch failed&#34; err=&#34;context canceled&#34;&#xA;I0511 14:20:09.427656 26 builder.go:121] Running &#39;/usr/local/bin/kubectl --kubeconfig=/tmp/kubeconfig-4071347860 --namespace=kubectl-473 get pods -o template --template={{range.items}}{{.metadata.name}} {{end}} -l name=update-demo&#39;&#xA;I0511 14:20:09.477344 26 builder.go:146] stderr: &#34;&#34;&#xA;I0511 14:20:09.477383 26 builder.go:147] stdout: &#34;update-demo-nautilus-clmsn update-demo-nautilus-nmlf6 &#34;&#xA;I0511 14:20:09.477426 26 builder.go:121] Running &#39;/usr/local/bin/kubectl --kubeconfig=/tmp/kubeconfig-4071347860 --namespace=kubectl-473 get pods update-demo-nautilus-clmsn -o template --template={{if (exists . &#34;status&#34; &#34;containerStatuses&#34;)}}{{range .status.containerStatuses}}{{if (and (eq .name &#34;update-demo&#34;) (exists . &#34;state&#34; &#34;running&#34;))}}true{{end}}{{end}}{{end}}&#39;&#xA;I0511 14:20:09.514271 26 builder.go:146] stderr: &#34;&#34;&#xA;I0511 14:20:09.514307 26 builder.go:147] stdout: &#34;&#34;&#xA;I0511 14:20:09.514317 26 kubectl.go:2505] update-demo-nautilus-clmsn is created but not running&#xA;E0511 14:20:09.781587      26 retrywatcher.go:169] &#34;Watch failed&#34; err=&#34;context canceled&#34;&#xA;E0511 14:20:10.782169      26 retrywatcher.go:169] &#34;Watch failed&#34; err=&#34;context canceled&#34;&#xA;E0511 14:20:11.782768      26 retrywatcher.go:169] &#34;Watch failed&#34; err=&#34;context canceled&#34;&#xA;E0511 14:20:12.782848      26 retrywatcher.go:169] &#34;Watch failed&#34; err=&#34;context canceled&#34;&#xA;E0511 14:20:13.783421      26 retrywatcher.go:169] &#34;Watch failed&#34; err=&#34;context canceled&#34;&#xA;I0511 14:20:14.515579 26 builder.go:121] Running &#39;/usr/local/bin/kubectl --kubeconfig=/tmp/kubeconfig-4071347860 --namespace=kubectl-473 get pods -o template --template={{range.items}}{{.metadata.name}} {{end}} -l name=update-demo&#39;&#xA;I0511 14:20:14.561668 26 builder.go:146] stderr: &#34;&#34;&#xA;I0511 14:20:14.561701 26 builder.go:147] stdout: &#34;update-demo-nautilus-clmsn update-demo-nautilus-nmlf6 &#34;&#xA;I0511 14:20:14.561746 26 builder.go:121] Running &#39;/usr/local/bin/kubectl --kubeconfig=/tmp/kubeconfig-4071347860 --namespace=kubectl-473 get pods update-demo-nautilus-clmsn -o template --template={{if (exists . &#34;status&#34; &#34;containerStatuses&#34;)}}{{range .status.containerStatuses}}{{if (and (eq .name &#34;update-demo&#34;) (exists . &#34;state&#34; &#34;running&#34;))}}true{{end}}{{end}}{{end}}&#39;&#xA;I0511 14:20:14.605057 26 builder.go:146] stderr: &#34;&#34;&#xA;I0511 14:20:14.605090 26 builder.go:147] stdout: &#34;&#34;&#xA;I0511 14:20:14.605099 26 kubectl.go:2505] update-demo-nautilus-clmsn is created but not running&#xA;E0511 14:20:14.784242      26 retrywatcher.go:169] &#34;Watch failed&#34; err=&#34;context canceled&#34;&#xA;E0511 14:20:15.784342      26 retrywatcher.go:169] &#34;Watch failed&#34; err=&#34;context canceled&#34;&#xA;E0511 14:20:16.784767      26 retrywatcher.go:169] &#34;Watch failed&#34; err=&#34;context canceled&#34;&#xA;E0511 14:20:17.785421      26 retrywatcher.go:169] &#34;Watch failed&#34; err=&#34;context canceled&#34;&#xA;E0511 14:20:18.785766      26 retrywatcher.go:169] &#34;Watch failed&#34; err=&#34;context canceled&#34;&#xA;I0511 14:20:19.605961 26 builder.go:121] Running &#39;/usr/local/bin/kubectl --kubeconfig=/tmp/kubeconfig-4071347860 --namespace=kubectl-473 get pods -o template --template={{range.items}}{{.metadata.name}} {{end}} -l name=update-demo&#39;&#xA;I0511 14:20:19.649235 26 builder.go:146] stderr: &#34;&#34;&#xA;I0511 14:20:19.649267 26 builder.go:147] stdout: &#34;update-demo-nautilus-clmsn update-demo-nautilus-nmlf6 &#34;&#xA;I0511 14:20:19.649319 26 builder.go:121] Running &#39;/usr/local/bin/kubectl --kubeconfig=/tmp/kubeconfig-4071347860 --namespace=kubectl-473 get pods update-demo-nautilus-clmsn -o template --template={{if (exists . &#34;status&#34; &#34;containerStatuses&#34;)}}{{range .status.containerStatuses}}{{if (and (eq .name &#34;update-demo&#34;) (exists . &#34;state&#34; &#34;running&#34;))}}true{{end}}{{end}}{{end}}&#39;&#xA;I0511 14:20:19.693471 26 builder.go:146] stderr: &#34;&#34;&#xA;I0511 14:20:19.693512 26 builder.go:147] stdout: &#34;&#34;&#xA;I0511 14:20:19.693526 26 kubectl.go:2505] update-demo-nautilus-clmsn is created but not running&#xA;E0511 14:20:19.786030      26 retrywatcher.go:169] &#34;Watch failed&#34; err=&#34;context canceled&#34;&#xA;E0511 14:20:20.786877      26 retrywatcher.go:169] &#34;Watch failed&#34; err=&#34;context canceled&#34;&#xA;E0511 14:20:21.787398      26 retrywatcher.go:169] &#34;Watch failed&#34; err=&#34;context canceled&#34;&#xA;E0511 14:20:22.787775      26 retrywatcher.go:169] &#34;Watch failed&#34; err=&#34;context canceled&#34;&#xA;E0511 14:20:23.788337      26 retrywatcher.go:169] &#34;Watch failed&#34; err=&#34;context canceled&#34;&#xA;I0511 14:20:24.694322 26 builder.go:121] Running &#39;/usr/local/bin/kubectl --kubeconfig=/tmp/kubeconfig-4071347860 --namespace=kubectl-473 get pods -o template --template={{range.items}}{{.metadata.name}} {{end}} -l name=update-demo&#39;&#xA;I0511 14:20:24.747255 26 builder.go:146] stderr: &#34;&#34;&#xA;I0511 14:20:24.747281 26 builder.go:147] stdout: &#34;update-demo-nautilus-clmsn update-demo-nautilus-nmlf6 &#34;&#xA;I0511 14:20:24.747313 26 builder.go:121] Running &#39;/usr/local/bin/kubectl --kubeconfig=/tmp/kubeconfig-4071347860 --namespace=kubectl-473 get pods update-demo-nautilus-clmsn -o template --template={{if (exists . &#34;status&#34; &#34;containerStatuses&#34;)}}{{range .status.containerStatuses}}{{if (and (eq .name &#34;update-demo&#34;) (exists . &#34;state&#34; &#34;running&#34;))}}true{{end}}{{end}}{{end}}&#39;&#xA;I0511 14:20:24.782490 26 builder.go:146] stderr: &#34;&#34;&#xA;I0511 14:20:24.782522 26 builder.go:147] stdout: &#34;&#34;&#xA;I0511 14:20:24.782538 26 kubectl.go:2505] update-demo-nautilus-clmsn is created but not running&#xA;E0511 14:20:24.788692      26 retrywatcher.go:169] &#34;Watch failed&#34; err=&#34;context canceled&#34;&#xA;E0511 14:20:25.789065      26 retrywatcher.go:169] &#34;Watch failed&#34; err=&#34;context canceled&#34;&#xA;E0511 14:20:26.789580      26 retrywatcher.go:169] &#34;Watch failed&#34; err=&#34;context canceled&#34;&#xA;E0511 14:20:27.790276      26 retrywatcher.go:169] &#34;Watch failed&#34; err=&#34;context canceled&#34;&#xA;E0511 14:20:28.790914      26 retrywatcher.go:169] &#34;Watch failed&#34; err=&#34;context canceled&#34;&#xA;I0511 14:20:29.783608 26 builder.go:121] Running &#39;/usr/local/bin/kubectl --kubeconfig=/tmp/kubeconfig-4071347860 --namespace=kubectl-473 get pods -o template --template={{range.items}}{{.metadata.name}} {{end}} -l name=update-demo&#39;&#xA;E0511 14:20:29.791149      26 retrywatcher.go:169] &#34;Watch failed&#34; err=&#34;context canceled&#34;&#xA;I0511 14:20:29.825665 26 builder.go:146] stderr: &#34;&#34;&#xA;I0511 14:20:29.825704 26 builder.go:147] stdout: &#34;update-demo-nautilus-clmsn update-demo-nautilus-nmlf6 &#34;&#xA;I0511 14:20:29.825747 26 builder.go:121] Running &#39;/usr/local/bin/kubectl --kubeconfig=/tmp/kubeconfig-4071347860 --namespace=kubectl-473 get pods update-demo-nautilus-clmsn -o template --template={{if (exists . &#34;status&#34; &#34;containerStatuses&#34;)}}{{range .status.containerStatuses}}{{if (and (eq .name &#34;update-demo&#34;) (exists . &#34;state&#34; &#34;running&#34;))}}true{{end}}{{end}}{{end}}&#39;&#xA;I0511 14:20:29.860639 26 builder.go:146] stderr: &#34;&#34;&#xA;I0511 14:20:29.860674 26 builder.go:147] stdout: &#34;&#34;&#xA;I0511 14:20:29.860685 26 kubectl.go:2505] update-demo-nautilus-clmsn is created but not running&#xA;E0511 14:20:30.792021      26 retrywatcher.go:169] &#34;Watch failed&#34; err=&#34;context canceled&#34;&#xA;E0511 14:20:31.792547      26 retrywatcher.go:169] &#34;Watch failed&#34; err=&#34;context canceled&#34;&#xA;E0511 14:20:32.793293      26 retrywatcher.go:169] &#34;Watch failed&#34; err=&#34;context canceled&#34;&#xA;E0511 14:20:33.793515      26 retrywatcher.go:169] &#34;Watch failed&#34; err=&#34;context canceled&#34;&#xA;E0511 14:20:34.794308      26 retrywatcher.go:169] &#34;Watch failed&#34; err=&#34;context canceled&#34;&#xA;I0511 14:20:34.861631 26 builder.go:121] Running &#39;/usr/local/bin/kubectl --kubeconfig=/tmp/kubeconfig-4071347860 --namespace=kubectl-473 get pods -o template --template={{range.items}}{{.metadata.name}} {{end}} -l name=update-demo&#39;&#xA;I0511 14:20:34.911739 26 builder.go:146] stderr: &#34;&#34;&#xA;I0511 14:20:34.911766 26 builder.go:147] stdout: &#34;update-demo-nautilus-clmsn update-demo-nautilus-nmlf6 &#34;&#xA;I0511 14:20:34.911799 26 builder.go:121] Running &#39;/usr/local/bin/kubectl --kubeconfig=/tmp/kubeconfig-4071347860 --namespace=kubectl-473 get pods update-demo-nautilus-clmsn -o template --template={{if (exists . &#34;status&#34; &#34;containerStatuses&#34;)}}{{range .status.containerStatuses}}{{if (and (eq .name &#34;update-demo&#34;) (exists . &#34;state&#34; &#34;running&#34;))}}true{{end}}{{end}}{{end}}&#39;&#xA;I0511 14:20:34.947991 26 builder.go:146] stderr: &#34;&#34;&#xA;I0511 14:20:34.948026 26 builder.go:147] stdout: &#34;&#34;&#xA;I0511 14:20:34.948037 26 kubectl.go:2505] update-demo-nautilus-clmsn is created but not running&#xA;E0511 14:20:35.795185      26 retrywatcher.go:169] &#34;Watch failed&#34; err=&#34;context canceled&#34;&#xA;E0511 14:20:36.795809      26 retrywatcher.go:169] &#34;Watch failed&#34; err=&#34;context canceled&#34;&#xA;E0511 14:20:37.796393      26 retrywatcher.go:169] &#34;Watch failed&#34; err=&#34;context canceled&#34;&#xA;E0511 14:20:38.796751      26 retrywatcher.go:169] &#34;Watch failed&#34; err=&#34;context canceled&#34;&#xA;E0511 14:20:39.797202      26 retrywatcher.go:169] &#34;Watch failed&#34; err=&#34;context canceled&#34;&#xA;I0511 14:20:39.948414 26 builder.go:121] Running &#39;/usr/local/bin/kubectl --kubeconfig=/tmp/kubeconfig-4071347860 --namespace=kubectl-473 get pods -o template --template={{range.items}}{{.metadata.name}} {{end}} -l name=update-demo&#39;&#xA;I0511 14:20:39.995714 26 builder.go:146] stderr: &#34;&#34;&#xA;I0511 14:20:39.995756 26 builder.go:147] stdout: &#34;update-demo-nautilus-clmsn update-demo-nautilus-nmlf6 &#34;&#xA;I0511 14:20:39.995799 26 builder.go:121] Running &#39;/usr/local/bin/kubectl --kubeconfig=/tmp/kubeconfig-4071347860 --namespace=kubectl-473 get pods update-demo-nautilus-clmsn -o template --template={{if (exists . &#34;status&#34; &#34;containerStatuses&#34;)}}{{range .status.containerStatuses}}{{if (and (eq .name &#34;update-demo&#34;) (exists . &#34;state&#34; &#34;running&#34;))}}true{{end}}{{end}}{{end}}&#39;&#xA;I0511 14:20:40.032195 26 builder.go:146] stderr: &#34;&#34;&#xA;I0511 14:20:40.032231 26 builder.go:147] stdout: &#34;&#34;&#xA;I0511 14:20:40.032240 26 kubectl.go:2505] update-demo-nautilus-clmsn is created but not running&#xA;E0511 14:20:40.797801      26 retrywatcher.go:169] &#34;Watch failed&#34; err=&#34;context canceled&#34;&#xA;E0511 14:20:41.798012      26 retrywatcher.go:169] &#34;Watch failed&#34; err=&#34;context canceled&#34;&#xA;E0511 14:20:42.798867      26 retrywatcher.go:169] &#34;Watch failed&#34; err=&#34;context canceled&#34;&#xA;E0511 14:20:43.799332      26 retrywatcher.go:169] &#34;Watch failed&#34; err=&#34;context canceled&#34;&#xA;E0511 14:20:44.800148      26 retrywatcher.go:169] &#34;Watch failed&#34; err=&#34;context canceled&#34;&#xA;I0511 14:20:45.033286 26 builder.go:121] Running &#39;/usr/local/bin/kubectl --kubeconfig=/tmp/kubeconfig-4071347860 --namespace=kubectl-473 get pods -o template --template={{range.items}}{{.metadata.name}} {{end}} -l name=update-demo&#39;&#xA;I0511 14:20:45.077981 26 builder.go:146] stderr: &#34;&#34;&#xA;I0511 14:20:45.078007 26 builder.go:147] stdout: &#34;update-demo-nautilus-clmsn update-demo-nautilus-nmlf6 &#34;&#xA;I0511 14:20:45.078039 26 builder.go:121] Running &#39;/usr/local/bin/kubectl --kubeconfig=/tmp/kubeconfig-4071347860 --namespace=kubectl-473 get pods update-demo-nautilus-clmsn -o template --template={{if (exists . &#34;status&#34; &#34;containerStatuses&#34;)}}{{range .status.containerStatuses}}{{if (and (eq .name &#34;update-demo&#34;) (exists . &#34;state&#34; &#34;running&#34;))}}true{{end}}{{end}}{{end}}&#39;&#xA;I0511 14:20:45.117167 26 builder.go:146] stderr: &#34;&#34;&#xA;I0511 14:20:45.117198 26 builder.go:147] stdout: &#34;&#34;&#xA;I0511 14:20:45.117208 26 kubectl.go:2505] update-demo-nautilus-clmsn is created but not running&#xA;E0511 14:20:45.800281      26 retrywatcher.go:169] &#34;Watch failed&#34; err=&#34;context canceled&#34;&#xA;E0511 14:20:46.800834      26 retrywatcher.go:169] &#34;Watch failed&#34; err=&#34;context canceled&#34;&#xA;E0511 14:20:47.801284      26 retrywatcher.go:169] &#34;Watch failed&#34; err=&#34;context canceled&#34;&#xA;E0511 14:20:48.801841      26 retrywatcher.go:169] &#34;Watch failed&#34; err=&#34;context canceled&#34;&#xA;E0511 14:20:49.802020      26 retrywatcher.go:169] &#34;Watch failed&#34; err=&#34;context canceled&#34;&#xA;I0511 14:20:50.117400 26 builder.go:121] Running &#39;/usr/local/bin/kubectl --kubeconfig=/tmp/kubeconfig-4071347860 --namespace=kubectl-473 get pods -o template --template={{range.items}}{{.metadata.name}} {{end}} -l name=update-demo&#39;&#xA;I0511 14:20:50.159597 26 builder.go:146] stderr: &#34;&#34;&#xA;I0511 14:20:50.159633 26 builder.go:147] stdout: &#34;update-demo-nautilus-clmsn update-demo-nautilus-nmlf6 &#34;&#xA;I0511 14:20:50.159675 26 builder.go:121] Running &#39;/usr/local/bin/kubectl --kubeconfig=/tmp/kubeconfig-4071347860 --namespace=kubectl-473 get pods update-demo-nautilus-clmsn -o template --template={{if (exists . &#34;status&#34; &#34;containerStatuses&#34;)}}{{range .status.containerStatuses}}{{if (and (eq .name &#34;update-demo&#34;) (exists . &#34;state&#34; &#34;running&#34;))}}true{{end}}{{end}}{{end}}&#39;&#xA;I0511 14:20:50.193537 26 builder.go:146] stderr: &#34;&#34;&#xA;I0511 14:20:50.193570 26 builder.go:147] stdout: &#34;&#34;&#xA;I0511 14:20:50.193583 26 kubectl.go:2505] update-demo-nautilus-clmsn is created but not running&#xA;E0511 14:20:50.803005      26 retrywatcher.go:169] &#34;Watch failed&#34; err=&#34;context canceled&#34;&#xA;E0511 14:20:51.803838      26 retrywatcher.go:169] &#34;Watch failed&#34; err=&#34;context canceled&#34;&#xA;E0511 14:20:52.804314      26 retrywatcher.go:169] &#34;Watch failed&#34; err=&#34;context canceled&#34;&#xA;E0511 14:20:53.804682      26 retrywatcher.go:169] &#34;Watch failed&#34; err=&#34;context canceled&#34;&#xA;E0511 14:20:54.805127      26 retrywatcher.go:169] &#34;Watch failed&#34; err=&#34;context canceled&#34;&#xA;I0511 14:20:55.193723 26 builder.go:121] Running &#39;/usr/local/bin/kubectl --kubeconfig=/tmp/kubeconfig-4071347860 --namespace=kubectl-473 get pods -o template --template={{range.items}}{{.metadata.name}} {{end}} -l name=update-demo&#39;&#xA;I0511 14:20:55.245734 26 builder.go:146] stderr: &#34;&#34;&#xA;I0511 14:20:55.245769 26 builder.go:147] stdout: &#34;update-demo-nautilus-clmsn update-demo-nautilus-nmlf6 &#34;&#xA;I0511 14:20:55.245812 26 builder.go:121] Running &#39;/usr/local/bin/kubectl --kubeconfig=/tmp/kubeconfig-4071347860 --namespace=kubectl-473 get pods update-demo-nautilus-clmsn -o template --template={{if (exists . &#34;status&#34; &#34;containerStatuses&#34;)}}{{range .status.containerStatuses}}{{if (and (eq .name &#34;update-demo&#34;) (exists . &#34;state&#34; &#34;running&#34;))}}true{{end}}{{end}}{{end}}&#39;&#xA;I0511 14:20:55.280142 26 builder.go:146] stderr: &#34;&#34;&#xA;I0511 14:20:55.280175 26 builder.go:147] stdout: &#34;&#34;&#xA;I0511 14:20:55.280186 26 kubectl.go:2505] update-demo-nautilus-clmsn is created but not running&#xA;E0511 14:20:55.805919      26 retrywatcher.go:169] &#34;Watch failed&#34; err=&#34;context canceled&#34;&#xA;E0511 14:20:56.806386      26 retrywatcher.go:169] &#34;Watch failed&#34; err=&#34;context canceled&#34;&#xA;E0511 14:20:57.806957      26 retrywatcher.go:169] &#34;Watch failed&#34; err=&#34;context canceled&#34;&#xA;E0511 14:20:58.807420      26 retrywatcher.go:169] &#34;Watch failed&#34; err=&#34;context canceled&#34;&#xA;E0511 14:20:59.807904      26 retrywatcher.go:169] &#34;Watch failed&#34; err=&#34;context canceled&#34;&#xA;I0511 14:21:00.280673 26 builder.go:121] Running &#39;/usr/local/bin/kubectl --kubeconfig=/tmp/kubeconfig-4071347860 --namespace=kubectl-473 get pods -o template --template={{range.items}}{{.metadata.name}} {{end}} -l name=update-demo&#39;&#xA;I0511 14:21:00.322673 26 builder.go:146] stderr: &#34;&#34;&#xA;I0511 14:21:00.322709 26 builder.go:147] stdout: &#34;update-demo-nautilus-clmsn update-demo-nautilus-nmlf6 &#34;&#xA;I0511 14:21:00.322748 26 builder.go:121] Running &#39;/usr/local/bin/kubectl --kubeconfig=/tmp/kubeconfig-4071347860 --namespace=kubectl-473 get pods update-demo-nautilus-clmsn -o template --template={{if (exists . &#34;status&#34; &#34;containerStatuses&#34;)}}{{range .status.containerStatuses}}{{if (and (eq .name &#34;update-demo&#34;) (exists . &#34;state&#34; &#34;running&#34;))}}true{{end}}{{end}}{{end}}&#39;&#xA;I0511 14:21:00.357315 26 builder.go:146] stderr: &#34;&#34;&#xA;I0511 14:21:00.357348 26 builder.go:147] stdout: &#34;&#34;&#xA;I0511 14:21:00.357359 26 kubectl.go:2505] update-demo-nautilus-clmsn is created but not running&#xA;E0511 14:21:00.808202      26 retrywatcher.go:169] &#34;Watch failed&#34; err=&#34;context canceled&#34;&#xA;E0511 14:21:01.808895      26 retrywatcher.go:169] &#34;Watch failed&#34; err=&#34;context canceled&#34;&#xA;E0511 14:21:02.809800      26 retrywatcher.go:169] &#34;Watch failed&#34; err=&#34;context canceled&#34;&#xA;E0511 14:21:03.809864      26 retrywatcher.go:169] &#34;Watch failed&#34; err=&#34;context canceled&#34;&#xA;E0511 14:21:04.810011      26 retrywatcher.go:169] &#34;Watch failed&#34; err=&#34;context canceled&#34;&#xA;I0511 14:21:05.357648 26 builder.go:121] Running &#39;/usr/local/bin/kubectl --kubeconfig=/tmp/kubeconfig-4071347860 --namespace=kubectl-473 get pods -o template --template={{range.items}}{{.metadata.name}} {{end}} -l name=update-demo&#39;&#xA;I0511 14:21:05.402353 26 builder.go:146] stderr: &#34;&#34;&#xA;I0511 14:21:05.402386 26 builder.go:147] stdout: &#34;update-demo-nautilus-clmsn update-demo-nautilus-nmlf6 &#34;&#xA;I0511 14:21:05.402432 26 builder.go:121] Running &#39;/usr/local/bin/kubectl --kubeconfig=/tmp/kubeconfig-4071347860 --namespace=kubectl-473 get pods update-demo-nautilus-clmsn -o template --template={{if (exists . &#34;status&#34; &#34;containerStatuses&#34;)}}{{range .status.containerStatuses}}{{if (and (eq .name &#34;update-demo&#34;) (exists . &#34;state&#34; &#34;running&#34;))}}true{{end}}{{end}}{{end}}&#39;&#xA;I0511 14:21:05.444090 26 builder.go:146] stderr: &#34;&#34;&#xA;I0511 14:21:05.444128 26 builder.go:147] stdout: &#34;&#34;&#xA;I0511 14:21:05.444141 26 kubectl.go:2505] update-demo-nautilus-clmsn is created but not running&#xA;E0511 14:21:05.810875      26 retrywatcher.go:169] &#34;Watch failed&#34; err=&#34;context canceled&#34;&#xA;E0511 14:21:06.811638      26 retrywatcher.go:169] &#34;Watch failed&#34; err=&#34;context canceled&#34;&#xA;E0511 14:21:07.812122      26 retrywatcher.go:169] &#34;Watch failed&#34; err=&#34;context canceled&#34;&#xA;E0511 14:21:08.813085      26 retrywatcher.go:169] &#34;Watch failed&#34; err=&#34;context canceled&#34;&#xA;E0511 14:21:09.813165      26 retrywatcher.go:169] &#34;Watch failed&#34; err=&#34;context canceled&#34;&#xA;I0511 14:21:10.444949 26 builder.go:121] Running &#39;/usr/local/bin/kubectl --kubeconfig=/tmp/kubeconfig-4071347860 --namespace=kubectl-473 get pods -o template --template={{range.items}}{{.metadata.name}} {{end}} -l name=update-demo&#39;&#xA;I0511 14:21:10.488617 26 builder.go:146] stderr: &#34;&#34;&#xA;I0511 14:21:10.488655 26 builder.go:147] stdout: &#34;update-demo-nautilus-clmsn update-demo-nautilus-nmlf6 &#34;&#xA;I0511 14:21:10.488695 26 builder.go:121] Running &#39;/usr/local/bin/kubectl --kubeconfig=/tmp/kubeconfig-4071347860 --namespace=kubectl-473 get pods update-demo-nautilus-clmsn -o template --template={{if (exists . &#34;status&#34; &#34;containerStatuses&#34;)}}{{range .status.containerStatuses}}{{if (and (eq .name &#34;update-demo&#34;) (exists . &#34;state&#34; &#34;running&#34;))}}true{{end}}{{end}}{{end}}&#39;&#xA;I0511 14:21:10.523307 26 builder.go:146] stderr: &#34;&#34;&#xA;I0511 14:21:10.523339 26 builder.go:147] stdout: &#34;&#34;&#xA;I0511 14:21:10.523349 26 kubectl.go:2505] update-demo-nautilus-clmsn is created but not running&#xA;E0511 14:21:10.814012      26 retrywatcher.go:169] &#34;Watch failed&#34; err=&#34;context canceled&#34;&#xA;E0511 14:21:11.814220      26 retrywatcher.go:169] &#34;Watch failed&#34; err=&#34;context canceled&#34;&#xA;E0511 14:21:12.814789      26 retrywatcher.go:169] &#34;Watch failed&#34; err=&#34;context canceled&#34;&#xA;E0511 14:21:13.815835      26 retrywatcher.go:169] &#34;Watch failed&#34; err=&#34;context canceled&#34;&#xA;E0511 14:21:14.816647      26 retrywatcher.go:169] &#34;Watch failed&#34; err=&#34;context canceled&#34;&#xA;I0511 14:21:15.523562 26 builder.go:121] Running &#39;/usr/local/bin/kubectl --kubeconfig=/tmp/kubeconfig-4071347860 --namespace=kubectl-473 get pods -o template --template={{range.items}}{{.metadata.name}} {{end}} -l name=update-demo&#39;&#xA;I0511 14:21:15.571671 26 builder.go:146] stderr: &#34;&#34;&#xA;I0511 14:21:15.571700 26 builder.go:147] stdout: &#34;update-demo-nautilus-clmsn update-demo-nautilus-nmlf6 &#34;&#xA;I0511 14:21:15.571731 26 builder.go:121] Running &#39;/usr/local/bin/kubectl --kubeconfig=/tmp/kubeconfig-4071347860 --namespace=kubectl-473 get pods update-demo-nautilus-clmsn -o template --template={{if (exists . &#34;status&#34; &#34;containerStatuses&#34;)}}{{range .status.containerStatuses}}{{if (and (eq .name &#34;update-demo&#34;) (exists . &#34;state&#34; &#34;running&#34;))}}true{{end}}{{end}}{{end}}&#39;&#xA;I0511 14:21:15.605528 26 builder.go:146] stderr: &#34;&#34;&#xA;I0511 14:21:15.605572 26 builder.go:147] stdout: &#34;&#34;&#xA;I0511 14:21:15.605584 26 kubectl.go:2505] update-demo-nautilus-clmsn is created but not running&#xA;E0511 14:21:15.817299      26 retrywatcher.go:169] &#34;Watch failed&#34; err=&#34;context canceled&#34;&#xA;E0511 14:21:16.817963      26 retrywatcher.go:169] &#34;Watch failed&#34; err=&#34;context canceled&#34;&#xA;E0511 14:21:17.818545      26 retrywatcher.go:169] &#34;Watch failed&#34; err=&#34;context canceled&#34;&#xA;E0511 14:21:18.819136      26 retrywatcher.go:169] &#34;Watch failed&#34; err=&#34;context canceled&#34;&#xA;E0511 14:21:19.820042      26 retrywatcher.go:169] &#34;Watch failed&#34; err=&#34;context canceled&#34;&#xA;I0511 14:21:20.605790 26 builder.go:121] Running &#39;/usr/local/bin/kubectl --kubeconfig=/tmp/kubeconfig-4071347860 --namespace=kubectl-473 get pods -o template --template={{range.items}}{{.metadata.name}} {{end}} -l name=update-demo&#39;&#xA;I0511 14:21:20.653235 26 builder.go:146] stderr: &#34;&#34;&#xA;I0511 14:21:20.653268 26 builder.go:147] stdout: &#34;update-demo-nautilus-clmsn update-demo-nautilus-nmlf6 &#34;&#xA;I0511 14:21:20.653311 26 builder.go:121] Running &#39;/usr/local/bin/kubectl --kubeconfig=/tmp/kubeconfig-4071347860 --namespace=kubectl-473 get pods update-demo-nautilus-clmsn -o template --template={{if (exists . &#34;status&#34; &#34;containerStatuses&#34;)}}{{range .status.containerStatuses}}{{if (and (eq .name &#34;update-demo&#34;) (exists . &#34;state&#34; &#34;running&#34;))}}true{{end}}{{end}}{{end}}&#39;&#xA;I0511 14:21:20.690544 26 builder.go:146] stderr: &#34;&#34;&#xA;I0511 14:21:20.690582 26 builder.go:147] stdout: &#34;&#34;&#xA;I0511 14:21:20.690593 26 kubectl.go:2505] update-demo-nautilus-clmsn is created but not running&#xA;E0511 14:21:20.820910      26 retrywatcher.go:169] &#34;Watch failed&#34; err=&#34;context canceled&#34;&#xA;E0511 14:21:21.821765      26 retrywatcher.go:169] &#34;Watch failed&#34; err=&#34;context canceled&#34;&#xA;E0511 14:21:22.822855      26 retrywatcher.go:169] &#34;Watch failed&#34; err=&#34;context canceled&#34;&#xA;E0511 14:21:23.823871      26 retrywatcher.go:169] &#34;Watch failed&#34; err=&#34;context canceled&#34;&#xA;E0511 14:21:24.824315      26 retrywatcher.go:169] &#34;Watch failed&#34; err=&#34;context canceled&#34;&#xA;I0511 14:21:25.691266 26 builder.go:121] Running &#39;/usr/local/bin/kubectl --kubeconfig=/tmp/kubeconfig-4071347860 --namespace=kubectl-473 get pods -o template --template={{range.items}}{{.metadata.name}} {{end}} -l name=update-demo&#39;&#xA;I0511 14:21:25.733717 26 builder.go:146] stderr: &#34;&#34;&#xA;I0511 14:21:25.733753 26 builder.go:147] stdout: &#34;update-demo-nautilus-clmsn update-demo-nautilus-nmlf6 &#34;&#xA;I0511 14:21:25.733795 26 builder.go:121] Running &#39;/usr/local/bin/kubectl --kubeconfig=/tmp/kubeconfig-4071347860 --namespace=kubectl-473 get pods update-demo-nautilus-clmsn -o template --template={{if (exists . &#34;status&#34; &#34;containerStatuses&#34;)}}{{range .status.containerStatuses}}{{if (and (eq .name &#34;update-demo&#34;) (exists . &#34;state&#34; &#34;running&#34;))}}true{{end}}{{end}}{{end}}&#39;&#xA;I0511 14:21:25.775756 26 builder.go:146] stderr: &#34;&#34;&#xA;I0511 14:21:25.775789 26 builder.go:147] stdout: &#34;&#34;&#xA;I0511 14:21:25.775799 26 kubectl.go:2505] update-demo-nautilus-clmsn is created but not running&#xA;E0511 14:21:25.825252      26 retrywatcher.go:169] &#34;Watch failed&#34; err=&#34;context canceled&#34;&#xA;E0511 14:21:26.825743      26 retrywatcher.go:169] &#34;Watch failed&#34; err=&#34;context canceled&#34;&#xA;E0511 14:21:27.826222      26 retrywatcher.go:169] &#34;Watch failed&#34; err=&#34;context canceled&#34;&#xA;E0511 14:21:28.826803      26 retrywatcher.go:169] &#34;Watch failed&#34; err=&#34;context canceled&#34;&#xA;E0511 14:21:29.827656      26 retrywatcher.go:169] &#34;Watch failed&#34; err=&#34;context canceled&#34;&#xA;I0511 14:21:30.776638 26 builder.go:121] Running &#39;/usr/local/bin/kubectl --kubeconfig=/tmp/kubeconfig-4071347860 --namespace=kubectl-473 get pods -o template --template={{range.items}}{{.metadata.name}} {{end}} -l name=update-demo&#39;&#xA;I0511 14:21:30.820755 26 builder.go:146] stderr: &#34;&#34;&#xA;I0511 14:21:30.820790 26 builder.go:147] stdout: &#34;update-demo-nautilus-clmsn update-demo-nautilus-nmlf6 &#34;&#xA;I0511 14:21:30.820832 26 builder.go:121] Running &#39;/usr/local/bin/kubectl --kubeconfig=/tmp/kubeconfig-4071347860 --namespace=kubectl-473 get pods update-demo-nautilus-clmsn -o template --template={{if (exists . &#34;status&#34; &#34;containerStatuses&#34;)}}{{range .status.containerStatuses}}{{if (and (eq .name &#34;update-demo&#34;) (exists . &#34;state&#34; &#34;running&#34;))}}true{{end}}{{end}}{{end}}&#39;&#xA;E0511 14:21:30.828135      26 retrywatcher.go:169] &#34;Watch failed&#34; err=&#34;context canceled&#34;&#xA;I0511 14:21:30.854594 26 builder.go:146] stderr: &#34;&#34;&#xA;I0511 14:21:30.854625 26 builder.go:147] stdout: &#34;&#34;&#xA;I0511 14:21:30.854635 26 kubectl.go:2505] update-demo-nautilus-clmsn is created but not running&#xA;E0511 14:21:31.828680      26 retrywatcher.go:169] &#34;Watch failed&#34; err=&#34;context canceled&#34;&#xA;E0511 14:21:32.828796      26 retrywatcher.go:169] &#34;Watch failed&#34; err=&#34;context canceled&#34;&#xA;E0511 14:21:33.829522      26 retrywatcher.go:169] &#34;Watch failed&#34; err=&#34;context canceled&#34;&#xA;E0511 14:21:34.829988      26 retrywatcher.go:169] &#34;Watch failed&#34; err=&#34;context canceled&#34;&#xA;E0511 14:21:35.830688      26 retrywatcher.go:169] &#34;Watch failed&#34; err=&#34;context canceled&#34;&#xA;I0511 14:21:35.855912 26 builder.go:121] Running &#39;/usr/local/bin/kubectl --kubeconfig=/tmp/kubeconfig-4071347860 --namespace=kubectl-473 get pods -o template --template={{range.items}}{{.metadata.name}} {{end}} -l name=update-demo&#39;&#xA;I0511 14:21:35.894582 26 builder.go:146] stderr: &#34;&#34;&#xA;I0511 14:21:35.894620 26 builder.go:147] stdout: &#34;update-demo-nautilus-clmsn update-demo-nautilus-nmlf6 &#34;&#xA;I0511 14:21:35.894670 26 builder.go:121] Running &#39;/usr/local/bin/kubectl --kubeconfig=/tmp/kubeconfig-4071347860 --namespace=kubectl-473 get pods update-demo-nautilus-clmsn -o template --template={{if (exists . &#34;status&#34; &#34;containerStatuses&#34;)}}{{range .status.containerStatuses}}{{if (and (eq .name &#34;update-demo&#34;) (exists . &#34;state&#34; &#34;running&#34;))}}true{{end}}{{end}}{{end}}&#39;&#xA;I0511 14:21:35.929481 26 builder.go:146] stderr: &#34;&#34;&#xA;I0511 14:21:35.929515 26 builder.go:147] stdout: &#34;&#34;&#xA;I0511 14:21:35.929524 26 kubectl.go:2505] update-demo-nautilus-clmsn is created but not running&#xA;E0511 14:21:36.831711      26 retrywatcher.go:169] &#34;Watch failed&#34; err=&#34;context canceled&#34;&#xA;E0511 14:21:37.832253      26 retrywatcher.go:169] &#34;Watch failed&#34; err=&#34;context canceled&#34;&#xA;E0511 14:21:38.832840      26 retrywatcher.go:169] &#34;Watch failed&#34; err=&#34;context canceled&#34;&#xA;E0511 14:21:39.833547      26 retrywatcher.go:169] &#34;Watch failed&#34; err=&#34;context canceled&#34;&#xA;E0511 14:21:40.833725      26 retrywatcher.go:169] &#34;Watch failed&#34; err=&#34;context canceled&#34;&#xA;I0511 14:21:40.930169 26 builder.go:121] Running &#39;/usr/local/bin/kubectl --kubeconfig=/tmp/kubeconfig-4071347860 --namespace=kubectl-473 get pods -o template --template={{range.items}}{{.metadata.name}} {{end}} -l name=update-demo&#39;&#xA;I0511 14:21:40.973384 26 builder.go:146] stderr: &#34;&#34;&#xA;I0511 14:21:40.973424 26 builder.go:147] stdout: &#34;update-demo-nautilus-clmsn update-demo-nautilus-nmlf6 &#34;&#xA;I0511 14:21:40.973479 26 builder.go:121] Running &#39;/usr/local/bin/kubectl --kubeconfig=/tmp/kubeconfig-4071347860 --namespace=kubectl-473 get pods update-demo-nautilus-clmsn -o template --template={{if (exists . &#34;status&#34; &#34;containerStatuses&#34;)}}{{range .status.containerStatuses}}{{if (and (eq .name &#34;update-demo&#34;) (exists . &#34;state&#34; &#34;running&#34;))}}true{{end}}{{end}}{{end}}&#39;&#xA;I0511 14:21:41.008027 26 builder.go:146] stderr: &#34;&#34;&#xA;I0511 14:21:41.008058 26 builder.go:147] stdout: &#34;&#34;&#xA;I0511 14:21:41.008068 26 kubectl.go:2505] update-demo-nautilus-clmsn is created but not running&#xA;E0511 14:21:41.833805      26 retrywatcher.go:169] &#34;Watch failed&#34; err=&#34;context canceled&#34;&#xA;E0511 14:21:42.834336      26 retrywatcher.go:169] &#34;Watch failed&#34; err=&#34;context canceled&#34;&#xA;E0511 14:21:43.834902      26 retrywatcher.go:169] &#34;Watch failed&#34; err=&#34;context canceled&#34;&#xA;E0511 14:21:44.835108      26 retrywatcher.go:169] &#34;Watch failed&#34; err=&#34;context canceled&#34;&#xA;E0511 14:21:45.835529      26 retrywatcher.go:169] &#34;Watch failed&#34; err=&#34;context canceled&#34;&#xA;I0511 14:21:46.008858 26 builder.go:121] Running &#39;/usr/local/bin/kubectl --kubeconfig=/tmp/kubeconfig-4071347860 --namespace=kubectl-473 get pods -o template --template={{range.items}}{{.metadata.name}} {{end}} -l name=update-demo&#39;&#xA;I0511 14:21:46.052718 26 builder.go:146] stderr: &#34;&#34;&#xA;I0511 14:21:46.052753 26 builder.go:147] stdout: &#34;update-demo-nautilus-clmsn update-demo-nautilus-nmlf6 &#34;&#xA;I0511 14:21:46.052794 26 builder.go:121] Running &#39;/usr/local/bin/kubectl --kubeconfig=/tmp/kubeconfig-4071347860 --namespace=kubectl-473 get pods update-demo-nautilus-clmsn -o template --template={{if (exists . &#34;status&#34; &#34;containerStatuses&#34;)}}{{range .status.containerStatuses}}{{if (and (eq .name &#34;update-demo&#34;) (exists . &#34;state&#34; &#34;running&#34;))}}true{{end}}{{end}}{{end}}&#39;&#xA;I0511 14:21:46.087102 26 builder.go:146] stderr: &#34;&#34;&#xA;I0511 14:21:46.087126 26 builder.go:147] stdout: &#34;&#34;&#xA;I0511 14:21:46.087131 26 kubectl.go:2505] update-demo-nautilus-clmsn is created but not running&#xA;E0511 14:21:46.835782      26 retrywatcher.go:169] &#34;Watch failed&#34; err=&#34;context canceled&#34;&#xA;E0511 14:21:47.836231      26 retrywatcher.go:169] &#34;Watch failed&#34; err=&#34;context canceled&#34;&#xA;E0511 14:21:48.836662      26 retrywatcher.go:169] &#34;Watch failed&#34; err=&#34;context canceled&#34;&#xA;E0511 14:21:49.837269      26 retrywatcher.go:169] &#34;Watch failed&#34; err=&#34;context canceled&#34;&#xA;E0511 14:21:50.837672      26 retrywatcher.go:169] &#34;Watch failed&#34; err=&#34;context canceled&#34;&#xA;I0511 14:21:51.088270 26 builder.go:121] Running &#39;/usr/local/bin/kubectl --kubeconfig=/tmp/kubeconfig-4071347860 --namespace=kubectl-473 get pods -o template --template={{range.items}}{{.metadata.name}} {{end}} -l name=update-demo&#39;&#xA;I0511 14:21:51.131818 26 builder.go:146] stderr: &#34;&#34;&#xA;I0511 14:21:51.131851 26 builder.go:147] stdout: &#34;update-demo-nautilus-clmsn update-demo-nautilus-nmlf6 &#34;&#xA;I0511 14:21:51.131894 26 builder.go:121] Running &#39;/usr/local/bin/kubectl --kubeconfig=/tmp/kubeconfig-4071347860 --namespace=kubectl-473 get pods update-demo-nautilus-clmsn -o template --template={{if (exists . &#34;status&#34; &#34;containerStatuses&#34;)}}{{range .status.containerStatuses}}{{if (and (eq .name &#34;update-demo&#34;) (exists . &#34;state&#34; &#34;running&#34;))}}true{{end}}{{end}}{{end}}&#39;&#xA;I0511 14:21:51.169705 26 builder.go:146] stderr: &#34;&#34;&#xA;I0511 14:21:51.169751 26 builder.go:147] stdout: &#34;&#34;&#xA;I0511 14:21:51.169762 26 kubectl.go:2505] update-demo-nautilus-clmsn is created but not running&#xA;E0511 14:21:51.838867      26 retrywatcher.go:169] &#34;Watch failed&#34; err=&#34;context canceled&#34;&#xA;E0511 14:21:52.839350      26 retrywatcher.go:169] &#34;Watch failed&#34; err=&#34;context canceled&#34;&#xA;E0511 14:21:53.839841      26 retrywatcher.go:169] &#34;Watch failed&#34; err=&#34;context canceled&#34;&#xA;E0511 14:21:54.839939      26 retrywatcher.go:169] &#34;Watch failed&#34; err=&#34;context canceled&#34;&#xA;E0511 14:21:55.840453      26 retrywatcher.go:169] &#34;Watch failed&#34; err=&#34;context canceled&#34;&#xA;I0511 14:21:56.170113 26 builder.go:121] Running &#39;/usr/local/bin/kubectl --kubeconfig=/tmp/kubeconfig-4071347860 --namespace=kubectl-473 get pods -o template --template={{range.items}}{{.metadata.name}} {{end}} -l name=update-demo&#39;&#xA;I0511 14:21:56.221915 26 builder.go:146] stderr: &#34;&#34;&#xA;I0511 14:21:56.221961 26 builder.go:147] stdout: &#34;update-demo-nautilus-clmsn update-demo-nautilus-nmlf6 &#34;&#xA;I0511 14:21:56.222003 26 builder.go:121] Running &#39;/usr/local/bin/kubectl --kubeconfig=/tmp/kubeconfig-4071347860 --namespace=kubectl-473 get pods update-demo-nautilus-clmsn -o template --template={{if (exists . &#34;status&#34; &#34;containerStatuses&#34;)}}{{range .status.containerStatuses}}{{if (and (eq .name &#34;update-demo&#34;) (exists . &#34;state&#34; &#34;running&#34;))}}true{{end}}{{end}}{{end}}&#39;&#xA;I0511 14:21:56.256918 26 builder.go:146] stderr: &#34;&#34;&#xA;I0511 14:21:56.256954 26 builder.go:147] stdout: &#34;&#34;&#xA;I0511 14:21:56.256966 26 kubectl.go:2505] update-demo-nautilus-clmsn is created but not running&#xA;E0511 14:21:56.840752      26 retrywatcher.go:169] &#34;Watch failed&#34; err=&#34;context canceled&#34;&#xA;E0511 14:21:57.841135      26 retrywatcher.go:169] &#34;Watch failed&#34; err=&#34;context canceled&#34;&#xA;E0511 14:21:58.841749      26 retrywatcher.go:169] &#34;Watch failed&#34; err=&#34;context canceled&#34;&#xA;E0511 14:21:59.842321      26 retrywatcher.go:169] &#34;Watch failed&#34; err=&#34;context canceled&#34;&#xA;E0511 14:22:00.842852      26 retrywatcher.go:169] &#34;Watch failed&#34; err=&#34;context canceled&#34;&#xA;I0511 14:22:01.257318 26 builder.go:121] Running &#39;/usr/local/bin/kubectl --kubeconfig=/tmp/kubeconfig-4071347860 --namespace=kubectl-473 get pods -o template --template={{range.items}}{{.metadata.name}} {{end}} -l name=update-demo&#39;&#xA;I0511 14:22:01.314114 26 builder.go:146] stderr: &#34;&#34;&#xA;I0511 14:22:01.314148 26 builder.go:147] stdout: &#34;update-demo-nautilus-clmsn update-demo-nautilus-nmlf6 &#34;&#xA;I0511 14:22:01.314188 26 builder.go:121] Running &#39;/usr/local/bin/kubectl --kubeconfig=/tmp/kubeconfig-4071347860 --namespace=kubectl-473 get pods update-demo-nautilus-clmsn -o template --template={{if (exists . &#34;status&#34; &#34;containerStatuses&#34;)}}{{range .status.containerStatuses}}{{if (and (eq .name &#34;update-demo&#34;) (exists . &#34;state&#34; &#34;running&#34;))}}true{{end}}{{end}}{{end}}&#39;&#xA;I0511 14:22:01.354344 26 builder.go:146] stderr: &#34;&#34;&#xA;I0511 14:22:01.354371 26 builder.go:147] stdout: &#34;&#34;&#xA;I0511 14:22:01.354380 26 kubectl.go:2505] update-demo-nautilus-clmsn is created but not running&#xA;E0511 14:22:01.843948      26 retrywatcher.go:169] &#34;Watch failed&#34; err=&#34;context canceled&#34;&#xA;E0511 14:22:02.844918      26 retrywatcher.go:169] &#34;Watch failed&#34; err=&#34;context canceled&#34;&#xA;E0511 14:22:03.845452      26 retrywatcher.go:169] &#34;Watch failed&#34; err=&#34;context canceled&#34;&#xA;E0511 14:22:04.845940      26 retrywatcher.go:169] &#34;Watch failed&#34; err=&#34;context canceled&#34;&#xA;E0511 14:22:05.846437      26 retrywatcher.go:169] &#34;Watch failed&#34; err=&#34;context canceled&#34;&#xA;I0511 14:22:06.354746 26 builder.go:121] Running &#39;/usr/local/bin/kubectl --kubeconfig=/tmp/kubeconfig-4071347860 --namespace=kubectl-473 get pods -o template --template={{range.items}}{{.metadata.name}} {{end}} -l name=update-demo&#39;&#xA;I0511 14:22:06.403949 26 builder.go:146] stderr: &#34;&#34;&#xA;I0511 14:22:06.403983 26 builder.go:147] stdout: &#34;update-demo-nautilus-clmsn update-demo-nautilus-nmlf6 &#34;&#xA;I0511 14:22:06.404015 26 builder.go:121] Running &#39;/usr/local/bin/kubectl --kubeconfig=/tmp/kubeconfig-4071347860 --namespace=kubectl-473 get pods update-demo-nautilus-clmsn -o template --template={{if (exists . &#34;status&#34; &#34;containerStatuses&#34;)}}{{range .status.containerStatuses}}{{if (and (eq .name &#34;update-demo&#34;) (exists . &#34;state&#34; &#34;running&#34;))}}true{{end}}{{end}}{{end}}&#39;&#xA;I0511 14:22:06.442552 26 builder.go:146] stderr: &#34;&#34;&#xA;I0511 14:22:06.442578 26 builder.go:147] stdout: &#34;&#34;&#xA;I0511 14:22:06.442585 26 kubectl.go:2505] update-demo-nautilus-clmsn is created but not running&#xA;E0511 14:22:06.846980      26 retrywatcher.go:169] &#34;Watch failed&#34; err=&#34;context canceled&#34;&#xA;E0511 14:22:07.847793      26 retrywatcher.go:169] &#34;Watch failed&#34; err=&#34;context canceled&#34;&#xA;E0511 14:22:08.848319      26 retrywatcher.go:169] &#34;Watch failed&#34; err=&#34;context canceled&#34;&#xA;E0511 14:22:09.849083      26 retrywatcher.go:169] &#34;Watch failed&#34; err=&#34;context canceled&#34;&#xA;E0511 14:22:10.849760      26 retrywatcher.go:169] &#34;Watch failed&#34; err=&#34;context canceled&#34;&#xA;I0511 14:22:11.443582 26 builder.go:121] Running &#39;/usr/local/bin/kubectl --kubeconfig=/tmp/kubeconfig-4071347860 --namespace=kubectl-473 get pods -o template --template={{range.items}}{{.metadata.name}} {{end}} -l name=update-demo&#39;&#xA;I0511 14:22:11.486745 26 builder.go:146] stderr: &#34;&#34;&#xA;I0511 14:22:11.486785 26 builder.go:147] stdout: &#34;update-demo-nautilus-clmsn update-demo-nautilus-nmlf6 &#34;&#xA;I0511 14:22:11.486830 26 builder.go:121] Running &#39;/usr/local/bin/kubectl --kubeconfig=/tmp/kubeconfig-4071347860 --namespace=kubectl-473 get pods update-demo-nautilus-clmsn -o template --template={{if (exists . &#34;status&#34; &#34;containerStatuses&#34;)}}{{range .status.containerStatuses}}{{if (and (eq .name &#34;update-demo&#34;) (exists . &#34;state&#34; &#34;running&#34;))}}true{{end}}{{end}}{{end}}&#39;&#xA;I0511 14:22:11.522785 26 builder.go:146] stderr: &#34;&#34;&#xA;I0511 14:22:11.522830 26 builder.go:147] stdout: &#34;&#34;&#xA;I0511 14:22:11.522840 26 kubectl.go:2505] update-demo-nautilus-clmsn is created but not running&#xA;E0511 14:22:11.850526      26 retrywatcher.go:169] &#34;Watch failed&#34; err=&#34;context canceled&#34;&#xA;E0511 14:22:12.850862      26 retrywatcher.go:169] &#34;Watch failed&#34; err=&#34;context canceled&#34;&#xA;E0511 14:22:13.851827      26 retrywatcher.go:169] &#34;Watch failed&#34; err=&#34;context canceled&#34;&#xA;E0511 14:22:14.851980      26 retrywatcher.go:169] &#34;Watch failed&#34; err=&#34;context canceled&#34;&#xA;E0511 14:22:15.852839      26 retrywatcher.go:169] &#34;Watch failed&#34; err=&#34;context canceled&#34;&#xA;I0511 14:22:16.523635 26 builder.go:121] Running &#39;/usr/local/bin/kubectl --kubeconfig=/tmp/kubeconfig-4071347860 --namespace=kubectl-473 get pods -o template --template={{range.items}}{{.metadata.name}} {{end}} -l name=update-demo&#39;&#xA;I0511 14:22:16.566773 26 builder.go:146] stderr: &#34;&#34;&#xA;I0511 14:22:16.566798 26 builder.go:147] stdout: &#34;update-demo-nautilus-clmsn update-demo-nautilus-nmlf6 &#34;&#xA;I0511 14:22:16.566826 26 builder.go:121] Running &#39;/usr/local/bin/kubectl --kubeconfig=/tmp/kubeconfig-4071347860 --namespace=kubectl-473 get pods update-demo-nautilus-clmsn -o template --template={{if (exists . &#34;status&#34; &#34;containerStatuses&#34;)}}{{range .status.containerStatuses}}{{if (and (eq .name &#34;update-demo&#34;) (exists . &#34;state&#34; &#34;running&#34;))}}true{{end}}{{end}}{{end}}&#39;&#xA;I0511 14:22:16.604808 26 builder.go:146] stderr: &#34;&#34;&#xA;I0511 14:22:16.604839 26 builder.go:147] stdout: &#34;&#34;&#xA;I0511 14:22:16.604854 26 kubectl.go:2505] update-demo-nautilus-clmsn is created but not running&#xA;E0511 14:22:16.853435      26 retrywatcher.go:169] &#34;Watch failed&#34; err=&#34;context canceled&#34;&#xA;E0511 14:22:17.853895      26 retrywatcher.go:169] &#34;Watch failed&#34; err=&#34;context canceled&#34;&#xA;E0511 14:22:18.854841      26 retrywatcher.go:169] &#34;Watch failed&#34; err=&#34;context canceled&#34;&#xA;E0511 14:22:19.855414      26 retrywatcher.go:169] &#34;Watch failed&#34; err=&#34;context canceled&#34;&#xA;E0511 14:22:20.855602      26 retrywatcher.go:169] &#34;Watch failed&#34; err=&#34;context canceled&#34;&#xA;I0511 14:22:21.605398 26 builder.go:121] Running &#39;/usr/local/bin/kubectl --kubeconfig=/tmp/kubeconfig-4071347860 --namespace=kubectl-473 get pods -o template --template={{range.items}}{{.metadata.name}} {{end}} -l name=update-demo&#39;&#xA;I0511 14:22:21.645799 26 builder.go:146] stderr: &#34;&#34;&#xA;I0511 14:22:21.645834 26 builder.go:147] stdout: &#34;update-demo-nautilus-clmsn update-demo-nautilus-nmlf6 &#34;&#xA;I0511 14:22:21.645880 26 builder.go:121] Running &#39;/usr/local/bin/kubectl --kubeconfig=/tmp/kubeconfig-4071347860 --namespace=kubectl-473 get pods update-demo-nautilus-clmsn -o template --template={{if (exists . &#34;status&#34; &#34;containerStatuses&#34;)}}{{range .status.containerStatuses}}{{if (and (eq .name &#34;update-demo&#34;) (exists . &#34;state&#34; &#34;running&#34;))}}true{{end}}{{end}}{{end}}&#39;&#xA;I0511 14:22:21.683397 26 builder.go:146] stderr: &#34;&#34;&#xA;I0511 14:22:21.683438 26 builder.go:147] stdout: &#34;&#34;&#xA;I0511 14:22:21.683450 26 kubectl.go:2505] update-demo-nautilus-clmsn is created but not running&#xA;E0511 14:22:21.856061      26 retrywatcher.go:169] &#34;Watch failed&#34; err=&#34;context canceled&#34;&#xA;E0511 14:22:22.856999      26 retrywatcher.go:169] &#34;Watch failed&#34; err=&#34;context canceled&#34;&#xA;E0511 14:22:23.858179      26 retrywatcher.go:169] &#34;Watch failed&#34; err=&#34;context canceled&#34;&#xA;E0511 14:22:24.859094      26 retrywatcher.go:169] &#34;Watch failed&#34; err=&#34;context canceled&#34;&#xA;E0511 14:22:25.859572      26 retrywatcher.go:169] &#34;Watch failed&#34; err=&#34;context canceled&#34;&#xA;I0511 14:22:26.683610 26 builder.go:121] Running &#39;/usr/local/bin/kubectl --kubeconfig=/tmp/kubeconfig-4071347860 --namespace=kubectl-473 get pods -o template --template={{range.items}}{{.metadata.name}} {{end}} -l name=update-demo&#39;&#xA;I0511 14:22:26.730595 26 builder.go:146] stderr: &#34;&#34;&#xA;I0511 14:22:26.730620 26 builder.go:147] stdout: &#34;update-demo-nautilus-clmsn update-demo-nautilus-nmlf6 &#34;&#xA;I0511 14:22:26.730648 26 builder.go:121] Running &#39;/usr/local/bin/kubectl --kubeconfig=/tmp/kubeconfig-4071347860 --namespace=kubectl-473 get pods update-demo-nautilus-clmsn -o template --template={{if (exists . &#34;status&#34; &#34;containerStatuses&#34;)}}{{range .status.containerStatuses}}{{if (and (eq .name &#34;update-demo&#34;) (exists . &#34;state&#34; &#34;running&#34;))}}true{{end}}{{end}}{{end}}&#39;&#xA;I0511 14:22:26.762211 26 builder.go:146] stderr: &#34;&#34;&#xA;I0511 14:22:26.762243 26 builder.go:147] stdout: &#34;&#34;&#xA;I0511 14:22:26.762253 26 kubectl.go:2505] update-demo-nautilus-clmsn is created but not running&#xA;E0511 14:22:26.859670      26 retrywatcher.go:169] &#34;Watch failed&#34; err=&#34;context canceled&#34;&#xA;E0511 14:22:27.859707      26 retrywatcher.go:169] &#34;Watch failed&#34; err=&#34;context canceled&#34;&#xA;E0511 14:22:28.860198      26 retrywatcher.go:169] &#34;Watch failed&#34; err=&#34;context canceled&#34;&#xA;E0511 14:22:29.860583      26 retrywatcher.go:169] &#34;Watch failed&#34; err=&#34;context canceled&#34;&#xA;E0511 14:22:30.861189      26 retrywatcher.go:169] &#34;Watch failed&#34; err=&#34;context canceled&#34;&#xA;I0511 14:22:31.763266 26 builder.go:121] Running &#39;/usr/local/bin/kubectl --kubeconfig=/tmp/kubeconfig-4071347860 --namespace=kubectl-473 get pods -o template --template={{range.items}}{{.metadata.name}} {{end}} -l name=update-demo&#39;&#xA;I0511 14:22:31.806580 26 builder.go:146] stderr: &#34;&#34;&#xA;I0511 14:22:31.806618 26 builder.go:147] stdout: &#34;update-demo-nautilus-clmsn update-demo-nautilus-nmlf6 &#34;&#xA;I0511 14:22:31.806669 26 builder.go:121] Running &#39;/usr/local/bin/kubectl --kubeconfig=/tmp/kubeconfig-4071347860 --namespace=kubectl-473 get pods update-demo-nautilus-clmsn -o template --template={{if (exists . &#34;status&#34; &#34;containerStatuses&#34;)}}{{range .status.containerStatuses}}{{if (and (eq .name &#34;update-demo&#34;) (exists . &#34;state&#34; &#34;running&#34;))}}true{{end}}{{end}}{{end}}&#39;&#xA;I0511 14:22:31.849234 26 builder.go:146] stderr: &#34;&#34;&#xA;I0511 14:22:31.849261 26 builder.go:147] stdout: &#34;&#34;&#xA;I0511 14:22:31.849269 26 kubectl.go:2505] update-demo-nautilus-clmsn is created but not running&#xA;E0511 14:22:31.861469      26 retrywatcher.go:169] &#34;Watch failed&#34; err=&#34;context canceled&#34;&#xA;E0511 14:22:32.861888      26 retrywatcher.go:169] &#34;Watch failed&#34; err=&#34;context canceled&#34;&#xA;E0511 14:22:33.862350      26 retrywatcher.go:169] &#34;Watch failed&#34; err=&#34;context canceled&#34;&#xA;E0511 14:22:34.862636      26 retrywatcher.go:169] &#34;Watch failed&#34; err=&#34;context canceled&#34;&#xA;E0511 14:22:35.863273      26 retrywatcher.go:169] &#34;Watch failed&#34; err=&#34;context canceled&#34;&#xA;I0511 14:22:36.850379 26 builder.go:121] Running &#39;/usr/local/bin/kubectl --kubeconfig=/tmp/kubeconfig-4071347860 --namespace=kubectl-473 get pods -o template --template={{range.items}}{{.metadata.name}} {{end}} -l name=update-demo&#39;&#xA;E0511 14:22:36.864008      26 retrywatcher.go:169] &#34;Watch failed&#34; err=&#34;context canceled&#34;&#xA;I0511 14:22:36.905676 26 builder.go:146] stderr: &#34;&#34;&#xA;I0511 14:22:36.905717 26 builder.go:147] stdout: &#34;update-demo-nautilus-clmsn update-demo-nautilus-nmlf6 &#34;&#xA;I0511 14:22:36.905759 26 builder.go:121] Running &#39;/usr/local/bin/kubectl --kubeconfig=/tmp/kubeconfig-4071347860 --namespace=kubectl-473 get pods update-demo-nautilus-clmsn -o template --template={{if (exists . &#34;status&#34; &#34;containerStatuses&#34;)}}{{range .status.containerStatuses}}{{if (and (eq .name &#34;update-demo&#34;) (exists . &#34;state&#34; &#34;running&#34;))}}true{{end}}{{end}}{{end}}&#39;&#xA;I0511 14:22:36.940314 26 builder.go:146] stderr: &#34;&#34;&#xA;I0511 14:22:36.940348 26 builder.go:147] stdout: &#34;&#34;&#xA;I0511 14:22:36.940357 26 kubectl.go:2505] update-demo-nautilus-clmsn is created but not running&#xA;E0511 14:22:37.864704      26 retrywatcher.go:169] &#34;Watch failed&#34; err=&#34;context canceled&#34;&#xA;E0511 14:22:38.865319      26 retrywatcher.go:169] &#34;Watch failed&#34; err=&#34;context canceled&#34;&#xA;E0511 14:22:39.865824      26 retrywatcher.go:169] &#34;Watch failed&#34; err=&#34;context canceled&#34;&#xA;E0511 14:22:40.866760      26 retrywatcher.go:169] &#34;Watch failed&#34; err=&#34;context canceled&#34;&#xA;E0511 14:22:41.867270      26 retrywatcher.go:169] &#34;Watch failed&#34; err=&#34;context canceled&#34;&#xA;I0511 14:22:41.941475 26 builder.go:121] Running &#39;/usr/local/bin/kubectl --kubeconfig=/tmp/kubeconfig-4071347860 --namespace=kubectl-473 get pods -o template --template={{range.items}}{{.metadata.name}} {{end}} -l name=update-demo&#39;&#xA;I0511 14:22:41.989914 26 builder.go:146] stderr: &#34;&#34;&#xA;I0511 14:22:41.989946 26 builder.go:147] stdout: &#34;update-demo-nautilus-clmsn update-demo-nautilus-nmlf6 &#34;&#xA;I0511 14:22:41.989994 26 builder.go:121] Running &#39;/usr/local/bin/kubectl --kubeconfig=/tmp/kubeconfig-4071347860 --namespace=kubectl-473 get pods update-demo-nautilus-clmsn -o template --template={{if (exists . &#34;status&#34; &#34;containerStatuses&#34;)}}{{range .status.containerStatuses}}{{if (and (eq .name &#34;update-demo&#34;) (exists . &#34;state&#34; &#34;running&#34;))}}true{{end}}{{end}}{{end}}&#39;&#xA;I0511 14:22:42.026357 26 builder.go:146] stderr: &#34;&#34;&#xA;I0511 14:22:42.026387 26 builder.go:147] stdout: &#34;&#34;&#xA;I0511 14:22:42.026400 26 kubectl.go:2505] update-demo-nautilus-clmsn is created but not running&#xA;E0511 14:22:42.867563      26 retrywatcher.go:169] &#34;Watch failed&#34; err=&#34;context canceled&#34;&#xA;E0511 14:22:43.868083      26 retrywatcher.go:169] &#34;Watch failed&#34; err=&#34;context canceled&#34;&#xA;E0511 14:22:44.868386      26 retrywatcher.go:169] &#34;Watch failed&#34; err=&#34;context canceled&#34;&#xA;E0511 14:22:45.868956      26 retrywatcher.go:169] &#34;Watch failed&#34; err=&#34;context canceled&#34;&#xA;E0511 14:22:46.869090      26 retrywatcher.go:169] &#34;Watch failed&#34; err=&#34;context canceled&#34;&#xA;I0511 14:22:47.027554 26 builder.go:121] Running &#39;/usr/local/bin/kubectl --kubeconfig=/tmp/kubeconfig-4071347860 --namespace=kubectl-473 get pods -o template --template={{range.items}}{{.metadata.name}} {{end}} -l name=update-demo&#39;&#xA;I0511 14:22:47.085340 26 builder.go:146] stderr: &#34;&#34;&#xA;I0511 14:22:47.085374 26 builder.go:147] stdout: &#34;update-demo-nautilus-clmsn update-demo-nautilus-nmlf6 &#34;&#xA;I0511 14:22:47.085414 26 builder.go:121] Running &#39;/usr/local/bin/kubectl --kubeconfig=/tmp/kubeconfig-4071347860 --namespace=kubectl-473 get pods update-demo-nautilus-clmsn -o template --template={{if (exists . &#34;status&#34; &#34;containerStatuses&#34;)}}{{range .status.containerStatuses}}{{if (and (eq .name &#34;update-demo&#34;) (exists . &#34;state&#34; &#34;running&#34;))}}true{{end}}{{end}}{{end}}&#39;&#xA;I0511 14:22:47.125846 26 builder.go:146] stderr: &#34;&#34;&#xA;I0511 14:22:47.125879 26 builder.go:147] stdout: &#34;&#34;&#xA;I0511 14:22:47.125888 26 kubectl.go:2505] update-demo-nautilus-clmsn is created but not running&#xA;E0511 14:22:47.869337      26 retrywatcher.go:169] &#34;Watch failed&#34; err=&#34;context canceled&#34;&#xA;E0511 14:22:48.869951      26 retrywatcher.go:169] &#34;Watch failed&#34; err=&#34;context canceled&#34;&#xA;E0511 14:22:49.870230      26 retrywatcher.go:169] &#34;Watch failed&#34; err=&#34;context canceled&#34;&#xA;E0511 14:22:50.870817      26 retrywatcher.go:169] &#34;Watch failed&#34; err=&#34;context canceled&#34;&#xA;E0511 14:22:51.870951      26 retrywatcher.go:169] &#34;Watch failed&#34; err=&#34;context canceled&#34;&#xA;I0511 14:22:52.126444 26 builder.go:121] Running &#39;/usr/local/bin/kubectl --kubeconfig=/tmp/kubeconfig-4071347860 --namespace=kubectl-473 get pods -o template --template={{range.items}}{{.metadata.name}} {{end}} -l name=update-demo&#39;&#xA;I0511 14:22:52.174717 26 builder.go:146] stderr: &#34;&#34;&#xA;I0511 14:22:52.174750 26 builder.go:147] stdout: &#34;update-demo-nautilus-clmsn update-demo-nautilus-nmlf6 &#34;&#xA;I0511 14:22:52.174793 26 builder.go:121] Running &#39;/usr/local/bin/kubectl --kubeconfig=/tmp/kubeconfig-4071347860 --namespace=kubectl-473 get pods update-demo-nautilus-clmsn -o template --template={{if (exists . &#34;status&#34; &#34;containerStatuses&#34;)}}{{range .status.containerStatuses}}{{if (and (eq .name &#34;update-demo&#34;) (exists . &#34;state&#34; &#34;running&#34;))}}true{{end}}{{end}}{{end}}&#39;&#xA;I0511 14:22:52.208911 26 builder.go:146] stderr: &#34;&#34;&#xA;I0511 14:22:52.208947 26 builder.go:147] stdout: &#34;&#34;&#xA;I0511 14:22:52.208955 26 kubectl.go:2505] update-demo-nautilus-clmsn is created but not running&#xA;E0511 14:22:52.872013      26 retrywatcher.go:169] &#34;Watch failed&#34; err=&#34;context canceled&#34;&#xA;E0511 14:22:53.872839      26 retrywatcher.go:169] &#34;Watch failed&#34; err=&#34;context canceled&#34;&#xA;E0511 14:22:54.872692      26 retrywatcher.go:169] &#34;Watch failed&#34; err=&#34;context canceled&#34;&#xA;E0511 14:22:55.873227      26 retrywatcher.go:169] &#34;Watch failed&#34; err=&#34;context canceled&#34;&#xA;E0511 14:22:56.873911      26 retrywatcher.go:169] &#34;Watch failed&#34; err=&#34;context canceled&#34;&#xA;I0511 14:22:57.209231 26 builder.go:121] Running &#39;/usr/local/bin/kubectl --kubeconfig=/tmp/kubeconfig-4071347860 --namespace=kubectl-473 get pods -o template --template={{range.items}}{{.metadata.name}} {{end}} -l name=update-demo&#39;&#xA;I0511 14:22:57.253695 26 builder.go:146] stderr: &#34;&#34;&#xA;I0511 14:22:57.253729 26 builder.go:147] stdout: &#34;update-demo-nautilus-clmsn update-demo-nautilus-nmlf6 &#34;&#xA;I0511 14:22:57.253772 26 builder.go:121] Running &#39;/usr/local/bin/kubectl --kubeconfig=/tmp/kubeconfig-4071347860 --namespace=kubectl-473 get pods update-demo-nautilus-clmsn -o template --template={{if (exists . &#34;status&#34; &#34;containerStatuses&#34;)}}{{range .status.containerStatuses}}{{if (and (eq .name &#34;update-demo&#34;) (exists . &#34;state&#34; &#34;running&#34;))}}true{{end}}{{end}}{{end}}&#39;&#xA;I0511 14:22:57.285027 26 builder.go:146] stderr: &#34;&#34;&#xA;I0511 14:22:57.285057 26 builder.go:147] stdout: &#34;&#34;&#xA;I0511 14:22:57.285066 26 kubectl.go:2505] update-demo-nautilus-clmsn is created but not running&#xA;E0511 14:22:57.874763      26 retrywatcher.go:169] &#34;Watch failed&#34; err=&#34;context canceled&#34;&#xA;E0511 14:22:58.875228      26 retrywatcher.go:169] &#34;Watch failed&#34; err=&#34;context canceled&#34;&#xA;E0511 14:22:59.876280      26 retrywatcher.go:169] &#34;Watch failed&#34; err=&#34;context canceled&#34;&#xA;E0511 14:23:00.876735      26 retrywatcher.go:169] &#34;Watch failed&#34; err=&#34;context canceled&#34;&#xA;E0511 14:23:01.877232      26 retrywatcher.go:169] &#34;Watch failed&#34; err=&#34;context canceled&#34;&#xA;I0511 14:23:02.285923 26 builder.go:121] Running &#39;/usr/local/bin/kubectl --kubeconfig=/tmp/kubeconfig-4071347860 --namespace=kubectl-473 get pods -o template --template={{range.items}}{{.metadata.name}} {{end}} -l name=update-demo&#39;&#xA;I0511 14:23:02.332650 26 builder.go:146] stderr: &#34;&#34;&#xA;I0511 14:23:02.332676 26 builder.go:147] stdout: &#34;update-demo-nautilus-clmsn update-demo-nautilus-nmlf6 &#34;&#xA;I0511 14:23:02.332704 26 builder.go:121] Running &#39;/usr/local/bin/kubectl --kubeconfig=/tmp/kubeconfig-4071347860 --namespace=kubectl-473 get pods update-demo-nautilus-clmsn -o template --template={{if (exists . &#34;status&#34; &#34;containerStatuses&#34;)}}{{range .status.containerStatuses}}{{if (and (eq .name &#34;update-demo&#34;) (exists . &#34;state&#34; &#34;running&#34;))}}true{{end}}{{end}}{{end}}&#39;&#xA;I0511 14:23:02.365986 26 builder.go:146] stderr: &#34;&#34;&#xA;I0511 14:23:02.366018 26 builder.go:147] stdout: &#34;&#34;&#xA;I0511 14:23:02.366027 26 kubectl.go:2505] update-demo-nautilus-clmsn is created but not running&#xA;E0511 14:23:02.877529      26 retrywatcher.go:169] &#34;Watch failed&#34; err=&#34;context canceled&#34;&#xA;E0511 14:23:03.877834      26 retrywatcher.go:169] &#34;Watch failed&#34; err=&#34;context canceled&#34;&#xA;E0511 14:23:04.878078      26 retrywatcher.go:169] &#34;Watch failed&#34; err=&#34;context canceled&#34;&#xA;E0511 14:23:05.878553      26 retrywatcher.go:169] &#34;Watch failed&#34; err=&#34;context canceled&#34;&#xA;E0511 14:23:06.879003      26 retrywatcher.go:169] &#34;Watch failed&#34; err=&#34;context canceled&#34;&#xA;I0511 14:23:07.366377 26 builder.go:121] Running &#39;/usr/local/bin/kubectl --kubeconfig=/tmp/kubeconfig-4071347860 --namespace=kubectl-473 get pods -o template --template={{range.items}}{{.metadata.name}} {{end}} -l name=update-demo&#39;&#xA;I0511 14:23:07.412939 26 builder.go:146] stderr: &#34;&#34;&#xA;I0511 14:23:07.412975 26 builder.go:147] stdout: &#34;update-demo-nautilus-clmsn update-demo-nautilus-nmlf6 &#34;&#xA;I0511 14:23:07.413013 26 builder.go:121] Running &#39;/usr/local/bin/kubectl --kubeconfig=/tmp/kubeconfig-4071347860 --namespace=kubectl-473 get pods update-demo-nautilus-clmsn -o template --template={{if (exists . &#34;status&#34; &#34;containerStatuses&#34;)}}{{range .status.containerStatuses}}{{if (and (eq .name &#34;update-demo&#34;) (exists . &#34;state&#34; &#34;running&#34;))}}true{{end}}{{end}}{{end}}&#39;&#xA;I0511 14:23:07.449226 26 builder.go:146] stderr: &#34;&#34;&#xA;I0511 14:23:07.449258 26 builder.go:147] stdout: &#34;&#34;&#xA;I0511 14:23:07.449268 26 kubectl.go:2505] update-demo-nautilus-clmsn is created but not running&#xA;E0511 14:23:07.880266      26 retrywatcher.go:169] &#34;Watch failed&#34; err=&#34;context canceled&#34;&#xA;E0511 14:23:08.880576      26 retrywatcher.go:169] &#34;Watch failed&#34; err=&#34;context canceled&#34;&#xA;E0511 14:23:09.880987      26 retrywatcher.go:169] &#34;Watch failed&#34; err=&#34;context canceled&#34;&#xA;E0511 14:23:10.881409      26 retrywatcher.go:169] &#34;Watch failed&#34; err=&#34;context canceled&#34;&#xA;E0511 14:23:11.881881      26 retrywatcher.go:169] &#34;Watch failed&#34; err=&#34;context canceled&#34;&#xA;I0511 14:23:12.449594 26 builder.go:121] Running &#39;/usr/local/bin/kubectl --kubeconfig=/tmp/kubeconfig-4071347860 --namespace=kubectl-473 get pods -o template --template={{range.items}}{{.metadata.name}} {{end}} -l name=update-demo&#39;&#xA;I0511 14:23:12.495510 26 builder.go:146] stderr: &#34;&#34;&#xA;I0511 14:23:12.495557 26 builder.go:147] stdout: &#34;update-demo-nautilus-clmsn update-demo-nautilus-nmlf6 &#34;&#xA;I0511 14:23:12.495605 26 builder.go:121] Running &#39;/usr/local/bin/kubectl --kubeconfig=/tmp/kubeconfig-4071347860 --namespace=kubectl-473 get pods update-demo-nautilus-clmsn -o template --template={{if (exists . &#34;status&#34; &#34;containerStatuses&#34;)}}{{range .status.containerStatuses}}{{if (and (eq .name &#34;update-demo&#34;) (exists . &#34;state&#34; &#34;running&#34;))}}true{{end}}{{end}}{{end}}&#39;&#xA;I0511 14:23:12.531784 26 builder.go:146] stderr: &#34;&#34;&#xA;I0511 14:23:12.531819 26 builder.go:147] stdout: &#34;&#34;&#xA;I0511 14:23:12.531829 26 kubectl.go:2505] update-demo-nautilus-clmsn is created but not running&#xA;E0511 14:23:12.882819      26 retrywatcher.go:169] &#34;Watch failed&#34; err=&#34;context canceled&#34;&#xA;E0511 14:23:13.883355      26 retrywatcher.go:169] &#34;Watch failed&#34; err=&#34;context canceled&#34;&#xA;E0511 14:23:14.883874      26 retrywatcher.go:169] &#34;Watch failed&#34; err=&#34;context canceled&#34;&#xA;E0511 14:23:15.884318      26 retrywatcher.go:169] &#34;Watch failed&#34; err=&#34;context canceled&#34;&#xA;E0511 14:23:16.884692      26 retrywatcher.go:169] &#34;Watch failed&#34; err=&#34;context canceled&#34;&#xA;I0511 14:23:17.532537 26 builder.go:121] Running &#39;/usr/local/bin/kubectl --kubeconfig=/tmp/kubeconfig-4071347860 --namespace=kubectl-473 get pods -o template --template={{range.items}}{{.metadata.name}} {{end}} -l name=update-demo&#39;&#xA;I0511 14:23:17.576606 26 builder.go:146] stderr: &#34;&#34;&#xA;I0511 14:23:17.576651 26 builder.go:147] stdout: &#34;update-demo-nautilus-clmsn update-demo-nautilus-nmlf6 &#34;&#xA;I0511 14:23:17.576697 26 builder.go:121] Running &#39;/usr/local/bin/kubectl --kubeconfig=/tmp/kubeconfig-4071347860 --namespace=kubectl-473 get pods update-demo-nautilus-clmsn -o template --template={{if (exists . &#34;status&#34; &#34;containerStatuses&#34;)}}{{range .status.containerStatuses}}{{if (and (eq .name &#34;update-demo&#34;) (exists . &#34;state&#34; &#34;running&#34;))}}true{{end}}{{end}}{{end}}&#39;&#xA;I0511 14:23:17.620683 26 builder.go:146] stderr: &#34;&#34;&#xA;I0511 14:23:17.620721 26 builder.go:147] stdout: &#34;&#34;&#xA;I0511 14:23:17.620732 26 kubectl.go:2505] update-demo-nautilus-clmsn is created but not running&#xA;E0511 14:23:17.885844      26 retrywatcher.go:169] &#34;Watch failed&#34; err=&#34;context canceled&#34;&#xA;E0511 14:23:18.886360      26 retrywatcher.go:169] &#34;Watch failed&#34; err=&#34;context canceled&#34;&#xA;E0511 14:23:19.887153      26 retrywatcher.go:169] &#34;Watch failed&#34; err=&#34;context canceled&#34;&#xA;E0511 14:23:20.887605      26 retrywatcher.go:169] &#34;Watch failed&#34; err=&#34;context canceled&#34;&#xA;E0511 14:23:21.888052      26 retrywatcher.go:169] &#34;Watch failed&#34; err=&#34;context canceled&#34;&#xA;I0511 14:23:22.621095 26 builder.go:121] Running &#39;/usr/local/bin/kubectl --kubeconfig=/tmp/kubeconfig-4071347860 --namespace=kubectl-473 get pods -o template --template={{range.items}}{{.metadata.name}} {{end}} -l name=update-demo&#39;&#xA;I0511 14:23:22.668822 26 builder.go:146] stderr: &#34;&#34;&#xA;I0511 14:23:22.668861 26 builder.go:147] stdout: &#34;update-demo-nautilus-clmsn update-demo-nautilus-nmlf6 &#34;&#xA;I0511 14:23:22.668909 26 builder.go:121] Running &#39;/usr/local/bin/kubectl --kubeconfig=/tmp/kubeconfig-4071347860 --namespace=kubectl-473 get pods update-demo-nautilus-clmsn -o template --template={{if (exists . &#34;status&#34; &#34;containerStatuses&#34;)}}{{range .status.containerStatuses}}{{if (and (eq .name &#34;update-demo&#34;) (exists . &#34;state&#34; &#34;running&#34;))}}true{{end}}{{end}}{{end}}&#39;&#xA;I0511 14:23:22.705061 26 builder.go:146] stderr: &#34;&#34;&#xA;I0511 14:23:22.705096 26 builder.go:147] stdout: &#34;&#34;&#xA;I0511 14:23:22.705107 26 kubectl.go:2505] update-demo-nautilus-clmsn is created but not running&#xA;E0511 14:23:22.888664      26 retrywatcher.go:169] &#34;Watch failed&#34; err=&#34;context canceled&#34;&#xA;E0511 14:23:23.889227      26 retrywatcher.go:169] &#34;Watch failed&#34; err=&#34;context canceled&#34;&#xA;E0511 14:23:24.889238      26 retrywatcher.go:169] &#34;Watch failed&#34; err=&#34;context canceled&#34;&#xA;E0511 14:23:25.889960      26 retrywatcher.go:169] &#34;Watch failed&#34; err=&#34;context canceled&#34;&#xA;E0511 14:23:26.890580      26 retrywatcher.go:169] &#34;Watch failed&#34; err=&#34;context canceled&#34;&#xA;I0511 14:23:27.706024 26 builder.go:121] Running &#39;/usr/local/bin/kubectl --kubeconfig=/tmp/kubeconfig-4071347860 --namespace=kubectl-473 get pods -o template --template={{range.items}}{{.metadata.name}} {{end}} -l name=update-demo&#39;&#xA;I0511 14:23:27.753336 26 builder.go:146] stderr: &#34;&#34;&#xA;I0511 14:23:27.753369 26 builder.go:147] stdout: &#34;update-demo-nautilus-clmsn update-demo-nautilus-nmlf6 &#34;&#xA;I0511 14:23:27.753412 26 builder.go:121] Running &#39;/usr/local/bin/kubectl --kubeconfig=/tmp/kubeconfig-4071347860 --namespace=kubectl-473 get pods update-demo-nautilus-clmsn -o template --template={{if (exists . &#34;status&#34; &#34;containerStatuses&#34;)}}{{range .status.containerStatuses}}{{if (and (eq .name &#34;update-demo&#34;) (exists . &#34;state&#34; &#34;running&#34;))}}true{{end}}{{end}}{{end}}&#39;&#xA;I0511 14:23:27.789315 26 builder.go:146] stderr: &#34;&#34;&#xA;I0511 14:23:27.789356 26 builder.go:147] stdout: &#34;&#34;&#xA;I0511 14:23:27.789368 26 kubectl.go:2505] update-demo-nautilus-clmsn is created but not running&#xA;E0511 14:23:27.890955      26 retrywatcher.go:169] &#34;Watch failed&#34; err=&#34;context canceled&#34;&#xA;E0511 14:23:28.891554      26 retrywatcher.go:169] &#34;Watch failed&#34; err=&#34;context canceled&#34;&#xA;E0511 14:23:29.891963      26 retrywatcher.go:169] &#34;Watch failed&#34; err=&#34;context canceled&#34;&#xA;E0511 14:23:30.892532      26 retrywatcher.go:169] &#34;Watch failed&#34; err=&#34;context canceled&#34;&#xA;E0511 14:23:31.893354      26 retrywatcher.go:169] &#34;Watch failed&#34; err=&#34;context canceled&#34;&#xA;I0511 14:23:32.790363 26 builder.go:121] Running &#39;/usr/local/bin/kubectl --kubeconfig=/tmp/kubeconfig-4071347860 --namespace=kubectl-473 get pods -o template --template={{range.items}}{{.metadata.name}} {{end}} -l name=update-demo&#39;&#xA;I0511 14:23:32.834584 26 builder.go:146] stderr: &#34;&#34;&#xA;I0511 14:23:32.834620 26 builder.go:147] stdout: &#34;update-demo-nautilus-clmsn update-demo-nautilus-nmlf6 &#34;&#xA;I0511 14:23:32.834662 26 builder.go:121] Running &#39;/usr/local/bin/kubectl --kubeconfig=/tmp/kubeconfig-4071347860 --namespace=kubectl-473 get pods update-demo-nautilus-clmsn -o template --template={{if (exists . &#34;status&#34; &#34;containerStatuses&#34;)}}{{range .status.containerStatuses}}{{if (and (eq .name &#34;update-demo&#34;) (exists . &#34;state&#34; &#34;running&#34;))}}true{{end}}{{end}}{{end}}&#39;&#xA;I0511 14:23:32.870128 26 builder.go:146] stderr: &#34;&#34;&#xA;I0511 14:23:32.870167 26 builder.go:147] stdout: &#34;&#34;&#xA;I0511 14:23:32.870177 26 kubectl.go:2505] update-demo-nautilus-clmsn is created but not running&#xA;E0511 14:23:32.893402      26 retrywatcher.go:169] &#34;Watch failed&#34; err=&#34;context canceled&#34;&#xA;E0511 14:23:33.893987      26 retrywatcher.go:169] &#34;Watch failed&#34; err=&#34;context canceled&#34;&#xA;E0511 14:23:34.894406      26 retrywatcher.go:169] &#34;Watch failed&#34; err=&#34;context canceled&#34;&#xA;E0511 14:23:35.894950      26 retrywatcher.go:169] &#34;Watch failed&#34; err=&#34;context canceled&#34;&#xA;E0511 14:23:36.895916      26 retrywatcher.go:169] &#34;Watch failed&#34; err=&#34;context canceled&#34;&#xA;I0511 14:23:37.870613 26 builder.go:121] Running &#39;/usr/local/bin/kubectl --kubeconfig=/tmp/kubeconfig-4071347860 --namespace=kubectl-473 get pods -o template --template={{range.items}}{{.metadata.name}} {{end}} -l name=update-demo&#39;&#xA;E0511 14:23:37.896101      26 retrywatcher.go:169] &#34;Watch failed&#34; err=&#34;context canceled&#34;&#xA;I0511 14:23:37.913488 26 builder.go:146] stderr: &#34;&#34;&#xA;I0511 14:23:37.913523 26 builder.go:147] stdout: &#34;update-demo-nautilus-clmsn update-demo-nautilus-nmlf6 &#34;&#xA;I0511 14:23:37.913549 26 builder.go:121] Running &#39;/usr/local/bin/kubectl --kubeconfig=/tmp/kubeconfig-4071347860 --namespace=kubectl-473 get pods update-demo-nautilus-clmsn -o template --template={{if (exists . &#34;status&#34; &#34;containerStatuses&#34;)}}{{range .status.containerStatuses}}{{if (and (eq .name &#34;update-demo&#34;) (exists . &#34;state&#34; &#34;running&#34;))}}true{{end}}{{end}}{{end}}&#39;&#xA;I0511 14:23:37.953712 26 builder.go:146] stderr: &#34;&#34;&#xA;I0511 14:23:37.953750 26 builder.go:147] stdout: &#34;&#34;&#xA;I0511 14:23:37.953772 26 kubectl.go:2505] update-demo-nautilus-clmsn is created but not running&#xA;E0511 14:23:38.896776      26 retrywatcher.go:169] &#34;Watch failed&#34; err=&#34;context canceled&#34;&#xA;E0511 14:23:39.897095      26 retrywatcher.go:169] &#34;Watch failed&#34; err=&#34;context canceled&#34;&#xA;E0511 14:23:40.897643      26 retrywatcher.go:169] &#34;Watch failed&#34; err=&#34;context canceled&#34;&#xA;E0511 14:23:41.898164      26 retrywatcher.go:169] &#34;Watch failed&#34; err=&#34;context canceled&#34;&#xA;E0511 14:23:42.898906      26 retrywatcher.go:169] &#34;Watch failed&#34; err=&#34;context canceled&#34;&#xA;I0511 14:23:42.954006 26 builder.go:121] Running &#39;/usr/local/bin/kubectl --kubeconfig=/tmp/kubeconfig-4071347860 --namespace=kubectl-473 get pods -o template --template={{range.items}}{{.metadata.name}} {{end}} -l name=update-demo&#39;&#xA;I0511 14:23:42.999794 26 builder.go:146] stderr: &#34;&#34;&#xA;I0511 14:23:42.999836 26 builder.go:147] stdout: &#34;update-demo-nautilus-clmsn update-demo-nautilus-nmlf6 &#34;&#xA;I0511 14:23:42.999893 26 builder.go:121] Running &#39;/usr/local/bin/kubectl --kubeconfig=/tmp/kubeconfig-4071347860 --namespace=kubectl-473 get pods update-demo-nautilus-clmsn -o template --template={{if (exists . &#34;status&#34; &#34;containerStatuses&#34;)}}{{range .status.containerStatuses}}{{if (and (eq .name &#34;update-demo&#34;) (exists . &#34;state&#34; &#34;running&#34;))}}true{{end}}{{end}}{{end}}&#39;&#xA;I0511 14:23:43.034838 26 builder.go:146] stderr: &#34;&#34;&#xA;I0511 14:23:43.034874 26 builder.go:147] stdout: &#34;&#34;&#xA;I0511 14:23:43.034881 26 kubectl.go:2505] update-demo-nautilus-clmsn is created but not running&#xA;E0511 14:23:43.899917      26 retrywatcher.go:169] &#34;Watch failed&#34; err=&#34;context canceled&#34;&#xA;E0511 14:23:44.900149      26 retrywatcher.go:169] &#34;Watch failed&#34; err=&#34;context canceled&#34;&#xA;E0511 14:23:45.901057      26 retrywatcher.go:169] &#34;Watch failed&#34; err=&#34;context canceled&#34;&#xA;E0511 14:23:46.901809      26 retrywatcher.go:169] &#34;Watch failed&#34; err=&#34;context canceled&#34;&#xA;E0511 14:23:47.902865      26 retrywatcher.go:169] &#34;Watch failed&#34; err=&#34;context canceled&#34;&#xA;I0511 14:23:48.035221 26 builder.go:121] Running &#39;/usr/local/bin/kubectl --kubeconfig=/tmp/kubeconfig-4071347860 --namespace=kubectl-473 get pods -o template --template={{range.items}}{{.metadata.name}} {{end}} -l name=update-demo&#39;&#xA;I0511 14:23:48.083171 26 builder.go:146] stderr: &#34;&#34;&#xA;I0511 14:23:48.083195 26 builder.go:147] stdout: &#34;update-demo-nautilus-clmsn update-demo-nautilus-nmlf6 &#34;&#xA;I0511 14:23:48.083221 26 builder.go:121] Running &#39;/usr/local/bin/kubectl --kubeconfig=/tmp/kubeconfig-4071347860 --namespace=kubectl-473 get pods update-demo-nautilus-clmsn -o template --template={{if (exists . &#34;status&#34; &#34;containerStatuses&#34;)}}{{range .status.containerStatuses}}{{if (and (eq .name &#34;update-demo&#34;) (exists . &#34;state&#34; &#34;running&#34;))}}true{{end}}{{end}}{{end}}&#39;&#xA;I0511 14:23:48.121578 26 builder.go:146] stderr: &#34;&#34;&#xA;I0511 14:23:48.121612 26 builder.go:147] stdout: &#34;&#34;&#xA;I0511 14:23:48.121623 26 kubectl.go:2505] update-demo-nautilus-clmsn is created but not running&#xA;E0511 14:23:48.903681      26 retrywatcher.go:169] &#34;Watch failed&#34; err=&#34;context canceled&#34;&#xA;E0511 14:23:49.903818      26 retrywatcher.go:169] &#34;Watch failed&#34; err=&#34;context canceled&#34;&#xA;E0511 14:23:50.904445      26 retrywatcher.go:169] &#34;Watch failed&#34; err=&#34;context canceled&#34;&#xA;E0511 14:23:51.904717      26 retrywatcher.go:169] &#34;Watch failed&#34; err=&#34;context canceled&#34;&#xA;E0511 14:23:52.905077      26 retrywatcher.go:169] &#34;Watch failed&#34; err=&#34;context canceled&#34;&#xA;I0511 14:23:53.122510 26 builder.go:121] Running &#39;/usr/local/bin/kubectl --kubeconfig=/tmp/kubeconfig-4071347860 --namespace=kubectl-473 get pods -o template --template={{range.items}}{{.metadata.name}} {{end}} -l name=update-demo&#39;&#xA;I0511 14:23:53.165699 26 builder.go:146] stderr: &#34;&#34;&#xA;I0511 14:23:53.165735 26 builder.go:147] stdout: &#34;update-demo-nautilus-clmsn update-demo-nautilus-nmlf6 &#34;&#xA;I0511 14:23:53.165781 26 builder.go:121] Running &#39;/usr/local/bin/kubectl --kubeconfig=/tmp/kubeconfig-4071347860 --namespace=kubectl-473 get pods update-demo-nautilus-clmsn -o template --template={{if (exists . &#34;status&#34; &#34;containerStatuses&#34;)}}{{range .status.containerStatuses}}{{if (and (eq .name &#34;update-demo&#34;) (exists . &#34;state&#34; &#34;running&#34;))}}true{{end}}{{end}}{{end}}&#39;&#xA;I0511 14:23:53.205425 26 builder.go:146] stderr: &#34;&#34;&#xA;I0511 14:23:53.205464 26 builder.go:147] stdout: &#34;&#34;&#xA;I0511 14:23:53.205476 26 kubectl.go:2505] update-demo-nautilus-clmsn is created but not running&#xA;E0511 14:23:53.905667      26 retrywatcher.go:169] &#34;Watch failed&#34; err=&#34;context canceled&#34;&#xA;E0511 14:23:54.906818      26 retrywatcher.go:169] &#34;Watch failed&#34; err=&#34;context canceled&#34;&#xA;E0511 14:23:55.907540      26 retrywatcher.go:169] &#34;Watch failed&#34; err=&#34;context canceled&#34;&#xA;E0511 14:23:56.907781      26 retrywatcher.go:169] &#34;Watch failed&#34; err=&#34;context canceled&#34;&#xA;E0511 14:23:57.908702      26 retrywatcher.go:169] &#34;Watch failed&#34; err=&#34;context canceled&#34;&#xA;I0511 14:23:58.206066 26 builder.go:121] Running &#39;/usr/local/bin/kubectl --kubeconfig=/tmp/kubeconfig-4071347860 --namespace=kubectl-473 get pods -o template --template={{range.items}}{{.metadata.name}} {{end}} -l name=update-demo&#39;&#xA;I0511 14:23:58.245365 26 builder.go:146] stderr: &#34;&#34;&#xA;I0511 14:23:58.245398 26 builder.go:147] stdout: &#34;update-demo-nautilus-clmsn update-demo-nautilus-nmlf6 &#34;&#xA;I0511 14:23:58.245440 26 builder.go:121] Running &#39;/usr/local/bin/kubectl --kubeconfig=/tmp/kubeconfig-4071347860 --namespace=kubectl-473 get pods update-demo-nautilus-clmsn -o template --template={{if (exists . &#34;status&#34; &#34;containerStatuses&#34;)}}{{range .status.containerStatuses}}{{if (and (eq .name &#34;update-demo&#34;) (exists . &#34;state&#34; &#34;running&#34;))}}true{{end}}{{end}}{{end}}&#39;&#xA;I0511 14:23:58.286385 26 builder.go:146] stderr: &#34;&#34;&#xA;I0511 14:23:58.286417 26 builder.go:147] stdout: &#34;&#34;&#xA;I0511 14:23:58.286428 26 kubectl.go:2505] update-demo-nautilus-clmsn is created but not running&#xA;E0511 14:23:58.909902      26 retrywatcher.go:169] &#34;Watch failed&#34; err=&#34;context canceled&#34;&#xA;E0511 14:23:59.909924      26 retrywatcher.go:169] &#34;Watch failed&#34; err=&#34;context canceled&#34;&#xA;E0511 14:24:00.910385      26 retrywatcher.go:169] &#34;Watch failed&#34; err=&#34;context canceled&#34;&#xA;E0511 14:24:01.910809      26 retrywatcher.go:169] &#34;Watch failed&#34; err=&#34;context canceled&#34;&#xA;E0511 14:24:02.911393      26 retrywatcher.go:169] &#34;Watch failed&#34; err=&#34;context canceled&#34;&#xA;I0511 14:24:03.286944 26 builder.go:121] Running &#39;/usr/local/bin/kubectl --kubeconfig=/tmp/kubeconfig-4071347860 --namespace=kubectl-473 get pods -o template --template={{range.items}}{{.metadata.name}} {{end}} -l name=update-demo&#39;&#xA;I0511 14:24:03.330975 26 builder.go:146] stderr: &#34;&#34;&#xA;I0511 14:24:03.331001 26 builder.go:147] stdout: &#34;update-demo-nautilus-clmsn update-demo-nautilus-nmlf6 &#34;&#xA;I0511 14:24:03.331030 26 builder.go:121] Running &#39;/usr/local/bin/kubectl --kubeconfig=/tmp/kubeconfig-4071347860 --namespace=kubectl-473 get pods update-demo-nautilus-clmsn -o template --template={{if (exists . &#34;status&#34; &#34;containerStatuses&#34;)}}{{range .status.containerStatuses}}{{if (and (eq .name &#34;update-demo&#34;) (exists . &#34;state&#34; &#34;running&#34;))}}true{{end}}{{end}}{{end}}&#39;&#xA;I0511 14:24:03.365161 26 builder.go:146] stderr: &#34;&#34;&#xA;I0511 14:24:03.365196 26 builder.go:147] stdout: &#34;&#34;&#xA;I0511 14:24:03.365207 26 kubectl.go:2505] update-demo-nautilus-clmsn is created but not running&#xA;E0511 14:24:03.911998      26 retrywatcher.go:169] &#34;Watch failed&#34; err=&#34;context canceled&#34;&#xA;E0511 14:24:04.912129      26 retrywatcher.go:169] &#34;Watch failed&#34; err=&#34;context canceled&#34;&#xA;E0511 14:24:05.912864      26 retrywatcher.go:169] &#34;Watch failed&#34; err=&#34;context canceled&#34;&#xA;E0511 14:24:06.913571      26 retrywatcher.go:169] &#34;Watch failed&#34; err=&#34;context canceled&#34;&#xA;E0511 14:24:07.914193      26 retrywatcher.go:169] &#34;Watch failed&#34; err=&#34;context canceled&#34;&#xA;I0511 14:24:08.365621 26 builder.go:121] Running &#39;/usr/local/bin/kubectl --kubeconfig=/tmp/kubeconfig-4071347860 --namespace=kubectl-473 get pods -o template --template={{range.items}}{{.metadata.name}} {{end}} -l name=update-demo&#39;&#xA;I0511 14:24:08.409846 26 builder.go:146] stderr: &#34;&#34;&#xA;I0511 14:24:08.409875 26 builder.go:147] stdout: &#34;update-demo-nautilus-clmsn update-demo-nautilus-nmlf6 &#34;&#xA;I0511 14:24:08.409901 26 builder.go:121] Running &#39;/usr/local/bin/kubectl --kubeconfig=/tmp/kubeconfig-4071347860 --namespace=kubectl-473 get pods update-demo-nautilus-clmsn -o template --template={{if (exists . &#34;status&#34; &#34;containerStatuses&#34;)}}{{range .status.containerStatuses}}{{if (and (eq .name &#34;update-demo&#34;) (exists . &#34;state&#34; &#34;running&#34;))}}true{{end}}{{end}}{{end}}&#39;&#xA;I0511 14:24:08.441648 26 builder.go:146] stderr: &#34;&#34;&#xA;I0511 14:24:08.441681 26 builder.go:147] stdout: &#34;&#34;&#xA;I0511 14:24:08.441697 26 kubectl.go:2505] update-demo-nautilus-clmsn is created but not running&#xA;E0511 14:24:08.914531      26 retrywatcher.go:169] &#34;Watch failed&#34; err=&#34;context canceled&#34;&#xA;E0511 14:24:09.915020      26 retrywatcher.go:169] &#34;Watch failed&#34; err=&#34;context canceled&#34;&#xA;E0511 14:24:10.915618      26 retrywatcher.go:169] &#34;Watch failed&#34; err=&#34;context canceled&#34;&#xA;E0511 14:24:11.916230      26 retrywatcher.go:169] &#34;Watch failed&#34; err=&#34;context canceled&#34;&#xA;E0511 14:24:12.916947      26 retrywatcher.go:169] &#34;Watch failed&#34; err=&#34;context canceled&#34;&#xA;I0511 14:24:13.442661 26 builder.go:121] Running &#39;/usr/local/bin/kubectl --kubeconfig=/tmp/kubeconfig-4071347860 --namespace=kubectl-473 get pods -o template --template={{range.items}}{{.metadata.name}} {{end}} -l name=update-demo&#39;&#xA;I0511 14:24:13.490153 26 builder.go:146] stderr: &#34;&#34;&#xA;I0511 14:24:13.490191 26 builder.go:147] stdout: &#34;update-demo-nautilus-clmsn update-demo-nautilus-nmlf6 &#34;&#xA;I0511 14:24:13.490234 26 builder.go:121] Running &#39;/usr/local/bin/kubectl --kubeconfig=/tmp/kubeconfig-4071347860 --namespace=kubectl-473 get pods update-demo-nautilus-clmsn -o template --template={{if (exists . &#34;status&#34; &#34;containerStatuses&#34;)}}{{range .status.containerStatuses}}{{if (and (eq .name &#34;update-demo&#34;) (exists . &#34;state&#34; &#34;running&#34;))}}true{{end}}{{end}}{{end}}&#39;&#xA;I0511 14:24:13.524977 26 builder.go:146] stderr: &#34;&#34;&#xA;I0511 14:24:13.525014 26 builder.go:147] stdout: &#34;&#34;&#xA;I0511 14:24:13.525023 26 kubectl.go:2505] update-demo-nautilus-clmsn is created but not running&#xA;E0511 14:24:13.917863      26 retrywatcher.go:169] &#34;Watch failed&#34; err=&#34;context canceled&#34;&#xA;E0511 14:24:14.918289      26 retrywatcher.go:169] &#34;Watch failed&#34; err=&#34;context canceled&#34;&#xA;E0511 14:24:15.918668      26 retrywatcher.go:169] &#34;Watch failed&#34; err=&#34;context canceled&#34;&#xA;E0511 14:24:16.919134      26 retrywatcher.go:169] &#34;Watch failed&#34; err=&#34;context canceled&#34;&#xA;E0511 14:24:17.919865      26 retrywatcher.go:169] &#34;Watch failed&#34; err=&#34;context canceled&#34;&#xA;I0511 14:24:18.525591 26 builder.go:121] Running &#39;/usr/local/bin/kubectl --kubeconfig=/tmp/kubeconfig-4071347860 --namespace=kubectl-473 get pods -o template --template={{range.items}}{{.metadata.name}} {{end}} -l name=update-demo&#39;&#xA;I0511 14:24:18.571186 26 builder.go:146] stderr: &#34;&#34;&#xA;I0511 14:24:18.571225 26 builder.go:147] stdout: &#34;update-demo-nautilus-clmsn update-demo-nautilus-nmlf6 &#34;&#xA;I0511 14:24:18.571263 26 builder.go:121] Running &#39;/usr/local/bin/kubectl --kubeconfig=/tmp/kubeconfig-4071347860 --namespace=kubectl-473 get pods update-demo-nautilus-clmsn -o template --template={{if (exists . &#34;status&#34; &#34;containerStatuses&#34;)}}{{range .status.containerStatuses}}{{if (and (eq .name &#34;update-demo&#34;) (exists . &#34;state&#34; &#34;running&#34;))}}true{{end}}{{end}}{{end}}&#39;&#xA;I0511 14:24:18.606923 26 builder.go:146] stderr: &#34;&#34;&#xA;I0511 14:24:18.606955 26 builder.go:147] stdout: &#34;&#34;&#xA;I0511 14:24:18.606964 26 kubectl.go:2505] update-demo-nautilus-clmsn is created but not running&#xA;E0511 14:24:18.920938      26 retrywatcher.go:169] &#34;Watch failed&#34; err=&#34;context canceled&#34;&#xA;E0511 14:24:19.921282      26 retrywatcher.go:169] &#34;Watch failed&#34; err=&#34;context canceled&#34;&#xA;E0511 14:24:20.921785      26 retrywatcher.go:169] &#34;Watch failed&#34; err=&#34;context canceled&#34;&#xA;E0511 14:24:21.922294      26 retrywatcher.go:169] &#34;Watch failed&#34; err=&#34;context canceled&#34;&#xA;E0511 14:24:22.922955      26 retrywatcher.go:169] &#34;Watch failed&#34; err=&#34;context canceled&#34;&#xA;I0511 14:24:23.607885 26 builder.go:121] Running &#39;/usr/local/bin/kubectl --kubeconfig=/tmp/kubeconfig-4071347860 --namespace=kubectl-473 get pods -o template --template={{range.items}}{{.metadata.name}} {{end}} -l name=update-demo&#39;&#xA;I0511 14:24:23.666033 26 builder.go:146] stderr: &#34;&#34;&#xA;I0511 14:24:23.666068 26 builder.go:147] stdout: &#34;update-demo-nautilus-clmsn update-demo-nautilus-nmlf6 &#34;&#xA;I0511 14:24:23.666110 26 builder.go:121] Running &#39;/usr/local/bin/kubectl --kubeconfig=/tmp/kubeconfig-4071347860 --namespace=kubectl-473 get pods update-demo-nautilus-clmsn -o template --template={{if (exists . &#34;status&#34; &#34;containerStatuses&#34;)}}{{range .status.containerStatuses}}{{if (and (eq .name &#34;update-demo&#34;) (exists . &#34;state&#34; &#34;running&#34;))}}true{{end}}{{end}}{{end}}&#39;&#xA;I0511 14:24:23.701448 26 builder.go:146] stderr: &#34;&#34;&#xA;I0511 14:24:23.701486 26 builder.go:147] stdout: &#34;&#34;&#xA;I0511 14:24:23.701500 26 kubectl.go:2505] update-demo-nautilus-clmsn is created but not running&#xA;E0511 14:24:23.923767      26 retrywatcher.go:169] &#34;Watch failed&#34; err=&#34;context canceled&#34;&#xA;E0511 14:24:24.924558      26 retrywatcher.go:169] &#34;Watch failed&#34; err=&#34;context canceled&#34;&#xA;E0511 14:24:25.924893      26 retrywatcher.go:169] &#34;Watch failed&#34; err=&#34;context canceled&#34;&#xA;E0511 14:24:26.925495      26 retrywatcher.go:169] &#34;Watch failed&#34; err=&#34;context canceled&#34;&#xA;E0511 14:24:27.925707      26 retrywatcher.go:169] &#34;Watch failed&#34; err=&#34;context canceled&#34;&#xA;I0511 14:24:28.702573 26 builder.go:121] Running &#39;/usr/local/bin/kubectl --kubeconfig=/tmp/kubeconfig-4071347860 --namespace=kubectl-473 get pods -o template --template={{range.items}}{{.metadata.name}} {{end}} -l name=update-demo&#39;&#xA;I0511 14:24:28.748643 26 builder.go:146] stderr: &#34;&#34;&#xA;I0511 14:24:28.748690 26 builder.go:147] stdout: &#34;update-demo-nautilus-clmsn update-demo-nautilus-nmlf6 &#34;&#xA;I0511 14:24:28.748734 26 builder.go:121] Running &#39;/usr/local/bin/kubectl --kubeconfig=/tmp/kubeconfig-4071347860 --namespace=kubectl-473 get pods update-demo-nautilus-clmsn -o template --template={{if (exists . &#34;status&#34; &#34;containerStatuses&#34;)}}{{range .status.containerStatuses}}{{if (and (eq .name &#34;update-demo&#34;) (exists . &#34;state&#34; &#34;running&#34;))}}true{{end}}{{end}}{{end}}&#39;&#xA;I0511 14:24:28.784088 26 builder.go:146] stderr: &#34;&#34;&#xA;I0511 14:24:28.784124 26 builder.go:147] stdout: &#34;&#34;&#xA;I0511 14:24:28.784134 26 kubectl.go:2505] update-demo-nautilus-clmsn is created but not running&#xA;E0511 14:24:28.926873      26 retrywatcher.go:169] &#34;Watch failed&#34; err=&#34;context canceled&#34;&#xA;E0511 14:24:29.927621      26 retrywatcher.go:169] &#34;Watch failed&#34; err=&#34;context canceled&#34;&#xA;E0511 14:24:30.928161      26 retrywatcher.go:169] &#34;Watch failed&#34; err=&#34;context canceled&#34;&#xA;E0511 14:24:31.928609      26 retrywatcher.go:169] &#34;Watch failed&#34; err=&#34;context canceled&#34;&#xA;E0511 14:24:32.928659      26 retrywatcher.go:169] &#34;Watch failed&#34; err=&#34;context canceled&#34;&#xA;I0511 14:24:33.784698 26 builder.go:121] Running &#39;/usr/local/bin/kubectl --kubeconfig=/tmp/kubeconfig-4071347860 --namespace=kubectl-473 get pods -o template --template={{range.items}}{{.metadata.name}} {{end}} -l name=update-demo&#39;&#xA;I0511 14:24:33.832901 26 builder.go:146] stderr: &#34;&#34;&#xA;I0511 14:24:33.832943 26 builder.go:147] stdout: &#34;update-demo-nautilus-clmsn update-demo-nautilus-nmlf6 &#34;&#xA;I0511 14:24:33.832984 26 builder.go:121] Running &#39;/usr/local/bin/kubectl --kubeconfig=/tmp/kubeconfig-4071347860 --namespace=kubectl-473 get pods update-demo-nautilus-clmsn -o template --template={{if (exists . &#34;status&#34; &#34;containerStatuses&#34;)}}{{range .status.containerStatuses}}{{if (and (eq .name &#34;update-demo&#34;) (exists . &#34;state&#34; &#34;running&#34;))}}true{{end}}{{end}}{{end}}&#39;&#xA;I0511 14:24:33.872621 26 builder.go:146] stderr: &#34;&#34;&#xA;I0511 14:24:33.872658 26 builder.go:147] stdout: &#34;&#34;&#xA;I0511 14:24:33.872667 26 kubectl.go:2505] update-demo-nautilus-clmsn is created but not running&#xA;E0511 14:24:33.928957      26 retrywatcher.go:169] &#34;Watch failed&#34; err=&#34;context canceled&#34;&#xA;E0511 14:24:34.929236      26 retrywatcher.go:169] &#34;Watch failed&#34; err=&#34;context canceled&#34;&#xA;E0511 14:24:35.929760      26 retrywatcher.go:169] &#34;Watch failed&#34; err=&#34;context canceled&#34;&#xA;E0511 14:24:36.930287      26 retrywatcher.go:169] &#34;Watch failed&#34; err=&#34;context canceled&#34;&#xA;E0511 14:24:37.930718      26 retrywatcher.go:169] &#34;Watch failed&#34; err=&#34;context canceled&#34;&#xA;I0511 14:24:38.873735 26 builder.go:121] Running &#39;/usr/local/bin/kubectl --kubeconfig=/tmp/kubeconfig-4071347860 --namespace=kubectl-473 get pods -o template --template={{range.items}}{{.metadata.name}} {{end}} -l name=update-demo&#39;&#xA;I0511 14:24:38.917494 26 builder.go:146] stderr: &#34;&#34;&#xA;I0511 14:24:38.917528 26 builder.go:147] stdout: &#34;update-demo-nautilus-clmsn update-demo-nautilus-nmlf6 &#34;&#xA;I0511 14:24:38.917569 26 builder.go:121] Running &#39;/usr/local/bin/kubectl --kubeconfig=/tmp/kubeconfig-4071347860 --namespace=kubectl-473 get pods update-demo-nautilus-clmsn -o template --template={{if (exists . &#34;status&#34; &#34;containerStatuses&#34;)}}{{range .status.containerStatuses}}{{if (and (eq .name &#34;update-demo&#34;) (exists . &#34;state&#34; &#34;running&#34;))}}true{{end}}{{end}}{{end}}&#39;&#xA;E0511 14:24:38.930877      26 retrywatcher.go:169] &#34;Watch failed&#34; err=&#34;context canceled&#34;&#xA;I0511 14:24:38.950593 26 builder.go:146] stderr: &#34;&#34;&#xA;I0511 14:24:38.950626 26 builder.go:147] stdout: &#34;&#34;&#xA;I0511 14:24:38.950639 26 kubectl.go:2505] update-demo-nautilus-clmsn is created but not running&#xA;E0511 14:24:39.931161      26 retrywatcher.go:169] &#34;Watch failed&#34; err=&#34;context canceled&#34;&#xA;E0511 14:24:40.931866      26 retrywatcher.go:169] &#34;Watch failed&#34; err=&#34;context canceled&#34;&#xA;E0511 14:24:41.932341      26 retrywatcher.go:169] &#34;Watch failed&#34; err=&#34;context canceled&#34;&#xA;E0511 14:24:42.932935      26 retrywatcher.go:169] &#34;Watch failed&#34; err=&#34;context canceled&#34;&#xA;E0511 14:24:43.933420      26 retrywatcher.go:169] &#34;Watch failed&#34; err=&#34;context canceled&#34;&#xA;I0511 14:24:43.951660 26 builder.go:121] Running &#39;/usr/local/bin/kubectl --kubeconfig=/tmp/kubeconfig-4071347860 --namespace=kubectl-473 get pods -o template --template={{range.items}}{{.metadata.name}} {{end}} -l name=update-demo&#39;&#xA;I0511 14:24:44.003644 26 builder.go:146] stderr: &#34;&#34;&#xA;I0511 14:24:44.003683 26 builder.go:147] stdout: &#34;update-demo-nautilus-clmsn update-demo-nautilus-nmlf6 &#34;&#xA;I0511 14:24:44.003725 26 builder.go:121] Running &#39;/usr/local/bin/kubectl --kubeconfig=/tmp/kubeconfig-4071347860 --namespace=kubectl-473 get pods update-demo-nautilus-clmsn -o template --template={{if (exists . &#34;status&#34; &#34;containerStatuses&#34;)}}{{range .status.containerStatuses}}{{if (and (eq .name &#34;update-demo&#34;) (exists . &#34;state&#34; &#34;running&#34;))}}true{{end}}{{end}}{{end}}&#39;&#xA;I0511 14:24:44.038004 26 builder.go:146] stderr: &#34;&#34;&#xA;I0511 14:24:44.038033 26 builder.go:147] stdout: &#34;&#34;&#xA;I0511 14:24:44.038042 26 kubectl.go:2505] update-demo-nautilus-clmsn is created but not running&#xA;E0511 14:24:44.934338      26 retrywatcher.go:169] &#34;Watch failed&#34; err=&#34;context canceled&#34;&#xA;E0511 14:24:45.934890      26 retrywatcher.go:169] &#34;Watch failed&#34; err=&#34;context canceled&#34;&#xA;E0511 14:24:46.935173      26 retrywatcher.go:169] &#34;Watch failed&#34; err=&#34;context canceled&#34;&#xA;E0511 14:24:47.936047      26 retrywatcher.go:169] &#34;Watch failed&#34; err=&#34;context canceled&#34;&#xA;E0511 14:24:48.936581      26 retrywatcher.go:169] &#34;Watch failed&#34; err=&#34;context canceled&#34;&#xA;I0511 14:24:49.038883 26 builder.go:121] Running &#39;/usr/local/bin/kubectl --kubeconfig=/tmp/kubeconfig-4071347860 --namespace=kubectl-473 get pods -o template --template={{range.items}}{{.metadata.name}} {{end}} -l name=update-demo&#39;&#xA;I0511 14:24:49.081366 26 builder.go:146] stderr: &#34;&#34;&#xA;I0511 14:24:49.081403 26 builder.go:147] stdout: &#34;update-demo-nautilus-clmsn update-demo-nautilus-nmlf6 &#34;&#xA;I0511 14:24:49.081445 26 builder.go:121] Running &#39;/usr/local/bin/kubectl --kubeconfig=/tmp/kubeconfig-4071347860 --namespace=kubectl-473 get pods update-demo-nautilus-clmsn -o template --template={{if (exists . &#34;status&#34; &#34;containerStatuses&#34;)}}{{range .status.containerStatuses}}{{if (and (eq .name &#34;update-demo&#34;) (exists . &#34;state&#34; &#34;running&#34;))}}true{{end}}{{end}}{{end}}&#39;&#xA;I0511 14:24:49.114478 26 builder.go:146] stderr: &#34;&#34;&#xA;I0511 14:24:49.114511 26 builder.go:147] stdout: &#34;&#34;&#xA;I0511 14:24:49.114520 26 kubectl.go:2505] update-demo-nautilus-clmsn is created but not running&#xA;E0511 14:24:49.937327      26 retrywatcher.go:169] &#34;Watch failed&#34; err=&#34;context canceled&#34;&#xA;E0511 14:24:50.937957      26 retrywatcher.go:169] &#34;Watch failed&#34; err=&#34;context canceled&#34;&#xA;E0511 14:24:51.938555      26 retrywatcher.go:169] &#34;Watch failed&#34; err=&#34;context canceled&#34;&#xA;E0511 14:24:52.939144      26 retrywatcher.go:169] &#34;Watch failed&#34; err=&#34;context canceled&#34;&#xA;E0511 14:24:53.940023      26 retrywatcher.go:169] &#34;Watch failed&#34; err=&#34;context canceled&#34;&#xA;STEP: using delete to clean up resources - k8s.io/kubernetes/test/e2e/kubectl/kubectl.go:197 @ 05/11/25 14:24:54.115&#xA;I0511 14:24:54.115841 26 builder.go:121] Running &#39;/usr/local/bin/kubectl --kubeconfig=/tmp/kubeconfig-4071347860 --namespace=kubectl-473 delete --grace-period=0 --force -f -&#39;&#xA;I0511 14:24:54.159796 26 builder.go:146] stderr: &#34;Warning: Immediate deletion does not wait for confirmation that the running resource has been terminated. The resource may continue to run on the cluster indefinitely.\n&#34;&#xA;I0511 14:24:54.159830 26 builder.go:147] stdout: &#34;replicationcontroller \&#34;update-demo-nautilus\&#34; force deleted\n&#34;&#xA;I0511 14:24:54.159874 26 builder.go:121] Running &#39;/usr/local/bin/kubectl --kubeconfig=/tmp/kubeconfig-4071347860 --namespace=kubectl-473 get rc,svc -l name=update-demo --no-headers&#39;&#xA;I0511 14:24:54.208538 26 builder.go:146] stderr: &#34;No resources found in kubectl-473 namespace.\n&#34;&#xA;I0511 14:24:54.208577 26 builder.go:147] stdout: &#34;&#34;&#xA;I0511 14:24:54.208623 26 builder.go:121] Running &#39;/usr/local/bin/kubectl --kubeconfig=/tmp/kubeconfig-4071347860 --namespace=kubectl-473 get pods -l name=update-demo -o go-template={{ range .items }}{{ if not .metadata.deletionTimestamp }}{{ .metadata.name }}{{ &#34;\n&#34; }}{{ end }}{{ end }}&#39;&#xA;I0511 14:24:54.247018 26 builder.go:146] stderr: &#34;&#34;&#xA;I0511 14:24:54.247057 26 builder.go:147] stdout: &#34;&#34;&#xA;[FAILED] Timed out after 300 seconds waiting for name=update-demo pods to reach valid state&#xA;In [It] at: k8s.io/kubernetes/test/e2e/kubectl/kubectl.go:2532 @ 05/11/25 14:24:54.247&#xA;&lt; Exit [It] should create and stop a replication controller [Conformance] - k8s.io/kubernetes/test/e2e/kubectl/kubectl.go:338 @ 05/11/25 14:24:54.247 (5m5.255s)&#xA;&gt; Enter [DeferCleanup (Each)] [sig-cli] Kubectl client - k8s.io/kubernetes/test/e2e/framework/metrics/init/init.go:35 @ 05/11/25 14:24:54.247&#xA;&lt; Exit [DeferCleanup (Each)] [sig-cli] Kubectl client - k8s.io/kubernetes/test/e2e/framework/metrics/init/init.go:35 @ 05/11/25 14:24:54.247 (0s)&#xA;&gt; Enter [DeferCleanup (Each)] [sig-cli] Kubectl client - k8s.io/kubernetes/test/e2e/framework/node/init/init.go:34 @ 05/11/25 14:24:54.247&#xA;I0511 14:24:54.247294 26 helper.go:125] Waiting up to 7m0s for all (but 0) nodes to be ready&#xA;&lt; Exit [DeferCleanup (Each)] [sig-cli] Kubectl client - k8s.io/kubernetes/test/e2e/framework/node/init/init.go:34 @ 05/11/25 14:24:54.253 (6ms)&#xA;&gt; Enter [DeferCleanup (Each)] [sig-cli] Kubectl client - dump namespaces | framework.go:218 @ 05/11/25 14:24:54.253&#xA;STEP: dump namespace information after failure - k8s.io/kubernetes/test/e2e/framework/framework.go:297 @ 05/11/25 14:24:54.253&#xA;STEP: Collecting events from namespace &#34;kubectl-473&#34;. - k8s.io/kubernetes/test/e2e/framework/debug/dump.go:42 @ 05/11/25 14:24:54.253&#xA;STEP: Found 16 events. - k8s.io/kubernetes/test/e2e/framework/debug/dump.go:46 @ 05/11/25 14:24:54.255&#xA;I0511 14:24:54.255518 26 dump.go:53] At 2025-05-11 14:19:49 +0000 UTC - event for update-demo-nautilus: {replication-controller } SuccessfulCreate: Created pod: update-demo-nautilus-clmsn&#xA;I0511 14:24:54.255536 26 dump.go:53] At 2025-05-11 14:19:49 +0000 UTC - event for update-demo-nautilus: {replication-controller } SuccessfulCreate: Created pod: update-demo-nautilus-nmlf6&#xA;I0511 14:24:54.255548 26 dump.go:53] At 2025-05-11 14:19:49 +0000 UTC - event for update-demo-nautilus-clmsn: {kubelet k8sconformance} Pulling: Pulling image &#34;registry.k8s.io/e2e-test-images/nautilus:1.7&#34;&#xA;I0511 14:24:54.255560 26 dump.go:53] At 2025-05-11 14:19:49 +0000 UTC - event for update-demo-nautilus-clmsn: {default-scheduler } Scheduled: Successfully assigned kubectl-473/update-demo-nautilus-clmsn to k8sconformance&#xA;I0511 14:24:54.255571 26 dump.go:53] At 2025-05-11 14:19:49 +0000 UTC - event for update-demo-nautilus-nmlf6: {kubelet k8sconformance-m02} Pulling: Pulling image &#34;registry.k8s.io/e2e-test-images/nautilus:1.7&#34;&#xA;I0511 14:24:54.255584 26 dump.go:53] At 2025-05-11 14:19:49 +0000 UTC - event for update-demo-nautilus-nmlf6: {default-scheduler } Scheduled: Successfully assigned kubectl-473/update-demo-nautilus-nmlf6 to k8sconformance-m02&#xA;I0511 14:24:54.255594 26 dump.go:53] At 2025-05-11 14:22:18 +0000 UTC - event for update-demo-nautilus-clmsn: {kubelet k8sconformance} Failed: Failed to pull image &#34;registry.k8s.io/e2e-test-images/nautilus:1.7&#34;: rpc error: code = Canceled desc = context canceled&#xA;I0511 14:24:54.255604 26 dump.go:53] At 2025-05-11 14:22:18 +0000 UTC - event for update-demo-nautilus-clmsn: {kubelet k8sconformance} Failed: Error: ErrImagePull&#xA;I0511 14:24:54.255613 26 dump.go:53] At 2025-05-11 14:22:19 +0000 UTC - event for update-demo-nautilus-clmsn: {kubelet k8sconformance} BackOff: Back-off pulling image &#34;registry.k8s.io/e2e-test-images/nautilus:1.7&#34;&#xA;I0511 14:24:54.255658 26 dump.go:53] At 2025-05-11 14:22:19 +0000 UTC - event for update-demo-nautilus-clmsn: {kubelet k8sconformance} Failed: Error: ImagePullBackOff&#xA;I0511 14:24:54.255669 26 dump.go:53] At 2025-05-11 14:22:39 +0000 UTC - event for update-demo-nautilus-nmlf6: {kubelet k8sconformance-m02} Failed: Failed to pull image &#34;registry.k8s.io/e2e-test-images/nautilus:1.7&#34;: rpc error: code = Canceled desc = context canceled&#xA;I0511 14:24:54.255677 26 dump.go:53] At 2025-05-11 14:22:39 +0000 UTC - event for update-demo-nautilus-nmlf6: {kubelet k8sconformance-m02} Failed: Error: ErrImagePull&#xA;I0511 14:24:54.255689 26 dump.go:53] At 2025-05-11 14:22:40 +0000 UTC - event for update-demo-nautilus-nmlf6: {kubelet k8sconformance-m02} BackOff: Back-off pulling image &#34;registry.k8s.io/e2e-test-images/nautilus:1.7&#34;&#xA;I0511 14:24:54.255696 26 dump.go:53] At 2025-05-11 14:22:40 +0000 UTC - event for update-demo-nautilus-nmlf6: {kubelet k8sconformance-m02} Failed: Error: ImagePullBackOff&#xA;I0511 14:24:54.255705 26 dump.go:53] At 2025-05-11 14:22:45 +0000 UTC - event for update-demo-nautilus-clmsn: {kubelet k8sconformance} Failed: Failed to pull image &#34;registry.k8s.io/e2e-test-images/nautilus:1.7&#34;: Error response from daemon: Get &#34;https://registry.k8s.io/v2/&#34;: net/http: request canceled while waiting for connection (Client.Timeout exceeded while awaiting headers)&#xA;I0511 14:24:54.255712 26 dump.go:53] At 2025-05-11 14:23:06 +0000 UTC - event for update-demo-nautilus-nmlf6: {kubelet k8sconformance-m02} Failed: Failed to pull image &#34;registry.k8s.io/e2e-test-images/nautilus:1.7&#34;: Error response from daemon: Get &#34;https://registry.k8s.io/v2/&#34;: net/http: request canceled while waiting for connection (Client.Timeout exceeded while awaiting headers)&#xA;I0511 14:24:54.257307 26 resource.go:168] POD                         NODE                PHASE    GRACE  CONDITIONS&#xA;I0511 14:24:54.257354 26 resource.go:175] update-demo-nautilus-clmsn  k8sconformance      Pending  30s    [{PodReadyToStartContainers 0 True 0001-01-01 00:00:00 +0000 UTC 2025-05-11 14:22:19 +0000 UTC  } {Initialized 0 True 0001-01-01 00:00:00 +0000 UTC 2025-05-11 14:19:49 +0000 UTC  } {Ready 0 False 0001-01-01 00:00:00 +0000 UTC 2025-05-11 14:19:49 +0000 UTC ContainersNotReady containers with unready status: [update-demo]} {ContainersReady 0 False 0001-01-01 00:00:00 +0000 UTC 2025-05-11 14:19:49 +0000 UTC ContainersNotReady containers with unready status: [update-demo]} {PodScheduled 0 True 0001-01-01 00:00:00 +0000 UTC 2025-05-11 14:19:49 +0000 UTC  }]&#xA;I0511 14:24:54.257378 26 resource.go:175] update-demo-nautilus-nmlf6  k8sconformance-m02  Pending  30s    [{PodReadyToStartContainers 0 True 0001-01-01 00:00:00 +0000 UTC 2025-05-11 14:22:40 +0000 UTC  } {Initialized 0 True 0001-01-01 00:00:00 +0000 UTC 2025-05-11 14:19:49 +0000 UTC  } {Ready 0 False 0001-01-01 00:00:00 +0000 UTC 2025-05-11 14:19:49 +0000 UTC ContainersNotReady containers with unready status: [update-demo]} {ContainersReady 0 False 0001-01-01 00:00:00 +0000 UTC 2025-05-11 14:19:49 +0000 UTC ContainersNotReady containers with unready status: [update-demo]} {PodScheduled 0 True 0001-01-01 00:00:00 +0000 UTC 2025-05-11 14:19:49 +0000 UTC  }]&#xA;I0511 14:24:54.257388 26 resource.go:178] &#xA;I0511 14:24:54.267273 26 resource.go:231] Unable to fetch kubectl-473/update-demo-nautilus-clmsn/update-demo logs: the server rejected our request for an unknown reason (get pods update-demo-nautilus-clmsn)&#xA;I0511 14:24:54.275501 26 resource.go:231] Unable to fetch kubectl-473/update-demo-nautilus-nmlf6/update-demo logs: the server rejected our request for an unknown reason (get pods update-demo-nautilus-nmlf6)&#xA;I0511 14:24:54.276926 26 dump.go:109] &#xA;Logging node info for node k8sconformance&#xA;I0511 14:24:54.278477 26 dump.go:114] Node Info: &amp;Node{ObjectMeta:{k8sconformance    0d6a5478-8548-44c5-8c74-42cb07407d14 14874 0 2025-05-11 12:59:59 +0000 UTC &lt;nil&gt; &lt;nil&gt; map[beta.kubernetes.io/arch:amd64 beta.kubernetes.io/os:linux kubernetes.io/arch:amd64 kubernetes.io/hostname:k8sconformance kubernetes.io/os:linux minikube.k8s.io/commit:8575beea95e830054fe9a36513b8b24cb1ff7010 minikube.k8s.io/name:k8sconformance minikube.k8s.io/primary:true minikube.k8s.io/updated_at:2025_05_11T09_00_03_0700 minikube.k8s.io/version:v1.35.0 node-role.kubernetes.io/control-plane: node.kubernetes.io/exclude-from-external-load-balancers:] map[kubeadm.alpha.kubernetes.io/cri-socket:unix:///var/run/cri-dockerd.sock node.alpha.kubernetes.io/ttl:0 volumes.kubernetes.io/controller-managed-attach-detach:true] [] [] [{kubelet Update v1 2025-05-11 12:59:59 +0000 UTC FieldsV1 {&#34;f:metadata&#34;:{&#34;f:annotations&#34;:{&#34;.&#34;:{},&#34;f:volumes.kubernetes.io/controller-managed-attach-detach&#34;:{}},&#34;f:labels&#34;:{&#34;.&#34;:{},&#34;f:beta.kubernetes.io/arch&#34;:{},&#34;f:beta.kubernetes.io/os&#34;:{},&#34;f:kubernetes.io/arch&#34;:{},&#34;f:kubernetes.io/hostname&#34;:{},&#34;f:kubernetes.io/os&#34;:{}}}} } {kubeadm Update v1 2025-05-11 13:00:02 +0000 UTC FieldsV1 {&#34;f:metadata&#34;:{&#34;f:annotations&#34;:{&#34;f:kubeadm.alpha.kubernetes.io/cri-socket&#34;:{}},&#34;f:labels&#34;:{&#34;f:node-role.kubernetes.io/control-plane&#34;:{},&#34;f:node.kubernetes.io/exclude-from-external-load-balancers&#34;:{}}}} } {kubectl-label Update v1 2025-05-11 13:00:03 +0000 UTC FieldsV1 {&#34;f:metadata&#34;:{&#34;f:labels&#34;:{&#34;f:minikube.k8s.io/commit&#34;:{},&#34;f:minikube.k8s.io/name&#34;:{},&#34;f:minikube.k8s.io/primary&#34;:{},&#34;f:minikube.k8s.io/updated_at&#34;:{},&#34;f:minikube.k8s.io/version&#34;:{}}}} } {kube-controller-manager Update v1 2025-05-11 13:00:07 +0000 UTC FieldsV1 {&#34;f:metadata&#34;:{&#34;f:annotations&#34;:{&#34;f:node.alpha.kubernetes.io/ttl&#34;:{}}},&#34;f:spec&#34;:{&#34;f:podCIDR&#34;:{},&#34;f:podCIDRs&#34;:{&#34;.&#34;:{},&#34;v:\&#34;10.244.0.0/24\&#34;&#34;:{}}}} } {kubelet Update v1 2025-05-11 14:22:52 +0000 UTC FieldsV1 {&#34;f:status&#34;:{&#34;f:conditions&#34;:{&#34;k:{\&#34;type\&#34;:\&#34;DiskPressure\&#34;}&#34;:{&#34;f:lastHeartbeatTime&#34;:{}},&#34;k:{\&#34;type\&#34;:\&#34;MemoryPressure\&#34;}&#34;:{&#34;f:lastHeartbeatTime&#34;:{}},&#34;k:{\&#34;type\&#34;:\&#34;PIDPressure\&#34;}&#34;:{&#34;f:lastHeartbeatTime&#34;:{}},&#34;k:{\&#34;type\&#34;:\&#34;Ready\&#34;}&#34;:{&#34;f:lastHeartbeatTime&#34;:{},&#34;f:lastTransitionTime&#34;:{},&#34;f:message&#34;:{},&#34;f:reason&#34;:{},&#34;f:status&#34;:{}}},&#34;f:images&#34;:{}}} status}]},Spec:NodeSpec{PodCIDR:10.244.0.0/24,DoNotUseExternalID:,ProviderID:,Unschedulable:false,Taints:[]Taint{},ConfigSource:nil,PodCIDRs:[10.244.0.0/24],},Status:NodeStatus{Capacity:ResourceList{cpu: {{12 0} {&lt;nil&gt;} 12 DecimalSI},ephemeral-storage: {{977340641280 0} {&lt;nil&gt;} 954434220Ki BinarySI},hugepages-1Gi: {{0 0} {&lt;nil&gt;} 0 DecimalSI},hugepages-2Mi: {{0 0} {&lt;nil&gt;} 0 DecimalSI},memory: {{32722685952 0} {&lt;nil&gt;} 31955748Ki BinarySI},pods: {{110 0} {&lt;nil&gt;} 110 DecimalSI},},Allocatable:ResourceList{cpu: {{12 0} {&lt;nil&gt;} 12 DecimalSI},ephemeral-storage: {{977340641280 0} {&lt;nil&gt;} 954434220Ki BinarySI},hugepages-1Gi: {{0 0} {&lt;nil&gt;} 0 DecimalSI},hugepages-2Mi: {{0 0} {&lt;nil&gt;} 0 DecimalSI},memory: {{32722685952 0} {&lt;nil&gt;} 31955748Ki BinarySI},pods: {{110 0} {&lt;nil&gt;} 110 DecimalSI},},Phase:,Conditions:[]NodeCondition{NodeCondition{Type:MemoryPressure,Status:False,LastHeartbeatTime:2025-05-11 14:22:52 +0000 UTC,LastTransitionTime:2025-05-11 12:59:59 +0000 UTC,Reason:KubeletHasSufficientMemory,Message:kubelet has sufficient memory available,},NodeCondition{Type:DiskPressure,Status:False,LastHeartbeatTime:2025-05-11 14:22:52 +0000 UTC,LastTransitionTime:2025-05-11 12:59:59 +0000 UTC,Reason:KubeletHasNoDiskPressure,Message:kubelet has no disk pressure,},NodeCondition{Type:PIDPressure,Status:False,LastHeartbeatTime:2025-05-11 14:22:52 +0000 UTC,LastTransitionTime:2025-05-11 12:59:59 +0000 UTC,Reason:KubeletHasSufficientPID,Message:kubelet has sufficient PID available,},NodeCondition{Type:Ready,Status:True,LastHeartbeatTime:2025-05-11 14:22:52 +0000 UTC,LastTransitionTime:2025-05-11 13:00:00 +0000 UTC,Reason:KubeletReady,Message:kubelet is posting ready status,},},Addresses:[]NodeAddress{NodeAddress{Type:InternalIP,Address:192.168.49.2,},NodeAddress{Type:Hostname,Address:k8sconformance,},},DaemonEndpoints:NodeDaemonEndpoints{KubeletEndpoint:DaemonEndpoint{Port:10250,},},NodeInfo:NodeSystemInfo{MachineID:377b5b8ee4ba4112b9e0bc9331922aaa,SystemUUID:e799047b-aac0-4c81-a61b-f70af01252d7,BootID:62684619-bcf0-48f9-b962-153bf81fe38c,KernelVersion:6.11.0-25-generic,OSImage:Ubuntu 22.04.5 LTS,ContainerRuntimeVersion:docker://28.1.1,KubeletVersion:v1.33.0,KubeProxyVersion:,OperatingSystem:linux,Architecture:amd64,Swap:nil,},Images:[]ContainerImage{ContainerImage{Names:[sonobuoy/systemd-logs@sha256:0b8b2b7b43b03f7db26e7e4b99be402495b77b496f5a5b0425b3c226bc1e9cbd sonobuoy/systemd-logs:v0.4],SizeBytes:314096343,},ContainerImage{Names:[registry.k8s.io/etcd@sha256:d58c035df557080a27387d687092e3fc2b64c6d0e3162dc51453a115f847d121 registry.k8s.io/etcd:3.5.21-0],SizeBytes:153121922,},ContainerImage{Names:[registry.k8s.io/e2e-test-images/agnhost@sha256:99c6b4bb4a1e1df3f0b3752168c89358794d02258ebebc26bf21c29399011a85 registry.k8s.io/e2e-test-images/agnhost:2.53],SizeBytes:139374622,},ContainerImage{Names:[registry.k8s.io/e2e-test-images/httpd@sha256:3fe7acf013d1264ffded116b80a73dc129a449b0fccdb8d21af8279f2233f36e registry.k8s.io/e2e-test-images/httpd:2.4.39-4],SizeBytes:126894770,},ContainerImage{Names:[registry.k8s.io/e2e-test-images/httpd@sha256:148b022f5c5da426fc2f3c14b5c0867e58ef05961510c84749ac1fddcb0fef22 registry.k8s.io/e2e-test-images/httpd:2.4.38-4],SizeBytes:123781643,},ContainerImage{Names:[registry.k8s.io/kube-apiserver@sha256:6679a9970a8b2f18647b33bf02e5e9895d286689256e2f7172481b4096e46a32 registry.k8s.io/kube-apiserver:v1.33.0],SizeBytes:101797831,},ContainerImage{Names:[registry.k8s.io/kube-proxy@sha256:05f8984642d05b1b1a6c37605a4a566e46e7290f9291d17885f096c36861095b registry.k8s.io/kube-proxy:v1.33.0],SizeBytes:97885254,},ContainerImage{Names:[registry.k8s.io/kube-controller-manager@sha256:f0b32ab11fd06504608cdb9084f7284106b4f5f07f35eb8823e70ea0eaaf252a registry.k8s.io/kube-controller-manager:v1.33.0],SizeBytes:94593318,},ContainerImage{Names:[kindest/kindnetd@sha256:e3c42406b0806c1f7e8a66838377936cbd2cdfd94d9b26a3eefedada8713d495 kindest/kindnetd:v20250214-acbabc1a],SizeBytes:94322874,},ContainerImage{Names:[registry.k8s.io/kube-scheduler@sha256:8dd2fbeb7f711da53a89ded239e54133f34110d98de887a39a9021e651b51f1f registry.k8s.io/kube-scheduler:v1.33.0],SizeBytes:73441574,},ContainerImage{Names:[registry.k8s.io/coredns/coredns@sha256:40384aa1f5ea6bfdc77997d243aec73da05f27aed0c5e9d65bfa98933c519d97 registry.k8s.io/coredns/coredns:v1.12.0],SizeBytes:70112656,},ContainerImage{Names:[sonobuoy/sonobuoy@sha256:69d1ddf7bf84deb02807a415c0ff469358046aaf9c69409ef4c4a943d663201f sonobuoy/sonobuoy:v0.57.3],SizeBytes:54447235,},ContainerImage{Names:[gcr.io/k8s-minikube/storage-provisioner@sha256:18eb69d1418e854ad5a19e399310e52808a8321e4c441c1dddad8977a0d7a944 gcr.io/k8s-minikube/storage-provisioner:v5],SizeBytes:31465472,},ContainerImage{Names:[registry.k8s.io/e2e-test-images/nginx@sha256:5c99cf6a02adda929b10321dbf4ecfa00d87be9ba4fb456006237d530ab4baa1 registry.k8s.io/e2e-test-images/nginx:1.14-4],SizeBytes:16032814,},ContainerImage{Names:[registry.k8s.io/e2e-test-images/busybox@sha256:a9155b13325b2abef48e71de77bb8ac015412a566829f621d06bfae5c699b1b9 registry.k8s.io/e2e-test-images/busybox:1.36.1-1],SizeBytes:4261566,},ContainerImage{Names:[registry.k8s.io/pause@sha256:ee6521f290b2168b6e0935a181d4cff9be1ac3f505666ef0e3c98fae8199917a registry.k8s.io/pause:3.10],SizeBytes:735760,},},VolumesInUse:[],VolumesAttached:[]AttachedVolume{},Config:nil,RuntimeHandlers:[]NodeRuntimeHandler{},Features:nil,},}&#xA;I0511 14:24:54.278511 26 dump.go:116] &#xA;Logging kubelet events for node k8sconformance&#xA;I0511 14:24:54.279855 26 dump.go:121] &#xA;Logging pods the kubelet thinks are on node k8sconformance&#xA;I0511 14:24:54.285032 26 dump.go:128] kubectl-473/update-demo-nautilus-clmsn started at 2025-05-11 14:19:49 +0000 UTC (0+1 container statuses recorded)&#xA;I0511 14:24:54.285051 26 dump.go:134] &#x9;Container update-demo ready: false, restart count 0&#xA;I0511 14:24:54.285058 26 dump.go:128] kube-system/etcd-k8sconformance started at 2025-05-11 13:00:02 +0000 UTC (0+1 container statuses recorded)&#xA;I0511 14:24:54.285064 26 dump.go:134] &#x9;Container etcd ready: true, restart count 0&#xA;I0511 14:24:54.285072 26 dump.go:128] kube-system/kube-controller-manager-k8sconformance started at 2025-05-11 13:00:02 +0000 UTC (0+1 container statuses recorded)&#xA;I0511 14:24:54.285077 26 dump.go:134] &#x9;Container kube-controller-manager ready: true, restart count 0&#xA;I0511 14:24:54.285083 26 dump.go:128] kube-system/kube-scheduler-k8sconformance started at 2025-05-11 13:00:02 +0000 UTC (0+1 container statuses recorded)&#xA;I0511 14:24:54.285089 26 dump.go:134] &#x9;Container kube-scheduler ready: true, restart count 0&#xA;I0511 14:24:54.285095 26 dump.go:128] sonobuoy/sonobuoy-systemd-logs-daemon-set-3b1a685ddb394b60-rggfh started at 2025-05-11 13:02:10 +0000 UTC (0+2 container statuses recorded)&#xA;I0511 14:24:54.285101 26 dump.go:134] &#x9;Container sonobuoy-worker ready: true, restart count 0&#xA;I0511 14:24:54.285106 26 dump.go:134] &#x9;Container systemd-logs ready: true, restart count 0&#xA;I0511 14:24:54.285114 26 dump.go:128] kube-system/storage-provisioner started at 2025-05-11 13:00:08 +0000 UTC (0+1 container statuses recorded)&#xA;I0511 14:24:54.285120 26 dump.go:134] &#x9;Container storage-provisioner ready: true, restart count 0&#xA;I0511 14:24:54.285125 26 dump.go:128] kube-system/kindnet-cs969 started at 2025-05-11 13:00:07 +0000 UTC (0+1 container statuses recorded)&#xA;I0511 14:24:54.285131 26 dump.go:134] &#x9;Container kindnet-cni ready: true, restart count 0&#xA;I0511 14:24:54.285138 26 dump.go:128] kube-system/kube-apiserver-k8sconformance started at 2025-05-11 13:00:02 +0000 UTC (0+1 container statuses recorded)&#xA;I0511 14:24:54.285144 26 dump.go:134] &#x9;Container kube-apiserver ready: true, restart count 0&#xA;I0511 14:24:54.285150 26 dump.go:128] kube-system/coredns-674b8bbfcf-68gnm started at 2025-05-11 13:00:07 +0000 UTC (0+1 container statuses recorded)&#xA;I0511 14:24:54.285155 26 dump.go:134] &#x9;Container coredns ready: true, restart count 4&#xA;I0511 14:24:54.285160 26 dump.go:128] kube-system/kube-proxy-ssjxm started at 2025-05-11 13:00:07 +0000 UTC (0+1 container statuses recorded)&#xA;I0511 14:24:54.285166 26 dump.go:134] &#x9;Container kube-proxy ready: true, restart count 0&#xA;I0511 14:24:54.321655 26 kubelet_metrics.go:206] &#xA;Latency metrics for node k8sconformance&#xA;I0511 14:24:54.321687 26 dump.go:109] &#xA;Logging node info for node k8sconformance-m02&#xA;I0511 14:24:54.323195 26 dump.go:114] Node Info: &amp;Node{ObjectMeta:{k8sconformance-m02    62b787f7-3860-4963-837b-b010217cb0d3 14762 0 2025-05-11 13:00:17 +0000 UTC &lt;nil&gt; &lt;nil&gt; map[beta.kubernetes.io/arch:amd64 beta.kubernetes.io/os:linux kubernetes.io/arch:amd64 kubernetes.io/hostname:k8sconformance-m02 kubernetes.io/os:linux minikube.k8s.io/commit:8575beea95e830054fe9a36513b8b24cb1ff7010 minikube.k8s.io/name:k8sconformance minikube.k8s.io/primary:false minikube.k8s.io/updated_at:2025_05_11T09_00_17_0700 minikube.k8s.io/version:v1.35.0] map[kubeadm.alpha.kubernetes.io/cri-socket:unix:///var/run/cri-dockerd.sock node.alpha.kubernetes.io/ttl:0 volumes.kubernetes.io/controller-managed-attach-detach:true] [] [] [{kube-controller-manager Update v1 2025-05-11 13:00:17 +0000 UTC FieldsV1 {&#34;f:metadata&#34;:{&#34;f:annotations&#34;:{&#34;f:node.alpha.kubernetes.io/ttl&#34;:{}}},&#34;f:spec&#34;:{&#34;f:podCIDR&#34;:{},&#34;f:podCIDRs&#34;:{&#34;.&#34;:{},&#34;v:\&#34;10.244.1.0/24\&#34;&#34;:{}}}} } {kubeadm Update v1 2025-05-11 13:00:17 +0000 UTC FieldsV1 {&#34;f:metadata&#34;:{&#34;f:annotations&#34;:{&#34;f:kubeadm.alpha.kubernetes.io/cri-socket&#34;:{}}}} } {kubectl-label Update v1 2025-05-11 13:00:17 +0000 UTC FieldsV1 {&#34;f:metadata&#34;:{&#34;f:labels&#34;:{&#34;f:minikube.k8s.io/commit&#34;:{},&#34;f:minikube.k8s.io/name&#34;:{},&#34;f:minikube.k8s.io/primary&#34;:{},&#34;f:minikube.k8s.io/updated_at&#34;:{},&#34;f:minikube.k8s.io/version&#34;:{}}}} } {kubelet Update v1 2025-05-11 13:00:17 +0000 UTC FieldsV1 {&#34;f:metadata&#34;:{&#34;f:annotations&#34;:{&#34;.&#34;:{},&#34;f:volumes.kubernetes.io/controller-managed-attach-detach&#34;:{}},&#34;f:labels&#34;:{&#34;.&#34;:{},&#34;f:beta.kubernetes.io/arch&#34;:{},&#34;f:beta.kubernetes.io/os&#34;:{},&#34;f:kubernetes.io/arch&#34;:{},&#34;f:kubernetes.io/hostname&#34;:{},&#34;f:kubernetes.io/os&#34;:{}}}} } {kubelet Update v1 2025-05-11 14:21:08 +0000 UTC FieldsV1 {&#34;f:status&#34;:{&#34;f:conditions&#34;:{&#34;k:{\&#34;type\&#34;:\&#34;DiskPressure\&#34;}&#34;:{&#34;f:lastHeartbeatTime&#34;:{}},&#34;k:{\&#34;type\&#34;:\&#34;MemoryPressure\&#34;}&#34;:{&#34;f:lastHeartbeatTime&#34;:{}},&#34;k:{\&#34;type\&#34;:\&#34;PIDPressure\&#34;}&#34;:{&#34;f:lastHeartbeatTime&#34;:{}},&#34;k:{\&#34;type\&#34;:\&#34;Ready\&#34;}&#34;:{&#34;f:lastHeartbeatTime&#34;:{},&#34;f:lastTransitionTime&#34;:{},&#34;f:message&#34;:{},&#34;f:reason&#34;:{},&#34;f:status&#34;:{}}},&#34;f:images&#34;:{}}} status}]},Spec:NodeSpec{PodCIDR:10.244.1.0/24,DoNotUseExternalID:,ProviderID:,Unschedulable:false,Taints:[]Taint{},ConfigSource:nil,PodCIDRs:[10.244.1.0/24],},Status:NodeStatus{Capacity:ResourceList{cpu: {{12 0} {&lt;nil&gt;} 12 DecimalSI},ephemeral-storage: {{977340641280 0} {&lt;nil&gt;} 954434220Ki BinarySI},hugepages-1Gi: {{0 0} {&lt;nil&gt;} 0 DecimalSI},hugepages-2Mi: {{0 0} {&lt;nil&gt;} 0 DecimalSI},memory: {{32722685952 0} {&lt;nil&gt;} 31955748Ki BinarySI},pods: {{110 0} {&lt;nil&gt;} 110 DecimalSI},},Allocatable:ResourceList{cpu: {{12 0} {&lt;nil&gt;} 12 DecimalSI},ephemeral-storage: {{977340641280 0} {&lt;nil&gt;} 954434220Ki BinarySI},hugepages-1Gi: {{0 0} {&lt;nil&gt;} 0 DecimalSI},hugepages-2Mi: {{0 0} {&lt;nil&gt;} 0 DecimalSI},memory: {{32722685952 0} {&lt;nil&gt;} 31955748Ki BinarySI},pods: {{110 0} {&lt;nil&gt;} 110 DecimalSI},},Phase:,Conditions:[]NodeCondition{NodeCondition{Type:MemoryPressure,Status:False,LastHeartbeatTime:2025-05-11 14:21:08 +0000 UTC,LastTransitionTime:2025-05-11 13:00:17 +0000 UTC,Reason:KubeletHasSufficientMemory,Message:kubelet has sufficient memory available,},NodeCondition{Type:DiskPressure,Status:False,LastHeartbeatTime:2025-05-11 14:21:08 +0000 UTC,LastTransitionTime:2025-05-11 13:00:17 +0000 UTC,Reason:KubeletHasNoDiskPressure,Message:kubelet has no disk pressure,},NodeCondition{Type:PIDPressure,Status:False,LastHeartbeatTime:2025-05-11 14:21:08 +0000 UTC,LastTransitionTime:2025-05-11 13:00:17 +0000 UTC,Reason:KubeletHasSufficientPID,Message:kubelet has sufficient PID available,},NodeCondition{Type:Ready,Status:True,LastHeartbeatTime:2025-05-11 14:21:08 +0000 UTC,LastTransitionTime:2025-05-11 13:00:18 +0000 UTC,Reason:KubeletReady,Message:kubelet is posting ready status,},},Addresses:[]NodeAddress{NodeAddress{Type:InternalIP,Address:192.168.49.3,},NodeAddress{Type:Hostname,Address:k8sconformance-m02,},},DaemonEndpoints:NodeDaemonEndpoints{KubeletEndpoint:DaemonEndpoint{Port:10250,},},NodeInfo:NodeSystemInfo{MachineID:8c5a8740e2624faba2a6ef4cd8ec4415,SystemUUID:ea151e56-d5a5-451f-bee4-dbfc4d9209dd,BootID:62684619-bcf0-48f9-b962-153bf81fe38c,KernelVersion:6.11.0-25-generic,OSImage:Ubuntu 22.04.5 LTS,ContainerRuntimeVersion:docker://28.1.1,KubeletVersion:v1.33.0,KubeProxyVersion:,OperatingSystem:linux,Architecture:amd64,Swap:nil,},Images:[]ContainerImage{ContainerImage{Names:[sonobuoy/systemd-logs@sha256:0b8b2b7b43b03f7db26e7e4b99be402495b77b496f5a5b0425b3c226bc1e9cbd sonobuoy/systemd-logs:v0.4],SizeBytes:314096343,},ContainerImage{Names:[registry.k8s.io/conformance@sha256:8e8418f17d2a77f004edbcb2c853df2326da9ecff57bf42264652f14620cd54f registry.k8s.io/conformance:v1.33.0],SizeBytes:265839740,},ContainerImage{Names:[registry.k8s.io/e2e-test-images/jessie-dnsutils@sha256:24aaf2626d6b27864c29de2097e8bbb840b3a414271bf7c8995e431e47d8408e registry.k8s.io/e2e-test-images/jessie-dnsutils:1.7],SizeBytes:253371792,},ContainerImage{Names:[registry.k8s.io/etcd@sha256:d58c035df557080a27387d687092e3fc2b64c6d0e3162dc51453a115f847d121 registry.k8s.io/etcd:3.5.21-0],SizeBytes:153121922,},ContainerImage{Names:[registry.k8s.io/e2e-test-images/agnhost@sha256:99c6b4bb4a1e1df3f0b3752168c89358794d02258ebebc26bf21c29399011a85 registry.k8s.io/e2e-test-images/agnhost:2.53],SizeBytes:139374622,},ContainerImage{Names:[registry.k8s.io/e2e-test-images/httpd@sha256:3fe7acf013d1264ffded116b80a73dc129a449b0fccdb8d21af8279f2233f36e registry.k8s.io/e2e-test-images/httpd:2.4.39-4],SizeBytes:126894770,},ContainerImage{Names:[registry.k8s.io/e2e-test-images/httpd@sha256:148b022f5c5da426fc2f3c14b5c0867e58ef05961510c84749ac1fddcb0fef22 registry.k8s.io/e2e-test-images/httpd:2.4.38-4],SizeBytes:123781643,},ContainerImage{Names:[registry.k8s.io/kube-apiserver@sha256:6679a9970a8b2f18647b33bf02e5e9895d286689256e2f7172481b4096e46a32 registry.k8s.io/kube-apiserver:v1.33.0],SizeBytes:101797831,},ContainerImage{Names:[registry.k8s.io/kube-proxy@sha256:05f8984642d05b1b1a6c37605a4a566e46e7290f9291d17885f096c36861095b registry.k8s.io/kube-proxy:v1.33.0],SizeBytes:97885254,},ContainerImage{Names:[registry.k8s.io/kube-controller-manager@sha256:f0b32ab11fd06504608cdb9084f7284106b4f5f07f35eb8823e70ea0eaaf252a registry.k8s.io/kube-controller-manager:v1.33.0],SizeBytes:94593318,},ContainerImage{Names:[kindest/kindnetd@sha256:e3c42406b0806c1f7e8a66838377936cbd2cdfd94d9b26a3eefedada8713d495 kindest/kindnetd:v20250214-acbabc1a],SizeBytes:94322874,},ContainerImage{Names:[registry.k8s.io/kube-scheduler@sha256:8dd2fbeb7f711da53a89ded239e54133f34110d98de887a39a9021e651b51f1f registry.k8s.io/kube-scheduler:v1.33.0],SizeBytes:73441574,},ContainerImage{Names:[registry.k8s.io/coredns/coredns@sha256:40384aa1f5ea6bfdc77997d243aec73da05f27aed0c5e9d65bfa98933c519d97 registry.k8s.io/coredns/coredns:v1.12.0],SizeBytes:70112656,},ContainerImage{Names:[sonobuoy/sonobuoy@sha256:69d1ddf7bf84deb02807a415c0ff469358046aaf9c69409ef4c4a943d663201f sonobuoy/sonobuoy:v0.57.3],SizeBytes:54447235,},ContainerImage{Names:[gcr.io/k8s-minikube/storage-provisioner@sha256:18eb69d1418e854ad5a19e399310e52808a8321e4c441c1dddad8977a0d7a944 gcr.io/k8s-minikube/storage-provisioner:v5],SizeBytes:31465472,},ContainerImage{Names:[registry.k8s.io/e2e-test-images/nginx@sha256:5c99cf6a02adda929b10321dbf4ecfa00d87be9ba4fb456006237d530ab4baa1 registry.k8s.io/e2e-test-images/nginx:1.14-4],SizeBytes:16032814,},ContainerImage{Names:[registry.k8s.io/e2e-test-images/busybox@sha256:a9155b13325b2abef48e71de77bb8ac015412a566829f621d06bfae5c699b1b9 registry.k8s.io/e2e-test-images/busybox:1.36.1-1],SizeBytes:4261566,},ContainerImage{Names:[registry.k8s.io/pause@sha256:ee6521f290b2168b6e0935a181d4cff9be1ac3f505666ef0e3c98fae8199917a registry.k8s.io/pause:3.10],SizeBytes:735760,},},VolumesInUse:[],VolumesAttached:[]AttachedVolume{},Config:nil,RuntimeHandlers:[]NodeRuntimeHandler{},Features:nil,},}&#xA;I0511 14:24:54.323224 26 dump.go:116] &#xA;Logging kubelet events for node k8sconformance-m02&#xA;I0511 14:24:54.324740 26 dump.go:121] &#xA;Logging pods the kubelet thinks are on node k8sconformance-m02&#xA;I0511 14:24:54.329332 26 dump.go:128] kubectl-473/update-demo-nautilus-nmlf6 started at 2025-05-11 14:19:49 +0000 UTC (0+1 container statuses recorded)&#xA;I0511 14:24:54.329354 26 dump.go:134] &#x9;Container update-demo ready: false, restart count 0&#xA;I0511 14:24:54.329361 26 dump.go:128] kube-system/kube-proxy-wwbpc started at 2025-05-11 13:00:19 +0000 UTC (0+1 container statuses recorded)&#xA;I0511 14:24:54.329366 26 dump.go:134] &#x9;Container kube-proxy ready: true, restart count 0&#xA;I0511 14:24:54.329371 26 dump.go:128] sonobuoy/sonobuoy-systemd-logs-daemon-set-3b1a685ddb394b60-t2p28 started at 2025-05-11 13:02:10 +0000 UTC (0+2 container statuses recorded)&#xA;I0511 14:24:54.329376 26 dump.go:134] &#x9;Container sonobuoy-worker ready: true, restart count 0&#xA;I0511 14:24:54.329381 26 dump.go:134] &#x9;Container systemd-logs ready: true, restart count 0&#xA;I0511 14:24:54.329386 26 dump.go:128] sonobuoy/sonobuoy-e2e-job-32c36e3a15c942ea started at 2025-05-11 13:02:10 +0000 UTC (0+2 container statuses recorded)&#xA;I0511 14:24:54.329392 26 dump.go:134] &#x9;Container e2e ready: true, restart count 0&#xA;I0511 14:24:54.329396 26 dump.go:134] &#x9;Container sonobuoy-worker ready: true, restart count 0&#xA;I0511 14:24:54.329401 26 dump.go:128] kube-system/kindnet-5r7wn started at 2025-05-11 13:31:32 +0000 UTC (0+1 container statuses recorded)&#xA;I0511 14:24:54.329406 26 dump.go:134] &#x9;Container kindnet-cni ready: true, restart count 0&#xA;I0511 14:24:54.329411 26 dump.go:128] sonobuoy/sonobuoy started at 2025-05-11 13:01:52 +0000 UTC (0+1 container statuses recorded)&#xA;I0511 14:24:54.329415 26 dump.go:134] &#x9;Container kube-sonobuoy ready: true, restart count 0&#xA;I0511 14:24:54.392037 26 kubelet_metrics.go:206] &#xA;Latency metrics for node k8sconformance-m02&#xA;END STEP: dump namespace information after failure - k8s.io/kubernetes/test/e2e/framework/framework.go:297 @ 05/11/25 14:24:54.392 (138ms)&#xA;&lt; Exit [DeferCleanup (Each)] [sig-cli] Kubectl client - dump namespaces | framework.go:218 @ 05/11/25 14:24:54.392 (139ms)&#xA;&gt; Enter [DeferCleanup (Each)] [sig-cli] Kubectl client - tear down framework | framework.go:215 @ 05/11/25 14:24:54.392&#xA;STEP: Destroying namespace &#34;kubectl-473&#34; for this suite. - k8s.io/kubernetes/test/e2e/framework/framework.go:360 @ 05/11/25 14:24:54.392&#xA;&lt; Exit [DeferCleanup (Each)] [sig-cli] Kubectl client - tear down framework | framework.go:215 @ 05/11/25 14:24:54.395 (4ms)&#xA;</system-err>
          </testcase>
          <testcase name="[It] [sig-storage] CSI Volumes [Driver: pd.csi.storage.gke.io] [Serial] [Testpattern: Pre-provisioned PV (filesystem volmode)] multiVolume [Slow] should concurrently access the single read-only volume from pods on the same node" classname="Kubernetes e2e suite" status="skipped" time="0">
              <skipped message="skipped"></skipped>
          </testcase>
          <testcase name="[It] [sig-storage] In-tree Volumes [Driver: vsphere] [Testpattern: Dynamic PV (ext4)] multiVolume [Slow] should access to two volumes with different volume mode and retain data across pod recreation on the same node" classname="Kubernetes e2e suite" status="skipped" time="0">
              <skipped message="skipped"></skipped>
          </testcase>
          <testcase name="[It] [sig-storage] In-tree Volumes [Driver: hostPath] [Testpattern: Dynamic PV (xfs)] [Slow] multiVolume [Slow] should concurrently access the volume and restored snapshot from pods on the same node [LinuxOnly] [Feature:VolumeSnapshotDataSource] [Feature:VolumeSourceXFS]" classname="Kubernetes e2e suite" status="skipped" time="0">
              <skipped message="skipped"></skipped>
          </testcase>
          <testcase name="[It] [sig-storage] In-tree Volumes [Driver: local] [LocalVolumeType: dir-link] [Testpattern: Pre-provisioned PV (xfs)] [Slow] volumes should allow exec of files on the volume" classname="Kubernetes e2e suite" status="skipped" time="0">
              <skipped message="skipped"></skipped>
          </testcase>
          <testcase name="[It] [sig-storage] In-tree Volumes [Driver: azure-disk] [Testpattern: Pre-provisioned PV (filesystem volmode)] multiVolume [Slow] should access to two volumes with different volume mode and retain data across pod recreation on different node" classname="Kubernetes e2e suite" status="skipped" time="0">
              <skipped message="skipped"></skipped>
          </testcase>
          <testcase name="[It] [sig-storage] In-tree Volumes [Driver: local] [LocalVolumeType: dir-bindmounted] [Testpattern: Inline-volume (default fs)] subPath should support readOnly file specified in the volumeMount [LinuxOnly]" classname="Kubernetes e2e suite" status="skipped" time="0">
              <skipped message="skipped"></skipped>
          </testcase>
          <testcase name="[It] [sig-storage] In-tree Volumes [Driver: local] [LocalVolumeType: block] [Testpattern: Dynamic PV (default fs)] provisioning should provision storage with mount options" classname="Kubernetes e2e suite" status="skipped" time="0">
              <skipped message="skipped"></skipped>
          </testcase>
          <testcase name="[It] [sig-storage] In-tree Volumes [Driver: local] [LocalVolumeType: tmpfs] [Testpattern: Dynamic PV (block volmode)] provisioning should provision storage with mount options" classname="Kubernetes e2e suite" status="skipped" time="0">
              <skipped message="skipped"></skipped>
          </testcase>
          <testcase name="[It] [sig-auth] [Feature:NodeAuthorizer] A node shouldn&#39;t be able to delete another node" classname="Kubernetes e2e suite" status="skipped" time="0">
              <skipped message="skipped"></skipped>
          </testcase>
          <testcase name="[It] [sig-storage] In-tree Volumes [Driver: vsphere] [Testpattern: Pre-provisioned PV (default fs)] volumeIO should write files of various sizes, verify size, validate content [Slow]" classname="Kubernetes e2e suite" status="skipped" time="0">
              <skipped message="skipped"></skipped>
          </testcase>
          <testcase name="[It] [sig-storage] In-tree Volumes [Driver: local] [LocalVolumeType: gce-localssd-scsi-fs] [Serial] [Testpattern: Pre-provisioned PV (default fs)] subPath should fail if non-existent subpath is outside the volume [Slow] [LinuxOnly]" classname="Kubernetes e2e suite" status="skipped" time="0">
              <skipped message="skipped"></skipped>
          </testcase>
          <testcase name="[It] [sig-storage] In-tree Volumes [Driver: iscsi] [Feature:Volumes] [Testpattern: Dynamic PV (default fs)] subPath should support existing single file [LinuxOnly]" classname="Kubernetes e2e suite" status="skipped" time="0">
              <skipped message="skipped"></skipped>
          </testcase>
          <testcase name="[It] [sig-storage] In-tree Volumes [Driver: emptydir] [Testpattern: Pre-provisioned PV (default fs)] subPath should fail if subpath with backstepping is outside the volume [Slow] [LinuxOnly]" classname="Kubernetes e2e suite" status="skipped" time="0">
              <skipped message="skipped"></skipped>
          </testcase>
          <testcase name="[It] [sig-storage] In-tree Volumes [Driver: hostPath] [Testpattern: Dynamic PV (ntfs)] [Feature:Windows] subPath should support file as subpath [LinuxOnly]" classname="Kubernetes e2e suite" status="skipped" time="0">
              <skipped message="skipped"></skipped>
          </testcase>
          <testcase name="[It] [sig-storage] In-tree Volumes [Driver: local] [LocalVolumeType: dir-link] [Testpattern: Dynamic PV (xfs)] [Slow] volumes should allow exec of files on the volume" classname="Kubernetes e2e suite" status="skipped" time="0">
              <skipped message="skipped"></skipped>
          </testcase>
          <testcase name="[It] [sig-storage] In-tree Volumes [Driver: hostPathSymlink] [Testpattern: Pre-provisioned PV (filesystem volmode)] multiVolume [Slow] should concurrently access the single read-only volume from pods on the same node" classname="Kubernetes e2e suite" status="skipped" time="0">
              <skipped message="skipped"></skipped>
          </testcase>
          <testcase name="[It] [sig-storage] EmptyDir volumes when FSGroup is specified [LinuxOnly] new files should be created with FSGroup ownership when container is root" classname="Kubernetes e2e suite" status="skipped" time="0">
              <skipped message="skipped"></skipped>
          </testcase>
          <testcase name="[It] [sig-storage] In-tree Volumes [Driver: hostPath] [Testpattern: Generic Ephemeral-volume (block volmode) (late-binding)] ephemeral should create read-only inline ephemeral volume" classname="Kubernetes e2e suite" status="skipped" time="0">
              <skipped message="skipped"></skipped>
          </testcase>
          <testcase name="[It] [sig-storage] In-tree Volumes [Driver: hostPath] [Testpattern: Pre-provisioned PV (default fs)] subPath should unmount if pod is force deleted while kubelet is down [Disruptive] [Slow] [LinuxOnly]" classname="Kubernetes e2e suite" status="skipped" time="0">
              <skipped message="skipped"></skipped>
          </testcase>
          <testcase name="[It] [sig-storage] In-tree Volumes [Driver: nfs] [Testpattern: Inline-volume (default fs)] subPath should unmount if pod is force deleted while kubelet is down [Disruptive] [Slow] [LinuxOnly]" classname="Kubernetes e2e suite" status="skipped" time="0">
              <skipped message="skipped"></skipped>
          </testcase>
          <testcase name="[It] [sig-storage] In-tree Volumes [Driver: local] [LocalVolumeType: tmpfs] [Testpattern: Dynamic PV (block volmode)] volumeMode should fail to use a volume in a pod with mismatched mode [Slow]" classname="Kubernetes e2e suite" status="skipped" time="0">
              <skipped message="skipped"></skipped>
          </testcase>
          <testcase name="[It] [sig-storage] In-tree Volumes [Driver: azure-disk] [Testpattern: Pre-provisioned PV (filesystem volmode)] volumeMode should not mount / map unused volumes in a pod [LinuxOnly]" classname="Kubernetes e2e suite" status="skipped" time="0">
              <skipped message="skipped"></skipped>
          </testcase>
          <testcase name="[It] [sig-storage] In-tree Volumes [Driver: cinder] [Testpattern: Dynamic PV (ntfs)] [Feature:Windows] subPath should unmount if pod is gracefully deleted while kubelet is down [Disruptive] [Slow] [LinuxOnly]" classname="Kubernetes e2e suite" status="skipped" time="0">
              <skipped message="skipped"></skipped>
          </testcase>
          <testcase name="[It] [sig-storage] In-tree Volumes [Driver: vsphere] [Testpattern: Pre-provisioned PV (xfs)] [Slow] volumes should allow exec of files on the volume" classname="Kubernetes e2e suite" status="skipped" time="0">
              <skipped message="skipped"></skipped>
          </testcase>
          <testcase name="[It] [sig-storage] In-tree Volumes [Driver: local] [LocalVolumeType: blockfs] [Testpattern: Dynamic PV (ntfs)] [Feature:Windows] multiVolume [Slow] should concurrently access the single volume from pods on the same node" classname="Kubernetes e2e suite" status="skipped" time="0">
              <skipped message="skipped"></skipped>
          </testcase>
          <testcase name="[It] [sig-network] Netpol NetworkPolicy between server and client should deny ingress access to updated pod [Feature:NetworkPolicy]" classname="Kubernetes e2e suite" status="skipped" time="0">
              <skipped message="skipped"></skipped>
          </testcase>
          <testcase name="[It] [sig-storage] In-tree Volumes [Driver: local] [LocalVolumeType: block] [Testpattern: Dynamic PV (default fs)] fsgroupchangepolicy (Always)[LinuxOnly], pod created with an initial fsgroup, volume contents ownership changed via chgrp in first pod, new pod with different fsgroup applied to the volume contents" classname="Kubernetes e2e suite" status="skipped" time="0">
              <skipped message="skipped"></skipped>
          </testcase>
          <testcase name="[It] [sig-storage] In-tree Volumes [Driver: local] [LocalVolumeType: dir-link] [Testpattern: Generic Ephemeral-volume (default fs) (immediate-binding)] ephemeral should support expansion of pvcs created for ephemeral pvcs" classname="Kubernetes e2e suite" status="skipped" time="0">
              <skipped message="skipped"></skipped>
          </testcase>
          <testcase name="[It] [sig-storage] In-tree Volumes [Driver: local] [LocalVolumeType: dir-link-bindmounted] [Testpattern: Pre-provisioned PV (default fs)] volumes should store data" classname="Kubernetes e2e suite" status="skipped" time="0">
              <skipped message="skipped"></skipped>
          </testcase>
          <testcase name="[It] [sig-cli] Kubectl client Kubectl label should update the label on a resource [Conformance]" classname="Kubernetes e2e suite" status="passed" time="2.386288389"></testcase>
          <testcase name="[It] [sig-storage] In-tree Volumes [Driver: local] [LocalVolumeType: gce-localssd-scsi-fs] [Serial] [Testpattern: Pre-provisioned PV (xfs)] [Slow] volumes should allow exec of files on the volume" classname="Kubernetes e2e suite" status="skipped" time="0">
              <skipped message="skipped"></skipped>
          </testcase>
          <testcase name="[It] [sig-storage] Projected downwardAPI should update labels on modification [NodeConformance] [Conformance]" classname="Kubernetes e2e suite" status="passed" time="6.587447187"></testcase>
          <testcase name="[It] [sig-storage] In-tree Volumes [Driver: hostPathSymlink] [Testpattern: Dynamic PV (ntfs)] [Feature:Windows] subPath should support readOnly file specified in the volumeMount [LinuxOnly]" classname="Kubernetes e2e suite" status="skipped" time="0">
              <skipped message="skipped"></skipped>
          </testcase>
          <testcase name="[It] [sig-storage] CSI Volumes [Driver: csi-hostpath] [Testpattern: Dynamic PV (xfs)] [Slow] multiVolume [Slow] should concurrently access the single volume from pods on different node" classname="Kubernetes e2e suite" status="skipped" time="0">
              <skipped message="skipped"></skipped>
          </testcase>
          <testcase name="[It] [sig-network] Services should be able to connect to terminating and unready endpoints if PublishNotReadyAddresses is true" classname="Kubernetes e2e suite" status="skipped" time="0">
              <skipped message="skipped"></skipped>
          </testcase>
          <testcase name="[It] [sig-storage] In-tree Volumes [Driver: iscsi] [Feature:Volumes] [Testpattern: Dynamic PV (default fs)] subPath should support creating multiple subpath from same volumes [Slow]" classname="Kubernetes e2e suite" status="skipped" time="0">
              <skipped message="skipped"></skipped>
          </testcase>
          <testcase name="[It] [sig-storage] In-tree Volumes [Driver: cinder] [Testpattern: Generic Ephemeral-volume (block volmode) (late-binding)] ephemeral should support multiple inline ephemeral volumes" classname="Kubernetes e2e suite" status="skipped" time="0">
              <skipped message="skipped"></skipped>
          </testcase>
          <testcase name="[It] [sig-storage] In-tree Volumes [Driver: hostPathSymlink] [Testpattern: Generic Ephemeral-volume (default fs) (immediate-binding)] ephemeral should create read/write inline ephemeral volume" classname="Kubernetes e2e suite" status="skipped" time="0">
              <skipped message="skipped"></skipped>
          </testcase>
          <testcase name="[It] [sig-storage] In-tree Volumes [Driver: local] [LocalVolumeType: dir-link] [Testpattern: Dynamic PV (default fs)] subPath should be able to unmount after the subpath directory is deleted [LinuxOnly]" classname="Kubernetes e2e suite" status="skipped" time="0">
              <skipped message="skipped"></skipped>
          </testcase>
          <testcase name="[It] [sig-storage] ConfigMap should be consumable from pods in volume as non-root with FSGroup [LinuxOnly]" classname="Kubernetes e2e suite" status="skipped" time="0">
              <skipped message="skipped"></skipped>
          </testcase>
          <testcase name="[It] [sig-storage] In-tree Volumes [Driver: local] [LocalVolumeType: dir] [Testpattern: Dynamic PV (default fs)] fsgroupchangepolicy (Always)[LinuxOnly], pod created with an initial fsgroup, volume contents ownership changed via chgrp in first pod, new pod with different fsgroup applied to the volume contents" classname="Kubernetes e2e suite" status="skipped" time="0">
              <skipped message="skipped"></skipped>
          </testcase>
          <testcase name="[It] [sig-storage] Projected configMap should be consumable in multiple volumes in the same pod [NodeConformance] [Conformance]" classname="Kubernetes e2e suite" status="passed" time="4.080222912"></testcase>
          <testcase name="[It] [sig-api-machinery] Servers with support for Table transformation should return pod details" classname="Kubernetes e2e suite" status="skipped" time="0">
              <skipped message="skipped"></skipped>
          </testcase>
          <testcase name="[It] [sig-storage] [Serial] Volume metrics Ephemeral should create prometheus metrics for volume provisioning and attach/detach" classname="Kubernetes e2e suite" status="skipped" time="0">
              <skipped message="skipped"></skipped>
          </testcase>
          <testcase name="[It] [sig-storage] In-tree Volumes [Driver: local] [LocalVolumeType: blockfs] [Testpattern: Dynamic PV (block volmode)] volumeMode should fail to use a volume in a pod with mismatched mode [Slow]" classname="Kubernetes e2e suite" status="skipped" time="0">
              <skipped message="skipped"></skipped>
          </testcase>
          <testcase name="[It] [sig-node] [Feature:SidecarContainers] Probing restartable init container should *not* be restarted with a tcp:8080 liveness probe" classname="Kubernetes e2e suite" status="skipped" time="0">
              <skipped message="skipped"></skipped>
          </testcase>
          <testcase name="[It] [sig-storage] In-tree Volumes [Driver: cinder] [Testpattern: Pre-provisioned PV (filesystem volmode)] volumeMode should fail to use a volume in a pod with mismatched mode [Slow]" classname="Kubernetes e2e suite" status="skipped" time="0">
              <skipped message="skipped"></skipped>
          </testcase>
          <testcase name="[It] [sig-autoscaling] [Feature:HPA] Horizontal pod autoscaling (scale resource: Memory) [Serial] [Slow] Deployment (Pod Resource) Should scale from 1 pod to 3 pods and then from 3 pods to 5 pods using Average Utilization for aggregation" classname="Kubernetes e2e suite" status="skipped" time="0">
              <skipped message="skipped"></skipped>
          </testcase>
          <testcase name="[It] [sig-node] Downward API should provide host IP and pod IP as an env var if pod uses host network [LinuxOnly]" classname="Kubernetes e2e suite" status="skipped" time="0">
              <skipped message="skipped"></skipped>
          </testcase>
          <testcase name="[It] [sig-storage] CSI Volumes [Driver: csi-hostpath] [Testpattern: Dynamic PV (ext4)] multiVolume [Slow] should concurrently access the single volume from pods on the same node" classname="Kubernetes e2e suite" status="skipped" time="0">
              <skipped message="skipped"></skipped>
          </testcase>
          <testcase name="[It] [sig-storage] CSI Mock volume storage capacity CSIStorageCapacity CSIStorageCapacity used, no capacity" classname="Kubernetes e2e suite" status="skipped" time="0">
              <skipped message="skipped"></skipped>
          </testcase>
          <testcase name="[It] [sig-storage] In-tree Volumes [Driver: nfs] [Testpattern: Pre-provisioned PV (default fs)] subPath should support file as subpath [LinuxOnly]" classname="Kubernetes e2e suite" status="skipped" time="0">
              <skipped message="skipped"></skipped>
          </testcase>
          <testcase name="[It] [sig-node] Pods should run through the lifecycle of Pods and PodStatus [Conformance]" classname="Kubernetes e2e suite" status="passed" time="4.186271966"></testcase>
          <testcase name="[It] [sig-storage] CSI Mock Node Volume Health [FeatureGate:CSIVolumeHealth] [Alpha] [Feature:OffByDefault] CSI Mock Node Volume Health [Slow] return normal volume stats without volume condition" classname="Kubernetes e2e suite" status="skipped" time="0">
              <skipped message="skipped"></skipped>
          </testcase>
          <testcase name="[It] [sig-storage] In-tree Volumes [Driver: local] [LocalVolumeType: dir-link-bindmounted] [Testpattern: Inline-volume (default fs)] subPath should support existing single file [LinuxOnly]" classname="Kubernetes e2e suite" status="skipped" time="0">
              <skipped message="skipped"></skipped>
          </testcase>
          <testcase name="[It] [sig-storage] EmptyDir volumes pod should support shared volumes between containers [Conformance]" classname="Kubernetes e2e suite" status="passed" time="2.087481954"></testcase>
          <testcase name="[It] [sig-storage] CSI Mock volume expansion Expansion with recovery [Feature:RecoverVolumeExpansionFailure] [FeatureGate:RecoverVolumeExpansionFailure] [Beta] recovery should be possible for node-only expanded volumes with infeasible error" classname="Kubernetes e2e suite" status="skipped" time="0">
              <skipped message="skipped"></skipped>
          </testcase>
          <testcase name="[It] [sig-storage] In-tree Volumes [Driver: local] [LocalVolumeType: tmpfs] [Testpattern: Dynamic PV (block volmode)] volumeMode should not mount / map unused volumes in a pod [LinuxOnly]" classname="Kubernetes e2e suite" status="skipped" time="0">
              <skipped message="skipped"></skipped>
          </testcase>
          <testcase name="[It] [sig-storage] CSI Volumes [Driver: pd.csi.storage.gke.io] [Serial] [Testpattern: Generic Ephemeral-volume (block volmode) (late-binding)] ephemeral should support multiple inline ephemeral volumes" classname="Kubernetes e2e suite" status="skipped" time="0">
              <skipped message="skipped"></skipped>
          </testcase>
          <testcase name="[It] [sig-api-machinery] client-go should negotiate watch and report errors with accept &#34;application/json&#34;" classname="Kubernetes e2e suite" status="skipped" time="0">
              <skipped message="skipped"></skipped>
          </testcase>
          <testcase name="[It] [sig-storage] In-tree Volumes [Driver: local] [LocalVolumeType: gce-localssd-scsi-fs] [Serial] [Testpattern: Dynamic PV (filesystem volmode)] multiVolume [Slow] should access to two volumes with different volume mode and retain data across pod recreation on different node" classname="Kubernetes e2e suite" status="skipped" time="0">
              <skipped message="skipped"></skipped>
          </testcase>
          <testcase name="[It] [sig-storage] In-tree Volumes [Driver: iscsi] [Feature:Volumes] [Testpattern: Dynamic PV (default fs)] fsgroupchangepolicy (Always)[LinuxOnly], pod created with an initial fsgroup, volume contents ownership changed via chgrp in first pod, new pod with different fsgroup applied to the volume contents" classname="Kubernetes e2e suite" status="skipped" time="0">
              <skipped message="skipped"></skipped>
          </testcase>
          <testcase name="[It] [sig-apps] Deployment deployment should delete old replica sets [Conformance]" classname="Kubernetes e2e suite" status="passed" time="5.078221886"></testcase>
          <testcase name="[It] [sig-node] RuntimeClass should reject a Pod requesting a non-existent RuntimeClass [NodeConformance] [Conformance]" classname="Kubernetes e2e suite" status="passed" time="0.099513063"></testcase>
          <testcase name="[It] [sig-storage] In-tree Volumes [Driver: local] [LocalVolumeType: block] [Testpattern: Pre-provisioned PV (block volmode)] volumeMode should fail to use a volume in a pod with mismatched mode [Slow]" classname="Kubernetes e2e suite" status="skipped" time="0">
              <skipped message="skipped"></skipped>
          </testcase>
          <testcase name="[It] [sig-storage] In-tree Volumes [Driver: iscsi] [Feature:Volumes] [Testpattern: Pre-provisioned PV (default fs)] subPath should fail if subpath with backstepping is outside the volume [Slow] [LinuxOnly]" classname="Kubernetes e2e suite" status="skipped" time="0">
              <skipped message="skipped"></skipped>
          </testcase>
          <testcase name="[It] [sig-node] Security Context should support seccomp unconfined on the pod [LinuxOnly]" classname="Kubernetes e2e suite" status="skipped" time="0">
              <skipped message="skipped"></skipped>
          </testcase>
          <testcase name="[It] [sig-storage] In-tree Volumes [Driver: azure-disk] [Testpattern: Dynamic PV (ntfs)] [Feature:Windows] subPath should support existing single file [LinuxOnly]" classname="Kubernetes e2e suite" status="skipped" time="0">
              <skipped message="skipped"></skipped>
          </testcase>
          <testcase name="[It] [sig-storage] CSI Volumes [Driver: csi-hostpath] [Testpattern: Generic Ephemeral-volume (default fs) (immediate-binding)] ephemeral should support expansion of pvcs created for ephemeral pvcs" classname="Kubernetes e2e suite" status="skipped" time="0">
              <skipped message="skipped"></skipped>
          </testcase>
          <testcase name="[It] [sig-storage] Secrets should be consumable from pods in volume with defaultMode set [LinuxOnly] [NodeConformance] [Conformance]" classname="Kubernetes e2e suite" status="passed" time="2.165300777"></testcase>
          <testcase name="[It] [sig-api-machinery] Server request timeout should return HTTP status code 400 if the user specifies an invalid timeout in the request URL" classname="Kubernetes e2e suite" status="skipped" time="0">
              <skipped message="skipped"></skipped>
          </testcase>
          <testcase name="[It] [sig-storage] In-tree Volumes [Driver: vsphere] [Testpattern: Dynamic PV (ntfs)] [Feature:Windows] volumes should allow exec of files on the volume" classname="Kubernetes e2e suite" status="skipped" time="0">
              <skipped message="skipped"></skipped>
          </testcase>
          <testcase name="[It] [sig-storage] CSI Mock volume storage capacity CSIStorageCapacity CSIStorageCapacity unused" classname="Kubernetes e2e suite" status="skipped" time="0">
              <skipped message="skipped"></skipped>
          </testcase>
          <testcase name="[It] [sig-storage] In-tree Volumes [Driver: local] [LocalVolumeType: tmpfs] [Testpattern: Generic Ephemeral-volume (block volmode) (late-binding)] ephemeral should create read/write inline ephemeral volume" classname="Kubernetes e2e suite" status="skipped" time="0">
              <skipped message="skipped"></skipped>
          </testcase>
          <testcase name="[It] [sig-storage] In-tree Volumes [Driver: local] [LocalVolumeType: tmpfs] [Testpattern: Dynamic PV (ntfs)(allowExpansion)] [Feature:Windows] volume-expand Verify if offline PVC expansion works" classname="Kubernetes e2e suite" status="skipped" time="0">
              <skipped message="skipped"></skipped>
          </testcase>
          <testcase name="[It] [sig-storage] CSI Mock selinux on mount metrics and SELinuxWarningController SELinuxMount metrics [LinuxOnly] [Feature:SELinux] [Serial] error is not bumped on two Pods with Recursive policy and a different context on RWX volume [FeatureGate:SELinuxMountReadWriteOncePod] [Beta] [FeatureGate:SELinuxChangePolicy] [Beta] [FeatureGate:SELinuxMount] [Beta] [Feature:OffByDefault]" classname="Kubernetes e2e suite" status="skipped" time="0">
              <skipped message="skipped"></skipped>
          </testcase>
          <testcase name="[It] [sig-storage] In-tree Volumes [Driver: local] [LocalVolumeType: blockfs] [Testpattern: Dynamic PV (ntfs)] [Feature:Windows] subPath should unmount if pod is gracefully deleted while kubelet is down [Disruptive] [Slow] [LinuxOnly]" classname="Kubernetes e2e suite" status="skipped" time="0">
              <skipped message="skipped"></skipped>
          </testcase>
          <testcase name="[It] [sig-storage] In-tree Volumes [Driver: local] [LocalVolumeType: blockfs] [Testpattern: Dynamic PV (ext4)] volumes should allow exec of files on the volume" classname="Kubernetes e2e suite" status="skipped" time="0">
              <skipped message="skipped"></skipped>
          </testcase>
          <testcase name="[It] [sig-storage] In-tree Volumes [Driver: local] [LocalVolumeType: dir-link] [Testpattern: Dynamic PV (default fs)] subPath should fail if non-existent subpath is outside the volume [Slow] [LinuxOnly]" classname="Kubernetes e2e suite" status="skipped" time="0">
              <skipped message="skipped"></skipped>
          </testcase>
          <testcase name="[It] [sig-storage] In-tree Volumes [Driver: azure-file] [Testpattern: Dynamic PV (default fs)] provisioning should provision storage with snapshot data source [Feature:VolumeSnapshotDataSource]" classname="Kubernetes e2e suite" status="skipped" time="0">
              <skipped message="skipped"></skipped>
          </testcase>
          <testcase name="[It] [sig-storage] In-tree Volumes [Driver: vsphere] [Testpattern: Inline-volume (ext3)] volumes should store data" classname="Kubernetes e2e suite" status="skipped" time="0">
              <skipped message="skipped"></skipped>
          </testcase>
          <testcase name="[It] [sig-cloud-provider-gcp] Ports Security Check [Feature:KubeletSecurity] should not be able to proxy to cadvisor port 4194 using proxy subresource" classname="Kubernetes e2e suite" status="skipped" time="0">
              <skipped message="skipped"></skipped>
          </testcase>
          <testcase name="[It] [sig-storage] In-tree Volumes [Driver: local] [LocalVolumeType: dir-bindmounted] [Testpattern: Dynamic PV (ntfs)] [Feature:Windows] volume-expand should not allow expansion of pvcs without AllowVolumeExpansion property" classname="Kubernetes e2e suite" status="skipped" time="0">
              <skipped message="skipped"></skipped>
          </testcase>
          <testcase name="[It] [sig-storage] In-tree Volumes [Driver: local] [LocalVolumeType: tmpfs] [Testpattern: Dynamic PV (ext4)] volumes should allow exec of files on the volume" classname="Kubernetes e2e suite" status="skipped" time="0">
              <skipped message="skipped"></skipped>
          </testcase>
          <testcase name="[It] [sig-storage] In-tree Volumes [Driver: local] [LocalVolumeType: dir-bindmounted] [Testpattern:  (delete policy)] volumegroupsnapshottable [Feature:volumegroupsnapshot] VolumeGroupSnapshottable  should create snapshots for multiple volumes in a pod" classname="Kubernetes e2e suite" status="skipped" time="0">
              <skipped message="skipped"></skipped>
          </testcase>
          <testcase name="[It] [sig-storage] In-tree Volumes [Driver: vsphere] [Testpattern: Dynamic PV (ntfs)] [Feature:Windows] subPath should support file as subpath [LinuxOnly]" classname="Kubernetes e2e suite" status="skipped" time="0">
              <skipped message="skipped"></skipped>
          </testcase>
          <testcase name="[It] [sig-storage] In-tree Volumes [Driver: iscsi] [Feature:Volumes] [Testpattern: Dynamic PV (xfs)] [Slow] multiVolume [Slow] should concurrently access the volume and its clone from pods on the same node [LinuxOnly] [Feature:VolumeSourceXFS]" classname="Kubernetes e2e suite" status="skipped" time="0">
              <skipped message="skipped"></skipped>
          </testcase>
          <testcase name="[It] [sig-apps] StatefulSet Scaling StatefulSetStartOrdinal Setting .start.ordinal" classname="Kubernetes e2e suite" status="skipped" time="0">
              <skipped message="skipped"></skipped>
          </testcase>
          <testcase name="[It] [sig-storage] In-tree Volumes [Driver: azure-disk] [Testpattern: Dynamic PV (ext4)] multiVolume [Slow] should concurrently access the volume and restored snapshot from pods on the same node [LinuxOnly] [Feature:VolumeSnapshotDataSource] [Feature:VolumeSourceXFS]" classname="Kubernetes e2e suite" status="skipped" time="0">
              <skipped message="skipped"></skipped>
          </testcase>
          <testcase name="[It] [sig-node] Pods should have their auto-restart back-off timer reset on image update [Slow] [NodeConformance]" classname="Kubernetes e2e suite" status="skipped" time="0">
              <skipped message="skipped"></skipped>
          </testcase>
          <testcase name="[It] [sig-storage] CSI Volumes [Driver: pd.csi.storage.gke.io] [Serial] [Testpattern: Dynamic PV (ntfs)] [Feature:Windows] volumeIO should write files of various sizes, verify size, validate content [Slow]" classname="Kubernetes e2e suite" status="skipped" time="0">
              <skipped message="skipped"></skipped>
          </testcase>
          <testcase name="[It] [sig-node] kubelet kubectl get --raw &#34;/api/v1/nodes/&lt;insert-node-name-here&gt;/proxy/logs/?query=/&lt;insert-log-file-name-here&gt; [Feature:NodeLogQuery] should return the kubelet logs for the current boot" classname="Kubernetes e2e suite" status="skipped" time="0">
              <skipped message="skipped"></skipped>
          </testcase>
          <testcase name="[It] [sig-storage] In-tree Volumes [Driver: local] [LocalVolumeType: gce-localssd-scsi-fs] [Serial] [Testpattern: Inline-volume (default fs)] subPath should support restarting containers using file as subpath [Slow] [LinuxOnly]" classname="Kubernetes e2e suite" status="skipped" time="0">
              <skipped message="skipped"></skipped>
          </testcase>
          <testcase name="[It] [sig-storage] In-tree Volumes [Driver: nfs] [Testpattern: Dynamic PV (block volmode)] volumeMode should fail to use a volume in a pod with mismatched mode [Slow]" classname="Kubernetes e2e suite" status="skipped" time="0">
              <skipped message="skipped"></skipped>
          </testcase>
          <testcase name="[It] [sig-storage] In-tree Volumes [Driver: hostPathSymlink] [Testpattern: Generic Ephemeral-volume (default fs) (late-binding)] ephemeral should support expansion of pvcs created for ephemeral pvcs" classname="Kubernetes e2e suite" status="skipped" time="0">
              <skipped message="skipped"></skipped>
          </testcase>
          <testcase name="[It] [sig-storage] In-tree Volumes [Driver: hostPath] [Testpattern: Dynamic PV (default fs)] fsgroupchangepolicy (Always)[LinuxOnly], pod created with an initial fsgroup, volume contents ownership changed via chgrp in first pod, new pod with different fsgroup applied to the volume contents" classname="Kubernetes e2e suite" status="skipped" time="0">
              <skipped message="skipped"></skipped>
          </testcase>
          <testcase name="[It] [sig-storage] In-tree Volumes [Driver: iscsi] [Feature:Volumes] [Testpattern: Dynamic PV (ext4)] multiVolume [Slow] should access to two volumes with the same volume mode and retain data across pod recreation on the same node" classname="Kubernetes e2e suite" status="skipped" time="0">
              <skipped message="skipped"></skipped>
          </testcase>
          <testcase name="[It] [sig-storage] In-tree Volumes [Driver: azure-disk] [Testpattern: Dynamic PV (ntfs)] [Feature:Windows] subPath should support restarting containers using file as subpath [Slow] [LinuxOnly]" classname="Kubernetes e2e suite" status="skipped" time="0">
              <skipped message="skipped"></skipped>
          </testcase>
          <testcase name="[It] [sig-storage] In-tree Volumes [Driver: local] [LocalVolumeType: block] [Testpattern: Dynamic PV (ext4)] multiVolume [Slow] should access to two volumes with the same volume mode and retain data across pod recreation on different node" classname="Kubernetes e2e suite" status="skipped" time="0">
              <skipped message="skipped"></skipped>
          </testcase>
          <testcase name="[It] [sig-storage] In-tree Volumes [Driver: cinder] [Testpattern: Dynamic PV (block volmode)(allowExpansion)] volume-expand should resize volume when PVC is edited while pod is using it" classname="Kubernetes e2e suite" status="skipped" time="0">
              <skipped message="skipped"></skipped>
          </testcase>
          <testcase name="[It] [sig-storage] In-tree Volumes [Driver: local] [LocalVolumeType: dir-link] [Testpattern: Inline-volume (ntfs)] [Feature:Windows] volumes should allow exec of files on the volume" classname="Kubernetes e2e suite" status="skipped" time="0">
              <skipped message="skipped"></skipped>
          </testcase>
          <testcase name="[It] [sig-storage] In-tree Volumes [Driver: vsphere] [Testpattern: Dynamic PV (block volmode)] provisioning should mount multiple PV pointing to the same storage on the same node" classname="Kubernetes e2e suite" status="skipped" time="0">
              <skipped message="skipped"></skipped>
          </testcase>
          <testcase name="[It] [sig-storage] In-tree Volumes [Driver: local] [LocalVolumeType: block] [Testpattern: Pre-provisioned PV (default fs)] subPath should support creating multiple subpath from same volumes [Slow]" classname="Kubernetes e2e suite" status="skipped" time="0">
              <skipped message="skipped"></skipped>
          </testcase>
          <testcase name="[It] [sig-storage] In-tree Volumes [Driver: local] [LocalVolumeType: blockfs] [Testpattern: Dynamic PV (block volmode)] provisioning should provision storage with pvc data source in parallel [Slow]" classname="Kubernetes e2e suite" status="skipped" time="0">
              <skipped message="skipped"></skipped>
          </testcase>
          <testcase name="[It] [sig-storage] ConfigMap should be immutable if `immutable` field is set [Conformance]" classname="Kubernetes e2e suite" status="passed" time="0.102125613"></testcase>
          <testcase name="[It] [sig-node] Pod InPlace Resize Container [FeatureGate:InPlacePodVerticalScaling] [Beta] Burstable QoS pod, one container with cpu &amp; memory requests + limits - increase memory requests and decrease CPU limits" classname="Kubernetes e2e suite" status="skipped" time="0">
              <skipped message="skipped"></skipped>
          </testcase>
          <testcase name="[It] [sig-storage] In-tree Volumes [Driver: azure-file] [Testpattern: Pre-provisioned PV (block volmode)] multiVolume [Slow] should concurrently access the volume and restored snapshot from pods on the same node [LinuxOnly] [Feature:VolumeSnapshotDataSource] [Feature:VolumeSourceXFS]" classname="Kubernetes e2e suite" status="skipped" time="0">
              <skipped message="skipped"></skipped>
          </testcase>
          <testcase name="[It] [sig-storage] In-tree Volumes [Driver: local] [LocalVolumeType: gce-localssd-scsi-fs] [Serial] [Testpattern: Pre-provisioned PV (ext3)] volumes should allow exec of files on the volume" classname="Kubernetes e2e suite" status="skipped" time="0">
              <skipped message="skipped"></skipped>
          </testcase>
          <testcase name="[It] [sig-storage] In-tree Volumes [Driver: local] [LocalVolumeType: dir-bindmounted] [Testpattern: Dynamic PV (ntfs)] [Feature:Windows] provisioning should provision storage with snapshot data source [Feature:VolumeSnapshotDataSource]" classname="Kubernetes e2e suite" status="skipped" time="0">
              <skipped message="skipped"></skipped>
          </testcase>
          <testcase name="[It] [sig-storage] In-tree Volumes [Driver: local] [LocalVolumeType: dir-bindmounted] [Testpattern: Dynamic PV (default fs)] subPath should fail if subpath with backstepping is outside the volume [Slow] [LinuxOnly]" classname="Kubernetes e2e suite" status="skipped" time="0">
              <skipped message="skipped"></skipped>
          </testcase>
          <testcase name="[It] [sig-storage] In-tree Volumes [Driver: local] [LocalVolumeType: blockfs] [Testpattern: Dynamic PV (default fs)] volumes should store data" classname="Kubernetes e2e suite" status="skipped" time="0">
              <skipped message="skipped"></skipped>
          </testcase>
          <testcase name="[It] [sig-storage] Retroactive StorageClass Assignment should assign default StorageClass to PVCs retroactively [Disruptive] [Serial]" classname="Kubernetes e2e suite" status="skipped" time="0">
              <skipped message="skipped"></skipped>
          </testcase>
          <testcase name="[It] [sig-storage] In-tree Volumes [Driver: vsphere] [Testpattern: Dynamic PV (ntfs)] [Feature:Windows] subPath should fail if subpath file is outside the volume [Slow] [LinuxOnly]" classname="Kubernetes e2e suite" status="skipped" time="0">
              <skipped message="skipped"></skipped>
          </testcase>
          <testcase name="[It] [sig-storage] In-tree Volumes [Driver: emptydir] [Testpattern: Dynamic PV (ext4)] multiVolume [Slow] should concurrently access the single read-only volume from pods on the same node" classname="Kubernetes e2e suite" status="skipped" time="0">
              <skipped message="skipped"></skipped>
          </testcase>
          <testcase name="[It] [sig-storage] CSI Volumes [Driver: pd.csi.storage.gke.io] [Serial] [Testpattern: Dynamic PV (ntfs)] [Feature:Windows] provisioning should provision storage with snapshot data source [Feature:VolumeSnapshotDataSource]" classname="Kubernetes e2e suite" status="skipped" time="0">
              <skipped message="skipped"></skipped>
          </testcase>
          <testcase name="[It] [sig-storage] CSI Mock volume node stage CSI NodeStage error cases [Slow] should call NodeUnstage after NodeStage success" classname="Kubernetes e2e suite" status="skipped" time="0">
              <skipped message="skipped"></skipped>
          </testcase>
          <testcase name="[It] [sig-storage] In-tree Volumes [Driver: cinder] [Testpattern: Pre-provisioned PV (filesystem volmode)] multiVolume [Slow] should concurrently access the single volume from pods on different node" classname="Kubernetes e2e suite" status="skipped" time="0">
              <skipped message="skipped"></skipped>
          </testcase>
          <testcase name="[It] [sig-storage] In-tree Volumes [Driver: emptydir] [Testpattern: Dynamic PV (filesystem volmode)] multiVolume [Slow] should access to two volumes with the same volume mode and retain data across pod recreation on different node" classname="Kubernetes e2e suite" status="skipped" time="0">
              <skipped message="skipped"></skipped>
          </testcase>
          <testcase name="[It] [sig-storage] In-tree Volumes [Driver: cinder] [Testpattern: Dynamic PV (ntfs)] [Feature:Windows] subPath should be able to unmount after the subpath directory is deleted [LinuxOnly]" classname="Kubernetes e2e suite" status="skipped" time="0">
              <skipped message="skipped"></skipped>
          </testcase>
          <testcase name="[It] [sig-storage] In-tree Volumes [Driver: hostPath] [Testpattern: Dynamic PV (block volmode)] multiVolume [Slow] should concurrently access the volume and its clone from pods on the same node [LinuxOnly] [Feature:VolumeSourceXFS]" classname="Kubernetes e2e suite" status="skipped" time="0">
              <skipped message="skipped"></skipped>
          </testcase>
          <testcase name="[It] [sig-network] EndpointSlice should have Endpoints and EndpointSlices pointing to API Server [Conformance]" classname="Kubernetes e2e suite" status="passed" time="0.100524726"></testcase>
          <testcase name="[It] [sig-storage] CSI Volumes [Driver: csi-hostpath] [Testpattern: Pre-provisioned PV (ext3)] volumes should store data" classname="Kubernetes e2e suite" status="skipped" time="0">
              <skipped message="skipped"></skipped>
          </testcase>
          <testcase name="[It] [sig-storage] In-tree Volumes [Driver: local] [LocalVolumeType: dir] [Testpattern: Dynamic PV (ext4)] multiVolume [Slow] should access to two volumes with the same volume mode and retain data across pod recreation on the same node" classname="Kubernetes e2e suite" status="skipped" time="0">
              <skipped message="skipped"></skipped>
          </testcase>
          <testcase name="[It] [sig-storage] In-tree Volumes [Driver: local] [LocalVolumeType: dir-link] [Testpattern: Generic Ephemeral-volume (default fs) (late-binding)] ephemeral should support expansion of pvcs created for ephemeral pvcs" classname="Kubernetes e2e suite" status="skipped" time="0">
              <skipped message="skipped"></skipped>
          </testcase>
          <testcase name="[It] [sig-storage] In-tree Volumes [Driver: azure-file] [Testpattern: Dynamic PV (default fs)] subPath should support restarting containers using directory as subpath [Slow]" classname="Kubernetes e2e suite" status="skipped" time="0">
              <skipped message="skipped"></skipped>
          </testcase>
          <testcase name="[It] [sig-storage] In-tree Volumes [Driver: hostPath] [Testpattern: Dynamic PV (block volmode)] provisioning should provision correct filesystem size when restoring snapshot to larger size pvc [Feature:VolumeSnapshotDataSource]" classname="Kubernetes e2e suite" status="skipped" time="0">
              <skipped message="skipped"></skipped>
          </testcase>
          <testcase name="[It] [sig-storage] In-tree Volumes [Driver: local] [LocalVolumeType: blockfs] [Testpattern: Dynamic PV (block volmode)] provisioning should mount multiple PV pointing to the same storage on the same node" classname="Kubernetes e2e suite" status="skipped" time="0">
              <skipped message="skipped"></skipped>
          </testcase>
          <testcase name="[It] [sig-storage] In-tree Volumes [Driver: azure-disk] [Testpattern: Dynamic PV (default fs)(allowExpansion)] volume-expand Verify if offline PVC expansion works" classname="Kubernetes e2e suite" status="skipped" time="0">
              <skipped message="skipped"></skipped>
          </testcase>
          <testcase name="[It] [sig-storage] In-tree Volumes [Driver: cinder] [Testpattern: Dynamic PV (ntfs)] [Feature:Windows] subPath should support file as subpath [LinuxOnly]" classname="Kubernetes e2e suite" status="skipped" time="0">
              <skipped message="skipped"></skipped>
          </testcase>
          <testcase name="[It] [sig-storage] In-tree Volumes [Driver: local] [LocalVolumeType: tmpfs] [Testpattern: Inline-volume (default fs)] subPath should fail if subpath file is outside the volume [Slow] [LinuxOnly]" classname="Kubernetes e2e suite" status="skipped" time="0">
              <skipped message="skipped"></skipped>
          </testcase>
          <testcase name="[It] [sig-storage] In-tree Volumes [Driver: nfs] [Testpattern: Dynamic PV (ntfs)] [Feature:Windows] subPath should fail if subpath file is outside the volume [Slow] [LinuxOnly]" classname="Kubernetes e2e suite" status="skipped" time="0">
              <skipped message="skipped"></skipped>
          </testcase>
          <testcase name="[It] [sig-storage] In-tree Volumes [Driver: emptydir] [Testpattern: Dynamic PV (default fs)] subPath should verify container cannot write to subpath readonly volumes [Slow]" classname="Kubernetes e2e suite" status="skipped" time="0">
              <skipped message="skipped"></skipped>
          </testcase>
          <testcase name="[It] [sig-storage] In-tree Volumes [Driver: local] [LocalVolumeType: dir] [Testpattern: Dynamic PV (default fs)] subPath should support existing directory" classname="Kubernetes e2e suite" status="skipped" time="0">
              <skipped message="skipped"></skipped>
          </testcase>
          <testcase name="[It] [sig-cli] Kubectl Port forwarding Shutdown client connection while the remote stream is writing data to the port-forward connection port-forward should keep working after detect broken connection" classname="Kubernetes e2e suite" status="skipped" time="0">
              <skipped message="skipped"></skipped>
          </testcase>
          <testcase name="[It] [sig-storage] CSI Mock volume fsgroup policies CSI FSGroupPolicy Update [LinuxOnly] should update fsGroup if update from detault to File" classname="Kubernetes e2e suite" status="skipped" time="0">
              <skipped message="skipped"></skipped>
          </testcase>
          <testcase name="[It] [sig-storage] CSI Mock volume storage capacity storage capacity exhausted, immediate binding" classname="Kubernetes e2e suite" status="skipped" time="0">
              <skipped message="skipped"></skipped>
          </testcase>
          <testcase name="[It] [sig-storage] In-tree Volumes [Driver: hostPathSymlink] [Testpattern: Pre-provisioned PV (default fs)] subPath should support readOnly directory specified in the volumeMount" classname="Kubernetes e2e suite" status="skipped" time="0">
              <skipped message="skipped"></skipped>
          </testcase>
          <testcase name="[It] [sig-storage] In-tree Volumes [Driver: local] [LocalVolumeType: dir-link-bindmounted] [Testpattern: Dynamic PV (ntfs)] [Feature:Windows] subPath should support readOnly file specified in the volumeMount [LinuxOnly]" classname="Kubernetes e2e suite" status="skipped" time="0">
              <skipped message="skipped"></skipped>
          </testcase>
          <testcase name="[It] [sig-storage] In-tree Volumes [Driver: cinder] [Testpattern: Inline-volume (default fs)] subPath should fail if subpath directory is outside the volume [Slow] [LinuxOnly]" classname="Kubernetes e2e suite" status="skipped" time="0">
              <skipped message="skipped"></skipped>
          </testcase>
          <testcase name="[It] [sig-storage] In-tree Volumes [Driver: local] [LocalVolumeType: blockfs] [Testpattern: Pre-provisioned PV (filesystem volmode)] disruptive [Disruptive] [LinuxOnly] Should test that pv used in a pod that is force deleted while the kubelet is down is usable by a new pod when kubelet returns [Feature:SELinux]" classname="Kubernetes e2e suite" status="skipped" time="0">
              <skipped message="skipped"></skipped>
          </testcase>
          <testcase name="[It] [sig-api-machinery] Etcd failure [Disruptive] should recover from SIGKILL" classname="Kubernetes e2e suite" status="skipped" time="0">
              <skipped message="skipped"></skipped>
          </testcase>
          <testcase name="[It] [sig-storage] In-tree Volumes [Driver: local] [LocalVolumeType: tmpfs] [Testpattern: Dynamic PV (ntfs)] [Feature:Windows] subPath should support existing directories when readOnly specified in the volumeSource" classname="Kubernetes e2e suite" status="skipped" time="0">
              <skipped message="skipped"></skipped>
          </testcase>
          <testcase name="[It] [sig-storage] In-tree Volumes [Driver: local] [LocalVolumeType: dir-link] [Testpattern: Dynamic PV (block volmode)] provisioning should provision storage with pvc data source" classname="Kubernetes e2e suite" status="skipped" time="0">
              <skipped message="skipped"></skipped>
          </testcase>
          <testcase name="[It] [sig-storage] In-tree Volumes [Driver: nfs] [Testpattern: Pre-provisioned PV (default fs)] subPath should fail if non-existent subpath is outside the volume [Slow] [LinuxOnly]" classname="Kubernetes e2e suite" status="skipped" time="0">
              <skipped message="skipped"></skipped>
          </testcase>
          <testcase name="[It] [sig-storage] CSI Mock honor pv reclaim policy CSI honor pv reclaim policy using mock driver Static provisioning should honor pv retain reclaim policy when deleting pvc then pv" classname="Kubernetes e2e suite" status="skipped" time="0">
              <skipped message="skipped"></skipped>
          </testcase>
          <testcase name="[It] [sig-storage] In-tree Volumes [Driver: hostPath] [Testpattern: Pre-provisioned PV (ext3)] volumes should store data" classname="Kubernetes e2e suite" status="skipped" time="0">
              <skipped message="skipped"></skipped>
          </testcase>
          <testcase name="[It] [sig-storage] In-tree Volumes [Driver: local] [LocalVolumeType: dir-link] [Testpattern: Dynamic PV (ntfs)] [Feature:Windows] subPath should support non-existent path" classname="Kubernetes e2e suite" status="skipped" time="0">
              <skipped message="skipped"></skipped>
          </testcase>
          <testcase name="[It] [sig-storage] In-tree Volumes [Driver: azure-disk] [Testpattern: Pre-provisioned PV (filesystem volmode)] disruptive [Disruptive] [LinuxOnly] Should test that pv written before kubelet restart is readable after restart." classname="Kubernetes e2e suite" status="skipped" time="0">
              <skipped message="skipped"></skipped>
          </testcase>
          <testcase name="[It] [sig-storage] In-tree Volumes [Driver: azure-file] [Testpattern: Pre-provisioned PV (block volmode)] multiVolume [Slow] should concurrently access the single volume from pods on different node" classname="Kubernetes e2e suite" status="skipped" time="0">
              <skipped message="skipped"></skipped>
          </testcase>
          <testcase name="[It] [sig-storage] CSI Volumes [Driver: pd.csi.storage.gke.io] [Serial] [Testpattern: Inline-volume (default fs)] subPath should unmount if pod is force deleted while kubelet is down [Disruptive] [Slow] [LinuxOnly]" classname="Kubernetes e2e suite" status="skipped" time="0">
              <skipped message="skipped"></skipped>
          </testcase>
          <testcase name="[It] [sig-storage] In-tree Volumes [Driver: local] [LocalVolumeType: dir-link-bindmounted] [Testpattern: Pre-provisioned PV (ext3)] volumes should store data" classname="Kubernetes e2e suite" status="skipped" time="0">
              <skipped message="skipped"></skipped>
          </testcase>
          <testcase name="[It] [sig-node] DRA [Feature:DynamicResourceAllocation] [FeatureGate:DynamicResourceAllocation] [Beta] [Feature:OffByDefault] on single node supports inline claim referenced by multiple containers" classname="Kubernetes e2e suite" status="skipped" time="0">
              <skipped message="skipped"></skipped>
          </testcase>
          <testcase name="[It] [sig-storage] In-tree Volumes [Driver: emptydir] [Testpattern: Dynamic PV (default fs)] fsgroupchangepolicy (OnRootMismatch)[LinuxOnly], pod created with an initial fsgroup, volume contents ownership changed via chgrp in first pod, new pod with same fsgroup skips ownership changes to the volume contents" classname="Kubernetes e2e suite" status="skipped" time="0">
              <skipped message="skipped"></skipped>
          </testcase>
          <testcase name="[It] [sig-storage] In-tree Volumes [Driver: hostPath] [Testpattern: Dynamic PV (filesystem volmode)] multiVolume [Slow] should concurrently access the volume and its clone from pods on the same node [LinuxOnly] [Feature:VolumeSourceXFS]" classname="Kubernetes e2e suite" status="skipped" time="0">
              <skipped message="skipped"></skipped>
          </testcase>
          <testcase name="[It] [sig-storage] In-tree Volumes [Driver: local] [LocalVolumeType: dir-link-bindmounted] [Testpattern: Dynamic PV (ntfs)] [Feature:Windows] provisioning should provision storage with pvc data source in parallel [Slow]" classname="Kubernetes e2e suite" status="skipped" time="0">
              <skipped message="skipped"></skipped>
          </testcase>
          <testcase name="[It] [sig-storage] In-tree Volumes [Driver: local] [LocalVolumeType: dir-link] [Testpattern: Pre-provisioned PV (default fs)] subPath should unmount if pod is force deleted while kubelet is down [Disruptive] [Slow] [LinuxOnly]" classname="Kubernetes e2e suite" status="skipped" time="0">
              <skipped message="skipped"></skipped>
          </testcase>
          <testcase name="[It] [sig-storage] In-tree Volumes [Driver: emptydir] [Testpattern: Dynamic PV (block volmode)] volume-stress multiple pods should access different volumes repeatedly [Slow] [Serial]" classname="Kubernetes e2e suite" status="skipped" time="0">
              <skipped message="skipped"></skipped>
          </testcase>
          <testcase name="[It] [sig-storage] In-tree Volumes [Driver: local] [LocalVolumeType: gce-localssd-scsi-fs] [Serial] [Testpattern: Dynamic PV (ntfs)] [Feature:Windows] subPath should unmount if pod is gracefully deleted while kubelet is down [Disruptive] [Slow] [LinuxOnly]" classname="Kubernetes e2e suite" status="skipped" time="0">
              <skipped message="skipped"></skipped>
          </testcase>
          <testcase name="[It] [sig-storage] In-tree Volumes [Driver: local] [LocalVolumeType: block] [Testpattern: Generic Ephemeral-volume (default fs)] volumeLimits should support volume limits [Serial]" classname="Kubernetes e2e suite" status="skipped" time="0">
              <skipped message="skipped"></skipped>
          </testcase>
          <testcase name="[It] [sig-storage] In-tree Volumes [Driver: emptydir] [Testpattern: Inline-volume (default fs)] subPath should support existing single file [LinuxOnly]" classname="Kubernetes e2e suite" status="skipped" time="0">
              <skipped message="skipped"></skipped>
          </testcase>
          <testcase name="[It] [sig-network] Netpol NetworkPolicy between server and client should allow ingress access on one named port [Feature:NetworkPolicy]" classname="Kubernetes e2e suite" status="skipped" time="0">
              <skipped message="skipped"></skipped>
          </testcase>
          <testcase name="[It] [sig-network] Services should respect internalTrafficPolicy=Local Pod and Node, to Pod (hostNetwork: true)" classname="Kubernetes e2e suite" status="skipped" time="0">
              <skipped message="skipped"></skipped>
          </testcase>
          <testcase name="[It] [sig-storage] CSI Volumes [Driver: csi-hostpath] [Testpattern: Dynamic PV (ntfs)] [Feature:Windows] volume-modify [FeatureGate:VolumeAttributesClass] [Beta] [Feature:OffByDefault] should modify volume with no VAC" classname="Kubernetes e2e suite" status="skipped" time="0">
              <skipped message="skipped"></skipped>
          </testcase>
          <testcase name="[It] [sig-storage] In-tree Volumes [Driver: nfs] [Testpattern: Inline-volume (default fs)] subPath should verify container cannot write to subpath readonly volumes [Slow]" classname="Kubernetes e2e suite" status="skipped" time="0">
              <skipped message="skipped"></skipped>
          </testcase>
          <testcase name="[It] [sig-storage] In-tree Volumes [Driver: cinder] [Testpattern: Dynamic PV (block volmode)] multiVolume [Slow] should concurrently access the single read-only volume from pods on the same node" classname="Kubernetes e2e suite" status="skipped" time="0">
              <skipped message="skipped"></skipped>
          </testcase>
          <testcase name="[It] [sig-storage] In-tree Volumes [Driver: local] [LocalVolumeType: block] [Testpattern: Inline-volume (default fs)] subPath should unmount if pod is gracefully deleted while kubelet is down [Disruptive] [Slow] [LinuxOnly]" classname="Kubernetes e2e suite" status="skipped" time="0">
              <skipped message="skipped"></skipped>
          </testcase>
          <testcase name="[It] [sig-storage] In-tree Volumes [Driver: iscsi] [Feature:Volumes] [Testpattern: Generic Ephemeral-volume (block volmode) (late-binding)] ephemeral should create read-only inline ephemeral volume" classname="Kubernetes e2e suite" status="skipped" time="0">
              <skipped message="skipped"></skipped>
          </testcase>
          <testcase name="[It] [sig-storage] In-tree Volumes [Driver: hostPath] [Testpattern: Inline-volume (xfs)] [Slow] volumes should allow exec of files on the volume" classname="Kubernetes e2e suite" status="skipped" time="0">
              <skipped message="skipped"></skipped>
          </testcase>
          <testcase name="[It] [sig-network] [Feature:IPv6DualStack] Granular Checks: Services Secondary IP Family [LinuxOnly] should function for pod-Service: sctp [Feature:SCTPConnectivity]" classname="Kubernetes e2e suite" status="skipped" time="0">
              <skipped message="skipped"></skipped>
          </testcase>
          <testcase name="[It] [sig-storage] In-tree Volumes [Driver: local] [LocalVolumeType: block] [Testpattern: Inline-volume (ext3)] volumes should store data" classname="Kubernetes e2e suite" status="skipped" time="0">
              <skipped message="skipped"></skipped>
          </testcase>
          <testcase name="[It] [sig-storage] In-tree Volumes [Driver: local] [LocalVolumeType: tmpfs] [Testpattern: Pre-provisioned PV (block volmode)] multiVolume [Slow] should concurrently access the single volume from pods on the same node" classname="Kubernetes e2e suite" status="skipped" time="0">
              <skipped message="skipped"></skipped>
          </testcase>
          <testcase name="[It] [sig-api-machinery] CustomResourceDefinition resources [Privileged:ClusterAdmin] Simple CustomResourceDefinition listing custom resource definition objects works [Conformance]" classname="Kubernetes e2e suite" status="passed" time="6.20814846"></testcase>
          <testcase name="[It] [sig-node] Pod Level Resources [Serial] [Feature:PodLevelResources] Burstable QoS pod, 1 container with resources" classname="Kubernetes e2e suite" status="skipped" time="0">
              <skipped message="skipped"></skipped>
          </testcase>
          <testcase name="[It] [sig-storage] CSI Volumes [Driver: pd.csi.storage.gke.io] [Serial] [Testpattern: Dynamic PV (default fs)] volume-expand should not allow expansion of pvcs without AllowVolumeExpansion property" classname="Kubernetes e2e suite" status="skipped" time="0">
              <skipped message="skipped"></skipped>
          </testcase>
          <testcase name="[It] [sig-storage] In-tree Volumes [Driver: local] [LocalVolumeType: blockfs] [Testpattern: Dynamic PV (ext4)] multiVolume [Slow] should concurrently access the single volume from pods on the same node" classname="Kubernetes e2e suite" status="skipped" time="0">
              <skipped message="skipped"></skipped>
          </testcase>
          <testcase name="[It] [sig-storage] In-tree Volumes [Driver: local] [LocalVolumeType: dir-bindmounted] [Testpattern: Pre-provisioned PV (default fs)] subPath should be able to unmount after the subpath directory is deleted [LinuxOnly]" classname="Kubernetes e2e suite" status="skipped" time="0">
              <skipped message="skipped"></skipped>
          </testcase>
          <testcase name="[It] [sig-storage] In-tree Volumes [Driver: hostPathSymlink] [Testpattern: Dynamic PV (ntfs)] [Feature:Windows] multiVolume [Slow] should access to two volumes with different volume mode and retain data across pod recreation on different node" classname="Kubernetes e2e suite" status="skipped" time="0">
              <skipped message="skipped"></skipped>
          </testcase>
          <testcase name="[It] [sig-storage] In-tree Volumes [Driver: iscsi] [Feature:Volumes] [Testpattern: Pre-provisioned PV (filesystem volmode)] multiVolume [Slow] should concurrently access the single volume from pods on different node" classname="Kubernetes e2e suite" status="skipped" time="0">
              <skipped message="skipped"></skipped>
          </testcase>
          <testcase name="[It] [sig-storage] In-tree Volumes [Driver: local] [LocalVolumeType: dir-link] [Testpattern: Dynamic PV (ext4)] volumes should store data" classname="Kubernetes e2e suite" status="skipped" time="0">
              <skipped message="skipped"></skipped>
          </testcase>
          <testcase name="[It] [sig-network] Networking should provider Internet connection for containers using DNS [Feature:Networking-DNS]" classname="Kubernetes e2e suite" status="skipped" time="0">
              <skipped message="skipped"></skipped>
          </testcase>
          <testcase name="[It] [sig-storage] In-tree Volumes [Driver: emptydir] [Testpattern: Generic Ephemeral-volume (default fs) (immediate-binding)] ephemeral should create read/write inline ephemeral volume" classname="Kubernetes e2e suite" status="skipped" time="0">
              <skipped message="skipped"></skipped>
          </testcase>
          <testcase name="[It] [sig-storage] In-tree Volumes [Driver: azure-file] [Testpattern: Pre-provisioned PV (ext4)] volumes should store data" classname="Kubernetes e2e suite" status="skipped" time="0">
              <skipped message="skipped"></skipped>
          </testcase>
          <testcase name="[It] [sig-storage] In-tree Volumes [Driver: local] [LocalVolumeType: tmpfs] [Testpattern: Dynamic PV (ntfs)] [Feature:Windows] multiVolume [Slow] should concurrently access the volume and restored snapshot from pods on the same node [LinuxOnly] [Feature:VolumeSnapshotDataSource] [Feature:VolumeSourceXFS]" classname="Kubernetes e2e suite" status="skipped" time="0">
              <skipped message="skipped"></skipped>
          </testcase>
          <testcase name="[It] [sig-storage] In-tree Volumes [Driver: local] [LocalVolumeType: dir-link] [Testpattern: Pre-provisioned PV (ntfs)] [Feature:Windows] volumes should allow exec of files on the volume" classname="Kubernetes e2e suite" status="skipped" time="0">
              <skipped message="skipped"></skipped>
          </testcase>
          <testcase name="[It] [sig-network] Netpol NetworkPolicy between server and client should enforce policy to allow ingress traffic for a target [Feature:NetworkPolicy]" classname="Kubernetes e2e suite" status="skipped" time="0">
              <skipped message="skipped"></skipped>
          </testcase>
          <testcase name="[It] [sig-storage] In-tree Volumes [Driver: azure-file] [Testpattern: Dynamic PV (ext4)] multiVolume [Slow] should access to two volumes with different volume mode and retain data across pod recreation on different node" classname="Kubernetes e2e suite" status="skipped" time="0">
              <skipped message="skipped"></skipped>
          </testcase>
          <testcase name="[It] [sig-api-machinery] AdmissionWebhook [Privileged:ClusterAdmin] should reject mutating webhook configurations with invalid match conditions [Conformance]" classname="Kubernetes e2e suite" status="passed" time="3.3930567"></testcase>
          <testcase name="[It] [sig-storage] In-tree Volumes [Driver: hostPathSymlink] [Testpattern: Dynamic PV (block volmode)] provisioning should provision storage with any volume data source [Serial]" classname="Kubernetes e2e suite" status="skipped" time="0">
              <skipped message="skipped"></skipped>
          </testcase>
          <testcase name="[It] [sig-storage] In-tree Volumes [Driver: azure-disk] [Testpattern: Pre-provisioned PV (filesystem volmode)] multiVolume [Slow] should concurrently access the volume and restored snapshot from pods on the same node [LinuxOnly] [Feature:VolumeSnapshotDataSource] [Feature:VolumeSourceXFS]" classname="Kubernetes e2e suite" status="skipped" time="0">
              <skipped message="skipped"></skipped>
          </testcase>
          <testcase name="[It] [sig-storage] In-tree Volumes [Driver: local] [LocalVolumeType: dir-bindmounted] [Testpattern: Dynamic PV (block volmode)] multiVolume [Slow] should concurrently access the single volume from pods on the same node" classname="Kubernetes e2e suite" status="skipped" time="0">
              <skipped message="skipped"></skipped>
          </testcase>
          <testcase name="[It] [sig-apps] ReplicaSet should serve a basic image on each replica with a private image" classname="Kubernetes e2e suite" status="skipped" time="0">
              <skipped message="skipped"></skipped>
          </testcase>
          <testcase name="[It] [sig-api-machinery] ValidatingAdmissionPolicy [Privileged:ClusterAdmin] should support ValidatingAdmissionPolicy API operations [Conformance]" classname="Kubernetes e2e suite" status="passed" time="0.126183669"></testcase>
          <testcase name="[It] [sig-storage] In-tree Volumes [Driver: local] [LocalVolumeType: dir-bindmounted] [Testpattern: Dynamic PV (default fs)] subPath should support restarting containers using directory as subpath [Slow]" classname="Kubernetes e2e suite" status="skipped" time="0">
              <skipped message="skipped"></skipped>
          </testcase>
          <testcase name="[It] [sig-network] LoadBalancers ExternalTrafficPolicy: Local [Feature:LoadBalancer] [Slow] should work from pods" classname="Kubernetes e2e suite" status="skipped" time="0">
              <skipped message="skipped"></skipped>
          </testcase>
          <testcase name="[It] [sig-storage] In-tree Volumes [Driver: local] [LocalVolumeType: blockfs] [Testpattern: Generic Ephemeral-volume (default fs) (immediate-binding)] ephemeral should support two pods which have the same volume definition" classname="Kubernetes e2e suite" status="skipped" time="0">
              <skipped message="skipped"></skipped>
          </testcase>
          <testcase name="[It] [sig-storage] In-tree Volumes [Driver: cinder] [Testpattern: Inline-volume (default fs)] subPath should support existing directory" classname="Kubernetes e2e suite" status="skipped" time="0">
              <skipped message="skipped"></skipped>
          </testcase>
          <testcase name="[It] [sig-node] Security Context When creating a container with runAsNonRoot should run with an explicit non-root user ID [LinuxOnly]" classname="Kubernetes e2e suite" status="skipped" time="0">
              <skipped message="skipped"></skipped>
          </testcase>
          <testcase name="[It] [sig-storage] In-tree Volumes [Driver: local] [LocalVolumeType: dir-link-bindmounted] [Testpattern: Inline-volume (ext4)] volumes should store data" classname="Kubernetes e2e suite" status="skipped" time="0">
              <skipped message="skipped"></skipped>
          </testcase>
          <testcase name="[It] [sig-storage] In-tree Volumes [Driver: vsphere] [Testpattern: Pre-provisioned PV (block volmode)] multiVolume [Slow] should concurrently access the single volume from pods on the same node" classname="Kubernetes e2e suite" status="skipped" time="0">
              <skipped message="skipped"></skipped>
          </testcase>
          <testcase name="[It] [sig-storage] In-tree Volumes [Driver: local] [LocalVolumeType: tmpfs] [Testpattern: Pre-provisioned PV (block volmode)] multiVolume [Slow] should access to two volumes with the same volume mode and retain data across pod recreation on different node" classname="Kubernetes e2e suite" status="skipped" time="0">
              <skipped message="skipped"></skipped>
          </testcase>
          <testcase name="[It] [sig-storage] In-tree Volumes [Driver: local] [LocalVolumeType: block] [Testpattern: Inline-volume (default fs)] volumes should store data" classname="Kubernetes e2e suite" status="skipped" time="0">
              <skipped message="skipped"></skipped>
          </testcase>
          <testcase name="[It] [sig-storage] In-tree Volumes [Driver: hostPathSymlink] [Testpattern: Inline-volume (default fs)] subPath should verify container cannot write to subpath readonly volumes [Slow]" classname="Kubernetes e2e suite" status="skipped" time="0">
              <skipped message="skipped"></skipped>
          </testcase>
          <testcase name="[It] [sig-storage] In-tree Volumes [Driver: local] [LocalVolumeType: tmpfs] [Testpattern: Dynamic PV (ext4)] multiVolume [Slow] should access to two volumes with different volume mode and retain data across pod recreation on different node" classname="Kubernetes e2e suite" status="skipped" time="0">
              <skipped message="skipped"></skipped>
          </testcase>
          <testcase name="[It] [sig-storage] In-tree Volumes [Driver: local] [LocalVolumeType: dir-link-bindmounted] [Testpattern: Dynamic PV (filesystem volmode)] volumeLimits should verify that all csinodes have volume limits" classname="Kubernetes e2e suite" status="skipped" time="0">
              <skipped message="skipped"></skipped>
          </testcase>
          <testcase name="[It] [sig-autoscaling] [Feature:HPA] Horizontal pod autoscaling (scale resource: CPU) [Serial] [Slow] ReplicaSet Should scale from 5 pods to 3 pods and then from 3 pods to 1 pod" classname="Kubernetes e2e suite" status="skipped" time="0">
              <skipped message="skipped"></skipped>
          </testcase>
          <testcase name="[It] [sig-storage] CSI Volumes [Driver: pd.csi.storage.gke.io] [Serial] [Testpattern: Dynamic Snapshot (retain policy)] snapshottable-stress [Feature:VolumeSnapshotDataSource] should support snapshotting of many volumes repeatedly [Slow] [Serial]" classname="Kubernetes e2e suite" status="skipped" time="0">
              <skipped message="skipped"></skipped>
          </testcase>
          <testcase name="[It] [sig-node] Security Context When creating a pod with HostUsers must create the user namespace in the configured hostUID/hostGID range [LinuxOnly] [Feature:UserNamespacesSupport]" classname="Kubernetes e2e suite" status="skipped" time="0">
              <skipped message="skipped"></skipped>
          </testcase>
          <testcase name="[It] [sig-storage] In-tree Volumes [Driver: hostPath] [Testpattern: Dynamic PV (default fs)] subPath should support restarting containers using file as subpath [Slow] [LinuxOnly]" classname="Kubernetes e2e suite" status="skipped" time="0">
              <skipped message="skipped"></skipped>
          </testcase>
          <testcase name="[It] [sig-storage] In-tree Volumes [Driver: local] [LocalVolumeType: tmpfs] [Testpattern: Dynamic PV (ntfs)] [Feature:Windows] subPath should fail if non-existent subpath is outside the volume [Slow] [LinuxOnly]" classname="Kubernetes e2e suite" status="skipped" time="0">
              <skipped message="skipped"></skipped>
          </testcase>
          <testcase name="[It] [sig-network] Networking Granular Checks: Services should function for pod-Service: sctp [Feature:SCTPConnectivity]" classname="Kubernetes e2e suite" status="skipped" time="0">
              <skipped message="skipped"></skipped>
          </testcase>
          <testcase name="[It] [sig-storage] In-tree Volumes [Driver: iscsi] [Feature:Volumes] [Testpattern: Dynamic PV (filesystem volmode)] multiVolume [Slow] should concurrently access the single volume from pods on different node" classname="Kubernetes e2e suite" status="skipped" time="0">
              <skipped message="skipped"></skipped>
          </testcase>
          <testcase name="[It] [sig-storage] In-tree Volumes [Driver: hostPathSymlink] [Testpattern: Pre-provisioned PV (default fs)] subPath should support existing directories when readOnly specified in the volumeSource" classname="Kubernetes e2e suite" status="skipped" time="0">
              <skipped message="skipped"></skipped>
          </testcase>
          <testcase name="[It] [sig-storage] In-tree Volumes [Driver: hostPathSymlink] [Testpattern: Dynamic PV (block volmode)(allowExpansion)] volume-expand Verify if offline PVC expansion works" classname="Kubernetes e2e suite" status="skipped" time="0">
              <skipped message="skipped"></skipped>
          </testcase>
          <testcase name="[It] [sig-node] DRA [Feature:DynamicResourceAllocation] [FeatureGate:DynamicResourceAllocation] [Beta] [Feature:OffByDefault] with prioritized list selects the first subrequest that can be satisfied [Feature:DRAPrioritizedList]" classname="Kubernetes e2e suite" status="skipped" time="0">
              <skipped message="skipped"></skipped>
          </testcase>
          <testcase name="[It] [sig-apps] TTLAfterFinished job should be deleted once it finishes after TTL seconds" classname="Kubernetes e2e suite" status="skipped" time="0">
              <skipped message="skipped"></skipped>
          </testcase>
          <testcase name="[It] [sig-network] Networking Granular Checks: Services should function for client IP based session affinity: http [LinuxOnly]" classname="Kubernetes e2e suite" status="skipped" time="0">
              <skipped message="skipped"></skipped>
          </testcase>
          <testcase name="[It] [sig-apps] Deployment RollingUpdateDeployment should delete old pods and create new ones [Conformance]" classname="Kubernetes e2e suite" status="passed" time="7.151087731"></testcase>
          <testcase name="[It] [sig-apps] DaemonRestart [Disruptive] Kube-proxy should recover after being killed accidentally" classname="Kubernetes e2e suite" status="skipped" time="0">
              <skipped message="skipped"></skipped>
          </testcase>
          <testcase name="[It] [sig-storage] In-tree Volumes [Driver: local] [LocalVolumeType: dir-link] [Testpattern: Dynamic PV (filesystem volmode)] disruptive [Disruptive] [LinuxOnly] Should test that pv written before kubelet restart is readable after restart." classname="Kubernetes e2e suite" status="skipped" time="0">
              <skipped message="skipped"></skipped>
          </testcase>
          <testcase name="[It] [sig-network] Ingress API should support creating Ingress API operations [Conformance]" classname="Kubernetes e2e suite" status="passed" time="0.105769137"></testcase>
          <testcase name="[It] [sig-network] Networking Granular Checks: Pods should function for intra-pod communication: udp [NodeConformance] [Conformance]" classname="Kubernetes e2e suite" status="passed" time="16.319727337"></testcase>
          <testcase name="[It] [sig-storage] [Serial] Volume metrics PVController should create none metrics for pvc controller before creating any PV or PVC" classname="Kubernetes e2e suite" status="skipped" time="0">
              <skipped message="skipped"></skipped>
          </testcase>
          <testcase name="[It] [sig-storage] In-tree Volumes [Driver: local] [LocalVolumeType: blockfs] [Testpattern: Dynamic PV (ntfs)] [Feature:Windows] subPath should unmount if pod is force deleted while kubelet is down [Disruptive] [Slow] [LinuxOnly]" classname="Kubernetes e2e suite" status="skipped" time="0">
              <skipped message="skipped"></skipped>
          </testcase>
          <testcase name="[It] [sig-storage] In-tree Volumes [Driver: hostPathSymlink] [Testpattern: Dynamic PV (block volmode)] disruptive [Disruptive] [LinuxOnly] Should test that pv used in a pod that is force deleted while the kubelet is down cleans up when the kubelet returns." classname="Kubernetes e2e suite" status="skipped" time="0">
              <skipped message="skipped"></skipped>
          </testcase>
          <testcase name="[It] [sig-node] Pod InPlace Resize Container [FeatureGate:InPlacePodVerticalScaling] [Beta] Burstable QoS pod, one container with cpu &amp; memory requests + limits - remove CPU limits" classname="Kubernetes e2e suite" status="skipped" time="0">
              <skipped message="skipped"></skipped>
          </testcase>
          <testcase name="[It] [sig-storage] In-tree Volumes [Driver: azure-file] [Testpattern: Dynamic PV (block volmode)] provisioning should provision correct filesystem size when restoring snapshot to larger size pvc [Feature:VolumeSnapshotDataSource]" classname="Kubernetes e2e suite" status="skipped" time="0">
              <skipped message="skipped"></skipped>
          </testcase>
          <testcase name="[It] [sig-storage] In-tree Volumes [Driver: local] [LocalVolumeType: tmpfs] [Testpattern: Dynamic PV (filesystem volmode)] disruptive [Disruptive] [LinuxOnly] Should test that pv used in a pod that is deleted while the kubelet is down is usable by a new pod when kubelet returns [Feature:SELinux]" classname="Kubernetes e2e suite" status="skipped" time="0">
              <skipped message="skipped"></skipped>
          </testcase>
          <testcase name="[It] [sig-node] DRA [Feature:DynamicResourceAllocation] [FeatureGate:DynamicResourceAllocation] [Beta] [Feature:OffByDefault] with prioritized list filters config correctly for multiple devices [Feature:DRAPrioritizedList]" classname="Kubernetes e2e suite" status="skipped" time="0">
              <skipped message="skipped"></skipped>
          </testcase>
          <testcase name="[It] [sig-apps] DisruptionController evictions: maxUnavailable allow single eviction, percentage =&gt; should allow an eviction" classname="Kubernetes e2e suite" status="skipped" time="0">
              <skipped message="skipped"></skipped>
          </testcase>
          <testcase name="[It] [sig-node] crictl should be able to run crictl on the node" classname="Kubernetes e2e suite" status="skipped" time="0">
              <skipped message="skipped"></skipped>
          </testcase>
          <testcase name="[It] [sig-storage] In-tree Volumes [Driver: cinder] [Testpattern: Dynamic PV (block volmode)] provisioning should provision storage with pvc data source" classname="Kubernetes e2e suite" status="skipped" time="0">
              <skipped message="skipped"></skipped>
          </testcase>
          <testcase name="[It] [sig-storage] In-tree Volumes [Driver: hostPathSymlink] [Testpattern: Pre-provisioned PV (default fs)] subPath should verify container cannot write to subpath readonly volumes [Slow]" classname="Kubernetes e2e suite" status="skipped" time="0">
              <skipped message="skipped"></skipped>
          </testcase>
          <testcase name="[It] [sig-storage] In-tree Volumes [Driver: local] [LocalVolumeType: dir-link] [Testpattern: Pre-provisioned PV (filesystem volmode)] volumeMode should fail to use a volume in a pod with mismatched mode [Slow]" classname="Kubernetes e2e suite" status="skipped" time="0">
              <skipped message="skipped"></skipped>
          </testcase>
          <testcase name="[It] [sig-storage] CSI Volumes [Driver: pd.csi.storage.gke.io] [Serial] [Testpattern: Pre-provisioned PV (default fs)] subPath should support existing directories when readOnly specified in the volumeSource" classname="Kubernetes e2e suite" status="skipped" time="0">
              <skipped message="skipped"></skipped>
          </testcase>
          <testcase name="[It] [sig-storage] CSI Mock selinux on mount SELinuxMount [LinuxOnly] [Feature:SELinux] should pass SELinux mount option for RWO volume with SELinuxMount enabled and nil policy [FeatureGate:SELinuxMountReadWriteOncePod] [Beta] [FeatureGate:SELinuxChangePolicy] [Beta] [FeatureGate:SELinuxMount] [Beta] [Feature:OffByDefault]" classname="Kubernetes e2e suite" status="skipped" time="0">
              <skipped message="skipped"></skipped>
          </testcase>
          <testcase name="[It] [sig-storage] In-tree Volumes [Driver: hostPath] [Testpattern: Dynamic PV (ext3)] volumes should allow exec of files on the volume" classname="Kubernetes e2e suite" status="skipped" time="0">
              <skipped message="skipped"></skipped>
          </testcase>
          <testcase name="[It] [sig-storage] In-tree Volumes [Driver: local] [LocalVolumeType: gce-localssd-scsi-fs] [Serial] [Testpattern: Dynamic PV (ntfs)(allowExpansion)] [Feature:Windows] volume-expand Verify if offline PVC expansion works" classname="Kubernetes e2e suite" status="skipped" time="0">
              <skipped message="skipped"></skipped>
          </testcase>
          <testcase name="[It] [sig-storage] PersistentVolumes-local [Volume type: block] Set fsGroup for local volume should set fsGroup for one pod [Slow]" classname="Kubernetes e2e suite" status="skipped" time="0">
              <skipped message="skipped"></skipped>
          </testcase>
          <testcase name="[It] [sig-storage] CSI Volumes [Driver: csi-hostpath] [Testpattern: Dynamic PV (ntfs)(allowExpansion)] [Feature:Windows] volume-expand should resize volume when PVC is edited while pod is using it" classname="Kubernetes e2e suite" status="skipped" time="0">
              <skipped message="skipped"></skipped>
          </testcase>
          <testcase name="[It] [sig-storage] CSI Volumes [Driver: pd.csi.storage.gke.io] [Serial] [Testpattern: Dynamic PV (xfs)] [Slow] multiVolume [Slow] should concurrently access the single read-only volume from pods on the same node" classname="Kubernetes e2e suite" status="skipped" time="0">
              <skipped message="skipped"></skipped>
          </testcase>
          <testcase name="[It] [sig-storage] In-tree Volumes [Driver: local] [LocalVolumeType: dir] [Testpattern: Dynamic PV (ntfs)] [Feature:Windows] subPath should support existing single file [LinuxOnly]" classname="Kubernetes e2e suite" status="skipped" time="0">
              <skipped message="skipped"></skipped>
          </testcase>
          <testcase name="[It] [sig-storage] In-tree Volumes [Driver: azure-disk] [Testpattern: Dynamic PV (block volmode)] volumes should store data" classname="Kubernetes e2e suite" status="skipped" time="0">
              <skipped message="skipped"></skipped>
          </testcase>
          <testcase name="[It] [sig-network] Services should find a service from listing all namespaces [Conformance]" classname="Kubernetes e2e suite" status="passed" time="0.102778914"></testcase>
          <testcase name="[It] [sig-storage] In-tree Volumes [Driver: vsphere] [Testpattern: Dynamic PV (filesystem volmode)] disruptive [Disruptive] [LinuxOnly] Should test that pv written before kubelet restart is readable after restart." classname="Kubernetes e2e suite" status="skipped" time="0">
              <skipped message="skipped"></skipped>
          </testcase>
          <testcase name="[It] [sig-storage] In-tree Volumes [Driver: cinder] [Testpattern: Dynamic PV (default fs)] subPath should support existing directory" classname="Kubernetes e2e suite" status="skipped" time="0">
              <skipped message="skipped"></skipped>
          </testcase>
          <testcase name="[It] [sig-node] DRA [Feature:DynamicResourceAllocation] [FeatureGate:DynamicResourceAllocation] [Beta] [Feature:OffByDefault] with v1beta2 API supports simple ResourceClaim" classname="Kubernetes e2e suite" status="skipped" time="0">
              <skipped message="skipped"></skipped>
          </testcase>
          <testcase name="[It] [sig-storage] In-tree Volumes [Driver: emptydir] [Testpattern: Inline-volume (ext3)] volumes should allow exec of files on the volume" classname="Kubernetes e2e suite" status="skipped" time="0">
              <skipped message="skipped"></skipped>
          </testcase>
          <testcase name="[It] [sig-storage] In-tree Volumes [Driver: local] [LocalVolumeType: block] [Testpattern: Dynamic PV (default fs)] subPath should support restarting containers using file as subpath [Slow] [LinuxOnly]" classname="Kubernetes e2e suite" status="skipped" time="0">
              <skipped message="skipped"></skipped>
          </testcase>
          <testcase name="[It] [sig-storage] In-tree Volumes [Driver: cinder] [Testpattern: Pre-provisioned PV (filesystem volmode)] multiVolume [Slow] should concurrently access the single read-only volume from pods on the same node" classname="Kubernetes e2e suite" status="skipped" time="0">
              <skipped message="skipped"></skipped>
          </testcase>
          <testcase name="[It] [sig-storage] CSI Mock volume node stage CSI NodeUnstage error cases [Slow] two pods: should call NodeStage after previous NodeUnstage final error" classname="Kubernetes e2e suite" status="skipped" time="0">
              <skipped message="skipped"></skipped>
          </testcase>
          <testcase name="[It] [sig-storage] In-tree Volumes [Driver: local] [LocalVolumeType: dir-link] [Testpattern: Dynamic PV (filesystem volmode)] multiVolume [Slow] should concurrently access the volume and its clone from pods on the same node [LinuxOnly] [Feature:VolumeSourceXFS]" classname="Kubernetes e2e suite" status="skipped" time="0">
              <skipped message="skipped"></skipped>
          </testcase>
          <testcase name="[It] [sig-storage] In-tree Volumes [Driver: emptydir] [Testpattern: Inline-volume (default fs)] subPath should fail if subpath with backstepping is outside the volume [Slow] [LinuxOnly]" classname="Kubernetes e2e suite" status="skipped" time="0">
              <skipped message="skipped"></skipped>
          </testcase>
          <testcase name="[It] [sig-storage] CSI Volumes [Driver: csi-hostpath] [Testpattern: Dynamic PV (filesystem volmode)] multiVolume [Slow] should concurrently access the single read-only volume from pods on the same node" classname="Kubernetes e2e suite" status="skipped" time="0">
              <skipped message="skipped"></skipped>
          </testcase>
          <testcase name="[It] [sig-node] [Feature:Example] Liveness liveness pods should be automatically restarted" classname="Kubernetes e2e suite" status="skipped" time="0">
              <skipped message="skipped"></skipped>
          </testcase>
          <testcase name="[It] [sig-storage] In-tree Volumes [Driver: local] [LocalVolumeType: dir-link-bindmounted] [Testpattern: Inline-volume (default fs)] subPath should support existing directories when readOnly specified in the volumeSource" classname="Kubernetes e2e suite" status="skipped" time="0">
              <skipped message="skipped"></skipped>
          </testcase>
          <testcase name="[It] [sig-storage] In-tree Volumes [Driver: azure-file] [Testpattern: Dynamic PV (filesystem volmode)] multiVolume [Slow] should concurrently access the volume and its clone from pods on the same node [LinuxOnly] [Feature:VolumeSourceXFS]" classname="Kubernetes e2e suite" status="skipped" time="0">
              <skipped message="skipped"></skipped>
          </testcase>
          <testcase name="[It] [sig-apps] DisruptionController should evict ready pods with Default UnhealthyPodEvictionPolicy" classname="Kubernetes e2e suite" status="skipped" time="0">
              <skipped message="skipped"></skipped>
          </testcase>
          <testcase name="[It] [sig-storage] In-tree Volumes [Driver: local] [LocalVolumeType: blockfs] [Testpattern: Dynamic PV (ntfs)] [Feature:Windows] provisioning should provision storage with snapshot data source [Feature:VolumeSnapshotDataSource]" classname="Kubernetes e2e suite" status="skipped" time="0">
              <skipped message="skipped"></skipped>
          </testcase>
          <testcase name="[It] [sig-storage] In-tree Volumes [Driver: local] [LocalVolumeType: tmpfs] [Testpattern: Dynamic PV (ntfs)] [Feature:Windows] provisioning should mount multiple PV pointing to the same storage on the same node" classname="Kubernetes e2e suite" status="skipped" time="0">
              <skipped message="skipped"></skipped>
          </testcase>
          <testcase name="[It] [sig-windows] [Feature:Windows] Windows volume mounts check volume mount permissions container should have readOnly permissions on emptyDir" classname="Kubernetes e2e suite" status="skipped" time="0">
              <skipped message="skipped"></skipped>
          </testcase>
          <testcase name="[It] [sig-storage] In-tree Volumes [Driver: emptydir] [Testpattern: Dynamic PV (default fs)] subPath should support readOnly directory specified in the volumeMount" classname="Kubernetes e2e suite" status="skipped" time="0">
              <skipped message="skipped"></skipped>
          </testcase>
          <testcase name="[It] [sig-storage] In-tree Volumes [Driver: hostPath] [Testpattern: Pre-provisioned PV (block volmode)] volumeMode should not mount / map unused volumes in a pod [LinuxOnly]" classname="Kubernetes e2e suite" status="skipped" time="0">
              <skipped message="skipped"></skipped>
          </testcase>
          <testcase name="[It] [sig-storage] In-tree Volumes [Driver: azure-file] [Testpattern: Dynamic PV (block volmode)] disruptive [Disruptive] [LinuxOnly] Should test that pv used in a pod that is force deleted while the kubelet is down cleans up when the kubelet returns." classname="Kubernetes e2e suite" status="skipped" time="0">
              <skipped message="skipped"></skipped>
          </testcase>
          <testcase name="[It] [sig-storage] In-tree Volumes [Driver: azure-file] [Testpattern: Dynamic PV (default fs)] provisioning should provision correct filesystem size when restoring snapshot to larger size pvc [Feature:VolumeSnapshotDataSource]" classname="Kubernetes e2e suite" status="skipped" time="0">
              <skipped message="skipped"></skipped>
          </testcase>
          <testcase name="[It] [sig-storage] In-tree Volumes [Driver: local] [LocalVolumeType: dir-link-bindmounted] [Testpattern: Pre-provisioned PV (block volmode)] multiVolume [Slow] should access to two volumes with different volume mode and retain data across pod recreation on different node" classname="Kubernetes e2e suite" status="skipped" time="0">
              <skipped message="skipped"></skipped>
          </testcase>
          <testcase name="[It] [sig-api-machinery] Discovery should locate the groupVersion and a resource within each APIGroup [Conformance]" classname="Kubernetes e2e suite" status="passed" time="0.28026891"></testcase>
          <testcase name="[It] [sig-api-machinery] CustomResourceValidationRules [Privileged:ClusterAdmin] MUST NOT fail validation for create of a custom resource that satisfies the x-kubernetes-validations rules" classname="Kubernetes e2e suite" status="skipped" time="0">
              <skipped message="skipped"></skipped>
          </testcase>
          <testcase name="[It] [sig-storage] In-tree Volumes [Driver: azure-file] [Testpattern: Dynamic PV (default fs)] subPath should fail if subpath file is outside the volume [Slow] [LinuxOnly]" classname="Kubernetes e2e suite" status="skipped" time="0">
              <skipped message="skipped"></skipped>
          </testcase>
          <testcase name="[It] [sig-storage] In-tree Volumes [Driver: azure-disk] [Testpattern: Dynamic PV (ntfs)] [Feature:Windows] multiVolume [Slow] should access to two volumes with different volume mode and retain data across pod recreation on the same node" classname="Kubernetes e2e suite" status="skipped" time="0">
              <skipped message="skipped"></skipped>
          </testcase>
          <testcase name="[It] [sig-storage] In-tree Volumes [Driver: emptydir] [Testpattern: Dynamic PV (block volmode)] disruptive [Disruptive] [LinuxOnly] Should test that pv used in a pod that is deleted while the kubelet is down cleans up when the kubelet returns." classname="Kubernetes e2e suite" status="skipped" time="0">
              <skipped message="skipped"></skipped>
          </testcase>
          <testcase name="[It] [sig-storage] In-tree Volumes [Driver: local] [LocalVolumeType: dir-link-bindmounted] [Testpattern: Dynamic PV (ntfs)] [Feature:Windows] provisioning should provision storage with mount options" classname="Kubernetes e2e suite" status="skipped" time="0">
              <skipped message="skipped"></skipped>
          </testcase>
          <testcase name="[It] [sig-storage] In-tree Volumes [Driver: local] [LocalVolumeType: gce-localssd-scsi-fs] [Serial] [Testpattern: Dynamic PV (default fs)] provisioning should provision storage with snapshot data source [Feature:VolumeSnapshotDataSource]" classname="Kubernetes e2e suite" status="skipped" time="0">
              <skipped message="skipped"></skipped>
          </testcase>
          <testcase name="[It] [sig-storage] StaticPods [Feature:Kind] should run after kubelet stopped with CSI volume mounted [Disruptive] [Serial]" classname="Kubernetes e2e suite" status="skipped" time="0">
              <skipped message="skipped"></skipped>
          </testcase>
          <testcase name="[It] [sig-storage] In-tree Volumes [Driver: cinder] [Testpattern: Pre-provisioned PV (filesystem volmode)] disruptive [Disruptive] [LinuxOnly] Should test that pv used in a pod that is deleted while the kubelet is down is usable by a new pod when kubelet returns [Feature:SELinux]" classname="Kubernetes e2e suite" status="skipped" time="0">
              <skipped message="skipped"></skipped>
          </testcase>
          <testcase name="[It] [sig-storage] In-tree Volumes [Driver: local] [LocalVolumeType: gce-localssd-scsi-fs] [Serial] [Testpattern: Dynamic PV (filesystem volmode)] multiVolume [Slow] should concurrently access the volume and restored snapshot from pods on the same node [LinuxOnly] [Feature:VolumeSnapshotDataSource] [Feature:VolumeSourceXFS]" classname="Kubernetes e2e suite" status="skipped" time="0">
              <skipped message="skipped"></skipped>
          </testcase>
          <testcase name="[It] [sig-storage] In-tree Volumes [Driver: local] [LocalVolumeType: gce-localssd-scsi-fs] [Serial] [Testpattern: Dynamic PV (ntfs)] [Feature:Windows] subPath should support existing single file [LinuxOnly]" classname="Kubernetes e2e suite" status="skipped" time="0">
              <skipped message="skipped"></skipped>
          </testcase>
          <testcase name="[It] [sig-storage] In-tree Volumes [Driver: azure-disk] [Testpattern: Dynamic PV (block volmode)(allowExpansion)] volume-expand should resize volume when PVC is edited while pod is using it" classname="Kubernetes e2e suite" status="skipped" time="0">
              <skipped message="skipped"></skipped>
          </testcase>
          <testcase name="[It] [sig-storage] CSI Volumes [Driver: csi-hostpath] [Testpattern: Dynamic PV (default fs)] volume-modify [FeatureGate:VolumeAttributesClass] [Beta] [Feature:OffByDefault] should modify volume with no VAC" classname="Kubernetes e2e suite" status="skipped" time="0">
              <skipped message="skipped"></skipped>
          </testcase>
          <testcase name="[It] [sig-storage] Projected combined should project all components that make up the projection API [Projection] [NodeConformance] [Conformance]" classname="Kubernetes e2e suite" status="passed" time="4.06618322"></testcase>
          <testcase name="[It] [sig-api-machinery] CRDValidationRatcheting [Privileged:ClusterAdmin] [FeatureGate:CRDValidationRatcheting] MUST evaluate a CRD Validation Rule with oldSelf = nil for new values when optionalOldSelf is true" classname="Kubernetes e2e suite" status="skipped" time="0">
              <skipped message="skipped"></skipped>
          </testcase>
          <testcase name="[It] [sig-storage] In-tree Volumes [Driver: local] [LocalVolumeType: tmpfs] [Testpattern: Dynamic PV (block volmode)] multiVolume [Slow] should concurrently access the single read-only volume from pods on the same node" classname="Kubernetes e2e suite" status="skipped" time="0">
              <skipped message="skipped"></skipped>
          </testcase>
          <testcase name="[It] [sig-storage] In-tree Volumes [Driver: azure-disk] [Testpattern: Pre-provisioned PV (block volmode)] multiVolume [Slow] should concurrently access the single read-only volume from pods on the same node" classname="Kubernetes e2e suite" status="skipped" time="0">
              <skipped message="skipped"></skipped>
          </testcase>
          <testcase name="[It] [sig-storage] Secrets Should fail non-optional pod creation due to secret object does not exist [Slow]" classname="Kubernetes e2e suite" status="skipped" time="0">
              <skipped message="skipped"></skipped>
          </testcase>
          <testcase name="[It] [sig-storage] CSI Volumes [Driver: csi-hostpath] [Testpattern: Dynamic PV (ext4)] multiVolume [Slow] should access to two volumes with different volume mode and retain data across pod recreation on different node" classname="Kubernetes e2e suite" status="skipped" time="0">
              <skipped message="skipped"></skipped>
          </testcase>
          <testcase name="[It] [sig-storage] In-tree Volumes [Driver: hostPath] [Testpattern: Inline-volume (default fs)] subPath should support readOnly file specified in the volumeMount [LinuxOnly]" classname="Kubernetes e2e suite" status="skipped" time="0">
              <skipped message="skipped"></skipped>
          </testcase>
          <testcase name="[It] [sig-network] [Feature:IPv6DualStack] Granular Checks: Services Secondary IP Family [LinuxOnly] should function for service endpoints using hostNetwork" classname="Kubernetes e2e suite" status="skipped" time="0">
              <skipped message="skipped"></skipped>
          </testcase>
          <testcase name="[It] [sig-storage] CSI Volumes [Driver: pd.csi.storage.gke.io] [Serial] [Testpattern: Pre-provisioned PV (block volmode)] multiVolume [Slow] should concurrently access the single volume from pods on different node" classname="Kubernetes e2e suite" status="skipped" time="0">
              <skipped message="skipped"></skipped>
          </testcase>
          <testcase name="[It] [sig-storage] In-tree Volumes [Driver: local] [LocalVolumeType: tmpfs] [Testpattern: Pre-provisioned PV (default fs)] subPath should unmount if pod is force deleted while kubelet is down [Disruptive] [Slow] [LinuxOnly]" classname="Kubernetes e2e suite" status="skipped" time="0">
              <skipped message="skipped"></skipped>
          </testcase>
          <testcase name="[It] [sig-storage] In-tree Volumes [Driver: hostPath] [Testpattern: Inline-volume (ntfs)] [Feature:Windows] volumes should allow exec of files on the volume" classname="Kubernetes e2e suite" status="skipped" time="0">
              <skipped message="skipped"></skipped>
          </testcase>
          <testcase name="[It] [sig-api-machinery] AggregatedDiscovery should support aggregated discovery interface [Conformance]" classname="Kubernetes e2e suite" status="passed" time="0.101682655"></testcase>
          <testcase name="[It] [sig-storage] In-tree Volumes [Driver: nfs] [Testpattern: Dynamic PV (xfs)] [Slow] volumes should store data" classname="Kubernetes e2e suite" status="skipped" time="0">
              <skipped message="skipped"></skipped>
          </testcase>
          <testcase name="[It] [sig-storage] In-tree Volumes [Driver: local] [LocalVolumeType: dir-link-bindmounted] [Testpattern: Dynamic PV (ntfs)] [Feature:Windows] multiVolume [Slow] should concurrently access the volume and restored snapshot from pods on the same node [LinuxOnly] [Feature:VolumeSnapshotDataSource] [Feature:VolumeSourceXFS]" classname="Kubernetes e2e suite" status="skipped" time="0">
              <skipped message="skipped"></skipped>
          </testcase>
          <testcase name="[It] [sig-storage] In-tree Volumes [Driver: vsphere] [Testpattern: Dynamic PV (ext4)] multiVolume [Slow] should concurrently access the single volume from pods on different node" classname="Kubernetes e2e suite" status="skipped" time="0">
              <skipped message="skipped"></skipped>
          </testcase>
          <testcase name="[It] [sig-node] Probing container should be restarted with a /healthz http liveness probe [NodeConformance] [Conformance]" classname="Kubernetes e2e suite" status="passed" time="22.114856435"></testcase>
          <testcase name="[It] [sig-api-machinery] Garbage collector should orphan pods created by rc if delete options say so [Serial] [Conformance]" classname="Kubernetes e2e suite" status="passed" time="43.928687959"></testcase>
          <testcase name="[It] [sig-storage] In-tree Volumes [Driver: azure-file] [Testpattern: Dynamic PV (default fs)(allowExpansion)] volume-expand should resize volume when PVC is edited while pod is using it" classname="Kubernetes e2e suite" status="skipped" time="0">
              <skipped message="skipped"></skipped>
          </testcase>
          <testcase name="[It] [sig-storage] In-tree Volumes [Driver: local] [LocalVolumeType: tmpfs] [Testpattern: Pre-provisioned PV (default fs)] subPath should support non-existent path" classname="Kubernetes e2e suite" status="skipped" time="0">
              <skipped message="skipped"></skipped>
          </testcase>
          <testcase name="[It] [sig-network] Networking Granular Checks: Services should function for node-Service: sctp [Feature:SCTPConnectivity]" classname="Kubernetes e2e suite" status="skipped" time="0">
              <skipped message="skipped"></skipped>
          </testcase>
          <testcase name="[It] [sig-storage] In-tree Volumes [Driver: local] [LocalVolumeType: block] [Testpattern: Dynamic PV (filesystem volmode)] multiVolume [Slow] should concurrently access the single volume from pods on different node" classname="Kubernetes e2e suite" status="skipped" time="0">
              <skipped message="skipped"></skipped>
          </testcase>
          <testcase name="[It] [sig-storage] In-tree Volumes [Driver: azure-disk] [Testpattern: Generic Ephemeral-volume (default fs) (immediate-binding)] ephemeral should create read-only inline ephemeral volume" classname="Kubernetes e2e suite" status="skipped" time="0">
              <skipped message="skipped"></skipped>
          </testcase>
          <testcase name="[It] [sig-storage] In-tree Volumes [Driver: local] [LocalVolumeType: block] [Testpattern: Pre-provisioned PV (block volmode)] disruptive [Disruptive] [LinuxOnly] Should test that pv written before kubelet restart is readable after restart." classname="Kubernetes e2e suite" status="skipped" time="0">
              <skipped message="skipped"></skipped>
          </testcase>
          <testcase name="[It] [sig-storage] In-tree Volumes [Driver: local] [LocalVolumeType: dir-link] [Testpattern: Dynamic PV (filesystem volmode)] multiVolume [Slow] should access to two volumes with different volume mode and retain data across pod recreation on different node" classname="Kubernetes e2e suite" status="skipped" time="0">
              <skipped message="skipped"></skipped>
          </testcase>
          <testcase name="[It] [sig-node] [Feature:GPUDevicePlugin] [Serial] Test using a Pod should run gpu based matrix multiplication" classname="Kubernetes e2e suite" status="skipped" time="0">
              <skipped message="skipped"></skipped>
          </testcase>
          <testcase name="[It] [sig-storage] In-tree Volumes [Driver: local] [LocalVolumeType: dir-link] [Testpattern: Dynamic PV (default fs)(allowExpansion)] volume-expand Verify if offline PVC expansion works" classname="Kubernetes e2e suite" status="skipped" time="0">
              <skipped message="skipped"></skipped>
          </testcase>
          <testcase name="[It] [sig-cli] Kubectl client Kubectl get componentstatuses should get componentstatuses" classname="Kubernetes e2e suite" status="skipped" time="0">
              <skipped message="skipped"></skipped>
          </testcase>
          <testcase name="[It] [sig-storage] CSI Volumes [Driver: csi-hostpath] [Testpattern: Dynamic PV (delayed binding)] topology should provision a volume and schedule a pod with AllowedTopologies" classname="Kubernetes e2e suite" status="skipped" time="0">
              <skipped message="skipped"></skipped>
          </testcase>
          <testcase name="[It] [sig-storage] In-tree Volumes [Driver: nfs] [Testpattern: Dynamic PV (ntfs)] [Feature:Windows] multiVolume [Slow] should access to two volumes with different volume mode and retain data across pod recreation on the same node" classname="Kubernetes e2e suite" status="skipped" time="0">
              <skipped message="skipped"></skipped>
          </testcase>
          <testcase name="[It] [sig-storage] PersistentVolumes CSI Conformance should run through the lifecycle of a PV and a PVC [Conformance]" classname="Kubernetes e2e suite" status="passed" time="6.156232681"></testcase>
          <testcase name="[It] [sig-storage] CSI Volumes [Driver: pd.csi.storage.gke.io] [Serial] [Testpattern: Dynamic PV (ntfs)] [Feature:Windows] subPath should support non-existent path" classname="Kubernetes e2e suite" status="skipped" time="0">
              <skipped message="skipped"></skipped>
          </testcase>
          <testcase name="[It] [sig-storage] In-tree Volumes [Driver: local] [LocalVolumeType: dir-bindmounted] [Testpattern: Pre-provisioned PV (block volmode)] disruptive [Disruptive] [LinuxOnly] Should test that pv used in a pod that is force deleted while the kubelet is down cleans up when the kubelet returns." classname="Kubernetes e2e suite" status="skipped" time="0">
              <skipped message="skipped"></skipped>
          </testcase>
          <testcase name="[It] [sig-storage] [Serial] Volume metrics Ephemeral should create prometheus metrics for volume provisioning errors [Slow]" classname="Kubernetes e2e suite" status="skipped" time="0">
              <skipped message="skipped"></skipped>
          </testcase>
          <testcase name="[It] [sig-storage] In-tree Volumes [Driver: local] [LocalVolumeType: dir-bindmounted] [Testpattern: Dynamic PV (block volmode)] multiVolume [Slow] should access to two volumes with the same volume mode and retain data across pod recreation on different node" classname="Kubernetes e2e suite" status="skipped" time="0">
              <skipped message="skipped"></skipped>
          </testcase>
          <testcase name="[It] [sig-storage] In-tree Volumes [Driver: nfs] [Testpattern: Pre-provisioned PV (default fs)] subPath should support existing directories when readOnly specified in the volumeSource" classname="Kubernetes e2e suite" status="skipped" time="0">
              <skipped message="skipped"></skipped>
          </testcase>
          <testcase name="[It] [sig-storage] In-tree Volumes [Driver: vsphere] [Testpattern: Pre-provisioned PV (default fs)] subPath should fail if subpath with backstepping is outside the volume [Slow] [LinuxOnly]" classname="Kubernetes e2e suite" status="skipped" time="0">
              <skipped message="skipped"></skipped>
          </testcase>
          <testcase name="[It] [sig-storage] Projected secret should be consumable from pods in volume [NodeConformance] [Conformance]" classname="Kubernetes e2e suite" status="passed" time="4.067540735"></testcase>
          <testcase name="[It] [sig-storage] In-tree Volumes [Driver: local] [LocalVolumeType: dir] [Testpattern: Inline-volume (default fs)] subPath should be able to unmount after the subpath directory is deleted [LinuxOnly]" classname="Kubernetes e2e suite" status="skipped" time="0">
              <skipped message="skipped"></skipped>
          </testcase>
          <testcase name="[It] [sig-instrumentation] Events should delete a collection of events [Conformance]" classname="Kubernetes e2e suite" status="passed" time="0.101217745"></testcase>
          <testcase name="[It] [sig-storage] In-tree Volumes [Driver: local] [LocalVolumeType: tmpfs] [Testpattern: Pre-provisioned PV (block volmode)] multiVolume [Slow] should access to two volumes with different volume mode and retain data across pod recreation on the same node" classname="Kubernetes e2e suite" status="skipped" time="0">
              <skipped message="skipped"></skipped>
          </testcase>
          <testcase name="[It] [sig-storage] In-tree Volumes [Driver: azure-disk] [Testpattern: Dynamic PV (default fs)] fsgroupchangepolicy (Always)[LinuxOnly], pod created with an initial fsgroup, volume contents ownership changed via chgrp in first pod, new pod with same fsgroup applied to the volume contents" classname="Kubernetes e2e suite" status="skipped" time="0">
              <skipped message="skipped"></skipped>
          </testcase>
          <testcase name="[It] [sig-storage] In-tree Volumes [Driver: cinder] [Testpattern: Pre-provisioned PV (default fs)] subPath should fail if subpath file is outside the volume [Slow] [LinuxOnly]" classname="Kubernetes e2e suite" status="skipped" time="0">
              <skipped message="skipped"></skipped>
          </testcase>
          <testcase name="[It] [sig-storage] CSI Volumes [Driver: csi-hostpath] [Testpattern: Inline-volume (default fs)] subPath should support existing directories when readOnly specified in the volumeSource" classname="Kubernetes e2e suite" status="skipped" time="0">
              <skipped message="skipped"></skipped>
          </testcase>
          <testcase name="[It] [sig-storage] In-tree Volumes [Driver: local] [LocalVolumeType: block] [Testpattern: Pre-provisioned PV (default fs)] subPath should be able to unmount after the subpath directory is deleted [LinuxOnly]" classname="Kubernetes e2e suite" status="skipped" time="0">
              <skipped message="skipped"></skipped>
          </testcase>
          <testcase name="[It] [sig-storage] In-tree Volumes [Driver: azure-disk] [Testpattern: Dynamic PV (filesystem volmode)] disruptive [Disruptive] [LinuxOnly] Should test that pv used in a pod that is force deleted while the kubelet is down is usable by a new pod with a different SELinux context when kubelet returns [Feature:SELinux]" classname="Kubernetes e2e suite" status="skipped" time="0">
              <skipped message="skipped"></skipped>
          </testcase>
          <testcase name="[It] [sig-storage] In-tree Volumes [Driver: local] [LocalVolumeType: dir-bindmounted] [Testpattern: Pre-provisioned PV (filesystem volmode)] volumeMode should fail to use a volume in a pod with mismatched mode [Slow]" classname="Kubernetes e2e suite" status="skipped" time="0">
              <skipped message="skipped"></skipped>
          </testcase>
          <testcase name="[It] [sig-storage] In-tree Volumes [Driver: local] [LocalVolumeType: dir-link] [Testpattern: Dynamic PV (default fs)] volumes should allow exec of files on the volume" classname="Kubernetes e2e suite" status="skipped" time="0">
              <skipped message="skipped"></skipped>
          </testcase>
          <testcase name="[It] [sig-storage] In-tree Volumes [Driver: hostPath] [Testpattern: Dynamic PV (default fs)] volumes should store data" classname="Kubernetes e2e suite" status="skipped" time="0">
              <skipped message="skipped"></skipped>
          </testcase>
          <testcase name="[It] [sig-storage] In-tree Volumes [Driver: hostPathSymlink] [Testpattern: Dynamic PV (default fs)] fsgroupchangepolicy (Always)[LinuxOnly], pod created with an initial fsgroup, new pod fsgroup applied to volume contents" classname="Kubernetes e2e suite" status="skipped" time="0">
              <skipped message="skipped"></skipped>
          </testcase>
          <testcase name="[It] [sig-storage] Projected secret should be able to mount in a volume regardless of a different secret existing with same name in different namespace [NodeConformance]" classname="Kubernetes e2e suite" status="skipped" time="0">
              <skipped message="skipped"></skipped>
          </testcase>
          <testcase name="[It] [sig-storage] In-tree Volumes [Driver: azure-file] [Testpattern: Dynamic PV (xfs)] [Slow] multiVolume [Slow] should concurrently access the single volume from pods on different node" classname="Kubernetes e2e suite" status="skipped" time="0">
              <skipped message="skipped"></skipped>
          </testcase>
          <testcase name="[It] [sig-storage] In-tree Volumes [Driver: local] [LocalVolumeType: gce-localssd-scsi-fs] [Serial] [Testpattern: Dynamic PV (ntfs)] [Feature:Windows] subPath should verify container cannot write to subpath readonly volumes [Slow]" classname="Kubernetes e2e suite" status="skipped" time="0">
              <skipped message="skipped"></skipped>
          </testcase>
          <testcase name="[It] [sig-network] Netpol NetworkPolicy between server and client should support allow-all policy [Feature:NetworkPolicy]" classname="Kubernetes e2e suite" status="skipped" time="0">
              <skipped message="skipped"></skipped>
          </testcase>
          <testcase name="[It] [sig-storage] In-tree Volumes [Driver: local] [LocalVolumeType: gce-localssd-scsi-fs] [Serial] [Testpattern: Dynamic PV (filesystem volmode)] multiVolume [Slow] should concurrently access the single read-only volume from pods on the same node" classname="Kubernetes e2e suite" status="skipped" time="0">
              <skipped message="skipped"></skipped>
          </testcase>
          <testcase name="[It] [sig-storage] In-tree Volumes [Driver: cinder] [Testpattern: Pre-provisioned PV (ntfs)] [Feature:Windows] volumes should store data" classname="Kubernetes e2e suite" status="skipped" time="0">
              <skipped message="skipped"></skipped>
          </testcase>
          <testcase name="[It] [sig-storage] In-tree Volumes [Driver: cinder] [Testpattern: Dynamic PV (xfs)] [Slow] multiVolume [Slow] should concurrently access the single volume from pods on different node" classname="Kubernetes e2e suite" status="skipped" time="0">
              <skipped message="skipped"></skipped>
          </testcase>
          <testcase name="[It] [sig-storage] In-tree Volumes [Driver: local] [LocalVolumeType: gce-localssd-scsi-fs] [Serial] [Testpattern: Pre-provisioned PV (block volmode)] volumeMode should fail to use a volume in a pod with mismatched mode [Slow]" classname="Kubernetes e2e suite" status="skipped" time="0">
              <skipped message="skipped"></skipped>
          </testcase>
          <testcase name="[It] [sig-storage] In-tree Volumes [Driver: azure-disk] [Testpattern: Inline-volume (default fs)] subPath should support readOnly directory specified in the volumeMount" classname="Kubernetes e2e suite" status="skipped" time="0">
              <skipped message="skipped"></skipped>
          </testcase>
          <testcase name="[It] [sig-storage] In-tree Volumes [Driver: hostPath] [Testpattern: Dynamic PV (xfs)] [Slow] multiVolume [Slow] should concurrently access the single read-only volume from pods on the same node" classname="Kubernetes e2e suite" status="skipped" time="0">
              <skipped message="skipped"></skipped>
          </testcase>
          <testcase name="[It] [sig-storage] In-tree Volumes [Driver: hostPathSymlink] [Testpattern: Dynamic PV (ntfs)] [Feature:Windows] subPath should support non-existent path" classname="Kubernetes e2e suite" status="skipped" time="0">
              <skipped message="skipped"></skipped>
          </testcase>
          <testcase name="[It] [sig-storage] CSI Volumes [Driver: csi-hostpath] [Testpattern: Pre-provisioned PV (default fs)] volumes should store data" classname="Kubernetes e2e suite" status="skipped" time="0">
              <skipped message="skipped"></skipped>
          </testcase>
          <testcase name="[It] [sig-storage] In-tree Volumes [Driver: emptydir] [Testpattern: Dynamic PV (ext4)] multiVolume [Slow] should access to two volumes with the same volume mode and retain data across pod recreation on the same node" classname="Kubernetes e2e suite" status="skipped" time="0">
              <skipped message="skipped"></skipped>
          </testcase>
          <testcase name="[It] [sig-storage] In-tree Volumes [Driver: azure-file] [Testpattern: Dynamic PV (filesystem volmode)] disruptive [Disruptive] [LinuxOnly] Should test that pv used in a pod that is force deleted while the kubelet is down is usable by a new pod when kubelet returns [Feature:SELinux]" classname="Kubernetes e2e suite" status="skipped" time="0">
              <skipped message="skipped"></skipped>
          </testcase>
          <testcase name="[It] [sig-storage] In-tree Volumes [Driver: azure-file] [Testpattern: Dynamic PV (block volmode)] multiVolume [Slow] should concurrently access the single volume from pods on different node" classname="Kubernetes e2e suite" status="skipped" time="0">
              <skipped message="skipped"></skipped>
          </testcase>
          <testcase name="[It] [sig-storage] In-tree Volumes [Driver: local] [LocalVolumeType: block] [Testpattern: Dynamic PV (filesystem volmode)] multiVolume [Slow] should concurrently access the single volume from pods on the same node" classname="Kubernetes e2e suite" status="skipped" time="0">
              <skipped message="skipped"></skipped>
          </testcase>
          <testcase name="[It] [sig-storage] In-tree Volumes [Driver: hostPath] [Testpattern: Generic Ephemeral-volume (default fs)] volumeLimits should verify that all csinodes have volume limits" classname="Kubernetes e2e suite" status="skipped" time="0">
              <skipped message="skipped"></skipped>
          </testcase>
          <testcase name="[It] [sig-storage] CSI Volumes [Driver: pd.csi.storage.gke.io] [Serial] [Testpattern: Dynamic PV (filesystem volmode)] multiVolume [Slow] should concurrently access the volume and its clone from pods on the same node [LinuxOnly] [Feature:VolumeSourceXFS]" classname="Kubernetes e2e suite" status="skipped" time="0">
              <skipped message="skipped"></skipped>
          </testcase>
          <testcase name="[It] [sig-storage] In-tree Volumes [Driver: vsphere] [Testpattern: Generic Ephemeral-volume (default fs) (immediate-binding)] ephemeral should create read-only inline ephemeral volume" classname="Kubernetes e2e suite" status="skipped" time="0">
              <skipped message="skipped"></skipped>
          </testcase>
          <testcase name="[It] [sig-storage] In-tree Volumes [Driver: vsphere] [Testpattern: Dynamic PV (ntfs)(allowExpansion)] [Feature:Windows] volume-expand should resize volume when PVC is edited while pod is using it" classname="Kubernetes e2e suite" status="skipped" time="0">
              <skipped message="skipped"></skipped>
          </testcase>
          <testcase name="[It] [sig-storage] ConfigMap updates should be reflected in volume [NodeConformance] [Conformance]" classname="Kubernetes e2e suite" status="passed" time="88.608462464"></testcase>
          <testcase name="[It] [sig-node] DRA [Feature:DynamicResourceAllocation] [FeatureGate:DynamicResourceAllocation] [Beta] [Feature:OffByDefault] kubelet must retry NodePrepareResources" classname="Kubernetes e2e suite" status="skipped" time="0">
              <skipped message="skipped"></skipped>
          </testcase>
          <testcase name="[It] [sig-storage] In-tree Volumes [Driver: local] [LocalVolumeType: tmpfs] [Testpattern: Dynamic PV (ntfs)] [Feature:Windows] subPath should support creating multiple subpath from same volumes [Slow]" classname="Kubernetes e2e suite" status="skipped" time="0">
              <skipped message="skipped"></skipped>
          </testcase>
          <testcase name="[It] [sig-api-machinery] MutatingAdmissionPolicy [Privileged:ClusterAdmin] [Feature:MutatingAdmissionPolicy] [FeatureGate:MutatingAdmissionPolicy] [Alpha] [Feature:OffByDefault] should support MutatingAdmissionPolicy API operations" classname="Kubernetes e2e suite" status="skipped" time="0">
              <skipped message="skipped"></skipped>
          </testcase>
          <testcase name="[It] [sig-api-machinery] CRDValidationRatcheting [Privileged:ClusterAdmin] [FeatureGate:CRDValidationRatcheting] MUST fail to update a resource due to JSONSchema errors on unchanged uncorrelatable fields" classname="Kubernetes e2e suite" status="skipped" time="0">
              <skipped message="skipped"></skipped>
          </testcase>
          <testcase name="[It] [sig-storage] In-tree Volumes [Driver: local] [LocalVolumeType: block] [Testpattern: Dynamic PV (ext3)] volumes should store data" classname="Kubernetes e2e suite" status="skipped" time="0">
              <skipped message="skipped"></skipped>
          </testcase>
          <testcase name="[It] [sig-node] NoExecuteTaintManager Multiple Pods [Serial] only evicts pods without tolerations from tainted nodes" classname="Kubernetes e2e suite" status="skipped" time="0">
              <skipped message="skipped"></skipped>
          </testcase>
          <testcase name="[It] [sig-storage] In-tree Volumes [Driver: local] [LocalVolumeType: dir-link] [Testpattern: Dynamic PV (block volmode)] provisioning should mount multiple PV pointing to the same storage on the same node" classname="Kubernetes e2e suite" status="skipped" time="0">
              <skipped message="skipped"></skipped>
          </testcase>
          <testcase name="[It] [sig-storage] In-tree Volumes [Driver: local] [LocalVolumeType: dir] [Testpattern: Pre-provisioned PV (xfs)] [Slow] volumes should store data" classname="Kubernetes e2e suite" status="skipped" time="0">
              <skipped message="skipped"></skipped>
          </testcase>
          <testcase name="[It] [sig-storage] In-tree Volumes [Driver: emptydir] [Testpattern: Dynamic PV (filesystem volmode)] multiVolume [Slow] should concurrently access the volume and its clone from pods on the same node [LinuxOnly] [Feature:VolumeSourceXFS]" classname="Kubernetes e2e suite" status="skipped" time="0">
              <skipped message="skipped"></skipped>
          </testcase>
          <testcase name="[It] [sig-storage] In-tree Volumes [Driver: azure-file] [Testpattern: Dynamic PV (ntfs)(allowExpansion)] [Feature:Windows] volume-expand should resize volume when PVC is edited while pod is using it" classname="Kubernetes e2e suite" status="skipped" time="0">
              <skipped message="skipped"></skipped>
          </testcase>
          <testcase name="[It] [sig-storage] In-tree Volumes [Driver: cinder] [Testpattern: Dynamic PV (default fs)] subPath should fail if subpath file is outside the volume [Slow] [LinuxOnly]" classname="Kubernetes e2e suite" status="skipped" time="0">
              <skipped message="skipped"></skipped>
          </testcase>
          <testcase name="[It] [sig-storage] In-tree Volumes [Driver: hostPathSymlink] [Testpattern: Dynamic PV (default fs)] fsgroupchangepolicy (OnRootMismatch)[LinuxOnly], pod created with an initial fsgroup, new pod fsgroup applied to volume contents" classname="Kubernetes e2e suite" status="skipped" time="0">
              <skipped message="skipped"></skipped>
          </testcase>
          <testcase name="[It] [sig-node] Container Runtime blackbox test when running a container with a new image should not be able to pull image from invalid registry [NodeConformance]" classname="Kubernetes e2e suite" status="skipped" time="0">
              <skipped message="skipped"></skipped>
          </testcase>
          <testcase name="[It] [sig-storage] In-tree Volumes [Driver: local] [LocalVolumeType: dir] [Testpattern: Dynamic PV (ntfs)] [Feature:Windows] provisioning should provision storage with pvc data source in parallel [Slow]" classname="Kubernetes e2e suite" status="skipped" time="0">
              <skipped message="skipped"></skipped>
          </testcase>
          <testcase name="[It] [sig-auth] [Feature:NodeAuthorizer] Getting a secret for a workload the node has access to should succeed" classname="Kubernetes e2e suite" status="skipped" time="0">
              <skipped message="skipped"></skipped>
          </testcase>
          <testcase name="[It] [sig-network] Services should respect internalTrafficPolicy=Local Pod to Pod" classname="Kubernetes e2e suite" status="skipped" time="0">
              <skipped message="skipped"></skipped>
          </testcase>
          <testcase name="[It] [sig-storage] HostPath should support r/w [NodeConformance]" classname="Kubernetes e2e suite" status="skipped" time="0">
              <skipped message="skipped"></skipped>
          </testcase>
          <testcase name="[It] [sig-api-machinery] AdmissionWebhook [Privileged:ClusterAdmin] should unconditionally reject operations on fail closed webhook [Conformance]" classname="Kubernetes e2e suite" status="passed" time="3.577379672"></testcase>
          <testcase name="[It] [sig-storage] In-tree Volumes [Driver: vsphere] [Testpattern: Pre-provisioned PV (ext4)] volumes should store data" classname="Kubernetes e2e suite" status="skipped" time="0">
              <skipped message="skipped"></skipped>
          </testcase>
          <testcase name="[It] [sig-node] Pod Level Resources [Serial] [Feature:PodLevelResources] Guaranteed QoS pod with container resources" classname="Kubernetes e2e suite" status="skipped" time="0">
              <skipped message="skipped"></skipped>
          </testcase>
          <testcase name="[It] [sig-storage] In-tree Volumes [Driver: azure-file] [Testpattern: Dynamic PV (immediate binding)] topology should provision a volume and schedule a pod with AllowedTopologies" classname="Kubernetes e2e suite" status="skipped" time="0">
              <skipped message="skipped"></skipped>
          </testcase>
          <testcase name="[It] [sig-storage] In-tree Volumes [Driver: emptydir] [Testpattern: Inline-volume (default fs)] subPath should support existing directories when readOnly specified in the volumeSource" classname="Kubernetes e2e suite" status="skipped" time="0">
              <skipped message="skipped"></skipped>
          </testcase>
          <testcase name="[It] [sig-storage] Dynamic Provisioning DynamicProvisioner [Slow] [Feature:StorageProvider] deletion should be idempotent" classname="Kubernetes e2e suite" status="skipped" time="0">
              <skipped message="skipped"></skipped>
          </testcase>
          <testcase name="[It] [sig-storage] In-tree Volumes [Driver: vsphere] [Testpattern: Dynamic PV (block volmode)] multiVolume [Slow] should access to two volumes with different volume mode and retain data across pod recreation on different node" classname="Kubernetes e2e suite" status="skipped" time="0">
              <skipped message="skipped"></skipped>
          </testcase>
          <testcase name="[It] [sig-storage] In-tree Volumes [Driver: local] [LocalVolumeType: dir-link-bindmounted] [Testpattern: Dynamic PV (ntfs)(allowExpansion)] [Feature:Windows] volume-expand Verify if offline PVC expansion works" classname="Kubernetes e2e suite" status="skipped" time="0">
              <skipped message="skipped"></skipped>
          </testcase>
          <testcase name="[It] [sig-storage] In-tree Volumes [Driver: local] [LocalVolumeType: tmpfs] [Testpattern: Dynamic PV (default fs)] subPath should unmount if pod is force deleted while kubelet is down [Disruptive] [Slow] [LinuxOnly]" classname="Kubernetes e2e suite" status="skipped" time="0">
              <skipped message="skipped"></skipped>
          </testcase>
          <testcase name="[It] [sig-auth] [FeatureGate:ClusterTrustBundle] [Beta] [Feature:OffByDefault] [FeatureGate:ClusterTrustBundleProjection] [Beta] [Feature:OffByDefault] should be capable to mount multiple trust bundles by signer+labels should start if only signer name and explicit label selector matches nothing + optional=true" classname="Kubernetes e2e suite" status="skipped" time="0">
              <skipped message="skipped"></skipped>
          </testcase>
          <testcase name="[It] [sig-network] Networking Granular Checks: Services should function for pod-Service: http" classname="Kubernetes e2e suite" status="skipped" time="0">
              <skipped message="skipped"></skipped>
          </testcase>
          <testcase name="[It] [sig-storage] CSI Volumes [Driver: pd.csi.storage.gke.io] [Serial] [Testpattern: Dynamic PV (ntfs)] [Feature:Windows] subPath should unmount if pod is force deleted while kubelet is down [Disruptive] [Slow] [LinuxOnly]" classname="Kubernetes e2e suite" status="skipped" time="0">
              <skipped message="skipped"></skipped>
          </testcase>
          <testcase name="[It] [sig-storage] In-tree Volumes [Driver: local] [LocalVolumeType: dir] [Testpattern: Dynamic PV (default fs)] subPath should be able to unmount after the subpath directory is deleted [LinuxOnly]" classname="Kubernetes e2e suite" status="skipped" time="0">
              <skipped message="skipped"></skipped>
          </testcase>
          <testcase name="[It] [sig-storage] In-tree Volumes [Driver: hostPath] [Testpattern: Dynamic PV (block volmode)] multiVolume [Slow] should concurrently access the single volume from pods on different node" classname="Kubernetes e2e suite" status="skipped" time="0">
              <skipped message="skipped"></skipped>
          </testcase>
          <testcase name="[It] [sig-storage] In-tree Volumes [Driver: vsphere] [Testpattern: Dynamic PV (default fs)] provisioning should provision storage with pvc data source in parallel [Slow]" classname="Kubernetes e2e suite" status="skipped" time="0">
              <skipped message="skipped"></skipped>
          </testcase>
          <testcase name="[It] [sig-storage] CSI Volumes [Driver: csi-hostpath] [Testpattern: Dynamic PV (default fs)] read-write-once-pod [MinimumKubeletVersion:1.27] should block a second pod from using an in-use ReadWriteOncePod volume on the same node" classname="Kubernetes e2e suite" status="skipped" time="0">
              <skipped message="skipped"></skipped>
          </testcase>
          <testcase name="[It] [sig-storage] In-tree Volumes [Driver: local] [LocalVolumeType: dir-bindmounted] [Testpattern: Dynamic PV (ntfs)] [Feature:Windows] subPath should support creating multiple subpath from same volumes [Slow]" classname="Kubernetes e2e suite" status="skipped" time="0">
              <skipped message="skipped"></skipped>
          </testcase>
          <testcase name="[It] [sig-node] Pod InPlace Resize Container [FeatureGate:InPlacePodVerticalScaling] [Beta] Burstable QoS pod, one container with cpu &amp; memory requests + limits - increase CPU limits only" classname="Kubernetes e2e suite" status="skipped" time="0">
              <skipped message="skipped"></skipped>
          </testcase>
          <testcase name="[It] [sig-autoscaling] [Feature:HPA] [Serial] [Slow] Horizontal pod autoscaling (non-default behavior) with scale limited by number of Pods rate should scale down no more than given number of Pods per minute" classname="Kubernetes e2e suite" status="skipped" time="0">
              <skipped message="skipped"></skipped>
          </testcase>
          <testcase name="[It] [sig-storage] In-tree Volumes [Driver: iscsi] [Feature:Volumes] [Testpattern: Dynamic PV (filesystem volmode)] disruptive [Disruptive] [LinuxOnly] Should test that pv used in a pod that is deleted while the kubelet is down is usable by a new pod with a different SELinux context when kubelet returns [Feature:SELinux]" classname="Kubernetes e2e suite" status="skipped" time="0">
              <skipped message="skipped"></skipped>
          </testcase>
          <testcase name="[It] [sig-storage] In-tree Volumes [Driver: hostPathSymlink] [Testpattern: Inline-volume (default fs)] subPath should support readOnly directory specified in the volumeMount" classname="Kubernetes e2e suite" status="skipped" time="0">
              <skipped message="skipped"></skipped>
          </testcase>
          <testcase name="[It] [sig-storage] In-tree Volumes [Driver: cinder] [Testpattern: Dynamic PV (default fs)] subPath should support file as subpath [LinuxOnly]" classname="Kubernetes e2e suite" status="skipped" time="0">
              <skipped message="skipped"></skipped>
          </testcase>
          <testcase name="[It] [sig-storage] CSI Volumes [Driver: csi-hostpath] [Testpattern: Pre-provisioned PV (filesystem volmode)] multiVolume [Slow] should access to two volumes with different volume mode and retain data across pod recreation on different node" classname="Kubernetes e2e suite" status="skipped" time="0">
              <skipped message="skipped"></skipped>
          </testcase>
          <testcase name="[It] [sig-network] EndpointSlice should support a Service with multiple endpoint IPs specified in multiple EndpointSlices" classname="Kubernetes e2e suite" status="skipped" time="0">
              <skipped message="skipped"></skipped>
          </testcase>
          <testcase name="[It] [sig-storage] In-tree Volumes [Driver: nfs] [Testpattern: Pre-provisioned PV (default fs)] volumeIO should write files of various sizes, verify size, validate content [Slow]" classname="Kubernetes e2e suite" status="skipped" time="0">
              <skipped message="skipped"></skipped>
          </testcase>
          <testcase name="[It] [sig-storage] In-tree Volumes [Driver: hostPathSymlink] [Testpattern: Pre-provisioned PV (default fs)] subPath should support restarting containers using directory as subpath [Slow]" classname="Kubernetes e2e suite" status="skipped" time="0">
              <skipped message="skipped"></skipped>
          </testcase>
          <testcase name="[It] [sig-storage] In-tree Volumes [Driver: azure-disk] [Testpattern: Generic Ephemeral-volume (block volmode) (late-binding)] ephemeral should support two pods which have the same volume definition" classname="Kubernetes e2e suite" status="skipped" time="0">
              <skipped message="skipped"></skipped>
          </testcase>
          <testcase name="[It] [sig-storage] In-tree Volumes [Driver: cinder] [Testpattern: Dynamic PV (filesystem volmode)] multiVolume [Slow] should concurrently access the volume and its clone from pods on the same node [LinuxOnly] [Feature:VolumeSourceXFS]" classname="Kubernetes e2e suite" status="skipped" time="0">
              <skipped message="skipped"></skipped>
          </testcase>
          <testcase name="[It] [sig-storage] In-tree Volumes [Driver: nfs] [Testpattern: Dynamic PV (ext4)] multiVolume [Slow] should concurrently access the single read-only volume from pods on the same node" classname="Kubernetes e2e suite" status="skipped" time="0">
              <skipped message="skipped"></skipped>
          </testcase>
          <testcase name="[It] [sig-storage] In-tree Volumes [Driver: local] [LocalVolumeType: gce-localssd-scsi-fs] [Serial] [Testpattern: Dynamic PV (block volmode)] disruptive [Disruptive] [LinuxOnly] Should test that pv written before kubelet restart is readable after restart." classname="Kubernetes e2e suite" status="skipped" time="0">
              <skipped message="skipped"></skipped>
          </testcase>
          <testcase name="[It] [sig-storage] CSI Volumes [Driver: pd.csi.storage.gke.io] [Serial] [Testpattern: Pre-provisioned PV (default fs)] subPath should support restarting containers using file as subpath [Slow] [LinuxOnly]" classname="Kubernetes e2e suite" status="skipped" time="0">
              <skipped message="skipped"></skipped>
          </testcase>
          <testcase name="[It] [sig-storage] In-tree Volumes [Driver: emptydir] [Testpattern: Pre-provisioned PV (default fs)] subPath should support restarting containers using file as subpath [Slow] [LinuxOnly]" classname="Kubernetes e2e suite" status="skipped" time="0">
              <skipped message="skipped"></skipped>
          </testcase>
          <testcase name="[It] [sig-storage] In-tree Volumes [Driver: azure-file] [Testpattern: Dynamic PV (ntfs)] [Feature:Windows] provisioning should provision storage with snapshot data source (ROX mode) [Feature:VolumeSnapshotDataSource]" classname="Kubernetes e2e suite" status="skipped" time="0">
              <skipped message="skipped"></skipped>
          </testcase>
          <testcase name="[It] [sig-storage] CSI Volumes [Driver: csi-hostpath] [Testpattern: Dynamic PV (block volmode)] provisioning should mount multiple PV pointing to the same storage on the same node" classname="Kubernetes e2e suite" status="skipped" time="0">
              <skipped message="skipped"></skipped>
          </testcase>
          <testcase name="[It] [sig-node] Probing container should override timeoutGracePeriodSeconds when StartupProbe field is set [NodeConformance]" classname="Kubernetes e2e suite" status="skipped" time="0">
              <skipped message="skipped"></skipped>
          </testcase>
          <testcase name="[It] [sig-storage] In-tree Volumes [Driver: nfs] [Testpattern: Pre-provisioned PV (filesystem volmode)] disruptive [Disruptive] [LinuxOnly] Should test that pv used in a pod that is force deleted while the kubelet is down is usable by a new pod when kubelet returns [Feature:SELinux]" classname="Kubernetes e2e suite" status="skipped" time="0">
              <skipped message="skipped"></skipped>
          </testcase>
          <testcase name="[It] [sig-network] Services should fallback to terminating endpoints when there are no ready endpoints with internalTrafficPolicy=Cluster" classname="Kubernetes e2e suite" status="skipped" time="0">
              <skipped message="skipped"></skipped>
          </testcase>
          <testcase name="[It] [sig-storage] In-tree Volumes [Driver: local] [LocalVolumeType: gce-localssd-scsi-fs] [Serial] [Testpattern: Dynamic PV (default fs)] subPath should support file as subpath [LinuxOnly]" classname="Kubernetes e2e suite" status="skipped" time="0">
              <skipped message="skipped"></skipped>
          </testcase>
          <testcase name="[It] [sig-storage] In-tree Volumes [Driver: azure-disk] [Testpattern: Dynamic PV (default fs)] capacity provides storage capacity information" classname="Kubernetes e2e suite" status="skipped" time="0">
              <skipped message="skipped"></skipped>
          </testcase>
          <testcase name="[It] [sig-storage] In-tree Volumes [Driver: local] [LocalVolumeType: dir-bindmounted] [Testpattern: Dynamic PV (ntfs)] [Feature:Windows] volumes should allow exec of files on the volume" classname="Kubernetes e2e suite" status="skipped" time="0">
              <skipped message="skipped"></skipped>
          </testcase>
          <testcase name="[It] [sig-storage] In-tree Volumes [Driver: cinder] [Testpattern: Inline-volume (ntfs)] [Feature:Windows] volumes should allow exec of files on the volume" classname="Kubernetes e2e suite" status="skipped" time="0">
              <skipped message="skipped"></skipped>
          </testcase>
          <testcase name="[It] [sig-storage] In-tree Volumes [Driver: local] [LocalVolumeType: blockfs] [Testpattern: Dynamic PV (immediate binding)] topology should provision a volume and schedule a pod with AllowedTopologies" classname="Kubernetes e2e suite" status="skipped" time="0">
              <skipped message="skipped"></skipped>
          </testcase>
          <testcase name="[It] [sig-storage] Projected downwardAPI should update annotations on modification [NodeConformance] [Conformance]" classname="Kubernetes e2e suite" status="passed" time="6.589766847"></testcase>
          <testcase name="[It] [sig-cli] Kubectl client Simple pod should contain last line of the log" classname="Kubernetes e2e suite" status="skipped" time="0">
              <skipped message="skipped"></skipped>
          </testcase>
          <testcase name="[It] [sig-storage] In-tree Volumes [Driver: iscsi] [Feature:Volumes] [Testpattern: Inline-volume (default fs)] subPath should unmount if pod is force deleted while kubelet is down [Disruptive] [Slow] [LinuxOnly]" classname="Kubernetes e2e suite" status="skipped" time="0">
              <skipped message="skipped"></skipped>
          </testcase>
          <testcase name="[It] [sig-storage] In-tree Volumes [Driver: local] [LocalVolumeType: tmpfs] [Testpattern: Dynamic PV (filesystem volmode)] volumeLimits should support volume limits [Serial]" classname="Kubernetes e2e suite" status="skipped" time="0">
              <skipped message="skipped"></skipped>
          </testcase>
          <testcase name="[It] [sig-storage] In-tree Volumes [Driver: hostPathSymlink] [Testpattern: Dynamic PV (block volmode)] disruptive [Disruptive] [LinuxOnly] Should test that pv used in a pod that is deleted while the kubelet is down cleans up when the kubelet returns." classname="Kubernetes e2e suite" status="skipped" time="0">
              <skipped message="skipped"></skipped>
          </testcase>
          <testcase name="[It] [sig-storage] In-tree Volumes [Driver: local] [LocalVolumeType: tmpfs] [Testpattern: Dynamic PV (ntfs)] [Feature:Windows] volumeIO should write files of various sizes, verify size, validate content [Slow]" classname="Kubernetes e2e suite" status="skipped" time="0">
              <skipped message="skipped"></skipped>
          </testcase>
          <testcase name="[It] [sig-storage] In-tree Volumes [Driver: emptydir] [Testpattern: Dynamic PV (block volmode)] provisioning should provision correct filesystem size when restoring snapshot to larger size pvc [Feature:VolumeSnapshotDataSource]" classname="Kubernetes e2e suite" status="skipped" time="0">
              <skipped message="skipped"></skipped>
          </testcase>
          <testcase name="[It] [sig-storage] In-tree Volumes [Driver: iscsi] [Feature:Volumes] [Testpattern: Inline-volume (default fs)] subPath should unmount if pod is gracefully deleted while kubelet is down [Disruptive] [Slow] [LinuxOnly]" classname="Kubernetes e2e suite" status="skipped" time="0">
              <skipped message="skipped"></skipped>
          </testcase>
          <testcase name="[It] [sig-storage] CSI Volumes [Driver: pd.csi.storage.gke.io] [Serial] [Testpattern: Dynamic PV (ntfs)] [Feature:Windows] provisioning should provision storage with any volume data source [Serial]" classname="Kubernetes e2e suite" status="skipped" time="0">
              <skipped message="skipped"></skipped>
          </testcase>
          <testcase name="[It] [sig-storage] In-tree Volumes [Driver: hostPathSymlink] [Testpattern: Pre-provisioned PV (ext3)] volumes should store data" classname="Kubernetes e2e suite" status="skipped" time="0">
              <skipped message="skipped"></skipped>
          </testcase>
          <testcase name="[It] [sig-storage] CSI Volumes [Driver: pd.csi.storage.gke.io] [Serial] [Testpattern: Inline-volume (default fs)] subPath should be able to unmount after the subpath directory is deleted [LinuxOnly]" classname="Kubernetes e2e suite" status="skipped" time="0">
              <skipped message="skipped"></skipped>
          </testcase>
          <testcase name="[It] [sig-storage] In-tree Volumes [Driver: azure-disk] [Testpattern: Dynamic PV (ext4)] multiVolume [Slow] should concurrently access the single volume from pods on different node" classname="Kubernetes e2e suite" status="skipped" time="0">
              <skipped message="skipped"></skipped>
          </testcase>
          <testcase name="[It] [sig-storage] In-tree Volumes [Driver: local] [LocalVolumeType: dir-link] [Testpattern: Inline-volume (default fs)] subPath should support non-existent path" classname="Kubernetes e2e suite" status="skipped" time="0">
              <skipped message="skipped"></skipped>
          </testcase>
          <testcase name="[It] [sig-network] LoadBalancers [Feature:LoadBalancer] should be able to switch session affinity for LoadBalancer service with Local traffic policy [Slow] [LinuxOnly]" classname="Kubernetes e2e suite" status="skipped" time="0">
              <skipped message="skipped"></skipped>
          </testcase>
          <testcase name="[It] [sig-node] Security Context SupplementalGroupsPolicy [LinuxOnly] [Feature:SupplementalGroupsPolicy] [FeatureGate:SupplementalGroupsPolicy] [Beta] when SupplementalGroupsPolicy nil in SecurityContext when if the container&#39;s primary UID belongs to some groups in the image when scheduled node supports SupplementalGroupsPolicy it should add SupplementalGroups to them [LinuxOnly]" classname="Kubernetes e2e suite" status="skipped" time="0">
              <skipped message="skipped"></skipped>
          </testcase>
          <testcase name="[It] [sig-storage] In-tree Volumes [Driver: local] [LocalVolumeType: dir-link] [Testpattern: Dynamic PV (block volmode)] multiVolume [Slow] should access to two volumes with different volume mode and retain data across pod recreation on the same node" classname="Kubernetes e2e suite" status="skipped" time="0">
              <skipped message="skipped"></skipped>
          </testcase>
          <testcase name="[It] [sig-network] Conntrack should be able to preserve UDP traffic when server pod cycles for a ClusterIP service and client is hostNetwork" classname="Kubernetes e2e suite" status="skipped" time="0">
              <skipped message="skipped"></skipped>
          </testcase>
          <testcase name="[It] [sig-storage] In-tree Volumes [Driver: local] [LocalVolumeType: tmpfs] [Testpattern: Dynamic PV (default fs)] volumes should store data" classname="Kubernetes e2e suite" status="skipped" time="0">
              <skipped message="skipped"></skipped>
          </testcase>
          <testcase name="[It] [sig-api-machinery] Namespaces [Serial] should delete fast enough (90 percent of 100 namespaces in 150 seconds)" classname="Kubernetes e2e suite" status="skipped" time="0">
              <skipped message="skipped"></skipped>
          </testcase>
          <testcase name="[It] [sig-storage] In-tree Volumes [Driver: local] [LocalVolumeType: dir] [Testpattern: Generic Ephemeral-volume (default fs) (late-binding)] ephemeral should support two pods which have the same volume definition" classname="Kubernetes e2e suite" status="skipped" time="0">
              <skipped message="skipped"></skipped>
          </testcase>
          <testcase name="[It] [sig-api-machinery] FieldValidation should detect unknown metadata fields of a typed object [Conformance]" classname="Kubernetes e2e suite" status="passed" time="0.095530082"></testcase>
          <testcase name="[It] [sig-storage] In-tree Volumes [Driver: cinder] [Testpattern: Dynamic PV (block volmode)] disruptive [Disruptive] [LinuxOnly] Should test that pv written before kubelet restart is readable after restart." classname="Kubernetes e2e suite" status="skipped" time="0">
              <skipped message="skipped"></skipped>
          </testcase>
          <testcase name="[It] [sig-storage] In-tree Volumes [Driver: local] [LocalVolumeType: dir-bindmounted] [Testpattern: Dynamic PV (default fs)] subPath should fail if subpath file is outside the volume [Slow] [LinuxOnly]" classname="Kubernetes e2e suite" status="skipped" time="0">
              <skipped message="skipped"></skipped>
          </testcase>
          <testcase name="[It] [sig-storage] In-tree Volumes [Driver: local] [LocalVolumeType: block] [Testpattern: Pre-provisioned PV (filesystem volmode)] disruptive [Disruptive] [LinuxOnly] Should test that pv used in a pod that is deleted while the kubelet is down is usable by a new pod when kubelet returns [Feature:SELinux]" classname="Kubernetes e2e suite" status="skipped" time="0">
              <skipped message="skipped"></skipped>
          </testcase>
          <testcase name="[It] [sig-storage] In-tree Volumes [Driver: cinder] [Testpattern: Pre-provisioned PV (block volmode)] volumeMode should not mount / map unused volumes in a pod [LinuxOnly]" classname="Kubernetes e2e suite" status="skipped" time="0">
              <skipped message="skipped"></skipped>
          </testcase>
          <testcase name="[It] [sig-storage] In-tree Volumes [Driver: local] [LocalVolumeType: dir] [Testpattern: Pre-provisioned PV (filesystem volmode)] disruptive [Disruptive] [LinuxOnly] Should test that pv used in a pod that is deleted while the kubelet is down is usable by a new pod with a different SELinux context when kubelet returns [Feature:SELinux]" classname="Kubernetes e2e suite" status="skipped" time="0">
              <skipped message="skipped"></skipped>
          </testcase>
          <testcase name="[It] [sig-storage] In-tree Volumes [Driver: hostPath] [Testpattern: Dynamic PV (ntfs)] [Feature:Windows] provisioning should provision storage with pvc data source" classname="Kubernetes e2e suite" status="skipped" time="0">
              <skipped message="skipped"></skipped>
          </testcase>
          <testcase name="[It] [sig-storage] CSI Volumes [Driver: csi-hostpath] [Testpattern: Dynamic PV (default fs)] subPath should support readOnly directory specified in the volumeMount" classname="Kubernetes e2e suite" status="skipped" time="0">
              <skipped message="skipped"></skipped>
          </testcase>
          <testcase name="[It] [sig-storage] In-tree Volumes [Driver: local] [LocalVolumeType: block] [Testpattern: Dynamic PV (ntfs)] [Feature:Windows] subPath should support readOnly directory specified in the volumeMount" classname="Kubernetes e2e suite" status="skipped" time="0">
              <skipped message="skipped"></skipped>
          </testcase>
          <testcase name="[It] [sig-storage] In-tree Volumes [Driver: nfs] [Testpattern: Dynamic PV (ntfs)] [Feature:Windows] volumeIO should write files of various sizes, verify size, validate content [Slow]" classname="Kubernetes e2e suite" status="skipped" time="0">
              <skipped message="skipped"></skipped>
          </testcase>
          <testcase name="[It] [sig-storage] CSI Volumes [Driver: csi-hostpath] [Testpattern: Dynamic PV (default fs)] subPath should fail if subpath with backstepping is outside the volume [Slow] [LinuxOnly]" classname="Kubernetes e2e suite" status="skipped" time="0">
              <skipped message="skipped"></skipped>
          </testcase>
          <testcase name="[It] [sig-network] Services should delete a collection of services [Conformance]" classname="Kubernetes e2e suite" status="passed" time="0.099781123"></testcase>
          <testcase name="[It] [sig-storage] PersistentVolumes-local [Volume type: blockfswithformat] Two pods mounting a local volume one after the other should be able to write from pod1 and read from pod2" classname="Kubernetes e2e suite" status="skipped" time="0">
              <skipped message="skipped"></skipped>
          </testcase>
          <testcase name="[It] [sig-cli] Kubectl client Kubectl apply should apply a new configuration to an existing RC" classname="Kubernetes e2e suite" status="skipped" time="0">
              <skipped message="skipped"></skipped>
          </testcase>
          <testcase name="[It] [sig-storage] Downward API volume should provide podname as non-root with fsgroup [LinuxOnly]" classname="Kubernetes e2e suite" status="skipped" time="0">
              <skipped message="skipped"></skipped>
          </testcase>
          <testcase name="[It] [sig-storage] In-tree Volumes [Driver: emptydir] [Testpattern: Pre-provisioned PV (block volmode)] volumeMode should not mount / map unused volumes in a pod [LinuxOnly]" classname="Kubernetes e2e suite" status="skipped" time="0">
              <skipped message="skipped"></skipped>
          </testcase>
          <testcase name="[It] [sig-storage] In-tree Volumes [Driver: local] [LocalVolumeType: gce-localssd-scsi-fs] [Serial] [Testpattern: Generic Ephemeral-volume (default fs) (late-binding)] ephemeral should create read/write inline ephemeral volume" classname="Kubernetes e2e suite" status="skipped" time="0">
              <skipped message="skipped"></skipped>
          </testcase>
          <testcase name="[It] [sig-storage] In-tree Volumes [Driver: iscsi] [Feature:Volumes] [Testpattern: Dynamic PV (ext3)] volumes should allow exec of files on the volume" classname="Kubernetes e2e suite" status="skipped" time="0">
              <skipped message="skipped"></skipped>
          </testcase>
          <testcase name="[It] [sig-storage] In-tree Volumes [Driver: local] [LocalVolumeType: dir-bindmounted] [Testpattern: Pre-provisioned PV (filesystem volmode)] disruptive [Disruptive] [LinuxOnly] Should test that pv used in a pod that is force deleted while the kubelet is down is usable by a new pod with a different SELinux context when kubelet returns [Feature:SELinux]" classname="Kubernetes e2e suite" status="skipped" time="0">
              <skipped message="skipped"></skipped>
          </testcase>
          <testcase name="[It] [sig-api-machinery] ResourceQuota should verify ResourceQuota with terminating scopes through scope selectors." classname="Kubernetes e2e suite" status="skipped" time="0">
              <skipped message="skipped"></skipped>
          </testcase>
          <testcase name="[It] [sig-storage] In-tree Volumes [Driver: local] [LocalVolumeType: block] [Testpattern: Dynamic PV (default fs)] subPath should support creating multiple subpath from same volumes [Slow]" classname="Kubernetes e2e suite" status="skipped" time="0">
              <skipped message="skipped"></skipped>
          </testcase>
          <testcase name="[It] [sig-storage] In-tree Volumes [Driver: local] [LocalVolumeType: gce-localssd-scsi-fs] [Serial] [Testpattern: Dynamic PV (block volmode)] multiVolume [Slow] should access to two volumes with different volume mode and retain data across pod recreation on the same node" classname="Kubernetes e2e suite" status="skipped" time="0">
              <skipped message="skipped"></skipped>
          </testcase>
          <testcase name="[It] [sig-storage] In-tree Volumes [Driver: cinder] [Testpattern: Generic Ephemeral-volume (default fs) (immediate-binding)] ephemeral should create read/write inline ephemeral volume" classname="Kubernetes e2e suite" status="skipped" time="0">
              <skipped message="skipped"></skipped>
          </testcase>
          <testcase name="[It] [sig-storage] In-tree Volumes [Driver: azure-disk] [Testpattern: Pre-provisioned PV (ext3)] volumes should allow exec of files on the volume" classname="Kubernetes e2e suite" status="skipped" time="0">
              <skipped message="skipped"></skipped>
          </testcase>
          <testcase name="[It] [sig-storage] In-tree Volumes [Driver: hostPathSymlink] [Testpattern: Dynamic PV (xfs)] [Slow] multiVolume [Slow] should concurrently access the volume and its clone from pods on the same node [LinuxOnly] [Feature:VolumeSourceXFS]" classname="Kubernetes e2e suite" status="skipped" time="0">
              <skipped message="skipped"></skipped>
          </testcase>
          <testcase name="[It] [sig-network] Conntrack should be able to preserve UDP traffic when server pod cycles for a ClusterIP service with InternalTrafficPolicy set to Local" classname="Kubernetes e2e suite" status="skipped" time="0">
              <skipped message="skipped"></skipped>
          </testcase>
          <testcase name="[It] [sig-storage] In-tree Volumes [Driver: local] [LocalVolumeType: dir-bindmounted] [Testpattern: Dynamic PV (default fs)] subPath should support non-existent path" classname="Kubernetes e2e suite" status="skipped" time="0">
              <skipped message="skipped"></skipped>
          </testcase>
          <testcase name="[It] [sig-storage] In-tree Volumes [Driver: local] [LocalVolumeType: tmpfs] [Testpattern: Dynamic PV (block volmode)] disruptive [Disruptive] [LinuxOnly] Should test that pv used in a pod that is deleted while the kubelet is down cleans up when the kubelet returns." classname="Kubernetes e2e suite" status="skipped" time="0">
              <skipped message="skipped"></skipped>
          </testcase>
          <testcase name="[It] [sig-storage] CSI Volumes [Driver: csi-hostpath] [Testpattern: Dynamic PV (ntfs)] [Feature:Windows] provisioning should mount multiple PV pointing to the same storage on the same node" classname="Kubernetes e2e suite" status="skipped" time="0">
              <skipped message="skipped"></skipped>
          </testcase>
          <testcase name="[It] [sig-node] Security Context SupplementalGroupsPolicy [LinuxOnly] [Feature:SupplementalGroupsPolicy] [FeatureGate:SupplementalGroupsPolicy] [Beta] when SupplementalGroupsPolicy was set to Strict in PodSpec when the container&#39;s primary UID belongs to some groups in the image when scheduled node does not support SupplementalGroupsPolicy it should reject the pod [LinuxOnly]" classname="Kubernetes e2e suite" status="skipped" time="0">
              <skipped message="skipped"></skipped>
          </testcase>
          <testcase name="[It] [sig-network] DNS should provide DNS for ExternalName services [Conformance]" classname="Kubernetes e2e suite" status="passed" time="6.193869165"></testcase>
          <testcase name="[It] [sig-storage] In-tree Volumes [Driver: hostPath] [Testpattern: Dynamic PV (block volmode)] multiVolume [Slow] should access to two volumes with different volume mode and retain data across pod recreation on the same node" classname="Kubernetes e2e suite" status="skipped" time="0">
              <skipped message="skipped"></skipped>
          </testcase>
          <testcase name="[It] [sig-apps] Job should create pods with completion indexes for an Indexed Job [Feature:PodIndexLabel]" classname="Kubernetes e2e suite" status="skipped" time="0">
              <skipped message="skipped"></skipped>
          </testcase>
          <testcase name="[It] [sig-storage] In-tree Volumes [Driver: hostPathSymlink] [Testpattern: Inline-volume (default fs)] subPath should support readOnly file specified in the volumeMount [LinuxOnly]" classname="Kubernetes e2e suite" status="skipped" time="0">
              <skipped message="skipped"></skipped>
          </testcase>
          <testcase name="[It] [sig-storage] In-tree Volumes [Driver: local] [LocalVolumeType: block] [Testpattern: Dynamic PV (default fs)] subPath should fail if non-existent subpath is outside the volume [Slow] [LinuxOnly]" classname="Kubernetes e2e suite" status="skipped" time="0">
              <skipped message="skipped"></skipped>
          </testcase>
          <testcase name="[It] [sig-storage] In-tree Volumes [Driver: hostPathSymlink] [Testpattern: Inline-volume (default fs)] subPath should support non-existent path" classname="Kubernetes e2e suite" status="skipped" time="0">
              <skipped message="skipped"></skipped>
          </testcase>
          <testcase name="[It] [sig-storage] In-tree Volumes [Driver: local] [LocalVolumeType: dir-bindmounted] [Testpattern: Pre-provisioned PV (block volmode)] multiVolume [Slow] should access to two volumes with different volume mode and retain data across pod recreation on different node" classname="Kubernetes e2e suite" status="skipped" time="0">
              <skipped message="skipped"></skipped>
          </testcase>
          <testcase name="[It] [sig-storage] In-tree Volumes [Driver: local] [LocalVolumeType: dir-link] [Testpattern: Dynamic PV (filesystem volmode)] multiVolume [Slow] should concurrently access the single volume from pods on the same node" classname="Kubernetes e2e suite" status="skipped" time="0">
              <skipped message="skipped"></skipped>
          </testcase>
          <testcase name="[It] [sig-storage] CSI Volumes [Driver: csi-hostpath] [Testpattern: Pre-provisioned PV (block volmode)] multiVolume [Slow] should access to two volumes with the same volume mode and retain data across pod recreation on different node" classname="Kubernetes e2e suite" status="skipped" time="0">
              <skipped message="skipped"></skipped>
          </testcase>
          <testcase name="[It] [sig-storage] In-tree Volumes [Driver: local] [LocalVolumeType: dir-bindmounted] [Testpattern: Dynamic PV (xfs)] [Slow] multiVolume [Slow] should access to two volumes with the same volume mode and retain data across pod recreation on the same node" classname="Kubernetes e2e suite" status="skipped" time="0">
              <skipped message="skipped"></skipped>
          </testcase>
          <testcase name="[It] [sig-storage] In-tree Volumes [Driver: azure-disk] [Testpattern: Pre-provisioned PV (filesystem volmode)] multiVolume [Slow] should access to two volumes with the same volume mode and retain data across pod recreation on the same node" classname="Kubernetes e2e suite" status="skipped" time="0">
              <skipped message="skipped"></skipped>
          </testcase>
          <testcase name="[It] [sig-storage] CSI Volumes [Driver: csi-hostpath] [Testpattern: Generic Ephemeral-volume (default fs) (immediate-binding)] ephemeral should create read-only inline ephemeral volume" classname="Kubernetes e2e suite" status="skipped" time="0">
              <skipped message="skipped"></skipped>
          </testcase>
          <testcase name="[It] [sig-storage] In-tree Volumes [Driver: cinder] [Testpattern: Generic Ephemeral-volume (default fs) (late-binding)] ephemeral should support two pods which have the same volume definition" classname="Kubernetes e2e suite" status="skipped" time="0">
              <skipped message="skipped"></skipped>
          </testcase>
          <testcase name="[It] [sig-network] DNS should provide DNS for the cluster [Provider:GCE]" classname="Kubernetes e2e suite" status="skipped" time="0">
              <skipped message="skipped"></skipped>
          </testcase>
          <testcase name="[It] [sig-node] Pods Extended Pod Container Status should never report success for a pending container" classname="Kubernetes e2e suite" status="skipped" time="0">
              <skipped message="skipped"></skipped>
          </testcase>
          <testcase name="[It] [sig-storage] In-tree Volumes [Driver: hostPath] [Testpattern: Dynamic PV (block volmode)] disruptive [Disruptive] [LinuxOnly] Should test that pv used in a pod that is deleted while the kubelet is down cleans up when the kubelet returns." classname="Kubernetes e2e suite" status="skipped" time="0">
              <skipped message="skipped"></skipped>
          </testcase>
          <testcase name="[It] [sig-storage] In-tree Volumes [Driver: vsphere] [Testpattern: Dynamic PV (ntfs)] [Feature:Windows] subPath should fail if subpath directory is outside the volume [Slow] [LinuxOnly]" classname="Kubernetes e2e suite" status="skipped" time="0">
              <skipped message="skipped"></skipped>
          </testcase>
          <testcase name="[It] [sig-storage] In-tree Volumes [Driver: hostPath] [Testpattern: Dynamic PV (filesystem volmode)] multiVolume [Slow] should concurrently access the single volume from pods on the same node" classname="Kubernetes e2e suite" status="skipped" time="0">
              <skipped message="skipped"></skipped>
          </testcase>
          <testcase name="[It] [sig-storage] In-tree Volumes [Driver: local] [LocalVolumeType: dir] [Testpattern: Generic Ephemeral-volume (block volmode) (late-binding)] ephemeral should create read-only inline ephemeral volume" classname="Kubernetes e2e suite" status="skipped" time="0">
              <skipped message="skipped"></skipped>
          </testcase>
          <testcase name="[It] [sig-storage] In-tree Volumes [Driver: cinder] [Testpattern: Dynamic PV (ntfs)] [Feature:Windows] subPath should verify container cannot write to subpath readonly volumes [Slow]" classname="Kubernetes e2e suite" status="skipped" time="0">
              <skipped message="skipped"></skipped>
          </testcase>
          <testcase name="[It] [sig-storage] In-tree Volumes [Driver: vsphere] [Testpattern: Dynamic PV (block volmode)] volumeMode should fail to use a volume in a pod with mismatched mode [Slow]" classname="Kubernetes e2e suite" status="skipped" time="0">
              <skipped message="skipped"></skipped>
          </testcase>
          <testcase name="[It] [sig-storage] In-tree Volumes [Driver: azure-disk] [Testpattern: Dynamic PV (default fs)] provisioning should provision correct filesystem size when restoring snapshot to larger size pvc [Feature:VolumeSnapshotDataSource]" classname="Kubernetes e2e suite" status="skipped" time="0">
              <skipped message="skipped"></skipped>
          </testcase>
          <testcase name="[It] [sig-storage] Secrets should be consumable in multiple volumes in a pod [NodeConformance] [Conformance]" classname="Kubernetes e2e suite" status="passed" time="2.054290573"></testcase>
          <testcase name="[It] [sig-storage] In-tree Volumes [Driver: emptydir] [Testpattern: Pre-provisioned PV (block volmode)] multiVolume [Slow] should concurrently access the single volume from pods on different node" classname="Kubernetes e2e suite" status="skipped" time="0">
              <skipped message="skipped"></skipped>
          </testcase>
          <testcase name="[It] [sig-storage] In-tree Volumes [Driver: local] [LocalVolumeType: blockfs] [Testpattern: Pre-provisioned PV (default fs)] subPath should unmount if pod is gracefully deleted while kubelet is down [Disruptive] [Slow] [LinuxOnly]" classname="Kubernetes e2e suite" status="skipped" time="0">
              <skipped message="skipped"></skipped>
          </testcase>
          <testcase name="[It] [sig-storage] In-tree Volumes [Driver: emptydir] [Testpattern: Pre-provisioned PV (block volmode)] multiVolume [Slow] should access to two volumes with different volume mode and retain data across pod recreation on the same node" classname="Kubernetes e2e suite" status="skipped" time="0">
              <skipped message="skipped"></skipped>
          </testcase>
          <testcase name="[It] [sig-storage] In-tree Volumes [Driver: azure-disk] [Testpattern: Pre-provisioned PV (default fs)] subPath should support creating multiple subpath from same volumes [Slow]" classname="Kubernetes e2e suite" status="skipped" time="0">
              <skipped message="skipped"></skipped>
          </testcase>
          <testcase name="[It] [sig-node] Probing container should override timeoutGracePeriodSeconds when LivenessProbe field is set [NodeConformance]" classname="Kubernetes e2e suite" status="skipped" time="0">
              <skipped message="skipped"></skipped>
          </testcase>
          <testcase name="[It] [sig-storage] In-tree Volumes [Driver: local] [LocalVolumeType: tmpfs] [Testpattern: Dynamic PV (block volmode)] disruptive [Disruptive] [LinuxOnly] Should test that pv written before kubelet restart is readable after restart." classname="Kubernetes e2e suite" status="skipped" time="0">
              <skipped message="skipped"></skipped>
          </testcase>
          <testcase name="[It] [sig-storage] In-tree Volumes [Driver: azure-file] [Testpattern: Dynamic PV (filesystem volmode)] multiVolume [Slow] should access to two volumes with different volume mode and retain data across pod recreation on different node" classname="Kubernetes e2e suite" status="skipped" time="0">
              <skipped message="skipped"></skipped>
          </testcase>
          <testcase name="[It] [sig-storage] In-tree Volumes [Driver: iscsi] [Feature:Volumes] [Testpattern: Inline-volume (ext4)] volumes should store data" classname="Kubernetes e2e suite" status="skipped" time="0">
              <skipped message="skipped"></skipped>
          </testcase>
          <testcase name="[It] [sig-storage] In-tree Volumes [Driver: cinder] [Testpattern: Dynamic PV (xfs)] [Slow] multiVolume [Slow] should concurrently access the single read-only volume from pods on the same node" classname="Kubernetes e2e suite" status="skipped" time="0">
              <skipped message="skipped"></skipped>
          </testcase>
          <testcase name="[It] [sig-storage] In-tree Volumes [Driver: hostPathSymlink] [Testpattern: Pre-provisioned PV (default fs)] subPath should support creating multiple subpath from same volumes [Slow]" classname="Kubernetes e2e suite" status="skipped" time="0">
              <skipped message="skipped"></skipped>
          </testcase>
          <testcase name="[It] [sig-storage] In-tree Volumes [Driver: cinder] [Testpattern: Dynamic PV (ext4)] volumes should allow exec of files on the volume" classname="Kubernetes e2e suite" status="skipped" time="0">
              <skipped message="skipped"></skipped>
          </testcase>
          <testcase name="[It] [sig-storage] CSI Mock selinux on mount metrics and SELinuxWarningController SELinuxMount metrics [LinuxOnly] [Feature:SELinux] [Serial] warning is bumped on two Pods with a different context on RWO volume [FeatureGate:SELinuxMountReadWriteOncePod] [Beta] [FeatureGate:SELinuxChangePolicy] [Beta] [Feature:SELinuxMountReadWriteOncePodOnly]" classname="Kubernetes e2e suite" status="skipped" time="0">
              <skipped message="skipped"></skipped>
          </testcase>
          <testcase name="[It] [sig-storage] In-tree Volumes [Driver: local] [LocalVolumeType: tmpfs] [Testpattern: Dynamic PV (ext4)] multiVolume [Slow] should concurrently access the volume and restored snapshot from pods on the same node [LinuxOnly] [Feature:VolumeSnapshotDataSource] [Feature:VolumeSourceXFS]" classname="Kubernetes e2e suite" status="skipped" time="0">
              <skipped message="skipped"></skipped>
          </testcase>
          <testcase name="[It] [sig-storage] In-tree Volumes [Driver: local] [LocalVolumeType: tmpfs] [Testpattern: Generic Ephemeral-volume (default fs) (late-binding)] ephemeral should support expansion of pvcs created for ephemeral pvcs" classname="Kubernetes e2e suite" status="skipped" time="0">
              <skipped message="skipped"></skipped>
          </testcase>
          <testcase name="[It] [sig-storage] In-tree Volumes [Driver: vsphere] [Testpattern: Dynamic PV (default fs)] subPath should verify container cannot write to subpath readonly volumes [Slow]" classname="Kubernetes e2e suite" status="skipped" time="0">
              <skipped message="skipped"></skipped>
          </testcase>
          <testcase name="[It] [sig-api-machinery] ValidatingAdmissionPolicy [Privileged:ClusterAdmin] should type check a CRD" classname="Kubernetes e2e suite" status="skipped" time="0">
              <skipped message="skipped"></skipped>
          </testcase>
          <testcase name="[It] [sig-storage] In-tree Volumes [Driver: hostPath] [Testpattern: Dynamic PV (ntfs)] [Feature:Windows] provisioning should provision storage with mount options" classname="Kubernetes e2e suite" status="skipped" time="0">
              <skipped message="skipped"></skipped>
          </testcase>
          <testcase name="[It] [sig-storage] In-tree Volumes [Driver: emptydir] [Testpattern: Dynamic PV (ntfs)] [Feature:Windows] subPath should support non-existent path" classname="Kubernetes e2e suite" status="skipped" time="0">
              <skipped message="skipped"></skipped>
          </testcase>
          <testcase name="[It] [sig-network] Netpol NetworkPolicy between server and client should allow ingress access from namespace on one named port [Feature:NetworkPolicy]" classname="Kubernetes e2e suite" status="skipped" time="0">
              <skipped message="skipped"></skipped>
          </testcase>
          <testcase name="[It] [sig-storage] In-tree Volumes [Driver: local] [LocalVolumeType: dir-link] [Testpattern: Dynamic PV (default fs)] fsgroupchangepolicy (Always)[LinuxOnly], rwop pod created with an initial fsgroup, new pod fsgroup applied to volume contents" classname="Kubernetes e2e suite" status="skipped" time="0">
              <skipped message="skipped"></skipped>
          </testcase>
          <testcase name="[It] [sig-node] kubelet kubectl get --raw &#34;/api/v1/nodes/&lt;insert-node-name-here&gt;/proxy/logs/?query=/&lt;insert-log-file-name-here&gt; [Feature:NodeLogQuery] should return the last three lines of the Microsoft-Windows-Security-SPP logs" classname="Kubernetes e2e suite" status="skipped" time="0">
              <skipped message="skipped"></skipped>
          </testcase>
          <testcase name="[It] [sig-storage] In-tree Volumes [Driver: cinder] [Testpattern: Generic Ephemeral-volume (default fs) (late-binding)] ephemeral should create read/write inline ephemeral volume" classname="Kubernetes e2e suite" status="skipped" time="0">
              <skipped message="skipped"></skipped>
          </testcase>
          <testcase name="[It] [sig-storage] In-tree Volumes [Driver: nfs] [Testpattern: Inline-volume (default fs)] subPath should support non-existent path" classname="Kubernetes e2e suite" status="skipped" time="0">
              <skipped message="skipped"></skipped>
          </testcase>
          <testcase name="[It] [sig-storage] In-tree Volumes [Driver: iscsi] [Feature:Volumes] [Testpattern: Dynamic PV (filesystem volmode)] multiVolume [Slow] should access to two volumes with different volume mode and retain data across pod recreation on different node" classname="Kubernetes e2e suite" status="skipped" time="0">
              <skipped message="skipped"></skipped>
          </testcase>
          <testcase name="[It] [sig-storage] In-tree Volumes [Driver: nfs] [Testpattern: Dynamic PV (block volmode)] provisioning should provision storage with pvc data source in parallel [Slow]" classname="Kubernetes e2e suite" status="skipped" time="0">
              <skipped message="skipped"></skipped>
          </testcase>
          <testcase name="[It] [sig-storage] In-tree Volumes [Driver: local] [LocalVolumeType: gce-localssd-scsi-fs] [Serial] [Testpattern: Dynamic PV (default fs)] subPath should support creating multiple subpath from same volumes [Slow]" classname="Kubernetes e2e suite" status="skipped" time="0">
              <skipped message="skipped"></skipped>
          </testcase>
          <testcase name="[It] [sig-storage] In-tree Volumes [Driver: emptydir] [Testpattern: Generic Ephemeral-volume (block volmode) (late-binding)] ephemeral should support multiple inline ephemeral volumes" classname="Kubernetes e2e suite" status="skipped" time="0">
              <skipped message="skipped"></skipped>
          </testcase>
          <testcase name="[It] [sig-storage] CSI Mock honor pv reclaim policy CSI honor pv reclaim policy using mock driver Dynamic provisioning should honor pv delete reclaim policy when deleting pvc" classname="Kubernetes e2e suite" status="skipped" time="0">
              <skipped message="skipped"></skipped>
          </testcase>
          <testcase name="[It] [sig-storage] CSI Volumes [Driver: csi-hostpath] [Testpattern: Pre-provisioned PV (default fs)] subPath should support existing directories when readOnly specified in the volumeSource" classname="Kubernetes e2e suite" status="skipped" time="0">
              <skipped message="skipped"></skipped>
          </testcase>
          <testcase name="[It] [sig-api-machinery] ResourceQuota [FeatureGate:VolumeAttributesClass] [Beta] [Feature:OffByDefault] should verify ResourceQuota&#39;s volume attributes class scope (quota set to pvc count: 1) against a pvc with different volume attributes class." classname="Kubernetes e2e suite" status="skipped" time="0">
              <skipped message="skipped"></skipped>
          </testcase>
          <testcase name="[It] [sig-storage] In-tree Volumes [Driver: local] [LocalVolumeType: dir] [Testpattern: Dynamic PV (default fs)] provisioning should provision storage with mount options" classname="Kubernetes e2e suite" status="skipped" time="0">
              <skipped message="skipped"></skipped>
          </testcase>
          <testcase name="[It] [sig-storage] In-tree Volumes [Driver: local] [LocalVolumeType: blockfs] [Testpattern: Dynamic PV (default fs)] subPath should support existing directory" classname="Kubernetes e2e suite" status="skipped" time="0">
              <skipped message="skipped"></skipped>
          </testcase>
          <testcase name="[It] [sig-storage] In-tree Volumes [Driver: cinder] [Testpattern: Dynamic PV (xfs)] [Slow] multiVolume [Slow] should access to two volumes with different volume mode and retain data across pod recreation on different node" classname="Kubernetes e2e suite" status="skipped" time="0">
              <skipped message="skipped"></skipped>
          </testcase>
          <testcase name="[It] [sig-cloud-provider-gcp] HA-master [Feature:HAMaster] survive addition/removal replicas same zone [Serial] [Disruptive]" classname="Kubernetes e2e suite" status="skipped" time="0">
              <skipped message="skipped"></skipped>
          </testcase>
          <testcase name="[It] [sig-storage] CSI Mock selinux on mount metrics and SELinuxWarningController SELinuxMount metrics [LinuxOnly] [Feature:SELinux] [Serial] error is bumped on two Pods with a different policy on RWO volume and SELinuxMount enabled (nil + Recursive) [FeatureGate:SELinuxMountReadWriteOncePod] [Beta] [FeatureGate:SELinuxChangePolicy] [Beta] [FeatureGate:SELinuxMount] [Beta] [Feature:OffByDefault]" classname="Kubernetes e2e suite" status="skipped" time="0">
              <skipped message="skipped"></skipped>
          </testcase>
          <testcase name="[It] [sig-storage] In-tree Volumes [Driver: local] [LocalVolumeType: block] [Testpattern: Dynamic PV (ntfs)] [Feature:Windows] provisioning should provision storage with pvc data source" classname="Kubernetes e2e suite" status="skipped" time="0">
              <skipped message="skipped"></skipped>
          </testcase>
          <testcase name="[It] [sig-storage] In-tree Volumes [Driver: vsphere] [Testpattern: Pre-provisioned PV (filesystem volmode)] multiVolume [Slow] should concurrently access the single read-only volume from pods on the same node" classname="Kubernetes e2e suite" status="skipped" time="0">
              <skipped message="skipped"></skipped>
          </testcase>
          <testcase name="[It] [sig-windows] [Feature:Windows] Density [Serial] [Slow] create a batch of pods latency/resource should be within limit when create 10 pods with 0s interval" classname="Kubernetes e2e suite" status="skipped" time="0">
              <skipped message="skipped"></skipped>
          </testcase>
          <testcase name="[It] [sig-storage] In-tree Volumes [Driver: local] [LocalVolumeType: dir-link-bindmounted] [Testpattern: Pre-provisioned PV (filesystem volmode)] disruptive [Disruptive] [LinuxOnly] Should test that pv used in a pod that is force deleted while the kubelet is down is usable by a new pod with a different SELinux context when kubelet returns [Feature:SELinux]" classname="Kubernetes e2e suite" status="skipped" time="0">
              <skipped message="skipped"></skipped>
          </testcase>
          <testcase name="[It] [sig-storage] In-tree Volumes [Driver: emptydir] [Testpattern: Dynamic PV (ext4)] volumes should allow exec of files on the volume" classname="Kubernetes e2e suite" status="skipped" time="0">
              <skipped message="skipped"></skipped>
          </testcase>
          <testcase name="[It] [sig-storage] In-tree Volumes [Driver: local] [LocalVolumeType: dir] [Testpattern: Dynamic PV (ext4)] multiVolume [Slow] should concurrently access the volume and its clone from pods on the same node [LinuxOnly] [Feature:VolumeSourceXFS]" classname="Kubernetes e2e suite" status="skipped" time="0">
              <skipped message="skipped"></skipped>
          </testcase>
          <testcase name="[It] [sig-storage] CSI Volumes [Driver: csi-hostpath] [Testpattern: CSI Ephemeral-volume (default fs)] ephemeral should create read/write inline ephemeral volume" classname="Kubernetes e2e suite" status="skipped" time="0">
              <skipped message="skipped"></skipped>
          </testcase>
          <testcase name="[It] [sig-apps] DaemonRestart [Disruptive] Scheduler should continue assigning pods to nodes across restart" classname="Kubernetes e2e suite" status="skipped" time="0">
              <skipped message="skipped"></skipped>
          </testcase>
          <testcase name="[It] [sig-storage] In-tree Volumes [Driver: nfs] [Testpattern: Dynamic PV (block volmode)] volumeMode should fail in binding dynamic provisioned PV to PVC [Slow] [LinuxOnly]" classname="Kubernetes e2e suite" status="skipped" time="0">
              <skipped message="skipped"></skipped>
          </testcase>
          <testcase name="[It] [sig-storage] In-tree Volumes [Driver: hostPathSymlink] [Testpattern: Dynamic PV (block volmode)(allowExpansion)] volume-expand should resize volume when PVC is edited while pod is using it" classname="Kubernetes e2e suite" status="skipped" time="0">
              <skipped message="skipped"></skipped>
          </testcase>
          <testcase name="[It] [sig-storage] In-tree Volumes [Driver: local] [LocalVolumeType: blockfs] [Testpattern: Dynamic PV (default fs)] subPath should unmount if pod is force deleted while kubelet is down [Disruptive] [Slow] [LinuxOnly]" classname="Kubernetes e2e suite" status="skipped" time="0">
              <skipped message="skipped"></skipped>
          </testcase>
          <testcase name="[It] [sig-storage] HostPathType File [Slow] Should fail on mounting file &#39;afile&#39; when HostPathType is HostPathDirectory" classname="Kubernetes e2e suite" status="skipped" time="0">
              <skipped message="skipped"></skipped>
          </testcase>
          <testcase name="[It] [sig-storage] In-tree Volumes [Driver: vsphere] [Testpattern: Pre-provisioned PV (block volmode)] disruptive [Disruptive] [LinuxOnly] Should test that pv written before kubelet restart is readable after restart." classname="Kubernetes e2e suite" status="skipped" time="0">
              <skipped message="skipped"></skipped>
          </testcase>
          <testcase name="[It] [sig-storage] In-tree Volumes [Driver: local] [LocalVolumeType: block] [Testpattern: Dynamic PV (default fs)] subPath should unmount if pod is force deleted while kubelet is down [Disruptive] [Slow] [LinuxOnly]" classname="Kubernetes e2e suite" status="skipped" time="0">
              <skipped message="skipped"></skipped>
          </testcase>
          <testcase name="[It] [sig-storage] In-tree Volumes [Driver: cinder] [Testpattern: Inline-volume (default fs)] volumes should allow exec of files on the volume" classname="Kubernetes e2e suite" status="skipped" time="0">
              <skipped message="skipped"></skipped>
          </testcase>
          <testcase name="[It] [sig-storage] In-tree Volumes [Driver: local] [LocalVolumeType: dir-link] [Testpattern: Dynamic PV (default fs)] subPath should support non-existent path" classname="Kubernetes e2e suite" status="skipped" time="0">
              <skipped message="skipped"></skipped>
          </testcase>
          <testcase name="[It] [sig-storage] In-tree Volumes [Driver: vsphere] [Testpattern: Pre-provisioned PV (filesystem volmode)] multiVolume [Slow] should concurrently access the volume and its clone from pods on the same node [LinuxOnly] [Feature:VolumeSourceXFS]" classname="Kubernetes e2e suite" status="skipped" time="0">
              <skipped message="skipped"></skipped>
          </testcase>
          <testcase name="[It] [sig-node] kubelet Clean up pods on node kubelet should be able to delete 10 pods per node in 1m0s." classname="Kubernetes e2e suite" status="skipped" time="0">
              <skipped message="skipped"></skipped>
          </testcase>
          <testcase name="[It] [sig-storage] In-tree Volumes [Driver: local] [LocalVolumeType: dir-link-bindmounted] [Testpattern: Dynamic PV (delayed binding)] topology should fail to schedule a pod which has topologies that conflict with AllowedTopologies" classname="Kubernetes e2e suite" status="skipped" time="0">
              <skipped message="skipped"></skipped>
          </testcase>
          <testcase name="[It] [sig-storage] CSI Volumes [Driver: pd.csi.storage.gke.io] [Serial] [Testpattern: Dynamic PV (ntfs)] [Feature:Windows] volume-modify [FeatureGate:VolumeAttributesClass] [Beta] [Feature:OffByDefault] should create a volume with VAC" classname="Kubernetes e2e suite" status="skipped" time="0">
              <skipped message="skipped"></skipped>
          </testcase>
          <testcase name="[It] [sig-node] Probing container should *not* be restarted by liveness probe because startup probe delays it" classname="Kubernetes e2e suite" status="skipped" time="0">
              <skipped message="skipped"></skipped>
          </testcase>
          <testcase name="[It] [sig-storage] In-tree Volumes [Driver: iscsi] [Feature:Volumes] [Testpattern: Pre-provisioned PV (default fs)] volumes should allow exec of files on the volume" classname="Kubernetes e2e suite" status="skipped" time="0">
              <skipped message="skipped"></skipped>
          </testcase>
          <testcase name="[It] [sig-storage] In-tree Volumes [Driver: iscsi] [Feature:Volumes] [Testpattern: Dynamic PV (default fs)] subPath should support non-existent path" classname="Kubernetes e2e suite" status="skipped" time="0">
              <skipped message="skipped"></skipped>
          </testcase>
          <testcase name="[It] [sig-node] DRA [Feature:DynamicResourceAllocation] [FeatureGate:DynamicResourceAllocation] [Beta] [Feature:OffByDefault] on single node supports sharing a claim concurrently" classname="Kubernetes e2e suite" status="skipped" time="0">
              <skipped message="skipped"></skipped>
          </testcase>
          <testcase name="[It] [sig-storage] In-tree Volumes [Driver: local] [LocalVolumeType: dir-bindmounted] [Testpattern: Dynamic PV (default fs)] provisioning should provision storage with pvc data source in parallel [Slow]" classname="Kubernetes e2e suite" status="skipped" time="0">
              <skipped message="skipped"></skipped>
          </testcase>
          <testcase name="[It] [sig-storage] In-tree Volumes [Driver: local] [LocalVolumeType: dir-bindmounted] [Testpattern: Dynamic PV (default fs)] subPath should support existing directories when readOnly specified in the volumeSource" classname="Kubernetes e2e suite" status="skipped" time="0">
              <skipped message="skipped"></skipped>
          </testcase>
          <testcase name="[It] [sig-storage] In-tree Volumes [Driver: local] [LocalVolumeType: gce-localssd-scsi-fs] [Serial] [Testpattern: Pre-provisioned PV (default fs)] subPath should fail if subpath with backstepping is outside the volume [Slow] [LinuxOnly]" classname="Kubernetes e2e suite" status="skipped" time="0">
              <skipped message="skipped"></skipped>
          </testcase>
          <testcase name="[It] [sig-storage] In-tree Volumes [Driver: emptydir] [Testpattern: Dynamic PV (default fs)] volume-stress multiple pods should access different volumes repeatedly [Slow] [Serial]" classname="Kubernetes e2e suite" status="skipped" time="0">
              <skipped message="skipped"></skipped>
          </testcase>
          <testcase name="[It] [sig-storage] In-tree Volumes [Driver: vsphere] [Testpattern: Dynamic PV (ntfs)] [Feature:Windows] subPath should be able to unmount after the subpath directory is deleted [LinuxOnly]" classname="Kubernetes e2e suite" status="skipped" time="0">
              <skipped message="skipped"></skipped>
          </testcase>
          <testcase name="[It] [sig-storage] In-tree Volumes [Driver: azure-disk] [Testpattern: Dynamic PV (block volmode)] multiVolume [Slow] should concurrently access the single volume from pods on different node" classname="Kubernetes e2e suite" status="skipped" time="0">
              <skipped message="skipped"></skipped>
          </testcase>
          <testcase name="[It] [sig-network] Services should be able to change the type from ExternalName to NodePort [Conformance]" classname="Kubernetes e2e suite" status="passed" time="4.491390715"></testcase>
          <testcase name="[It] [sig-storage] In-tree Volumes [Driver: local] [LocalVolumeType: tmpfs] [Testpattern: Pre-provisioned PV (filesystem volmode)] multiVolume [Slow] should access to two volumes with the same volume mode and retain data across pod recreation on the same node" classname="Kubernetes e2e suite" status="skipped" time="0">
              <skipped message="skipped"></skipped>
          </testcase>
          <testcase name="[It] [sig-storage] In-tree Volumes [Driver: local] [LocalVolumeType: dir-bindmounted] [Testpattern: Dynamic PV (xfs)] [Slow] multiVolume [Slow] should access to two volumes with the same volume mode and retain data across pod recreation on different node" classname="Kubernetes e2e suite" status="skipped" time="0">
              <skipped message="skipped"></skipped>
          </testcase>
          <testcase name="[It] [sig-node] Security Context should support seccomp default which is unconfined [LinuxOnly]" classname="Kubernetes e2e suite" status="skipped" time="0">
              <skipped message="skipped"></skipped>
          </testcase>
          <testcase name="[It] [sig-storage] In-tree Volumes [Driver: local] [LocalVolumeType: dir-bindmounted] [Testpattern: Dynamic PV (filesystem volmode)] disruptive [Disruptive] [LinuxOnly] Should test that pv used in a pod that is force deleted while the kubelet is down is usable by a new pod when kubelet returns [Feature:SELinux]" classname="Kubernetes e2e suite" status="skipped" time="0">
              <skipped message="skipped"></skipped>
          </testcase>
          <testcase name="[It] [sig-storage] In-tree Volumes [Driver: azure-file] [Testpattern: Pre-provisioned PV (default fs)] subPath should support existing directories when readOnly specified in the volumeSource" classname="Kubernetes e2e suite" status="skipped" time="0">
              <skipped message="skipped"></skipped>
          </testcase>
          <testcase name="[It] [sig-storage] In-tree Volumes [Driver: local] [LocalVolumeType: dir-bindmounted] [Testpattern: Dynamic PV (filesystem volmode)] disruptive [Disruptive] [LinuxOnly] Should test that pv used in a pod that is deleted while the kubelet is down is usable by a new pod when kubelet returns [Feature:SELinux]" classname="Kubernetes e2e suite" status="skipped" time="0">
              <skipped message="skipped"></skipped>
          </testcase>
          <testcase name="[It] [sig-storage] In-tree Volumes [Driver: emptydir] [Testpattern: Dynamic PV (ntfs)] [Feature:Windows] subPath should fail if subpath with backstepping is outside the volume [Slow] [LinuxOnly]" classname="Kubernetes e2e suite" status="skipped" time="0">
              <skipped message="skipped"></skipped>
          </testcase>
          <testcase name="[It] [sig-storage] CSI Volumes [Driver: pd.csi.storage.gke.io] [Serial] [Testpattern: Inline-volume (xfs)] [Slow] volumes should allow exec of files on the volume" classname="Kubernetes e2e suite" status="skipped" time="0">
              <skipped message="skipped"></skipped>
          </testcase>
          <testcase name="[It] [sig-storage] Secrets Should fail non-optional pod creation due to the key in the secret object does not exist [Slow]" classname="Kubernetes e2e suite" status="skipped" time="0">
              <skipped message="skipped"></skipped>
          </testcase>
          <testcase name="[It] [sig-storage] In-tree Volumes [Driver: azure-disk] [Testpattern: Generic Ephemeral-volume (default fs) (immediate-binding)] ephemeral should support two pods which have the same volume definition" classname="Kubernetes e2e suite" status="skipped" time="0">
              <skipped message="skipped"></skipped>
          </testcase>
          <testcase name="[It] [sig-storage] In-tree Volumes [Driver: local] [LocalVolumeType: dir-link] [Testpattern: Dynamic PV (block volmode)] multiVolume [Slow] should concurrently access the single volume from pods on the same node" classname="Kubernetes e2e suite" status="skipped" time="0">
              <skipped message="skipped"></skipped>
          </testcase>
          <testcase name="[It] [sig-storage] In-tree Volumes [Driver: emptydir] [Testpattern: Dynamic PV (ntfs)] [Feature:Windows] subPath should support restarting containers using directory as subpath [Slow]" classname="Kubernetes e2e suite" status="skipped" time="0">
              <skipped message="skipped"></skipped>
          </testcase>
          <testcase name="[It] [sig-api-machinery] Etcd failure [Disruptive] should recover from network partition with master" classname="Kubernetes e2e suite" status="skipped" time="0">
              <skipped message="skipped"></skipped>
          </testcase>
          <testcase name="[It] [sig-storage] In-tree Volumes [Driver: hostPathSymlink] [Testpattern: Generic Ephemeral-volume (default fs) (immediate-binding)] ephemeral should support two pods which have the same volume definition" classname="Kubernetes e2e suite" status="skipped" time="0">
              <skipped message="skipped"></skipped>
          </testcase>
          <testcase name="[It] [sig-storage] In-tree Volumes [Driver: local] [LocalVolumeType: dir-bindmounted] [Testpattern: Dynamic PV (filesystem volmode)] multiVolume [Slow] should concurrently access the volume and restored snapshot from pods on the same node [LinuxOnly] [Feature:VolumeSnapshotDataSource] [Feature:VolumeSourceXFS]" classname="Kubernetes e2e suite" status="skipped" time="0">
              <skipped message="skipped"></skipped>
          </testcase>
          <testcase name="[It] [sig-storage] In-tree Volumes [Driver: local] [LocalVolumeType: block] [Testpattern: Inline-volume (ntfs)] [Feature:Windows] volumes should store data" classname="Kubernetes e2e suite" status="skipped" time="0">
              <skipped message="skipped"></skipped>
          </testcase>
          <testcase name="[It] [sig-storage] CSI Volumes [Driver: csi-hostpath] [Testpattern: Dynamic PV (ntfs)] [Feature:Windows] subPath should support existing single file [LinuxOnly]" classname="Kubernetes e2e suite" status="skipped" time="0">
              <skipped message="skipped"></skipped>
          </testcase>
          <testcase name="[It] [sig-storage] In-tree Volumes [Driver: local] [LocalVolumeType: blockfs] [Testpattern: Dynamic PV (ntfs)] [Feature:Windows] volumes should store data" classname="Kubernetes e2e suite" status="skipped" time="0">
              <skipped message="skipped"></skipped>
          </testcase>
          <testcase name="[It] [sig-storage] In-tree Volumes [Driver: emptydir] [Testpattern: Dynamic PV (default fs)(allowExpansion)] volume-expand Verify if offline PVC expansion works" classname="Kubernetes e2e suite" status="skipped" time="0">
              <skipped message="skipped"></skipped>
          </testcase>
          <testcase name="[It] [sig-storage] In-tree Volumes [Driver: iscsi] [Feature:Volumes] [Testpattern: Dynamic PV (default fs)] subPath should support restarting containers using file as subpath [Slow] [LinuxOnly]" classname="Kubernetes e2e suite" status="skipped" time="0">
              <skipped message="skipped"></skipped>
          </testcase>
          <testcase name="[It] [sig-network] Netpol NetworkPolicy between server and client should enforce policy based on NamespaceSelector with MatchExpressions [Feature:NetworkPolicy]" classname="Kubernetes e2e suite" status="skipped" time="0">
              <skipped message="skipped"></skipped>
          </testcase>
          <testcase name="[It] [sig-storage] In-tree Volumes [Driver: emptydir] [Testpattern: Dynamic PV (ntfs)] [Feature:Windows] subPath should support creating multiple subpath from same volumes [Slow]" classname="Kubernetes e2e suite" status="skipped" time="0">
              <skipped message="skipped"></skipped>
          </testcase>
          <testcase name="[It] [sig-storage] In-tree Volumes [Driver: local] [LocalVolumeType: gce-localssd-scsi-fs] [Serial] [Testpattern: Pre-provisioned PV (block volmode)] multiVolume [Slow] should concurrently access the single volume from pods on the same node" classname="Kubernetes e2e suite" status="skipped" time="0">
              <skipped message="skipped"></skipped>
          </testcase>
          <testcase name="[It] [sig-storage] CSI Mock selinux on mount SELinuxMount [LinuxOnly] [Feature:SELinux] should unstage RWO volume when starting a second pod with different SELinux context [FeatureGate:SELinuxMountReadWriteOncePod] [Beta] [FeatureGate:SELinuxMount] [Beta] [Feature:OffByDefault]" classname="Kubernetes e2e suite" status="skipped" time="0">
              <skipped message="skipped"></skipped>
          </testcase>
          <testcase name="[It] [sig-storage] In-tree Volumes [Driver: iscsi] [Feature:Volumes] [Testpattern: Generic Ephemeral-volume (default fs) (immediate-binding)] ephemeral should create read/write inline ephemeral volume" classname="Kubernetes e2e suite" status="skipped" time="0">
              <skipped message="skipped"></skipped>
          </testcase>
          <testcase name="[It] [sig-apps] StatefulSet Non-retain StatefulSetPersistentVolumeClaimPolicy should delete PVCs with a OnScaledown policy" classname="Kubernetes e2e suite" status="skipped" time="0">
              <skipped message="skipped"></skipped>
          </testcase>
          <testcase name="[It] [sig-storage] CSI Mock volume fsgroup policies CSI FSGroupPolicy Update [LinuxOnly] should not update fsGroup if update from detault to None" classname="Kubernetes e2e suite" status="skipped" time="0">
              <skipped message="skipped"></skipped>
          </testcase>
          <testcase name="[It] [sig-storage] In-tree Volumes [Driver: local] [LocalVolumeType: block] [Testpattern: Dynamic PV (ntfs)] [Feature:Windows] subPath should support non-existent path" classname="Kubernetes e2e suite" status="skipped" time="0">
              <skipped message="skipped"></skipped>
          </testcase>
          <testcase name="[It] [sig-storage] In-tree Volumes [Driver: local] [LocalVolumeType: dir-link-bindmounted] [Testpattern: Dynamic PV (ntfs)] [Feature:Windows] subPath should fail if subpath with backstepping is outside the volume [Slow] [LinuxOnly]" classname="Kubernetes e2e suite" status="skipped" time="0">
              <skipped message="skipped"></skipped>
          </testcase>
          <testcase name="[It] [sig-storage] In-tree Volumes [Driver: local] [LocalVolumeType: blockfs] [Testpattern: Dynamic PV (default fs)] fsgroupchangepolicy (OnRootMismatch)[LinuxOnly], pod created with an initial fsgroup, new pod fsgroup applied to volume contents" classname="Kubernetes e2e suite" status="skipped" time="0">
              <skipped message="skipped"></skipped>
          </testcase>
          <testcase name="[It] [sig-storage] In-tree Volumes [Driver: hostPathSymlink] [Testpattern: Dynamic PV (ntfs)] [Feature:Windows] provisioning should provision storage with pvc data source in parallel [Slow]" classname="Kubernetes e2e suite" status="skipped" time="0">
              <skipped message="skipped"></skipped>
          </testcase>
          <testcase name="[It] [sig-storage] In-tree Volumes [Driver: nfs] [Testpattern: Dynamic PV (ntfs)] [Feature:Windows] subPath should support restarting containers using file as subpath [Slow] [LinuxOnly]" classname="Kubernetes e2e suite" status="skipped" time="0">
              <skipped message="skipped"></skipped>
          </testcase>
          <testcase name="[It] [sig-storage] CSI Volumes [Driver: pd.csi.storage.gke.io] [Serial] [Testpattern: Dynamic PV (ext4)] multiVolume [Slow] should access to two volumes with the same volume mode and retain data across pod recreation on different node" classname="Kubernetes e2e suite" status="skipped" time="0">
              <skipped message="skipped"></skipped>
          </testcase>
          <testcase name="[It] [sig-storage] CSI Volumes [Driver: csi-hostpath] [Testpattern: Dynamic PV (default fs)] subPath should fail if non-existent subpath is outside the volume [Slow] [LinuxOnly]" classname="Kubernetes e2e suite" status="skipped" time="0">
              <skipped message="skipped"></skipped>
          </testcase>
          <testcase name="[It] [sig-storage] In-tree Volumes [Driver: local] [LocalVolumeType: dir-link-bindmounted] [Testpattern: Generic Ephemeral-volume (default fs) (immediate-binding)] ephemeral should support expansion of pvcs created for ephemeral pvcs" classname="Kubernetes e2e suite" status="skipped" time="0">
              <skipped message="skipped"></skipped>
          </testcase>
          <testcase name="[It] [sig-storage] In-tree Volumes [Driver: hostPath] [Testpattern: Dynamic PV (default fs)] provisioning should provision storage with snapshot data source (ROX mode) [Feature:VolumeSnapshotDataSource]" classname="Kubernetes e2e suite" status="skipped" time="0">
              <skipped message="skipped"></skipped>
          </testcase>
          <testcase name="[It] [sig-storage] In-tree Volumes [Driver: nfs] [Testpattern: Pre-provisioned PV (block volmode)] volumeMode should fail to create pod by failing to mount volume [Slow]" classname="Kubernetes e2e suite" status="skipped" time="0">
              <skipped message="skipped"></skipped>
          </testcase>
          <testcase name="[It] [sig-storage] CSI Volumes [Driver: csi-hostpath] [Testpattern: Inline-volume (default fs)] subPath should fail if subpath directory is outside the volume [Slow] [LinuxOnly]" classname="Kubernetes e2e suite" status="skipped" time="0">
              <skipped message="skipped"></skipped>
          </testcase>
          <testcase name="[It] [sig-storage] In-tree Volumes [Driver: local] [LocalVolumeType: blockfs] [Testpattern: Pre-provisioned PV (default fs)] subPath should support readOnly file specified in the volumeMount [LinuxOnly]" classname="Kubernetes e2e suite" status="skipped" time="0">
              <skipped message="skipped"></skipped>
          </testcase>
          <testcase name="[It] [sig-storage] In-tree Volumes [Driver: azure-disk] [Testpattern: Generic Ephemeral-volume (block volmode) (late-binding)] ephemeral should support multiple inline ephemeral volumes" classname="Kubernetes e2e suite" status="skipped" time="0">
              <skipped message="skipped"></skipped>
          </testcase>
          <testcase name="[It] [sig-storage] In-tree Volumes [Driver: local] [LocalVolumeType: gce-localssd-scsi-fs] [Serial] [Testpattern: Dynamic PV (filesystem volmode)] multiVolume [Slow] should access to two volumes with the same volume mode and retain data across pod recreation on different node" classname="Kubernetes e2e suite" status="skipped" time="0">
              <skipped message="skipped"></skipped>
          </testcase>
          <testcase name="[It] [sig-api-machinery] Namespaces [Serial] should ensure that all services are removed when a namespace is deleted [Conformance]" classname="Kubernetes e2e suite" status="passed" time="6.073321343"></testcase>
          <testcase name="[It] [sig-storage] PersistentVolumes-local [Volume type: dir-bindmounted] One pod requesting one prebound PVC should be able to mount volume and write from pod1" classname="Kubernetes e2e suite" status="skipped" time="0">
              <skipped message="skipped"></skipped>
          </testcase>
          <testcase name="[It] [sig-storage] In-tree Volumes [Driver: azure-file] [Testpattern: Dynamic PV (ext4)] multiVolume [Slow] should access to two volumes with different volume mode and retain data across pod recreation on the same node" classname="Kubernetes e2e suite" status="skipped" time="0">
              <skipped message="skipped"></skipped>
          </testcase>
          <testcase name="[It] [sig-storage] In-tree Volumes [Driver: hostPathSymlink] [Testpattern: Pre-provisioned PV (filesystem volmode)] multiVolume [Slow] should access to two volumes with different volume mode and retain data across pod recreation on different node" classname="Kubernetes e2e suite" status="skipped" time="0">
              <skipped message="skipped"></skipped>
          </testcase>
          <testcase name="[It] [sig-node] Security Context SupplementalGroupsPolicy [LinuxOnly] [Feature:SupplementalGroupsPolicy] [FeatureGate:SupplementalGroupsPolicy] [Beta] when SupplementalGroupsPolicy was set to Merge in PodSpec when the container&#39;s primary UID belongs to some groups in the image when scheduled node does not support SupplementalGroupsPolicy it should add SupplementalGroups to them [LinuxOnly]" classname="Kubernetes e2e suite" status="skipped" time="0">
              <skipped message="skipped"></skipped>
          </testcase>
          <testcase name="[It] [sig-storage] In-tree Volumes [Driver: local] [LocalVolumeType: block] [Testpattern: Pre-provisioned PV (default fs)] subPath should support restarting containers using file as subpath [Slow] [LinuxOnly]" classname="Kubernetes e2e suite" status="skipped" time="0">
              <skipped message="skipped"></skipped>
          </testcase>
          <testcase name="[It] [sig-storage] In-tree Volumes [Driver: iscsi] [Feature:Volumes] [Testpattern: Dynamic PV (default fs)] subPath should unmount if pod is gracefully deleted while kubelet is down [Disruptive] [Slow] [LinuxOnly]" classname="Kubernetes e2e suite" status="skipped" time="0">
              <skipped message="skipped"></skipped>
          </testcase>
          <testcase name="[It] [sig-storage] In-tree Volumes [Driver: local] [LocalVolumeType: dir] [Testpattern: Dynamic PV (block volmode)] volume-expand should not allow expansion of pvcs without AllowVolumeExpansion property" classname="Kubernetes e2e suite" status="skipped" time="0">
              <skipped message="skipped"></skipped>
          </testcase>
          <testcase name="[It] [sig-storage] In-tree Volumes [Driver: local] [LocalVolumeType: tmpfs] [Testpattern: Inline-volume (default fs)] subPath should support file as subpath [LinuxOnly]" classname="Kubernetes e2e suite" status="skipped" time="0">
              <skipped message="skipped"></skipped>
          </testcase>
          <testcase name="[It] [sig-storage] In-tree Volumes [Driver: iscsi] [Feature:Volumes] [Testpattern: Pre-provisioned PV (default fs)] subPath should fail if subpath file is outside the volume [Slow] [LinuxOnly]" classname="Kubernetes e2e suite" status="skipped" time="0">
              <skipped message="skipped"></skipped>
          </testcase>
          <testcase name="[It] [sig-storage] CSI Volumes [Driver: pd.csi.storage.gke.io] [Serial] [Testpattern: Pre-provisioned PV (ext4)] volumes should store data" classname="Kubernetes e2e suite" status="skipped" time="0">
              <skipped message="skipped"></skipped>
          </testcase>
          <testcase name="[It] [sig-storage] Downward API volume should provide container&#39;s memory limit [NodeConformance] [Conformance]" classname="Kubernetes e2e suite" status="passed" time="4.069434436"></testcase>
          <testcase name="[It] [sig-storage] In-tree Volumes [Driver: local] [LocalVolumeType: tmpfs] [Testpattern: Inline-volume (ext3)] volumes should allow exec of files on the volume" classname="Kubernetes e2e suite" status="skipped" time="0">
              <skipped message="skipped"></skipped>
          </testcase>
          <testcase name="[It] [sig-node] Downward API should provide default limits.cpu/memory from node allocatable [NodeConformance] [Conformance]" classname="Kubernetes e2e suite" status="passed" time="4.071902444"></testcase>
          <testcase name="[It] [sig-storage] In-tree Volumes [Driver: local] [LocalVolumeType: dir-link] [Testpattern: Dynamic PV (ntfs)] [Feature:Windows] subPath should verify container cannot write to subpath readonly volumes [Slow]" classname="Kubernetes e2e suite" status="skipped" time="0">
              <skipped message="skipped"></skipped>
          </testcase>
          <testcase name="[It] [sig-storage] CSI Volumes [Driver: csi-hostpath] [Testpattern: Dynamic PV (block volmode)] disruptive [Disruptive] [LinuxOnly] Should test that pv used in a pod that is deleted while the kubelet is down cleans up when the kubelet returns." classname="Kubernetes e2e suite" status="skipped" time="0">
              <skipped message="skipped"></skipped>
          </testcase>
          <testcase name="[It] [sig-network] EndpointSlice should support a Service with multiple ports specified in multiple EndpointSlices" classname="Kubernetes e2e suite" status="skipped" time="0">
              <skipped message="skipped"></skipped>
          </testcase>
          <testcase name="[It] [sig-storage] CSI Volumes [Driver: csi-hostpath] [Testpattern: Dynamic PV (ntfs)] [Feature:Windows] subPath should support creating multiple subpath from same volumes [Slow]" classname="Kubernetes e2e suite" status="skipped" time="0">
              <skipped message="skipped"></skipped>
          </testcase>
          <testcase name="[It] [sig-storage] In-tree Volumes [Driver: local] [LocalVolumeType: dir] [Testpattern: Dynamic PV (block volmode)] provisioning should provision storage with snapshot data source (ROX mode) [Feature:VolumeSnapshotDataSource]" classname="Kubernetes e2e suite" status="skipped" time="0">
              <skipped message="skipped"></skipped>
          </testcase>
          <testcase name="[It] [sig-storage] In-tree Volumes [Driver: local] [LocalVolumeType: dir-link] [Testpattern: Dynamic PV (ntfs)] [Feature:Windows] provisioning should mount multiple PV pointing to the same storage on the same node" classname="Kubernetes e2e suite" status="skipped" time="0">
              <skipped message="skipped"></skipped>
          </testcase>
          <testcase name="[It] [sig-storage] In-tree Volumes [Driver: local] [LocalVolumeType: gce-localssd-scsi-fs] [Serial] [Testpattern: Generic Ephemeral-volume (block volmode) (late-binding)] ephemeral should create read/write inline ephemeral volume" classname="Kubernetes e2e suite" status="skipped" time="0">
              <skipped message="skipped"></skipped>
          </testcase>
          <testcase name="[It] [sig-storage] In-tree Volumes [Driver: local] [LocalVolumeType: dir-link-bindmounted] [Testpattern: Dynamic PV (default fs)] provisioning should provision storage with any volume data source [Serial]" classname="Kubernetes e2e suite" status="skipped" time="0">
              <skipped message="skipped"></skipped>
          </testcase>
          <testcase name="[It] [sig-cli] Kubectl client Simple pod should support exec through an HTTP proxy" classname="Kubernetes e2e suite" status="skipped" time="0">
              <skipped message="skipped"></skipped>
          </testcase>
          <testcase name="[It] [sig-storage] CSI Volumes [Driver: pd.csi.storage.gke.io] [Serial] [Testpattern: Dynamic PV (ntfs)] [Feature:Windows] subPath should support existing single file [LinuxOnly]" classname="Kubernetes e2e suite" status="skipped" time="0">
              <skipped message="skipped"></skipped>
          </testcase>
          <testcase name="[It] [sig-storage] In-tree Volumes [Driver: local] [LocalVolumeType: tmpfs] [Testpattern: Dynamic PV (ext3)] volumes should store data" classname="Kubernetes e2e suite" status="skipped" time="0">
              <skipped message="skipped"></skipped>
          </testcase>
          <testcase name="[It] [sig-storage] In-tree Volumes [Driver: hostPath] [Testpattern: Dynamic PV (ntfs)] [Feature:Windows] multiVolume [Slow] should access to two volumes with different volume mode and retain data across pod recreation on the same node" classname="Kubernetes e2e suite" status="skipped" time="0">
              <skipped message="skipped"></skipped>
          </testcase>
          <testcase name="[It] [sig-storage] Dynamic Provisioning DynamicProvisioner [Slow] [Feature:StorageProvider] should test that deleting a claim before the volume is provisioned deletes the volume." classname="Kubernetes e2e suite" status="skipped" time="0">
              <skipped message="skipped"></skipped>
          </testcase>
          <testcase name="[It] [sig-storage] In-tree Volumes [Driver: cinder] [Testpattern: Dynamic PV (xfs)] [Slow] multiVolume [Slow] should concurrently access the volume and its clone from pods on the same node [LinuxOnly] [Feature:VolumeSourceXFS]" classname="Kubernetes e2e suite" status="skipped" time="0">
              <skipped message="skipped"></skipped>
          </testcase>
          <testcase name="[It] [sig-storage] CSI Volumes [Driver: pd.csi.storage.gke.io] [Serial] [Testpattern: Dynamic PV (default fs)] subPath should support existing directory" classname="Kubernetes e2e suite" status="skipped" time="0">
              <skipped message="skipped"></skipped>
          </testcase>
          <testcase name="[It] [sig-storage] In-tree Volumes [Driver: nfs] [Testpattern: Dynamic PV (ntfs)] [Feature:Windows] subPath should support restarting containers using directory as subpath [Slow]" classname="Kubernetes e2e suite" status="skipped" time="0">
              <skipped message="skipped"></skipped>
          </testcase>
          <testcase name="[It] [sig-storage] In-tree Volumes [Driver: local] [LocalVolumeType: dir-link] [Testpattern: Dynamic PV (filesystem volmode)] multiVolume [Slow] should access to two volumes with different volume mode and retain data across pod recreation on the same node" classname="Kubernetes e2e suite" status="skipped" time="0">
              <skipped message="skipped"></skipped>
          </testcase>
          <testcase name="[It] [sig-storage] CSI Volumes [Driver: csi-hostpath] [Testpattern: Dynamic PV (default fs)] subPath should support restarting containers using directory as subpath [Slow]" classname="Kubernetes e2e suite" status="skipped" time="0">
              <skipped message="skipped"></skipped>
          </testcase>
          <testcase name="[It] [sig-storage] CSI Mock honor pv reclaim policy CSI honor pv reclaim policy using mock driver Static provisioning should honor pv delete reclaim policy when deleting pvc" classname="Kubernetes e2e suite" status="skipped" time="0">
              <skipped message="skipped"></skipped>
          </testcase>
          <testcase name="[It] [sig-node] Pods Extended Pods Set QOS Class should be set on Pods with matching resource requests and limits for memory and cpu [Conformance]" classname="Kubernetes e2e suite" status="passed" time="0.100622192"></testcase>
          <testcase name="[It] [sig-storage] In-tree Volumes [Driver: nfs] [Testpattern: Pre-provisioned PV (default fs)] subPath should support readOnly file specified in the volumeMount [LinuxOnly]" classname="Kubernetes e2e suite" status="skipped" time="0">
              <skipped message="skipped"></skipped>
          </testcase>
          <testcase name="[It] [sig-storage] In-tree Volumes [Driver: local] [LocalVolumeType: dir] [Testpattern: Dynamic PV (ntfs)(allowExpansion)] [Feature:Windows] volume-expand Verify if offline PVC expansion works" classname="Kubernetes e2e suite" status="skipped" time="0">
              <skipped message="skipped"></skipped>
          </testcase>
          <testcase name="[It] [sig-storage] CSI Volumes [Driver: csi-hostpath] [Testpattern: Dynamic PV (default fs)] provisioning should provision storage with any volume data source [Serial]" classname="Kubernetes e2e suite" status="skipped" time="0">
              <skipped message="skipped"></skipped>
          </testcase>
          <testcase name="[It] [sig-apps] Job should create pods for an Indexed job with completion indexes and specified hostname [Conformance]" classname="Kubernetes e2e suite" status="passed" time="8.063450764"></testcase>
          <testcase name="[It] [sig-storage] In-tree Volumes [Driver: local] [LocalVolumeType: dir-bindmounted] [Testpattern: Generic Ephemeral-volume (default fs) (immediate-binding)] ephemeral should create read/write inline ephemeral volume" classname="Kubernetes e2e suite" status="skipped" time="0">
              <skipped message="skipped"></skipped>
          </testcase>
          <testcase name="[It] [sig-storage] CSI Volumes [Driver: csi-hostpath] [Testpattern: Dynamic PV (ntfs)] [Feature:Windows] provisioning should provision correct filesystem size when restoring snapshot to larger size pvc [Feature:VolumeSnapshotDataSource]" classname="Kubernetes e2e suite" status="skipped" time="0">
              <skipped message="skipped"></skipped>
          </testcase>
          <testcase name="[It] [sig-storage] In-tree Volumes [Driver: local] [LocalVolumeType: blockfs] [Testpattern: Pre-provisioned PV (default fs)] subPath should be able to unmount after the subpath directory is deleted [LinuxOnly]" classname="Kubernetes e2e suite" status="skipped" time="0">
              <skipped message="skipped"></skipped>
          </testcase>
          <testcase name="[It] [sig-storage] In-tree Volumes [Driver: iscsi] [Feature:Volumes] [Testpattern: Pre-provisioned PV (block volmode)] volumes should store data" classname="Kubernetes e2e suite" status="skipped" time="0">
              <skipped message="skipped"></skipped>
          </testcase>
          <testcase name="[It] [sig-storage] In-tree Volumes [Driver: local] [LocalVolumeType: dir-bindmounted] [Testpattern: Pre-provisioned PV (block volmode)] multiVolume [Slow] should access to two volumes with different volume mode and retain data across pod recreation on the same node" classname="Kubernetes e2e suite" status="skipped" time="0">
              <skipped message="skipped"></skipped>
          </testcase>
          <testcase name="[It] [sig-storage] PersistentVolumes-local [Volume type: gce-localssd-scsi-fs] [Serial] Set fsGroup for local volume should set fsGroup for one pod [Slow]" classname="Kubernetes e2e suite" status="skipped" time="0">
              <skipped message="skipped"></skipped>
          </testcase>
          <testcase name="[It] [sig-storage] In-tree Volumes [Driver: vsphere] [Testpattern: Dynamic PV (ntfs)] [Feature:Windows] multiVolume [Slow] should access to two volumes with the same volume mode and retain data across pod recreation on the same node" classname="Kubernetes e2e suite" status="skipped" time="0">
              <skipped message="skipped"></skipped>
          </testcase>
          <testcase name="[It] [sig-network] LoadBalancers [Feature:LoadBalancer] should be able to create LoadBalancer Service without NodePort and change it [Slow]" classname="Kubernetes e2e suite" status="skipped" time="0">
              <skipped message="skipped"></skipped>
          </testcase>
          <testcase name="[It] [sig-storage] In-tree Volumes [Driver: local] [LocalVolumeType: dir-bindmounted] [Testpattern: Inline-volume (ntfs)] [Feature:Windows] volumes should store data" classname="Kubernetes e2e suite" status="skipped" time="0">
              <skipped message="skipped"></skipped>
          </testcase>
          <testcase name="[It] [sig-storage] In-tree Volumes [Driver: hostPathSymlink] [Testpattern: Generic Ephemeral-volume (default fs)] volumeLimits should support volume limits [Serial]" classname="Kubernetes e2e suite" status="skipped" time="0">
              <skipped message="skipped"></skipped>
          </testcase>
          <testcase name="[It] [sig-storage] In-tree Volumes [Driver: hostPath] [Testpattern: Dynamic PV (filesystem volmode)] volumeMode should fail to use a volume in a pod with mismatched mode [Slow]" classname="Kubernetes e2e suite" status="skipped" time="0">
              <skipped message="skipped"></skipped>
          </testcase>
          <testcase name="[It] [sig-storage] In-tree Volumes [Driver: emptydir] [Testpattern: Dynamic PV (default fs)] provisioning should provision storage with pvc data source" classname="Kubernetes e2e suite" status="skipped" time="0">
              <skipped message="skipped"></skipped>
          </testcase>
          <testcase name="[It] [sig-api-machinery] Aggregator Should be able to support the 1.17 Sample API Server using the current Aggregator [Conformance]" classname="Kubernetes e2e suite" status="passed" time="244.532534387"></testcase>
          <testcase name="[It] [sig-cli] Kubectl client Kubectl server-side dry-run should check if kubectl can dry-run update Pods [Conformance]" classname="Kubernetes e2e suite" status="passed" time="1.69385347"></testcase>
          <testcase name="[It] [sig-storage] In-tree Volumes [Driver: azure-disk] [Testpattern: Dynamic PV (filesystem volmode)] multiVolume [Slow] should concurrently access the volume and its clone from pods on the same node [LinuxOnly] [Feature:VolumeSourceXFS]" classname="Kubernetes e2e suite" status="skipped" time="0">
              <skipped message="skipped"></skipped>
          </testcase>
          <testcase name="[It] [sig-storage] In-tree Volumes [Driver: azure-file] [Testpattern: Dynamic PV (block volmode)] provisioning should provision storage with pvc data source (ROX mode)" classname="Kubernetes e2e suite" status="skipped" time="0">
              <skipped message="skipped"></skipped>
          </testcase>
          <testcase name="[It] [sig-storage] In-tree Volumes [Driver: vsphere] [Testpattern: Dynamic PV (default fs)] provisioning should provision storage with pvc data source (ROX mode)" classname="Kubernetes e2e suite" status="skipped" time="0">
              <skipped message="skipped"></skipped>
          </testcase>
          <testcase name="[It] [sig-storage] In-tree Volumes [Driver: azure-file] [Testpattern: Generic Ephemeral-volume (default fs) (immediate-binding)] ephemeral should support expansion of pvcs created for ephemeral pvcs" classname="Kubernetes e2e suite" status="skipped" time="0">
              <skipped message="skipped"></skipped>
          </testcase>
          <testcase name="[It] [sig-storage] In-tree Volumes [Driver: azure-disk] [Testpattern: Dynamic PV (filesystem volmode)] multiVolume [Slow] should concurrently access the volume and restored snapshot from pods on the same node [LinuxOnly] [Feature:VolumeSnapshotDataSource] [Feature:VolumeSourceXFS]" classname="Kubernetes e2e suite" status="skipped" time="0">
              <skipped message="skipped"></skipped>
          </testcase>
          <testcase name="[It] [sig-storage] In-tree Volumes [Driver: iscsi] [Feature:Volumes] [Testpattern: Inline-volume (default fs)] volumes should store data" classname="Kubernetes e2e suite" status="skipped" time="0">
              <skipped message="skipped"></skipped>
          </testcase>
          <testcase name="[It] [sig-storage] In-tree Volumes [Driver: local] [LocalVolumeType: dir-link] [Testpattern: Dynamic PV (block volmode)] disruptive [Disruptive] [LinuxOnly] Should test that pv used in a pod that is deleted while the kubelet is down cleans up when the kubelet returns." classname="Kubernetes e2e suite" status="skipped" time="0">
              <skipped message="skipped"></skipped>
          </testcase>
          <testcase name="[It] [sig-storage] In-tree Volumes [Driver: local] [LocalVolumeType: gce-localssd-scsi-fs] [Serial] [Testpattern: Pre-provisioned PV (filesystem volmode)] multiVolume [Slow] should concurrently access the single read-only volume from pods on the same node" classname="Kubernetes e2e suite" status="skipped" time="0">
              <skipped message="skipped"></skipped>
          </testcase>
          <testcase name="[It] [sig-storage] In-tree Volumes [Driver: vsphere] [Testpattern: Dynamic PV (default fs)] fsgroupchangepolicy (Always)[LinuxOnly], pod created with an initial fsgroup, new pod fsgroup applied to volume contents" classname="Kubernetes e2e suite" status="skipped" time="0">
              <skipped message="skipped"></skipped>
          </testcase>
          <testcase name="[It] [sig-storage] In-tree Volumes [Driver: nfs] [Testpattern: Dynamic PV (ext4)] multiVolume [Slow] should concurrently access the single volume from pods on different node" classname="Kubernetes e2e suite" status="skipped" time="0">
              <skipped message="skipped"></skipped>
          </testcase>
          <testcase name="[It] [sig-storage] In-tree Volumes [Driver: local] [LocalVolumeType: tmpfs] [Testpattern: Pre-provisioned PV (ext4)] volumes should allow exec of files on the volume" classname="Kubernetes e2e suite" status="skipped" time="0">
              <skipped message="skipped"></skipped>
          </testcase>
          <testcase name="[It] [sig-storage] Secrets should be consumable from pods in volume [NodeConformance] [Conformance]" classname="Kubernetes e2e suite" status="passed" time="4.070127313"></testcase>
          <testcase name="[It] [sig-storage] Projected downwardAPI should provide podname only [NodeConformance] [Conformance]" classname="Kubernetes e2e suite" status="passed" time="4.063737783"></testcase>
          <testcase name="[It] [sig-storage] In-tree Volumes [Driver: hostPath] [Testpattern: Pre-provisioned PV (filesystem volmode)] multiVolume [Slow] should access to two volumes with different volume mode and retain data across pod recreation on different node" classname="Kubernetes e2e suite" status="skipped" time="0">
              <skipped message="skipped"></skipped>
          </testcase>
          <testcase name="[It] [sig-storage] In-tree Volumes [Driver: local] [LocalVolumeType: blockfs] [Testpattern: Pre-provisioned PV (ext4)] volumes should allow exec of files on the volume" classname="Kubernetes e2e suite" status="skipped" time="0">
              <skipped message="skipped"></skipped>
          </testcase>
          <testcase name="[It] [sig-storage] CSI Volumes [Driver: csi-hostpath] [Testpattern: Dynamic PV (block volmode)] volume-stress multiple pods should access different volumes repeatedly [Slow] [Serial]" classname="Kubernetes e2e suite" status="skipped" time="0">
              <skipped message="skipped"></skipped>
          </testcase>
          <testcase name="[It] [sig-network] Netpol NetworkPolicy between server and client should enforce policy based on Multiple PodSelectors and NamespaceSelectors [Feature:NetworkPolicy]" classname="Kubernetes e2e suite" status="skipped" time="0">
              <skipped message="skipped"></skipped>
          </testcase>
          <testcase name="[It] [sig-storage] In-tree Volumes [Driver: vsphere] [Testpattern: Dynamic PV (xfs)] [Slow] multiVolume [Slow] should concurrently access the single volume from pods on different node" classname="Kubernetes e2e suite" status="skipped" time="0">
              <skipped message="skipped"></skipped>
          </testcase>
          <testcase name="[It] [sig-storage] In-tree Volumes [Driver: local] [LocalVolumeType: dir-link] [Testpattern: Dynamic PV (ntfs)] [Feature:Windows] provisioning should provision storage with snapshot data source [Feature:VolumeSnapshotDataSource]" classname="Kubernetes e2e suite" status="skipped" time="0">
              <skipped message="skipped"></skipped>
          </testcase>
          <testcase name="[It] [sig-storage] In-tree Volumes [Driver: local] [LocalVolumeType: tmpfs] [Testpattern: Generic Ephemeral-volume (default fs) (immediate-binding)] ephemeral should create read-only inline ephemeral volume" classname="Kubernetes e2e suite" status="skipped" time="0">
              <skipped message="skipped"></skipped>
          </testcase>
          <testcase name="[It] [sig-storage] In-tree Volumes [Driver: nfs] [Testpattern: Inline-volume (ntfs)] [Feature:Windows] volumes should allow exec of files on the volume" classname="Kubernetes e2e suite" status="skipped" time="0">
              <skipped message="skipped"></skipped>
          </testcase>
          <testcase name="[It] [sig-storage] EmptyDir volumes pod should support memory backed volumes of specified size" classname="Kubernetes e2e suite" status="skipped" time="0">
              <skipped message="skipped"></skipped>
          </testcase>
          <testcase name="[It] [sig-storage] In-tree Volumes [Driver: nfs] [Testpattern: Dynamic PV (default fs)] subPath should unmount if pod is force deleted while kubelet is down [Disruptive] [Slow] [LinuxOnly]" classname="Kubernetes e2e suite" status="skipped" time="0">
              <skipped message="skipped"></skipped>
          </testcase>
          <testcase name="[It] [sig-storage] In-tree Volumes [Driver: emptydir] [Testpattern: Dynamic PV (filesystem volmode)] multiVolume [Slow] should access to two volumes with different volume mode and retain data across pod recreation on different node" classname="Kubernetes e2e suite" status="skipped" time="0">
              <skipped message="skipped"></skipped>
          </testcase>
          <testcase name="[It] [sig-storage] CSI Volumes [Driver: pd.csi.storage.gke.io] [Serial] [Testpattern: Dynamic PV (ntfs)] [Feature:Windows] volume-modify [FeatureGate:VolumeAttributesClass] [Beta] [Feature:OffByDefault] should modify volume with no VAC" classname="Kubernetes e2e suite" status="skipped" time="0">
              <skipped message="skipped"></skipped>
          </testcase>
          <testcase name="[It] [sig-storage] In-tree Volumes [Driver: local] [LocalVolumeType: tmpfs] [Testpattern: Dynamic PV (default fs)] fsgroupchangepolicy (Always)[LinuxOnly], pod created with an initial fsgroup, volume contents ownership changed via chgrp in first pod, new pod with different fsgroup applied to the volume contents" classname="Kubernetes e2e suite" status="skipped" time="0">
              <skipped message="skipped"></skipped>
          </testcase>
          <testcase name="[It] [sig-storage] In-tree Volumes [Driver: local] [LocalVolumeType: gce-localssd-scsi-fs] [Serial] [Testpattern: Dynamic PV (default fs)] volume-stress multiple pods should access different volumes repeatedly [Slow] [Serial]" classname="Kubernetes e2e suite" status="skipped" time="0">
              <skipped message="skipped"></skipped>
          </testcase>
          <testcase name="[It] [sig-storage] In-tree Volumes [Driver: emptydir] [Testpattern: Pre-provisioned PV (default fs)] subPath should support existing directory" classname="Kubernetes e2e suite" status="skipped" time="0">
              <skipped message="skipped"></skipped>
          </testcase>
          <testcase name="[It] [sig-storage] In-tree Volumes [Driver: azure-disk] [Testpattern: Pre-provisioned PV (filesystem volmode)] multiVolume [Slow] should concurrently access the single volume from pods on the same node" classname="Kubernetes e2e suite" status="skipped" time="0">
              <skipped message="skipped"></skipped>
          </testcase>
          <testcase name="[It] [sig-storage] In-tree Volumes [Driver: local] [LocalVolumeType: gce-localssd-scsi-fs] [Serial] [Testpattern: Pre-provisioned PV (filesystem volmode)] multiVolume [Slow] should concurrently access the single volume from pods on different node" classname="Kubernetes e2e suite" status="skipped" time="0">
              <skipped message="skipped"></skipped>
          </testcase>
          <testcase name="[It] [sig-storage] In-tree Volumes [Driver: local] [LocalVolumeType: gce-localssd-scsi-fs] [Serial] [Testpattern: Pre-provisioned PV (block volmode)] disruptive [Disruptive] [LinuxOnly] Should test that pv used in a pod that is force deleted while the kubelet is down cleans up when the kubelet returns." classname="Kubernetes e2e suite" status="skipped" time="0">
              <skipped message="skipped"></skipped>
          </testcase>
          <testcase name="[It] [sig-storage] In-tree Volumes [Driver: local] [LocalVolumeType: dir-bindmounted] [Testpattern: Dynamic PV (delayed binding)] topology should fail to schedule a pod which has topologies that conflict with AllowedTopologies" classname="Kubernetes e2e suite" status="skipped" time="0">
              <skipped message="skipped"></skipped>
          </testcase>
          <testcase name="[It] [sig-storage] In-tree Volumes [Driver: hostPath] [Testpattern: Generic Ephemeral-volume (default fs) (late-binding)] ephemeral should support two pods which have the same volume definition" classname="Kubernetes e2e suite" status="skipped" time="0">
              <skipped message="skipped"></skipped>
          </testcase>
          <testcase name="[It] [sig-storage] In-tree Volumes [Driver: hostPath] [Testpattern: Dynamic PV (filesystem volmode)] multiVolume [Slow] should access to two volumes with the same volume mode and retain data across pod recreation on the same node" classname="Kubernetes e2e suite" status="skipped" time="0">
              <skipped message="skipped"></skipped>
          </testcase>
          <testcase name="[It] [sig-cli] Kubectl client Simple pod should return command exit codes should handle in-cluster config" classname="Kubernetes e2e suite" status="skipped" time="0">
              <skipped message="skipped"></skipped>
          </testcase>
          <testcase name="[It] [sig-node] kubelet host cleanup with volume mounts [HostCleanup] [Flaky] Host cleanup after disrupting NFS volume [NFS] after stopping the nfs-server and deleting the (active) client pod, the NFS mount and the pod&#39;s UID directory should be removed." classname="Kubernetes e2e suite" status="skipped" time="0">
              <skipped message="skipped"></skipped>
          </testcase>
          <testcase name="[It] [sig-node] DRA [Feature:DynamicResourceAllocation] [FeatureGate:DynamicResourceAllocation] [Beta] [Feature:OffByDefault] on single node supports simple pod referencing external resource claim" classname="Kubernetes e2e suite" status="skipped" time="0">
              <skipped message="skipped"></skipped>
          </testcase>
          <testcase name="[It] [sig-storage] In-tree Volumes [Driver: azure-disk] [Testpattern: Dynamic PV (default fs)] provisioning should provision storage with pvc data source (ROX mode)" classname="Kubernetes e2e suite" status="skipped" time="0">
              <skipped message="skipped"></skipped>
          </testcase>
          <testcase name="[It] [sig-storage] In-tree Volumes [Driver: hostPathSymlink] [Testpattern: Dynamic PV (xfs)] [Slow] volumes should store data" classname="Kubernetes e2e suite" status="skipped" time="0">
              <skipped message="skipped"></skipped>
          </testcase>
          <testcase name="[It] [sig-storage] In-tree Volumes [Driver: local] [LocalVolumeType: dir-bindmounted] [Testpattern: Dynamic PV (block volmode)] provisioning should provision storage with mount options" classname="Kubernetes e2e suite" status="skipped" time="0">
              <skipped message="skipped"></skipped>
          </testcase>
          <testcase name="[It] [sig-storage] In-tree Volumes [Driver: nfs] [Testpattern: Dynamic PV (ntfs)] [Feature:Windows] multiVolume [Slow] should concurrently access the single volume from pods on different node" classname="Kubernetes e2e suite" status="skipped" time="0">
              <skipped message="skipped"></skipped>
          </testcase>
          <testcase name="[It] [sig-storage] CSI Volumes [Driver: csi-hostpath] [Testpattern: Dynamic PV (default fs)] provisioning should provision storage with mount options" classname="Kubernetes e2e suite" status="skipped" time="0">
              <skipped message="skipped"></skipped>
          </testcase>
          <testcase name="[It] [sig-storage] CSI Volumes [Driver: pd.csi.storage.gke.io] [Serial] [Testpattern: Dynamic PV (default fs)] provisioning should mount multiple PV pointing to the same storage on the same node" classname="Kubernetes e2e suite" status="skipped" time="0">
              <skipped message="skipped"></skipped>
          </testcase>
          <testcase name="[It] [sig-storage] In-tree Volumes [Driver: cinder] [Testpattern: Dynamic PV (immediate binding)] topology should provision a volume and schedule a pod with AllowedTopologies" classname="Kubernetes e2e suite" status="skipped" time="0">
              <skipped message="skipped"></skipped>
          </testcase>
          <testcase name="[It] [sig-storage] In-tree Volumes [Driver: nfs] [Testpattern: Pre-provisioned PV (filesystem volmode)] multiVolume [Slow] should access to two volumes with the same volume mode and retain data across pod recreation on the same node" classname="Kubernetes e2e suite" status="skipped" time="0">
              <skipped message="skipped"></skipped>
          </testcase>
          <testcase name="[It] [sig-storage] CSI Volumes [Driver: csi-hostpath] [Testpattern: Dynamic PV (default fs)] volume-modify [FeatureGate:VolumeAttributesClass] [Beta] [Feature:OffByDefault] should create a volume with VAC" classname="Kubernetes e2e suite" status="skipped" time="0">
              <skipped message="skipped"></skipped>
          </testcase>
          <testcase name="[It] [sig-storage] In-tree Volumes [Driver: local] [LocalVolumeType: dir-link] [Testpattern: Pre-provisioned PV (filesystem volmode)] disruptive [Disruptive] [LinuxOnly] Should test that pv used in a pod that is force deleted while the kubelet is down is usable by a new pod when kubelet returns [Feature:SELinux]" classname="Kubernetes e2e suite" status="skipped" time="0">
              <skipped message="skipped"></skipped>
          </testcase>
          <testcase name="[It] [sig-storage] In-tree Volumes [Driver: cinder] [Testpattern: Inline-volume (default fs)] subPath should verify container cannot write to subpath readonly volumes [Slow]" classname="Kubernetes e2e suite" status="skipped" time="0">
              <skipped message="skipped"></skipped>
          </testcase>
          <testcase name="[It] [sig-storage] In-tree Volumes [Driver: local] [LocalVolumeType: dir-link-bindmounted] [Testpattern: Dynamic PV (ext4)] multiVolume [Slow] should concurrently access the volume and its clone from pods on the same node [LinuxOnly] [Feature:VolumeSourceXFS]" classname="Kubernetes e2e suite" status="skipped" time="0">
              <skipped message="skipped"></skipped>
          </testcase>
          <testcase name="[It] [sig-autoscaling] [Feature:HPA] Horizontal pod autoscaling (scale resource: CPU) [Serial] [Slow] ReplicationController Should scale from 5 pods to 3 pods and then from 3 pods to 1 pod and verify decision stability" classname="Kubernetes e2e suite" status="skipped" time="0">
              <skipped message="skipped"></skipped>
          </testcase>
          <testcase name="[It] [sig-storage] In-tree Volumes [Driver: cinder] [Testpattern: Dynamic PV (ntfs)] [Feature:Windows] provisioning should provision storage with any volume data source [Serial]" classname="Kubernetes e2e suite" status="skipped" time="0">
              <skipped message="skipped"></skipped>
          </testcase>
          <testcase name="[It] [sig-storage] In-tree Volumes [Driver: hostPath] [Testpattern: Dynamic PV (filesystem volmode)] volumeLimits should support volume limits [Serial]" classname="Kubernetes e2e suite" status="skipped" time="0">
              <skipped message="skipped"></skipped>
          </testcase>
          <testcase name="[It] [sig-api-machinery] CRDValidationRatcheting [Privileged:ClusterAdmin] [FeatureGate:CRDValidationRatcheting] MUST fail to update a resource due to CRD Validation Rule errors on changed fields" classname="Kubernetes e2e suite" status="skipped" time="0">
              <skipped message="skipped"></skipped>
          </testcase>
          <testcase name="[It] [sig-scheduling] SchedulerPriorities [Serial] Pod should be preferably scheduled to nodes pod can tolerate" classname="Kubernetes e2e suite" status="skipped" time="0">
              <skipped message="skipped"></skipped>
          </testcase>
          <testcase name="[It] [sig-node] DRA [Feature:DynamicResourceAllocation] [FeatureGate:DynamicResourceAllocation] [Beta] [Feature:OffByDefault] with device taints [Feature:DRADeviceTaints] [FeatureGate:DRADeviceTaints] [Alpha] [Feature:OffByDefault] DeviceToleration enables pod scheduling" classname="Kubernetes e2e suite" status="skipped" time="0">
              <skipped message="skipped"></skipped>
          </testcase>
          <testcase name="[It] [sig-storage] In-tree Volumes [Driver: iscsi] [Feature:Volumes] [Testpattern: Pre-provisioned PV (default fs)] volumeIO should write files of various sizes, verify size, validate content [Slow]" classname="Kubernetes e2e suite" status="skipped" time="0">
              <skipped message="skipped"></skipped>
          </testcase>
          <testcase name="[It] [sig-storage] In-tree Volumes [Driver: local] [LocalVolumeType: block] [Testpattern: Dynamic PV (ntfs)] [Feature:Windows] multiVolume [Slow] should concurrently access the single volume from pods on the same node" classname="Kubernetes e2e suite" status="skipped" time="0">
              <skipped message="skipped"></skipped>
          </testcase>
          <testcase name="[It] [sig-storage] In-tree Volumes [Driver: iscsi] [Feature:Volumes] [Testpattern: Pre-provisioned PV (ext3)] volumes should allow exec of files on the volume" classname="Kubernetes e2e suite" status="skipped" time="0">
              <skipped message="skipped"></skipped>
          </testcase>
          <testcase name="[It] [sig-storage] In-tree Volumes [Driver: hostPath] [Testpattern: Dynamic PV (xfs)] [Slow] volumes should allow exec of files on the volume" classname="Kubernetes e2e suite" status="skipped" time="0">
              <skipped message="skipped"></skipped>
          </testcase>
          <testcase name="[It] [sig-storage] In-tree Volumes [Driver: hostPathSymlink] [Testpattern: Dynamic PV (xfs)] [Slow] multiVolume [Slow] should concurrently access the single volume from pods on the same node" classname="Kubernetes e2e suite" status="skipped" time="0">
              <skipped message="skipped"></skipped>
          </testcase>
          <testcase name="[It] [sig-storage] CSI Volumes [Driver: pd.csi.storage.gke.io] [Serial] [Testpattern: Pre-provisioned PV (default fs)] subPath should support existing directory" classname="Kubernetes e2e suite" status="skipped" time="0">
              <skipped message="skipped"></skipped>
          </testcase>
          <testcase name="[It] [sig-storage] In-tree Volumes [Driver: local] [LocalVolumeType: gce-localssd-scsi-fs] [Serial] [Testpattern: Generic Ephemeral-volume (block volmode) (late-binding)] ephemeral should support expansion of pvcs created for ephemeral pvcs" classname="Kubernetes e2e suite" status="skipped" time="0">
              <skipped message="skipped"></skipped>
          </testcase>
          <testcase name="[It] [sig-cluster-lifecycle] [Feature:BootstrapTokens] should sign the new added bootstrap tokens" classname="Kubernetes e2e suite" status="skipped" time="0">
              <skipped message="skipped"></skipped>
          </testcase>
          <testcase name="[It] [sig-storage] In-tree Volumes [Driver: azure-file] [Testpattern: Inline-volume (default fs)] subPath should be able to unmount after the subpath directory is deleted [LinuxOnly]" classname="Kubernetes e2e suite" status="skipped" time="0">
              <skipped message="skipped"></skipped>
          </testcase>
          <testcase name="[It] [sig-windows] [Feature:Windows] SecurityContext should not be able to create pods with containers running as CONTAINERADMINISTRATOR when runAsNonRoot is true" classname="Kubernetes e2e suite" status="skipped" time="0">
              <skipped message="skipped"></skipped>
          </testcase>
          <testcase name="[It] [sig-storage] In-tree Volumes [Driver: local] [LocalVolumeType: tmpfs] [Testpattern: Dynamic PV (ntfs)] [Feature:Windows] volumes should allow exec of files on the volume" classname="Kubernetes e2e suite" status="skipped" time="0">
              <skipped message="skipped"></skipped>
          </testcase>
          <testcase name="[It] [sig-storage] In-tree Volumes [Driver: azure-disk] [Testpattern: Inline-volume (ext3)] volumes should store data" classname="Kubernetes e2e suite" status="skipped" time="0">
              <skipped message="skipped"></skipped>
          </testcase>
          <testcase name="[It] [sig-storage] CSI Mock selinux on mount metrics and SELinuxWarningController SELinuxMount metrics [LinuxOnly] [Feature:SELinux] [Serial] warning is not bumped on two Pods with Recursive policy and a different context on RWO volume [FeatureGate:SELinuxMountReadWriteOncePod] [Beta] [FeatureGate:SELinuxChangePolicy] [Beta] [FeatureGate:SELinuxChangePolicy] [Beta] [Feature:SELinuxMountReadWriteOncePodOnly]" classname="Kubernetes e2e suite" status="skipped" time="0">
              <skipped message="skipped"></skipped>
          </testcase>
          <testcase name="[It] [sig-node] Security Context should support volume SELinux relabeling [Flaky] [LinuxOnly]" classname="Kubernetes e2e suite" status="skipped" time="0">
              <skipped message="skipped"></skipped>
          </testcase>
          <testcase name="[It] [sig-storage] In-tree Volumes [Driver: local] [LocalVolumeType: gce-localssd-scsi-fs] [Serial] [Testpattern: Dynamic PV (filesystem volmode)] multiVolume [Slow] should concurrently access the volume and its clone from pods on the same node [LinuxOnly] [Feature:VolumeSourceXFS]" classname="Kubernetes e2e suite" status="skipped" time="0">
              <skipped message="skipped"></skipped>
          </testcase>
          <testcase name="[It] [sig-storage] In-tree Volumes [Driver: local] [LocalVolumeType: dir] [Testpattern: Dynamic PV (filesystem volmode)] multiVolume [Slow] should concurrently access the single volume from pods on different node" classname="Kubernetes e2e suite" status="skipped" time="0">
              <skipped message="skipped"></skipped>
          </testcase>
          <testcase name="[It] [sig-storage] In-tree Volumes [Driver: local] [LocalVolumeType: tmpfs] [Testpattern: Generic Ephemeral-volume (block volmode) (late-binding)] ephemeral should support expansion of pvcs created for ephemeral pvcs" classname="Kubernetes e2e suite" status="skipped" time="0">
              <skipped message="skipped"></skipped>
          </testcase>
          <testcase name="[It] [sig-storage] In-tree Volumes [Driver: local] [LocalVolumeType: dir-bindmounted] [Testpattern: Pre-provisioned PV (ntfs)] [Feature:Windows] volumes should allow exec of files on the volume" classname="Kubernetes e2e suite" status="skipped" time="0">
              <skipped message="skipped"></skipped>
          </testcase>
          <testcase name="[It] [sig-storage] In-tree Volumes [Driver: local] [LocalVolumeType: dir] [Testpattern: Dynamic PV (filesystem volmode)] disruptive [Disruptive] [LinuxOnly] Should test that pv used in a pod that is force deleted while the kubelet is down is usable by a new pod when kubelet returns [Feature:SELinux]" classname="Kubernetes e2e suite" status="skipped" time="0">
              <skipped message="skipped"></skipped>
          </testcase>
          <testcase name="[It] [sig-storage] In-tree Volumes [Driver: local] [LocalVolumeType: dir] [Testpattern: Pre-provisioned PV (block volmode)] multiVolume [Slow] should concurrently access the volume and restored snapshot from pods on the same node [LinuxOnly] [Feature:VolumeSnapshotDataSource] [Feature:VolumeSourceXFS]" classname="Kubernetes e2e suite" status="skipped" time="0">
              <skipped message="skipped"></skipped>
          </testcase>
          <testcase name="[It] [sig-storage] In-tree Volumes [Driver: hostPath] [Testpattern: Dynamic PV (block volmode)(allowExpansion)] volume-expand should resize volume when PVC is edited while pod is using it" classname="Kubernetes e2e suite" status="skipped" time="0">
              <skipped message="skipped"></skipped>
          </testcase>
          <testcase name="[It] [sig-storage] In-tree Volumes [Driver: local] [LocalVolumeType: dir-bindmounted] [Testpattern: Inline-volume (default fs)] subPath should support existing single file [LinuxOnly]" classname="Kubernetes e2e suite" status="skipped" time="0">
              <skipped message="skipped"></skipped>
          </testcase>
          <testcase name="[It] [sig-storage] In-tree Volumes [Driver: emptydir] [Testpattern: Dynamic PV (default fs)] subPath should support file as subpath [LinuxOnly]" classname="Kubernetes e2e suite" status="skipped" time="0">
              <skipped message="skipped"></skipped>
          </testcase>
          <testcase name="[It] [sig-storage] In-tree Volumes [Driver: local] [LocalVolumeType: dir-link-bindmounted] [Testpattern: Dynamic PV (xfs)] [Slow] multiVolume [Slow] should access to two volumes with the same volume mode and retain data across pod recreation on the same node" classname="Kubernetes e2e suite" status="skipped" time="0">
              <skipped message="skipped"></skipped>
          </testcase>
          <testcase name="[It] [sig-storage] In-tree Volumes [Driver: emptydir] [Testpattern: Dynamic PV (filesystem volmode)] volumeLimits should support volume limits [Serial]" classname="Kubernetes e2e suite" status="skipped" time="0">
              <skipped message="skipped"></skipped>
          </testcase>
          <testcase name="[It] [sig-storage] CSI Volumes [Driver: csi-hostpath] [Testpattern: Pre-provisioned PV (block volmode)] disruptive [Disruptive] [LinuxOnly] Should test that pv used in a pod that is deleted while the kubelet is down cleans up when the kubelet returns." classname="Kubernetes e2e suite" status="skipped" time="0">
              <skipped message="skipped"></skipped>
          </testcase>
          <testcase name="[It] [sig-storage] In-tree Volumes [Driver: nfs] [Testpattern: Dynamic PV (ntfs)] [Feature:Windows] subPath should support readOnly file specified in the volumeMount [LinuxOnly]" classname="Kubernetes e2e suite" status="skipped" time="0">
              <skipped message="skipped"></skipped>
          </testcase>
          <testcase name="[It] [sig-storage] In-tree Volumes [Driver: iscsi] [Feature:Volumes] [Testpattern: Pre-provisioned PV (default fs)] subPath should fail if subpath directory is outside the volume [Slow] [LinuxOnly]" classname="Kubernetes e2e suite" status="skipped" time="0">
              <skipped message="skipped"></skipped>
          </testcase>
          <testcase name="[It] [sig-storage] In-tree Volumes [Driver: local] [LocalVolumeType: dir-link] [Testpattern: Dynamic PV (ntfs)] [Feature:Windows] multiVolume [Slow] should concurrently access the volume and restored snapshot from pods on the same node [LinuxOnly] [Feature:VolumeSnapshotDataSource] [Feature:VolumeSourceXFS]" classname="Kubernetes e2e suite" status="skipped" time="0">
              <skipped message="skipped"></skipped>
          </testcase>
          <testcase name="[It] [sig-storage] In-tree Volumes [Driver: local] [LocalVolumeType: dir-bindmounted] [Testpattern: Pre-provisioned PV (default fs)] subPath should fail if non-existent subpath is outside the volume [Slow] [LinuxOnly]" classname="Kubernetes e2e suite" status="skipped" time="0">
              <skipped message="skipped"></skipped>
          </testcase>
          <testcase name="[It] [sig-storage] In-tree Volumes [Driver: nfs] [Testpattern: Inline-volume (default fs)] subPath should support creating multiple subpath from same volumes [Slow]" classname="Kubernetes e2e suite" status="skipped" time="0">
              <skipped message="skipped"></skipped>
          </testcase>
          <testcase name="[It] [sig-storage] In-tree Volumes [Driver: local] [LocalVolumeType: blockfs] [Testpattern: Dynamic PV (default fs)] subPath should support existing single file [LinuxOnly]" classname="Kubernetes e2e suite" status="skipped" time="0">
              <skipped message="skipped"></skipped>
          </testcase>
          <testcase name="[It] [sig-storage] HostPathType File [Slow] Should fail on mounting file &#39;afile&#39; when HostPathType is HostPathCharDev" classname="Kubernetes e2e suite" status="skipped" time="0">
              <skipped message="skipped"></skipped>
          </testcase>
          <testcase name="[It] [sig-storage] In-tree Volumes [Driver: local] [LocalVolumeType: blockfs] [Testpattern: Pre-provisioned PV (default fs)] subPath should support non-existent path" classname="Kubernetes e2e suite" status="skipped" time="0">
              <skipped message="skipped"></skipped>
          </testcase>
          <testcase name="[It] [sig-storage] In-tree Volumes [Driver: local] [LocalVolumeType: dir-bindmounted] [Testpattern: Dynamic PV (ntfs)] [Feature:Windows] multiVolume [Slow] should concurrently access the single read-only volume from pods on the same node" classname="Kubernetes e2e suite" status="skipped" time="0">
              <skipped message="skipped"></skipped>
          </testcase>
          <testcase name="[It] [sig-storage] In-tree Volumes [Driver: azure-file] [Testpattern: Dynamic PV (block volmode)] provisioning should provision storage with snapshot data source (ROX mode) [Feature:VolumeSnapshotDataSource]" classname="Kubernetes e2e suite" status="skipped" time="0">
              <skipped message="skipped"></skipped>
          </testcase>
          <testcase name="[It] [sig-storage] CSI Volumes [Driver: csi-hostpath] [Testpattern: Dynamic PV (block volmode)] multiVolume [Slow] should access to two volumes with the same volume mode and retain data across pod recreation on the same node" classname="Kubernetes e2e suite" status="skipped" time="0">
              <skipped message="skipped"></skipped>
          </testcase>
          <testcase name="[It] [sig-storage] In-tree Volumes [Driver: local] [LocalVolumeType: dir-link] [Testpattern: Generic Ephemeral-volume (block volmode) (late-binding)] ephemeral should support expansion of pvcs created for ephemeral pvcs" classname="Kubernetes e2e suite" status="skipped" time="0">
              <skipped message="skipped"></skipped>
          </testcase>
          <testcase name="[It] [sig-storage] In-tree Volumes [Driver: azure-disk] [Testpattern: Dynamic PV (ntfs)] [Feature:Windows] provisioning should provision storage with any volume data source [Serial]" classname="Kubernetes e2e suite" status="skipped" time="0">
              <skipped message="skipped"></skipped>
          </testcase>
          <testcase name="[It] [sig-storage] In-tree Volumes [Driver: azure-disk] [Testpattern: Pre-provisioned PV (filesystem volmode)] disruptive [Disruptive] [LinuxOnly] Should test that pv used in a pod that is deleted while the kubelet is down is usable by a new pod when kubelet returns [Feature:SELinux]" classname="Kubernetes e2e suite" status="skipped" time="0">
              <skipped message="skipped"></skipped>
          </testcase>
          <testcase name="[It] [sig-storage] In-tree Volumes [Driver: local] [LocalVolumeType: dir] [Testpattern: Inline-volume (default fs)] subPath should fail if non-existent subpath is outside the volume [Slow] [LinuxOnly]" classname="Kubernetes e2e suite" status="skipped" time="0">
              <skipped message="skipped"></skipped>
          </testcase>
          <testcase name="[It] [sig-storage] In-tree Volumes [Driver: azure-file] [Testpattern: Dynamic PV (ntfs)] [Feature:Windows] multiVolume [Slow] should concurrently access the volume and restored snapshot from pods on the same node [LinuxOnly] [Feature:VolumeSnapshotDataSource] [Feature:VolumeSourceXFS]" classname="Kubernetes e2e suite" status="skipped" time="0">
              <skipped message="skipped"></skipped>
          </testcase>
          <testcase name="[It] [sig-node] Secrets should be consumable as environment variable names when secret keys start with a digit [Feature:RelaxedEnvironmentVariableValidation]" classname="Kubernetes e2e suite" status="skipped" time="0">
              <skipped message="skipped"></skipped>
          </testcase>
          <testcase name="[It] [sig-storage] In-tree Volumes [Driver: hostPathSymlink] [Testpattern: Inline-volume (default fs)] subPath should support file as subpath [LinuxOnly]" classname="Kubernetes e2e suite" status="skipped" time="0">
              <skipped message="skipped"></skipped>
          </testcase>
          <testcase name="[It] [sig-autoscaling] [Feature:HPAConfigurableTolerance] [FeatureGate:HPAConfigurableTolerance] [Alpha] [Feature:OffByDefault] [Serial] [Slow] Horizontal pod autoscaling (configurable tolerance) with large configurable tolerance should not scale" classname="Kubernetes e2e suite" status="skipped" time="0">
              <skipped message="skipped"></skipped>
          </testcase>
          <testcase name="[It] [sig-storage] CSI Mock volume attach CSI CSIDriver deployment after pod creation using non-attachable mock driver should bringup pod after deploying CSIDriver attach=false [Slow]" classname="Kubernetes e2e suite" status="skipped" time="0">
              <skipped message="skipped"></skipped>
          </testcase>
          <testcase name="[It] [sig-storage] In-tree Volumes [Driver: iscsi] [Feature:Volumes] [Testpattern: Dynamic PV (ntfs)] [Feature:Windows] multiVolume [Slow] should concurrently access the single volume from pods on different node" classname="Kubernetes e2e suite" status="skipped" time="0">
              <skipped message="skipped"></skipped>
          </testcase>
          <testcase name="[It] [sig-storage] CSI Volumes [Driver: pd.csi.storage.gke.io] [Serial] [Testpattern: Inline-volume (default fs)] subPath should support non-existent path" classname="Kubernetes e2e suite" status="skipped" time="0">
              <skipped message="skipped"></skipped>
          </testcase>
          <testcase name="[It] [sig-storage] In-tree Volumes [Driver: hostPathSymlink] [Testpattern: Dynamic PV (default fs)] subPath should support existing single file [LinuxOnly]" classname="Kubernetes e2e suite" status="skipped" time="0">
              <skipped message="skipped"></skipped>
          </testcase>
          <testcase name="[It] [sig-storage] In-tree Volumes [Driver: local] [LocalVolumeType: dir-link-bindmounted] [Testpattern: Dynamic PV (filesystem volmode)] multiVolume [Slow] should access to two volumes with different volume mode and retain data across pod recreation on different node" classname="Kubernetes e2e suite" status="skipped" time="0">
              <skipped message="skipped"></skipped>
          </testcase>
          <testcase name="[It] [sig-storage] In-tree Volumes [Driver: hostPathSymlink] [Testpattern: Dynamic PV (xfs)] [Slow] multiVolume [Slow] should concurrently access the volume and restored snapshot from pods on the same node [LinuxOnly] [Feature:VolumeSnapshotDataSource] [Feature:VolumeSourceXFS]" classname="Kubernetes e2e suite" status="skipped" time="0">
              <skipped message="skipped"></skipped>
          </testcase>
          <testcase name="[It] [sig-storage] In-tree Volumes [Driver: nfs] [Testpattern: Pre-provisioned PV (block volmode)] multiVolume [Slow] should concurrently access the volume and restored snapshot from pods on the same node [LinuxOnly] [Feature:VolumeSnapshotDataSource] [Feature:VolumeSourceXFS]" classname="Kubernetes e2e suite" status="skipped" time="0">
              <skipped message="skipped"></skipped>
          </testcase>
          <testcase name="[It] [sig-storage] In-tree Volumes [Driver: azure-file] [Testpattern: Dynamic PV (ntfs)] [Feature:Windows] subPath should support existing directory" classname="Kubernetes e2e suite" status="skipped" time="0">
              <skipped message="skipped"></skipped>
          </testcase>
          <testcase name="[It] [sig-storage] In-tree Volumes [Driver: local] [LocalVolumeType: dir] [Testpattern: Pre-provisioned PV (default fs)] subPath should support existing directories when readOnly specified in the volumeSource" classname="Kubernetes e2e suite" status="skipped" time="0">
              <skipped message="skipped"></skipped>
          </testcase>
          <testcase name="[It] [sig-storage] In-tree Volumes [Driver: local] [LocalVolumeType: dir-bindmounted] [Testpattern: Dynamic PV (block volmode)] provisioning should provision storage with pvc data source (ROX mode)" classname="Kubernetes e2e suite" status="skipped" time="0">
              <skipped message="skipped"></skipped>
          </testcase>
          <testcase name="[It] [sig-storage] In-tree Volumes [Driver: nfs] [Testpattern: Pre-provisioned PV (default fs)] subPath should support existing directory" classname="Kubernetes e2e suite" status="skipped" time="0">
              <skipped message="skipped"></skipped>
          </testcase>
          <testcase name="[It] [sig-node] Sysctls [LinuxOnly] [NodeConformance] should reject invalid sysctls [MinimumKubeletVersion:1.21] [Conformance]" classname="Kubernetes e2e suite" status="passed" time="0.097300734"></testcase>
          <testcase name="[It] [sig-storage] In-tree Volumes [Driver: local] [LocalVolumeType: block] [Testpattern: Pre-provisioned PV (block volmode)] multiVolume [Slow] should concurrently access the single volume from pods on different node" classname="Kubernetes e2e suite" status="skipped" time="0">
              <skipped message="skipped"></skipped>
          </testcase>
          <testcase name="[It] [sig-storage] In-tree Volumes [Driver: local] [LocalVolumeType: dir] [Testpattern: Dynamic PV (block volmode)] disruptive [Disruptive] [LinuxOnly] Should test that pv used in a pod that is force deleted while the kubelet is down cleans up when the kubelet returns." classname="Kubernetes e2e suite" status="skipped" time="0">
              <skipped message="skipped"></skipped>
          </testcase>
          <testcase name="[It] [sig-storage] In-tree Volumes [Driver: emptydir] [Testpattern: Dynamic PV (ntfs)] [Feature:Windows] volumes should allow exec of files on the volume" classname="Kubernetes e2e suite" status="skipped" time="0">
              <skipped message="skipped"></skipped>
          </testcase>
          <testcase name="[It] [sig-network] Netpol NetworkPolicy between server and client should allow egress access to server in CIDR block [Feature:NetworkPolicy]" classname="Kubernetes e2e suite" status="skipped" time="0">
              <skipped message="skipped"></skipped>
          </testcase>
          <testcase name="[It] [sig-storage] In-tree Volumes [Driver: local] [LocalVolumeType: dir-bindmounted] [Testpattern: Inline-volume (ntfs)] [Feature:Windows] volumes should allow exec of files on the volume" classname="Kubernetes e2e suite" status="skipped" time="0">
              <skipped message="skipped"></skipped>
          </testcase>
          <testcase name="[It] [sig-storage] In-tree Volumes [Driver: local] [LocalVolumeType: block] [Testpattern: Dynamic PV (block volmode)] provisioning should provision storage with pvc data source" classname="Kubernetes e2e suite" status="skipped" time="0">
              <skipped message="skipped"></skipped>
          </testcase>
          <testcase name="[It] [sig-storage] In-tree Volumes [Driver: azure-file] [Testpattern: Dynamic PV (default fs)] volume-expand should not allow expansion of pvcs without AllowVolumeExpansion property" classname="Kubernetes e2e suite" status="skipped" time="0">
              <skipped message="skipped"></skipped>
          </testcase>
          <testcase name="[It] [sig-storage] In-tree Volumes [Driver: local] [LocalVolumeType: dir-bindmounted] [Testpattern: Generic Ephemeral-volume (default fs)] volumeLimits should verify that all csinodes have volume limits" classname="Kubernetes e2e suite" status="skipped" time="0">
              <skipped message="skipped"></skipped>
          </testcase>
          <testcase name="[It] [sig-storage] In-tree Volumes [Driver: azure-file] [Testpattern: Dynamic PV (block volmode)] multiVolume [Slow] should access to two volumes with the same volume mode and retain data across pod recreation on different node" classname="Kubernetes e2e suite" status="skipped" time="0">
              <skipped message="skipped"></skipped>
          </testcase>
          <testcase name="[It] [sig-node] DRA [Feature:DynamicResourceAllocation] [FeatureGate:DynamicResourceAllocation] [Beta] [Feature:OffByDefault] with device taints [Feature:DRADeviceTaints] [FeatureGate:DRADeviceTaints] [Alpha] [Feature:OffByDefault] DeviceTaint keeps pod pending" classname="Kubernetes e2e suite" status="skipped" time="0">
              <skipped message="skipped"></skipped>
          </testcase>
          <testcase name="[It] [sig-storage] CSI Volumes [Driver: pd.csi.storage.gke.io] [Serial] [Testpattern: Generic Ephemeral-volume (default fs) (late-binding)] ephemeral should support expansion of pvcs created for ephemeral pvcs" classname="Kubernetes e2e suite" status="skipped" time="0">
              <skipped message="skipped"></skipped>
          </testcase>
          <testcase name="[It] [sig-storage] In-tree Volumes [Driver: local] [LocalVolumeType: dir-bindmounted] [Testpattern: Dynamic PV (default fs)] subPath should support existing directory" classname="Kubernetes e2e suite" status="skipped" time="0">
              <skipped message="skipped"></skipped>
          </testcase>
          <testcase name="[It] [sig-storage] In-tree Volumes [Driver: azure-disk] [Testpattern: Dynamic PV (ntfs)] [Feature:Windows] multiVolume [Slow] should access to two volumes with different volume mode and retain data across pod recreation on different node" classname="Kubernetes e2e suite" status="skipped" time="0">
              <skipped message="skipped"></skipped>
          </testcase>
          <testcase name="[It] [sig-cloud-provider-gcp] Restart [Disruptive] [KubeUp] should restart all nodes and ensure all nodes and pods recover" classname="Kubernetes e2e suite" status="skipped" time="0">
              <skipped message="skipped"></skipped>
          </testcase>
          <testcase name="[It] [sig-storage] In-tree Volumes [Driver: local] [LocalVolumeType: blockfs] [Testpattern: Dynamic PV (default fs)] subPath should verify container cannot write to subpath readonly volumes [Slow]" classname="Kubernetes e2e suite" status="skipped" time="0">
              <skipped message="skipped"></skipped>
          </testcase>
          <testcase name="[It] [sig-storage] In-tree Volumes [Driver: local] [LocalVolumeType: gce-localssd-scsi-fs] [Serial] [Testpattern: Dynamic PV (ntfs)] [Feature:Windows] subPath should be able to unmount after the subpath directory is deleted [LinuxOnly]" classname="Kubernetes e2e suite" status="skipped" time="0">
              <skipped message="skipped"></skipped>
          </testcase>
          <testcase name="[It] [sig-node] Security Context when creating containers with AllowPrivilegeEscalation should not allow privilege escalation when false [LinuxOnly] [NodeConformance] [Conformance]" classname="Kubernetes e2e suite" status="passed" time="46.165026762"></testcase>
          <testcase name="[It] [sig-storage] In-tree Volumes [Driver: vsphere] [Testpattern: Pre-provisioned PV (ntfs)] [Feature:Windows] volumes should allow exec of files on the volume" classname="Kubernetes e2e suite" status="skipped" time="0">
              <skipped message="skipped"></skipped>
          </testcase>
          <testcase name="[It] [sig-storage] In-tree Volumes [Driver: vsphere] [Testpattern: Dynamic PV (ntfs)] [Feature:Windows] volumeIO should write files of various sizes, verify size, validate content [Slow]" classname="Kubernetes e2e suite" status="skipped" time="0">
              <skipped message="skipped"></skipped>
          </testcase>
          <testcase name="[It] [sig-storage] In-tree Volumes [Driver: local] [LocalVolumeType: dir-link] [Testpattern: Inline-volume (ext4)] volumes should allow exec of files on the volume" classname="Kubernetes e2e suite" status="skipped" time="0">
              <skipped message="skipped"></skipped>
          </testcase>
          <testcase name="[It] [sig-storage] CSI Volumes [Driver: pd.csi.storage.gke.io] [Serial] [Testpattern: Dynamic PV (default fs)] fsgroupchangepolicy (Always)[LinuxOnly], rwop pod created with an initial fsgroup, new pod fsgroup applied to volume contents" classname="Kubernetes e2e suite" status="skipped" time="0">
              <skipped message="skipped"></skipped>
          </testcase>
          <testcase name="[It] [sig-storage] CSI Volumes [Driver: csi-hostpath] [Testpattern: Dynamic PV (xfs)] [Slow] multiVolume [Slow] should concurrently access the volume and restored snapshot from pods on the same node [LinuxOnly] [Feature:VolumeSnapshotDataSource] [Feature:VolumeSourceXFS]" classname="Kubernetes e2e suite" status="skipped" time="0">
              <skipped message="skipped"></skipped>
          </testcase>
          <testcase name="[It] [sig-storage] In-tree Volumes [Driver: azure-disk] [Testpattern: Dynamic PV (xfs)] [Slow] multiVolume [Slow] should concurrently access the volume and restored snapshot from pods on the same node [LinuxOnly] [Feature:VolumeSnapshotDataSource] [Feature:VolumeSourceXFS]" classname="Kubernetes e2e suite" status="skipped" time="0">
              <skipped message="skipped"></skipped>
          </testcase>
          <testcase name="[It] [sig-autoscaling] Cluster size autoscaling [Slow] should increase cluster size if pod requesting EmptyDir volume is pending [Feature:ClusterSizeAutoscalingScaleUp]" classname="Kubernetes e2e suite" status="skipped" time="0">
              <skipped message="skipped"></skipped>
          </testcase>
          <testcase name="[It] [sig-storage] In-tree Volumes [Driver: vsphere] [Testpattern: Dynamic PV (ntfs)] [Feature:Windows] subPath should support existing directory" classname="Kubernetes e2e suite" status="skipped" time="0">
              <skipped message="skipped"></skipped>
          </testcase>
          <testcase name="[It] [sig-storage] In-tree Volumes [Driver: azure-disk] [Testpattern: Pre-provisioned PV (ntfs)] [Feature:Windows] volumes should allow exec of files on the volume" classname="Kubernetes e2e suite" status="skipped" time="0">
              <skipped message="skipped"></skipped>
          </testcase>
          <testcase name="[It] [sig-storage] In-tree Volumes [Driver: local] [LocalVolumeType: dir-link] [Testpattern: Inline-volume (default fs)] subPath should support restarting containers using file as subpath [Slow] [LinuxOnly]" classname="Kubernetes e2e suite" status="skipped" time="0">
              <skipped message="skipped"></skipped>
          </testcase>
          <testcase name="[It] [sig-storage] In-tree Volumes [Driver: local] [LocalVolumeType: gce-localssd-scsi-fs] [Serial] [Testpattern: Dynamic PV (filesystem volmode)] disruptive [Disruptive] [LinuxOnly] Should test that pv used in a pod that is deleted while the kubelet is down is usable by a new pod with a different SELinux context when kubelet returns [Feature:SELinux]" classname="Kubernetes e2e suite" status="skipped" time="0">
              <skipped message="skipped"></skipped>
          </testcase>
          <testcase name="[It] [sig-storage] CSI Volumes [Driver: pd.csi.storage.gke.io] [Serial] [Testpattern: Generic Ephemeral-volume (default fs) (immediate-binding)] ephemeral should support two pods which have the same volume definition" classname="Kubernetes e2e suite" status="skipped" time="0">
              <skipped message="skipped"></skipped>
          </testcase>
          <testcase name="[It] [sig-storage] Volumes NFSv4 should be mountable for NFSv4" classname="Kubernetes e2e suite" status="skipped" time="0">
              <skipped message="skipped"></skipped>
          </testcase>
          <testcase name="[It] [sig-storage] Dynamic Provisioning DynamicProvisioner External should let an external dynamic provisioner create and delete persistent volumes [Slow]" classname="Kubernetes e2e suite" status="skipped" time="0">
              <skipped message="skipped"></skipped>
          </testcase>
          <testcase name="[It] [sig-storage] In-tree Volumes [Driver: local] [LocalVolumeType: dir-link] [Testpattern: Generic Ephemeral-volume (default fs) (immediate-binding)] ephemeral should support multiple inline ephemeral volumes" classname="Kubernetes e2e suite" status="skipped" time="0">
              <skipped message="skipped"></skipped>
          </testcase>
          <testcase name="[It] [sig-storage] In-tree Volumes [Driver: azure-file] [Testpattern: Generic Ephemeral-volume (default fs) (immediate-binding)] ephemeral should create read/write inline ephemeral volume" classname="Kubernetes e2e suite" status="skipped" time="0">
              <skipped message="skipped"></skipped>
          </testcase>
          <testcase name="[It] [sig-storage] In-tree Volumes [Driver: iscsi] [Feature:Volumes] [Testpattern: Generic Ephemeral-volume (default fs) (late-binding)] ephemeral should support two pods which have the same volume definition" classname="Kubernetes e2e suite" status="skipped" time="0">
              <skipped message="skipped"></skipped>
          </testcase>
          <testcase name="[It] [sig-api-machinery] ValidatingAdmissionPolicy [Privileged:ClusterAdmin] should support ValidatingAdmissionPolicyBinding API operations [Conformance]" classname="Kubernetes e2e suite" status="passed" time="0.104286211"></testcase>
          <testcase name="[It] [sig-cloud-provider-gcp] Upgrade [Feature:Upgrade] cluster upgrade should maintain a functioning cluster [Feature:ClusterUpgrade]" classname="Kubernetes e2e suite" status="skipped" time="0">
              <skipped message="skipped"></skipped>
          </testcase>
          <testcase name="[It] [sig-storage] In-tree Volumes [Driver: local] [LocalVolumeType: dir-link] [Testpattern: Dynamic PV (ntfs)] [Feature:Windows] multiVolume [Slow] should concurrently access the single read-only volume from pods on the same node" classname="Kubernetes e2e suite" status="skipped" time="0">
              <skipped message="skipped"></skipped>
          </testcase>
          <testcase name="[It] [sig-node] Downward API [Serial] [Disruptive] [Feature:DownwardAPIHugePages] Downward API tests for hugepages should provide default limits.hugepages-&lt;pagesize&gt; from node allocatable" classname="Kubernetes e2e suite" status="skipped" time="0">
              <skipped message="skipped"></skipped>
          </testcase>
          <testcase name="[It] [sig-api-machinery] Servers with support for Table transformation should return generic metadata details across all namespaces for nodes" classname="Kubernetes e2e suite" status="skipped" time="0">
              <skipped message="skipped"></skipped>
          </testcase>
          <testcase name="[It] [sig-storage] In-tree Volumes [Driver: emptydir] [Testpattern: Dynamic PV (xfs)] [Slow] volumes should store data" classname="Kubernetes e2e suite" status="skipped" time="0">
              <skipped message="skipped"></skipped>
          </testcase>
          <testcase name="[It] [sig-cli] Kubectl Port forwarding With a server listening on 0.0.0.0 that expects NO client request should support a client that connects, sends DATA, and disconnects" classname="Kubernetes e2e suite" status="skipped" time="0">
              <skipped message="skipped"></skipped>
          </testcase>
          <testcase name="[It] [sig-storage] In-tree Volumes [Driver: local] [LocalVolumeType: gce-localssd-scsi-fs] [Serial] [Testpattern: Dynamic PV (block volmode)(allowExpansion)] volume-expand Verify if offline PVC expansion works" classname="Kubernetes e2e suite" status="skipped" time="0">
              <skipped message="skipped"></skipped>
          </testcase>
          <testcase name="[It] [sig-storage] In-tree Volumes [Driver: vsphere] [Testpattern: Inline-volume (default fs)] volumes should store data" classname="Kubernetes e2e suite" status="skipped" time="0">
              <skipped message="skipped"></skipped>
          </testcase>
          <testcase name="[It] [sig-auth] SubjectReview should support SubjectReview API operations [Conformance]" classname="Kubernetes e2e suite" status="passed" time="0.101138767"></testcase>
          <testcase name="[It] [sig-storage] PersistentVolumes-local [Volume type: dir-link-bindmounted] One pod requesting one prebound PVC should be able to mount volume and read from pod1" classname="Kubernetes e2e suite" status="skipped" time="0">
              <skipped message="skipped"></skipped>
          </testcase>
          <testcase name="[It] [sig-network] Services should implement service.kubernetes.io/service-proxy-name" classname="Kubernetes e2e suite" status="skipped" time="0">
              <skipped message="skipped"></skipped>
          </testcase>
          <testcase name="[It] [sig-storage] In-tree Volumes [Driver: local] [LocalVolumeType: block] [Testpattern: Dynamic PV (xfs)] [Slow] multiVolume [Slow] should concurrently access the volume and its clone from pods on the same node [LinuxOnly] [Feature:VolumeSourceXFS]" classname="Kubernetes e2e suite" status="skipped" time="0">
              <skipped message="skipped"></skipped>
          </testcase>
          <testcase name="[It] [sig-storage] In-tree Volumes [Driver: vsphere] [Testpattern: Dynamic PV (ntfs)] [Feature:Windows] multiVolume [Slow] should concurrently access the single read-only volume from pods on the same node" classname="Kubernetes e2e suite" status="skipped" time="0">
              <skipped message="skipped"></skipped>
          </testcase>
          <testcase name="[It] [sig-storage] In-tree Volumes [Driver: vsphere] [Testpattern: Generic Ephemeral-volume (block volmode) (late-binding)] ephemeral should support multiple inline ephemeral volumes" classname="Kubernetes e2e suite" status="skipped" time="0">
              <skipped message="skipped"></skipped>
          </testcase>
          <testcase name="[It] [sig-api-machinery] health handlers should contain necessary checks" classname="Kubernetes e2e suite" status="skipped" time="0">
              <skipped message="skipped"></skipped>
          </testcase>
          <testcase name="[It] [sig-storage] In-tree Volumes [Driver: emptydir] [Testpattern: Inline-volume (default fs)] volumes should store data" classname="Kubernetes e2e suite" status="skipped" time="0">
              <skipped message="skipped"></skipped>
          </testcase>
          <testcase name="[It] [sig-storage] In-tree Volumes [Driver: iscsi] [Feature:Volumes] [Testpattern: Generic Ephemeral-volume (default fs) (late-binding)] ephemeral should support multiple inline ephemeral volumes" classname="Kubernetes e2e suite" status="skipped" time="0">
              <skipped message="skipped"></skipped>
          </testcase>
          <testcase name="[It] [sig-storage] In-tree Volumes [Driver: local] [LocalVolumeType: dir] [Testpattern: Pre-provisioned PV (default fs)] subPath should support existing directory" classname="Kubernetes e2e suite" status="skipped" time="0">
              <skipped message="skipped"></skipped>
          </testcase>
          <testcase name="[It] [sig-storage] In-tree Volumes [Driver: emptydir] [Testpattern: Dynamic PV (ntfs)] [Feature:Windows] subPath should fail if non-existent subpath is outside the volume [Slow] [LinuxOnly]" classname="Kubernetes e2e suite" status="skipped" time="0">
              <skipped message="skipped"></skipped>
          </testcase>
          <testcase name="[It] [sig-network] Networking Granular Checks: Pods should function for node-pod communication: udp [LinuxOnly] [NodeConformance] [Conformance]" classname="Kubernetes e2e suite" status="passed" time="16.326360512"></testcase>
          <testcase name="[It] [sig-storage] CSI Mock selinux on mount metrics and SELinuxWarningController SELinuxMount metrics [LinuxOnly] [Feature:SELinux] [Serial] error is bumped on two Pods with a different policy on RWO volume and SELinuxMount enabled (Recursive + MountOption) [FeatureGate:SELinuxMountReadWriteOncePod] [Beta] [FeatureGate:SELinuxChangePolicy] [Beta] [FeatureGate:SELinuxMount] [Beta] [Feature:OffByDefault]" classname="Kubernetes e2e suite" status="skipped" time="0">
              <skipped message="skipped"></skipped>
          </testcase>
          <testcase name="[It] [sig-storage] In-tree Volumes [Driver: local] [LocalVolumeType: gce-localssd-scsi-fs] [Serial] [Testpattern: Pre-provisioned PV (filesystem volmode)] multiVolume [Slow] should concurrently access the volume and its clone from pods on the same node [LinuxOnly] [Feature:VolumeSourceXFS]" classname="Kubernetes e2e suite" status="skipped" time="0">
              <skipped message="skipped"></skipped>
          </testcase>
          <testcase name="[It] [sig-node] Events should be sent by kubelets and the scheduler about pods scheduling and running" classname="Kubernetes e2e suite" status="skipped" time="0">
              <skipped message="skipped"></skipped>
          </testcase>
          <testcase name="[It] [sig-storage] In-tree Volumes [Driver: emptydir] [Testpattern: Dynamic PV (ntfs)] [Feature:Windows] provisioning should provision storage with snapshot data source (ROX mode) [Feature:VolumeSnapshotDataSource]" classname="Kubernetes e2e suite" status="skipped" time="0">
              <skipped message="skipped"></skipped>
          </testcase>
          <testcase name="[It] [sig-windows] [Feature:WindowsHostProcessContainers] [MinimumKubeletVersion:1.22] HostProcess containers container stats validation" classname="Kubernetes e2e suite" status="skipped" time="0">
              <skipped message="skipped"></skipped>
          </testcase>
          <testcase name="[It] [sig-storage] In-tree Volumes [Driver: hostPathSymlink] [Testpattern: Dynamic PV (filesystem volmode)] multiVolume [Slow] should concurrently access the single volume from pods on different node" classname="Kubernetes e2e suite" status="skipped" time="0">
              <skipped message="skipped"></skipped>
          </testcase>
          <testcase name="[It] [sig-storage] CSI Volumes [Driver: pd.csi.storage.gke.io] [Serial] [Testpattern: Dynamic PV (default fs)] fsgroupchangepolicy (Always)[LinuxOnly], pod created with an initial fsgroup, new pod fsgroup applied to volume contents" classname="Kubernetes e2e suite" status="skipped" time="0">
              <skipped message="skipped"></skipped>
          </testcase>
          <testcase name="[It] [sig-api-machinery] ResourceQuota should create a ResourceQuota and capture the life of a replication controller. [Conformance]" classname="Kubernetes e2e suite" status="passed" time="11.07845875"></testcase>
          <testcase name="[It] [sig-autoscaling] [Feature:HPA] [Serial] [Slow] Horizontal pod autoscaling (non-default behavior) with both scale up and down controls configured should keep recommendation within the range over two stabilization windows" classname="Kubernetes e2e suite" status="skipped" time="0">
              <skipped message="skipped"></skipped>
          </testcase>
          <testcase name="[It] [sig-storage] In-tree Volumes [Driver: local] [LocalVolumeType: block] [Testpattern: Pre-provisioned PV (ntfs)] [Feature:Windows] volumes should store data" classname="Kubernetes e2e suite" status="skipped" time="0">
              <skipped message="skipped"></skipped>
          </testcase>
          <testcase name="[It] [sig-api-machinery] ValidatingAdmissionPolicy [Privileged:ClusterAdmin] should validate against a Deployment [Conformance]" classname="Kubernetes e2e suite" status="passed" time="0.706975208"></testcase>
          <testcase name="[It] [sig-storage] In-tree Volumes [Driver: local] [LocalVolumeType: block] [Testpattern: Dynamic PV (filesystem volmode)] volumeMode should not mount / map unused volumes in a pod [LinuxOnly]" classname="Kubernetes e2e suite" status="skipped" time="0">
              <skipped message="skipped"></skipped>
          </testcase>
          <testcase name="[It] [sig-storage] In-tree Volumes [Driver: vsphere] [Testpattern: Dynamic PV (default fs)] subPath should support existing directories when readOnly specified in the volumeSource" classname="Kubernetes e2e suite" status="skipped" time="0">
              <skipped message="skipped"></skipped>
          </testcase>
          <testcase name="[It] [sig-storage] In-tree Volumes [Driver: local] [LocalVolumeType: block] [Testpattern: Dynamic PV (ntfs)] [Feature:Windows] volumes should allow exec of files on the volume" classname="Kubernetes e2e suite" status="skipped" time="0">
              <skipped message="skipped"></skipped>
          </testcase>
          <testcase name="[It] [sig-storage] PersistentVolumes-local [Volume type: dir-link] One pod requesting one prebound PVC should be able to mount volume and read from pod1" classname="Kubernetes e2e suite" status="skipped" time="0">
              <skipped message="skipped"></skipped>
          </testcase>
          <testcase name="[It] [sig-storage] In-tree Volumes [Driver: cinder] [Testpattern: Generic Ephemeral-volume (default fs)] volumeLimits should verify that all csinodes have volume limits" classname="Kubernetes e2e suite" status="skipped" time="0">
              <skipped message="skipped"></skipped>
          </testcase>
          <testcase name="[It] [sig-storage] In-tree Volumes [Driver: emptydir] [Testpattern: Dynamic PV (xfs)] [Slow] multiVolume [Slow] should concurrently access the single volume from pods on different node" classname="Kubernetes e2e suite" status="skipped" time="0">
              <skipped message="skipped"></skipped>
          </testcase>
          <testcase name="[It] [sig-storage] In-tree Volumes [Driver: local] [LocalVolumeType: dir-link-bindmounted] [Testpattern: Generic Ephemeral-volume (default fs) (immediate-binding)] ephemeral should support multiple inline ephemeral volumes" classname="Kubernetes e2e suite" status="skipped" time="0">
              <skipped message="skipped"></skipped>
          </testcase>
          <testcase name="[It] [sig-api-machinery] Namespaces [Serial] should apply an update to a Namespace [Conformance]" classname="Kubernetes e2e suite" status="passed" time="0.100779573"></testcase>
          <testcase name="[It] [sig-storage] PersistentVolumes NFS with Single PV - PVC pairs create a PV and a pre-bound PVC: test write access" classname="Kubernetes e2e suite" status="skipped" time="0">
              <skipped message="skipped"></skipped>
          </testcase>
          <testcase name="[It] [sig-storage] In-tree Volumes [Driver: local] [LocalVolumeType: block] [Testpattern: Dynamic PV (ntfs)] [Feature:Windows] multiVolume [Slow] should access to two volumes with different volume mode and retain data across pod recreation on the same node" classname="Kubernetes e2e suite" status="skipped" time="0">
              <skipped message="skipped"></skipped>
          </testcase>
          <testcase name="[It] [sig-storage] CSI Volumes [Driver: pd.csi.storage.gke.io] [Serial] [Testpattern: Pre-provisioned PV (xfs)] [Slow] volumes should store data" classname="Kubernetes e2e suite" status="skipped" time="0">
              <skipped message="skipped"></skipped>
          </testcase>
          <testcase name="[It] [sig-storage] In-tree Volumes [Driver: local] [LocalVolumeType: blockfs] [Testpattern: Dynamic PV (ntfs)] [Feature:Windows] volumes should allow exec of files on the volume" classname="Kubernetes e2e suite" status="skipped" time="0">
              <skipped message="skipped"></skipped>
          </testcase>
          <testcase name="[It] [sig-storage] In-tree Volumes [Driver: hostPath] [Testpattern: Dynamic PV (ext4)] multiVolume [Slow] should concurrently access the single volume from pods on different node" classname="Kubernetes e2e suite" status="skipped" time="0">
              <skipped message="skipped"></skipped>
          </testcase>
          <testcase name="[It] [sig-storage] In-tree Volumes [Driver: nfs] [Testpattern: Inline-volume (default fs)] subPath should support readOnly directory specified in the volumeMount" classname="Kubernetes e2e suite" status="skipped" time="0">
              <skipped message="skipped"></skipped>
          </testcase>
          <testcase name="[It] [sig-storage] PersistentVolumes-local [Volume type: gce-localssd-scsi-fs] [Serial] Set fsGroup for local volume should set different fsGroup for second pod if first pod is deleted [Flaky]" classname="Kubernetes e2e suite" status="skipped" time="0">
              <skipped message="skipped"></skipped>
          </testcase>
          <testcase name="[It] [sig-storage] In-tree Volumes [Driver: azure-file] [Testpattern: Pre-provisioned PV (ext4)] volumes should allow exec of files on the volume" classname="Kubernetes e2e suite" status="skipped" time="0">
              <skipped message="skipped"></skipped>
          </testcase>
          <testcase name="[It] [sig-node] [Feature:SidecarContainers] Probing restartable init container with readiness probe that fails should never be ready and never restart" classname="Kubernetes e2e suite" status="skipped" time="0">
              <skipped message="skipped"></skipped>
          </testcase>
          <testcase name="[It] [sig-windows] Hybrid cluster network for all supported CNIs should provide Internet connection and DNS for Windows containers [Feature:Networking-IPv4] [Feature:Networking-DNS]" classname="Kubernetes e2e suite" status="skipped" time="0">
              <skipped message="skipped"></skipped>
          </testcase>
          <testcase name="[It] [sig-storage] In-tree Volumes [Driver: local] [LocalVolumeType: tmpfs] [Testpattern: Inline-volume (default fs)] subPath should support existing directory" classname="Kubernetes e2e suite" status="skipped" time="0">
              <skipped message="skipped"></skipped>
          </testcase>
          <testcase name="[It] [sig-storage] In-tree Volumes [Driver: local] [LocalVolumeType: block] [Testpattern: Dynamic PV (ext4)] multiVolume [Slow] should concurrently access the single volume from pods on the same node" classname="Kubernetes e2e suite" status="skipped" time="0">
              <skipped message="skipped"></skipped>
          </testcase>
          <testcase name="[It] [sig-storage] In-tree Volumes [Driver: local] [LocalVolumeType: dir-link] [Testpattern: Dynamic PV (default fs)] provisioning should provision storage with mount options" classname="Kubernetes e2e suite" status="skipped" time="0">
              <skipped message="skipped"></skipped>
          </testcase>
          <testcase name="[It] [sig-storage] In-tree Volumes [Driver: local] [LocalVolumeType: dir-link] [Testpattern: Dynamic PV (block volmode)] volume-expand should not allow expansion of pvcs without AllowVolumeExpansion property" classname="Kubernetes e2e suite" status="skipped" time="0">
              <skipped message="skipped"></skipped>
          </testcase>
          <testcase name="[It] [sig-storage] In-tree Volumes [Driver: local] [LocalVolumeType: dir-bindmounted] [Testpattern: Dynamic PV (default fs)] volume-expand should not allow expansion of pvcs without AllowVolumeExpansion property" classname="Kubernetes e2e suite" status="skipped" time="0">
              <skipped message="skipped"></skipped>
          </testcase>
          <testcase name="[It] [sig-cloud-provider] [Feature:CloudProvider] [Disruptive] Nodes should be deleted on API server if it doesn&#39;t exist in the cloud provider" classname="Kubernetes e2e suite" status="skipped" time="0">
              <skipped message="skipped"></skipped>
          </testcase>
          <testcase name="[It] [sig-storage] In-tree Volumes [Driver: nfs] [Testpattern: Pre-provisioned PV (block volmode)] volumeMode should fail to use a volume in a pod with mismatched mode [Slow]" classname="Kubernetes e2e suite" status="skipped" time="0">
              <skipped message="skipped"></skipped>
          </testcase>
          <testcase name="[It] [sig-node] DRA [Feature:DynamicResourceAllocation] [FeatureGate:DynamicResourceAllocation] [Beta] [Feature:OffByDefault] kubelet must call NodePrepareResources even if not used by any container" classname="Kubernetes e2e suite" status="skipped" time="0">
              <skipped message="skipped"></skipped>
          </testcase>
          <testcase name="[It] [sig-storage] In-tree Volumes [Driver: hostPathSymlink] [Testpattern: Dynamic PV (ntfs)] [Feature:Windows] provisioning should provision storage with pvc data source (ROX mode)" classname="Kubernetes e2e suite" status="skipped" time="0">
              <skipped message="skipped"></skipped>
          </testcase>
          <testcase name="[It] [sig-storage] In-tree Volumes [Driver: local] [LocalVolumeType: dir-link] [Testpattern: Inline-volume (default fs)] subPath should support readOnly directory specified in the volumeMount" classname="Kubernetes e2e suite" status="skipped" time="0">
              <skipped message="skipped"></skipped>
          </testcase>
          <testcase name="[It] [sig-storage] In-tree Volumes [Driver: emptydir] [Testpattern: Dynamic PV (default fs)] subPath should support non-existent path" classname="Kubernetes e2e suite" status="skipped" time="0">
              <skipped message="skipped"></skipped>
          </testcase>
          <testcase name="[It] [sig-storage] In-tree Volumes [Driver: hostPathSymlink] [Testpattern: Dynamic PV (ntfs)] [Feature:Windows] subPath should fail if subpath directory is outside the volume [Slow] [LinuxOnly]" classname="Kubernetes e2e suite" status="skipped" time="0">
              <skipped message="skipped"></skipped>
          </testcase>
          <testcase name="[It] [sig-storage] In-tree Volumes [Driver: local] [LocalVolumeType: dir] [Testpattern: Pre-provisioned PV (ext3)] volumes should store data" classname="Kubernetes e2e suite" status="skipped" time="0">
              <skipped message="skipped"></skipped>
          </testcase>
          <testcase name="[It] [sig-api-machinery] client-go should negotiate watch and report errors with accept &#34;application/vnd.kubernetes.protobuf&#34;" classname="Kubernetes e2e suite" status="skipped" time="0">
              <skipped message="skipped"></skipped>
          </testcase>
          <testcase name="[It] [sig-storage] In-tree Volumes [Driver: local] [LocalVolumeType: dir-bindmounted] [Testpattern: Inline-volume (default fs)] subPath should support file as subpath [LinuxOnly]" classname="Kubernetes e2e suite" status="skipped" time="0">
              <skipped message="skipped"></skipped>
          </testcase>
          <testcase name="[It] [sig-storage] In-tree Volumes [Driver: hostPath] [Testpattern: Pre-provisioned PV (block volmode)] multiVolume [Slow] should concurrently access the volume and restored snapshot from pods on the same node [LinuxOnly] [Feature:VolumeSnapshotDataSource] [Feature:VolumeSourceXFS]" classname="Kubernetes e2e suite" status="skipped" time="0">
              <skipped message="skipped"></skipped>
          </testcase>
          <testcase name="[It] [sig-storage] In-tree Volumes [Driver: nfs] [Testpattern: Dynamic PV (filesystem volmode)] volumeMode should not mount / map unused volumes in a pod [LinuxOnly]" classname="Kubernetes e2e suite" status="skipped" time="0">
              <skipped message="skipped"></skipped>
          </testcase>
          <testcase name="[It] [sig-storage] In-tree Volumes [Driver: nfs] [Testpattern: Generic Ephemeral-volume (block volmode) (late-binding)] ephemeral should support multiple inline ephemeral volumes" classname="Kubernetes e2e suite" status="skipped" time="0">
              <skipped message="skipped"></skipped>
          </testcase>
          <testcase name="[It] [sig-storage] In-tree Volumes [Driver: iscsi] [Feature:Volumes] [Testpattern: Dynamic PV (block volmode)] multiVolume [Slow] should concurrently access the single volume from pods on the same node" classname="Kubernetes e2e suite" status="skipped" time="0">
              <skipped message="skipped"></skipped>
          </testcase>
          <testcase name="[It] [sig-storage] CSI Volumes [Driver: csi-hostpath] [Testpattern: Pre-provisioned PV (default fs)] volumeIO should write files of various sizes, verify size, validate content [Slow]" classname="Kubernetes e2e suite" status="skipped" time="0">
              <skipped message="skipped"></skipped>
          </testcase>
          <testcase name="[It] [sig-storage] In-tree Volumes [Driver: iscsi] [Feature:Volumes] [Testpattern: Dynamic PV (ext4)] multiVolume [Slow] should access to two volumes with different volume mode and retain data across pod recreation on the same node" classname="Kubernetes e2e suite" status="skipped" time="0">
              <skipped message="skipped"></skipped>
          </testcase>
          <testcase name="[It] [sig-storage] In-tree Volumes [Driver: cinder] [Testpattern: Inline-volume (ntfs)] [Feature:Windows] volumes should store data" classname="Kubernetes e2e suite" status="skipped" time="0">
              <skipped message="skipped"></skipped>
          </testcase>
          <testcase name="[It] [sig-storage] HostPathType Character Device [Slow] Should be able to mount character device &#39;achardev&#39; successfully when HostPathType is HostPathCharDev" classname="Kubernetes e2e suite" status="skipped" time="0">
              <skipped message="skipped"></skipped>
          </testcase>
          <testcase name="[It] [sig-storage] In-tree Volumes [Driver: emptydir] [Testpattern: Pre-provisioned PV (filesystem volmode)] multiVolume [Slow] should access to two volumes with the same volume mode and retain data across pod recreation on the same node" classname="Kubernetes e2e suite" status="skipped" time="0">
              <skipped message="skipped"></skipped>
          </testcase>
          <testcase name="[It] [sig-storage] In-tree Volumes [Driver: local] [LocalVolumeType: dir-bindmounted] [Testpattern: Dynamic PV (default fs)] provisioning should provision correct filesystem size when restoring snapshot to larger size pvc [Feature:VolumeSnapshotDataSource]" classname="Kubernetes e2e suite" status="skipped" time="0">
              <skipped message="skipped"></skipped>
          </testcase>
          <testcase name="[It] [sig-storage] In-tree Volumes [Driver: local] [LocalVolumeType: blockfs] [Testpattern: Dynamic PV (default fs)] fsgroupchangepolicy (Always)[LinuxOnly], pod created with an initial fsgroup, new pod fsgroup applied to volume contents" classname="Kubernetes e2e suite" status="skipped" time="0">
              <skipped message="skipped"></skipped>
          </testcase>
          <testcase name="[It] [sig-storage] In-tree Volumes [Driver: local] [LocalVolumeType: dir-link-bindmounted] [Testpattern: Dynamic PV (block volmode)] provisioning should provision storage with any volume data source [Serial]" classname="Kubernetes e2e suite" status="skipped" time="0">
              <skipped message="skipped"></skipped>
          </testcase>
          <testcase name="[It] [sig-node] Pods should be submitted and removed [NodeConformance] [Conformance]" classname="Kubernetes e2e suite" status="passed" time="2.954355062"></testcase>
          <testcase name="[It] [sig-storage] In-tree Volumes [Driver: local] [LocalVolumeType: dir-bindmounted] [Testpattern: Generic Ephemeral-volume (block volmode) (late-binding)] ephemeral should support multiple inline ephemeral volumes" classname="Kubernetes e2e suite" status="skipped" time="0">
              <skipped message="skipped"></skipped>
          </testcase>
          <testcase name="[It] [sig-storage] In-tree Volumes [Driver: iscsi] [Feature:Volumes] [Testpattern: Dynamic PV (filesystem volmode)] disruptive [Disruptive] [LinuxOnly] Should test that pv used in a pod that is force deleted while the kubelet is down is usable by a new pod when kubelet returns [Feature:SELinux]" classname="Kubernetes e2e suite" status="skipped" time="0">
              <skipped message="skipped"></skipped>
          </testcase>
          <testcase name="[It] [sig-storage] CSI Volumes [Driver: pd.csi.storage.gke.io] [Serial] [Testpattern: Dynamic PV (delayed binding)] topology should fail to schedule a pod which has topologies that conflict with AllowedTopologies" classname="Kubernetes e2e suite" status="skipped" time="0">
              <skipped message="skipped"></skipped>
          </testcase>
          <testcase name="[It] [sig-storage] In-tree Volumes [Driver: hostPathSymlink] [Testpattern: Pre-provisioned PV (default fs)] subPath should support existing directory" classname="Kubernetes e2e suite" status="skipped" time="0">
              <skipped message="skipped"></skipped>
          </testcase>
          <testcase name="[It] [sig-storage] In-tree Volumes [Driver: local] [LocalVolumeType: block] [Testpattern: Dynamic PV (xfs)] [Slow] multiVolume [Slow] should access to two volumes with different volume mode and retain data across pod recreation on the same node" classname="Kubernetes e2e suite" status="skipped" time="0">
              <skipped message="skipped"></skipped>
          </testcase>
          <testcase name="[It] [sig-storage] CSI Mock honor pv reclaim policy CSI honor pv reclaim policy using mock driver Static provisioning should honor pv retain reclaim policy when deleting pv then pvc" classname="Kubernetes e2e suite" status="skipped" time="0">
              <skipped message="skipped"></skipped>
          </testcase>
          <testcase name="[It] [sig-storage] In-tree Volumes [Driver: local] [LocalVolumeType: dir] [Testpattern: Inline-volume (default fs)] subPath should support existing directory" classname="Kubernetes e2e suite" status="skipped" time="0">
              <skipped message="skipped"></skipped>
          </testcase>
          <testcase name="[It] [sig-storage] In-tree Volumes [Driver: local] [LocalVolumeType: blockfs] [Testpattern: Dynamic PV (xfs)] [Slow] multiVolume [Slow] should concurrently access the single volume from pods on the same node" classname="Kubernetes e2e suite" status="skipped" time="0">
              <skipped message="skipped"></skipped>
          </testcase>
          <testcase name="[It] [sig-storage] In-tree Volumes [Driver: local] [LocalVolumeType: gce-localssd-scsi-fs] [Serial] [Testpattern: Pre-provisioned PV (default fs)] volumeIO should write files of various sizes, verify size, validate content [Slow]" classname="Kubernetes e2e suite" status="skipped" time="0">
              <skipped message="skipped"></skipped>
          </testcase>
          <testcase name="[It] [sig-storage] In-tree Volumes [Driver: hostPath] [Testpattern: Pre-provisioned PV (default fs)] subPath should verify container cannot write to subpath readonly volumes [Slow]" classname="Kubernetes e2e suite" status="skipped" time="0">
              <skipped message="skipped"></skipped>
          </testcase>
          <testcase name="[It] [sig-storage] In-tree Volumes [Driver: local] [LocalVolumeType: blockfs] [Testpattern: Generic Ephemeral-volume (block volmode) (late-binding)] ephemeral should support expansion of pvcs created for ephemeral pvcs" classname="Kubernetes e2e suite" status="skipped" time="0">
              <skipped message="skipped"></skipped>
          </testcase>
          <testcase name="[It] [sig-node] RuntimeClass should run a Pod requesting a RuntimeClass with scheduling without taints" classname="Kubernetes e2e suite" status="skipped" time="0">
              <skipped message="skipped"></skipped>
          </testcase>
          <testcase name="[It] [sig-api-machinery] Namespaces [Serial] should apply a finalizer to a Namespace [Conformance]" classname="Kubernetes e2e suite" status="passed" time="0.102214329"></testcase>
          <testcase name="[It] [sig-node] Containers should use the image defaults if command and args are blank [NodeConformance] [Conformance]" classname="Kubernetes e2e suite" status="passed" time="2.0371807730000002"></testcase>
          <testcase name="[It] [sig-api-machinery] AdmissionWebhook [Privileged:ClusterAdmin] should be able to create and update mutating webhook configurations with match conditions [Conformance]" classname="Kubernetes e2e suite" status="passed" time="3.634864719"></testcase>
          <testcase name="[It] [sig-storage] In-tree Volumes [Driver: nfs] [Testpattern: Dynamic PV (default fs)] subPath should support creating multiple subpath from same volumes [Slow]" classname="Kubernetes e2e suite" status="skipped" time="0">
              <skipped message="skipped"></skipped>
          </testcase>
          <testcase name="[It] [sig-storage] In-tree Volumes [Driver: vsphere] [Testpattern: Dynamic PV (default fs)] volume-expand should not allow expansion of pvcs without AllowVolumeExpansion property" classname="Kubernetes e2e suite" status="skipped" time="0">
              <skipped message="skipped"></skipped>
          </testcase>
          <testcase name="[It] [sig-storage] In-tree Volumes [Driver: local] [LocalVolumeType: tmpfs] [Testpattern: Dynamic PV (block volmode)] multiVolume [Slow] should access to two volumes with different volume mode and retain data across pod recreation on the same node" classname="Kubernetes e2e suite" status="skipped" time="0">
              <skipped message="skipped"></skipped>
          </testcase>
          <testcase name="[It] [sig-storage] In-tree Volumes [Driver: local] [LocalVolumeType: dir-link-bindmounted] [Testpattern: Dynamic PV (ext4)] multiVolume [Slow] should concurrently access the volume and restored snapshot from pods on the same node [LinuxOnly] [Feature:VolumeSnapshotDataSource] [Feature:VolumeSourceXFS]" classname="Kubernetes e2e suite" status="skipped" time="0">
              <skipped message="skipped"></skipped>
          </testcase>
          <testcase name="[It] [sig-storage] In-tree Volumes [Driver: local] [LocalVolumeType: dir-bindmounted] [Testpattern: Dynamic PV (block volmode)(allowExpansion)] volume-expand Verify if offline PVC expansion works" classname="Kubernetes e2e suite" status="skipped" time="0">
              <skipped message="skipped"></skipped>
          </testcase>
          <testcase name="[It] [sig-storage] In-tree Volumes [Driver: iscsi] [Feature:Volumes] [Testpattern: Pre-provisioned PV (ntfs)] [Feature:Windows] volumes should allow exec of files on the volume" classname="Kubernetes e2e suite" status="skipped" time="0">
              <skipped message="skipped"></skipped>
          </testcase>
          <testcase name="[It] [sig-storage] In-tree Volumes [Driver: iscsi] [Feature:Volumes] [Testpattern: Dynamic PV (ext4)] multiVolume [Slow] should access to two volumes with different volume mode and retain data across pod recreation on different node" classname="Kubernetes e2e suite" status="skipped" time="0">
              <skipped message="skipped"></skipped>
          </testcase>
          <testcase name="[It] [sig-storage] In-tree Volumes [Driver: azure-disk] [Testpattern: Dynamic PV (block volmode)] provisioning should provision storage with snapshot data source (ROX mode) [Feature:VolumeSnapshotDataSource]" classname="Kubernetes e2e suite" status="skipped" time="0">
              <skipped message="skipped"></skipped>
          </testcase>
          <testcase name="[It] [sig-storage] In-tree Volumes [Driver: local] [LocalVolumeType: block] [Testpattern: Dynamic PV (ntfs)] [Feature:Windows] subPath should support restarting containers using directory as subpath [Slow]" classname="Kubernetes e2e suite" status="skipped" time="0">
              <skipped message="skipped"></skipped>
          </testcase>
          <testcase name="[It] [sig-network] DNS should work with the pod containing more than 6 DNS search paths and longer than 256 search list characters" classname="Kubernetes e2e suite" status="skipped" time="0">
              <skipped message="skipped"></skipped>
          </testcase>
          <testcase name="[It] [sig-storage] In-tree Volumes [Driver: nfs] [Testpattern: Pre-provisioned PV (block volmode)] multiVolume [Slow] should access to two volumes with the same volume mode and retain data across pod recreation on the same node" classname="Kubernetes e2e suite" status="skipped" time="0">
              <skipped message="skipped"></skipped>
          </testcase>
          <testcase name="[It] [sig-storage] In-tree Volumes [Driver: local] [LocalVolumeType: dir-link] [Testpattern: Dynamic PV (ntfs)] [Feature:Windows] subPath should unmount if pod is force deleted while kubelet is down [Disruptive] [Slow] [LinuxOnly]" classname="Kubernetes e2e suite" status="skipped" time="0">
              <skipped message="skipped"></skipped>
          </testcase>
          <testcase name="[It] [sig-storage] In-tree Volumes [Driver: iscsi] [Feature:Volumes] [Testpattern: Inline-volume (xfs)] [Slow] volumes should store data" classname="Kubernetes e2e suite" status="skipped" time="0">
              <skipped message="skipped"></skipped>
          </testcase>
          <testcase name="[It] [sig-storage] In-tree Volumes [Driver: hostPath] [Testpattern: Inline-volume (default fs)] subPath should support existing directory" classname="Kubernetes e2e suite" status="skipped" time="0">
              <skipped message="skipped"></skipped>
          </testcase>
          <testcase name="[It] [sig-storage] CSI Volumes [Driver: csi-hostpath] [Testpattern: Dynamic PV (immediate binding)] topology should provision a volume and schedule a pod with AllowedTopologies" classname="Kubernetes e2e suite" status="skipped" time="0">
              <skipped message="skipped"></skipped>
          </testcase>
          <testcase name="[It] [sig-storage] CSI Volumes [Driver: pd.csi.storage.gke.io] [Serial] [Testpattern: Dynamic PV (default fs)] fsgroupchangepolicy (OnRootMismatch)[LinuxOnly], pod created with an initial fsgroup, volume contents ownership changed via chgrp in first pod, new pod with same fsgroup skips ownership changes to the volume contents" classname="Kubernetes e2e suite" status="skipped" time="0">
              <skipped message="skipped"></skipped>
          </testcase>
          <testcase name="[It] [sig-storage] In-tree Volumes [Driver: azure-file] [Testpattern: Dynamic PV (default fs)] subPath should fail if subpath with backstepping is outside the volume [Slow] [LinuxOnly]" classname="Kubernetes e2e suite" status="skipped" time="0">
              <skipped message="skipped"></skipped>
          </testcase>
          <testcase name="[It] [sig-storage] CSI Volumes [Driver: csi-hostpath] [Testpattern: Dynamic PV (ntfs)] [Feature:Windows] multiVolume [Slow] should concurrently access the volume and restored snapshot from pods on the same node [LinuxOnly] [Feature:VolumeSnapshotDataSource] [Feature:VolumeSourceXFS]" classname="Kubernetes e2e suite" status="skipped" time="0">
              <skipped message="skipped"></skipped>
          </testcase>
          <testcase name="[It] [sig-storage] In-tree Volumes [Driver: emptydir] [Testpattern: Pre-provisioned PV (default fs)] subPath should support creating multiple subpath from same volumes [Slow]" classname="Kubernetes e2e suite" status="skipped" time="0">
              <skipped message="skipped"></skipped>
          </testcase>
          <testcase name="[It] [sig-storage] CSI Volumes [Driver: pd.csi.storage.gke.io] [Serial] [Testpattern: Dynamic PV (block volmode)] volumes should store data" classname="Kubernetes e2e suite" status="skipped" time="0">
              <skipped message="skipped"></skipped>
          </testcase>
          <testcase name="[It] [sig-storage] In-tree Volumes [Driver: azure-disk] [Testpattern: Dynamic PV (default fs)] volume-stress multiple pods should access different volumes repeatedly [Slow] [Serial]" classname="Kubernetes e2e suite" status="skipped" time="0">
              <skipped message="skipped"></skipped>
          </testcase>
          <testcase name="[It] [sig-storage] In-tree Volumes [Driver: hostPath] [Testpattern: Dynamic PV (immediate binding)] topology should provision a volume and schedule a pod with AllowedTopologies" classname="Kubernetes e2e suite" status="skipped" time="0">
              <skipped message="skipped"></skipped>
          </testcase>
          <testcase name="[It] [sig-storage] In-tree Volumes [Driver: emptydir] [Testpattern: Dynamic PV (default fs)] subPath should support existing directory" classname="Kubernetes e2e suite" status="skipped" time="0">
              <skipped message="skipped"></skipped>
          </testcase>
          <testcase name="[It] [sig-network] Services should be possible to connect to a service via ExternalIP when the external IP is not assigned to a node" classname="Kubernetes e2e suite" status="skipped" time="0">
              <skipped message="skipped"></skipped>
          </testcase>
          <testcase name="[It] [sig-storage] In-tree Volumes [Driver: local] [LocalVolumeType: gce-localssd-scsi-fs] [Serial] [Testpattern: Dynamic PV (filesystem volmode)] multiVolume [Slow] should concurrently access the single volume from pods on the same node" classname="Kubernetes e2e suite" status="skipped" time="0">
              <skipped message="skipped"></skipped>
          </testcase>
          <testcase name="[It] [sig-api-machinery] ResourceQuota should verify ResourceQuota with best effort scope using scope-selectors." classname="Kubernetes e2e suite" status="skipped" time="0">
              <skipped message="skipped"></skipped>
          </testcase>
          <testcase name="[It] [sig-storage] PersistentVolumes-local [Volume type: gce-localssd-scsi-fs] [Serial] One pod requesting one prebound PVC should be able to mount volume and read from pod1" classname="Kubernetes e2e suite" status="skipped" time="0">
              <skipped message="skipped"></skipped>
          </testcase>
          <testcase name="[It] [sig-windows] [Feature:WindowsHostProcessContainers] [MinimumKubeletVersion:1.22] HostProcess containers should support querying api-server using in-cluster config" classname="Kubernetes e2e suite" status="skipped" time="0">
              <skipped message="skipped"></skipped>
          </testcase>
          <testcase name="[It] [sig-storage] In-tree Volumes [Driver: local] [LocalVolumeType: tmpfs] [Testpattern: Pre-provisioned PV (default fs)] subPath should support creating multiple subpath from same volumes [Slow]" classname="Kubernetes e2e suite" status="skipped" time="0">
              <skipped message="skipped"></skipped>
          </testcase>
          <testcase name="[It] [sig-storage] HostPathType Directory [Slow] Should fail on mounting non-existent directory &#39;does-not-exist-dir&#39; when HostPathType is HostPathDirectory" classname="Kubernetes e2e suite" status="skipped" time="0">
              <skipped message="skipped"></skipped>
          </testcase>
          <testcase name="[It] [sig-storage] In-tree Volumes [Driver: local] [LocalVolumeType: tmpfs] [Testpattern: Dynamic PV (filesystem volmode)] disruptive [Disruptive] [LinuxOnly] Should test that pv used in a pod that is force deleted while the kubelet is down is usable by a new pod with a different SELinux context when kubelet returns [Feature:SELinux]" classname="Kubernetes e2e suite" status="skipped" time="0">
              <skipped message="skipped"></skipped>
          </testcase>
          <testcase name="[It] [sig-node] SSH should SSH to all nodes and run commands" classname="Kubernetes e2e suite" status="skipped" time="0">
              <skipped message="skipped"></skipped>
          </testcase>
          <testcase name="[It] [sig-storage] In-tree Volumes [Driver: local] [LocalVolumeType: dir-link] [Testpattern: Inline-volume (default fs)] subPath should fail if subpath file is outside the volume [Slow] [LinuxOnly]" classname="Kubernetes e2e suite" status="skipped" time="0">
              <skipped message="skipped"></skipped>
          </testcase>
          <testcase name="[It] [sig-storage] In-tree Volumes [Driver: hostPath] [Testpattern: Dynamic PV (ntfs)] [Feature:Windows] provisioning should provision correct filesystem size when restoring snapshot to larger size pvc [Feature:VolumeSnapshotDataSource]" classname="Kubernetes e2e suite" status="skipped" time="0">
              <skipped message="skipped"></skipped>
          </testcase>
          <testcase name="[It] [sig-storage] In-tree Volumes [Driver: cinder] [Testpattern: Pre-provisioned PV (block volmode)] multiVolume [Slow] should access to two volumes with different volume mode and retain data across pod recreation on the same node" classname="Kubernetes e2e suite" status="skipped" time="0">
              <skipped message="skipped"></skipped>
          </testcase>
          <testcase name="[It] [sig-network] [Feature:IPv6DualStack] Granular Checks: Services Secondary IP Family [LinuxOnly] should update endpoints: udp" classname="Kubernetes e2e suite" status="skipped" time="0">
              <skipped message="skipped"></skipped>
          </testcase>
          <testcase name="[It] [sig-storage] In-tree Volumes [Driver: emptydir] [Testpattern: Pre-provisioned PV (block volmode)] multiVolume [Slow] should concurrently access the volume and restored snapshot from pods on the same node [LinuxOnly] [Feature:VolumeSnapshotDataSource] [Feature:VolumeSourceXFS]" classname="Kubernetes e2e suite" status="skipped" time="0">
              <skipped message="skipped"></skipped>
          </testcase>
          <testcase name="[It] [sig-storage] In-tree Volumes [Driver: local] [LocalVolumeType: dir-bindmounted] [Testpattern: Dynamic PV (ntfs)(allowExpansion)] [Feature:Windows] volume-expand Verify if offline PVC expansion works" classname="Kubernetes e2e suite" status="skipped" time="0">
              <skipped message="skipped"></skipped>
          </testcase>
          <testcase name="[It] [sig-scheduling] SchedulerPreemption [Serial] validates various priority Pods preempt expectedly with the async preemption [Feature:SchedulerAsyncPreemption] [FeatureGate:SchedulerAsyncPreemption] [Beta]" classname="Kubernetes e2e suite" status="skipped" time="0">
              <skipped message="skipped"></skipped>
          </testcase>
          <testcase name="[It] [sig-storage] In-tree Volumes [Driver: iscsi] [Feature:Volumes] [Testpattern: Inline-volume (default fs)] subPath should support existing directories when readOnly specified in the volumeSource" classname="Kubernetes e2e suite" status="skipped" time="0">
              <skipped message="skipped"></skipped>
          </testcase>
          <testcase name="[It] [sig-api-machinery] CustomResourcePublishOpenAPI [Privileged:ClusterAdmin] works for CRD without validation schema [Conformance]" classname="Kubernetes e2e suite" status="passed" time="4.5649505139999995"></testcase>
          <testcase name="[It] [sig-storage] In-tree Volumes [Driver: hostPathSymlink] [Testpattern: Dynamic PV (block volmode)] provisioning should provision storage with mount options" classname="Kubernetes e2e suite" status="skipped" time="0">
              <skipped message="skipped"></skipped>
          </testcase>
          <testcase name="[It] [sig-storage] In-tree Volumes [Driver: local] [LocalVolumeType: dir] [Testpattern: Dynamic PV (block volmode)] multiVolume [Slow] should access to two volumes with the same volume mode and retain data across pod recreation on the same node" classname="Kubernetes e2e suite" status="skipped" time="0">
              <skipped message="skipped"></skipped>
          </testcase>
          <testcase name="[It] [sig-storage] In-tree Volumes [Driver: nfs] [Testpattern: Dynamic PV (default fs)] volumes should allow exec of files on the volume" classname="Kubernetes e2e suite" status="skipped" time="0">
              <skipped message="skipped"></skipped>
          </testcase>
          <testcase name="[It] [sig-storage] CSIInlineVolumes should run through the lifecycle of a CSIDriver [Conformance]" classname="Kubernetes e2e suite" status="passed" time="0.103917247"></testcase>
          <testcase name="[It] [sig-node] [Feature:SidecarContainers] Probing restartable init container should override timeoutGracePeriodSeconds when StartupProbe field is set" classname="Kubernetes e2e suite" status="skipped" time="0">
              <skipped message="skipped"></skipped>
          </testcase>
          <testcase name="[It] [sig-storage] In-tree Volumes [Driver: emptydir] [Testpattern: Inline-volume (default fs)] subPath should support file as subpath [LinuxOnly]" classname="Kubernetes e2e suite" status="skipped" time="0">
              <skipped message="skipped"></skipped>
          </testcase>
          <testcase name="[It] [sig-storage] In-tree Volumes [Driver: local] [LocalVolumeType: tmpfs] [Testpattern: Dynamic PV (default fs)] subPath should support existing directories when readOnly specified in the volumeSource" classname="Kubernetes e2e suite" status="skipped" time="0">
              <skipped message="skipped"></skipped>
          </testcase>
          <testcase name="[It] [sig-storage] In-tree Volumes [Driver: azure-disk] [Testpattern: Dynamic PV (filesystem volmode)] volumeMode should fail to use a volume in a pod with mismatched mode [Slow]" classname="Kubernetes e2e suite" status="skipped" time="0">
              <skipped message="skipped"></skipped>
          </testcase>
          <testcase name="[It] [sig-storage] In-tree Volumes [Driver: local] [LocalVolumeType: dir-link-bindmounted] [Testpattern: Pre-provisioned PV (default fs)] subPath should support restarting containers using file as subpath [Slow] [LinuxOnly]" classname="Kubernetes e2e suite" status="skipped" time="0">
              <skipped message="skipped"></skipped>
          </testcase>
          <testcase name="[It] [sig-node] [Feature:SidecarContainers] Probing restartable init container should be restarted with a local redirect http liveness probe" classname="Kubernetes e2e suite" status="skipped" time="0">
              <skipped message="skipped"></skipped>
          </testcase>
          <testcase name="[It] [sig-network] Networking Granular Checks: Services should function for service endpoints using hostNetwork" classname="Kubernetes e2e suite" status="skipped" time="0">
              <skipped message="skipped"></skipped>
          </testcase>
          <testcase name="[It] [sig-apps] Daemon set [Serial] should not update pod when spec was updated and update strategy is OnDelete" classname="Kubernetes e2e suite" status="skipped" time="0">
              <skipped message="skipped"></skipped>
          </testcase>
          <testcase name="[It] [sig-storage] In-tree Volumes [Driver: local] [LocalVolumeType: dir-link-bindmounted] [Testpattern: Dynamic PV (default fs)] fsgroupchangepolicy (Always)[LinuxOnly], rwop pod created with an initial fsgroup, new pod fsgroup applied to volume contents" classname="Kubernetes e2e suite" status="skipped" time="0">
              <skipped message="skipped"></skipped>
          </testcase>
          <testcase name="[It] [sig-storage] CSI Volumes [Driver: csi-hostpath] [Testpattern: Pre-provisioned PV (block volmode)] multiVolume [Slow] should concurrently access the single volume from pods on the same node" classname="Kubernetes e2e suite" status="skipped" time="0">
              <skipped message="skipped"></skipped>
          </testcase>
          <testcase name="[It] [sig-storage] CSI Volumes [Driver: csi-hostpath] [Testpattern: Inline-volume (default fs)] subPath should fail if non-existent subpath is outside the volume [Slow] [LinuxOnly]" classname="Kubernetes e2e suite" status="skipped" time="0">
              <skipped message="skipped"></skipped>
          </testcase>
          <testcase name="[It] [sig-storage] In-tree Volumes [Driver: hostPathSymlink] [Testpattern: Pre-provisioned PV (default fs)] subPath should fail if subpath directory is outside the volume [Slow] [LinuxOnly]" classname="Kubernetes e2e suite" status="skipped" time="0">
              <skipped message="skipped"></skipped>
          </testcase>
          <testcase name="[It] [sig-storage] In-tree Volumes [Driver: local] [LocalVolumeType: blockfs] [Testpattern: Dynamic PV (ntfs)] [Feature:Windows] volume-expand should not allow expansion of pvcs without AllowVolumeExpansion property" classname="Kubernetes e2e suite" status="skipped" time="0">
              <skipped message="skipped"></skipped>
          </testcase>
          <testcase name="[It] [sig-storage] In-tree Volumes [Driver: iscsi] [Feature:Volumes] [Testpattern: Pre-provisioned PV (filesystem volmode)] multiVolume [Slow] should concurrently access the single volume from pods on the same node" classname="Kubernetes e2e suite" status="skipped" time="0">
              <skipped message="skipped"></skipped>
          </testcase>
          <testcase name="[It] [sig-storage] In-tree Volumes [Driver: local] [LocalVolumeType: dir-link] [Testpattern: Dynamic PV (ext4)] multiVolume [Slow] should concurrently access the single volume from pods on different node" classname="Kubernetes e2e suite" status="skipped" time="0">
              <skipped message="skipped"></skipped>
          </testcase>
          <testcase name="[It] [sig-storage] In-tree Volumes [Driver: nfs] [Testpattern: Pre-provisioned PV (block volmode)] multiVolume [Slow] should access to two volumes with different volume mode and retain data across pod recreation on the same node" classname="Kubernetes e2e suite" status="skipped" time="0">
              <skipped message="skipped"></skipped>
          </testcase>
          <testcase name="[It] [sig-storage] In-tree Volumes [Driver: vsphere] [Testpattern: Pre-provisioned PV (default fs)] subPath should support restarting containers using file as subpath [Slow] [LinuxOnly]" classname="Kubernetes e2e suite" status="skipped" time="0">
              <skipped message="skipped"></skipped>
          </testcase>
          <testcase name="[It] [sig-storage] In-tree Volumes [Driver: iscsi] [Feature:Volumes] [Testpattern: Dynamic PV (block volmode)] multiVolume [Slow] should access to two volumes with the same volume mode and retain data across pod recreation on the same node" classname="Kubernetes e2e suite" status="skipped" time="0">
              <skipped message="skipped"></skipped>
          </testcase>
          <testcase name="[It] [sig-storage] In-tree Volumes [Driver: local] [LocalVolumeType: block] [Testpattern: Pre-provisioned PV (block volmode)] multiVolume [Slow] should concurrently access the single volume from pods on the same node" classname="Kubernetes e2e suite" status="skipped" time="0">
              <skipped message="skipped"></skipped>
          </testcase>
          <testcase name="[It] [sig-storage] CSI Volumes [Driver: pd.csi.storage.gke.io] [Serial] [Testpattern: Pre-provisioned PV (filesystem volmode)] multiVolume [Slow] should concurrently access the volume and restored snapshot from pods on the same node [LinuxOnly] [Feature:VolumeSnapshotDataSource] [Feature:VolumeSourceXFS]" classname="Kubernetes e2e suite" status="skipped" time="0">
              <skipped message="skipped"></skipped>
          </testcase>
          <testcase name="[It] [sig-storage] CSI Volumes [Driver: csi-hostpath] [Testpattern: Dynamic PV (xfs)] [Slow] multiVolume [Slow] should concurrently access the volume and its clone from pods on the same node [LinuxOnly] [Feature:VolumeSourceXFS]" classname="Kubernetes e2e suite" status="skipped" time="0">
              <skipped message="skipped"></skipped>
          </testcase>
          <testcase name="[It] [sig-storage] In-tree Volumes [Driver: local] [LocalVolumeType: block] [Testpattern: Inline-volume (xfs)] [Slow] volumes should allow exec of files on the volume" classname="Kubernetes e2e suite" status="skipped" time="0">
              <skipped message="skipped"></skipped>
          </testcase>
          <testcase name="[It] [sig-storage] CSI Volumes [Driver: csi-hostpath] [Testpattern: Generic Ephemeral-volume (default fs) (immediate-binding)] ephemeral should support multiple inline ephemeral volumes" classname="Kubernetes e2e suite" status="skipped" time="0">
              <skipped message="skipped"></skipped>
          </testcase>
          <testcase name="[It] [sig-auth] NodeAuthenticator The kubelet&#39;s main port 10250 should reject requests with no credentials" classname="Kubernetes e2e suite" status="skipped" time="0">
              <skipped message="skipped"></skipped>
          </testcase>
          <testcase name="[It] [sig-storage] In-tree Volumes [Driver: local] [LocalVolumeType: block] [Testpattern: Dynamic PV (default fs)] volumeIO should write files of various sizes, verify size, validate content [Slow]" classname="Kubernetes e2e suite" status="skipped" time="0">
              <skipped message="skipped"></skipped>
          </testcase>
          <testcase name="[It] [sig-storage] In-tree Volumes [Driver: local] [LocalVolumeType: dir-bindmounted] [Testpattern: Inline-volume (xfs)] [Slow] volumes should store data" classname="Kubernetes e2e suite" status="skipped" time="0">
              <skipped message="skipped"></skipped>
          </testcase>
          <testcase name="[It] [sig-storage] EmptyDir volumes should support (non-root,0644,default) [LinuxOnly] [NodeConformance] [Conformance]" classname="Kubernetes e2e suite" status="passed" time="2.056815396"></testcase>
          <testcase name="[It] [sig-storage] In-tree Volumes [Driver: nfs] [Testpattern: Dynamic PV (default fs)] subPath should be able to unmount after the subpath directory is deleted [LinuxOnly]" classname="Kubernetes e2e suite" status="skipped" time="0">
              <skipped message="skipped"></skipped>
          </testcase>
          <testcase name="[It] [sig-storage] In-tree Volumes [Driver: local] [LocalVolumeType: tmpfs] [Testpattern: Dynamic PV (default fs)] subPath should unmount if pod is gracefully deleted while kubelet is down [Disruptive] [Slow] [LinuxOnly]" classname="Kubernetes e2e suite" status="skipped" time="0">
              <skipped message="skipped"></skipped>
          </testcase>
          <testcase name="[It] [sig-storage] In-tree Volumes [Driver: local] [LocalVolumeType: dir-link] [Testpattern: Dynamic PV (delayed binding)] topology should fail to schedule a pod which has topologies that conflict with AllowedTopologies" classname="Kubernetes e2e suite" status="skipped" time="0">
              <skipped message="skipped"></skipped>
          </testcase>
          <testcase name="[It] [sig-storage] In-tree Volumes [Driver: hostPathSymlink] [Testpattern: Generic Ephemeral-volume (default fs)] volumeLimits should verify that all csinodes have volume limits" classname="Kubernetes e2e suite" status="skipped" time="0">
              <skipped message="skipped"></skipped>
          </testcase>
          <testcase name="[It] [sig-storage] CSI Volumes [Driver: csi-hostpath] [Testpattern: Dynamic PV (default fs)] fsgroupchangepolicy (OnRootMismatch)[LinuxOnly], pod created with an initial fsgroup, new pod fsgroup applied to volume contents" classname="Kubernetes e2e suite" status="skipped" time="0">
              <skipped message="skipped"></skipped>
          </testcase>
          <testcase name="[It] [sig-storage] In-tree Volumes [Driver: hostPathSymlink] [Testpattern: Generic Ephemeral-volume (default fs) (late-binding)] ephemeral should support multiple inline ephemeral volumes" classname="Kubernetes e2e suite" status="skipped" time="0">
              <skipped message="skipped"></skipped>
          </testcase>
          <testcase name="[It] [sig-storage] In-tree Volumes [Driver: hostPathSymlink] [Testpattern: Dynamic PV (filesystem volmode)] multiVolume [Slow] should concurrently access the single read-only volume from pods on the same node" classname="Kubernetes e2e suite" status="skipped" time="0">
              <skipped message="skipped"></skipped>
          </testcase>
          <testcase name="[It] [sig-storage] In-tree Volumes [Driver: local] [LocalVolumeType: dir-link] [Testpattern: Pre-provisioned PV (ext4)] volumes should store data" classname="Kubernetes e2e suite" status="skipped" time="0">
              <skipped message="skipped"></skipped>
          </testcase>
          <testcase name="[It] [sig-storage] In-tree Volumes [Driver: nfs] [Testpattern: Pre-provisioned PV (xfs)] [Slow] volumes should allow exec of files on the volume" classname="Kubernetes e2e suite" status="skipped" time="0">
              <skipped message="skipped"></skipped>
          </testcase>
          <testcase name="[It] [sig-storage] In-tree Volumes [Driver: local] [LocalVolumeType: block] [Testpattern: Dynamic PV (default fs)] fsgroupchangepolicy (OnRootMismatch)[LinuxOnly], pod created with an initial fsgroup, volume contents ownership changed via chgrp in first pod, new pod with different fsgroup applied to the volume contents" classname="Kubernetes e2e suite" status="skipped" time="0">
              <skipped message="skipped"></skipped>
          </testcase>
          <testcase name="[It] [sig-cloud-provider-gcp] Ports Security Check [Feature:KubeletSecurity] should not have port 10255 open on its all public IP addresses" classname="Kubernetes e2e suite" status="skipped" time="0">
              <skipped message="skipped"></skipped>
          </testcase>
          <testcase name="[It] [sig-storage] In-tree Volumes [Driver: local] [LocalVolumeType: dir-link] [Testpattern: Pre-provisioned PV (filesystem volmode)] disruptive [Disruptive] [LinuxOnly] Should test that pv used in a pod that is deleted while the kubelet is down is usable by a new pod when kubelet returns [Feature:SELinux]" classname="Kubernetes e2e suite" status="skipped" time="0">
              <skipped message="skipped"></skipped>
          </testcase>
          <testcase name="[It] [sig-network] kube-proxy migration [Serial] [Disruptive] [Feature:KubeProxyDaemonSetMigration] Downgrade kube-proxy from a DaemonSet to static pods should maintain a functioning cluster [Feature:KubeProxyDaemonSetDowngrade]" classname="Kubernetes e2e suite" status="skipped" time="0">
              <skipped message="skipped"></skipped>
          </testcase>
          <testcase name="[It] [sig-storage] In-tree Volumes [Driver: iscsi] [Feature:Volumes] [Testpattern: Pre-provisioned PV (default fs)] subPath should support existing single file [LinuxOnly]" classname="Kubernetes e2e suite" status="skipped" time="0">
              <skipped message="skipped"></skipped>
          </testcase>
          <testcase name="[It] [sig-storage] In-tree Volumes [Driver: local] [LocalVolumeType: gce-localssd-scsi-fs] [Serial] [Testpattern: Inline-volume (default fs)] subPath should be able to unmount after the subpath directory is deleted [LinuxOnly]" classname="Kubernetes e2e suite" status="skipped" time="0">
              <skipped message="skipped"></skipped>
          </testcase>
          <testcase name="[It] [sig-storage] In-tree Volumes [Driver: hostPath] [Testpattern: Pre-provisioned PV (block volmode)] multiVolume [Slow] should concurrently access the single volume from pods on different node" classname="Kubernetes e2e suite" status="skipped" time="0">
              <skipped message="skipped"></skipped>
          </testcase>
          <testcase name="[It] [sig-storage] In-tree Volumes [Driver: iscsi] [Feature:Volumes] [Testpattern: Pre-provisioned PV (filesystem volmode)] multiVolume [Slow] should access to two volumes with different volume mode and retain data across pod recreation on different node" classname="Kubernetes e2e suite" status="skipped" time="0">
              <skipped message="skipped"></skipped>
          </testcase>
          <testcase name="[It] [sig-api-machinery] CustomResourceConversionWebhook [Privileged:ClusterAdmin] should be able to convert a non homogeneous list of CRs [Conformance]" classname="Kubernetes e2e suite" status="passed" time="6.475271719"></testcase>
          <testcase name="[It] [sig-storage] In-tree Volumes [Driver: hostPathSymlink] [Testpattern: Dynamic PV (ntfs)] [Feature:Windows] subPath should unmount if pod is gracefully deleted while kubelet is down [Disruptive] [Slow] [LinuxOnly]" classname="Kubernetes e2e suite" status="skipped" time="0">
              <skipped message="skipped"></skipped>
          </testcase>
          <testcase name="[It] [sig-storage] In-tree Volumes [Driver: local] [LocalVolumeType: dir-link-bindmounted] [Testpattern: Generic Ephemeral-volume (default fs) (late-binding)] ephemeral should create read-only inline ephemeral volume" classname="Kubernetes e2e suite" status="skipped" time="0">
              <skipped message="skipped"></skipped>
          </testcase>
          <testcase name="[It] [sig-storage] In-tree Volumes [Driver: azure-file] [Testpattern: Generic Ephemeral-volume (default fs) (immediate-binding)] ephemeral should create read-only inline ephemeral volume" classname="Kubernetes e2e suite" status="skipped" time="0">
              <skipped message="skipped"></skipped>
          </testcase>
          <testcase name="[It] [sig-storage] In-tree Volumes [Driver: azure-disk] [Testpattern: Pre-provisioned PV (block volmode)] multiVolume [Slow] should concurrently access the single volume from pods on different node" classname="Kubernetes e2e suite" status="skipped" time="0">
              <skipped message="skipped"></skipped>
          </testcase>
          <testcase name="[It] [sig-storage] In-tree Volumes [Driver: local] [LocalVolumeType: dir-link-bindmounted] [Testpattern: Dynamic PV (ntfs)] [Feature:Windows] volumes should store data" classname="Kubernetes e2e suite" status="skipped" time="0">
              <skipped message="skipped"></skipped>
          </testcase>
          <testcase name="[It] [sig-storage] PersistentVolumes CSI Conformance should apply changes to a pv/pvc status [Conformance]" classname="Kubernetes e2e suite" status="passed" time="0.09584152"></testcase>
          <testcase name="[It] [sig-storage] In-tree Volumes [Driver: nfs] [Testpattern: Dynamic PV (filesystem volmode)] volumeLimits should verify that all csinodes have volume limits" classname="Kubernetes e2e suite" status="skipped" time="0">
              <skipped message="skipped"></skipped>
          </testcase>
          <testcase name="[It] [sig-storage] In-tree Volumes [Driver: local] [LocalVolumeType: dir-bindmounted] [Testpattern: Dynamic PV (block volmode)] provisioning should provision storage with snapshot data source (ROX mode) [Feature:VolumeSnapshotDataSource]" classname="Kubernetes e2e suite" status="skipped" time="0">
              <skipped message="skipped"></skipped>
          </testcase>
          <testcase name="[It] [sig-storage] In-tree Volumes [Driver: local] [LocalVolumeType: block] [Testpattern: Pre-provisioned PV (ext3)] volumes should allow exec of files on the volume" classname="Kubernetes e2e suite" status="skipped" time="0">
              <skipped message="skipped"></skipped>
          </testcase>
          <testcase name="[It] [sig-storage] In-tree Volumes [Driver: local] [LocalVolumeType: blockfs] [Testpattern: Inline-volume (default fs)] subPath should be able to unmount after the subpath directory is deleted [LinuxOnly]" classname="Kubernetes e2e suite" status="skipped" time="0">
              <skipped message="skipped"></skipped>
          </testcase>
          <testcase name="[It] [sig-storage] In-tree Volumes [Driver: local] [LocalVolumeType: tmpfs] [Testpattern: Dynamic PV (default fs)] subPath should fail if subpath directory is outside the volume [Slow] [LinuxOnly]" classname="Kubernetes e2e suite" status="skipped" time="0">
              <skipped message="skipped"></skipped>
          </testcase>
          <testcase name="[It] [sig-storage] Downward API volume should set DefaultMode on files [LinuxOnly] [NodeConformance] [Conformance]" classname="Kubernetes e2e suite" status="passed" time="4.082461011"></testcase>
          <testcase name="[It] [sig-storage] In-tree Volumes [Driver: hostPath] [Testpattern: Dynamic PV (delayed binding)] topology should provision a volume and schedule a pod with AllowedTopologies" classname="Kubernetes e2e suite" status="skipped" time="0">
              <skipped message="skipped"></skipped>
          </testcase>
          <testcase name="[It] [sig-storage] PersistentVolumes-local [Volume type: dir-link-bindmounted] Set fsGroup for local volume should set same fsGroup for two pods simultaneously [Slow]" classname="Kubernetes e2e suite" status="skipped" time="0">
              <skipped message="skipped"></skipped>
          </testcase>
          <testcase name="[It] [sig-storage] In-tree Volumes [Driver: vsphere] [Testpattern: Dynamic PV (filesystem volmode)] volumeMode should fail to use a volume in a pod with mismatched mode [Slow]" classname="Kubernetes e2e suite" status="skipped" time="0">
              <skipped message="skipped"></skipped>
          </testcase>
          <testcase name="[It] [sig-storage] In-tree Volumes [Driver: nfs] [Testpattern: Dynamic PV (ext4)] multiVolume [Slow] should concurrently access the volume and restored snapshot from pods on the same node [LinuxOnly] [Feature:VolumeSnapshotDataSource] [Feature:VolumeSourceXFS]" classname="Kubernetes e2e suite" status="skipped" time="0">
              <skipped message="skipped"></skipped>
          </testcase>
          <testcase name="[It] [sig-storage] In-tree Volumes [Driver: local] [LocalVolumeType: tmpfs] [Testpattern: Dynamic PV (default fs)] subPath should support non-existent path" classname="Kubernetes e2e suite" status="skipped" time="0">
              <skipped message="skipped"></skipped>
          </testcase>
          <testcase name="[It] [sig-storage] In-tree Volumes [Driver: azure-file] [Testpattern: Pre-provisioned PV (filesystem volmode)] disruptive [Disruptive] [LinuxOnly] Should test that pv used in a pod that is force deleted while the kubelet is down is usable by a new pod with a different SELinux context when kubelet returns [Feature:SELinux]" classname="Kubernetes e2e suite" status="skipped" time="0">
              <skipped message="skipped"></skipped>
          </testcase>
          <testcase name="[It] [sig-storage] In-tree Volumes [Driver: azure-file] [Testpattern: Dynamic PV (default fs)] provisioning should provision storage with snapshot data source (ROX mode) [Feature:VolumeSnapshotDataSource]" classname="Kubernetes e2e suite" status="skipped" time="0">
              <skipped message="skipped"></skipped>
          </testcase>
          <testcase name="[It] [sig-storage] In-tree Volumes [Driver: azure-disk] [Testpattern: Dynamic PV (block volmode)] provisioning should provision storage with mount options" classname="Kubernetes e2e suite" status="skipped" time="0">
              <skipped message="skipped"></skipped>
          </testcase>
          <testcase name="[It] [sig-storage] In-tree Volumes [Driver: local] [LocalVolumeType: block] [Testpattern: Pre-provisioned PV (block volmode)] multiVolume [Slow] should concurrently access the volume and restored snapshot from pods on the same node [LinuxOnly] [Feature:VolumeSnapshotDataSource] [Feature:VolumeSourceXFS]" classname="Kubernetes e2e suite" status="skipped" time="0">
              <skipped message="skipped"></skipped>
          </testcase>
          <testcase name="[It] [sig-storage] In-tree Volumes [Driver: cinder] [Testpattern: Pre-provisioned PV (default fs)] subPath should support creating multiple subpath from same volumes [Slow]" classname="Kubernetes e2e suite" status="skipped" time="0">
              <skipped message="skipped"></skipped>
          </testcase>
          <testcase name="[It] [sig-network] Netpol NetworkPolicy between server and client should allow egress access on one named port [Feature:NetworkPolicy]" classname="Kubernetes e2e suite" status="skipped" time="0">
              <skipped message="skipped"></skipped>
          </testcase>
          <testcase name="[It] [sig-api-machinery] MutatingAdmissionPolicy [Privileged:ClusterAdmin] [Feature:MutatingAdmissionPolicy] [FeatureGate:MutatingAdmissionPolicy] [Alpha] [Feature:OffByDefault] should mutate a Deployment" classname="Kubernetes e2e suite" status="skipped" time="0">
              <skipped message="skipped"></skipped>
          </testcase>
          <testcase name="[It] [sig-storage] In-tree Volumes [Driver: azure-file] [Testpattern: Inline-volume (ext4)] volumes should store data" classname="Kubernetes e2e suite" status="skipped" time="0">
              <skipped message="skipped"></skipped>
          </testcase>
          <testcase name="[It] [sig-storage] In-tree Volumes [Driver: azure-disk] [Testpattern: Dynamic PV (ntfs)] [Feature:Windows] subPath should support restarting containers using directory as subpath [Slow]" classname="Kubernetes e2e suite" status="skipped" time="0">
              <skipped message="skipped"></skipped>
          </testcase>
          <testcase name="[It] [sig-storage] In-tree Volumes [Driver: local] [LocalVolumeType: gce-localssd-scsi-fs] [Serial] [Testpattern: Dynamic PV (default fs)] provisioning should provision storage with mount options" classname="Kubernetes e2e suite" status="skipped" time="0">
              <skipped message="skipped"></skipped>
          </testcase>
          <testcase name="[It] [sig-storage] In-tree Volumes [Driver: local] [LocalVolumeType: dir-link-bindmounted] [Testpattern: Dynamic PV (default fs)] provisioning should mount multiple PV pointing to the same storage on the same node" classname="Kubernetes e2e suite" status="skipped" time="0">
              <skipped message="skipped"></skipped>
          </testcase>
          <testcase name="[It] [sig-storage] CSI Volumes [Driver: pd.csi.storage.gke.io] [Serial] [Testpattern: Dynamic PV (default fs)] provisioning should provision correct filesystem size when restoring snapshot to larger size pvc [Feature:VolumeSnapshotDataSource]" classname="Kubernetes e2e suite" status="skipped" time="0">
              <skipped message="skipped"></skipped>
          </testcase>
          <testcase name="[It] [sig-storage] In-tree Volumes [Driver: local] [LocalVolumeType: tmpfs] [Testpattern: Pre-provisioned PV (filesystem volmode)] volumeMode should fail to use a volume in a pod with mismatched mode [Slow]" classname="Kubernetes e2e suite" status="skipped" time="0">
              <skipped message="skipped"></skipped>
          </testcase>
          <testcase name="[It] [sig-node] Probing container should mark readiness on pods to false while pod is in progress of terminating when a pod has a readiness probe" classname="Kubernetes e2e suite" status="skipped" time="0">
              <skipped message="skipped"></skipped>
          </testcase>
          <testcase name="[It] [sig-storage] [Serial] Volume metrics PVC should create volume metrics with the correct FilesystemMode PVC ref" classname="Kubernetes e2e suite" status="skipped" time="0">
              <skipped message="skipped"></skipped>
          </testcase>
          <testcase name="[It] [sig-storage] In-tree Volumes [Driver: hostPathSymlink] [Testpattern: Pre-provisioned PV (default fs)] subPath should fail if subpath file is outside the volume [Slow] [LinuxOnly]" classname="Kubernetes e2e suite" status="skipped" time="0">
              <skipped message="skipped"></skipped>
          </testcase>
          <testcase name="[It] [sig-storage] In-tree Volumes [Driver: nfs] [Testpattern: Generic Ephemeral-volume (default fs) (immediate-binding)] ephemeral should support two pods which have the same volume definition" classname="Kubernetes e2e suite" status="skipped" time="0">
              <skipped message="skipped"></skipped>
          </testcase>
          <testcase name="[It] [sig-storage] In-tree Volumes [Driver: hostPathSymlink] [Testpattern: Dynamic PV (ext3)] volumes should allow exec of files on the volume" classname="Kubernetes e2e suite" status="skipped" time="0">
              <skipped message="skipped"></skipped>
          </testcase>
          <testcase name="[It] [sig-api-machinery] CustomResourceConversionWebhook [Privileged:ClusterAdmin] should be able to convert from CR v1 to CR v2 [Conformance]" classname="Kubernetes e2e suite" status="passed" time="6.278915553"></testcase>
          <testcase name="[It] [sig-storage] In-tree Volumes [Driver: hostPathSymlink] [Testpattern: Dynamic PV (default fs)] subPath should support non-existent path" classname="Kubernetes e2e suite" status="skipped" time="0">
              <skipped message="skipped"></skipped>
          </testcase>
          <testcase name="[It] [sig-storage] In-tree Volumes [Driver: vsphere] [Testpattern: Pre-provisioned PV (ext3)] volumes should store data" classname="Kubernetes e2e suite" status="skipped" time="0">
              <skipped message="skipped"></skipped>
          </testcase>
          <testcase name="[It] [sig-storage] In-tree Volumes [Driver: local] [LocalVolumeType: gce-localssd-scsi-fs] [Serial] [Testpattern: Dynamic PV (default fs)] fsgroupchangepolicy (OnRootMismatch)[LinuxOnly], pod created with an initial fsgroup, volume contents ownership changed via chgrp in first pod, new pod with same fsgroup skips ownership changes to the volume contents" classname="Kubernetes e2e suite" status="skipped" time="0">
              <skipped message="skipped"></skipped>
          </testcase>
          <testcase name="[It] [sig-storage] CSI Volumes [Driver: csi-hostpath] [Testpattern: Generic Ephemeral-volume (default fs)] volumeLimits should verify that all csinodes have volume limits" classname="Kubernetes e2e suite" status="skipped" time="0">
              <skipped message="skipped"></skipped>
          </testcase>
          <testcase name="[It] [sig-storage] In-tree Volumes [Driver: local] [LocalVolumeType: dir-link-bindmounted] [Testpattern: Dynamic PV (ntfs)] [Feature:Windows] subPath should support existing single file [LinuxOnly]" classname="Kubernetes e2e suite" status="skipped" time="0">
              <skipped message="skipped"></skipped>
          </testcase>
          <testcase name="[It] [sig-storage] In-tree Volumes [Driver: local] [LocalVolumeType: dir-bindmounted] [Testpattern: Pre-provisioned PV (ext3)] volumes should allow exec of files on the volume" classname="Kubernetes e2e suite" status="skipped" time="0">
              <skipped message="skipped"></skipped>
          </testcase>
          <testcase name="[It] [sig-storage] In-tree Volumes [Driver: emptydir] [Testpattern: Dynamic PV (filesystem volmode)] multiVolume [Slow] should access to two volumes with different volume mode and retain data across pod recreation on the same node" classname="Kubernetes e2e suite" status="skipped" time="0">
              <skipped message="skipped"></skipped>
          </testcase>
          <testcase name="[It] [sig-node] Probing container should be restarted with a failing exec liveness probe that took longer than the timeout" classname="Kubernetes e2e suite" status="skipped" time="0">
              <skipped message="skipped"></skipped>
          </testcase>
          <testcase name="[It] [sig-network] [Feature:IPv6DualStack] Granular Checks: Services Secondary IP Family [LinuxOnly] should function for pod-Service: udp" classname="Kubernetes e2e suite" status="skipped" time="0">
              <skipped message="skipped"></skipped>
          </testcase>
          <testcase name="[It] [sig-storage] CSI Volumes [Driver: csi-hostpath] [Testpattern: Pre-provisioned PV (default fs)] subPath should support creating multiple subpath from same volumes [Slow]" classname="Kubernetes e2e suite" status="skipped" time="0">
              <skipped message="skipped"></skipped>
          </testcase>
          <testcase name="[It] [sig-autoscaling] [Feature:HPA] Horizontal pod autoscaling (scale resource: Memory) [Serial] [Slow] Deployment (Container Resource) Should scale from 1 pod to 3 pods and then from 3 pods to 5 pods using Average Utilization for aggregation" classname="Kubernetes e2e suite" status="skipped" time="0">
              <skipped message="skipped"></skipped>
          </testcase>
          <testcase name="[It] [sig-storage] In-tree Volumes [Driver: local] [LocalVolumeType: blockfs] [Testpattern: Pre-provisioned PV (block volmode)] disruptive [Disruptive] [LinuxOnly] Should test that pv used in a pod that is force deleted while the kubelet is down cleans up when the kubelet returns." classname="Kubernetes e2e suite" status="skipped" time="0">
              <skipped message="skipped"></skipped>
          </testcase>
          <testcase name="[It] [sig-storage] In-tree Volumes [Driver: local] [LocalVolumeType: gce-localssd-scsi-fs] [Serial] [Testpattern: Pre-provisioned PV (default fs)] subPath should support file as subpath [LinuxOnly]" classname="Kubernetes e2e suite" status="skipped" time="0">
              <skipped message="skipped"></skipped>
          </testcase>
          <testcase name="[It] [sig-storage] In-tree Volumes [Driver: iscsi] [Feature:Volumes] [Testpattern: Dynamic PV (block volmode)] volumeMode should not mount / map unused volumes in a pod [LinuxOnly]" classname="Kubernetes e2e suite" status="skipped" time="0">
              <skipped message="skipped"></skipped>
          </testcase>
          <testcase name="[It] [sig-storage] In-tree Volumes [Driver: azure-file] [Testpattern: Pre-provisioned PV (filesystem volmode)] volumeMode should not mount / map unused volumes in a pod [LinuxOnly]" classname="Kubernetes e2e suite" status="skipped" time="0">
              <skipped message="skipped"></skipped>
          </testcase>
          <testcase name="[It] [sig-storage] CSI Volumes [Driver: csi-hostpath] [Testpattern: Dynamic Snapshot (retain policy)] snapshottable [Feature:VolumeSnapshotDataSource] volume snapshot controller  should check snapshot fields, check restore correctly works, check deletion (ephemeral)" classname="Kubernetes e2e suite" status="skipped" time="0">
              <skipped message="skipped"></skipped>
          </testcase>
          <testcase name="[It] [sig-storage] In-tree Volumes [Driver: local] [LocalVolumeType: block] [Testpattern: Dynamic PV (ntfs)] [Feature:Windows] subPath should support restarting containers using file as subpath [Slow] [LinuxOnly]" classname="Kubernetes e2e suite" status="skipped" time="0">
              <skipped message="skipped"></skipped>
          </testcase>
          <testcase name="[It] [sig-storage] In-tree Volumes [Driver: local] [LocalVolumeType: dir-link] [Testpattern: Inline-volume (ext4)] volumes should store data" classname="Kubernetes e2e suite" status="skipped" time="0">
              <skipped message="skipped"></skipped>
          </testcase>
          <testcase name="[It] [sig-storage] CSI Volumes [Driver: csi-hostpath] [Testpattern: Inline-volume (default fs)] subPath should be able to unmount after the subpath directory is deleted [LinuxOnly]" classname="Kubernetes e2e suite" status="skipped" time="0">
              <skipped message="skipped"></skipped>
          </testcase>
          <testcase name="[It] [sig-storage] In-tree Volumes [Driver: vsphere] [Testpattern: Dynamic PV (ext4)] multiVolume [Slow] should access to two volumes with the same volume mode and retain data across pod recreation on the same node" classname="Kubernetes e2e suite" status="skipped" time="0">
              <skipped message="skipped"></skipped>
          </testcase>
          <testcase name="[It] [sig-storage] PersistentVolumes-local StatefulSet with pod affinity [Slow] should use volumes spread across nodes when pod has anti-affinity" classname="Kubernetes e2e suite" status="skipped" time="0">
              <skipped message="skipped"></skipped>
          </testcase>
          <testcase name="[It] [sig-network] Services should work after the service has been recreated" classname="Kubernetes e2e suite" status="skipped" time="0">
              <skipped message="skipped"></skipped>
          </testcase>
          <testcase name="[It] [sig-storage] In-tree Volumes [Driver: nfs] [Testpattern: Pre-provisioned PV (default fs)] subPath should unmount if pod is force deleted while kubelet is down [Disruptive] [Slow] [LinuxOnly]" classname="Kubernetes e2e suite" status="skipped" time="0">
              <skipped message="skipped"></skipped>
          </testcase>
          <testcase name="[It] [sig-storage] CSI Volumes [Driver: pd.csi.storage.gke.io] [Serial] [Testpattern: Pre-provisioned PV (filesystem volmode)] disruptive [Disruptive] [LinuxOnly] Should test that pv used in a pod that is force deleted while the kubelet is down is usable by a new pod with a different SELinux context when kubelet returns [Feature:SELinux]" classname="Kubernetes e2e suite" status="skipped" time="0">
              <skipped message="skipped"></skipped>
          </testcase>
          <testcase name="[It] [sig-storage] In-tree Volumes [Driver: local] [LocalVolumeType: dir-link-bindmounted] [Testpattern: Pre-provisioned PV (default fs)] subPath should fail if non-existent subpath is outside the volume [Slow] [LinuxOnly]" classname="Kubernetes e2e suite" status="skipped" time="0">
              <skipped message="skipped"></skipped>
          </testcase>
          <testcase name="[It] [sig-storage] PersistentVolumes NFS with multiple PVs and PVCs all in same ns should create 3 PVs and 3 PVCs: test write access" classname="Kubernetes e2e suite" status="skipped" time="0">
              <skipped message="skipped"></skipped>
          </testcase>
          <testcase name="[It] [sig-storage] In-tree Volumes [Driver: local] [LocalVolumeType: dir-link-bindmounted] [Testpattern: Dynamic PV (default fs)] provisioning should provision correct filesystem size when restoring snapshot to larger size pvc [Feature:VolumeSnapshotDataSource]" classname="Kubernetes e2e suite" status="skipped" time="0">
              <skipped message="skipped"></skipped>
          </testcase>
          <testcase name="[It] [sig-storage] In-tree Volumes [Driver: azure-file] [Testpattern: Dynamic PV (block volmode)] provisioning should mount multiple PV pointing to the same storage on the same node" classname="Kubernetes e2e suite" status="skipped" time="0">
              <skipped message="skipped"></skipped>
          </testcase>
          <testcase name="[It] [sig-storage] In-tree Volumes [Driver: local] [LocalVolumeType: dir-link-bindmounted] [Testpattern: Dynamic PV (filesystem volmode)] multiVolume [Slow] should access to two volumes with the same volume mode and retain data across pod recreation on the same node" classname="Kubernetes e2e suite" status="skipped" time="0">
              <skipped message="skipped"></skipped>
          </testcase>
          <testcase name="[It] [sig-storage] In-tree Volumes [Driver: local] [LocalVolumeType: dir] [Testpattern: Dynamic PV (ext4)] multiVolume [Slow] should concurrently access the single volume from pods on different node" classname="Kubernetes e2e suite" status="skipped" time="0">
              <skipped message="skipped"></skipped>
          </testcase>
          <testcase name="[It] [sig-storage] Downward API volume should provide node allocatable (memory) as default memory limit if the limit is not set [NodeConformance] [Conformance]" classname="Kubernetes e2e suite" status="passed" time="2.052311509"></testcase>
          <testcase name="[It] [sig-storage] In-tree Volumes [Driver: local] [LocalVolumeType: tmpfs] [Testpattern: Inline-volume (ext4)] volumes should store data" classname="Kubernetes e2e suite" status="skipped" time="0">
              <skipped message="skipped"></skipped>
          </testcase>
          <testcase name="[It] [sig-storage] CSI Volumes [Driver: pd.csi.storage.gke.io] [Serial] [Testpattern: Dynamic PV (block volmode)] provisioning should provision storage with snapshot data source [Feature:VolumeSnapshotDataSource]" classname="Kubernetes e2e suite" status="skipped" time="0">
              <skipped message="skipped"></skipped>
          </testcase>
          <testcase name="[It] [sig-storage] In-tree Volumes [Driver: nfs] [Testpattern: Dynamic PV (block volmode)] provisioning should provision correct filesystem size when restoring snapshot to larger size pvc [Feature:VolumeSnapshotDataSource]" classname="Kubernetes e2e suite" status="skipped" time="0">
              <skipped message="skipped"></skipped>
          </testcase>
          <testcase name="[It] [sig-storage] In-tree Volumes [Driver: local] [LocalVolumeType: block] [Testpattern: Dynamic PV (filesystem volmode)] volumeMode should fail to use a volume in a pod with mismatched mode [Slow]" classname="Kubernetes e2e suite" status="skipped" time="0">
              <skipped message="skipped"></skipped>
          </testcase>
          <testcase name="[It] [sig-storage] In-tree Volumes [Driver: local] [LocalVolumeType: blockfs] [Testpattern: Dynamic PV (ntfs)] [Feature:Windows] provisioning should provision storage with snapshot data source (ROX mode) [Feature:VolumeSnapshotDataSource]" classname="Kubernetes e2e suite" status="skipped" time="0">
              <skipped message="skipped"></skipped>
          </testcase>
          <testcase name="[It] [sig-storage] PersistentVolumes-local [Volume type: tmpfs] One pod requesting one prebound PVC should be able to mount volume and write from pod1" classname="Kubernetes e2e suite" status="skipped" time="0">
              <skipped message="skipped"></skipped>
          </testcase>
          <testcase name="[It] [sig-storage] In-tree Volumes [Driver: iscsi] [Feature:Volumes] [Testpattern: Dynamic PV (block volmode)] multiVolume [Slow] should access to two volumes with different volume mode and retain data across pod recreation on different node" classname="Kubernetes e2e suite" status="skipped" time="0">
              <skipped message="skipped"></skipped>
          </testcase>
          <testcase name="[It] [sig-storage] In-tree Volumes [Driver: local] [LocalVolumeType: dir] [Testpattern: Dynamic PV (ntfs)] [Feature:Windows] volumes should store data" classname="Kubernetes e2e suite" status="skipped" time="0">
              <skipped message="skipped"></skipped>
          </testcase>
          <testcase name="[It] [sig-storage] In-tree Volumes [Driver: local] [LocalVolumeType: dir-bindmounted] [Testpattern: Dynamic PV (ntfs)(allowExpansion)] [Feature:Windows] volume-expand should resize volume when PVC is edited while pod is using it" classname="Kubernetes e2e suite" status="skipped" time="0">
              <skipped message="skipped"></skipped>
          </testcase>
          <testcase name="[It] [sig-storage] In-tree Volumes [Driver: azure-disk] [Testpattern: Dynamic PV (default fs)] subPath should support readOnly directory specified in the volumeMount" classname="Kubernetes e2e suite" status="skipped" time="0">
              <skipped message="skipped"></skipped>
          </testcase>
          <testcase name="[It] [sig-storage] In-tree Volumes [Driver: iscsi] [Feature:Volumes] [Testpattern: Dynamic PV (ntfs)] [Feature:Windows] multiVolume [Slow] should access to two volumes with different volume mode and retain data across pod recreation on the same node" classname="Kubernetes e2e suite" status="skipped" time="0">
              <skipped message="skipped"></skipped>
          </testcase>
          <testcase name="[It] [sig-apps] Job should run a job to completion when tasks sometimes fail and are locally restarted [Conformance]" classname="Kubernetes e2e suite" status="passed" time="10.052074034"></testcase>
          <testcase name="[It] [sig-storage] In-tree Volumes [Driver: emptydir] [Testpattern: Dynamic PV (block volmode)] provisioning should provision storage with pvc data source" classname="Kubernetes e2e suite" status="skipped" time="0">
              <skipped message="skipped"></skipped>
          </testcase>
          <testcase name="[It] [sig-storage] In-tree Volumes [Driver: local] [LocalVolumeType: blockfs] [Testpattern: Generic Ephemeral-volume (default fs) (immediate-binding)] ephemeral should create read-only inline ephemeral volume" classname="Kubernetes e2e suite" status="skipped" time="0">
              <skipped message="skipped"></skipped>
          </testcase>
          <testcase name="[It] [sig-storage] In-tree Volumes [Driver: vsphere] [Testpattern: Dynamic PV (ntfs)] [Feature:Windows] multiVolume [Slow] should access to two volumes with different volume mode and retain data across pod recreation on the same node" classname="Kubernetes e2e suite" status="skipped" time="0">
              <skipped message="skipped"></skipped>
          </testcase>
          <testcase name="[It] [sig-storage] In-tree Volumes [Driver: hostPath] [Testpattern: Generic Ephemeral-volume (block volmode) (late-binding)] ephemeral should support multiple inline ephemeral volumes" classname="Kubernetes e2e suite" status="skipped" time="0">
              <skipped message="skipped"></skipped>
          </testcase>
          <testcase name="[It] [sig-storage] In-tree Volumes [Driver: local] [LocalVolumeType: dir-link] [Testpattern: Pre-provisioned PV (ext4)] volumes should allow exec of files on the volume" classname="Kubernetes e2e suite" status="skipped" time="0">
              <skipped message="skipped"></skipped>
          </testcase>
          <testcase name="[It] [sig-storage] In-tree Volumes [Driver: vsphere] [Testpattern: Dynamic PV (ntfs)] [Feature:Windows] multiVolume [Slow] should concurrently access the single volume from pods on the same node" classname="Kubernetes e2e suite" status="skipped" time="0">
              <skipped message="skipped"></skipped>
          </testcase>
          <testcase name="[It] [sig-storage] In-tree Volumes [Driver: local] [LocalVolumeType: dir] [Testpattern: Generic Ephemeral-volume (default fs) (late-binding)] ephemeral should create read-only inline ephemeral volume" classname="Kubernetes e2e suite" status="skipped" time="0">
              <skipped message="skipped"></skipped>
          </testcase>
          <testcase name="[It] [sig-storage] In-tree Volumes [Driver: hostPath] [Testpattern: Dynamic PV (block volmode)] multiVolume [Slow] should access to two volumes with different volume mode and retain data across pod recreation on different node" classname="Kubernetes e2e suite" status="skipped" time="0">
              <skipped message="skipped"></skipped>
          </testcase>
          <testcase name="[It] [sig-storage] CSI Mock volume expansion Expansion with recovery [Feature:RecoverVolumeExpansionFailure] [FeatureGate:RecoverVolumeExpansionFailure] [Beta] should allow recovery if controller expansion fails with infeasible error" classname="Kubernetes e2e suite" status="skipped" time="0">
              <skipped message="skipped"></skipped>
          </testcase>
          <testcase name="[It] [sig-autoscaling] Cluster size autoscaling [Slow] should scale up when non expendable pod is created [Feature:ClusterSizeAutoscalingScaleUp]" classname="Kubernetes e2e suite" status="skipped" time="0">
              <skipped message="skipped"></skipped>
          </testcase>
          <testcase name="[It] [sig-scheduling] SchedulerPredicates [Serial] validates that NodeAffinity is respected if not matching" classname="Kubernetes e2e suite" status="skipped" time="0">
              <skipped message="skipped"></skipped>
          </testcase>
          <testcase name="[It] [sig-storage] In-tree Volumes [Driver: local] [LocalVolumeType: block] [Testpattern: Dynamic PV (default fs)] subPath should support readOnly file specified in the volumeMount [LinuxOnly]" classname="Kubernetes e2e suite" status="skipped" time="0">
              <skipped message="skipped"></skipped>
          </testcase>
          <testcase name="[It] [sig-storage] In-tree Volumes [Driver: azure-file] [Testpattern: Inline-volume (default fs)] subPath should fail if subpath directory is outside the volume [Slow] [LinuxOnly]" classname="Kubernetes e2e suite" status="skipped" time="0">
              <skipped message="skipped"></skipped>
          </testcase>
          <testcase name="[It] [sig-storage] In-tree Volumes [Driver: local] [LocalVolumeType: dir-bindmounted] [Testpattern: Dynamic PV (ntfs)] [Feature:Windows] subPath should support non-existent path" classname="Kubernetes e2e suite" status="skipped" time="0">
              <skipped message="skipped"></skipped>
          </testcase>
          <testcase name="[It] [sig-storage] In-tree Volumes [Driver: local] [LocalVolumeType: dir-link-bindmounted] [Testpattern: Dynamic PV (block volmode)(allowExpansion)] volume-expand Verify if offline PVC expansion works" classname="Kubernetes e2e suite" status="skipped" time="0">
              <skipped message="skipped"></skipped>
          </testcase>
          <testcase name="[It] [sig-storage] In-tree Volumes [Driver: hostPathSymlink] [Testpattern: Inline-volume (xfs)] [Slow] volumes should allow exec of files on the volume" classname="Kubernetes e2e suite" status="skipped" time="0">
              <skipped message="skipped"></skipped>
          </testcase>
          <testcase name="[It] [sig-storage] In-tree Volumes [Driver: vsphere] [Testpattern: Generic Ephemeral-volume (default fs)] volumeLimits should support volume limits [Serial]" classname="Kubernetes e2e suite" status="skipped" time="0">
              <skipped message="skipped"></skipped>
          </testcase>
          <testcase name="[It] [sig-storage] In-tree Volumes [Driver: local] [LocalVolumeType: dir-link] [Testpattern: Pre-provisioned PV (filesystem volmode)] multiVolume [Slow] should access to two volumes with the same volume mode and retain data across pod recreation on different node" classname="Kubernetes e2e suite" status="skipped" time="0">
              <skipped message="skipped"></skipped>
          </testcase>
          <testcase name="[It] [sig-autoscaling] Cluster size autoscaling [Slow] should increase cluster size if pending pods are small [Feature:ClusterSizeAutoscalingScaleUp]" classname="Kubernetes e2e suite" status="skipped" time="0">
              <skipped message="skipped"></skipped>
          </testcase>
          <testcase name="[It] [sig-storage] In-tree Volumes [Driver: azure-file] [Testpattern: Dynamic PV (ntfs)] [Feature:Windows] multiVolume [Slow] should access to two volumes with the same volume mode and retain data across pod recreation on the same node" classname="Kubernetes e2e suite" status="skipped" time="0">
              <skipped message="skipped"></skipped>
          </testcase>
          <testcase name="[It] [sig-storage] In-tree Volumes [Driver: local] [LocalVolumeType: dir-bindmounted] [Testpattern: Dynamic PV (default fs)] subPath should support creating multiple subpath from same volumes [Slow]" classname="Kubernetes e2e suite" status="skipped" time="0">
              <skipped message="skipped"></skipped>
          </testcase>
          <testcase name="[It] [sig-storage] In-tree Volumes [Driver: local] [LocalVolumeType: block] [Testpattern: Dynamic PV (default fs)] provisioning should provision storage with pvc data source" classname="Kubernetes e2e suite" status="skipped" time="0">
              <skipped message="skipped"></skipped>
          </testcase>
          <testcase name="[It] [sig-storage] In-tree Volumes [Driver: local] [LocalVolumeType: gce-localssd-scsi-fs] [Serial] [Testpattern: Pre-provisioned PV (filesystem volmode)] multiVolume [Slow] should access to two volumes with the same volume mode and retain data across pod recreation on the same node" classname="Kubernetes e2e suite" status="skipped" time="0">
              <skipped message="skipped"></skipped>
          </testcase>
          <testcase name="[It] [sig-storage] In-tree Volumes [Driver: hostPathSymlink] [Testpattern: Dynamic PV (default fs)] capacity provides storage capacity information" classname="Kubernetes e2e suite" status="skipped" time="0">
              <skipped message="skipped"></skipped>
          </testcase>
          <testcase name="[It] [sig-storage] In-tree Volumes [Driver: local] [LocalVolumeType: blockfs] [Testpattern: Dynamic PV (filesystem volmode)] disruptive [Disruptive] [LinuxOnly] Should test that pv written before kubelet restart is readable after restart." classname="Kubernetes e2e suite" status="skipped" time="0">
              <skipped message="skipped"></skipped>
          </testcase>
          <testcase name="[It] [sig-storage] In-tree Volumes [Driver: emptydir] [Testpattern: Inline-volume (ext4)] volumes should allow exec of files on the volume" classname="Kubernetes e2e suite" status="skipped" time="0">
              <skipped message="skipped"></skipped>
          </testcase>
          <testcase name="[It] [sig-apps] StatefulSet Basic StatefulSet functionality [StatefulSetBasic] should perform canary updates and phased rolling updates of template modifications [Conformance]" classname="Kubernetes e2e suite" status="passed" time="70.192862646"></testcase>
          <testcase name="[It] [sig-storage] In-tree Volumes [Driver: emptydir] [Testpattern: Dynamic PV (ntfs)] [Feature:Windows] provisioning should provision storage with pvc data source in parallel [Slow]" classname="Kubernetes e2e suite" status="skipped" time="0">
              <skipped message="skipped"></skipped>
          </testcase>
          <testcase name="[It] [sig-storage] In-tree Volumes [Driver: local] [LocalVolumeType: dir-link-bindmounted] [Testpattern: Dynamic PV (xfs)] [Slow] volumes should store data" classname="Kubernetes e2e suite" status="skipped" time="0">
              <skipped message="skipped"></skipped>
          </testcase>
          <testcase name="[It] [sig-storage] In-tree Volumes [Driver: local] [LocalVolumeType: tmpfs] [Testpattern: Dynamic PV (filesystem volmode)] multiVolume [Slow] should concurrently access the volume and restored snapshot from pods on the same node [LinuxOnly] [Feature:VolumeSnapshotDataSource] [Feature:VolumeSourceXFS]" classname="Kubernetes e2e suite" status="skipped" time="0">
              <skipped message="skipped"></skipped>
          </testcase>
          <testcase name="[It] [sig-storage] In-tree Volumes [Driver: local] [LocalVolumeType: tmpfs] [Testpattern: Dynamic PV (default fs)] fsgroupchangepolicy (Always)[LinuxOnly], rwop pod created with an initial fsgroup, new pod fsgroup applied to volume contents" classname="Kubernetes e2e suite" status="skipped" time="0">
              <skipped message="skipped"></skipped>
          </testcase>
          <testcase name="[It] [sig-instrumentation] MetricsGrabber should grab all metrics from API server." classname="Kubernetes e2e suite" status="skipped" time="0">
              <skipped message="skipped"></skipped>
          </testcase>
          <testcase name="[It] [sig-network] Networking Granular Checks: Pods should function for node-pod communication: sctp [LinuxOnly] [Feature:SCTPConnectivity]" classname="Kubernetes e2e suite" status="skipped" time="0">
              <skipped message="skipped"></skipped>
          </testcase>
          <testcase name="[It] [sig-storage] In-tree Volumes [Driver: iscsi] [Feature:Volumes] [Testpattern: Pre-provisioned PV (default fs)] subPath should fail if non-existent subpath is outside the volume [Slow] [LinuxOnly]" classname="Kubernetes e2e suite" status="skipped" time="0">
              <skipped message="skipped"></skipped>
          </testcase>
          <testcase name="[It] [sig-storage] In-tree Volumes [Driver: local] [LocalVolumeType: dir-bindmounted] [Testpattern: Dynamic PV (default fs)] fsgroupchangepolicy (OnRootMismatch)[LinuxOnly], pod created with an initial fsgroup, new pod fsgroup applied to volume contents" classname="Kubernetes e2e suite" status="skipped" time="0">
              <skipped message="skipped"></skipped>
          </testcase>
          <testcase name="[It] [sig-storage] In-tree Volumes [Driver: local] [LocalVolumeType: dir-bindmounted] [Testpattern: Dynamic PV (ext4)] multiVolume [Slow] should access to two volumes with the same volume mode and retain data across pod recreation on different node" classname="Kubernetes e2e suite" status="skipped" time="0">
              <skipped message="skipped"></skipped>
          </testcase>
          <testcase name="[It] [sig-storage] CSIInlineVolumes should support CSIVolumeSource in Pod API [Conformance]" classname="Kubernetes e2e suite" status="passed" time="0.102211383"></testcase>
          <testcase name="[It] [sig-storage] In-tree Volumes [Driver: local] [LocalVolumeType: dir-link-bindmounted] [Testpattern: Generic Ephemeral-volume (default fs) (immediate-binding)] ephemeral should create read-only inline ephemeral volume" classname="Kubernetes e2e suite" status="skipped" time="0">
              <skipped message="skipped"></skipped>
          </testcase>
          <testcase name="[It] [sig-storage] CSI Volumes [Driver: pd.csi.storage.gke.io] [Serial] [Testpattern: Dynamic PV (filesystem volmode)] disruptive [Disruptive] [LinuxOnly] Should test that pv written before kubelet restart is readable after restart." classname="Kubernetes e2e suite" status="skipped" time="0">
              <skipped message="skipped"></skipped>
          </testcase>
          <testcase name="[It] [sig-storage] In-tree Volumes [Driver: local] [LocalVolumeType: block] [Testpattern: Dynamic PV (block volmode)] multiVolume [Slow] should concurrently access the single volume from pods on different node" classname="Kubernetes e2e suite" status="skipped" time="0">
              <skipped message="skipped"></skipped>
          </testcase>
          <testcase name="[It] [sig-storage] In-tree Volumes [Driver: hostPathSymlink] [Testpattern: Inline-volume (default fs)] subPath should fail if non-existent subpath is outside the volume [Slow] [LinuxOnly]" classname="Kubernetes e2e suite" status="skipped" time="0">
              <skipped message="skipped"></skipped>
          </testcase>
          <testcase name="[It] [sig-storage] In-tree Volumes [Driver: cinder] [Testpattern: Inline-volume (default fs)] subPath should fail if non-existent subpath is outside the volume [Slow] [LinuxOnly]" classname="Kubernetes e2e suite" status="skipped" time="0">
              <skipped message="skipped"></skipped>
          </testcase>
          <testcase name="[It] [sig-storage] In-tree Volumes [Driver: azure-disk] [Testpattern: Pre-provisioned PV (default fs)] subPath should support file as subpath [LinuxOnly]" classname="Kubernetes e2e suite" status="skipped" time="0">
              <skipped message="skipped"></skipped>
          </testcase>
          <testcase name="[It] [sig-apps] Daemon set [Serial] should update pod when spec was updated and update strategy is RollingUpdate [Conformance]" classname="Kubernetes e2e suite" status="passed" time="6.6256949"></testcase>
          <testcase name="[It] [sig-storage] In-tree Volumes [Driver: hostPath] [Testpattern: Pre-provisioned PV (default fs)] subPath should support existing directories when readOnly specified in the volumeSource" classname="Kubernetes e2e suite" status="skipped" time="0">
              <skipped message="skipped"></skipped>
          </testcase>
          <testcase name="[It] [sig-storage] In-tree Volumes [Driver: local] [LocalVolumeType: tmpfs] [Testpattern: Inline-volume (ntfs)] [Feature:Windows] volumes should store data" classname="Kubernetes e2e suite" status="skipped" time="0">
              <skipped message="skipped"></skipped>
          </testcase>
          <testcase name="[It] [sig-storage] In-tree Volumes [Driver: vsphere] [Testpattern: Pre-provisioned PV (block volmode)] multiVolume [Slow] should access to two volumes with different volume mode and retain data across pod recreation on different node" classname="Kubernetes e2e suite" status="skipped" time="0">
              <skipped message="skipped"></skipped>
          </testcase>
          <testcase name="[It] [sig-storage] In-tree Volumes [Driver: local] [LocalVolumeType: blockfs] [Testpattern: Generic Ephemeral-volume (default fs) (late-binding)] ephemeral should support multiple inline ephemeral volumes" classname="Kubernetes e2e suite" status="skipped" time="0">
              <skipped message="skipped"></skipped>
          </testcase>
          <testcase name="[It] [sig-cli] Kubectl client Simple pod should return command exit codes execing into a container with a successful command" classname="Kubernetes e2e suite" status="skipped" time="0">
              <skipped message="skipped"></skipped>
          </testcase>
          <testcase name="[It] [sig-storage] In-tree Volumes [Driver: local] [LocalVolumeType: dir-link-bindmounted] [Testpattern: Pre-provisioned PV (default fs)] subPath should support readOnly directory specified in the volumeMount" classname="Kubernetes e2e suite" status="skipped" time="0">
              <skipped message="skipped"></skipped>
          </testcase>
          <testcase name="[It] [sig-storage] In-tree Volumes [Driver: vsphere] [Testpattern: Dynamic PV (ntfs)] [Feature:Windows] subPath should support non-existent path" classname="Kubernetes e2e suite" status="skipped" time="0">
              <skipped message="skipped"></skipped>
          </testcase>
          <testcase name="[It] [sig-storage] In-tree Volumes [Driver: local] [LocalVolumeType: gce-localssd-scsi-fs] [Serial] [Testpattern: Generic Ephemeral-volume (default fs) (immediate-binding)] ephemeral should create read/write inline ephemeral volume" classname="Kubernetes e2e suite" status="skipped" time="0">
              <skipped message="skipped"></skipped>
          </testcase>
          <testcase name="[It] [sig-node] Mount propagation should propagate mounts within defined scopes" classname="Kubernetes e2e suite" status="skipped" time="0">
              <skipped message="skipped"></skipped>
          </testcase>
          <testcase name="[It] [sig-storage] In-tree Volumes [Driver: local] [LocalVolumeType: dir-bindmounted] [Testpattern: Dynamic PV (filesystem volmode)] disruptive [Disruptive] [LinuxOnly] Should test that pv used in a pod that is force deleted while the kubelet is down is usable by a new pod with a different SELinux context when kubelet returns [Feature:SELinux]" classname="Kubernetes e2e suite" status="skipped" time="0">
              <skipped message="skipped"></skipped>
          </testcase>
          <testcase name="[It] [sig-storage] In-tree Volumes [Driver: local] [LocalVolumeType: block] [Testpattern: Dynamic PV (default fs)] fsgroupchangepolicy (OnRootMismatch)[LinuxOnly], pod created with an initial fsgroup, volume contents ownership changed via chgrp in first pod, new pod with same fsgroup skips ownership changes to the volume contents" classname="Kubernetes e2e suite" status="skipped" time="0">
              <skipped message="skipped"></skipped>
          </testcase>
          <testcase name="[It] [sig-storage] In-tree Volumes [Driver: hostPath] [Testpattern: Dynamic PV (block volmode)] multiVolume [Slow] should access to two volumes with the same volume mode and retain data across pod recreation on the same node" classname="Kubernetes e2e suite" status="skipped" time="0">
              <skipped message="skipped"></skipped>
          </testcase>
          <testcase name="[It] [sig-storage] In-tree Volumes [Driver: local] [LocalVolumeType: blockfs] [Testpattern: Inline-volume (ntfs)] [Feature:Windows] volumes should store data" classname="Kubernetes e2e suite" status="skipped" time="0">
              <skipped message="skipped"></skipped>
          </testcase>
          <testcase name="[It] [sig-storage] In-tree Volumes [Driver: local] [LocalVolumeType: blockfs] [Testpattern: Generic Ephemeral-volume (default fs) (immediate-binding)] ephemeral should support multiple inline ephemeral volumes" classname="Kubernetes e2e suite" status="skipped" time="0">
              <skipped message="skipped"></skipped>
          </testcase>
          <testcase name="[It] [sig-storage] HostPathType Block Device [Slow] Should fail on mounting block device &#39;ablkdev&#39; when HostPathType is HostPathFile" classname="Kubernetes e2e suite" status="skipped" time="0">
              <skipped message="skipped"></skipped>
          </testcase>
          <testcase name="[It] [sig-storage] In-tree Volumes [Driver: nfs] [Testpattern: Pre-provisioned PV (block volmode)] multiVolume [Slow] should access to two volumes with the same volume mode and retain data across pod recreation on different node" classname="Kubernetes e2e suite" status="skipped" time="0">
              <skipped message="skipped"></skipped>
          </testcase>
          <testcase name="[It] [sig-storage] In-tree Volumes [Driver: local] [LocalVolumeType: dir-link] [Testpattern: Dynamic PV (ext4)] multiVolume [Slow] should concurrently access the single read-only volume from pods on the same node" classname="Kubernetes e2e suite" status="skipped" time="0">
              <skipped message="skipped"></skipped>
          </testcase>
          <testcase name="[It] [sig-storage] In-tree Volumes [Driver: azure-file] [Testpattern: Dynamic PV (ntfs)] [Feature:Windows] subPath should fail if subpath with backstepping is outside the volume [Slow] [LinuxOnly]" classname="Kubernetes e2e suite" status="skipped" time="0">
              <skipped message="skipped"></skipped>
          </testcase>
          <testcase name="[It] [sig-apps] StatefulSet Non-retain StatefulSetPersistentVolumeClaimPolicy should not delete PVCs when there is another controller" classname="Kubernetes e2e suite" status="skipped" time="0">
              <skipped message="skipped"></skipped>
          </testcase>
          <testcase name="[It] [sig-api-machinery] API Streaming (aka. WatchList) [FeatureGate:WatchList] [Beta] [Feature:OffByDefault] [Serial] falls backs to supported content type when when receiving resources as Tables was requested" classname="Kubernetes e2e suite" status="skipped" time="0">
              <skipped message="skipped"></skipped>
          </testcase>
          <testcase name="[It] [sig-storage] In-tree Volumes [Driver: local] [LocalVolumeType: dir-link-bindmounted] [Testpattern: Pre-provisioned PV (default fs)] subPath should support existing directory" classname="Kubernetes e2e suite" status="skipped" time="0">
              <skipped message="skipped"></skipped>
          </testcase>
          <testcase name="[It] [sig-storage] In-tree Volumes [Driver: local] [LocalVolumeType: blockfs] [Testpattern: Pre-provisioned PV (block volmode)] multiVolume [Slow] should concurrently access the single volume from pods on different node" classname="Kubernetes e2e suite" status="skipped" time="0">
              <skipped message="skipped"></skipped>
          </testcase>
          <testcase name="[It] [sig-network] Services should implement NodePort and HealthCheckNodePort correctly when ExternalTrafficPolicy changes" classname="Kubernetes e2e suite" status="skipped" time="0">
              <skipped message="skipped"></skipped>
          </testcase>
          <testcase name="[It] [sig-storage] In-tree Volumes [Driver: local] [LocalVolumeType: dir] [Testpattern: Dynamic PV (xfs)] [Slow] multiVolume [Slow] should access to two volumes with the same volume mode and retain data across pod recreation on different node" classname="Kubernetes e2e suite" status="skipped" time="0">
              <skipped message="skipped"></skipped>
          </testcase>
          <testcase name="[It] [sig-storage] In-tree Volumes [Driver: hostPathSymlink] [Testpattern: Dynamic PV (ntfs)] [Feature:Windows] subPath should support file as subpath [LinuxOnly]" classname="Kubernetes e2e suite" status="skipped" time="0">
              <skipped message="skipped"></skipped>
          </testcase>
          <testcase name="[It] [sig-storage] In-tree Volumes [Driver: azure-disk] [Testpattern: Dynamic PV (ntfs)] [Feature:Windows] multiVolume [Slow] should concurrently access the single read-only volume from pods on the same node" classname="Kubernetes e2e suite" status="skipped" time="0">
              <skipped message="skipped"></skipped>
          </testcase>
          <testcase name="[It] [sig-storage] CSI Volumes [Driver: pd.csi.storage.gke.io] [Serial] [Testpattern: Dynamic PV (xfs)] [Slow] multiVolume [Slow] should access to two volumes with different volume mode and retain data across pod recreation on the same node" classname="Kubernetes e2e suite" status="skipped" time="0">
              <skipped message="skipped"></skipped>
          </testcase>
          <testcase name="[It] [sig-storage] In-tree Volumes [Driver: local] [LocalVolumeType: dir] [Testpattern: Inline-volume (default fs)] subPath should verify container cannot write to subpath readonly volumes [Slow]" classname="Kubernetes e2e suite" status="skipped" time="0">
              <skipped message="skipped"></skipped>
          </testcase>
          <testcase name="[It] [sig-storage] In-tree Volumes [Driver: local] [LocalVolumeType: block] [Testpattern: Dynamic PV (default fs)] fsgroupchangepolicy (Always)[LinuxOnly], pod created with an initial fsgroup, new pod fsgroup applied to volume contents" classname="Kubernetes e2e suite" status="skipped" time="0">
              <skipped message="skipped"></skipped>
          </testcase>
          <testcase name="[It] [sig-network] Proxy version v1 A set of valid responses are returned for both pod and service Proxy [Conformance]" classname="Kubernetes e2e suite" status="passed" time="2.071111335"></testcase>
          <testcase name="[It] [sig-storage] CSI Volumes [Driver: csi-hostpath] [Testpattern: Dynamic PV (default fs)] subPath should support readOnly file specified in the volumeMount [LinuxOnly]" classname="Kubernetes e2e suite" status="skipped" time="0">
              <skipped message="skipped"></skipped>
          </testcase>
          <testcase name="[It] [sig-storage] CSI Mock volume expansion CSI Volume expansion should expand volume by restarting pod if attach=off, nodeExpansion=on" classname="Kubernetes e2e suite" status="skipped" time="0">
              <skipped message="skipped"></skipped>
          </testcase>
          <testcase name="[It] [sig-storage] In-tree Volumes [Driver: local] [LocalVolumeType: gce-localssd-scsi-fs] [Serial] [Testpattern: Dynamic PV (filesystem volmode)] volumeMode should not mount / map unused volumes in a pod [LinuxOnly]" classname="Kubernetes e2e suite" status="skipped" time="0">
              <skipped message="skipped"></skipped>
          </testcase>
          <testcase name="[It] [sig-storage] In-tree Volumes [Driver: cinder] [Testpattern: Inline-volume (default fs)] subPath should support existing single file [LinuxOnly]" classname="Kubernetes e2e suite" status="skipped" time="0">
              <skipped message="skipped"></skipped>
          </testcase>
          <testcase name="[It] [sig-storage] In-tree Volumes [Driver: local] [LocalVolumeType: block] [Testpattern: Dynamic PV (ntfs)] [Feature:Windows] multiVolume [Slow] should concurrently access the volume and its clone from pods on the same node [LinuxOnly] [Feature:VolumeSourceXFS]" classname="Kubernetes e2e suite" status="skipped" time="0">
              <skipped message="skipped"></skipped>
          </testcase>
          <testcase name="[It] [sig-storage] In-tree Volumes [Driver: local] [LocalVolumeType: blockfs] [Testpattern: Dynamic PV (ntfs)] [Feature:Windows] multiVolume [Slow] should access to two volumes with the same volume mode and retain data across pod recreation on the same node" classname="Kubernetes e2e suite" status="skipped" time="0">
              <skipped message="skipped"></skipped>
          </testcase>
          <testcase name="[It] [sig-storage] In-tree Volumes [Driver: local] [LocalVolumeType: dir-link-bindmounted] [Testpattern: Dynamic PV (xfs)] [Slow] multiVolume [Slow] should concurrently access the single volume from pods on the same node" classname="Kubernetes e2e suite" status="skipped" time="0">
              <skipped message="skipped"></skipped>
          </testcase>
          <testcase name="[It] [sig-storage] In-tree Volumes [Driver: azure-file] [Testpattern: Inline-volume (xfs)] [Slow] volumes should allow exec of files on the volume" classname="Kubernetes e2e suite" status="skipped" time="0">
              <skipped message="skipped"></skipped>
          </testcase>
          <testcase name="[It] [sig-scheduling] SchedulerPreemption [Serial] PodTopologySpread Preemption validates proper pods are preempted" classname="Kubernetes e2e suite" status="skipped" time="0">
              <skipped message="skipped"></skipped>
          </testcase>
          <testcase name="[It] [sig-storage] CSI Volumes [Driver: pd.csi.storage.gke.io] [Serial] [Testpattern: Pre-provisioned PV (default fs)] subPath should fail if subpath file is outside the volume [Slow] [LinuxOnly]" classname="Kubernetes e2e suite" status="skipped" time="0">
              <skipped message="skipped"></skipped>
          </testcase>
          <testcase name="[It] [sig-storage] In-tree Volumes [Driver: nfs] [Testpattern: Inline-volume (default fs)] volumes should allow exec of files on the volume" classname="Kubernetes e2e suite" status="skipped" time="0">
              <skipped message="skipped"></skipped>
          </testcase>
          <testcase name="[It] [sig-storage] In-tree Volumes [Driver: nfs] [Testpattern: Inline-volume (default fs)] subPath should support existing directories when readOnly specified in the volumeSource" classname="Kubernetes e2e suite" status="skipped" time="0">
              <skipped message="skipped"></skipped>
          </testcase>
          <testcase name="[It] [sig-storage] In-tree Volumes [Driver: local] [LocalVolumeType: dir-link-bindmounted] [Testpattern: Dynamic PV (default fs)] provisioning should provision storage with pvc data source (ROX mode)" classname="Kubernetes e2e suite" status="skipped" time="0">
              <skipped message="skipped"></skipped>
          </testcase>
          <testcase name="[It] [sig-storage] In-tree Volumes [Driver: vsphere] [Testpattern: Dynamic PV (ext4)] multiVolume [Slow] should access to two volumes with different volume mode and retain data across pod recreation on different node" classname="Kubernetes e2e suite" status="skipped" time="0">
              <skipped message="skipped"></skipped>
          </testcase>
          <testcase name="[It] [sig-storage] In-tree Volumes [Driver: local] [LocalVolumeType: dir-link-bindmounted] [Testpattern: Dynamic PV (filesystem volmode)] volumeMode should fail to use a volume in a pod with mismatched mode [Slow]" classname="Kubernetes e2e suite" status="skipped" time="0">
              <skipped message="skipped"></skipped>
          </testcase>
          <testcase name="[It] [sig-storage] CSI Volumes [Driver: csi-hostpath] [Testpattern: Pre-provisioned PV (block volmode)] multiVolume [Slow] should access to two volumes with different volume mode and retain data across pod recreation on the same node" classname="Kubernetes e2e suite" status="skipped" time="0">
              <skipped message="skipped"></skipped>
          </testcase>
          <testcase name="[It] [sig-storage] In-tree Volumes [Driver: local] [LocalVolumeType: dir] [Testpattern: Dynamic PV (filesystem volmode)] disruptive [Disruptive] [LinuxOnly] Should test that pv written before kubelet restart is readable after restart." classname="Kubernetes e2e suite" status="skipped" time="0">
              <skipped message="skipped"></skipped>
          </testcase>
          <testcase name="[It] [sig-storage] In-tree Volumes [Driver: local] [LocalVolumeType: dir-link-bindmounted] [Testpattern: Dynamic PV (filesystem volmode)] multiVolume [Slow] should access to two volumes with different volume mode and retain data across pod recreation on the same node" classname="Kubernetes e2e suite" status="skipped" time="0">
              <skipped message="skipped"></skipped>
          </testcase>
          <testcase name="[It] [sig-autoscaling] Cluster size autoscaling [Slow] should increase cluster size if pods are pending due to host port conflict [Feature:ClusterSizeAutoscalingScaleUp]" classname="Kubernetes e2e suite" status="skipped" time="0">
              <skipped message="skipped"></skipped>
          </testcase>
          <testcase name="[It] [sig-storage] In-tree Volumes [Driver: iscsi] [Feature:Volumes] [Testpattern: Dynamic PV (default fs)] provisioning should provision storage with snapshot data source (ROX mode) [Feature:VolumeSnapshotDataSource]" classname="Kubernetes e2e suite" status="skipped" time="0">
              <skipped message="skipped"></skipped>
          </testcase>
          <testcase name="[It] [sig-storage] In-tree Volumes [Driver: azure-file] [Testpattern: Pre-provisioned PV (block volmode)] multiVolume [Slow] should access to two volumes with different volume mode and retain data across pod recreation on the same node" classname="Kubernetes e2e suite" status="skipped" time="0">
              <skipped message="skipped"></skipped>
          </testcase>
          <testcase name="[It] [sig-storage] In-tree Volumes [Driver: emptydir] [Testpattern: Dynamic PV (xfs)] [Slow] multiVolume [Slow] should access to two volumes with the same volume mode and retain data across pod recreation on different node" classname="Kubernetes e2e suite" status="skipped" time="0">
              <skipped message="skipped"></skipped>
          </testcase>
          <testcase name="[It] [sig-storage] In-tree Volumes [Driver: nfs] [Testpattern: Dynamic PV (delayed binding)] topology should fail to schedule a pod which has topologies that conflict with AllowedTopologies" classname="Kubernetes e2e suite" status="skipped" time="0">
              <skipped message="skipped"></skipped>
          </testcase>
          <testcase name="[It] [sig-storage] CSI Mock selinux on mount SELinuxMount [LinuxOnly] [Feature:SELinux] should pass SELinux mount option for RWO volume with SELinuxMount enabled and MountOption policy [FeatureGate:SELinuxMountReadWriteOncePod] [Beta] [FeatureGate:SELinuxChangePolicy] [Beta] [FeatureGate:SELinuxMount] [Beta] [Feature:OffByDefault]" classname="Kubernetes e2e suite" status="skipped" time="0">
              <skipped message="skipped"></skipped>
          </testcase>
          <testcase name="[It] [sig-storage] In-tree Volumes [Driver: local] [LocalVolumeType: block] [Testpattern: Dynamic PV (block volmode)] volume-expand should not allow expansion of pvcs without AllowVolumeExpansion property" classname="Kubernetes e2e suite" status="skipped" time="0">
              <skipped message="skipped"></skipped>
          </testcase>
          <testcase name="[It] [sig-storage] In-tree Volumes [Driver: nfs] [Testpattern: Dynamic PV (default fs)] provisioning should provision correct filesystem size when restoring snapshot to larger size pvc [Feature:VolumeSnapshotDataSource]" classname="Kubernetes e2e suite" status="skipped" time="0">
              <skipped message="skipped"></skipped>
          </testcase>
          <testcase name="[It] [sig-node] Pods Extended Delete Grace Period should be submitted and removed" classname="Kubernetes e2e suite" status="skipped" time="0">
              <skipped message="skipped"></skipped>
          </testcase>
          <testcase name="[It] [sig-storage] In-tree Volumes [Driver: local] [LocalVolumeType: dir-link-bindmounted] [Testpattern: Dynamic PV (ntfs)] [Feature:Windows] subPath should support existing directory" classname="Kubernetes e2e suite" status="skipped" time="0">
              <skipped message="skipped"></skipped>
          </testcase>
          <testcase name="[It] [sig-cli] Kubectl client Guestbook application should create and stop a working application [Conformance]" classname="Kubernetes e2e suite" status="passed" time="5.80625678"></testcase>
          <testcase name="[It] [sig-storage] In-tree Volumes [Driver: iscsi] [Feature:Volumes] [Testpattern: Dynamic PV (default fs)] fsgroupchangepolicy (OnRootMismatch)[LinuxOnly], pod created with an initial fsgroup, volume contents ownership changed via chgrp in first pod, new pod with same fsgroup skips ownership changes to the volume contents" classname="Kubernetes e2e suite" status="skipped" time="0">
              <skipped message="skipped"></skipped>
          </testcase>
          <testcase name="[It] [sig-storage] In-tree Volumes [Driver: azure-file] [Testpattern: Dynamic PV (filesystem volmode)] disruptive [Disruptive] [LinuxOnly] Should test that pv used in a pod that is force deleted while the kubelet is down is usable by a new pod with a different SELinux context when kubelet returns [Feature:SELinux]" classname="Kubernetes e2e suite" status="skipped" time="0">
              <skipped message="skipped"></skipped>
          </testcase>
          <testcase name="[It] [sig-storage] EmptyDir volumes should support (root,0666,tmpfs) [LinuxOnly] [NodeConformance] [Conformance]" classname="Kubernetes e2e suite" status="passed" time="4.074783943"></testcase>
          <testcase name="[It] [sig-storage] In-tree Volumes [Driver: local] [LocalVolumeType: dir-link-bindmounted] [Testpattern: Inline-volume (ntfs)] [Feature:Windows] volumes should store data" classname="Kubernetes e2e suite" status="skipped" time="0">
              <skipped message="skipped"></skipped>
          </testcase>
          <testcase name="[It] [sig-storage] In-tree Volumes [Driver: nfs] [Testpattern: Pre-provisioned PV (ntfs)] [Feature:Windows] volumes should allow exec of files on the volume" classname="Kubernetes e2e suite" status="skipped" time="0">
              <skipped message="skipped"></skipped>
          </testcase>
          <testcase name="[It] [sig-storage] In-tree Volumes [Driver: local] [LocalVolumeType: dir-bindmounted] [Testpattern: Dynamic PV (immediate binding)] topology should fail to schedule a pod which has topologies that conflict with AllowedTopologies" classname="Kubernetes e2e suite" status="skipped" time="0">
              <skipped message="skipped"></skipped>
          </testcase>
          <testcase name="[It] [sig-storage] In-tree Volumes [Driver: local] [LocalVolumeType: dir-link] [Testpattern: Pre-provisioned PV (default fs)] subPath should support existing single file [LinuxOnly]" classname="Kubernetes e2e suite" status="skipped" time="0">
              <skipped message="skipped"></skipped>
          </testcase>
          <testcase name="[It] [sig-storage] In-tree Volumes [Driver: cinder] [Testpattern: Dynamic PV (block volmode)] provisioning should provision storage with pvc data source in parallel [Slow]" classname="Kubernetes e2e suite" status="skipped" time="0">
              <skipped message="skipped"></skipped>
          </testcase>
          <testcase name="[It] [sig-storage] In-tree Volumes [Driver: emptydir] [Testpattern: Dynamic PV (default fs)] subPath should support restarting containers using directory as subpath [Slow]" classname="Kubernetes e2e suite" status="skipped" time="0">
              <skipped message="skipped"></skipped>
          </testcase>
          <testcase name="[It] [sig-storage] In-tree Volumes [Driver: local] [LocalVolumeType: tmpfs] [Testpattern: Dynamic PV (filesystem volmode)] multiVolume [Slow] should concurrently access the single volume from pods on different node" classname="Kubernetes e2e suite" status="skipped" time="0">
              <skipped message="skipped"></skipped>
          </testcase>
          <testcase name="[It] [sig-storage] In-tree Volumes [Driver: vsphere] [Testpattern: Dynamic PV (ntfs)] [Feature:Windows] subPath should support restarting containers using directory as subpath [Slow]" classname="Kubernetes e2e suite" status="skipped" time="0">
              <skipped message="skipped"></skipped>
          </testcase>
          <testcase name="[It] [sig-storage] In-tree Volumes [Driver: hostPath] [Testpattern: Pre-provisioned PV (filesystem volmode)] multiVolume [Slow] should concurrently access the single volume from pods on different node" classname="Kubernetes e2e suite" status="skipped" time="0">
              <skipped message="skipped"></skipped>
          </testcase>
          <testcase name="[It] [sig-node] [Feature:SidecarContainers] Restartable Init Container Lifecycle Hook when create a pod with lifecycle hook should execute prestop exec hook properly" classname="Kubernetes e2e suite" status="skipped" time="0">
              <skipped message="skipped"></skipped>
          </testcase>
          <testcase name="[It] [sig-storage] In-tree Volumes [Driver: vsphere] [Testpattern: Generic Ephemeral-volume (default fs) (late-binding)] ephemeral should support expansion of pvcs created for ephemeral pvcs" classname="Kubernetes e2e suite" status="skipped" time="0">
              <skipped message="skipped"></skipped>
          </testcase>
          <testcase name="[It] [sig-storage] In-tree Volumes [Driver: iscsi] [Feature:Volumes] [Testpattern: Inline-volume (default fs)] subPath should fail if subpath directory is outside the volume [Slow] [LinuxOnly]" classname="Kubernetes e2e suite" status="skipped" time="0">
              <skipped message="skipped"></skipped>
          </testcase>
          <testcase name="[It] [sig-storage] HostPathType Block Device [Slow] Should be able to mount block device &#39;ablkdev&#39; successfully when HostPathType is HostPathBlockDev" classname="Kubernetes e2e suite" status="skipped" time="0">
              <skipped message="skipped"></skipped>
          </testcase>
          <testcase name="[It] [sig-storage] In-tree Volumes [Driver: cinder] [Testpattern: Dynamic PV (ntfs)] [Feature:Windows] multiVolume [Slow] should access to two volumes with different volume mode and retain data across pod recreation on the same node" classname="Kubernetes e2e suite" status="skipped" time="0">
              <skipped message="skipped"></skipped>
          </testcase>
          <testcase name="[It] [sig-storage] In-tree Volumes [Driver: local] [LocalVolumeType: tmpfs] [Testpattern: Generic Ephemeral-volume (default fs)] volumeLimits should support volume limits [Serial]" classname="Kubernetes e2e suite" status="skipped" time="0">
              <skipped message="skipped"></skipped>
          </testcase>
          <testcase name="[It] [sig-storage] In-tree Volumes [Driver: azure-disk] [Testpattern: Dynamic PV (ntfs)] [Feature:Windows] provisioning should provision storage with pvc data source" classname="Kubernetes e2e suite" status="skipped" time="0">
              <skipped message="skipped"></skipped>
          </testcase>
          <testcase name="[It] [sig-storage] In-tree Volumes [Driver: local] [LocalVolumeType: block] [Testpattern: Generic Ephemeral-volume (block volmode) (late-binding)] ephemeral should create read-only inline ephemeral volume" classname="Kubernetes e2e suite" status="skipped" time="0">
              <skipped message="skipped"></skipped>
          </testcase>
          <testcase name="[It] [sig-storage] In-tree Volumes [Driver: local] [LocalVolumeType: dir-bindmounted] [Testpattern: Dynamic PV (filesystem volmode)] disruptive [Disruptive] [LinuxOnly] Should test that pv used in a pod that is deleted while the kubelet is down is usable by a new pod with a different SELinux context when kubelet returns [Feature:SELinux]" classname="Kubernetes e2e suite" status="skipped" time="0">
              <skipped message="skipped"></skipped>
          </testcase>
          <testcase name="[It] [sig-storage] In-tree Volumes [Driver: local] [LocalVolumeType: dir-link] [Testpattern: Pre-provisioned PV (default fs)] subPath should fail if subpath with backstepping is outside the volume [Slow] [LinuxOnly]" classname="Kubernetes e2e suite" status="skipped" time="0">
              <skipped message="skipped"></skipped>
          </testcase>
          <testcase name="[It] [sig-storage] In-tree Volumes [Driver: local] [LocalVolumeType: dir-bindmounted] [Testpattern: Dynamic PV (immediate binding)] topology should provision a volume and schedule a pod with AllowedTopologies" classname="Kubernetes e2e suite" status="skipped" time="0">
              <skipped message="skipped"></skipped>
          </testcase>
          <testcase name="[It] [sig-storage] In-tree Volumes [Driver: local] [LocalVolumeType: dir-bindmounted] [Testpattern: Dynamic PV (ntfs)] [Feature:Windows] multiVolume [Slow] should access to two volumes with different volume mode and retain data across pod recreation on the same node" classname="Kubernetes e2e suite" status="skipped" time="0">
              <skipped message="skipped"></skipped>
          </testcase>
          <testcase name="[It] [sig-storage] PersistentVolumes-local [Volume type: tmpfs] Set fsGroup for local volume should set fsGroup for one pod [Slow]" classname="Kubernetes e2e suite" status="skipped" time="0">
              <skipped message="skipped"></skipped>
          </testcase>
          <testcase name="[It] [sig-cli] kubectl debug custom profile should be applied on static profiles on ephemeral container" classname="Kubernetes e2e suite" status="skipped" time="0">
              <skipped message="skipped"></skipped>
          </testcase>
          <testcase name="[It] [sig-storage] In-tree Volumes [Driver: emptydir] [Testpattern: Generic Ephemeral-volume (default fs) (immediate-binding)] ephemeral should create read-only inline ephemeral volume" classname="Kubernetes e2e suite" status="skipped" time="0">
              <skipped message="skipped"></skipped>
          </testcase>
          <testcase name="[It] [sig-storage] In-tree Volumes [Driver: local] [LocalVolumeType: gce-localssd-scsi-fs] [Serial] [Testpattern: Dynamic PV (default fs)] provisioning should mount multiple PV pointing to the same storage on the same node" classname="Kubernetes e2e suite" status="skipped" time="0">
              <skipped message="skipped"></skipped>
          </testcase>
          <testcase name="[It] [sig-storage] In-tree Volumes [Driver: local] [LocalVolumeType: dir-link-bindmounted] [Testpattern: Dynamic PV (default fs)(allowExpansion)] volume-expand Verify if offline PVC expansion works" classname="Kubernetes e2e suite" status="skipped" time="0">
              <skipped message="skipped"></skipped>
          </testcase>
          <testcase name="[It] [sig-storage] In-tree Volumes [Driver: azure-file] [Testpattern: Pre-provisioned PV (block volmode)] disruptive [Disruptive] [LinuxOnly] Should test that pv used in a pod that is deleted while the kubelet is down cleans up when the kubelet returns." classname="Kubernetes e2e suite" status="skipped" time="0">
              <skipped message="skipped"></skipped>
          </testcase>
          <testcase name="[It] [sig-cloud-provider-gcp] Downgrade [Feature:Downgrade] cluster downgrade should maintain a functioning cluster [Feature:ClusterDowngrade]" classname="Kubernetes e2e suite" status="skipped" time="0">
              <skipped message="skipped"></skipped>
          </testcase>
          <testcase name="[It] [sig-storage] In-tree Volumes [Driver: emptydir] [Testpattern: Dynamic PV (xfs)] [Slow] volumes should allow exec of files on the volume" classname="Kubernetes e2e suite" status="skipped" time="0">
              <skipped message="skipped"></skipped>
          </testcase>
          <testcase name="[It] [sig-storage] In-tree Volumes [Driver: hostPathSymlink] [Testpattern: Pre-provisioned PV (filesystem volmode)] multiVolume [Slow] should concurrently access the single volume from pods on different node" classname="Kubernetes e2e suite" status="skipped" time="0">
              <skipped message="skipped"></skipped>
          </testcase>
          <testcase name="[It] [sig-storage] In-tree Volumes [Driver: local] [LocalVolumeType: dir-link-bindmounted] [Testpattern: Dynamic PV (default fs)] subPath should support readOnly directory specified in the volumeMount" classname="Kubernetes e2e suite" status="skipped" time="0">
              <skipped message="skipped"></skipped>
          </testcase>
          <testcase name="[It] [sig-storage] In-tree Volumes [Driver: nfs] [Testpattern: Inline-volume (ext4)] volumes should allow exec of files on the volume" classname="Kubernetes e2e suite" status="skipped" time="0">
              <skipped message="skipped"></skipped>
          </testcase>
          <testcase name="[It] [sig-node] Variable Expansion should fail substituting values in a volume subpath with absolute path [Conformance]" classname="Kubernetes e2e suite" status="passed" time="4.07719016"></testcase>
          <testcase name="[It] [sig-storage] In-tree Volumes [Driver: local] [LocalVolumeType: block] [Testpattern: Generic Ephemeral-volume (default fs) (immediate-binding)] ephemeral should support expansion of pvcs created for ephemeral pvcs" classname="Kubernetes e2e suite" status="skipped" time="0">
              <skipped message="skipped"></skipped>
          </testcase>
          <testcase name="[It] [sig-storage] In-tree Volumes [Driver: iscsi] [Feature:Volumes] [Testpattern: Dynamic PV (ntfs)] [Feature:Windows] subPath should unmount if pod is force deleted while kubelet is down [Disruptive] [Slow] [LinuxOnly]" classname="Kubernetes e2e suite" status="skipped" time="0">
              <skipped message="skipped"></skipped>
          </testcase>
          <testcase name="[It] [sig-instrumentation] Metrics should grab all metrics from kubelet /metrics/resource endpoint" classname="Kubernetes e2e suite" status="skipped" time="0">
              <skipped message="skipped"></skipped>
          </testcase>
          <testcase name="[It] [sig-apps] StatefulSet Basic StatefulSet functionality [StatefulSetBasic] should not deadlock when a pod&#39;s predecessor fails" classname="Kubernetes e2e suite" status="skipped" time="0">
              <skipped message="skipped"></skipped>
          </testcase>
          <testcase name="[It] [sig-storage] In-tree Volumes [Driver: hostPath] [Testpattern: Generic Ephemeral-volume (default fs) (late-binding)] ephemeral should create read-only inline ephemeral volume" classname="Kubernetes e2e suite" status="skipped" time="0">
              <skipped message="skipped"></skipped>
          </testcase>
          <testcase name="[It] [sig-storage] In-tree Volumes [Driver: hostPathSymlink] [Testpattern: Pre-provisioned PV (default fs)] subPath should fail if non-existent subpath is outside the volume [Slow] [LinuxOnly]" classname="Kubernetes e2e suite" status="skipped" time="0">
              <skipped message="skipped"></skipped>
          </testcase>
          <testcase name="[It] [sig-storage] In-tree Volumes [Driver: emptydir] [Testpattern: Dynamic PV (block volmode)] multiVolume [Slow] should concurrently access the volume and restored snapshot from pods on the same node [LinuxOnly] [Feature:VolumeSnapshotDataSource] [Feature:VolumeSourceXFS]" classname="Kubernetes e2e suite" status="skipped" time="0">
              <skipped message="skipped"></skipped>
          </testcase>
          <testcase name="[It] [sig-storage] EmptyDir volumes when FSGroup is specified [LinuxOnly] volume on tmpfs should have the correct mode using FSGroup" classname="Kubernetes e2e suite" status="skipped" time="0">
              <skipped message="skipped"></skipped>
          </testcase>
          <testcase name="[It] [sig-storage] Projected configMap Should fail non-optional pod creation due to configMap object does not exist [Slow]" classname="Kubernetes e2e suite" status="skipped" time="0">
              <skipped message="skipped"></skipped>
          </testcase>
          <testcase name="[It] [sig-storage] In-tree Volumes [Driver: azure-disk] [Testpattern: Dynamic PV (ntfs)] [Feature:Windows] subPath should support existing directory" classname="Kubernetes e2e suite" status="skipped" time="0">
              <skipped message="skipped"></skipped>
          </testcase>
          <testcase name="[It] [sig-autoscaling] [Feature:HPA] Horizontal pod autoscaling (scale resource: CPU) [Serial] [Slow] Deployment (Container Resource) Should scale from 1 pod to 3 pods and then from 3 pods to 5 pods using Average Value for aggregation" classname="Kubernetes e2e suite" status="skipped" time="0">
              <skipped message="skipped"></skipped>
          </testcase>
          <testcase name="[It] [sig-network] Netpol NetworkPolicy between server and client should enforce policy based on PodSelector or NamespaceSelector [Feature:NetworkPolicy]" classname="Kubernetes e2e suite" status="skipped" time="0">
              <skipped message="skipped"></skipped>
          </testcase>
          <testcase name="[It] [sig-storage] In-tree Volumes [Driver: local] [LocalVolumeType: dir-link] [Testpattern: Dynamic PV (default fs)] subPath should support readOnly file specified in the volumeMount [LinuxOnly]" classname="Kubernetes e2e suite" status="skipped" time="0">
              <skipped message="skipped"></skipped>
          </testcase>
          <testcase name="[It] [sig-storage] In-tree Volumes [Driver: azure-file] [Testpattern: Pre-provisioned PV (default fs)] volumes should allow exec of files on the volume" classname="Kubernetes e2e suite" status="skipped" time="0">
              <skipped message="skipped"></skipped>
          </testcase>
          <testcase name="[It] [sig-network] IngressClass [Feature:Ingress] should not set default value if no default IngressClass [Serial]" classname="Kubernetes e2e suite" status="skipped" time="0">
              <skipped message="skipped"></skipped>
          </testcase>
          <testcase name="[It] [sig-storage] In-tree Volumes [Driver: local] [LocalVolumeType: tmpfs] [Testpattern: Dynamic PV (ntfs)] [Feature:Windows] subPath should support restarting containers using directory as subpath [Slow]" classname="Kubernetes e2e suite" status="skipped" time="0">
              <skipped message="skipped"></skipped>
          </testcase>
          <testcase name="[It] [sig-storage] In-tree Volumes [Driver: hostPathSymlink] [Testpattern: Inline-volume (ext4)] volumes should store data" classname="Kubernetes e2e suite" status="skipped" time="0">
              <skipped message="skipped"></skipped>
          </testcase>
          <testcase name="[It] [sig-storage] In-tree Volumes [Driver: nfs] [Testpattern: Dynamic PV (ntfs)] [Feature:Windows] subPath should support creating multiple subpath from same volumes [Slow]" classname="Kubernetes e2e suite" status="skipped" time="0">
              <skipped message="skipped"></skipped>
          </testcase>
          <testcase name="[It] [sig-storage] CSI Volumes [Driver: pd.csi.storage.gke.io] [Serial] [Testpattern: Pre-provisioned PV (default fs)] subPath should support file as subpath [LinuxOnly]" classname="Kubernetes e2e suite" status="skipped" time="0">
              <skipped message="skipped"></skipped>
          </testcase>
          <testcase name="[It] [sig-storage] In-tree Volumes [Driver: nfs] [Testpattern: Dynamic PV (ntfs)] [Feature:Windows] subPath should support existing directory" classname="Kubernetes e2e suite" status="skipped" time="0">
              <skipped message="skipped"></skipped>
          </testcase>
          <testcase name="[It] [sig-storage] In-tree Volumes [Driver: local] [LocalVolumeType: block] [Testpattern: Pre-provisioned PV (block volmode)] disruptive [Disruptive] [LinuxOnly] Should test that pv used in a pod that is force deleted while the kubelet is down cleans up when the kubelet returns." classname="Kubernetes e2e suite" status="skipped" time="0">
              <skipped message="skipped"></skipped>
          </testcase>
          <testcase name="[It] [sig-storage] In-tree Volumes [Driver: iscsi] [Feature:Volumes] [Testpattern: Dynamic PV (ntfs)] [Feature:Windows] provisioning should provision storage with snapshot data source (ROX mode) [Feature:VolumeSnapshotDataSource]" classname="Kubernetes e2e suite" status="skipped" time="0">
              <skipped message="skipped"></skipped>
          </testcase>
          <testcase name="[It] [sig-storage] In-tree Volumes [Driver: local] [LocalVolumeType: dir] [Testpattern: Inline-volume (default fs)] subPath should support existing directories when readOnly specified in the volumeSource" classname="Kubernetes e2e suite" status="skipped" time="0">
              <skipped message="skipped"></skipped>
          </testcase>
          <testcase name="[It] [sig-storage] Projected secret should be consumable from pods in volume with mappings [NodeConformance] [Conformance]" classname="Kubernetes e2e suite" status="passed" time="4.075701777"></testcase>
          <testcase name="[It] [sig-storage] CSI Volumes [Driver: pd.csi.storage.gke.io] [Serial] [Testpattern: Dynamic PV (block volmode)] volume-modify [FeatureGate:VolumeAttributesClass] [Beta] [Feature:OffByDefault] should recover from invalid target VAC by updating PVC to new valid VAC [Flaky]" classname="Kubernetes e2e suite" status="skipped" time="0">
              <skipped message="skipped"></skipped>
          </testcase>
          <testcase name="[It] [sig-storage] In-tree Volumes [Driver: azure-disk] [Testpattern: Dynamic PV (xfs)] [Slow] multiVolume [Slow] should concurrently access the volume and its clone from pods on the same node [LinuxOnly] [Feature:VolumeSourceXFS]" classname="Kubernetes e2e suite" status="skipped" time="0">
              <skipped message="skipped"></skipped>
          </testcase>
          <testcase name="[It] [sig-storage] In-tree Volumes [Driver: cinder] [Testpattern: Generic Ephemeral-volume (default fs)] volumeLimits should support volume limits [Serial]" classname="Kubernetes e2e suite" status="skipped" time="0">
              <skipped message="skipped"></skipped>
          </testcase>
          <testcase name="[It] [sig-storage] ConfigMap should be consumable from pods in volume with mappings as non-root [NodeConformance] [Conformance]" classname="Kubernetes e2e suite" status="passed" time="4.077495089"></testcase>
          <testcase name="[It] [sig-storage] In-tree Volumes [Driver: cinder] [Testpattern: Dynamic PV (filesystem volmode)] multiVolume [Slow] should concurrently access the single volume from pods on different node" classname="Kubernetes e2e suite" status="skipped" time="0">
              <skipped message="skipped"></skipped>
          </testcase>
          <testcase name="[It] [sig-storage] In-tree Volumes [Driver: emptydir] [Testpattern: Dynamic PV (block volmode)] multiVolume [Slow] should concurrently access the single read-only volume from pods on the same node" classname="Kubernetes e2e suite" status="skipped" time="0">
              <skipped message="skipped"></skipped>
          </testcase>
          <testcase name="[It] [sig-storage] In-tree Volumes [Driver: nfs] [Testpattern: Inline-volume (default fs)] volumeIO should write files of various sizes, verify size, validate content [Slow]" classname="Kubernetes e2e suite" status="skipped" time="0">
              <skipped message="skipped"></skipped>
          </testcase>
          <testcase name="[It] [sig-storage] In-tree Volumes [Driver: local] [LocalVolumeType: dir-link] [Testpattern: Dynamic PV (xfs)] [Slow] multiVolume [Slow] should access to two volumes with different volume mode and retain data across pod recreation on different node" classname="Kubernetes e2e suite" status="skipped" time="0">
              <skipped message="skipped"></skipped>
          </testcase>
          <testcase name="[It] [sig-storage] In-tree Volumes [Driver: hostPath] [Testpattern: Dynamic PV (ntfs)] [Feature:Windows] subPath should support existing directories when readOnly specified in the volumeSource" classname="Kubernetes e2e suite" status="skipped" time="0">
              <skipped message="skipped"></skipped>
          </testcase>
          <testcase name="[It] [sig-storage] In-tree Volumes [Driver: local] [LocalVolumeType: block] [Testpattern: Dynamic PV (ntfs)] [Feature:Windows] volumeIO should write files of various sizes, verify size, validate content [Slow]" classname="Kubernetes e2e suite" status="skipped" time="0">
              <skipped message="skipped"></skipped>
          </testcase>
          <testcase name="[It] [sig-storage] In-tree Volumes [Driver: hostPathSymlink] [Testpattern: Dynamic PV (ntfs)] [Feature:Windows] subPath should support restarting containers using directory as subpath [Slow]" classname="Kubernetes e2e suite" status="skipped" time="0">
              <skipped message="skipped"></skipped>
          </testcase>
          <testcase name="[It] [sig-storage] In-tree Volumes [Driver: nfs] [Testpattern: Generic Ephemeral-volume (default fs) (late-binding)] ephemeral should create read/write inline ephemeral volume" classname="Kubernetes e2e suite" status="skipped" time="0">
              <skipped message="skipped"></skipped>
          </testcase>
          <testcase name="[It] [sig-storage] In-tree Volumes [Driver: azure-file] [Testpattern: Dynamic PV (ntfs)] [Feature:Windows] provisioning should provision storage with snapshot data source [Feature:VolumeSnapshotDataSource]" classname="Kubernetes e2e suite" status="skipped" time="0">
              <skipped message="skipped"></skipped>
          </testcase>
          <testcase name="[It] [sig-storage] In-tree Volumes [Driver: hostPathSymlink] [Testpattern: Dynamic PV (block volmode)] disruptive [Disruptive] [LinuxOnly] Should test that pv written before kubelet restart is readable after restart." classname="Kubernetes e2e suite" status="skipped" time="0">
              <skipped message="skipped"></skipped>
          </testcase>
          <testcase name="[It] [sig-storage] In-tree Volumes [Driver: local] [LocalVolumeType: dir-bindmounted] [Testpattern: Generic Ephemeral-volume (block volmode) (late-binding)] ephemeral should create read/write inline ephemeral volume" classname="Kubernetes e2e suite" status="skipped" time="0">
              <skipped message="skipped"></skipped>
          </testcase>
          <testcase name="[It] [sig-storage] In-tree Volumes [Driver: local] [LocalVolumeType: dir-bindmounted] [Testpattern: Dynamic PV (ntfs)] [Feature:Windows] provisioning should provision storage with pvc data source (ROX mode)" classname="Kubernetes e2e suite" status="skipped" time="0">
              <skipped message="skipped"></skipped>
          </testcase>
          <testcase name="[It] [sig-storage] In-tree Volumes [Driver: local] [LocalVolumeType: block] [Testpattern: Generic Ephemeral-volume (default fs) (immediate-binding)] ephemeral should create read/write inline ephemeral volume" classname="Kubernetes e2e suite" status="skipped" time="0">
              <skipped message="skipped"></skipped>
          </testcase>
          <testcase name="[It] [sig-storage] CSI Volumes [Driver: pd.csi.storage.gke.io] [Serial] [Testpattern: Pre-provisioned PV (block volmode)] multiVolume [Slow] should access to two volumes with different volume mode and retain data across pod recreation on different node" classname="Kubernetes e2e suite" status="skipped" time="0">
              <skipped message="skipped"></skipped>
          </testcase>
          <testcase name="[It] [sig-storage] In-tree Volumes [Driver: local] [LocalVolumeType: block] [Testpattern: Dynamic PV (filesystem volmode)] volumeLimits should support volume limits [Serial]" classname="Kubernetes e2e suite" status="skipped" time="0">
              <skipped message="skipped"></skipped>
          </testcase>
          <testcase name="[It] [sig-storage] CSI Volumes [Driver: csi-hostpath] [Testpattern: Dynamic PV (default fs)] fsgroupchangepolicy (OnRootMismatch)[LinuxOnly], pod created with an initial fsgroup, volume contents ownership changed via chgrp in first pod, new pod with same fsgroup skips ownership changes to the volume contents" classname="Kubernetes e2e suite" status="skipped" time="0">
              <skipped message="skipped"></skipped>
          </testcase>
          <testcase name="[It] [sig-network] DNS configMap nameserver Forward external name lookup should forward externalname lookup to upstream nameserver [Slow] [Serial]" classname="Kubernetes e2e suite" status="skipped" time="0">
              <skipped message="skipped"></skipped>
          </testcase>
          <testcase name="[It] [sig-node] Pods should contain environment variables for services [NodeConformance] [Conformance]" classname="Kubernetes e2e suite" status="passed" time="6.110399279"></testcase>
          <testcase name="[It] [sig-storage] In-tree Volumes [Driver: cinder] [Testpattern: Dynamic PV (ntfs)] [Feature:Windows] provisioning should provision storage with pvc data source" classname="Kubernetes e2e suite" status="skipped" time="0">
              <skipped message="skipped"></skipped>
          </testcase>
          <testcase name="[It] [sig-storage] In-tree Volumes [Driver: local] [LocalVolumeType: blockfs] [Testpattern: Dynamic PV (block volmode)] volumeMode should fail in binding dynamic provisioned PV to PVC [Slow] [LinuxOnly]" classname="Kubernetes e2e suite" status="skipped" time="0">
              <skipped message="skipped"></skipped>
          </testcase>
          <testcase name="[It] [sig-storage] In-tree Volumes [Driver: local] [LocalVolumeType: dir-link] [Testpattern: Pre-provisioned PV (default fs)] subPath should fail if non-existent subpath is outside the volume [Slow] [LinuxOnly]" classname="Kubernetes e2e suite" status="skipped" time="0">
              <skipped message="skipped"></skipped>
          </testcase>
          <testcase name="[It] [sig-storage] In-tree Volumes [Driver: azure-disk] [Testpattern: Pre-provisioned PV (default fs)] volumeIO should write files of various sizes, verify size, validate content [Slow]" classname="Kubernetes e2e suite" status="skipped" time="0">
              <skipped message="skipped"></skipped>
          </testcase>
          <testcase name="[It] [sig-storage] In-tree Volumes [Driver: hostPathSymlink] [Testpattern: Dynamic PV (filesystem volmode)] multiVolume [Slow] should access to two volumes with the same volume mode and retain data across pod recreation on different node" classname="Kubernetes e2e suite" status="skipped" time="0">
              <skipped message="skipped"></skipped>
          </testcase>
          <testcase name="[It] [sig-storage] In-tree Volumes [Driver: local] [LocalVolumeType: dir] [Testpattern: Generic Ephemeral-volume (default fs) (immediate-binding)] ephemeral should support two pods which have the same volume definition" classname="Kubernetes e2e suite" status="skipped" time="0">
              <skipped message="skipped"></skipped>
          </testcase>
          <testcase name="[It] [sig-storage] In-tree Volumes [Driver: azure-file] [Testpattern: Pre-provisioned PV (filesystem volmode)] multiVolume [Slow] should concurrently access the single volume from pods on the same node" classname="Kubernetes e2e suite" status="skipped" time="0">
              <skipped message="skipped"></skipped>
          </testcase>
          <testcase name="[It] [sig-storage] In-tree Volumes [Driver: azure-disk] [Testpattern: Dynamic PV (default fs)] fsgroupchangepolicy (OnRootMismatch)[LinuxOnly], pod created with an initial fsgroup, new pod fsgroup applied to volume contents" classname="Kubernetes e2e suite" status="skipped" time="0">
              <skipped message="skipped"></skipped>
          </testcase>
          <testcase name="[It] [sig-node] Security Context When creating a container with runAsUser should run the container with uid 65534 [LinuxOnly] [NodeConformance] [Conformance]" classname="Kubernetes e2e suite" status="passed" time="4.043621906"></testcase>
          <testcase name="[It] [sig-storage] In-tree Volumes [Driver: local] [LocalVolumeType: gce-localssd-scsi-fs] [Serial] [Testpattern: Inline-volume (ext3)] volumes should store data" classname="Kubernetes e2e suite" status="skipped" time="0">
              <skipped message="skipped"></skipped>
          </testcase>
          <testcase name="[It] [sig-storage] In-tree Volumes [Driver: hostPath] [Testpattern: Pre-provisioned PV (ext3)] volumes should allow exec of files on the volume" classname="Kubernetes e2e suite" status="skipped" time="0">
              <skipped message="skipped"></skipped>
          </testcase>
          <testcase name="[It] [sig-storage] In-tree Volumes [Driver: iscsi] [Feature:Volumes] [Testpattern: Dynamic PV (ntfs)(allowExpansion)] [Feature:Windows] volume-expand should resize volume when PVC is edited while pod is using it" classname="Kubernetes e2e suite" status="skipped" time="0">
              <skipped message="skipped"></skipped>
          </testcase>
          <testcase name="[It] [sig-storage] In-tree Volumes [Driver: local] [LocalVolumeType: dir] [Testpattern: Dynamic PV (filesystem volmode)] volumeMode should fail to use a volume in a pod with mismatched mode [Slow]" classname="Kubernetes e2e suite" status="skipped" time="0">
              <skipped message="skipped"></skipped>
          </testcase>
          <testcase name="[It] [sig-storage] In-tree Volumes [Driver: local] [LocalVolumeType: dir] [Testpattern: Dynamic PV (immediate binding)] topology should provision a volume and schedule a pod with AllowedTopologies" classname="Kubernetes e2e suite" status="skipped" time="0">
              <skipped message="skipped"></skipped>
          </testcase>
          <testcase name="[It] [sig-storage] CSI Volumes [Driver: csi-hostpath] [Testpattern: Dynamic PV (filesystem volmode)] multiVolume [Slow] should concurrently access the single volume from pods on different node" classname="Kubernetes e2e suite" status="skipped" time="0">
              <skipped message="skipped"></skipped>
          </testcase>
          <testcase name="[It] [sig-storage] In-tree Volumes [Driver: nfs] [Testpattern: Inline-volume (ext4)] volumes should store data" classname="Kubernetes e2e suite" status="skipped" time="0">
              <skipped message="skipped"></skipped>
          </testcase>
          <testcase name="[It] [sig-storage] In-tree Volumes [Driver: nfs] [Testpattern: Inline-volume (default fs)] volumes should store data" classname="Kubernetes e2e suite" status="skipped" time="0">
              <skipped message="skipped"></skipped>
          </testcase>
          <testcase name="[It] [sig-storage] In-tree Volumes [Driver: local] [LocalVolumeType: dir-link] [Testpattern: Pre-provisioned PV (default fs)] subPath should support readOnly directory specified in the volumeMount" classname="Kubernetes e2e suite" status="skipped" time="0">
              <skipped message="skipped"></skipped>
          </testcase>
          <testcase name="[It] [sig-storage] In-tree Volumes [Driver: nfs] [Testpattern: Dynamic PV (filesystem volmode)] disruptive [Disruptive] [LinuxOnly] Should test that pv used in a pod that is deleted while the kubelet is down is usable by a new pod with a different SELinux context when kubelet returns [Feature:SELinux]" classname="Kubernetes e2e suite" status="skipped" time="0">
              <skipped message="skipped"></skipped>
          </testcase>
          <testcase name="[It] [sig-storage] Projected downwardAPI should provide node allocatable (memory) as default memory limit if the limit is not set [NodeConformance] [Conformance]" classname="Kubernetes e2e suite" status="passed" time="4.071922166"></testcase>
          <testcase name="[It] [sig-storage] In-tree Volumes [Driver: vsphere] [Testpattern: Dynamic PV (default fs)] subPath should unmount if pod is force deleted while kubelet is down [Disruptive] [Slow] [LinuxOnly]" classname="Kubernetes e2e suite" status="skipped" time="0">
              <skipped message="skipped"></skipped>
          </testcase>
          <testcase name="[It] [sig-storage] In-tree Volumes [Driver: local] [LocalVolumeType: dir-bindmounted] [Testpattern: Inline-volume (default fs)] subPath should unmount if pod is gracefully deleted while kubelet is down [Disruptive] [Slow] [LinuxOnly]" classname="Kubernetes e2e suite" status="skipped" time="0">
              <skipped message="skipped"></skipped>
          </testcase>
          <testcase name="[It] [sig-network] DNS should resolve DNS of partial qualified names for services [LinuxOnly] [Conformance]" classname="Kubernetes e2e suite" status="passed" time="7.175806302"></testcase>
          <testcase name="[It] [sig-storage] CSI Volumes [Driver: csi-hostpath] [Testpattern: Dynamic PV (default fs)] volume-expand should not allow expansion of pvcs without AllowVolumeExpansion property" classname="Kubernetes e2e suite" status="skipped" time="0">
              <skipped message="skipped"></skipped>
          </testcase>
          <testcase name="[It] [sig-storage] In-tree Volumes [Driver: local] [LocalVolumeType: dir-bindmounted] [Testpattern: Dynamic PV (ext4)] volumes should store data" classname="Kubernetes e2e suite" status="skipped" time="0">
              <skipped message="skipped"></skipped>
          </testcase>
          <testcase name="[It] [sig-storage] In-tree Volumes [Driver: local] [LocalVolumeType: gce-localssd-scsi-fs] [Serial] [Testpattern: Pre-provisioned PV (block volmode)] multiVolume [Slow] should concurrently access the volume and restored snapshot from pods on the same node [LinuxOnly] [Feature:VolumeSnapshotDataSource] [Feature:VolumeSourceXFS]" classname="Kubernetes e2e suite" status="skipped" time="0">
              <skipped message="skipped"></skipped>
          </testcase>
          <testcase name="[It] [sig-storage] In-tree Volumes [Driver: local] [LocalVolumeType: block] [Testpattern: Pre-provisioned PV (filesystem volmode)] multiVolume [Slow] should concurrently access the volume and restored snapshot from pods on the same node [LinuxOnly] [Feature:VolumeSnapshotDataSource] [Feature:VolumeSourceXFS]" classname="Kubernetes e2e suite" status="skipped" time="0">
              <skipped message="skipped"></skipped>
          </testcase>
          <testcase name="[It] [sig-storage] In-tree Volumes [Driver: cinder] [Testpattern: Inline-volume (default fs)] subPath should support readOnly file specified in the volumeMount [LinuxOnly]" classname="Kubernetes e2e suite" status="skipped" time="0">
              <skipped message="skipped"></skipped>
          </testcase>
          <testcase name="[It] [sig-node] [Feature:Example] Downward API should create a pod that prints his name and namespace" classname="Kubernetes e2e suite" status="skipped" time="0">
              <skipped message="skipped"></skipped>
          </testcase>
          <testcase name="[It] [sig-windows] [Feature:GPUDevicePlugin] Device Plugin should be able to create a functioning device plugin for Windows" classname="Kubernetes e2e suite" status="skipped" time="0">
              <skipped message="skipped"></skipped>
          </testcase>
          <testcase name="[It] [sig-storage] In-tree Volumes [Driver: azure-disk] [Testpattern: Dynamic PV (default fs)] subPath should fail if subpath file is outside the volume [Slow] [LinuxOnly]" classname="Kubernetes e2e suite" status="skipped" time="0">
              <skipped message="skipped"></skipped>
          </testcase>
          <testcase name="[It] [sig-storage] PersistentVolumes-local [Volume type: tmpfs] One pod requesting one prebound PVC should be able to mount volume and read from pod1" classname="Kubernetes e2e suite" status="skipped" time="0">
              <skipped message="skipped"></skipped>
          </testcase>
          <testcase name="[It] [sig-storage] In-tree Volumes [Driver: emptydir] [Testpattern: Pre-provisioned PV (block volmode)] disruptive [Disruptive] [LinuxOnly] Should test that pv written before kubelet restart is readable after restart." classname="Kubernetes e2e suite" status="skipped" time="0">
              <skipped message="skipped"></skipped>
          </testcase>
          <testcase name="[It] [sig-node] ConfigMap should run through a ConfigMap lifecycle [Conformance]" classname="Kubernetes e2e suite" status="passed" time="0.103091645"></testcase>
          <testcase name="[It] [sig-storage] In-tree Volumes [Driver: nfs] [Testpattern: Pre-provisioned PV (filesystem volmode)] disruptive [Disruptive] [LinuxOnly] Should test that pv used in a pod that is deleted while the kubelet is down is usable by a new pod with a different SELinux context when kubelet returns [Feature:SELinux]" classname="Kubernetes e2e suite" status="skipped" time="0">
              <skipped message="skipped"></skipped>
          </testcase>
          <testcase name="[It] [sig-storage] In-tree Volumes [Driver: local] [LocalVolumeType: dir-link] [Testpattern: Inline-volume (xfs)] [Slow] volumes should allow exec of files on the volume" classname="Kubernetes e2e suite" status="skipped" time="0">
              <skipped message="skipped"></skipped>
          </testcase>
          <testcase name="[It] [sig-storage] In-tree Volumes [Driver: iscsi] [Feature:Volumes] [Testpattern: Inline-volume (default fs)] subPath should support readOnly directory specified in the volumeMount" classname="Kubernetes e2e suite" status="skipped" time="0">
              <skipped message="skipped"></skipped>
          </testcase>
          <testcase name="[It] [sig-storage] In-tree Volumes [Driver: local] [LocalVolumeType: block] [Testpattern: Dynamic PV (default fs)] subPath should support existing directory" classname="Kubernetes e2e suite" status="skipped" time="0">
              <skipped message="skipped"></skipped>
          </testcase>
          <testcase name="[It] [sig-api-machinery] FieldValidation should create/apply a valid CR for CRD with validation schema [Conformance]" classname="Kubernetes e2e suite" status="passed" time="3.089234459"></testcase>
          <testcase name="[It] [sig-storage] In-tree Volumes [Driver: local] [LocalVolumeType: gce-localssd-scsi-fs] [Serial] [Testpattern: Dynamic PV (default fs)] volume-expand should not allow expansion of pvcs without AllowVolumeExpansion property" classname="Kubernetes e2e suite" status="skipped" time="0">
              <skipped message="skipped"></skipped>
          </testcase>
          <testcase name="[It] [sig-storage] In-tree Volumes [Driver: local] [LocalVolumeType: blockfs] [Testpattern: Dynamic PV (default fs)] subPath should unmount if pod is gracefully deleted while kubelet is down [Disruptive] [Slow] [LinuxOnly]" classname="Kubernetes e2e suite" status="skipped" time="0">
              <skipped message="skipped"></skipped>
          </testcase>
          <testcase name="[It] [sig-storage] In-tree Volumes [Driver: azure-disk] [Testpattern: Pre-provisioned PV (default fs)] subPath should support existing directory" classname="Kubernetes e2e suite" status="skipped" time="0">
              <skipped message="skipped"></skipped>
          </testcase>
          <testcase name="[It] [sig-node] Pod InPlace Resize Container [FeatureGate:InPlacePodVerticalScaling] [Beta] Burstable QoS pod, one container with cpu &amp; memory requests + limits - decrease memory requests and increase memory limits" classname="Kubernetes e2e suite" status="skipped" time="0">
              <skipped message="skipped"></skipped>
          </testcase>
          <testcase name="[It] [sig-storage] In-tree Volumes [Driver: hostPathSymlink] [Testpattern: Pre-provisioned PV (filesystem volmode)] disruptive [Disruptive] [LinuxOnly] Should test that pv used in a pod that is force deleted while the kubelet is down is usable by a new pod with a different SELinux context when kubelet returns [Feature:SELinux]" classname="Kubernetes e2e suite" status="skipped" time="0">
              <skipped message="skipped"></skipped>
          </testcase>
          <testcase name="[It] [sig-storage] In-tree Volumes [Driver: local] [LocalVolumeType: dir-link-bindmounted] [Testpattern: Pre-provisioned PV (block volmode)] multiVolume [Slow] should access to two volumes with the same volume mode and retain data across pod recreation on the same node" classname="Kubernetes e2e suite" status="skipped" time="0">
              <skipped message="skipped"></skipped>
          </testcase>
          <testcase name="[It] [sig-storage] In-tree Volumes [Driver: azure-file] [Testpattern: Generic Ephemeral-volume (default fs) (immediate-binding)] ephemeral should support two pods which have the same volume definition" classname="Kubernetes e2e suite" status="skipped" time="0">
              <skipped message="skipped"></skipped>
          </testcase>
          <testcase name="[It] [sig-node] Pod InPlace Resize Container [FeatureGate:InPlacePodVerticalScaling] [Beta] Burstable QoS pod, one container, one restartable init container - decrease init container memory requests only" classname="Kubernetes e2e suite" status="skipped" time="0">
              <skipped message="skipped"></skipped>
          </testcase>
          <testcase name="[It] [sig-network] Netpol [Feature:SCTPConnectivity] [LinuxOnly] NetworkPolicy between server and client using SCTP should enforce policy to allow traffic only from a pod in a different namespace based on PodSelector and NamespaceSelector [Feature:NetworkPolicy]" classname="Kubernetes e2e suite" status="skipped" time="0">
              <skipped message="skipped"></skipped>
          </testcase>
          <testcase name="[It] [sig-storage] CSI Volumes [Driver: pd.csi.storage.gke.io] [Serial] [Testpattern: Pre-provisioned PV (default fs)] volumeIO should write files of various sizes, verify size, validate content [Slow]" classname="Kubernetes e2e suite" status="skipped" time="0">
              <skipped message="skipped"></skipped>
          </testcase>
          <testcase name="[It] [sig-auth] [Feature:NodeAuthorizer] A node shouldn&#39;t be able to create another node" classname="Kubernetes e2e suite" status="skipped" time="0">
              <skipped message="skipped"></skipped>
          </testcase>
          <testcase name="[It] [sig-storage] In-tree Volumes [Driver: azure-disk] [Testpattern: Dynamic PV (immediate binding)] topology should fail to schedule a pod which has topologies that conflict with AllowedTopologies" classname="Kubernetes e2e suite" status="skipped" time="0">
              <skipped message="skipped"></skipped>
          </testcase>
          <testcase name="[It] [sig-storage] NFSPersistentVolumes [Disruptive] when kubelet restarts Should test that a volume mounted to a pod that is force deleted while the kubelet is down unmounts when the kubelet returns." classname="Kubernetes e2e suite" status="skipped" time="0">
              <skipped message="skipped"></skipped>
          </testcase>
          <testcase name="[It] [sig-storage] Projected secret Should fail non-optional pod creation due to secret object does not exist [Slow]" classname="Kubernetes e2e suite" status="skipped" time="0">
              <skipped message="skipped"></skipped>
          </testcase>
          <testcase name="[It] [sig-storage] In-tree Volumes [Driver: local] [LocalVolumeType: tmpfs] [Testpattern: Pre-provisioned PV (default fs)] volumes should allow exec of files on the volume" classname="Kubernetes e2e suite" status="skipped" time="0">
              <skipped message="skipped"></skipped>
          </testcase>
          <testcase name="[It] [sig-storage] In-tree Volumes [Driver: local] [LocalVolumeType: tmpfs] [Testpattern: Dynamic PV (ext4)] multiVolume [Slow] should access to two volumes with the same volume mode and retain data across pod recreation on different node" classname="Kubernetes e2e suite" status="skipped" time="0">
              <skipped message="skipped"></skipped>
          </testcase>
          <testcase name="[It] [sig-storage] In-tree Volumes [Driver: local] [LocalVolumeType: dir-link-bindmounted] [Testpattern: Pre-provisioned PV (default fs)] subPath should support readOnly file specified in the volumeMount [LinuxOnly]" classname="Kubernetes e2e suite" status="skipped" time="0">
              <skipped message="skipped"></skipped>
          </testcase>
          <testcase name="[It] [sig-apps] StatefulSet Deploy clustered applications [Feature:StatefulSet] [Slow] should creating a working redis cluster" classname="Kubernetes e2e suite" status="skipped" time="0">
              <skipped message="skipped"></skipped>
          </testcase>
          <testcase name="[It] [sig-apps] DisruptionController should observe PodDisruptionBudget status updated [Conformance]" classname="Kubernetes e2e suite" status="passed" time="4.065259046"></testcase>
          <testcase name="[It] [sig-storage] In-tree Volumes [Driver: local] [LocalVolumeType: dir-link] [Testpattern: Dynamic PV (ntfs)(allowExpansion)] [Feature:Windows] volume-expand Verify if offline PVC expansion works" classname="Kubernetes e2e suite" status="skipped" time="0">
              <skipped message="skipped"></skipped>
          </testcase>
          <testcase name="[It] [sig-storage] In-tree Volumes [Driver: local] [LocalVolumeType: dir] [Testpattern: Dynamic PV (ext3)] volumes should store data" classname="Kubernetes e2e suite" status="skipped" time="0">
              <skipped message="skipped"></skipped>
          </testcase>
          <testcase name="[It] [sig-node] Pod InPlace Resize Container [FeatureGate:InPlacePodVerticalScaling] [Beta] Guaranteed QoS pod, one restartable init container - decrease CPU &amp; increase memory" classname="Kubernetes e2e suite" status="skipped" time="0">
              <skipped message="skipped"></skipped>
          </testcase>
          <testcase name="[It] [sig-storage] [Serial] Volume metrics Ephemeral should create volume metrics in Volume Manager" classname="Kubernetes e2e suite" status="skipped" time="0">
              <skipped message="skipped"></skipped>
          </testcase>
          <testcase name="[It] [sig-apps] Job should allow to use the pod failure policy on exit code to fail the job early [Conformance]" classname="Kubernetes e2e suite" status="passed" time="4.123476069"></testcase>
          <testcase name="[It] [sig-storage] In-tree Volumes [Driver: iscsi] [Feature:Volumes] [Testpattern: Dynamic PV (block volmode)] multiVolume [Slow] should concurrently access the single volume from pods on different node" classname="Kubernetes e2e suite" status="skipped" time="0">
              <skipped message="skipped"></skipped>
          </testcase>
          <testcase name="[It] [sig-storage] In-tree Volumes [Driver: azure-disk] [Testpattern: Pre-provisioned PV (default fs)] subPath should be able to unmount after the subpath directory is deleted [LinuxOnly]" classname="Kubernetes e2e suite" status="skipped" time="0">
              <skipped message="skipped"></skipped>
          </testcase>
          <testcase name="[It] [sig-storage] In-tree Volumes [Driver: local] [LocalVolumeType: dir-bindmounted] [Testpattern: Pre-provisioned PV (default fs)] subPath should fail if subpath file is outside the volume [Slow] [LinuxOnly]" classname="Kubernetes e2e suite" status="skipped" time="0">
              <skipped message="skipped"></skipped>
          </testcase>
          <testcase name="[It] [sig-storage] In-tree Volumes [Driver: local] [LocalVolumeType: tmpfs] [Testpattern: Pre-provisioned PV (default fs)] subPath should fail if subpath directory is outside the volume [Slow] [LinuxOnly]" classname="Kubernetes e2e suite" status="skipped" time="0">
              <skipped message="skipped"></skipped>
          </testcase>
          <testcase name="[It] [sig-api-machinery] CustomResourceDefinition resources [Privileged:ClusterAdmin] custom resource defaulting for requests and from storage works [Conformance]" classname="Kubernetes e2e suite" status="passed" time="3.120671899"></testcase>
          <testcase name="[It] [sig-storage] CSI Mock honor pv reclaim policy CSI honor pv reclaim policy changes using mock driver should honor pv reclaim policy after it is changed from retain to deleted" classname="Kubernetes e2e suite" status="skipped" time="0">
              <skipped message="skipped"></skipped>
          </testcase>
          <testcase name="[It] [sig-storage] In-tree Volumes [Driver: cinder] [Testpattern: Dynamic PV (ntfs)] [Feature:Windows] subPath should support readOnly directory specified in the volumeMount" classname="Kubernetes e2e suite" status="skipped" time="0">
              <skipped message="skipped"></skipped>
          </testcase>
          <testcase name="[It] [sig-storage] In-tree Volumes [Driver: cinder] [Testpattern: Dynamic PV (block volmode)] multiVolume [Slow] should access to two volumes with the same volume mode and retain data across pod recreation on the same node" classname="Kubernetes e2e suite" status="skipped" time="0">
              <skipped message="skipped"></skipped>
          </testcase>
          <testcase name="[It] [sig-node] [Feature:SidecarContainers] Probing restartable init container should not be ready with an exec readiness probe timeout [MinimumKubeletVersion:1.20]" classname="Kubernetes e2e suite" status="skipped" time="0">
              <skipped message="skipped"></skipped>
          </testcase>
          <testcase name="[It] [sig-storage] In-tree Volumes [Driver: local] [LocalVolumeType: blockfs] [Testpattern: Pre-provisioned PV (filesystem volmode)] disruptive [Disruptive] [LinuxOnly] Should test that pv used in a pod that is deleted while the kubelet is down is usable by a new pod when kubelet returns [Feature:SELinux]" classname="Kubernetes e2e suite" status="skipped" time="0">
              <skipped message="skipped"></skipped>
          </testcase>
          <testcase name="[It] [sig-node] ConfigMap should fail to create ConfigMap with empty key [Conformance]" classname="Kubernetes e2e suite" status="passed" time="0.10186705"></testcase>
          <testcase name="[It] [sig-storage] In-tree Volumes [Driver: local] [LocalVolumeType: dir-bindmounted] [Testpattern: Dynamic PV (default fs)] subPath should support file as subpath [LinuxOnly]" classname="Kubernetes e2e suite" status="skipped" time="0">
              <skipped message="skipped"></skipped>
          </testcase>
          <testcase name="[It] [sig-storage] In-tree Volumes [Driver: local] [LocalVolumeType: dir-link] [Testpattern: Pre-provisioned PV (filesystem volmode)] multiVolume [Slow] should concurrently access the single volume from pods on the same node" classname="Kubernetes e2e suite" status="skipped" time="0">
              <skipped message="skipped"></skipped>
          </testcase>
          <testcase name="[It] [sig-storage] In-tree Volumes [Driver: azure-file] [Testpattern: Pre-provisioned PV (block volmode)] volumeMode should fail to create pod by failing to mount volume [Slow]" classname="Kubernetes e2e suite" status="skipped" time="0">
              <skipped message="skipped"></skipped>
          </testcase>
          <testcase name="[It] [sig-storage] In-tree Volumes [Driver: local] [LocalVolumeType: gce-localssd-scsi-fs] [Serial] [Testpattern: Dynamic PV (filesystem volmode)] volumeLimits should support volume limits [Serial]" classname="Kubernetes e2e suite" status="skipped" time="0">
              <skipped message="skipped"></skipped>
          </testcase>
          <testcase name="[It] [sig-storage] In-tree Volumes [Driver: iscsi] [Feature:Volumes] [Testpattern: Dynamic PV (block volmode)] provisioning should provision storage with any volume data source [Serial]" classname="Kubernetes e2e suite" status="skipped" time="0">
              <skipped message="skipped"></skipped>
          </testcase>
          <testcase name="[It] [sig-storage] In-tree Volumes [Driver: hostPath] [Testpattern: Dynamic PV (block volmode)] provisioning should provision storage with snapshot data source (ROX mode) [Feature:VolumeSnapshotDataSource]" classname="Kubernetes e2e suite" status="skipped" time="0">
              <skipped message="skipped"></skipped>
          </testcase>
          <testcase name="[It] [sig-storage] In-tree Volumes [Driver: local] [LocalVolumeType: dir-link] [Testpattern: Inline-volume (default fs)] subPath should fail if subpath directory is outside the volume [Slow] [LinuxOnly]" classname="Kubernetes e2e suite" status="skipped" time="0">
              <skipped message="skipped"></skipped>
          </testcase>
          <testcase name="[It] [sig-storage] Projected configMap should be consumable from pods in volume with mappings [NodeConformance] [Conformance]" classname="Kubernetes e2e suite" status="passed" time="2.082934274"></testcase>
          <testcase name="[It] [sig-storage] In-tree Volumes [Driver: iscsi] [Feature:Volumes] [Testpattern: Dynamic PV (block volmode)] provisioning should provision storage with pvc data source in parallel [Slow]" classname="Kubernetes e2e suite" status="skipped" time="0">
              <skipped message="skipped"></skipped>
          </testcase>
          <testcase name="[It] [sig-storage] In-tree Volumes [Driver: cinder] [Testpattern: Pre-provisioned PV (block volmode)] volumeMode should fail to use a volume in a pod with mismatched mode [Slow]" classname="Kubernetes e2e suite" status="skipped" time="0">
              <skipped message="skipped"></skipped>
          </testcase>
          <testcase name="[It] [sig-storage] CSI Mock volume expansion CSI Volume expansion should expand volume by restarting pod if attach=on, nodeExpansion=on" classname="Kubernetes e2e suite" status="skipped" time="0">
              <skipped message="skipped"></skipped>
          </testcase>
          <testcase name="[It] [sig-storage] In-tree Volumes [Driver: hostPathSymlink] [Testpattern: Pre-provisioned PV (filesystem volmode)] multiVolume [Slow] should concurrently access the volume and restored snapshot from pods on the same node [LinuxOnly] [Feature:VolumeSnapshotDataSource] [Feature:VolumeSourceXFS]" classname="Kubernetes e2e suite" status="skipped" time="0">
              <skipped message="skipped"></skipped>
          </testcase>
          <testcase name="[It] [sig-node] Downward API should provide hostIPs as an env var [NodeConformance] [Conformance]" classname="Kubernetes e2e suite" status="passed" time="4.071066111"></testcase>
          <testcase name="[It] [sig-storage] In-tree Volumes [Driver: cinder] [Testpattern: Dynamic PV (default fs)] subPath should support existing single file [LinuxOnly]" classname="Kubernetes e2e suite" status="skipped" time="0">
              <skipped message="skipped"></skipped>
          </testcase>
          <testcase name="[It] [sig-storage] CSI Volumes [Driver: csi-hostpath] [Testpattern: Pre-provisioned PV (block volmode)] disruptive [Disruptive] [LinuxOnly] Should test that pv used in a pod that is force deleted while the kubelet is down cleans up when the kubelet returns." classname="Kubernetes e2e suite" status="skipped" time="0">
              <skipped message="skipped"></skipped>
          </testcase>
          <testcase name="[It] [sig-node] Pod InPlace Resize Container [FeatureGate:InPlacePodVerticalScaling] [Beta] Burstable QoS pod, one container - increase memory request (NoRestart memory resize policy)" classname="Kubernetes e2e suite" status="skipped" time="0">
              <skipped message="skipped"></skipped>
          </testcase>
          <testcase name="[It] [sig-storage] In-tree Volumes [Driver: local] [LocalVolumeType: block] [Testpattern: Pre-provisioned PV (block volmode)] multiVolume [Slow] should access to two volumes with the same volume mode and retain data across pod recreation on different node" classname="Kubernetes e2e suite" status="skipped" time="0">
              <skipped message="skipped"></skipped>
          </testcase>
          <testcase name="[It] [sig-storage] In-tree Volumes [Driver: local] [LocalVolumeType: blockfs] [Testpattern: Dynamic PV (xfs)] [Slow] multiVolume [Slow] should access to two volumes with different volume mode and retain data across pod recreation on different node" classname="Kubernetes e2e suite" status="skipped" time="0">
              <skipped message="skipped"></skipped>
          </testcase>
          <testcase name="[It] [sig-node] Containers should be able to override the image&#39;s default command (container entrypoint) [NodeConformance] [Conformance]" classname="Kubernetes e2e suite" status="passed" time="2.072820993"></testcase>
          <testcase name="[It] [sig-apps] ReplicaSet should list and delete a collection of ReplicaSets [Conformance]" classname="Kubernetes e2e suite" status="passed" time="5.159499544"></testcase>
          <testcase name="[It] [sig-storage] In-tree Volumes [Driver: local] [LocalVolumeType: dir] [Testpattern: Pre-provisioned PV (filesystem volmode)] multiVolume [Slow] should concurrently access the single volume from pods on different node" classname="Kubernetes e2e suite" status="skipped" time="0">
              <skipped message="skipped"></skipped>
          </testcase>
          <testcase name="[It] [sig-storage] In-tree Volumes [Driver: local] [LocalVolumeType: dir] [Testpattern: Pre-provisioned PV (block volmode)] multiVolume [Slow] should access to two volumes with different volume mode and retain data across pod recreation on the same node" classname="Kubernetes e2e suite" status="skipped" time="0">
              <skipped message="skipped"></skipped>
          </testcase>
          <testcase name="[It] [sig-storage] In-tree Volumes [Driver: hostPathSymlink] [Testpattern: Pre-provisioned PV (filesystem volmode)] multiVolume [Slow] should access to two volumes with different volume mode and retain data across pod recreation on the same node" classname="Kubernetes e2e suite" status="skipped" time="0">
              <skipped message="skipped"></skipped>
          </testcase>
          <testcase name="[It] [sig-node] Secrets should be consumable from pods in env vars [NodeConformance] [Conformance]" classname="Kubernetes e2e suite" status="passed" time="4.121937489"></testcase>
          <testcase name="[It] [sig-storage] In-tree Volumes [Driver: vsphere] [Testpattern: Dynamic PV (ntfs)] [Feature:Windows] volumes should store data" classname="Kubernetes e2e suite" status="skipped" time="0">
              <skipped message="skipped"></skipped>
          </testcase>
          <testcase name="[It] [sig-storage] In-tree Volumes [Driver: local] [LocalVolumeType: blockfs] [Testpattern: Dynamic PV (default fs)] subPath should support creating multiple subpath from same volumes [Slow]" classname="Kubernetes e2e suite" status="skipped" time="0">
              <skipped message="skipped"></skipped>
          </testcase>
          <testcase name="[It] [sig-node] Security Context when creating containers with AllowPrivilegeEscalation should allow privilege escalation when not explicitly set and uid != 0 [LinuxOnly] [NodeConformance]" classname="Kubernetes e2e suite" status="skipped" time="0">
              <skipped message="skipped"></skipped>
          </testcase>
          <testcase name="[It] [sig-storage] In-tree Volumes [Driver: local] [LocalVolumeType: dir-link-bindmounted] [Testpattern: Dynamic PV (block volmode)] volumeMode should fail to use a volume in a pod with mismatched mode [Slow]" classname="Kubernetes e2e suite" status="skipped" time="0">
              <skipped message="skipped"></skipped>
          </testcase>
          <testcase name="[It] [sig-storage] In-tree Volumes [Driver: emptydir] [Testpattern: Dynamic PV (default fs)] subPath should support existing directories when readOnly specified in the volumeSource" classname="Kubernetes e2e suite" status="skipped" time="0">
              <skipped message="skipped"></skipped>
          </testcase>
          <testcase name="[It] [sig-storage] In-tree Volumes [Driver: nfs] [Testpattern: Dynamic PV (immediate binding)] topology should fail to schedule a pod which has topologies that conflict with AllowedTopologies" classname="Kubernetes e2e suite" status="skipped" time="0">
              <skipped message="skipped"></skipped>
          </testcase>
          <testcase name="[It] [sig-cli] Kubectl client Kubectl validation should create/apply a CR with unknown fields for CRD with no validation schema" classname="Kubernetes e2e suite" status="skipped" time="0">
              <skipped message="skipped"></skipped>
          </testcase>
          <testcase name="[It] [sig-storage] In-tree Volumes [Driver: local] [LocalVolumeType: dir] [Testpattern: Dynamic PV (ext4)] multiVolume [Slow] should concurrently access the single volume from pods on the same node" classname="Kubernetes e2e suite" status="skipped" time="0">
              <skipped message="skipped"></skipped>
          </testcase>
          <testcase name="[It] [sig-storage] CSI Volumes [Driver: csi-hostpath] [Testpattern: Dynamic PV (default fs)] subPath should support non-existent path" classname="Kubernetes e2e suite" status="skipped" time="0">
              <skipped message="skipped"></skipped>
          </testcase>
          <testcase name="[It] [sig-storage] In-tree Volumes [Driver: hostPathSymlink] [Testpattern: Dynamic PV (block volmode)] multiVolume [Slow] should access to two volumes with different volume mode and retain data across pod recreation on different node" classname="Kubernetes e2e suite" status="skipped" time="0">
              <skipped message="skipped"></skipped>
          </testcase>
          <testcase name="[It] [sig-storage] In-tree Volumes [Driver: local] [LocalVolumeType: block] [Testpattern: Dynamic PV (ntfs)] [Feature:Windows] multiVolume [Slow] should concurrently access the volume and restored snapshot from pods on the same node [LinuxOnly] [Feature:VolumeSnapshotDataSource] [Feature:VolumeSourceXFS]" classname="Kubernetes e2e suite" status="skipped" time="0">
              <skipped message="skipped"></skipped>
          </testcase>
          <testcase name="[It] [sig-storage] In-tree Volumes [Driver: local] [LocalVolumeType: dir-link] [Testpattern: Dynamic PV (default fs)(allowExpansion)] volume-expand should resize volume when PVC is edited while pod is using it" classname="Kubernetes e2e suite" status="skipped" time="0">
              <skipped message="skipped"></skipped>
          </testcase>
          <testcase name="[It] [sig-storage] In-tree Volumes [Driver: azure-file] [Testpattern: Dynamic PV (default fs)] subPath should support readOnly file specified in the volumeMount [LinuxOnly]" classname="Kubernetes e2e suite" status="skipped" time="0">
              <skipped message="skipped"></skipped>
          </testcase>
          <testcase name="[It] [sig-storage] In-tree Volumes [Driver: emptydir] [Testpattern: Dynamic PV (ntfs)] [Feature:Windows] subPath should support existing directory" classname="Kubernetes e2e suite" status="skipped" time="0">
              <skipped message="skipped"></skipped>
          </testcase>
          <testcase name="[It] [sig-storage] In-tree Volumes [Driver: emptydir] [Testpattern: Dynamic PV (default fs)] fsgroupchangepolicy (OnRootMismatch)[LinuxOnly], pod created with an initial fsgroup, volume contents ownership changed via chgrp in first pod, new pod with different fsgroup applied to the volume contents" classname="Kubernetes e2e suite" status="skipped" time="0">
              <skipped message="skipped"></skipped>
          </testcase>
          <testcase name="[It] [sig-storage] CSI Mock Node Volume Health [FeatureGate:CSIVolumeHealth] [Alpha] [Feature:OffByDefault] CSI Mock Node Volume Health [Slow] return normal volume stats" classname="Kubernetes e2e suite" status="skipped" time="0">
              <skipped message="skipped"></skipped>
          </testcase>
          <testcase name="[It] [sig-storage] In-tree Volumes [Driver: local] [LocalVolumeType: dir-link-bindmounted] [Testpattern: Dynamic PV (block volmode)] volumeMode should not mount / map unused volumes in a pod [LinuxOnly]" classname="Kubernetes e2e suite" status="skipped" time="0">
              <skipped message="skipped"></skipped>
          </testcase>
          <testcase name="[It] [sig-storage] CSI Mock volume limit CSI volume limit information using mock driver should report attach limit for generic ephemeral volume when persistent volume is attached [Slow]" classname="Kubernetes e2e suite" status="skipped" time="0">
              <skipped message="skipped"></skipped>
          </testcase>
          <testcase name="[It] [sig-storage] In-tree Volumes [Driver: local] [LocalVolumeType: dir-link] [Testpattern: Dynamic PV (block volmode)] volumeMode should fail in binding dynamic provisioned PV to PVC [Slow] [LinuxOnly]" classname="Kubernetes e2e suite" status="skipped" time="0">
              <skipped message="skipped"></skipped>
          </testcase>
          <testcase name="[It] [sig-storage] In-tree Volumes [Driver: local] [LocalVolumeType: dir-link-bindmounted] [Testpattern: Pre-provisioned PV (block volmode)] multiVolume [Slow] should concurrently access the volume and its clone from pods on the same node [LinuxOnly] [Feature:VolumeSourceXFS]" classname="Kubernetes e2e suite" status="skipped" time="0">
              <skipped message="skipped"></skipped>
          </testcase>
          <testcase name="[It] [sig-storage] In-tree Volumes [Driver: emptydir] [Testpattern: Dynamic PV (block volmode)] provisioning should provision storage with any volume data source [Serial]" classname="Kubernetes e2e suite" status="skipped" time="0">
              <skipped message="skipped"></skipped>
          </testcase>
          <testcase name="[It] [sig-storage] In-tree Volumes [Driver: vsphere] [Testpattern: Dynamic PV (default fs)] provisioning should provision correct filesystem size when restoring snapshot to larger size pvc [Feature:VolumeSnapshotDataSource]" classname="Kubernetes e2e suite" status="skipped" time="0">
              <skipped message="skipped"></skipped>
          </testcase>
          <testcase name="[It] [sig-storage] In-tree Volumes [Driver: local] [LocalVolumeType: tmpfs] [Testpattern: Generic Ephemeral-volume (default fs) (immediate-binding)] ephemeral should support expansion of pvcs created for ephemeral pvcs" classname="Kubernetes e2e suite" status="skipped" time="0">
              <skipped message="skipped"></skipped>
          </testcase>
          <testcase name="[It] [sig-storage] In-tree Volumes [Driver: hostPathSymlink] [Testpattern: Generic Ephemeral-volume (default fs) (immediate-binding)] ephemeral should create read-only inline ephemeral volume" classname="Kubernetes e2e suite" status="skipped" time="0">
              <skipped message="skipped"></skipped>
          </testcase>
          <testcase name="[It] [sig-storage] In-tree Volumes [Driver: iscsi] [Feature:Volumes] [Testpattern: Pre-provisioned PV (default fs)] subPath should support existing directories when readOnly specified in the volumeSource" classname="Kubernetes e2e suite" status="skipped" time="0">
              <skipped message="skipped"></skipped>
          </testcase>
          <testcase name="[It] [sig-cli] Kubectl client Kubectl expose should create services for rc [Conformance]" classname="Kubernetes e2e suite" status="passed" time="6.275418384"></testcase>
          <testcase name="[It] [sig-storage] In-tree Volumes [Driver: vsphere] [Testpattern: Pre-provisioned PV (filesystem volmode)] disruptive [Disruptive] [LinuxOnly] Should test that pv used in a pod that is deleted while the kubelet is down is usable by a new pod when kubelet returns [Feature:SELinux]" classname="Kubernetes e2e suite" status="skipped" time="0">
              <skipped message="skipped"></skipped>
          </testcase>
          <testcase name="[It] [sig-storage] In-tree Volumes [Driver: local] [LocalVolumeType: dir-link] [Testpattern: Dynamic PV (ext4)] multiVolume [Slow] should access to two volumes with the same volume mode and retain data across pod recreation on different node" classname="Kubernetes e2e suite" status="skipped" time="0">
              <skipped message="skipped"></skipped>
          </testcase>
          <testcase name="[It] [sig-storage] In-tree Volumes [Driver: local] [LocalVolumeType: blockfs] [Testpattern: Inline-volume (default fs)] subPath should unmount if pod is gracefully deleted while kubelet is down [Disruptive] [Slow] [LinuxOnly]" classname="Kubernetes e2e suite" status="skipped" time="0">
              <skipped message="skipped"></skipped>
          </testcase>
          <testcase name="[It] [sig-storage] In-tree Volumes [Driver: cinder] [Testpattern: Inline-volume (default fs)] subPath should support existing directories when readOnly specified in the volumeSource" classname="Kubernetes e2e suite" status="skipped" time="0">
              <skipped message="skipped"></skipped>
          </testcase>
          <testcase name="[It] [sig-storage] In-tree Volumes [Driver: vsphere] [Testpattern: Dynamic PV (filesystem volmode)] multiVolume [Slow] should access to two volumes with the same volume mode and retain data across pod recreation on different node" classname="Kubernetes e2e suite" status="skipped" time="0">
              <skipped message="skipped"></skipped>
          </testcase>
          <testcase name="[It] [sig-storage] In-tree Volumes [Driver: local] [LocalVolumeType: dir-link] [Testpattern: Dynamic PV (block volmode)] multiVolume [Slow] should access to two volumes with the same volume mode and retain data across pod recreation on the same node" classname="Kubernetes e2e suite" status="skipped" time="0">
              <skipped message="skipped"></skipped>
          </testcase>
          <testcase name="[It] [sig-storage] In-tree Volumes [Driver: local] [LocalVolumeType: dir-bindmounted] [Testpattern: Dynamic PV (default fs)] provisioning should provision storage with mount options" classname="Kubernetes e2e suite" status="skipped" time="0">
              <skipped message="skipped"></skipped>
          </testcase>
          <testcase name="[It] [sig-storage] In-tree Volumes [Driver: local] [LocalVolumeType: blockfs] [Testpattern: Dynamic PV (ntfs)] [Feature:Windows] subPath should support existing directories when readOnly specified in the volumeSource" classname="Kubernetes e2e suite" status="skipped" time="0">
              <skipped message="skipped"></skipped>
          </testcase>
          <testcase name="[It] [sig-storage] In-tree Volumes [Driver: local] [LocalVolumeType: dir] [Testpattern: Dynamic PV (filesystem volmode)] multiVolume [Slow] should access to two volumes with different volume mode and retain data across pod recreation on different node" classname="Kubernetes e2e suite" status="skipped" time="0">
              <skipped message="skipped"></skipped>
          </testcase>
          <testcase name="[It] [sig-storage] CSI Volumes [Driver: csi-hostpath] [Testpattern: Dynamic PV (ntfs)] [Feature:Windows] subPath should fail if subpath file is outside the volume [Slow] [LinuxOnly]" classname="Kubernetes e2e suite" status="skipped" time="0">
              <skipped message="skipped"></skipped>
          </testcase>
          <testcase name="[It] [sig-storage] In-tree Volumes [Driver: local] [LocalVolumeType: block] [Testpattern: Dynamic PV (block volmode)] disruptive [Disruptive] [LinuxOnly] Should test that pv used in a pod that is force deleted while the kubelet is down cleans up when the kubelet returns." classname="Kubernetes e2e suite" status="skipped" time="0">
              <skipped message="skipped"></skipped>
          </testcase>
          <testcase name="[It] [sig-storage] In-tree Volumes [Driver: azure-file] [Testpattern: Pre-provisioned PV (default fs)] subPath should support non-existent path" classname="Kubernetes e2e suite" status="skipped" time="0">
              <skipped message="skipped"></skipped>
          </testcase>
          <testcase name="[It] [sig-storage] In-tree Volumes [Driver: vsphere] [Testpattern: Pre-provisioned PV (block volmode)] volumes should store data" classname="Kubernetes e2e suite" status="skipped" time="0">
              <skipped message="skipped"></skipped>
          </testcase>
          <testcase name="[It] [sig-storage] In-tree Volumes [Driver: local] [LocalVolumeType: tmpfs] [Testpattern: Dynamic PV (ntfs)] [Feature:Windows] subPath should fail if subpath directory is outside the volume [Slow] [LinuxOnly]" classname="Kubernetes e2e suite" status="skipped" time="0">
              <skipped message="skipped"></skipped>
          </testcase>
          <testcase name="[It] [sig-storage] In-tree Volumes [Driver: local] [LocalVolumeType: gce-localssd-scsi-fs] [Serial] [Testpattern: Dynamic PV (default fs)] fsgroupchangepolicy (Always)[LinuxOnly], rwop pod created with an initial fsgroup, new pod fsgroup applied to volume contents" classname="Kubernetes e2e suite" status="skipped" time="0">
              <skipped message="skipped"></skipped>
          </testcase>
          <testcase name="[It] [sig-storage] In-tree Volumes [Driver: hostPathSymlink] [Testpattern: Dynamic PV (block volmode)] multiVolume [Slow] should access to two volumes with different volume mode and retain data across pod recreation on the same node" classname="Kubernetes e2e suite" status="skipped" time="0">
              <skipped message="skipped"></skipped>
          </testcase>
          <testcase name="[It] [sig-storage] In-tree Volumes [Driver: azure-disk] [Testpattern: Inline-volume (default fs)] subPath should support restarting containers using file as subpath [Slow] [LinuxOnly]" classname="Kubernetes e2e suite" status="skipped" time="0">
              <skipped message="skipped"></skipped>
          </testcase>
          <testcase name="[It] [sig-apps] ReplicationController should serve a basic image on each replica with a private image" classname="Kubernetes e2e suite" status="skipped" time="0">
              <skipped message="skipped"></skipped>
          </testcase>
          <testcase name="[It] [sig-autoscaling] Cluster size autoscaling [Slow] should scale down when expendable pod is running [Feature:ClusterSizeAutoscalingScaleDown]" classname="Kubernetes e2e suite" status="skipped" time="0">
              <skipped message="skipped"></skipped>
          </testcase>
          <testcase name="[It] [sig-storage] CSI Volumes [Driver: csi-hostpath] [Testpattern: Dynamic PV (xfs)] [Slow] volumes should store data" classname="Kubernetes e2e suite" status="skipped" time="0">
              <skipped message="skipped"></skipped>
          </testcase>
          <testcase name="[It] [sig-storage] In-tree Volumes [Driver: hostPathSymlink] [Testpattern: Dynamic PV (ntfs)] [Feature:Windows] multiVolume [Slow] should concurrently access the volume and restored snapshot from pods on the same node [LinuxOnly] [Feature:VolumeSnapshotDataSource] [Feature:VolumeSourceXFS]" classname="Kubernetes e2e suite" status="skipped" time="0">
              <skipped message="skipped"></skipped>
          </testcase>
          <testcase name="[It] [sig-storage] In-tree Volumes [Driver: local] [LocalVolumeType: dir-link] [Testpattern: Pre-provisioned PV (block volmode)] multiVolume [Slow] should concurrently access the single volume from pods on the same node" classname="Kubernetes e2e suite" status="skipped" time="0">
              <skipped message="skipped"></skipped>
          </testcase>
          <testcase name="[It] [sig-storage] In-tree Volumes [Driver: hostPath] [Testpattern: Dynamic PV (ntfs)] [Feature:Windows] subPath should fail if subpath with backstepping is outside the volume [Slow] [LinuxOnly]" classname="Kubernetes e2e suite" status="skipped" time="0">
              <skipped message="skipped"></skipped>
          </testcase>
          <testcase name="[It] [sig-storage] CSI Volumes [Driver: csi-hostpath] [Testpattern: Generic Ephemeral-volume (block volmode) (late-binding)] ephemeral should create read/write inline ephemeral volume" classname="Kubernetes e2e suite" status="skipped" time="0">
              <skipped message="skipped"></skipped>
          </testcase>
          <testcase name="[It] [sig-storage] Downward API [Serial] [Disruptive] [Feature:EphemeralStorage] Downward API tests for local ephemeral storage should provide default limits.ephemeral-storage from node allocatable" classname="Kubernetes e2e suite" status="skipped" time="0">
              <skipped message="skipped"></skipped>
          </testcase>
          <testcase name="[It] [sig-storage] In-tree Volumes [Driver: local] [LocalVolumeType: blockfs] [Testpattern: Dynamic PV (ntfs)] [Feature:Windows] provisioning should provision correct filesystem size when restoring snapshot to larger size pvc [Feature:VolumeSnapshotDataSource]" classname="Kubernetes e2e suite" status="skipped" time="0">
              <skipped message="skipped"></skipped>
          </testcase>
          <testcase name="[It] [sig-storage] CSI Volumes [Driver: pd.csi.storage.gke.io] [Serial] [Testpattern: Dynamic PV (xfs)] [Slow] multiVolume [Slow] should access to two volumes with different volume mode and retain data across pod recreation on different node" classname="Kubernetes e2e suite" status="skipped" time="0">
              <skipped message="skipped"></skipped>
          </testcase>
          <testcase name="[It] [sig-storage] In-tree Volumes [Driver: local] [LocalVolumeType: dir-link-bindmounted] [Testpattern: Dynamic PV (block volmode)] multiVolume [Slow] should concurrently access the single volume from pods on the same node" classname="Kubernetes e2e suite" status="skipped" time="0">
              <skipped message="skipped"></skipped>
          </testcase>
          <testcase name="[It] [sig-node] Container Runtime blackbox test on terminated container should report termination message from log output if TerminationMessagePolicy FallbackToLogsOnError is set [NodeConformance] [Conformance]" classname="Kubernetes e2e suite" status="passed" time="3.073411253"></testcase>
          <testcase name="[It] [sig-storage] In-tree Volumes [Driver: cinder] [Testpattern: Dynamic PV (filesystem volmode)] disruptive [Disruptive] [LinuxOnly] Should test that pv used in a pod that is deleted while the kubelet is down is usable by a new pod with a different SELinux context when kubelet returns [Feature:SELinux]" classname="Kubernetes e2e suite" status="skipped" time="0">
              <skipped message="skipped"></skipped>
          </testcase>
          <testcase name="[It] [sig-storage] In-tree Volumes [Driver: local] [LocalVolumeType: dir] [Testpattern: Dynamic PV (filesystem volmode)] multiVolume [Slow] should concurrently access the single read-only volume from pods on the same node" classname="Kubernetes e2e suite" status="skipped" time="0">
              <skipped message="skipped"></skipped>
          </testcase>
          <testcase name="[It] [sig-storage] In-tree Volumes [Driver: local] [LocalVolumeType: gce-localssd-scsi-fs] [Serial] [Testpattern: Inline-volume (default fs)] subPath should fail if subpath with backstepping is outside the volume [Slow] [LinuxOnly]" classname="Kubernetes e2e suite" status="skipped" time="0">
              <skipped message="skipped"></skipped>
          </testcase>
          <testcase name="[It] [sig-storage] In-tree Volumes [Driver: nfs] [Testpattern: Pre-provisioned PV (block volmode)] multiVolume [Slow] should concurrently access the single volume from pods on the same node" classname="Kubernetes e2e suite" status="skipped" time="0">
              <skipped message="skipped"></skipped>
          </testcase>
          <testcase name="[It] [sig-api-machinery] StorageVersion resources [Feature:StorageVersionAPI] storage version with non-existing id should be GC&#39;ed" classname="Kubernetes e2e suite" status="skipped" time="0">
              <skipped message="skipped"></skipped>
          </testcase>
          <testcase name="[It] [sig-storage] In-tree Volumes [Driver: azure-file] [Testpattern: Dynamic PV (ext4)] multiVolume [Slow] should concurrently access the volume and restored snapshot from pods on the same node [LinuxOnly] [Feature:VolumeSnapshotDataSource] [Feature:VolumeSourceXFS]" classname="Kubernetes e2e suite" status="skipped" time="0">
              <skipped message="skipped"></skipped>
          </testcase>
          <testcase name="[It] [sig-storage] In-tree Volumes [Driver: azure-disk] [Testpattern: Pre-provisioned PV (filesystem volmode)] multiVolume [Slow] should access to two volumes with the same volume mode and retain data across pod recreation on different node" classname="Kubernetes e2e suite" status="skipped" time="0">
              <skipped message="skipped"></skipped>
          </testcase>
          <testcase name="[It] [sig-storage] In-tree Volumes [Driver: vsphere] [Testpattern: Dynamic PV (default fs)] subPath should fail if subpath file is outside the volume [Slow] [LinuxOnly]" classname="Kubernetes e2e suite" status="skipped" time="0">
              <skipped message="skipped"></skipped>
          </testcase>
          <testcase name="[It] [sig-storage] In-tree Volumes [Driver: local] [LocalVolumeType: gce-localssd-scsi-fs] [Serial] [Testpattern: Dynamic PV (ntfs)] [Feature:Windows] provisioning should provision storage with pvc data source in parallel [Slow]" classname="Kubernetes e2e suite" status="skipped" time="0">
              <skipped message="skipped"></skipped>
          </testcase>
          <testcase name="[It] [sig-api-machinery] ResourceQuota should create a ResourceQuota and capture the life of a persistent volume claim with a storage class" classname="Kubernetes e2e suite" status="skipped" time="0">
              <skipped message="skipped"></skipped>
          </testcase>
          <testcase name="[It] [sig-storage] In-tree Volumes [Driver: nfs] [Testpattern: Dynamic PV (default fs)] fsgroupchangepolicy (Always)[LinuxOnly], pod created with an initial fsgroup, volume contents ownership changed via chgrp in first pod, new pod with same fsgroup applied to the volume contents" classname="Kubernetes e2e suite" status="skipped" time="0">
              <skipped message="skipped"></skipped>
          </testcase>
          <testcase name="[It] [sig-cli] Kubectl client Simple pod should support inline execution and attach" classname="Kubernetes e2e suite" status="skipped" time="0">
              <skipped message="skipped"></skipped>
          </testcase>
          <testcase name="[It] [sig-storage] In-tree Volumes [Driver: local] [LocalVolumeType: block] [Testpattern: Inline-volume (default fs)] subPath should support readOnly directory specified in the volumeMount" classname="Kubernetes e2e suite" status="skipped" time="0">
              <skipped message="skipped"></skipped>
          </testcase>
          <testcase name="[It] [sig-storage] In-tree Volumes [Driver: azure-file] [Testpattern: Dynamic PV (immediate binding)] topology should fail to schedule a pod which has topologies that conflict with AllowedTopologies" classname="Kubernetes e2e suite" status="skipped" time="0">
              <skipped message="skipped"></skipped>
          </testcase>
          <testcase name="[It] [sig-storage] In-tree Volumes [Driver: cinder] [Testpattern: Dynamic PV (xfs)] [Slow] multiVolume [Slow] should access to two volumes with different volume mode and retain data across pod recreation on the same node" classname="Kubernetes e2e suite" status="skipped" time="0">
              <skipped message="skipped"></skipped>
          </testcase>
          <testcase name="[It] [sig-storage] In-tree Volumes [Driver: vsphere] [Testpattern: Dynamic PV (default fs)] subPath should be able to unmount after the subpath directory is deleted [LinuxOnly]" classname="Kubernetes e2e suite" status="skipped" time="0">
              <skipped message="skipped"></skipped>
          </testcase>
          <testcase name="[It] [sig-storage] In-tree Volumes [Driver: local] [LocalVolumeType: dir-link] [Testpattern: Generic Ephemeral-volume (default fs) (immediate-binding)] ephemeral should create read/write inline ephemeral volume" classname="Kubernetes e2e suite" status="skipped" time="0">
              <skipped message="skipped"></skipped>
          </testcase>
          <testcase name="[It] [sig-storage] CSI Volumes [Driver: csi-hostpath] [Testpattern: Pre-provisioned PV (default fs)] subPath should support existing single file [LinuxOnly]" classname="Kubernetes e2e suite" status="skipped" time="0">
              <skipped message="skipped"></skipped>
          </testcase>
          <testcase name="[It] [sig-storage] In-tree Volumes [Driver: local] [LocalVolumeType: dir-bindmounted] [Testpattern: Dynamic PV (block volmode)] disruptive [Disruptive] [LinuxOnly] Should test that pv used in a pod that is deleted while the kubelet is down cleans up when the kubelet returns." classname="Kubernetes e2e suite" status="skipped" time="0">
              <skipped message="skipped"></skipped>
          </testcase>
          <testcase name="[It] [sig-storage] In-tree Volumes [Driver: azure-file] [Testpattern: Dynamic PV (ext4)] multiVolume [Slow] should access to two volumes with the same volume mode and retain data across pod recreation on different node" classname="Kubernetes e2e suite" status="skipped" time="0">
              <skipped message="skipped"></skipped>
          </testcase>
          <testcase name="[It] [sig-storage] CSI Mock volume node stage CSI NodeStage error cases [Slow] should not call NodeUnstage after NodeStage final error" classname="Kubernetes e2e suite" status="skipped" time="0">
              <skipped message="skipped"></skipped>
          </testcase>
          <testcase name="[It] [sig-storage] In-tree Volumes [Driver: iscsi] [Feature:Volumes] [Testpattern: Dynamic PV (filesystem volmode)] multiVolume [Slow] should access to two volumes with the same volume mode and retain data across pod recreation on the same node" classname="Kubernetes e2e suite" status="skipped" time="0">
              <skipped message="skipped"></skipped>
          </testcase>
          <testcase name="[It] [sig-storage] In-tree Volumes [Driver: local] [LocalVolumeType: tmpfs] [Testpattern: Pre-provisioned PV (default fs)] subPath should be able to unmount after the subpath directory is deleted [LinuxOnly]" classname="Kubernetes e2e suite" status="skipped" time="0">
              <skipped message="skipped"></skipped>
          </testcase>
          <testcase name="[It] [sig-storage] In-tree Volumes [Driver: local] [LocalVolumeType: blockfs] [Testpattern: Pre-provisioned PV (block volmode)] volumeMode should not mount / map unused volumes in a pod [LinuxOnly]" classname="Kubernetes e2e suite" status="skipped" time="0">
              <skipped message="skipped"></skipped>
          </testcase>
          <testcase name="[It] [sig-api-machinery] ResourceQuota should verify ResourceQuota with terminating scopes. [Conformance]" classname="Kubernetes e2e suite" status="passed" time="16.120663186"></testcase>
          <testcase name="[It] [sig-node] [Feature:KubeletFineGrainedAuthz] when calling kubelet API check /healthz enpoint is accessible via nodes/proxy RBAC" classname="Kubernetes e2e suite" status="skipped" time="0">
              <skipped message="skipped"></skipped>
          </testcase>
          <testcase name="[It] [sig-storage] In-tree Volumes [Driver: hostPath] [Testpattern: Dynamic PV (ntfs)] [Feature:Windows] subPath should fail if non-existent subpath is outside the volume [Slow] [LinuxOnly]" classname="Kubernetes e2e suite" status="skipped" time="0">
              <skipped message="skipped"></skipped>
          </testcase>
          <testcase name="[It] [sig-storage] In-tree Volumes [Driver: local] [LocalVolumeType: gce-localssd-scsi-fs] [Serial] [Testpattern: Inline-volume (ntfs)] [Feature:Windows] volumes should store data" classname="Kubernetes e2e suite" status="skipped" time="0">
              <skipped message="skipped"></skipped>
          </testcase>
          <testcase name="[It] [sig-storage] In-tree Volumes [Driver: azure-file] [Testpattern: Dynamic PV (ext4)] multiVolume [Slow] should access to two volumes with the same volume mode and retain data across pod recreation on the same node" classname="Kubernetes e2e suite" status="skipped" time="0">
              <skipped message="skipped"></skipped>
          </testcase>
          <testcase name="[It] [sig-storage] In-tree Volumes [Driver: azure-file] [Testpattern: Dynamic PV (ntfs)] [Feature:Windows] provisioning should mount multiple PV pointing to the same storage on the same node" classname="Kubernetes e2e suite" status="skipped" time="0">
              <skipped message="skipped"></skipped>
          </testcase>
          <testcase name="[It] [sig-storage] In-tree Volumes [Driver: local] [LocalVolumeType: blockfs] [Testpattern: Pre-provisioned PV (default fs)] subPath should verify container cannot write to subpath readonly volumes [Slow]" classname="Kubernetes e2e suite" status="skipped" time="0">
              <skipped message="skipped"></skipped>
          </testcase>
          <testcase name="[It] [sig-storage] CSI Volumes [Driver: csi-hostpath] [Testpattern: Pre-provisioned PV (default fs)] subPath should fail if subpath file is outside the volume [Slow] [LinuxOnly]" classname="Kubernetes e2e suite" status="skipped" time="0">
              <skipped message="skipped"></skipped>
          </testcase>
          <testcase name="[It] [sig-storage] In-tree Volumes [Driver: iscsi] [Feature:Volumes] [Testpattern: Pre-provisioned PV (filesystem volmode)] multiVolume [Slow] should access to two volumes with the same volume mode and retain data across pod recreation on different node" classname="Kubernetes e2e suite" status="skipped" time="0">
              <skipped message="skipped"></skipped>
          </testcase>
          <testcase name="[It] [sig-storage] In-tree Volumes [Driver: iscsi] [Feature:Volumes] [Testpattern: Dynamic PV (block volmode)] provisioning should mount multiple PV pointing to the same storage on the same node" classname="Kubernetes e2e suite" status="skipped" time="0">
              <skipped message="skipped"></skipped>
          </testcase>
          <testcase name="[It] [sig-storage] In-tree Volumes [Driver: vsphere] [Testpattern: Pre-provisioned PV (default fs)] subPath should support restarting containers using directory as subpath [Slow]" classname="Kubernetes e2e suite" status="skipped" time="0">
              <skipped message="skipped"></skipped>
          </testcase>
          <testcase name="[It] [sig-storage] In-tree Volumes [Driver: local] [LocalVolumeType: block] [Testpattern: Generic Ephemeral-volume (default fs) (late-binding)] ephemeral should support two pods which have the same volume definition" classname="Kubernetes e2e suite" status="skipped" time="0">
              <skipped message="skipped"></skipped>
          </testcase>
          <testcase name="[It] [sig-storage] In-tree Volumes [Driver: hostPathSymlink] [Testpattern: Dynamic PV (ntfs)] [Feature:Windows] provisioning should provision storage with mount options" classname="Kubernetes e2e suite" status="skipped" time="0">
              <skipped message="skipped"></skipped>
          </testcase>
          <testcase name="[It] [sig-storage] In-tree Volumes [Driver: local] [LocalVolumeType: tmpfs] [Testpattern: Dynamic PV (delayed binding)] topology should provision a volume and schedule a pod with AllowedTopologies" classname="Kubernetes e2e suite" status="skipped" time="0">
              <skipped message="skipped"></skipped>
          </testcase>
          <testcase name="[It] [sig-storage] CSI Volumes [Driver: csi-hostpath] [Testpattern: Dynamic PV (default fs)] volumes should allow exec of files on the volume" classname="Kubernetes e2e suite" status="skipped" time="0">
              <skipped message="skipped"></skipped>
          </testcase>
          <testcase name="[It] [sig-storage] CSI Mock volume expansion Expansion with recovery [Feature:RecoverVolumeExpansionFailure] [FeatureGate:RecoverVolumeExpansionFailure] [Beta] should record target size in allocated resources" classname="Kubernetes e2e suite" status="skipped" time="0">
              <skipped message="skipped"></skipped>
          </testcase>
          <testcase name="[It] [sig-storage] In-tree Volumes [Driver: azure-file] [Testpattern: Dynamic PV (default fs)] fsgroupchangepolicy (Always)[LinuxOnly], pod created with an initial fsgroup, volume contents ownership changed via chgrp in first pod, new pod with different fsgroup applied to the volume contents" classname="Kubernetes e2e suite" status="skipped" time="0">
              <skipped message="skipped"></skipped>
          </testcase>
          <testcase name="[It] [sig-network] Services should release NodePorts on delete" classname="Kubernetes e2e suite" status="skipped" time="0">
              <skipped message="skipped"></skipped>
          </testcase>
          <testcase name="[It] [sig-storage] In-tree Volumes [Driver: local] [LocalVolumeType: dir-bindmounted] [Testpattern: Pre-provisioned PV (default fs)] subPath should support readOnly directory specified in the volumeMount" classname="Kubernetes e2e suite" status="skipped" time="0">
              <skipped message="skipped"></skipped>
          </testcase>
          <testcase name="[It] [sig-storage] In-tree Volumes [Driver: nfs] [Testpattern: Generic Ephemeral-volume (block volmode) (late-binding)] ephemeral should support expansion of pvcs created for ephemeral pvcs" classname="Kubernetes e2e suite" status="skipped" time="0">
              <skipped message="skipped"></skipped>
          </testcase>
          <testcase name="[It] [sig-storage] In-tree Volumes [Driver: cinder] [Testpattern: Pre-provisioned PV (default fs)] volumes should store data" classname="Kubernetes e2e suite" status="skipped" time="0">
              <skipped message="skipped"></skipped>
          </testcase>
          <testcase name="[It] [sig-storage] In-tree Volumes [Driver: local] [LocalVolumeType: dir-bindmounted] [Testpattern: Pre-provisioned PV (ext3)] volumes should store data" classname="Kubernetes e2e suite" status="skipped" time="0">
              <skipped message="skipped"></skipped>
          </testcase>
          <testcase name="[It] [sig-storage] PersistentVolumes-local [Volume type: blockfswithoutformat] One pod requesting one prebound PVC should be able to mount volume and read from pod1" classname="Kubernetes e2e suite" status="skipped" time="0">
              <skipped message="skipped"></skipped>
          </testcase>
          <testcase name="[It] [sig-apps] DisruptionController evictions: no PDB =&gt; should allow an eviction" classname="Kubernetes e2e suite" status="skipped" time="0">
              <skipped message="skipped"></skipped>
          </testcase>
          <testcase name="[It] [sig-storage] In-tree Volumes [Driver: local] [LocalVolumeType: dir-bindmounted] [Testpattern: Pre-provisioned PV (default fs)] subPath should support restarting containers using file as subpath [Slow] [LinuxOnly]" classname="Kubernetes e2e suite" status="skipped" time="0">
              <skipped message="skipped"></skipped>
          </testcase>
          <testcase name="[It] [sig-storage] In-tree Volumes [Driver: local] [LocalVolumeType: dir-link] [Testpattern: Dynamic PV (default fs)] provisioning should provision storage with pvc data source in parallel [Slow]" classname="Kubernetes e2e suite" status="skipped" time="0">
              <skipped message="skipped"></skipped>
          </testcase>
          <testcase name="[It] [sig-storage] In-tree Volumes [Driver: local] [LocalVolumeType: dir] [Testpattern: Pre-provisioned PV (default fs)] subPath should unmount if pod is force deleted while kubelet is down [Disruptive] [Slow] [LinuxOnly]" classname="Kubernetes e2e suite" status="skipped" time="0">
              <skipped message="skipped"></skipped>
          </testcase>
          <testcase name="[It] [sig-storage] In-tree Volumes [Driver: azure-file] [Testpattern: Dynamic PV (ntfs)] [Feature:Windows] subPath should fail if subpath directory is outside the volume [Slow] [LinuxOnly]" classname="Kubernetes e2e suite" status="skipped" time="0">
              <skipped message="skipped"></skipped>
          </testcase>
          <testcase name="[It] [sig-storage] In-tree Volumes [Driver: local] [LocalVolumeType: gce-localssd-scsi-fs] [Serial] [Testpattern: Dynamic PV (block volmode)] volume-stress multiple pods should access different volumes repeatedly [Slow] [Serial]" classname="Kubernetes e2e suite" status="skipped" time="0">
              <skipped message="skipped"></skipped>
          </testcase>
          <testcase name="[It] [sig-storage] In-tree Volumes [Driver: nfs] [Testpattern: Dynamic PV (ntfs)(allowExpansion)] [Feature:Windows] volume-expand should resize volume when PVC is edited while pod is using it" classname="Kubernetes e2e suite" status="skipped" time="0">
              <skipped message="skipped"></skipped>
          </testcase>
          <testcase name="[It] [sig-storage] In-tree Volumes [Driver: local] [LocalVolumeType: dir-link] [Testpattern: Pre-provisioned PV (block volmode)] volumeMode should fail to use a volume in a pod with mismatched mode [Slow]" classname="Kubernetes e2e suite" status="skipped" time="0">
              <skipped message="skipped"></skipped>
          </testcase>
          <testcase name="[It] [sig-network] Services should work after restarting apiserver [Disruptive]" classname="Kubernetes e2e suite" status="skipped" time="0">
              <skipped message="skipped"></skipped>
          </testcase>
          <testcase name="[It] [sig-storage] In-tree Volumes [Driver: local] [LocalVolumeType: gce-localssd-scsi-fs] [Serial] [Testpattern: Dynamic PV (xfs)] [Slow] multiVolume [Slow] should concurrently access the single read-only volume from pods on the same node" classname="Kubernetes e2e suite" status="skipped" time="0">
              <skipped message="skipped"></skipped>
          </testcase>
          <testcase name="[It] [sig-storage] In-tree Volumes [Driver: local] [LocalVolumeType: dir-link-bindmounted] [Testpattern: Inline-volume (xfs)] [Slow] volumes should allow exec of files on the volume" classname="Kubernetes e2e suite" status="skipped" time="0">
              <skipped message="skipped"></skipped>
          </testcase>
          <testcase name="[It] [sig-storage] In-tree Volumes [Driver: nfs] [Testpattern: Dynamic PV (default fs)] subPath should fail if subpath directory is outside the volume [Slow] [LinuxOnly]" classname="Kubernetes e2e suite" status="skipped" time="0">
              <skipped message="skipped"></skipped>
          </testcase>
          <testcase name="[It] [sig-network] Services should respect internalTrafficPolicy=Local Pod (hostNetwork: true) to Pod" classname="Kubernetes e2e suite" status="skipped" time="0">
              <skipped message="skipped"></skipped>
          </testcase>
          <testcase name="[It] [sig-storage] In-tree Volumes [Driver: nfs] [Testpattern: Pre-provisioned PV (block volmode)] disruptive [Disruptive] [LinuxOnly] Should test that pv used in a pod that is force deleted while the kubelet is down cleans up when the kubelet returns." classname="Kubernetes e2e suite" status="skipped" time="0">
              <skipped message="skipped"></skipped>
          </testcase>
          <testcase name="[It] [sig-api-machinery] AdmissionWebhook [Privileged:ClusterAdmin] should not be able to mutate or prevent deletion of webhook configuration objects [Conformance]" classname="Kubernetes e2e suite" status="passed" time="3.568937607"></testcase>
          <testcase name="[It] [sig-network] LoadBalancers [Feature:LoadBalancer] should be able to switch session affinity for LoadBalancer service with Cluster traffic policy [Slow] [LinuxOnly]" classname="Kubernetes e2e suite" status="skipped" time="0">
              <skipped message="skipped"></skipped>
          </testcase>
          <testcase name="[It] [sig-storage] CSI Mock volume expansion CSI Volume expansion should not have staging_path missing in node expand volume pod if attach=on, nodeExpansion=on" classname="Kubernetes e2e suite" status="skipped" time="0">
              <skipped message="skipped"></skipped>
          </testcase>
          <testcase name="[It] [sig-storage] In-tree Volumes [Driver: azure-file] [Testpattern: Pre-provisioned PV (filesystem volmode)] multiVolume [Slow] should access to two volumes with different volume mode and retain data across pod recreation on the same node" classname="Kubernetes e2e suite" status="skipped" time="0">
              <skipped message="skipped"></skipped>
          </testcase>
          <testcase name="[It] [sig-storage] In-tree Volumes [Driver: local] [LocalVolumeType: block] [Testpattern: Dynamic PV (block volmode)] volumeMode should not mount / map unused volumes in a pod [LinuxOnly]" classname="Kubernetes e2e suite" status="skipped" time="0">
              <skipped message="skipped"></skipped>
          </testcase>
          <testcase name="[It] [sig-storage] In-tree Volumes [Driver: azure-file] [Testpattern: Pre-provisioned PV (default fs)] subPath should support restarting containers using directory as subpath [Slow]" classname="Kubernetes e2e suite" status="skipped" time="0">
              <skipped message="skipped"></skipped>
          </testcase>
          <testcase name="[It] [sig-storage] In-tree Volumes [Driver: local] [LocalVolumeType: dir-link-bindmounted] [Testpattern: Inline-volume (default fs)] volumes should store data" classname="Kubernetes e2e suite" status="skipped" time="0">
              <skipped message="skipped"></skipped>
          </testcase>
          <testcase name="[It] [sig-storage] In-tree Volumes [Driver: azure-disk] [Testpattern: Dynamic PV (ntfs)] [Feature:Windows] multiVolume [Slow] should concurrently access the volume and restored snapshot from pods on the same node [LinuxOnly] [Feature:VolumeSnapshotDataSource] [Feature:VolumeSourceXFS]" classname="Kubernetes e2e suite" status="skipped" time="0">
              <skipped message="skipped"></skipped>
          </testcase>
          <testcase name="[It] [sig-storage] In-tree Volumes [Driver: nfs] [Testpattern: Inline-volume (default fs)] subPath should fail if non-existent subpath is outside the volume [Slow] [LinuxOnly]" classname="Kubernetes e2e suite" status="skipped" time="0">
              <skipped message="skipped"></skipped>
          </testcase>
          <testcase name="[It] [sig-storage] In-tree Volumes [Driver: azure-disk] [Testpattern: Inline-volume (default fs)] volumeIO should write files of various sizes, verify size, validate content [Slow]" classname="Kubernetes e2e suite" status="skipped" time="0">
              <skipped message="skipped"></skipped>
          </testcase>
          <testcase name="[It] [sig-storage] In-tree Volumes [Driver: local] [LocalVolumeType: dir] [Testpattern: Dynamic PV (default fs)] subPath should support non-existent path" classname="Kubernetes e2e suite" status="skipped" time="0">
              <skipped message="skipped"></skipped>
          </testcase>
          <testcase name="[It] [sig-storage] In-tree Volumes [Driver: vsphere] [Testpattern: Dynamic PV (default fs)] subPath should support readOnly directory specified in the volumeMount" classname="Kubernetes e2e suite" status="skipped" time="0">
              <skipped message="skipped"></skipped>
          </testcase>
          <testcase name="[It] [sig-storage] CSI Volumes [Driver: pd.csi.storage.gke.io] [Serial] [Testpattern: Dynamic PV (block volmode)] multiVolume [Slow] should concurrently access the volume and restored snapshot from pods on the same node [LinuxOnly] [Feature:VolumeSnapshotDataSource] [Feature:VolumeSourceXFS]" classname="Kubernetes e2e suite" status="skipped" time="0">
              <skipped message="skipped"></skipped>
          </testcase>
          <testcase name="[It] [sig-storage] [Serial] Volume metrics PVC should create prometheus metrics for volume provisioning errors [Slow]" classname="Kubernetes e2e suite" status="skipped" time="0">
              <skipped message="skipped"></skipped>
          </testcase>
          <testcase name="[It] [sig-network] DNS should provide DNS for the cluster [Conformance]" classname="Kubernetes e2e suite" status="passed" time="2.063215889"></testcase>
          <testcase name="[It] [sig-storage] PersistentVolumes-local [Volume type: gce-localssd-scsi-fs] [Serial] Two pods mounting a local volume at the same time should be able to write from pod1 and read from pod2" classname="Kubernetes e2e suite" status="skipped" time="0">
              <skipped message="skipped"></skipped>
          </testcase>
          <testcase name="[It] [sig-storage] In-tree Volumes [Driver: cinder] [Testpattern: Dynamic PV (ntfs)] [Feature:Windows] subPath should fail if subpath file is outside the volume [Slow] [LinuxOnly]" classname="Kubernetes e2e suite" status="skipped" time="0">
              <skipped message="skipped"></skipped>
          </testcase>
          <testcase name="[It] [sig-storage] In-tree Volumes [Driver: local] [LocalVolumeType: block] [Testpattern: Dynamic PV (ext4)] volumes should store data" classname="Kubernetes e2e suite" status="skipped" time="0">
              <skipped message="skipped"></skipped>
          </testcase>
          <testcase name="[It] [sig-storage] In-tree Volumes [Driver: nfs] [Testpattern: Dynamic PV (block volmode)] multiVolume [Slow] should access to two volumes with different volume mode and retain data across pod recreation on different node" classname="Kubernetes e2e suite" status="skipped" time="0">
              <skipped message="skipped"></skipped>
          </testcase>
          <testcase name="[It] [sig-storage] In-tree Volumes [Driver: hostPath] [Testpattern: Inline-volume (default fs)] subPath should verify container cannot write to subpath readonly volumes [Slow]" classname="Kubernetes e2e suite" status="skipped" time="0">
              <skipped message="skipped"></skipped>
          </testcase>
          <testcase name="[It] [sig-storage] In-tree Volumes [Driver: local] [LocalVolumeType: gce-localssd-scsi-fs] [Serial] [Testpattern: Pre-provisioned PV (default fs)] subPath should unmount if pod is force deleted while kubelet is down [Disruptive] [Slow] [LinuxOnly]" classname="Kubernetes e2e suite" status="skipped" time="0">
              <skipped message="skipped"></skipped>
          </testcase>
          <testcase name="[It] [sig-storage] CSI Mock volume expansion CSI online volume expansion with secret should expand volume without restarting pod if attach=on, nodeExpansion=on, csiNodeExpandSecret=on" classname="Kubernetes e2e suite" status="skipped" time="0">
              <skipped message="skipped"></skipped>
          </testcase>
          <testcase name="[It] [sig-storage] CSI Volumes [Driver: pd.csi.storage.gke.io] [Serial] [Testpattern: Dynamic PV (ext4)] multiVolume [Slow] should concurrently access the volume and restored snapshot from pods on the same node [LinuxOnly] [Feature:VolumeSnapshotDataSource] [Feature:VolumeSourceXFS]" classname="Kubernetes e2e suite" status="skipped" time="0">
              <skipped message="skipped"></skipped>
          </testcase>
          <testcase name="[It] [sig-storage] In-tree Volumes [Driver: hostPathSymlink] [Testpattern: Pre-provisioned PV (filesystem volmode)] volumeMode should not mount / map unused volumes in a pod [LinuxOnly]" classname="Kubernetes e2e suite" status="skipped" time="0">
              <skipped message="skipped"></skipped>
          </testcase>
          <testcase name="[It] [sig-instrumentation] Logging soak [Performance] [Slow] [Disruptive] should survive logging 1KB every 1s seconds, for a duration of 2m0s" classname="Kubernetes e2e suite" status="skipped" time="0">
              <skipped message="skipped"></skipped>
          </testcase>
          <testcase name="[It] [sig-storage] In-tree Volumes [Driver: local] [LocalVolumeType: block] [Testpattern: Dynamic PV (default fs)] provisioning should provision storage with snapshot data source [Feature:VolumeSnapshotDataSource]" classname="Kubernetes e2e suite" status="skipped" time="0">
              <skipped message="skipped"></skipped>
          </testcase>
          <testcase name="[It] [sig-storage] In-tree Volumes [Driver: hostPathSymlink] [Testpattern: Generic Ephemeral-volume (default fs) (late-binding)] ephemeral should create read-only inline ephemeral volume" classname="Kubernetes e2e suite" status="skipped" time="0">
              <skipped message="skipped"></skipped>
          </testcase>
          <testcase name="[It] [sig-storage] CSI Volumes [Driver: csi-hostpath] [Testpattern: Dynamic PV (block volmode)] provisioning should provision storage with pvc data source in parallel [Slow]" classname="Kubernetes e2e suite" status="skipped" time="0">
              <skipped message="skipped"></skipped>
          </testcase>
          <testcase name="[It] [sig-storage] CSI Volumes [Driver: pd.csi.storage.gke.io] [Serial] [Testpattern: Dynamic PV (ntfs)] [Feature:Windows] subPath should support existing directories when readOnly specified in the volumeSource" classname="Kubernetes e2e suite" status="skipped" time="0">
              <skipped message="skipped"></skipped>
          </testcase>
          <testcase name="[It] [sig-storage] CSI Volumes [Driver: csi-hostpath] [Testpattern: Dynamic PV (ext4)] multiVolume [Slow] should concurrently access the single read-only volume from pods on the same node" classname="Kubernetes e2e suite" status="skipped" time="0">
              <skipped message="skipped"></skipped>
          </testcase>
          <testcase name="[It] [sig-storage] In-tree Volumes [Driver: hostPath] [Testpattern: Dynamic PV (filesystem volmode)] multiVolume [Slow] should concurrently access the single volume from pods on different node" classname="Kubernetes e2e suite" status="skipped" time="0">
              <skipped message="skipped"></skipped>
          </testcase>
          <testcase name="[It] [sig-storage] In-tree Volumes [Driver: local] [LocalVolumeType: dir] [Testpattern: Pre-provisioned PV (default fs)] subPath should support restarting containers using directory as subpath [Slow]" classname="Kubernetes e2e suite" status="skipped" time="0">
              <skipped message="skipped"></skipped>
          </testcase>
          <testcase name="[It] [sig-node] RuntimeClass should run a Pod requesting a RuntimeClass with a configured handler [Feature:RuntimeHandler]" classname="Kubernetes e2e suite" status="skipped" time="0">
              <skipped message="skipped"></skipped>
          </testcase>
          <testcase name="[It] [sig-storage] CSI Volumes [Driver: csi-hostpath] [Testpattern: Pre-provisioned PV (ntfs)] [Feature:Windows] volumes should store data" classname="Kubernetes e2e suite" status="skipped" time="0">
              <skipped message="skipped"></skipped>
          </testcase>
          <testcase name="[It] [sig-storage] In-tree Volumes [Driver: local] [LocalVolumeType: dir-bindmounted] [Testpattern: Dynamic PV (default fs)] provisioning should provision storage with any volume data source [Serial]" classname="Kubernetes e2e suite" status="skipped" time="0">
              <skipped message="skipped"></skipped>
          </testcase>
          <testcase name="[It] [sig-storage] In-tree Volumes [Driver: local] [LocalVolumeType: dir] [Testpattern: Dynamic PV (ntfs)] [Feature:Windows] provisioning should provision storage with any volume data source [Serial]" classname="Kubernetes e2e suite" status="skipped" time="0">
              <skipped message="skipped"></skipped>
          </testcase>
          <testcase name="[It] [sig-storage] In-tree Volumes [Driver: local] [LocalVolumeType: dir-bindmounted] [Testpattern: Pre-provisioned PV (filesystem volmode)] multiVolume [Slow] should concurrently access the single read-only volume from pods on the same node" classname="Kubernetes e2e suite" status="skipped" time="0">
              <skipped message="skipped"></skipped>
          </testcase>
          <testcase name="[It] [sig-storage] In-tree Volumes [Driver: local] [LocalVolumeType: dir-bindmounted] [Testpattern: Dynamic PV (default fs)] volume-stress multiple pods should access different volumes repeatedly [Slow] [Serial]" classname="Kubernetes e2e suite" status="skipped" time="0">
              <skipped message="skipped"></skipped>
          </testcase>
          <testcase name="[It] [sig-storage] In-tree Volumes [Driver: local] [LocalVolumeType: dir-link] [Testpattern: Pre-provisioned PV (block volmode)] disruptive [Disruptive] [LinuxOnly] Should test that pv used in a pod that is deleted while the kubelet is down cleans up when the kubelet returns." classname="Kubernetes e2e suite" status="skipped" time="0">
              <skipped message="skipped"></skipped>
          </testcase>
          <testcase name="[It] [sig-network] Netpol [LinuxOnly] NetworkPolicy between server and client using UDP should support a &#39;default-deny-ingress&#39; policy [Feature:NetworkPolicy]" classname="Kubernetes e2e suite" status="skipped" time="0">
              <skipped message="skipped"></skipped>
          </testcase>
          <testcase name="[It] [sig-storage] CSI Volumes [Driver: csi-hostpath] [Testpattern: Dynamic PV (ext4)] multiVolume [Slow] should access to two volumes with the same volume mode and retain data across pod recreation on different node" classname="Kubernetes e2e suite" status="skipped" time="0">
              <skipped message="skipped"></skipped>
          </testcase>
          <testcase name="[It] [sig-autoscaling] [Feature:HPA] Horizontal pod autoscaling (scale resource: CPU) [Serial] [Slow] Deployment (Pod Resource) Should scale from 1 pod to 3 pods and then from 3 pods to 5 pods using Average Value for aggregation" classname="Kubernetes e2e suite" status="skipped" time="0">
              <skipped message="skipped"></skipped>
          </testcase>
          <testcase name="[It] [sig-storage] In-tree Volumes [Driver: local] [LocalVolumeType: block] [Testpattern: Pre-provisioned PV (default fs)] subPath should unmount if pod is force deleted while kubelet is down [Disruptive] [Slow] [LinuxOnly]" classname="Kubernetes e2e suite" status="skipped" time="0">
              <skipped message="skipped"></skipped>
          </testcase>
          <testcase name="[It] [sig-node] [Feature:SidecarContainers] Probing restartable init container should be restarted with a GRPC liveness probe" classname="Kubernetes e2e suite" status="skipped" time="0">
              <skipped message="skipped"></skipped>
          </testcase>
          <testcase name="[It] [sig-storage] In-tree Volumes [Driver: vsphere] [Testpattern: Pre-provisioned PV (xfs)] [Slow] volumes should store data" classname="Kubernetes e2e suite" status="skipped" time="0">
              <skipped message="skipped"></skipped>
          </testcase>
          <testcase name="[It] [sig-node] [Feature:PodLifecycleSleepAction] when create a pod with lifecycle hook using sleep action ignore terminated container" classname="Kubernetes e2e suite" status="skipped" time="0">
              <skipped message="skipped"></skipped>
          </testcase>
          <testcase name="[It] [sig-storage] In-tree Volumes [Driver: nfs] [Testpattern: Dynamic PV (xfs)] [Slow] multiVolume [Slow] should access to two volumes with different volume mode and retain data across pod recreation on the same node" classname="Kubernetes e2e suite" status="skipped" time="0">
              <skipped message="skipped"></skipped>
          </testcase>
          <testcase name="[It] [sig-node] [Feature:ContainerStopSignals] when create a pod with a StopSignal lifecycle StopSignal defined with pod.OS" classname="Kubernetes e2e suite" status="skipped" time="0">
              <skipped message="skipped"></skipped>
          </testcase>
          <testcase name="[It] [sig-storage] In-tree Volumes [Driver: cinder] [Testpattern: Pre-provisioned PV (block volmode)] disruptive [Disruptive] [LinuxOnly] Should test that pv used in a pod that is deleted while the kubelet is down cleans up when the kubelet returns." classname="Kubernetes e2e suite" status="skipped" time="0">
              <skipped message="skipped"></skipped>
          </testcase>
          <testcase name="[It] [sig-storage] In-tree Volumes [Driver: hostPathSymlink] [Testpattern: Dynamic PV (default fs)] subPath should fail if subpath with backstepping is outside the volume [Slow] [LinuxOnly]" classname="Kubernetes e2e suite" status="skipped" time="0">
              <skipped message="skipped"></skipped>
          </testcase>
          <testcase name="[It] [sig-storage] CSI Volumes [Driver: csi-hostpath] [Testpattern: Inline-volume (default fs)] subPath should unmount if pod is force deleted while kubelet is down [Disruptive] [Slow] [LinuxOnly]" classname="Kubernetes e2e suite" status="skipped" time="0">
              <skipped message="skipped"></skipped>
          </testcase>
          <testcase name="[It] [sig-storage] In-tree Volumes [Driver: local] [LocalVolumeType: dir] [Testpattern: Pre-provisioned PV (default fs)] subPath should fail if subpath file is outside the volume [Slow] [LinuxOnly]" classname="Kubernetes e2e suite" status="skipped" time="0">
              <skipped message="skipped"></skipped>
          </testcase>
          <testcase name="[It] [sig-network] Netpol NetworkPolicy between server and client should enforce policy to allow traffic from pods within server namespace based on PodSelector [Feature:NetworkPolicy]" classname="Kubernetes e2e suite" status="skipped" time="0">
              <skipped message="skipped"></skipped>
          </testcase>
          <testcase name="[It] [sig-storage] In-tree Volumes [Driver: local] [LocalVolumeType: dir-link] [Testpattern: Dynamic PV (ntfs)] [Feature:Windows] provisioning should provision storage with pvc data source" classname="Kubernetes e2e suite" status="skipped" time="0">
              <skipped message="skipped"></skipped>
          </testcase>
          <testcase name="[It] [sig-storage] In-tree Volumes [Driver: local] [LocalVolumeType: dir] [Testpattern: Dynamic PV (ext4)] multiVolume [Slow] should access to two volumes with the same volume mode and retain data across pod recreation on different node" classname="Kubernetes e2e suite" status="skipped" time="0">
              <skipped message="skipped"></skipped>
          </testcase>
          <testcase name="[It] [sig-node] Pod InPlace Resize Container [FeatureGate:InPlacePodVerticalScaling] [Beta] Burstable QoS pod, one container with memory requests + limits, cpu requests - remove CPU requests" classname="Kubernetes e2e suite" status="skipped" time="0">
              <skipped message="skipped"></skipped>
          </testcase>
          <testcase name="[It] [sig-storage] CSI Mock volume expansion CSI online volume expansion should expand volume without restarting pod if attach=on, nodeExpansion=on" classname="Kubernetes e2e suite" status="skipped" time="0">
              <skipped message="skipped"></skipped>
          </testcase>
          <testcase name="[It] [sig-storage] In-tree Volumes [Driver: azure-disk] [Testpattern: Dynamic PV (ntfs)] [Feature:Windows] subPath should unmount if pod is gracefully deleted while kubelet is down [Disruptive] [Slow] [LinuxOnly]" classname="Kubernetes e2e suite" status="skipped" time="0">
              <skipped message="skipped"></skipped>
          </testcase>
          <testcase name="[It] [sig-storage] In-tree Volumes [Driver: local] [LocalVolumeType: gce-localssd-scsi-fs] [Serial] [Testpattern: Dynamic PV (xfs)] [Slow] multiVolume [Slow] should concurrently access the single volume from pods on the same node" classname="Kubernetes e2e suite" status="skipped" time="0">
              <skipped message="skipped"></skipped>
          </testcase>
          <testcase name="[It] [sig-storage] In-tree Volumes [Driver: hostPath] [Testpattern: Dynamic PV (xfs)] [Slow] multiVolume [Slow] should concurrently access the single volume from pods on the same node" classname="Kubernetes e2e suite" status="skipped" time="0">
              <skipped message="skipped"></skipped>
          </testcase>
          <testcase name="[It] [sig-autoscaling] Cluster size autoscaling [Slow] shouldn&#39;t scale up when expendable pod is preempted [Feature:ClusterSizeAutoscalingScaleUp]" classname="Kubernetes e2e suite" status="skipped" time="0">
              <skipped message="skipped"></skipped>
          </testcase>
          <testcase name="[It] [sig-storage] In-tree Volumes [Driver: local] [LocalVolumeType: dir-link] [Testpattern: Pre-provisioned PV (block volmode)] multiVolume [Slow] should concurrently access the volume and its clone from pods on the same node [LinuxOnly] [Feature:VolumeSourceXFS]" classname="Kubernetes e2e suite" status="skipped" time="0">
              <skipped message="skipped"></skipped>
          </testcase>
          <testcase name="[It] [sig-network] Traffic Distribution should route traffic correctly between pods on multiple nodes when using PreferClose" classname="Kubernetes e2e suite" status="skipped" time="0">
              <skipped message="skipped"></skipped>
          </testcase>
          <testcase name="[It] [sig-storage] In-tree Volumes [Driver: local] [LocalVolumeType: dir] [Testpattern: Dynamic PV (xfs)] [Slow] multiVolume [Slow] should access to two volumes with different volume mode and retain data across pod recreation on the same node" classname="Kubernetes e2e suite" status="skipped" time="0">
              <skipped message="skipped"></skipped>
          </testcase>
          <testcase name="[It] [sig-storage] CSI Mock volume storage capacity CSIStorageCapacity CSIStorageCapacity used, insufficient capacity" classname="Kubernetes e2e suite" status="skipped" time="0">
              <skipped message="skipped"></skipped>
          </testcase>
          <testcase name="[It] [sig-storage] In-tree Volumes [Driver: emptydir] [Testpattern: Inline-volume (default fs)] subPath should verify container cannot write to subpath readonly volumes [Slow]" classname="Kubernetes e2e suite" status="skipped" time="0">
              <skipped message="skipped"></skipped>
          </testcase>
          <testcase name="[It] [sig-storage] In-tree Volumes [Driver: local] [LocalVolumeType: dir] [Testpattern: Dynamic PV (ntfs)] [Feature:Windows] multiVolume [Slow] should access to two volumes with the same volume mode and retain data across pod recreation on the same node" classname="Kubernetes e2e suite" status="skipped" time="0">
              <skipped message="skipped"></skipped>
          </testcase>
          <testcase name="[It] [sig-storage] In-tree Volumes [Driver: nfs] [Testpattern: Dynamic PV (ntfs)] [Feature:Windows] provisioning should provision storage with snapshot data source [Feature:VolumeSnapshotDataSource]" classname="Kubernetes e2e suite" status="skipped" time="0">
              <skipped message="skipped"></skipped>
          </testcase>
          <testcase name="[It] [sig-storage] CSI Volumes [Driver: pd.csi.storage.gke.io] [Serial] [Testpattern: Dynamic PV (ntfs)] [Feature:Windows] multiVolume [Slow] should concurrently access the single read-only volume from pods on the same node" classname="Kubernetes e2e suite" status="skipped" time="0">
              <skipped message="skipped"></skipped>
          </testcase>
          <testcase name="[It] [sig-storage] In-tree Volumes [Driver: local] [LocalVolumeType: dir] [Testpattern: Pre-provisioned PV (default fs)] subPath should support restarting containers using file as subpath [Slow] [LinuxOnly]" classname="Kubernetes e2e suite" status="skipped" time="0">
              <skipped message="skipped"></skipped>
          </testcase>
          <testcase name="[It] [sig-storage] In-tree Volumes [Driver: azure-disk] [Testpattern: Dynamic PV (ntfs)] [Feature:Windows] subPath should verify container cannot write to subpath readonly volumes [Slow]" classname="Kubernetes e2e suite" status="skipped" time="0">
              <skipped message="skipped"></skipped>
          </testcase>
          <testcase name="[It] [sig-storage] In-tree Volumes [Driver: azure-disk] [Testpattern: Inline-volume (default fs)] subPath should support existing directories when readOnly specified in the volumeSource" classname="Kubernetes e2e suite" status="skipped" time="0">
              <skipped message="skipped"></skipped>
          </testcase>
          <testcase name="[It] [sig-storage] In-tree Volumes [Driver: local] [LocalVolumeType: dir-link] [Testpattern: Inline-volume (default fs)] subPath should support readOnly file specified in the volumeMount [LinuxOnly]" classname="Kubernetes e2e suite" status="skipped" time="0">
              <skipped message="skipped"></skipped>
          </testcase>
          <testcase name="[It] [sig-storage] In-tree Volumes [Driver: azure-disk] [Testpattern: Pre-provisioned PV (filesystem volmode)] disruptive [Disruptive] [LinuxOnly] Should test that pv used in a pod that is force deleted while the kubelet is down is usable by a new pod when kubelet returns [Feature:SELinux]" classname="Kubernetes e2e suite" status="skipped" time="0">
              <skipped message="skipped"></skipped>
          </testcase>
          <testcase name="[It] [sig-storage] In-tree Volumes [Driver: local] [LocalVolumeType: dir-link-bindmounted] [Testpattern: Dynamic PV (filesystem volmode)] disruptive [Disruptive] [LinuxOnly] Should test that pv written before kubelet restart is readable after restart." classname="Kubernetes e2e suite" status="skipped" time="0">
              <skipped message="skipped"></skipped>
          </testcase>
          <testcase name="[It] [sig-storage] In-tree Volumes [Driver: cinder] [Testpattern: Pre-provisioned PV (block volmode)] multiVolume [Slow] should concurrently access the volume and restored snapshot from pods on the same node [LinuxOnly] [Feature:VolumeSnapshotDataSource] [Feature:VolumeSourceXFS]" classname="Kubernetes e2e suite" status="skipped" time="0">
              <skipped message="skipped"></skipped>
          </testcase>
          <testcase name="[It] [sig-storage] In-tree Volumes [Driver: local] [LocalVolumeType: gce-localssd-scsi-fs] [Serial] [Testpattern: Dynamic PV (ntfs)(allowExpansion)] [Feature:Windows] volume-expand should resize volume when PVC is edited while pod is using it" classname="Kubernetes e2e suite" status="skipped" time="0">
              <skipped message="skipped"></skipped>
          </testcase>
          <testcase name="[It] [sig-storage] In-tree Volumes [Driver: azure-file] [Testpattern: Dynamic PV (ext3)] volumes should store data" classname="Kubernetes e2e suite" status="skipped" time="0">
              <skipped message="skipped"></skipped>
          </testcase>
          <testcase name="[It] [sig-storage] CSI Volumes [Driver: csi-hostpath] [Testpattern: Pre-provisioned PV (default fs)] subPath should unmount if pod is force deleted while kubelet is down [Disruptive] [Slow] [LinuxOnly]" classname="Kubernetes e2e suite" status="skipped" time="0">
              <skipped message="skipped"></skipped>
          </testcase>
          <testcase name="[It] [sig-storage] In-tree Volumes [Driver: hostPathSymlink] [Testpattern: Dynamic PV (ntfs)] [Feature:Windows] multiVolume [Slow] should concurrently access the volume and its clone from pods on the same node [LinuxOnly] [Feature:VolumeSourceXFS]" classname="Kubernetes e2e suite" status="skipped" time="0">
              <skipped message="skipped"></skipped>
          </testcase>
          <testcase name="[It] [sig-storage] In-tree Volumes [Driver: local] [LocalVolumeType: dir-link] [Testpattern: Dynamic PV (xfs)] [Slow] multiVolume [Slow] should concurrently access the single volume from pods on different node" classname="Kubernetes e2e suite" status="skipped" time="0">
              <skipped message="skipped"></skipped>
          </testcase>
          <testcase name="[It] [sig-storage] In-tree Volumes [Driver: local] [LocalVolumeType: gce-localssd-scsi-fs] [Serial] [Testpattern: Dynamic PV (default fs)] subPath should unmount if pod is gracefully deleted while kubelet is down [Disruptive] [Slow] [LinuxOnly]" classname="Kubernetes e2e suite" status="skipped" time="0">
              <skipped message="skipped"></skipped>
          </testcase>
          <testcase name="[It] [sig-node] Secrets should fail to create secret due to empty secret key [Conformance]" classname="Kubernetes e2e suite" status="passed" time="0.097993574"></testcase>
          <testcase name="[It] [sig-api-machinery] Namespaces [Serial] should patch a Namespace [Conformance]" classname="Kubernetes e2e suite" status="passed" time="0.105953095"></testcase>
          <testcase name="[It] [sig-storage] In-tree Volumes [Driver: local] [LocalVolumeType: tmpfs] [Testpattern: Pre-provisioned PV (ext3)] volumes should store data" classname="Kubernetes e2e suite" status="skipped" time="0">
              <skipped message="skipped"></skipped>
          </testcase>
          <testcase name="[It] [sig-storage] CSI Volumes [Driver: csi-hostpath] [Testpattern: Dynamic PV (default fs)] volume-modify [FeatureGate:VolumeAttributesClass] [Beta] [Feature:OffByDefault] should be protected by vac-protection finalizer" classname="Kubernetes e2e suite" status="skipped" time="0">
              <skipped message="skipped"></skipped>
          </testcase>
          <testcase name="[It] [sig-storage] In-tree Volumes [Driver: local] [LocalVolumeType: tmpfs] [Testpattern: Pre-provisioned PV (default fs)] subPath should fail if non-existent subpath is outside the volume [Slow] [LinuxOnly]" classname="Kubernetes e2e suite" status="skipped" time="0">
              <skipped message="skipped"></skipped>
          </testcase>
          <testcase name="[It] [sig-storage] In-tree Volumes [Driver: local] [LocalVolumeType: tmpfs] [Testpattern: Dynamic PV (block volmode)] volumes should store data" classname="Kubernetes e2e suite" status="skipped" time="0">
              <skipped message="skipped"></skipped>
          </testcase>
          <testcase name="[It] [sig-storage] In-tree Volumes [Driver: azure-disk] [Testpattern: Dynamic PV (filesystem volmode)] disruptive [Disruptive] [LinuxOnly] Should test that pv used in a pod that is deleted while the kubelet is down is usable by a new pod when kubelet returns [Feature:SELinux]" classname="Kubernetes e2e suite" status="skipped" time="0">
              <skipped message="skipped"></skipped>
          </testcase>
          <testcase name="[It] [sig-auth] [FeatureGate:ClusterTrustBundle] [Beta] [Feature:OffByDefault] [FeatureGate:ClusterTrustBundleProjection] [Beta] [Feature:OffByDefault] should be able to mount a single ClusterTrustBundle by name" classname="Kubernetes e2e suite" status="skipped" time="0">
              <skipped message="skipped"></skipped>
          </testcase>
          <testcase name="[It] [sig-storage] In-tree Volumes [Driver: local] [LocalVolumeType: dir-bindmounted] [Testpattern: Pre-provisioned PV (default fs)] subPath should fail if subpath directory is outside the volume [Slow] [LinuxOnly]" classname="Kubernetes e2e suite" status="skipped" time="0">
              <skipped message="skipped"></skipped>
          </testcase>
          <testcase name="[It] [sig-storage] In-tree Volumes [Driver: nfs] [Testpattern: Generic Ephemeral-volume (default fs) (immediate-binding)] ephemeral should support multiple inline ephemeral volumes" classname="Kubernetes e2e suite" status="skipped" time="0">
              <skipped message="skipped"></skipped>
          </testcase>
          <testcase name="[It] [sig-storage] In-tree Volumes [Driver: local] [LocalVolumeType: gce-localssd-scsi-fs] [Serial] [Testpattern: Dynamic PV (ntfs)] [Feature:Windows] volume-expand should not allow expansion of pvcs without AllowVolumeExpansion property" classname="Kubernetes e2e suite" status="skipped" time="0">
              <skipped message="skipped"></skipped>
          </testcase>
          <testcase name="[It] [sig-storage] In-tree Volumes [Driver: azure-disk] [Testpattern: Pre-provisioned PV (block volmode)] multiVolume [Slow] should concurrently access the single volume from pods on the same node" classname="Kubernetes e2e suite" status="skipped" time="0">
              <skipped message="skipped"></skipped>
          </testcase>
          <testcase name="[It] [sig-storage] In-tree Volumes [Driver: local] [LocalVolumeType: blockfs] [Testpattern: Inline-volume (default fs)] subPath should support restarting containers using file as subpath [Slow] [LinuxOnly]" classname="Kubernetes e2e suite" status="skipped" time="0">
              <skipped message="skipped"></skipped>
          </testcase>
          <testcase name="[It] [sig-network] Conntrack should be able to preserve UDP traffic when initial unready endpoints get ready" classname="Kubernetes e2e suite" status="skipped" time="0">
              <skipped message="skipped"></skipped>
          </testcase>
          <testcase name="[It] [sig-storage] In-tree Volumes [Driver: local] [LocalVolumeType: dir-bindmounted] [Testpattern: Pre-provisioned PV (default fs)] subPath should unmount if pod is gracefully deleted while kubelet is down [Disruptive] [Slow] [LinuxOnly]" classname="Kubernetes e2e suite" status="skipped" time="0">
              <skipped message="skipped"></skipped>
          </testcase>
          <testcase name="[It] [sig-storage] In-tree Volumes [Driver: emptydir] [Testpattern: Dynamic PV (ntfs)] [Feature:Windows] subPath should support existing directories when readOnly specified in the volumeSource" classname="Kubernetes e2e suite" status="skipped" time="0">
              <skipped message="skipped"></skipped>
          </testcase>
          <testcase name="[It] [sig-storage] In-tree Volumes [Driver: azure-file] [Testpattern: Dynamic PV (xfs)] [Slow] multiVolume [Slow] should access to two volumes with the same volume mode and retain data across pod recreation on different node" classname="Kubernetes e2e suite" status="skipped" time="0">
              <skipped message="skipped"></skipped>
          </testcase>
          <testcase name="[It] [sig-storage] In-tree Volumes [Driver: local] [LocalVolumeType: dir] [Testpattern: Pre-provisioned PV (filesystem volmode)] multiVolume [Slow] should access to two volumes with different volume mode and retain data across pod recreation on different node" classname="Kubernetes e2e suite" status="skipped" time="0">
              <skipped message="skipped"></skipped>
          </testcase>
          <testcase name="[It] [sig-storage] In-tree Volumes [Driver: hostPath] [Testpattern: Dynamic PV (xfs)] [Slow] multiVolume [Slow] should concurrently access the single volume from pods on different node" classname="Kubernetes e2e suite" status="skipped" time="0">
              <skipped message="skipped"></skipped>
          </testcase>
          <testcase name="[It] [sig-storage] In-tree Volumes [Driver: local] [LocalVolumeType: block] [Testpattern: Dynamic PV (filesystem volmode)] volumeLimits should verify that all csinodes have volume limits" classname="Kubernetes e2e suite" status="skipped" time="0">
              <skipped message="skipped"></skipped>
          </testcase>
          <testcase name="[It] [sig-storage] CSI Volumes [Driver: pd.csi.storage.gke.io] [Serial] [Testpattern: Pre-provisioned PV (ext3)] volumes should allow exec of files on the volume" classname="Kubernetes e2e suite" status="skipped" time="0">
              <skipped message="skipped"></skipped>
          </testcase>
          <testcase name="[It] [sig-apps] DisruptionController should evict unready pods with AlwaysAllow UnhealthyPodEvictionPolicy" classname="Kubernetes e2e suite" status="skipped" time="0">
              <skipped message="skipped"></skipped>
          </testcase>
          <testcase name="[It] [sig-storage] In-tree Volumes [Driver: local] [LocalVolumeType: dir-link-bindmounted] [Testpattern: Pre-provisioned PV (default fs)] subPath should support restarting containers using directory as subpath [Slow]" classname="Kubernetes e2e suite" status="skipped" time="0">
              <skipped message="skipped"></skipped>
          </testcase>
          <testcase name="[It] [sig-auth] ServiceAccounts should guarantee kube-root-ca.crt exist in any namespace [Conformance]" classname="Kubernetes e2e suite" status="passed" time="1.045098245"></testcase>
          <testcase name="[It] [sig-storage] CSI Volumes [Driver: pd.csi.storage.gke.io] [Serial] [Testpattern: Dynamic PV (block volmode)] volumeMode should fail to use a volume in a pod with mismatched mode [Slow]" classname="Kubernetes e2e suite" status="skipped" time="0">
              <skipped message="skipped"></skipped>
          </testcase>
          <testcase name="[It] [sig-storage] In-tree Volumes [Driver: local] [LocalVolumeType: blockfs] [Testpattern: Dynamic PV (default fs)] subPath should support restarting containers using file as subpath [Slow] [LinuxOnly]" classname="Kubernetes e2e suite" status="skipped" time="0">
              <skipped message="skipped"></skipped>
          </testcase>
          <testcase name="[It] [sig-storage] In-tree Volumes [Driver: iscsi] [Feature:Volumes] [Testpattern: Dynamic PV (ntfs)] [Feature:Windows] provisioning should provision storage with pvc data source (ROX mode)" classname="Kubernetes e2e suite" status="skipped" time="0">
              <skipped message="skipped"></skipped>
          </testcase>
          <testcase name="[It] [sig-network] Netpol NetworkPolicy between server and client should enforce policy to allow traffic based on NamespaceSelector with MatchLabels using default ns label [Feature:NetworkPolicy]" classname="Kubernetes e2e suite" status="skipped" time="0">
              <skipped message="skipped"></skipped>
          </testcase>
          <testcase name="[It] [sig-storage] In-tree Volumes [Driver: vsphere] [Testpattern: Dynamic PV (default fs)] volumes should allow exec of files on the volume" classname="Kubernetes e2e suite" status="skipped" time="0">
              <skipped message="skipped"></skipped>
          </testcase>
          <testcase name="[It] [sig-storage] In-tree Volumes [Driver: iscsi] [Feature:Volumes] [Testpattern: Dynamic PV (ext4)] multiVolume [Slow] should concurrently access the volume and its clone from pods on the same node [LinuxOnly] [Feature:VolumeSourceXFS]" classname="Kubernetes e2e suite" status="skipped" time="0">
              <skipped message="skipped"></skipped>
          </testcase>
          <testcase name="[It] [sig-storage] CSI Volumes [Driver: pd.csi.storage.gke.io] [Serial] [Testpattern: Inline-volume (default fs)] subPath should support readOnly file specified in the volumeMount [LinuxOnly]" classname="Kubernetes e2e suite" status="skipped" time="0">
              <skipped message="skipped"></skipped>
          </testcase>
          <testcase name="[It] [sig-network] Traffic Distribution should route traffic to an endpoint in the same zone when using PreferClose" classname="Kubernetes e2e suite" status="skipped" time="0">
              <skipped message="skipped"></skipped>
          </testcase>
          <testcase name="[It] [sig-storage] In-tree Volumes [Driver: local] [LocalVolumeType: dir-link-bindmounted] [Testpattern: Pre-provisioned PV (filesystem volmode)] multiVolume [Slow] should access to two volumes with the same volume mode and retain data across pod recreation on the same node" classname="Kubernetes e2e suite" status="skipped" time="0">
              <skipped message="skipped"></skipped>
          </testcase>
          <testcase name="[It] [sig-storage] In-tree Volumes [Driver: emptydir] [Testpattern: Pre-provisioned PV (default fs)] subPath should fail if subpath directory is outside the volume [Slow] [LinuxOnly]" classname="Kubernetes e2e suite" status="skipped" time="0">
              <skipped message="skipped"></skipped>
          </testcase>
          <testcase name="[It] [sig-node] DRA [Feature:DynamicResourceAllocation] [FeatureGate:DynamicResourceAllocation] [Beta] [Feature:OffByDefault] cluster must manage ResourceSlices [Slow]" classname="Kubernetes e2e suite" status="skipped" time="0">
              <skipped message="skipped"></skipped>
          </testcase>
          <testcase name="[It] [sig-storage] In-tree Volumes [Driver: local] [LocalVolumeType: blockfs] [Testpattern: Inline-volume (default fs)] volumes should allow exec of files on the volume" classname="Kubernetes e2e suite" status="skipped" time="0">
              <skipped message="skipped"></skipped>
          </testcase>
          <testcase name="[It] [sig-windows] [Feature:WindowsHostProcessContainers] [MinimumKubeletVersion:1.22] HostProcess containers should run as localgroup accounts" classname="Kubernetes e2e suite" status="skipped" time="0">
              <skipped message="skipped"></skipped>
          </testcase>
          <testcase name="[It] [sig-storage] In-tree Volumes [Driver: local] [LocalVolumeType: dir-bindmounted] [Testpattern: Generic Ephemeral-volume (default fs) (immediate-binding)] ephemeral should support multiple inline ephemeral volumes" classname="Kubernetes e2e suite" status="skipped" time="0">
              <skipped message="skipped"></skipped>
          </testcase>
          <testcase name="[It] [sig-apps] DisruptionController should block an eviction until the PDB is updated to allow it [Conformance]" classname="Kubernetes e2e suite" status="passed" time="8.277832418"></testcase>
          <testcase name="[It] [sig-storage] In-tree Volumes [Driver: vsphere] [Testpattern: Dynamic PV (block volmode)] disruptive [Disruptive] [LinuxOnly] Should test that pv written before kubelet restart is readable after restart." classname="Kubernetes e2e suite" status="skipped" time="0">
              <skipped message="skipped"></skipped>
          </testcase>
          <testcase name="[It] [sig-storage] [Feature:Flexvolumes] Mounted flexvolume volume expand [Slow] should be resizable when mounted" classname="Kubernetes e2e suite" status="skipped" time="0">
              <skipped message="skipped"></skipped>
          </testcase>
          <testcase name="[It] [sig-storage] In-tree Volumes [Driver: local] [LocalVolumeType: dir] [Testpattern: Pre-provisioned PV (default fs)] subPath should support existing single file [LinuxOnly]" classname="Kubernetes e2e suite" status="skipped" time="0">
              <skipped message="skipped"></skipped>
          </testcase>
          <testcase name="[It] [sig-storage] CSI Volumes [Driver: pd.csi.storage.gke.io] [Serial] [Testpattern: Inline-volume (default fs)] subPath should support readOnly directory specified in the volumeMount" classname="Kubernetes e2e suite" status="skipped" time="0">
              <skipped message="skipped"></skipped>
          </testcase>
          <testcase name="[It] [sig-storage] In-tree Volumes [Driver: emptydir] [Testpattern: Inline-volume (default fs)] subPath should unmount if pod is force deleted while kubelet is down [Disruptive] [Slow] [LinuxOnly]" classname="Kubernetes e2e suite" status="skipped" time="0">
              <skipped message="skipped"></skipped>
          </testcase>
          <testcase name="[It] [sig-storage] In-tree Volumes [Driver: local] [LocalVolumeType: dir-bindmounted] [Testpattern: Dynamic PV (ext4)] volumes should allow exec of files on the volume" classname="Kubernetes e2e suite" status="skipped" time="0">
              <skipped message="skipped"></skipped>
          </testcase>
          <testcase name="[It] [sig-storage] In-tree Volumes [Driver: local] [LocalVolumeType: block] [Testpattern: Dynamic PV (block volmode)(allowExpansion)] volume-expand should resize volume when PVC is edited while pod is using it" classname="Kubernetes e2e suite" status="skipped" time="0">
              <skipped message="skipped"></skipped>
          </testcase>
          <testcase name="[It] [sig-apps] StatefulSet Basic StatefulSet functionality [StatefulSetBasic] should have a working scale subresource [Conformance]" classname="Kubernetes e2e suite" status="passed" time="20.101144061"></testcase>
          <testcase name="[It] [sig-storage] In-tree Volumes [Driver: azure-disk] [Testpattern: Dynamic PV (block volmode)] disruptive [Disruptive] [LinuxOnly] Should test that pv used in a pod that is deleted while the kubelet is down cleans up when the kubelet returns." classname="Kubernetes e2e suite" status="skipped" time="0">
              <skipped message="skipped"></skipped>
          </testcase>
          <testcase name="[It] [sig-storage] In-tree Volumes [Driver: cinder] [Testpattern: Generic Ephemeral-volume (default fs) (immediate-binding)] ephemeral should support two pods which have the same volume definition" classname="Kubernetes e2e suite" status="skipped" time="0">
              <skipped message="skipped"></skipped>
          </testcase>
          <testcase name="[It] [sig-storage] In-tree Volumes [Driver: cinder] [Testpattern: Dynamic PV (ntfs)] [Feature:Windows] subPath should support restarting containers using directory as subpath [Slow]" classname="Kubernetes e2e suite" status="skipped" time="0">
              <skipped message="skipped"></skipped>
          </testcase>
          <testcase name="[It] [sig-storage] In-tree Volumes [Driver: cinder] [Testpattern: Dynamic PV (default fs)] subPath should verify container cannot write to subpath readonly volumes [Slow]" classname="Kubernetes e2e suite" status="skipped" time="0">
              <skipped message="skipped"></skipped>
          </testcase>
          <testcase name="[It] [sig-storage] In-tree Volumes [Driver: hostPathSymlink] [Testpattern: Dynamic PV (xfs)] [Slow] multiVolume [Slow] should access to two volumes with the same volume mode and retain data across pod recreation on different node" classname="Kubernetes e2e suite" status="skipped" time="0">
              <skipped message="skipped"></skipped>
          </testcase>
          <testcase name="[It] [sig-storage] In-tree Volumes [Driver: local] [LocalVolumeType: blockfs] [Testpattern: Dynamic PV (block volmode)] multiVolume [Slow] should access to two volumes with the same volume mode and retain data across pod recreation on different node" classname="Kubernetes e2e suite" status="skipped" time="0">
              <skipped message="skipped"></skipped>
          </testcase>
          <testcase name="[It] [sig-storage] ConfigMap should be consumable from pods in volume with mappings [NodeConformance] [Conformance]" classname="Kubernetes e2e suite" status="passed" time="4.073334613"></testcase>
          <testcase name="[It] [sig-storage] In-tree Volumes [Driver: local] [LocalVolumeType: gce-localssd-scsi-fs] [Serial] [Testpattern: Dynamic PV (ntfs)] [Feature:Windows] subPath should support file as subpath [LinuxOnly]" classname="Kubernetes e2e suite" status="skipped" time="0">
              <skipped message="skipped"></skipped>
          </testcase>
          <testcase name="[It] [sig-storage] In-tree Volumes [Driver: hostPathSymlink] [Testpattern: Dynamic PV (filesystem volmode)] disruptive [Disruptive] [LinuxOnly] Should test that pv written before kubelet restart is readable after restart." classname="Kubernetes e2e suite" status="skipped" time="0">
              <skipped message="skipped"></skipped>
          </testcase>
          <testcase name="[It] [sig-network] IngressClass API should support creating IngressClass API operations [Conformance]" classname="Kubernetes e2e suite" status="passed" time="0.101266926"></testcase>
          <testcase name="[It] [sig-storage] In-tree Volumes [Driver: local] [LocalVolumeType: tmpfs] [Testpattern: Pre-provisioned PV (ntfs)] [Feature:Windows] volumes should allow exec of files on the volume" classname="Kubernetes e2e suite" status="skipped" time="0">
              <skipped message="skipped"></skipped>
          </testcase>
          <testcase name="[It] [sig-node] InitContainer [NodeConformance] should invoke init containers on a RestartNever pod [Conformance]" classname="Kubernetes e2e suite" status="passed" time="4.706500899"></testcase>
          <testcase name="[It] [sig-network] HostPort validates that there is no conflict between pods with same hostPort but different hostIP and protocol [LinuxOnly] [Conformance]" classname="Kubernetes e2e suite" status="passed" time="15.382016203"></testcase>
          <testcase name="[It] [sig-storage] In-tree Volumes [Driver: azure-disk] [Testpattern: Pre-provisioned PV (ext3)] volumes should store data" classname="Kubernetes e2e suite" status="skipped" time="0">
              <skipped message="skipped"></skipped>
          </testcase>
          <testcase name="[It] [sig-storage] In-tree Volumes [Driver: local] [LocalVolumeType: blockfs] [Testpattern: Dynamic PV (default fs)] fsgroupchangepolicy (Always)[LinuxOnly], rwop pod created with an initial fsgroup, new pod fsgroup applied to volume contents" classname="Kubernetes e2e suite" status="skipped" time="0">
              <skipped message="skipped"></skipped>
          </testcase>
          <testcase name="[It] [sig-storage] In-tree Volumes [Driver: local] [LocalVolumeType: dir-link-bindmounted] [Testpattern: Pre-provisioned PV (default fs)] subPath should support creating multiple subpath from same volumes [Slow]" classname="Kubernetes e2e suite" status="skipped" time="0">
              <skipped message="skipped"></skipped>
          </testcase>
          <testcase name="[It] [sig-autoscaling] [Feature:HPA] Horizontal pod autoscaling (scale resource: CPU) [Serial] [Slow] Deployment (Pod Resource) Should scale from 1 pod to 3 pods and then from 3 pods to 5 pods using Average Utilization for aggregation" classname="Kubernetes e2e suite" status="skipped" time="0">
              <skipped message="skipped"></skipped>
          </testcase>
          <testcase name="[It] [sig-storage] In-tree Volumes [Driver: local] [LocalVolumeType: dir-link-bindmounted] [Testpattern: Dynamic PV (filesystem volmode)] volumeLimits should support volume limits [Serial]" classname="Kubernetes e2e suite" status="skipped" time="0">
              <skipped message="skipped"></skipped>
          </testcase>
          <testcase name="[It] [sig-storage] PersistentVolumes NFS with multiple PVs and PVCs all in same ns should create 4 PVs and 2 PVCs: test write access [Slow]" classname="Kubernetes e2e suite" status="skipped" time="0">
              <skipped message="skipped"></skipped>
          </testcase>
          <testcase name="[It] [sig-storage] In-tree Volumes [Driver: local] [LocalVolumeType: block] [Testpattern: Pre-provisioned PV (filesystem volmode)] multiVolume [Slow] should access to two volumes with different volume mode and retain data across pod recreation on the same node" classname="Kubernetes e2e suite" status="skipped" time="0">
              <skipped message="skipped"></skipped>
          </testcase>
          <testcase name="[It] [sig-cli] Kubectl client Update Demo should scale a replication controller [Conformance]" classname="Kubernetes e2e suite" status="passed" time="13.066061789"></testcase>
          <testcase name="[It] [sig-storage] In-tree Volumes [Driver: hostPathSymlink] [Testpattern: Pre-provisioned PV (filesystem volmode)] disruptive [Disruptive] [LinuxOnly] Should test that pv used in a pod that is deleted while the kubelet is down is usable by a new pod when kubelet returns [Feature:SELinux]" classname="Kubernetes e2e suite" status="skipped" time="0">
              <skipped message="skipped"></skipped>
          </testcase>
          <testcase name="[It] [sig-storage] In-tree Volumes [Driver: local] [LocalVolumeType: blockfs] [Testpattern: Dynamic PV (ext3)] volumes should allow exec of files on the volume" classname="Kubernetes e2e suite" status="skipped" time="0">
              <skipped message="skipped"></skipped>
          </testcase>
          <testcase name="[It] [sig-node] Pod Level Resources [Serial] [Feature:PodLevelResources] Burstable QoS pod, no container resources" classname="Kubernetes e2e suite" status="skipped" time="0">
              <skipped message="skipped"></skipped>
          </testcase>
          <testcase name="[It] [sig-api-machinery] AdmissionWebhook [Privileged:ClusterAdmin] listing mutating webhooks should work [Conformance]" classname="Kubernetes e2e suite" status="passed" time="3.346923093"></testcase>
          <testcase name="[It] [sig-storage] CSI Volumes [Driver: pd.csi.storage.gke.io] [Serial] [Testpattern: CSI Ephemeral-volume (default fs)] ephemeral should create read-only inline ephemeral volume" classname="Kubernetes e2e suite" status="skipped" time="0">
              <skipped message="skipped"></skipped>
          </testcase>
          <testcase name="[It] [sig-storage] In-tree Volumes [Driver: local] [LocalVolumeType: block] [Testpattern: Inline-volume (default fs)] subPath should fail if subpath with backstepping is outside the volume [Slow] [LinuxOnly]" classname="Kubernetes e2e suite" status="skipped" time="0">
              <skipped message="skipped"></skipped>
          </testcase>
          <testcase name="[It] [sig-storage] In-tree Volumes [Driver: hostPathSymlink] [Testpattern: Dynamic PV (default fs)] subPath should support restarting containers using file as subpath [Slow] [LinuxOnly]" classname="Kubernetes e2e suite" status="skipped" time="0">
              <skipped message="skipped"></skipped>
          </testcase>
          <testcase name="[It] [sig-network] IngressClass [Feature:Ingress] should allow IngressClass to have Namespace-scoped parameters [Serial]" classname="Kubernetes e2e suite" status="skipped" time="0">
              <skipped message="skipped"></skipped>
          </testcase>
          <testcase name="[It] [sig-storage] In-tree Volumes [Driver: iscsi] [Feature:Volumes] [Testpattern: Dynamic PV (ext4)] multiVolume [Slow] should concurrently access the single read-only volume from pods on the same node" classname="Kubernetes e2e suite" status="skipped" time="0">
              <skipped message="skipped"></skipped>
          </testcase>
          <testcase name="[It] [sig-storage] In-tree Volumes [Driver: local] [LocalVolumeType: tmpfs] [Testpattern: Dynamic PV (default fs)] provisioning should provision storage with mount options" classname="Kubernetes e2e suite" status="skipped" time="0">
              <skipped message="skipped"></skipped>
          </testcase>
          <testcase name="[It] [sig-storage] In-tree Volumes [Driver: local] [LocalVolumeType: block] [Testpattern: Generic Ephemeral-volume (default fs) (late-binding)] ephemeral should support expansion of pvcs created for ephemeral pvcs" classname="Kubernetes e2e suite" status="skipped" time="0">
              <skipped message="skipped"></skipped>
          </testcase>
          <testcase name="[It] [sig-node] Security Context When creating a container with runAsNonRoot should not run with an explicit root user ID [LinuxOnly]" classname="Kubernetes e2e suite" status="skipped" time="0">
              <skipped message="skipped"></skipped>
          </testcase>
          <testcase name="[It] [sig-storage] In-tree Volumes [Driver: local] [LocalVolumeType: blockfs] [Testpattern: Dynamic PV (ntfs)(allowExpansion)] [Feature:Windows] volume-expand Verify if offline PVC expansion works" classname="Kubernetes e2e suite" status="skipped" time="0">
              <skipped message="skipped"></skipped>
          </testcase>
          <testcase name="[It] [sig-apps] Deployment test Deployment ReplicaSet orphaning and adoption regarding controllerRef" classname="Kubernetes e2e suite" status="skipped" time="0">
              <skipped message="skipped"></skipped>
          </testcase>
          <testcase name="[It] [sig-autoscaling] [Feature:HPA] Horizontal pod autoscaling (scale resource: CPU) [Serial] [Slow] ReplicationController Should scale from 1 pod to 3 pods and then from 3 pods to 5 pods and verify decision stability" classname="Kubernetes e2e suite" status="skipped" time="0">
              <skipped message="skipped"></skipped>
          </testcase>
          <testcase name="[It] [sig-storage] In-tree Volumes [Driver: local] [LocalVolumeType: dir-link-bindmounted] [Testpattern: Dynamic PV (default fs)] provisioning should provision storage with pvc data source" classname="Kubernetes e2e suite" status="skipped" time="0">
              <skipped message="skipped"></skipped>
          </testcase>
          <testcase name="[It] [sig-storage] In-tree Volumes [Driver: local] [LocalVolumeType: dir-link] [Testpattern: Dynamic PV (ntfs)] [Feature:Windows] subPath should be able to unmount after the subpath directory is deleted [LinuxOnly]" classname="Kubernetes e2e suite" status="skipped" time="0">
              <skipped message="skipped"></skipped>
          </testcase>
          <testcase name="[It] [sig-node] DRA [Feature:DynamicResourceAllocation] [FeatureGate:DynamicResourceAllocation] [Beta] [Feature:OffByDefault] cluster truncates the name of a generated resource claim" classname="Kubernetes e2e suite" status="skipped" time="0">
              <skipped message="skipped"></skipped>
          </testcase>
          <testcase name="[It] [sig-storage] In-tree Volumes [Driver: iscsi] [Feature:Volumes] [Testpattern: Dynamic PV (ntfs)] [Feature:Windows] subPath should support existing single file [LinuxOnly]" classname="Kubernetes e2e suite" status="skipped" time="0">
              <skipped message="skipped"></skipped>
          </testcase>
          <testcase name="[It] [sig-node] kubelet host cleanup with volume mounts [HostCleanup] [Flaky] Host cleanup after disrupting NFS volume [NFS] after stopping the nfs-server and deleting the (sleeping) client pod, the NFS mount and the pod&#39;s UID directory should be removed." classname="Kubernetes e2e suite" status="skipped" time="0">
              <skipped message="skipped"></skipped>
          </testcase>
          <testcase name="[It] [sig-storage] In-tree Volumes [Driver: azure-disk] [Testpattern: Inline-volume (default fs)] subPath should support existing directory" classname="Kubernetes e2e suite" status="skipped" time="0">
              <skipped message="skipped"></skipped>
          </testcase>
          <testcase name="[It] [sig-storage] In-tree Volumes [Driver: local] [LocalVolumeType: tmpfs] [Testpattern: Dynamic PV (ntfs)] [Feature:Windows] volumes should store data" classname="Kubernetes e2e suite" status="skipped" time="0">
              <skipped message="skipped"></skipped>
          </testcase>
          <testcase name="[It] [sig-api-machinery] CustomResourcePublishOpenAPI [Privileged:ClusterAdmin] removes definition from spec when one version gets changed to not be served [Conformance]" classname="Kubernetes e2e suite" status="passed" time="6.008974762"></testcase>
          <testcase name="[It] [sig-storage] In-tree Volumes [Driver: local] [LocalVolumeType: dir-link] [Testpattern: Pre-provisioned PV (default fs)] volumes should allow exec of files on the volume" classname="Kubernetes e2e suite" status="skipped" time="0">
              <skipped message="skipped"></skipped>
          </testcase>
          <testcase name="[It] [sig-storage] In-tree Volumes [Driver: local] [LocalVolumeType: dir-link] [Testpattern: Dynamic PV (ext4)] volumes should allow exec of files on the volume" classname="Kubernetes e2e suite" status="skipped" time="0">
              <skipped message="skipped"></skipped>
          </testcase>
          <testcase name="[It] [sig-network] Services should be able to create a functioning NodePort service [Conformance]" classname="Kubernetes e2e suite" status="passed" time="6.458284381"></testcase>
          <testcase name="[It] [sig-storage] In-tree Volumes [Driver: local] [LocalVolumeType: dir-link-bindmounted] [Testpattern: Inline-volume (default fs)] subPath should support non-existent path" classname="Kubernetes e2e suite" status="skipped" time="0">
              <skipped message="skipped"></skipped>
          </testcase>
          <testcase name="[It] [sig-storage] CSI Mock selinux on mount SELinuxMount [LinuxOnly] [Feature:SELinux] should not pass SELinux mount option for CSI driver that does not support SELinux mount [FeatureGate:SELinuxMountReadWriteOncePod] [Beta]" classname="Kubernetes e2e suite" status="skipped" time="0">
              <skipped message="skipped"></skipped>
          </testcase>
          <testcase name="[It] [sig-storage] In-tree Volumes [Driver: azure-file] [Testpattern: Dynamic PV (ntfs)] [Feature:Windows] subPath should support file as subpath [LinuxOnly]" classname="Kubernetes e2e suite" status="skipped" time="0">
              <skipped message="skipped"></skipped>
          </testcase>
          <testcase name="[It] [sig-storage] In-tree Volumes [Driver: local] [LocalVolumeType: blockfs] [Testpattern: Inline-volume (default fs)] subPath should fail if subpath file is outside the volume [Slow] [LinuxOnly]" classname="Kubernetes e2e suite" status="skipped" time="0">
              <skipped message="skipped"></skipped>
          </testcase>
          <testcase name="[It] [sig-node] Pod InPlace Resize Container [FeatureGate:InPlacePodVerticalScaling] [Beta] Burstable QoS pod, one container with CPU requests + limits, cpu requests - remove memory requests" classname="Kubernetes e2e suite" status="skipped" time="0">
              <skipped message="skipped"></skipped>
          </testcase>
          <testcase name="[It] [sig-node] Pod InPlace Resize Container [FeatureGate:InPlacePodVerticalScaling] [Beta] Burstable QoS pod, one container with cpu &amp; memory requests + limits - decrease CPU limits only" classname="Kubernetes e2e suite" status="skipped" time="0">
              <skipped message="skipped"></skipped>
          </testcase>
          <testcase name="[It] [sig-storage] In-tree Volumes [Driver: iscsi] [Feature:Volumes] [Testpattern: Dynamic PV (block volmode)] volumeMode should fail to use a volume in a pod with mismatched mode [Slow]" classname="Kubernetes e2e suite" status="skipped" time="0">
              <skipped message="skipped"></skipped>
          </testcase>
          <testcase name="[It] [sig-storage] Downward API volume should set mode on item file [LinuxOnly] [NodeConformance] [Conformance]" classname="Kubernetes e2e suite" status="passed" time="4.050851444"></testcase>
          <testcase name="[It] [sig-storage] In-tree Volumes [Driver: emptydir] [Testpattern: Dynamic PV (xfs)] [Slow] multiVolume [Slow] should concurrently access the volume and restored snapshot from pods on the same node [LinuxOnly] [Feature:VolumeSnapshotDataSource] [Feature:VolumeSourceXFS]" classname="Kubernetes e2e suite" status="skipped" time="0">
              <skipped message="skipped"></skipped>
          </testcase>
          <testcase name="[It] [sig-apps] ReplicationController should surface a failure condition on a common issue like exceeded quota [Conformance]" classname="Kubernetes e2e suite" status="passed" time="3.056102899"></testcase>
          <testcase name="[It] [sig-storage] In-tree Volumes [Driver: local] [LocalVolumeType: dir-link-bindmounted] [Testpattern: Pre-provisioned PV (default fs)] subPath should verify container cannot write to subpath readonly volumes [Slow]" classname="Kubernetes e2e suite" status="skipped" time="0">
              <skipped message="skipped"></skipped>
          </testcase>
          <testcase name="[It] [sig-storage] CSI Volumes [Driver: csi-hostpath] [Testpattern: Pre-provisioned PV (block volmode)] disruptive [Disruptive] [LinuxOnly] Should test that pv written before kubelet restart is readable after restart." classname="Kubernetes e2e suite" status="skipped" time="0">
              <skipped message="skipped"></skipped>
          </testcase>
          <testcase name="[It] [sig-storage] HostPathType Directory [Slow] Should fail on mounting directory &#39;adir&#39; when HostPathType is HostPathCharDev" classname="Kubernetes e2e suite" status="skipped" time="0">
              <skipped message="skipped"></skipped>
          </testcase>
          <testcase name="[It] [sig-storage] In-tree Volumes [Driver: iscsi] [Feature:Volumes] [Testpattern: Dynamic PV (default fs)] provisioning should provision storage with pvc data source (ROX mode)" classname="Kubernetes e2e suite" status="skipped" time="0">
              <skipped message="skipped"></skipped>
          </testcase>
          <testcase name="[It] [sig-storage] In-tree Volumes [Driver: local] [LocalVolumeType: dir-link-bindmounted] [Testpattern: Inline-volume (default fs)] subPath should verify container cannot write to subpath readonly volumes [Slow]" classname="Kubernetes e2e suite" status="skipped" time="0">
              <skipped message="skipped"></skipped>
          </testcase>
          <testcase name="[It] [sig-storage] In-tree Volumes [Driver: nfs] [Testpattern: Dynamic PV (ntfs)] [Feature:Windows] subPath should support existing single file [LinuxOnly]" classname="Kubernetes e2e suite" status="skipped" time="0">
              <skipped message="skipped"></skipped>
          </testcase>
          <testcase name="[It] [sig-storage] In-tree Volumes [Driver: hostPath] [Testpattern: Pre-provisioned PV (default fs)] subPath should support readOnly directory specified in the volumeMount" classname="Kubernetes e2e suite" status="skipped" time="0">
              <skipped message="skipped"></skipped>
          </testcase>
          <testcase name="[It] [sig-storage] CSI Volumes [Driver: csi-hostpath] [Testpattern: Dynamic PV (xfs)] [Slow] multiVolume [Slow] should access to two volumes with the same volume mode and retain data across pod recreation on different node" classname="Kubernetes e2e suite" status="skipped" time="0">
              <skipped message="skipped"></skipped>
          </testcase>
          <testcase name="[It] [sig-storage] In-tree Volumes [Driver: local] [LocalVolumeType: tmpfs] [Testpattern: Pre-provisioned PV (default fs)] subPath should support readOnly directory specified in the volumeMount" classname="Kubernetes e2e suite" status="skipped" time="0">
              <skipped message="skipped"></skipped>
          </testcase>
          <testcase name="[It] [sig-storage] In-tree Volumes [Driver: hostPath] [Testpattern: Dynamic PV (ext4)] multiVolume [Slow] should access to two volumes with different volume mode and retain data across pod recreation on different node" classname="Kubernetes e2e suite" status="skipped" time="0">
              <skipped message="skipped"></skipped>
          </testcase>
          <testcase name="[It] [sig-storage] In-tree Volumes [Driver: emptydir] [Testpattern: Dynamic PV (block volmode)] provisioning should mount multiple PV pointing to the same storage on the same node" classname="Kubernetes e2e suite" status="skipped" time="0">
              <skipped message="skipped"></skipped>
          </testcase>
          <testcase name="[It] [sig-storage] CSI Volumes [Driver: pd.csi.storage.gke.io] [Serial] [Testpattern: Generic Ephemeral-volume (default fs) (late-binding)] ephemeral should support multiple inline ephemeral volumes" classname="Kubernetes e2e suite" status="skipped" time="0">
              <skipped message="skipped"></skipped>
          </testcase>
          <testcase name="[It] [sig-storage] In-tree Volumes [Driver: emptydir] [Testpattern: Dynamic PV (filesystem volmode)] disruptive [Disruptive] [LinuxOnly] Should test that pv used in a pod that is force deleted while the kubelet is down is usable by a new pod with a different SELinux context when kubelet returns [Feature:SELinux]" classname="Kubernetes e2e suite" status="skipped" time="0">
              <skipped message="skipped"></skipped>
          </testcase>
          <testcase name="[It] [sig-auth] ServiceAccounts should allow opting out of API token automount [Conformance]" classname="Kubernetes e2e suite" status="passed" time="0.106726662"></testcase>
          <testcase name="[It] [sig-storage] In-tree Volumes [Driver: cinder] [Testpattern: Dynamic PV (ntfs)] [Feature:Windows] subPath should support readOnly file specified in the volumeMount [LinuxOnly]" classname="Kubernetes e2e suite" status="skipped" time="0">
              <skipped message="skipped"></skipped>
          </testcase>
          <testcase name="[It] [sig-storage] In-tree Volumes [Driver: nfs] [Testpattern: Dynamic PV (default fs)] fsgroupchangepolicy (OnRootMismatch)[LinuxOnly], pod created with an initial fsgroup, volume contents ownership changed via chgrp in first pod, new pod with same fsgroup skips ownership changes to the volume contents" classname="Kubernetes e2e suite" status="skipped" time="0">
              <skipped message="skipped"></skipped>
          </testcase>
          <testcase name="[It] [sig-storage] In-tree Volumes [Driver: azure-disk] [Testpattern: Dynamic PV (ext4)] multiVolume [Slow] should access to two volumes with the same volume mode and retain data across pod recreation on the same node" classname="Kubernetes e2e suite" status="skipped" time="0">
              <skipped message="skipped"></skipped>
          </testcase>
          <testcase name="[It] [sig-network] Netpol NetworkPolicy between server and client should not allow access by TCP when a policy specifies only UDP [Feature:NetworkPolicy]" classname="Kubernetes e2e suite" status="skipped" time="0">
              <skipped message="skipped"></skipped>
          </testcase>
          <testcase name="[It] [sig-storage] In-tree Volumes [Driver: local] [LocalVolumeType: dir-bindmounted] [Testpattern: Pre-provisioned PV (default fs)] subPath should support readOnly file specified in the volumeMount [LinuxOnly]" classname="Kubernetes e2e suite" status="skipped" time="0">
              <skipped message="skipped"></skipped>
          </testcase>
          <testcase name="[It] [sig-storage] In-tree Volumes [Driver: local] [LocalVolumeType: dir-link] [Testpattern: Pre-provisioned PV (default fs)] subPath should support existing directory" classname="Kubernetes e2e suite" status="skipped" time="0">
              <skipped message="skipped"></skipped>
          </testcase>
          <testcase name="[It] [sig-node] DRA [Feature:DynamicResourceAllocation] [FeatureGate:DynamicResourceAllocation] [Beta] [Feature:OffByDefault] on single node runs a pod without a generated resource claim" classname="Kubernetes e2e suite" status="skipped" time="0">
              <skipped message="skipped"></skipped>
          </testcase>
          <testcase name="[It] [sig-storage] In-tree Volumes [Driver: vsphere] [Testpattern:  (delete policy)] volumegroupsnapshottable [Feature:volumegroupsnapshot] VolumeGroupSnapshottable  should create snapshots for multiple volumes in a pod" classname="Kubernetes e2e suite" status="skipped" time="0">
              <skipped message="skipped"></skipped>
          </testcase>
          <testcase name="[It] [sig-storage] In-tree Volumes [Driver: iscsi] [Feature:Volumes] [Testpattern: Dynamic PV (ext3)] volumes should store data" classname="Kubernetes e2e suite" status="skipped" time="0">
              <skipped message="skipped"></skipped>
          </testcase>
          <testcase name="[It] [sig-api-machinery] AdmissionWebhook [Privileged:ClusterAdmin] should mutate custom resource with pruning [Conformance]" classname="Kubernetes e2e suite" status="passed" time="6.267784679"></testcase>
          <testcase name="[It] [sig-storage] CSI Mock selinux on mount SELinuxMount [LinuxOnly] [Feature:SELinux] should add SELinux mount option to existing mount options [FeatureGate:SELinuxMountReadWriteOncePod] [Beta]" classname="Kubernetes e2e suite" status="skipped" time="0">
              <skipped message="skipped"></skipped>
          </testcase>
          <testcase name="[It] [sig-network] ServiceCIDR and IPAddress API should support ServiceCIDR API operations [Conformance]" classname="Kubernetes e2e suite" status="passed" time="0.09006726"></testcase>
          <testcase name="[It] [sig-node] Pod InPlace Resize Container [FeatureGate:InPlacePodVerticalScaling] [Beta] Burstable QoS pod, one container with cpu &amp; memory requests + limits - increase memory requests and limits" classname="Kubernetes e2e suite" status="skipped" time="0">
              <skipped message="skipped"></skipped>
          </testcase>
          <testcase name="[It] [sig-storage] In-tree Volumes [Driver: local] [LocalVolumeType: dir-bindmounted] [Testpattern: Dynamic PV (ntfs)] [Feature:Windows] subPath should support readOnly directory specified in the volumeMount" classname="Kubernetes e2e suite" status="skipped" time="0">
              <skipped message="skipped"></skipped>
          </testcase>
          <testcase name="[It] [sig-api-machinery] AdmissionWebhook [Privileged:ClusterAdmin] should be able to deny attaching pod [Conformance]" classname="Kubernetes e2e suite" status="passed" time="5.422431346"></testcase>
          <testcase name="[It] [sig-storage] In-tree Volumes [Driver: azure-disk] [Testpattern: Generic Ephemeral-volume (block volmode) (late-binding)] ephemeral should create read-only inline ephemeral volume" classname="Kubernetes e2e suite" status="skipped" time="0">
              <skipped message="skipped"></skipped>
          </testcase>
          <testcase name="[It] [sig-cli] kubectl debug custom profile should be applied on static profiles while copying from pod" classname="Kubernetes e2e suite" status="skipped" time="0">
              <skipped message="skipped"></skipped>
          </testcase>
          <testcase name="[It] [sig-storage] In-tree Volumes [Driver: azure-disk] [Testpattern: Dynamic PV (default fs)] subPath should support restarting containers using file as subpath [Slow] [LinuxOnly]" classname="Kubernetes e2e suite" status="skipped" time="0">
              <skipped message="skipped"></skipped>
          </testcase>
          <testcase name="[It] [sig-storage] In-tree Volumes [Driver: local] [LocalVolumeType: tmpfs] [Testpattern: Dynamic PV (block volmode)(allowExpansion)] volume-expand should resize volume when PVC is edited while pod is using it" classname="Kubernetes e2e suite" status="skipped" time="0">
              <skipped message="skipped"></skipped>
          </testcase>
          <testcase name="[It] [sig-storage] In-tree Volumes [Driver: local] [LocalVolumeType: dir-bindmounted] [Testpattern: Generic Ephemeral-volume (default fs) (late-binding)] ephemeral should support multiple inline ephemeral volumes" classname="Kubernetes e2e suite" status="skipped" time="0">
              <skipped message="skipped"></skipped>
          </testcase>
          <testcase name="[It] [sig-storage] In-tree Volumes [Driver: local] [LocalVolumeType: gce-localssd-scsi-fs] [Serial] [Testpattern: Dynamic PV (filesystem volmode)] volumeMode should fail to use a volume in a pod with mismatched mode [Slow]" classname="Kubernetes e2e suite" status="skipped" time="0">
              <skipped message="skipped"></skipped>
          </testcase>
          <testcase name="[It] [sig-storage] In-tree Volumes [Driver: local] [LocalVolumeType: block] [Testpattern: Dynamic PV (block volmode)] provisioning should provision storage with snapshot data source [Feature:VolumeSnapshotDataSource]" classname="Kubernetes e2e suite" status="skipped" time="0">
              <skipped message="skipped"></skipped>
          </testcase>
          <testcase name="[It] [sig-storage] CSI Mock volume node stage CSI NodeUnstage error cases [Slow] two pods: should call NodeStage after previous NodeUnstage transient error" classname="Kubernetes e2e suite" status="skipped" time="0">
              <skipped message="skipped"></skipped>
          </testcase>
          <testcase name="[It] [sig-storage] In-tree Volumes [Driver: hostPath] [Testpattern: Dynamic PV (default fs)] provisioning should provision storage with any volume data source [Serial]" classname="Kubernetes e2e suite" status="skipped" time="0">
              <skipped message="skipped"></skipped>
          </testcase>
          <testcase name="[It] [sig-api-machinery] AdmissionWebhook [Privileged:ClusterAdmin] should mutate configmap [Conformance]" classname="Kubernetes e2e suite" status="passed" time="3.5305718280000002"></testcase>
          <testcase name="[It] [sig-storage] In-tree Volumes [Driver: hostPathSymlink] [Testpattern: Pre-provisioned PV (block volmode)] multiVolume [Slow] should concurrently access the single volume from pods on the same node" classname="Kubernetes e2e suite" status="skipped" time="0">
              <skipped message="skipped"></skipped>
          </testcase>
          <testcase name="[It] [sig-storage] In-tree Volumes [Driver: nfs] [Testpattern: Dynamic PV (block volmode)] disruptive [Disruptive] [LinuxOnly] Should test that pv used in a pod that is force deleted while the kubelet is down cleans up when the kubelet returns." classname="Kubernetes e2e suite" status="skipped" time="0">
              <skipped message="skipped"></skipped>
          </testcase>
          <testcase name="[It] [sig-storage] In-tree Volumes [Driver: vsphere] [Testpattern: Dynamic PV (xfs)] [Slow] multiVolume [Slow] should access to two volumes with the same volume mode and retain data across pod recreation on different node" classname="Kubernetes e2e suite" status="skipped" time="0">
              <skipped message="skipped"></skipped>
          </testcase>
          <testcase name="[It] [sig-storage] In-tree Volumes [Driver: hostPathSymlink] [Testpattern: Inline-volume (ext4)] volumes should allow exec of files on the volume" classname="Kubernetes e2e suite" status="skipped" time="0">
              <skipped message="skipped"></skipped>
          </testcase>
          <testcase name="[It] [sig-storage] In-tree Volumes [Driver: azure-disk] [Testpattern: Dynamic PV (ntfs)] [Feature:Windows] volume-expand should not allow expansion of pvcs without AllowVolumeExpansion property" classname="Kubernetes e2e suite" status="skipped" time="0">
              <skipped message="skipped"></skipped>
          </testcase>
          <testcase name="[It] [sig-storage] In-tree Volumes [Driver: local] [LocalVolumeType: blockfs] [Testpattern: Pre-provisioned PV (filesystem volmode)] multiVolume [Slow] should concurrently access the single volume from pods on the same node" classname="Kubernetes e2e suite" status="skipped" time="0">
              <skipped message="skipped"></skipped>
          </testcase>
          <testcase name="[It] [sig-storage] In-tree Volumes [Driver: local] [LocalVolumeType: block] [Testpattern: Pre-provisioned PV (default fs)] subPath should support readOnly file specified in the volumeMount [LinuxOnly]" classname="Kubernetes e2e suite" status="skipped" time="0">
              <skipped message="skipped"></skipped>
          </testcase>
          <testcase name="[It] [sig-storage] In-tree Volumes [Driver: local] [LocalVolumeType: dir-bindmounted] [Testpattern: Dynamic PV (ntfs)] [Feature:Windows] subPath should support existing directory" classname="Kubernetes e2e suite" status="skipped" time="0">
              <skipped message="skipped"></skipped>
          </testcase>
          <testcase name="[It] [sig-storage] In-tree Volumes [Driver: vsphere] [Testpattern: Inline-volume (default fs)] subPath should fail if subpath file is outside the volume [Slow] [LinuxOnly]" classname="Kubernetes e2e suite" status="skipped" time="0">
              <skipped message="skipped"></skipped>
          </testcase>
          <testcase name="[It] [sig-storage] In-tree Volumes [Driver: vsphere] [Testpattern: Dynamic PV (default fs)] subPath should fail if subpath directory is outside the volume [Slow] [LinuxOnly]" classname="Kubernetes e2e suite" status="skipped" time="0">
              <skipped message="skipped"></skipped>
          </testcase>
          <testcase name="[It] [sig-storage] In-tree Volumes [Driver: hostPathSymlink] [Testpattern: Dynamic PV (default fs)] provisioning should mount multiple PV pointing to the same storage on the same node" classname="Kubernetes e2e suite" status="skipped" time="0">
              <skipped message="skipped"></skipped>
          </testcase>
          <testcase name="[It] [sig-storage] In-tree Volumes [Driver: cinder] [Testpattern: Dynamic PV (xfs)] [Slow] multiVolume [Slow] should access to two volumes with the same volume mode and retain data across pod recreation on the same node" classname="Kubernetes e2e suite" status="skipped" time="0">
              <skipped message="skipped"></skipped>
          </testcase>
          <testcase name="[It] [sig-node] [Feature:SidecarContainers] Probing restartable init container should *not* be restarted by liveness probe because startup probe delays it" classname="Kubernetes e2e suite" status="skipped" time="0">
              <skipped message="skipped"></skipped>
          </testcase>
          <testcase name="[It] [sig-apps] StatefulSet Deploy clustered applications [Feature:StatefulSet] [Slow] should creating a working mysql cluster" classname="Kubernetes e2e suite" status="skipped" time="0">
              <skipped message="skipped"></skipped>
          </testcase>
          <testcase name="[It] [sig-storage] In-tree Volumes [Driver: local] [LocalVolumeType: tmpfs] [Testpattern: Dynamic PV (ext4)] multiVolume [Slow] should concurrently access the single volume from pods on different node" classname="Kubernetes e2e suite" status="skipped" time="0">
              <skipped message="skipped"></skipped>
          </testcase>
          <testcase name="[It] [sig-node] [Feature:SidecarContainers] Restartable Init Container Lifecycle Hook when create a pod with lifecycle hook should execute poststart http hook properly" classname="Kubernetes e2e suite" status="skipped" time="0">
              <skipped message="skipped"></skipped>
          </testcase>
          <testcase name="[It] [sig-storage] In-tree Volumes [Driver: local] [LocalVolumeType: dir-bindmounted] [Testpattern: Inline-volume (ext3)] volumes should store data" classname="Kubernetes e2e suite" status="skipped" time="0">
              <skipped message="skipped"></skipped>
          </testcase>
          <testcase name="[It] [sig-storage] In-tree Volumes [Driver: hostPathSymlink] [Testpattern: Pre-provisioned PV (ext3)] volumes should allow exec of files on the volume" classname="Kubernetes e2e suite" status="skipped" time="0">
              <skipped message="skipped"></skipped>
          </testcase>
          <testcase name="[It] [sig-storage] In-tree Volumes [Driver: local] [LocalVolumeType: block] [Testpattern: Inline-volume (default fs)] subPath should support existing directories when readOnly specified in the volumeSource" classname="Kubernetes e2e suite" status="skipped" time="0">
              <skipped message="skipped"></skipped>
          </testcase>
          <testcase name="[It] [sig-storage] In-tree Volumes [Driver: local] [LocalVolumeType: gce-localssd-scsi-fs] [Serial] [Testpattern: Dynamic PV (ext3)] volumes should allow exec of files on the volume" classname="Kubernetes e2e suite" status="skipped" time="0">
              <skipped message="skipped"></skipped>
          </testcase>
          <testcase name="[It] [sig-storage] In-tree Volumes [Driver: nfs] [Testpattern: Generic Ephemeral-volume (block volmode) (late-binding)] ephemeral should create read-only inline ephemeral volume" classname="Kubernetes e2e suite" status="skipped" time="0">
              <skipped message="skipped"></skipped>
          </testcase>
          <testcase name="[It] [sig-storage] In-tree Volumes [Driver: hostPathSymlink] [Testpattern: Dynamic PV (block volmode)] volumes should store data" classname="Kubernetes e2e suite" status="skipped" time="0">
              <skipped message="skipped"></skipped>
          </testcase>
          <testcase name="[It] [sig-storage] In-tree Volumes [Driver: local] [LocalVolumeType: dir-link] [Testpattern: Dynamic PV (ntfs)] [Feature:Windows] multiVolume [Slow] should concurrently access the volume and its clone from pods on the same node [LinuxOnly] [Feature:VolumeSourceXFS]" classname="Kubernetes e2e suite" status="skipped" time="0">
              <skipped message="skipped"></skipped>
          </testcase>
          <testcase name="[It] [sig-storage] In-tree Volumes [Driver: nfs] [Testpattern: Dynamic PV (default fs)] subPath should unmount if pod is gracefully deleted while kubelet is down [Disruptive] [Slow] [LinuxOnly]" classname="Kubernetes e2e suite" status="skipped" time="0">
              <skipped message="skipped"></skipped>
          </testcase>
          <testcase name="[It] [sig-storage] In-tree Volumes [Driver: local] [LocalVolumeType: tmpfs] [Testpattern: Pre-provisioned PV (ext4)] volumes should store data" classname="Kubernetes e2e suite" status="skipped" time="0">
              <skipped message="skipped"></skipped>
          </testcase>
          <testcase name="[It] [sig-storage] In-tree Volumes [Driver: local] [LocalVolumeType: dir-link-bindmounted] [Testpattern: Pre-provisioned PV (block volmode)] volumeMode should not mount / map unused volumes in a pod [LinuxOnly]" classname="Kubernetes e2e suite" status="skipped" time="0">
              <skipped message="skipped"></skipped>
          </testcase>
          <testcase name="[It] [sig-storage] In-tree Volumes [Driver: local] [LocalVolumeType: dir] [Testpattern: Pre-provisioned PV (ext4)] volumes should store data" classname="Kubernetes e2e suite" status="skipped" time="0">
              <skipped message="skipped"></skipped>
          </testcase>
          <testcase name="[It] [sig-network] [Feature:IPv6DualStack] Granular Checks: Services Secondary IP Family [LinuxOnly] should function for pod-Service: http" classname="Kubernetes e2e suite" status="skipped" time="0">
              <skipped message="skipped"></skipped>
          </testcase>
          <testcase name="[It] [sig-storage] In-tree Volumes [Driver: local] [LocalVolumeType: tmpfs] [Testpattern: Dynamic PV (block volmode)] volume-stress multiple pods should access different volumes repeatedly [Slow] [Serial]" classname="Kubernetes e2e suite" status="skipped" time="0">
              <skipped message="skipped"></skipped>
          </testcase>
          <testcase name="[It] [sig-storage] In-tree Volumes [Driver: nfs] [Testpattern: Dynamic PV (default fs)] subPath should support readOnly directory specified in the volumeMount" classname="Kubernetes e2e suite" status="skipped" time="0">
              <skipped message="skipped"></skipped>
          </testcase>
          <testcase name="[It] [sig-storage] In-tree Volumes [Driver: emptydir] [Testpattern: Generic Ephemeral-volume (block volmode) (late-binding)] ephemeral should create read-only inline ephemeral volume" classname="Kubernetes e2e suite" status="skipped" time="0">
              <skipped message="skipped"></skipped>
          </testcase>
          <testcase name="[It] [sig-storage] In-tree Volumes [Driver: local] [LocalVolumeType: dir] [Testpattern: Dynamic PV (default fs)] subPath should support restarting containers using directory as subpath [Slow]" classname="Kubernetes e2e suite" status="skipped" time="0">
              <skipped message="skipped"></skipped>
          </testcase>
          <testcase name="[It] [sig-storage] In-tree Volumes [Driver: cinder] [Testpattern: Pre-provisioned PV (xfs)] [Slow] volumes should store data" classname="Kubernetes e2e suite" status="skipped" time="0">
              <skipped message="skipped"></skipped>
          </testcase>
          <testcase name="[It] [sig-api-machinery] Garbage collector should delete RS created by deployment when not orphaning [Conformance]" classname="Kubernetes e2e suite" status="passed" time="1.144115672"></testcase>
          <testcase name="[It] [sig-storage] In-tree Volumes [Driver: local] [LocalVolumeType: dir] [Testpattern: Dynamic PV (default fs)] subPath should support file as subpath [LinuxOnly]" classname="Kubernetes e2e suite" status="skipped" time="0">
              <skipped message="skipped"></skipped>
          </testcase>
          <testcase name="[It] [sig-storage] In-tree Volumes [Driver: local] [LocalVolumeType: dir] [Testpattern: Pre-provisioned PV (block volmode)] multiVolume [Slow] should access to two volumes with different volume mode and retain data across pod recreation on different node" classname="Kubernetes e2e suite" status="skipped" time="0">
              <skipped message="skipped"></skipped>
          </testcase>
          <testcase name="[It] [sig-storage] In-tree Volumes [Driver: local] [LocalVolumeType: blockfs] [Testpattern: Generic Ephemeral-volume (block volmode) (late-binding)] ephemeral should create read-only inline ephemeral volume" classname="Kubernetes e2e suite" status="skipped" time="0">
              <skipped message="skipped"></skipped>
          </testcase>
          <testcase name="[It] [sig-storage] In-tree Volumes [Driver: local] [LocalVolumeType: blockfs] [Testpattern: Generic Ephemeral-volume (default fs) (late-binding)] ephemeral should support expansion of pvcs created for ephemeral pvcs" classname="Kubernetes e2e suite" status="skipped" time="0">
              <skipped message="skipped"></skipped>
          </testcase>
          <testcase name="[It] [sig-storage] In-tree Volumes [Driver: local] [LocalVolumeType: dir-link-bindmounted] [Testpattern: Dynamic PV (xfs)] [Slow] multiVolume [Slow] should concurrently access the single volume from pods on different node" classname="Kubernetes e2e suite" status="skipped" time="0">
              <skipped message="skipped"></skipped>
          </testcase>
          <testcase name="[It] [sig-storage] In-tree Volumes [Driver: local] [LocalVolumeType: block] [Testpattern: Dynamic PV (ntfs)(allowExpansion)] [Feature:Windows] volume-expand should resize volume when PVC is edited while pod is using it" classname="Kubernetes e2e suite" status="skipped" time="0">
              <skipped message="skipped"></skipped>
          </testcase>
          <testcase name="[It] [sig-storage] In-tree Volumes [Driver: hostPath] [Testpattern: Inline-volume (default fs)] subPath should support file as subpath [LinuxOnly]" classname="Kubernetes e2e suite" status="skipped" time="0">
              <skipped message="skipped"></skipped>
          </testcase>
          <testcase name="[It] [sig-storage] In-tree Volumes [Driver: iscsi] [Feature:Volumes] [Testpattern: Dynamic PV (filesystem volmode)] disruptive [Disruptive] [LinuxOnly] Should test that pv written before kubelet restart is readable after restart." classname="Kubernetes e2e suite" status="skipped" time="0">
              <skipped message="skipped"></skipped>
          </testcase>
          <testcase name="[It] [sig-storage] In-tree Volumes [Driver: emptydir] [Testpattern: Dynamic PV (block volmode)(allowExpansion)] volume-expand should resize volume when PVC is edited while pod is using it" classname="Kubernetes e2e suite" status="skipped" time="0">
              <skipped message="skipped"></skipped>
          </testcase>
          <testcase name="[It] [sig-storage] In-tree Volumes [Driver: hostPath] [Testpattern: Dynamic PV (ext4)] multiVolume [Slow] should concurrently access the single volume from pods on the same node" classname="Kubernetes e2e suite" status="skipped" time="0">
              <skipped message="skipped"></skipped>
          </testcase>
          <testcase name="[It] [sig-storage] In-tree Volumes [Driver: cinder] [Testpattern: Pre-provisioned PV (default fs)] subPath should fail if subpath directory is outside the volume [Slow] [LinuxOnly]" classname="Kubernetes e2e suite" status="skipped" time="0">
              <skipped message="skipped"></skipped>
          </testcase>
          <testcase name="[It] [sig-node] kubelet kubectl get --raw &#34;/api/v1/nodes/&lt;insert-node-name-here&gt;/proxy/logs/?query=/&lt;insert-log-file-name-here&gt; [Feature:NodeLogQuery] should return the Microsoft-Windows-Security-SPP logs" classname="Kubernetes e2e suite" status="skipped" time="0">
              <skipped message="skipped"></skipped>
          </testcase>
          <testcase name="[It] [sig-storage] In-tree Volumes [Driver: nfs] [Testpattern: Inline-volume (ext3)] volumes should store data" classname="Kubernetes e2e suite" status="skipped" time="0">
              <skipped message="skipped"></skipped>
          </testcase>
          <testcase name="[It] [sig-storage] In-tree Volumes [Driver: local] [LocalVolumeType: dir-bindmounted] [Testpattern: Dynamic PV (ntfs)] [Feature:Windows] provisioning should provision storage with any volume data source [Serial]" classname="Kubernetes e2e suite" status="skipped" time="0">
              <skipped message="skipped"></skipped>
          </testcase>
          <testcase name="[It] [sig-network] Networking Granular Checks: Services should update nodePort: http [Slow]" classname="Kubernetes e2e suite" status="skipped" time="0">
              <skipped message="skipped"></skipped>
          </testcase>
          <testcase name="[It] [sig-storage] In-tree Volumes [Driver: vsphere] [Testpattern: Dynamic PV (block volmode)(allowExpansion)] volume-expand Verify if offline PVC expansion works" classname="Kubernetes e2e suite" status="skipped" time="0">
              <skipped message="skipped"></skipped>
          </testcase>
          <testcase name="[It] [sig-storage] In-tree Volumes [Driver: azure-file] [Testpattern: Dynamic PV (xfs)] [Slow] multiVolume [Slow] should concurrently access the single volume from pods on the same node" classname="Kubernetes e2e suite" status="skipped" time="0">
              <skipped message="skipped"></skipped>
          </testcase>
          <testcase name="[It] [sig-storage] PersistentVolumes NFS with Single PV - PVC pairs create a PV: test phase transition timestamp is set and phase is Available" classname="Kubernetes e2e suite" status="skipped" time="0">
              <skipped message="skipped"></skipped>
          </testcase>
          <testcase name="[It] [sig-storage] In-tree Volumes [Driver: hostPathSymlink] [Testpattern: Pre-provisioned PV (ntfs)] [Feature:Windows] volumes should store data" classname="Kubernetes e2e suite" status="skipped" time="0">
              <skipped message="skipped"></skipped>
          </testcase>
          <testcase name="[It] [sig-storage] In-tree Volumes [Driver: azure-file] [Testpattern: Pre-provisioned PV (default fs)] volumeIO should write files of various sizes, verify size, validate content [Slow]" classname="Kubernetes e2e suite" status="skipped" time="0">
              <skipped message="skipped"></skipped>
          </testcase>
          <testcase name="[It] [sig-storage] In-tree Volumes [Driver: hostPathSymlink] [Testpattern: Pre-provisioned PV (filesystem volmode)] disruptive [Disruptive] [LinuxOnly] Should test that pv used in a pod that is deleted while the kubelet is down is usable by a new pod with a different SELinux context when kubelet returns [Feature:SELinux]" classname="Kubernetes e2e suite" status="skipped" time="0">
              <skipped message="skipped"></skipped>
          </testcase>
          <testcase name="[It] [sig-storage] In-tree Volumes [Driver: local] [LocalVolumeType: dir-link] [Testpattern: Dynamic PV (filesystem volmode)] volumeLimits should verify that all csinodes have volume limits" classname="Kubernetes e2e suite" status="skipped" time="0">
              <skipped message="skipped"></skipped>
          </testcase>
          <testcase name="[It] [sig-storage] In-tree Volumes [Driver: local] [LocalVolumeType: dir] [Testpattern: Dynamic PV (default fs)] volumeIO should write files of various sizes, verify size, validate content [Slow]" classname="Kubernetes e2e suite" status="skipped" time="0">
              <skipped message="skipped"></skipped>
          </testcase>
          <testcase name="[It] [sig-storage] In-tree Volumes [Driver: azure-disk] [Testpattern: Dynamic PV (default fs)] subPath should support existing directories when readOnly specified in the volumeSource" classname="Kubernetes e2e suite" status="skipped" time="0">
              <skipped message="skipped"></skipped>
          </testcase>
          <testcase name="[It] [sig-storage] In-tree Volumes [Driver: hostPath] [Testpattern: Dynamic PV (xfs)] [Slow] multiVolume [Slow] should access to two volumes with the same volume mode and retain data across pod recreation on different node" classname="Kubernetes e2e suite" status="skipped" time="0">
              <skipped message="skipped"></skipped>
          </testcase>
          <testcase name="[It] [sig-storage] In-tree Volumes [Driver: azure-file] [Testpattern: Dynamic PV (ntfs)] [Feature:Windows] subPath should support non-existent path" classname="Kubernetes e2e suite" status="skipped" time="0">
              <skipped message="skipped"></skipped>
          </testcase>
          <testcase name="[It] [sig-storage] In-tree Volumes [Driver: local] [LocalVolumeType: dir-link] [Testpattern: Generic Ephemeral-volume (block volmode) (late-binding)] ephemeral should create read/write inline ephemeral volume" classname="Kubernetes e2e suite" status="skipped" time="0">
              <skipped message="skipped"></skipped>
          </testcase>
          <testcase name="[It] [sig-storage] CSI Volumes [Driver: pd.csi.storage.gke.io] [Serial] [Testpattern: Dynamic PV (block volmode)] provisioning should provision storage with any volume data source [Serial]" classname="Kubernetes e2e suite" status="skipped" time="0">
              <skipped message="skipped"></skipped>
          </testcase>
          <testcase name="[It] [sig-storage] In-tree Volumes [Driver: cinder] [Testpattern: Dynamic PV (default fs)] subPath should fail if subpath directory is outside the volume [Slow] [LinuxOnly]" classname="Kubernetes e2e suite" status="skipped" time="0">
              <skipped message="skipped"></skipped>
          </testcase>
          <testcase name="[It] [sig-storage] In-tree Volumes [Driver: azure-file] [Testpattern: Dynamic PV (ntfs)] [Feature:Windows] volumeIO should write files of various sizes, verify size, validate content [Slow]" classname="Kubernetes e2e suite" status="skipped" time="0">
              <skipped message="skipped"></skipped>
          </testcase>
          <testcase name="[It] [sig-storage] In-tree Volumes [Driver: local] [LocalVolumeType: dir] [Testpattern: Pre-provisioned PV (xfs)] [Slow] volumes should allow exec of files on the volume" classname="Kubernetes e2e suite" status="skipped" time="0">
              <skipped message="skipped"></skipped>
          </testcase>
          <testcase name="[It] [sig-windows] [Feature:WindowsHostProcessContainers] [MinimumKubeletVersion:1.22] HostProcess containers container command path validation" classname="Kubernetes e2e suite" status="skipped" time="0">
              <skipped message="skipped"></skipped>
          </testcase>
          <testcase name="[It] [sig-network] Networking Granular Checks: Pods should function for intra-pod communication: sctp [LinuxOnly] [Feature:SCTPConnectivity]" classname="Kubernetes e2e suite" status="skipped" time="0">
              <skipped message="skipped"></skipped>
          </testcase>
          <testcase name="[It] [sig-storage] In-tree Volumes [Driver: local] [LocalVolumeType: tmpfs] [Testpattern: Generic Ephemeral-volume (default fs) (immediate-binding)] ephemeral should support two pods which have the same volume definition" classname="Kubernetes e2e suite" status="skipped" time="0">
              <skipped message="skipped"></skipped>
          </testcase>
          <testcase name="[It] [sig-instrumentation] MetricsGrabber should grab all metrics from a Scheduler." classname="Kubernetes e2e suite" status="skipped" time="0">
              <skipped message="skipped"></skipped>
          </testcase>
          <testcase name="[It] [sig-storage] In-tree Volumes [Driver: local] [LocalVolumeType: dir] [Testpattern: Dynamic PV (ntfs)(allowExpansion)] [Feature:Windows] volume-expand should resize volume when PVC is edited while pod is using it" classname="Kubernetes e2e suite" status="skipped" time="0">
              <skipped message="skipped"></skipped>
          </testcase>
          <testcase name="[It] [sig-storage] CSI Volumes [Driver: pd.csi.storage.gke.io] [Serial] [Testpattern: Dynamic PV (ext4)] multiVolume [Slow] should access to two volumes with the same volume mode and retain data across pod recreation on the same node" classname="Kubernetes e2e suite" status="skipped" time="0">
              <skipped message="skipped"></skipped>
          </testcase>
          <testcase name="[It] [sig-storage] CSI Mock honor pv reclaim policy CSI honor pv reclaim policy using mock driver Dynamic provisioning should honor pv delete reclaim policy when deleting pv then pvc" classname="Kubernetes e2e suite" status="skipped" time="0">
              <skipped message="skipped"></skipped>
          </testcase>
          <testcase name="[It] [sig-storage] In-tree Volumes [Driver: local] [LocalVolumeType: dir-link] [Testpattern: Inline-volume (default fs)] subPath should support existing single file [LinuxOnly]" classname="Kubernetes e2e suite" status="skipped" time="0">
              <skipped message="skipped"></skipped>
          </testcase>
          <testcase name="[It] [sig-storage] In-tree Volumes [Driver: azure-file] [Testpattern: Inline-volume (default fs)] volumes should store data" classname="Kubernetes e2e suite" status="skipped" time="0">
              <skipped message="skipped"></skipped>
          </testcase>
          <testcase name="[It] [sig-network] Netpol NetworkPolicy between server and client should enforce policy to allow traffic only from a different namespace, based on NamespaceSelector [Feature:NetworkPolicy]" classname="Kubernetes e2e suite" status="skipped" time="0">
              <skipped message="skipped"></skipped>
          </testcase>
          <testcase name="[It] [sig-storage] In-tree Volumes [Driver: azure-disk] [Testpattern: Dynamic PV (default fs)] subPath should unmount if pod is gracefully deleted while kubelet is down [Disruptive] [Slow] [LinuxOnly]" classname="Kubernetes e2e suite" status="skipped" time="0">
              <skipped message="skipped"></skipped>
          </testcase>
          <testcase name="[It] [sig-storage] In-tree Volumes [Driver: local] [LocalVolumeType: dir-link] [Testpattern: Inline-volume (ext3)] volumes should allow exec of files on the volume" classname="Kubernetes e2e suite" status="skipped" time="0">
              <skipped message="skipped"></skipped>
          </testcase>
          <testcase name="[It] [sig-storage] In-tree Volumes [Driver: emptydir] [Testpattern: Pre-provisioned PV (filesystem volmode)] multiVolume [Slow] should concurrently access the volume and its clone from pods on the same node [LinuxOnly] [Feature:VolumeSourceXFS]" classname="Kubernetes e2e suite" status="skipped" time="0">
              <skipped message="skipped"></skipped>
          </testcase>
          <testcase name="[It] [sig-windows] [Feature:Windows] DNS should support configurable pod DNS servers" classname="Kubernetes e2e suite" status="skipped" time="0">
              <skipped message="skipped"></skipped>
          </testcase>
          <testcase name="[It] [sig-storage] In-tree Volumes [Driver: nfs] [Testpattern: Dynamic PV (block volmode)] multiVolume [Slow] should concurrently access the single volume from pods on different node" classname="Kubernetes e2e suite" status="skipped" time="0">
              <skipped message="skipped"></skipped>
          </testcase>
          <testcase name="[It] [sig-storage] In-tree Volumes [Driver: local] [LocalVolumeType: dir-bindmounted] [Testpattern: Dynamic PV (block volmode)] multiVolume [Slow] should access to two volumes with the same volume mode and retain data across pod recreation on the same node" classname="Kubernetes e2e suite" status="skipped" time="0">
              <skipped message="skipped"></skipped>
          </testcase>
          <testcase name="[It] [sig-storage] In-tree Volumes [Driver: vsphere] [Testpattern: Pre-provisioned PV (default fs)] subPath should support readOnly directory specified in the volumeMount" classname="Kubernetes e2e suite" status="skipped" time="0">
              <skipped message="skipped"></skipped>
          </testcase>
          <testcase name="[It] [sig-storage] In-tree Volumes [Driver: azure-disk] [Testpattern: Dynamic PV (ntfs)] [Feature:Windows] subPath should fail if non-existent subpath is outside the volume [Slow] [LinuxOnly]" classname="Kubernetes e2e suite" status="skipped" time="0">
              <skipped message="skipped"></skipped>
          </testcase>
          <testcase name="[It] [sig-storage] CSI Volumes [Driver: csi-hostpath] [Testpattern: Pre-provisioned PV (xfs)] [Slow] volumes should store data" classname="Kubernetes e2e suite" status="skipped" time="0">
              <skipped message="skipped"></skipped>
          </testcase>
          <testcase name="[It] [sig-api-machinery] CBOR [Feature:CBOR] clients remain compatible with the 1.17 sample-apiserver [Serial]" classname="Kubernetes e2e suite" status="skipped" time="0">
              <skipped message="skipped"></skipped>
          </testcase>
          <testcase name="[It] [sig-storage] In-tree Volumes [Driver: local] [LocalVolumeType: dir-link] [Testpattern: Dynamic PV (default fs)] capacity provides storage capacity information" classname="Kubernetes e2e suite" status="skipped" time="0">
              <skipped message="skipped"></skipped>
          </testcase>
          <testcase name="[It] [sig-storage] In-tree Volumes [Driver: azure-disk] [Testpattern: Dynamic PV (ntfs)] [Feature:Windows] provisioning should mount multiple PV pointing to the same storage on the same node" classname="Kubernetes e2e suite" status="skipped" time="0">
              <skipped message="skipped"></skipped>
          </testcase>
          <testcase name="[It] [sig-storage] In-tree Volumes [Driver: local] [LocalVolumeType: block] [Testpattern: Dynamic PV (immediate binding)] topology should provision a volume and schedule a pod with AllowedTopologies" classname="Kubernetes e2e suite" status="skipped" time="0">
              <skipped message="skipped"></skipped>
          </testcase>
          <testcase name="[It] [sig-storage] In-tree Volumes [Driver: vsphere] [Testpattern: Inline-volume (default fs)] subPath should verify container cannot write to subpath readonly volumes [Slow]" classname="Kubernetes e2e suite" status="skipped" time="0">
              <skipped message="skipped"></skipped>
          </testcase>
          <testcase name="[It] [sig-apps] CronJob should not schedule new jobs when ForbidConcurrent [Slow] [Conformance]" classname="Kubernetes e2e suite" status="passed" time="26.049850849"></testcase>
          <testcase name="[It] [sig-storage] In-tree Volumes [Driver: hostPath] [Testpattern: Generic Ephemeral-volume (default fs) (immediate-binding)] ephemeral should support expansion of pvcs created for ephemeral pvcs" classname="Kubernetes e2e suite" status="skipped" time="0">
              <skipped message="skipped"></skipped>
          </testcase>
          <testcase name="[It] [sig-storage] In-tree Volumes [Driver: local] [LocalVolumeType: block] [Testpattern: Dynamic PV (filesystem volmode)] disruptive [Disruptive] [LinuxOnly] Should test that pv used in a pod that is force deleted while the kubelet is down is usable by a new pod when kubelet returns [Feature:SELinux]" classname="Kubernetes e2e suite" status="skipped" time="0">
              <skipped message="skipped"></skipped>
          </testcase>
          <testcase name="[It] [sig-storage] In-tree Volumes [Driver: local] [LocalVolumeType: dir] [Testpattern: Dynamic PV (filesystem volmode)] disruptive [Disruptive] [LinuxOnly] Should test that pv used in a pod that is force deleted while the kubelet is down is usable by a new pod with a different SELinux context when kubelet returns [Feature:SELinux]" classname="Kubernetes e2e suite" status="skipped" time="0">
              <skipped message="skipped"></skipped>
          </testcase>
          <testcase name="[It] [sig-apps] Job with successPolicy succeededCount rule should succeeded even when some indexes remain pending [Conformance]" classname="Kubernetes e2e suite" status="passed" time="4.049935658"></testcase>
          <testcase name="[It] [sig-storage] In-tree Volumes [Driver: local] [LocalVolumeType: dir-bindmounted] [Testpattern: Dynamic PV (default fs)] volumes should allow exec of files on the volume" classname="Kubernetes e2e suite" status="skipped" time="0">
              <skipped message="skipped"></skipped>
          </testcase>
          <testcase name="[It] [sig-storage] In-tree Volumes [Driver: local] [LocalVolumeType: tmpfs] [Testpattern: Dynamic PV (xfs)] [Slow] multiVolume [Slow] should concurrently access the single volume from pods on the same node" classname="Kubernetes e2e suite" status="skipped" time="0">
              <skipped message="skipped"></skipped>
          </testcase>
          <testcase name="[It] [sig-apps] StatefulSet Deploy clustered applications [Feature:StatefulSet] [Slow] should creating a working CockroachDB cluster" classname="Kubernetes e2e suite" status="skipped" time="0">
              <skipped message="skipped"></skipped>
          </testcase>
          <testcase name="[It] [sig-storage] In-tree Volumes [Driver: local] [LocalVolumeType: blockfs] [Testpattern: Pre-provisioned PV (block volmode)] multiVolume [Slow] should access to two volumes with different volume mode and retain data across pod recreation on the same node" classname="Kubernetes e2e suite" status="skipped" time="0">
              <skipped message="skipped"></skipped>
          </testcase>
          <testcase name="[It] [sig-storage] CSI Mock selinux on mount metrics and SELinuxWarningController SELinuxMount metrics [LinuxOnly] [Feature:SELinux] [Serial] error is bumped on two Pods with MountOption policy and a different context on RWOP volume [FeatureGate:SELinuxMountReadWriteOncePod] [Beta] [FeatureGate:SELinuxChangePolicy] [Beta] [FeatureGate:SELinuxMount] [Beta] [Feature:OffByDefault]" classname="Kubernetes e2e suite" status="skipped" time="0">
              <skipped message="skipped"></skipped>
          </testcase>
          <testcase name="[It] [sig-node] Pods Extended Pod Container lifecycle evicted pods should be terminal" classname="Kubernetes e2e suite" status="skipped" time="0">
              <skipped message="skipped"></skipped>
          </testcase>
          <testcase name="[It] [sig-api-machinery] ResourceQuota [Feature:PodPriority] should verify ResourceQuota&#39;s priority class scope (quota set to pod count: 1) against a pod with different priority class (ScopeSelectorOpNotIn)." classname="Kubernetes e2e suite" status="skipped" time="0">
              <skipped message="skipped"></skipped>
          </testcase>
          <testcase name="[It] [sig-storage] In-tree Volumes [Driver: azure-file] [Testpattern: Dynamic PV (filesystem volmode)] multiVolume [Slow] should access to two volumes with the same volume mode and retain data across pod recreation on different node" classname="Kubernetes e2e suite" status="skipped" time="0">
              <skipped message="skipped"></skipped>
          </testcase>
          <testcase name="[It] [sig-storage] In-tree Volumes [Driver: local] [LocalVolumeType: dir-bindmounted] [Testpattern: Dynamic PV (block volmode)] provisioning should mount multiple PV pointing to the same storage on the same node" classname="Kubernetes e2e suite" status="skipped" time="0">
              <skipped message="skipped"></skipped>
          </testcase>
          <testcase name="[It] [sig-storage] In-tree Volumes [Driver: cinder] [Testpattern: Pre-provisioned PV (ntfs)] [Feature:Windows] volumes should allow exec of files on the volume" classname="Kubernetes e2e suite" status="skipped" time="0">
              <skipped message="skipped"></skipped>
          </testcase>
          <testcase name="[It] [sig-storage] In-tree Volumes [Driver: cinder] [Testpattern: Pre-provisioned PV (default fs)] subPath should be able to unmount after the subpath directory is deleted [LinuxOnly]" classname="Kubernetes e2e suite" status="skipped" time="0">
              <skipped message="skipped"></skipped>
          </testcase>
          <testcase name="[It] [sig-node] DRA [Feature:DynamicResourceAllocation] [FeatureGate:DynamicResourceAllocation] [Beta] [Feature:OffByDefault] with device taints [Feature:DRADeviceTaints] [FeatureGate:DRADeviceTaints] [Alpha] [Feature:OffByDefault] DeviceTaintRule evicts pod" classname="Kubernetes e2e suite" status="skipped" time="0">
              <skipped message="skipped"></skipped>
          </testcase>
          <testcase name="[It] [sig-storage] CSI Volumes [Driver: pd.csi.storage.gke.io] [Serial] [Testpattern: Dynamic PV (xfs)] [Slow] multiVolume [Slow] should concurrently access the single volume from pods on the same node" classname="Kubernetes e2e suite" status="skipped" time="0">
              <skipped message="skipped"></skipped>
          </testcase>
          <testcase name="[It] [sig-storage] CSI Volumes [Driver: pd.csi.storage.gke.io] [Serial] [Testpattern: Dynamic PV (default fs)] fsgroupchangepolicy (OnRootMismatch)[LinuxOnly], pod created with an initial fsgroup, volume contents ownership changed via chgrp in first pod, new pod with different fsgroup applied to the volume contents" classname="Kubernetes e2e suite" status="skipped" time="0">
              <skipped message="skipped"></skipped>
          </testcase>
          <testcase name="[It] [sig-storage] PersistentVolumes-local [Volume type: dir] Set fsGroup for local volume should set different fsGroup for second pod if first pod is deleted [Flaky]" classname="Kubernetes e2e suite" status="skipped" time="0">
              <skipped message="skipped"></skipped>
          </testcase>
          <testcase name="[It] [sig-storage] In-tree Volumes [Driver: cinder] [Testpattern: Dynamic PV (block volmode)] multiVolume [Slow] should concurrently access the single volume from pods on the same node" classname="Kubernetes e2e suite" status="skipped" time="0">
              <skipped message="skipped"></skipped>
          </testcase>
          <testcase name="[It] [sig-storage] CSI Volumes [Driver: pd.csi.storage.gke.io] [Serial] [Testpattern: Ephemeral Snapshot (delete policy)] snapshottable [Feature:VolumeSnapshotDataSource] volume snapshot controller  should check snapshot fields, check restore correctly works, check deletion (ephemeral)" classname="Kubernetes e2e suite" status="skipped" time="0">
              <skipped message="skipped"></skipped>
          </testcase>
          <testcase name="[It] [sig-storage] In-tree Volumes [Driver: local] [LocalVolumeType: dir-link] [Testpattern: Dynamic PV (default fs)] fsgroupchangepolicy (Always)[LinuxOnly], pod created with an initial fsgroup, new pod fsgroup applied to volume contents" classname="Kubernetes e2e suite" status="skipped" time="0">
              <skipped message="skipped"></skipped>
          </testcase>
          <testcase name="[It] [sig-storage] In-tree Volumes [Driver: iscsi] [Feature:Volumes] [Testpattern: Dynamic PV (ntfs)] [Feature:Windows] subPath should support restarting containers using directory as subpath [Slow]" classname="Kubernetes e2e suite" status="skipped" time="0">
              <skipped message="skipped"></skipped>
          </testcase>
          <testcase name="[It] [sig-storage] In-tree Volumes [Driver: local] [LocalVolumeType: block] [Testpattern: Dynamic PV (default fs)] subPath should support existing single file [LinuxOnly]" classname="Kubernetes e2e suite" status="skipped" time="0">
              <skipped message="skipped"></skipped>
          </testcase>
          <testcase name="[It] [sig-storage] PersistentVolumes-local [Volume type: tmpfs] Two pods mounting a local volume one after the other should be able to write from pod1 and read from pod2" classname="Kubernetes e2e suite" status="skipped" time="0">
              <skipped message="skipped"></skipped>
          </testcase>
          <testcase name="[It] [sig-storage] In-tree Volumes [Driver: local] [LocalVolumeType: blockfs] [Testpattern: Pre-provisioned PV (ntfs)] [Feature:Windows] volumes should store data" classname="Kubernetes e2e suite" status="skipped" time="0">
              <skipped message="skipped"></skipped>
          </testcase>
          <testcase name="[It] [sig-storage] CSI Volumes [Driver: csi-hostpath] [Testpattern: Inline-volume (ext4)] volumes should allow exec of files on the volume" classname="Kubernetes e2e suite" status="skipped" time="0">
              <skipped message="skipped"></skipped>
          </testcase>
          <testcase name="[It] [sig-storage] In-tree Volumes [Driver: local] [LocalVolumeType: dir-link] [Testpattern: Pre-provisioned PV (block volmode)] volumes should store data" classname="Kubernetes e2e suite" status="skipped" time="0">
              <skipped message="skipped"></skipped>
          </testcase>
          <testcase name="[It] [sig-storage] CSI Volumes [Driver: pd.csi.storage.gke.io] [Serial] [Testpattern: Dynamic PV (ext4)] multiVolume [Slow] should access to two volumes with different volume mode and retain data across pod recreation on the same node" classname="Kubernetes e2e suite" status="skipped" time="0">
              <skipped message="skipped"></skipped>
          </testcase>
          <testcase name="[It] [sig-storage] In-tree Volumes [Driver: nfs] [Testpattern: Dynamic PV (default fs)] fsgroupchangepolicy (Always)[LinuxOnly], pod created with an initial fsgroup, volume contents ownership changed via chgrp in first pod, new pod with different fsgroup applied to the volume contents" classname="Kubernetes e2e suite" status="skipped" time="0">
              <skipped message="skipped"></skipped>
          </testcase>
          <testcase name="[It] [sig-storage] In-tree Volumes [Driver: local] [LocalVolumeType: dir-link] [Testpattern: Dynamic PV (ntfs)] [Feature:Windows] subPath should support readOnly file specified in the volumeMount [LinuxOnly]" classname="Kubernetes e2e suite" status="skipped" time="0">
              <skipped message="skipped"></skipped>
          </testcase>
          <testcase name="[It] [sig-storage] [Serial] Volume metrics PVController should create unbound pvc count metrics for pvc controller after creating pvc only" classname="Kubernetes e2e suite" status="skipped" time="0">
              <skipped message="skipped"></skipped>
          </testcase>
          <testcase name="[It] [sig-network] Services should fallback to local terminating endpoints when there are no ready endpoints with externalTrafficPolicy=Local" classname="Kubernetes e2e suite" status="skipped" time="0">
              <skipped message="skipped"></skipped>
          </testcase>
          <testcase name="[It] [sig-storage] In-tree Volumes [Driver: vsphere] [Testpattern: Pre-provisioned PV (default fs)] subPath should support existing directory" classname="Kubernetes e2e suite" status="skipped" time="0">
              <skipped message="skipped"></skipped>
          </testcase>
          <testcase name="[It] [sig-storage] In-tree Volumes [Driver: hostPath] [Testpattern: Dynamic PV (default fs)] provisioning should provision storage with pvc data source (ROX mode)" classname="Kubernetes e2e suite" status="skipped" time="0">
              <skipped message="skipped"></skipped>
          </testcase>
          <testcase name="[It] [sig-storage] In-tree Volumes [Driver: local] [LocalVolumeType: dir-bindmounted] [Testpattern: Pre-provisioned PV (block volmode)] multiVolume [Slow] should concurrently access the single volume from pods on different node" classname="Kubernetes e2e suite" status="skipped" time="0">
              <skipped message="skipped"></skipped>
          </testcase>
          <testcase name="[It] [sig-storage] In-tree Volumes [Driver: vsphere] [Testpattern: Pre-provisioned PV (filesystem volmode)] multiVolume [Slow] should concurrently access the single volume from pods on the same node" classname="Kubernetes e2e suite" status="skipped" time="0">
              <skipped message="skipped"></skipped>
          </testcase>
          <testcase name="[It] [sig-network] Networking Granular Checks: Services should function for endpoint-Service: udp" classname="Kubernetes e2e suite" status="skipped" time="0">
              <skipped message="skipped"></skipped>
          </testcase>
          <testcase name="[It] [sig-storage] In-tree Volumes [Driver: cinder] [Testpattern: Dynamic PV (ntfs)] [Feature:Windows] subPath should support existing single file [LinuxOnly]" classname="Kubernetes e2e suite" status="skipped" time="0">
              <skipped message="skipped"></skipped>
          </testcase>
          <testcase name="[It] [sig-storage] In-tree Volumes [Driver: iscsi] [Feature:Volumes] [Testpattern: Pre-provisioned PV (default fs)] volumes should store data" classname="Kubernetes e2e suite" status="skipped" time="0">
              <skipped message="skipped"></skipped>
          </testcase>
          <testcase name="[It] [sig-storage] In-tree Volumes [Driver: nfs] [Testpattern: Dynamic PV (ext4)] multiVolume [Slow] should access to two volumes with the same volume mode and retain data across pod recreation on the same node" classname="Kubernetes e2e suite" status="skipped" time="0">
              <skipped message="skipped"></skipped>
          </testcase>
          <testcase name="[It] [sig-storage] In-tree Volumes [Driver: azure-disk] [Testpattern: Dynamic PV (default fs)] provisioning should provision storage with mount options" classname="Kubernetes e2e suite" status="skipped" time="0">
              <skipped message="skipped"></skipped>
          </testcase>
          <testcase name="[It] [sig-node] Downward API should provide host IP as an env var [NodeConformance] [Conformance]" classname="Kubernetes e2e suite" status="passed" time="4.073704889"></testcase>
          <testcase name="[It] [sig-network] Netpol NetworkPolicy between server and client should work with Ingress, Egress specified together [Feature:NetworkPolicy]" classname="Kubernetes e2e suite" status="skipped" time="0">
              <skipped message="skipped"></skipped>
          </testcase>
          <testcase name="[It] [sig-storage] In-tree Volumes [Driver: local] [LocalVolumeType: blockfs] [Testpattern: Dynamic PV (default fs)] fsgroupchangepolicy (Always)[LinuxOnly], pod created with an initial fsgroup, volume contents ownership changed via chgrp in first pod, new pod with same fsgroup applied to the volume contents" classname="Kubernetes e2e suite" status="skipped" time="0">
              <skipped message="skipped"></skipped>
          </testcase>
          <testcase name="[It] [sig-network] Services should be able to change the type from NodePort to ExternalName [Conformance]" classname="Kubernetes e2e suite" status="passed" time="4.308486507"></testcase>
          <testcase name="[It] [sig-network] LoadBalancers ExternalTrafficPolicy: Local [Feature:LoadBalancer] [Slow] should target all nodes with endpoints" classname="Kubernetes e2e suite" status="skipped" time="0">
              <skipped message="skipped"></skipped>
          </testcase>
          <testcase name="[It] [sig-storage] In-tree Volumes [Driver: hostPath] [Testpattern: Dynamic PV (ntfs)] [Feature:Windows] subPath should support creating multiple subpath from same volumes [Slow]" classname="Kubernetes e2e suite" status="skipped" time="0">
              <skipped message="skipped"></skipped>
          </testcase>
          <testcase name="[It] [sig-apps] ReplicaSet Replicaset should have a working scale subresource [Conformance]" classname="Kubernetes e2e suite" status="passed" time="5.070269954"></testcase>
          <testcase name="[It] [sig-storage] In-tree Volumes [Driver: local] [LocalVolumeType: dir] [Testpattern: Pre-provisioned PV (default fs)] subPath should fail if subpath with backstepping is outside the volume [Slow] [LinuxOnly]" classname="Kubernetes e2e suite" status="skipped" time="0">
              <skipped message="skipped"></skipped>
          </testcase>
          <testcase name="[It] [sig-storage] In-tree Volumes [Driver: local] [LocalVolumeType: dir-link-bindmounted] [Testpattern: Dynamic PV (ntfs)] [Feature:Windows] multiVolume [Slow] should access to two volumes with different volume mode and retain data across pod recreation on the same node" classname="Kubernetes e2e suite" status="skipped" time="0">
              <skipped message="skipped"></skipped>
          </testcase>
          <testcase name="[It] [sig-storage] In-tree Volumes [Driver: local] [LocalVolumeType: tmpfs] [Testpattern: Pre-provisioned PV (ntfs)] [Feature:Windows] volumes should store data" classname="Kubernetes e2e suite" status="skipped" time="0">
              <skipped message="skipped"></skipped>
          </testcase>
          <testcase name="[It] [sig-storage] In-tree Volumes [Driver: local] [LocalVolumeType: dir-link] [Testpattern: Generic Ephemeral-volume (default fs) (immediate-binding)] ephemeral should create read-only inline ephemeral volume" classname="Kubernetes e2e suite" status="skipped" time="0">
              <skipped message="skipped"></skipped>
          </testcase>
          <testcase name="[It] [sig-storage] In-tree Volumes [Driver: vsphere] [Testpattern: Pre-provisioned PV (block volmode)] multiVolume [Slow] should access to two volumes with the same volume mode and retain data across pod recreation on different node" classname="Kubernetes e2e suite" status="skipped" time="0">
              <skipped message="skipped"></skipped>
          </testcase>
          <testcase name="[It] [sig-storage] In-tree Volumes [Driver: hostPath] [Testpattern: Dynamic PV (filesystem volmode)] disruptive [Disruptive] [LinuxOnly] Should test that pv used in a pod that is force deleted while the kubelet is down is usable by a new pod with a different SELinux context when kubelet returns [Feature:SELinux]" classname="Kubernetes e2e suite" status="skipped" time="0">
              <skipped message="skipped"></skipped>
          </testcase>
          <testcase name="[It] [sig-storage] In-tree Volumes [Driver: iscsi] [Feature:Volumes] [Testpattern: Dynamic PV (xfs)] [Slow] multiVolume [Slow] should access to two volumes with the same volume mode and retain data across pod recreation on the same node" classname="Kubernetes e2e suite" status="skipped" time="0">
              <skipped message="skipped"></skipped>
          </testcase>
          <testcase name="[It] [sig-windows] [Feature:Windows] GMSA Full [Serial] [Slow] GMSA support works end to end" classname="Kubernetes e2e suite" status="skipped" time="0">
              <skipped message="skipped"></skipped>
          </testcase>
          <testcase name="[It] [sig-cloud-provider-gcp] HA-master [Feature:HAMaster] survive addition/removal replicas different zones [Serial] [Disruptive]" classname="Kubernetes e2e suite" status="skipped" time="0">
              <skipped message="skipped"></skipped>
          </testcase>
          <testcase name="[It] [sig-network] Networking Granular Checks: Services should support basic nodePort: udp functionality" classname="Kubernetes e2e suite" status="skipped" time="0">
              <skipped message="skipped"></skipped>
          </testcase>
          <testcase name="[It] [sig-network] NoSNAT Should be able to send traffic between Pods without SNAT" classname="Kubernetes e2e suite" status="skipped" time="0">
              <skipped message="skipped"></skipped>
          </testcase>
          <testcase name="[It] [sig-node] Container Runtime blackbox test when running a container with a new image should be able to pull image [NodeConformance]" classname="Kubernetes e2e suite" status="skipped" time="0">
              <skipped message="skipped"></skipped>
          </testcase>
          <testcase name="[It] [sig-storage] In-tree Volumes [Driver: local] [LocalVolumeType: dir] [Testpattern: Dynamic PV (ntfs)] [Feature:Windows] subPath should support existing directory" classname="Kubernetes e2e suite" status="skipped" time="0">
              <skipped message="skipped"></skipped>
          </testcase>
          <testcase name="[It] [sig-storage] In-tree Volumes [Driver: iscsi] [Feature:Volumes] [Testpattern: Inline-volume (default fs)] subPath should support existing single file [LinuxOnly]" classname="Kubernetes e2e suite" status="skipped" time="0">
              <skipped message="skipped"></skipped>
          </testcase>
          <testcase name="[It] [sig-storage] In-tree Volumes [Driver: azure-disk] [Testpattern: Dynamic PV (filesystem volmode)] multiVolume [Slow] should access to two volumes with the same volume mode and retain data across pod recreation on different node" classname="Kubernetes e2e suite" status="skipped" time="0">
              <skipped message="skipped"></skipped>
          </testcase>
          <testcase name="[It] [sig-storage] In-tree Volumes [Driver: local] [LocalVolumeType: dir] [Testpattern: Dynamic PV (ntfs)] [Feature:Windows] subPath should fail if non-existent subpath is outside the volume [Slow] [LinuxOnly]" classname="Kubernetes e2e suite" status="skipped" time="0">
              <skipped message="skipped"></skipped>
          </testcase>
          <testcase name="[It] [sig-storage] CSI Volumes [Driver: csi-hostpath] [Testpattern: Dynamic PV (ntfs)] [Feature:Windows] volume-expand should not allow expansion of pvcs without AllowVolumeExpansion property" classname="Kubernetes e2e suite" status="skipped" time="0">
              <skipped message="skipped"></skipped>
          </testcase>
          <testcase name="[It] [sig-storage] In-tree Volumes [Driver: local] [LocalVolumeType: blockfs] [Testpattern: Dynamic PV (default fs)] provisioning should provision correct filesystem size when restoring snapshot to larger size pvc [Feature:VolumeSnapshotDataSource]" classname="Kubernetes e2e suite" status="skipped" time="0">
              <skipped message="skipped"></skipped>
          </testcase>
          <testcase name="[It] [sig-network] [Feature:IPv6DualStack] Granular Checks: Services Secondary IP Family [LinuxOnly] should be able to handle large requests: http" classname="Kubernetes e2e suite" status="skipped" time="0">
              <skipped message="skipped"></skipped>
          </testcase>
          <testcase name="[It] [sig-storage] In-tree Volumes [Driver: nfs] [Testpattern: Pre-provisioned PV (default fs)] subPath should fail if subpath file is outside the volume [Slow] [LinuxOnly]" classname="Kubernetes e2e suite" status="skipped" time="0">
              <skipped message="skipped"></skipped>
          </testcase>
          <testcase name="[It] [sig-storage] In-tree Volumes [Driver: nfs] [Testpattern: Pre-provisioned PV (ext3)] volumes should allow exec of files on the volume" classname="Kubernetes e2e suite" status="skipped" time="0">
              <skipped message="skipped"></skipped>
          </testcase>
          <testcase name="[It] [sig-storage] In-tree Volumes [Driver: local] [LocalVolumeType: gce-localssd-scsi-fs] [Serial] [Testpattern: Dynamic PV (block volmode)] volumes should store data" classname="Kubernetes e2e suite" status="skipped" time="0">
              <skipped message="skipped"></skipped>
          </testcase>
          <testcase name="[It] [sig-storage] CSI Volumes [Driver: pd.csi.storage.gke.io] [Serial] [Testpattern: Pre-provisioned PV (filesystem volmode)] multiVolume [Slow] should access to two volumes with the same volume mode and retain data across pod recreation on the same node" classname="Kubernetes e2e suite" status="skipped" time="0">
              <skipped message="skipped"></skipped>
          </testcase>
          <testcase name="[It] [sig-storage] Subpath Container restart should verify that container can restart successfully after configmaps modified" classname="Kubernetes e2e suite" status="skipped" time="0">
              <skipped message="skipped"></skipped>
          </testcase>
          <testcase name="[It] [sig-node] Variable Expansion should allow substituting values in a container&#39;s args [NodeConformance] [Conformance]" classname="Kubernetes e2e suite" status="passed" time="4.067803211"></testcase>
          <testcase name="[It] [sig-storage] In-tree Volumes [Driver: nfs] [Testpattern: Inline-volume (default fs)] subPath should support existing single file [LinuxOnly]" classname="Kubernetes e2e suite" status="skipped" time="0">
              <skipped message="skipped"></skipped>
          </testcase>
          <testcase name="[It] [sig-windows] [Feature:Windows] Memory Limits [Serial] [Slow] Allocatable node memory should be equal to a calculated allocatable memory value" classname="Kubernetes e2e suite" status="skipped" time="0">
              <skipped message="skipped"></skipped>
          </testcase>
          <testcase name="[It] [sig-storage] In-tree Volumes [Driver: emptydir] [Testpattern: Generic Ephemeral-volume (default fs) (immediate-binding)] ephemeral should support two pods which have the same volume definition" classname="Kubernetes e2e suite" status="skipped" time="0">
              <skipped message="skipped"></skipped>
          </testcase>
          <testcase name="[It] [sig-apps] Daemon set [Serial] should surge pods onto nodes when spec was updated and update strategy is RollingUpdate" classname="Kubernetes e2e suite" status="skipped" time="0">
              <skipped message="skipped"></skipped>
          </testcase>
          <testcase name="[It] [sig-storage] In-tree Volumes [Driver: nfs] [Testpattern: Pre-provisioned PV (filesystem volmode)] multiVolume [Slow] should concurrently access the single volume from pods on different node" classname="Kubernetes e2e suite" status="skipped" time="0">
              <skipped message="skipped"></skipped>
          </testcase>
          <testcase name="[It] [sig-node] Probing container should be restarted by liveness probe after startup probe enables it" classname="Kubernetes e2e suite" status="skipped" time="0">
              <skipped message="skipped"></skipped>
          </testcase>
          <testcase name="[It] [sig-storage] In-tree Volumes [Driver: local] [LocalVolumeType: dir-link-bindmounted] [Testpattern: Pre-provisioned PV (filesystem volmode)] multiVolume [Slow] should access to two volumes with different volume mode and retain data across pod recreation on the same node" classname="Kubernetes e2e suite" status="skipped" time="0">
              <skipped message="skipped"></skipped>
          </testcase>
          <testcase name="[It] [sig-storage] In-tree Volumes [Driver: azure-disk] [Testpattern: Dynamic PV (default fs)] subPath should support file as subpath [LinuxOnly]" classname="Kubernetes e2e suite" status="skipped" time="0">
              <skipped message="skipped"></skipped>
          </testcase>
          <testcase name="[It] [sig-storage] In-tree Volumes [Driver: emptydir] [Testpattern: Dynamic PV (default fs)] provisioning should provision storage with snapshot data source (ROX mode) [Feature:VolumeSnapshotDataSource]" classname="Kubernetes e2e suite" status="skipped" time="0">
              <skipped message="skipped"></skipped>
          </testcase>
          <testcase name="[It] [sig-storage] In-tree Volumes [Driver: nfs] [Testpattern: Dynamic PV (default fs)] provisioning should provision storage with pvc data source" classname="Kubernetes e2e suite" status="skipped" time="0">
              <skipped message="skipped"></skipped>
          </testcase>
          <testcase name="[It] [sig-network] Networking Granular Checks: Services should function for client IP based session affinity: udp [LinuxOnly]" classname="Kubernetes e2e suite" status="skipped" time="0">
              <skipped message="skipped"></skipped>
          </testcase>
          <testcase name="[It] [sig-storage] In-tree Volumes [Driver: local] [LocalVolumeType: dir-bindmounted] [Testpattern: Inline-volume (default fs)] subPath should verify container cannot write to subpath readonly volumes [Slow]" classname="Kubernetes e2e suite" status="skipped" time="0">
              <skipped message="skipped"></skipped>
          </testcase>
          <testcase name="[It] [sig-storage] In-tree Volumes [Driver: local] [LocalVolumeType: dir] [Testpattern: Inline-volume (default fs)] subPath should support readOnly file specified in the volumeMount [LinuxOnly]" classname="Kubernetes e2e suite" status="skipped" time="0">
              <skipped message="skipped"></skipped>
          </testcase>
          <testcase name="[It] [sig-storage] In-tree Volumes [Driver: azure-file] [Testpattern: Dynamic PV (default fs)] subPath should support existing directory" classname="Kubernetes e2e suite" status="skipped" time="0">
              <skipped message="skipped"></skipped>
          </testcase>
          <testcase name="[It] [sig-apps] Job should run a job to completion with CPU requests [Serial]" classname="Kubernetes e2e suite" status="skipped" time="0">
              <skipped message="skipped"></skipped>
          </testcase>
          <testcase name="[It] [sig-api-machinery] Servers with support for API chunking should return chunks of results for list calls [Conformance]" classname="Kubernetes e2e suite" status="passed" time="21.455439115"></testcase>
          <testcase name="[It] [sig-storage] In-tree Volumes [Driver: cinder] [Testpattern: Pre-provisioned PV (filesystem volmode)] disruptive [Disruptive] [LinuxOnly] Should test that pv written before kubelet restart is readable after restart." classname="Kubernetes e2e suite" status="skipped" time="0">
              <skipped message="skipped"></skipped>
          </testcase>
          <testcase name="[It] [sig-storage] In-tree Volumes [Driver: local] [LocalVolumeType: gce-localssd-scsi-fs] [Serial] [Testpattern: Dynamic PV (ntfs)] [Feature:Windows] provisioning should provision storage with mount options" classname="Kubernetes e2e suite" status="skipped" time="0">
              <skipped message="skipped"></skipped>
          </testcase>
          <testcase name="[It] [sig-autoscaling] [Feature:HPA] [Serial] [Slow] Horizontal pod autoscaling (non-default behavior) with scale limited by percentage should scale up no more than given percentage of current Pods per minute" classname="Kubernetes e2e suite" status="skipped" time="0">
              <skipped message="skipped"></skipped>
          </testcase>
          <testcase name="[It] [sig-apps] StatefulSet Basic StatefulSet functionality [StatefulSetBasic] should perform canary updates and phased rolling updates of template modifications for partiton1 and delete pod-0 without failing container" classname="Kubernetes e2e suite" status="skipped" time="0">
              <skipped message="skipped"></skipped>
          </testcase>
          <testcase name="[It] [sig-storage] In-tree Volumes [Driver: local] [LocalVolumeType: dir-bindmounted] [Testpattern: Pre-provisioned PV (filesystem volmode)] disruptive [Disruptive] [LinuxOnly] Should test that pv written before kubelet restart is readable after restart." classname="Kubernetes e2e suite" status="skipped" time="0">
              <skipped message="skipped"></skipped>
          </testcase>
          <testcase name="[It] [sig-storage] In-tree Volumes [Driver: hostPath] [Testpattern: Dynamic PV (filesystem volmode)] multiVolume [Slow] should access to two volumes with different volume mode and retain data across pod recreation on different node" classname="Kubernetes e2e suite" status="skipped" time="0">
              <skipped message="skipped"></skipped>
          </testcase>
          <testcase name="[It] [sig-storage] In-tree Volumes [Driver: local] [LocalVolumeType: block] [Testpattern: Generic Ephemeral-volume (default fs) (immediate-binding)] ephemeral should support multiple inline ephemeral volumes" classname="Kubernetes e2e suite" status="skipped" time="0">
              <skipped message="skipped"></skipped>
          </testcase>
          <testcase name="[It] [sig-network] Services should complete a service status lifecycle [Conformance]" classname="Kubernetes e2e suite" status="passed" time="0.0932442"></testcase>
          <testcase name="[It] [sig-storage] In-tree Volumes [Driver: iscsi] [Feature:Volumes] [Testpattern: Pre-provisioned PV (default fs)] subPath should support creating multiple subpath from same volumes [Slow]" classname="Kubernetes e2e suite" status="skipped" time="0">
              <skipped message="skipped"></skipped>
          </testcase>
          <testcase name="[It] [sig-network] Services should have session affinity timeout work for service with type clusterIP [LinuxOnly]" classname="Kubernetes e2e suite" status="skipped" time="0">
              <skipped message="skipped"></skipped>
          </testcase>
          <testcase name="[It] [sig-storage] Ephemeralstorage When pod refers to non-existent ephemeral storage should allow deletion of pod with invalid volume : secret" classname="Kubernetes e2e suite" status="skipped" time="0">
              <skipped message="skipped"></skipped>
          </testcase>
          <testcase name="[It] [sig-storage] In-tree Volumes [Driver: local] [LocalVolumeType: dir-bindmounted] [Testpattern: Dynamic PV (default fs)] subPath should fail if non-existent subpath is outside the volume [Slow] [LinuxOnly]" classname="Kubernetes e2e suite" status="skipped" time="0">
              <skipped message="skipped"></skipped>
          </testcase>
          <testcase name="[It] [sig-node] ConfigMap should be consumable via environment variable [NodeConformance] [Conformance]" classname="Kubernetes e2e suite" status="passed" time="4.070528549"></testcase>
          <testcase name="[It] [sig-storage] In-tree Volumes [Driver: local] [LocalVolumeType: tmpfs] [Testpattern: Dynamic PV (default fs)] subPath should fail if subpath with backstepping is outside the volume [Slow] [LinuxOnly]" classname="Kubernetes e2e suite" status="skipped" time="0">
              <skipped message="skipped"></skipped>
          </testcase>
          <testcase name="[It] [sig-storage] In-tree Volumes [Driver: nfs] [Testpattern: Pre-provisioned PV (block volmode)] disruptive [Disruptive] [LinuxOnly] Should test that pv used in a pod that is deleted while the kubelet is down cleans up when the kubelet returns." classname="Kubernetes e2e suite" status="skipped" time="0">
              <skipped message="skipped"></skipped>
          </testcase>
          <testcase name="[It] [sig-storage] In-tree Volumes [Driver: azure-disk] [Testpattern: Dynamic PV (filesystem volmode)] multiVolume [Slow] should concurrently access the single read-only volume from pods on the same node" classname="Kubernetes e2e suite" status="skipped" time="0">
              <skipped message="skipped"></skipped>
          </testcase>
          <testcase name="[It] [sig-network] LoadBalancers [Feature:LoadBalancer] should not have connectivity disruption during rolling update with externalTrafficPolicy=Local [Slow]" classname="Kubernetes e2e suite" status="skipped" time="0">
              <skipped message="skipped"></skipped>
          </testcase>
          <testcase name="[It] [sig-storage] In-tree Volumes [Driver: local] [LocalVolumeType: blockfs] [Testpattern: Pre-provisioned PV (default fs)] subPath should support existing directories when readOnly specified in the volumeSource" classname="Kubernetes e2e suite" status="skipped" time="0">
              <skipped message="skipped"></skipped>
          </testcase>
          <testcase name="[It] [sig-node] RuntimeClass should schedule a Pod requesting a RuntimeClass without PodOverhead [NodeConformance] [Conformance]" classname="Kubernetes e2e suite" status="passed" time="2.048458869"></testcase>
          <testcase name="[It] [sig-node] DRA [Feature:DynamicResourceAllocation] [FeatureGate:DynamicResourceAllocation] [Beta] [Feature:OffByDefault] sequential update with pods replacing each other [Slow]" classname="Kubernetes e2e suite" status="skipped" time="0">
              <skipped message="skipped"></skipped>
          </testcase>
          <testcase name="[It] [sig-storage] In-tree Volumes [Driver: azure-disk] [Testpattern: Pre-provisioned PV (block volmode)] multiVolume [Slow] should concurrently access the volume and restored snapshot from pods on the same node [LinuxOnly] [Feature:VolumeSnapshotDataSource] [Feature:VolumeSourceXFS]" classname="Kubernetes e2e suite" status="skipped" time="0">
              <skipped message="skipped"></skipped>
          </testcase>
          <testcase name="[It] [sig-storage] CSI Volumes [Driver: pd.csi.storage.gke.io] [Serial] [Testpattern: Dynamic PV (ntfs)] [Feature:Windows] volume-modify [FeatureGate:VolumeAttributesClass] [Beta] [Feature:OffByDefault] should recover from invalid target VAC by updating PVC to new valid VAC [Flaky]" classname="Kubernetes e2e suite" status="skipped" time="0">
              <skipped message="skipped"></skipped>
          </testcase>
          <testcase name="[It] [sig-storage] In-tree Volumes [Driver: local] [LocalVolumeType: dir] [Testpattern: Dynamic PV (filesystem volmode)] multiVolume [Slow] should concurrently access the volume and restored snapshot from pods on the same node [LinuxOnly] [Feature:VolumeSnapshotDataSource] [Feature:VolumeSourceXFS]" classname="Kubernetes e2e suite" status="skipped" time="0">
              <skipped message="skipped"></skipped>
          </testcase>
          <testcase name="[It] [sig-storage] In-tree Volumes [Driver: local] [LocalVolumeType: dir-link-bindmounted] [Testpattern: Dynamic PV (ntfs)] [Feature:Windows] subPath should support file as subpath [LinuxOnly]" classname="Kubernetes e2e suite" status="skipped" time="0">
              <skipped message="skipped"></skipped>
          </testcase>
          <testcase name="[It] [sig-storage] In-tree Volumes [Driver: azure-disk] [Testpattern: Dynamic PV (xfs)] [Slow] multiVolume [Slow] should concurrently access the single volume from pods on the same node" classname="Kubernetes e2e suite" status="skipped" time="0">
              <skipped message="skipped"></skipped>
          </testcase>
          <testcase name="[It] [sig-storage] In-tree Volumes [Driver: local] [LocalVolumeType: dir-link] [Testpattern: Inline-volume (default fs)] subPath should support existing directory" classname="Kubernetes e2e suite" status="skipped" time="0">
              <skipped message="skipped"></skipped>
          </testcase>
          <testcase name="[It] [sig-storage] In-tree Volumes [Driver: local] [LocalVolumeType: block] [Testpattern: Dynamic PV (ntfs)] [Feature:Windows] subPath should support existing single file [LinuxOnly]" classname="Kubernetes e2e suite" status="skipped" time="0">
              <skipped message="skipped"></skipped>
          </testcase>
          <testcase name="[It] [sig-storage] CSI Volumes [Driver: csi-hostpath] [Testpattern: Generic Ephemeral-volume (default fs) (late-binding)] ephemeral should create read/write inline ephemeral volume" classname="Kubernetes e2e suite" status="skipped" time="0">
              <skipped message="skipped"></skipped>
          </testcase>
          <testcase name="[It] [sig-storage] In-tree Volumes [Driver: cinder] [Testpattern: Dynamic PV (filesystem volmode)] disruptive [Disruptive] [LinuxOnly] Should test that pv used in a pod that is deleted while the kubelet is down is usable by a new pod when kubelet returns [Feature:SELinux]" classname="Kubernetes e2e suite" status="skipped" time="0">
              <skipped message="skipped"></skipped>
          </testcase>
          <testcase name="[It] [sig-apps] DisruptionController Listing PodDisruptionBudgets for all namespaces should list and delete a collection of PodDisruptionBudgets [Conformance]" classname="Kubernetes e2e suite" status="passed" time="6.184101348"></testcase>
          <testcase name="[It] [sig-storage] In-tree Volumes [Driver: nfs] [Testpattern: Pre-provisioned PV (ext4)] volumes should allow exec of files on the volume" classname="Kubernetes e2e suite" status="skipped" time="0">
              <skipped message="skipped"></skipped>
          </testcase>
          <testcase name="[It] [sig-node] Pods Extended (pod generation) [Feature:PodObservedGenerationTracking] [FeatureGate:PodObservedGenerationTracking] [Alpha] [Feature:OffByDefault] Pod Generation custom-set generation on new pods and graceful delete" classname="Kubernetes e2e suite" status="skipped" time="0">
              <skipped message="skipped"></skipped>
          </testcase>
          <testcase name="[It] [sig-storage] CSI Volumes [Driver: csi-hostpath] [Testpattern: Inline-volume (xfs)] [Slow] volumes should allow exec of files on the volume" classname="Kubernetes e2e suite" status="skipped" time="0">
              <skipped message="skipped"></skipped>
          </testcase>
          <testcase name="[It] [sig-storage] In-tree Volumes [Driver: azure-file] [Testpattern: Dynamic PV (ntfs)] [Feature:Windows] provisioning should provision storage with pvc data source in parallel [Slow]" classname="Kubernetes e2e suite" status="skipped" time="0">
              <skipped message="skipped"></skipped>
          </testcase>
          <testcase name="[It] [sig-windows] [Feature:Windows] Kubelet-Stats [Serial] Kubelet stats collection for Windows nodes when running 10 pods should return within 10 seconds" classname="Kubernetes e2e suite" status="skipped" time="0">
              <skipped message="skipped"></skipped>
          </testcase>
          <testcase name="[It] [sig-storage] In-tree Volumes [Driver: local] [LocalVolumeType: dir] [Testpattern: Dynamic PV (block volmode)] provisioning should provision storage with snapshot data source [Feature:VolumeSnapshotDataSource]" classname="Kubernetes e2e suite" status="skipped" time="0">
              <skipped message="skipped"></skipped>
          </testcase>
          <testcase name="[It] [sig-storage] In-tree Volumes [Driver: local] [LocalVolumeType: blockfs] [Testpattern: Pre-provisioned PV (default fs)] subPath should fail if subpath with backstepping is outside the volume [Slow] [LinuxOnly]" classname="Kubernetes e2e suite" status="skipped" time="0">
              <skipped message="skipped"></skipped>
          </testcase>
          <testcase name="[It] [sig-storage] In-tree Volumes [Driver: local] [LocalVolumeType: dir-bindmounted] [Testpattern: Inline-volume (ext4)] volumes should store data" classname="Kubernetes e2e suite" status="skipped" time="0">
              <skipped message="skipped"></skipped>
          </testcase>
          <testcase name="[It] [sig-storage] In-tree Volumes [Driver: iscsi] [Feature:Volumes] [Testpattern: Dynamic PV (ntfs)] [Feature:Windows] subPath should support readOnly directory specified in the volumeMount" classname="Kubernetes e2e suite" status="skipped" time="0">
              <skipped message="skipped"></skipped>
          </testcase>
          <testcase name="[It] [sig-storage] In-tree Volumes [Driver: nfs] [Testpattern: Dynamic PV (xfs)] [Slow] volumes should allow exec of files on the volume" classname="Kubernetes e2e suite" status="skipped" time="0">
              <skipped message="skipped"></skipped>
          </testcase>
          <testcase name="[It] [sig-windows] [Feature:Windows] Memory Limits [Serial] [Slow] attempt to deploy past allocatable memory limits should fail deployments of pods once there isn&#39;t enough memory" classname="Kubernetes e2e suite" status="skipped" time="0">
              <skipped message="skipped"></skipped>
          </testcase>
          <testcase name="[It] [sig-storage] In-tree Volumes [Driver: hostPathSymlink] [Testpattern: Dynamic PV (default fs)] fsgroupchangepolicy (Always)[LinuxOnly], rwop pod created with an initial fsgroup, new pod fsgroup applied to volume contents" classname="Kubernetes e2e suite" status="skipped" time="0">
              <skipped message="skipped"></skipped>
          </testcase>
          <testcase name="[It] [sig-storage] CSI Volumes [Driver: pd.csi.storage.gke.io] [Serial] [Testpattern: Dynamic PV (block volmode)] multiVolume [Slow] should concurrently access the single read-only volume from pods on the same node" classname="Kubernetes e2e suite" status="skipped" time="0">
              <skipped message="skipped"></skipped>
          </testcase>
          <testcase name="[It] [sig-storage] In-tree Volumes [Driver: local] [LocalVolumeType: gce-localssd-scsi-fs] [Serial] [Testpattern: Dynamic PV (filesystem volmode)] disruptive [Disruptive] [LinuxOnly] Should test that pv used in a pod that is force deleted while the kubelet is down is usable by a new pod when kubelet returns [Feature:SELinux]" classname="Kubernetes e2e suite" status="skipped" time="0">
              <skipped message="skipped"></skipped>
          </testcase>
          <testcase name="[It] [sig-storage] CSI Volumes [Driver: pd.csi.storage.gke.io] [Serial] [Testpattern: Dynamic Snapshot (delete policy)] snapshottable [Feature:VolumeSnapshotDataSource] volume snapshot controller  should check snapshot fields, check restore correctly works, check deletion (ephemeral)" classname="Kubernetes e2e suite" status="skipped" time="0">
              <skipped message="skipped"></skipped>
          </testcase>
          <testcase name="[It] [sig-storage] In-tree Volumes [Driver: local] [LocalVolumeType: gce-localssd-scsi-fs] [Serial] [Testpattern: Pre-provisioned PV (block volmode)] multiVolume [Slow] should access to two volumes with different volume mode and retain data across pod recreation on different node" classname="Kubernetes e2e suite" status="skipped" time="0">
              <skipped message="skipped"></skipped>
          </testcase>
          <testcase name="[It] [sig-storage] In-tree Volumes [Driver: local] [LocalVolumeType: blockfs] [Testpattern: Pre-provisioned PV (filesystem volmode)] volumeMode should not mount / map unused volumes in a pod [LinuxOnly]" classname="Kubernetes e2e suite" status="skipped" time="0">
              <skipped message="skipped"></skipped>
          </testcase>
          <testcase name="[It] [sig-storage] In-tree Volumes [Driver: iscsi] [Feature:Volumes] [Testpattern: Dynamic PV (xfs)] [Slow] volumes should store data" classname="Kubernetes e2e suite" status="skipped" time="0">
              <skipped message="skipped"></skipped>
          </testcase>
          <testcase name="[It] [sig-storage] In-tree Volumes [Driver: local] [LocalVolumeType: dir] [Testpattern: Dynamic PV (xfs)] [Slow] multiVolume [Slow] should concurrently access the single volume from pods on the same node" classname="Kubernetes e2e suite" status="skipped" time="0">
              <skipped message="skipped"></skipped>
          </testcase>
          <testcase name="[It] [sig-storage] In-tree Volumes [Driver: cinder] [Testpattern: Dynamic PV (ext3)] volumes should allow exec of files on the volume" classname="Kubernetes e2e suite" status="skipped" time="0">
              <skipped message="skipped"></skipped>
          </testcase>
          <testcase name="[It] [sig-storage] In-tree Volumes [Driver: vsphere] [Testpattern: Inline-volume (default fs)] subPath should support creating multiple subpath from same volumes [Slow]" classname="Kubernetes e2e suite" status="skipped" time="0">
              <skipped message="skipped"></skipped>
          </testcase>
          <testcase name="[It] [sig-storage] CSI Volumes [Driver: pd.csi.storage.gke.io] [Serial] [Testpattern: Dynamic PV (ntfs)] [Feature:Windows] multiVolume [Slow] should concurrently access the single volume from pods on the same node" classname="Kubernetes e2e suite" status="skipped" time="0">
              <skipped message="skipped"></skipped>
          </testcase>
          <testcase name="[It] [sig-storage] In-tree Volumes [Driver: emptydir] [Testpattern: Dynamic PV (ntfs)] [Feature:Windows] multiVolume [Slow] should concurrently access the volume and its clone from pods on the same node [LinuxOnly] [Feature:VolumeSourceXFS]" classname="Kubernetes e2e suite" status="skipped" time="0">
              <skipped message="skipped"></skipped>
          </testcase>
          <testcase name="[It] [sig-storage] In-tree Volumes [Driver: hostPathSymlink] [Testpattern: Pre-provisioned PV (ext4)] volumes should allow exec of files on the volume" classname="Kubernetes e2e suite" status="skipped" time="0">
              <skipped message="skipped"></skipped>
          </testcase>
          <testcase name="[It] [sig-storage] In-tree Volumes [Driver: nfs] [Testpattern: Dynamic PV (block volmode)] multiVolume [Slow] should access to two volumes with the same volume mode and retain data across pod recreation on different node" classname="Kubernetes e2e suite" status="skipped" time="0">
              <skipped message="skipped"></skipped>
          </testcase>
          <testcase name="[It] [sig-storage] CSI Volumes [Driver: pd.csi.storage.gke.io] [Serial] [Testpattern: Dynamic PV (filesystem volmode)] disruptive [Disruptive] [LinuxOnly] Should test that pv used in a pod that is deleted while the kubelet is down is usable by a new pod when kubelet returns [Feature:SELinux]" classname="Kubernetes e2e suite" status="skipped" time="0">
              <skipped message="skipped"></skipped>
          </testcase>
          <testcase name="[It] [sig-storage] CSI Volumes [Driver: csi-hostpath] [Testpattern: Pre-provisioned PV (default fs)] subPath should be able to unmount after the subpath directory is deleted [LinuxOnly]" classname="Kubernetes e2e suite" status="skipped" time="0">
              <skipped message="skipped"></skipped>
          </testcase>
          <testcase name="[It] [sig-storage] In-tree Volumes [Driver: azure-file] [Testpattern: Dynamic PV (ntfs)] [Feature:Windows] volumes should allow exec of files on the volume" classname="Kubernetes e2e suite" status="skipped" time="0">
              <skipped message="skipped"></skipped>
          </testcase>
          <testcase name="[It] [sig-storage] CSI Volumes [Driver: csi-hostpath] [Testpattern: Pre-provisioned PV (default fs)] subPath should support file as subpath [LinuxOnly]" classname="Kubernetes e2e suite" status="skipped" time="0">
              <skipped message="skipped"></skipped>
          </testcase>
          <testcase name="[It] [sig-network] Netpol NetworkPolicy between server and client should deny egress from all pods in a namespace [Feature:NetworkPolicy]" classname="Kubernetes e2e suite" status="skipped" time="0">
              <skipped message="skipped"></skipped>
          </testcase>
          <testcase name="[It] [sig-storage] In-tree Volumes [Driver: local] [LocalVolumeType: dir] [Testpattern: Pre-provisioned PV (default fs)] volumes should store data" classname="Kubernetes e2e suite" status="skipped" time="0">
              <skipped message="skipped"></skipped>
          </testcase>
          <testcase name="[It] [sig-api-machinery] AdmissionWebhook [Privileged:ClusterAdmin] should reject validating webhook configurations with invalid match conditions [Conformance]" classname="Kubernetes e2e suite" status="passed" time="3.291747649"></testcase>
          <testcase name="[It] [sig-storage] In-tree Volumes [Driver: vsphere] [Testpattern: Dynamic PV (default fs)] provisioning should provision storage with pvc data source" classname="Kubernetes e2e suite" status="skipped" time="0">
              <skipped message="skipped"></skipped>
          </testcase>
          <testcase name="[It] [sig-storage] CSI Volumes [Driver: pd.csi.storage.gke.io] [Serial] [Testpattern: Inline-volume (default fs)] volumeIO should write files of various sizes, verify size, validate content [Slow]" classname="Kubernetes e2e suite" status="skipped" time="0">
              <skipped message="skipped"></skipped>
          </testcase>
          <testcase name="[It] [sig-storage] In-tree Volumes [Driver: local] [LocalVolumeType: blockfs] [Testpattern: Dynamic PV (ext4)] multiVolume [Slow] should access to two volumes with different volume mode and retain data across pod recreation on different node" classname="Kubernetes e2e suite" status="skipped" time="0">
              <skipped message="skipped"></skipped>
          </testcase>
          <testcase name="[It] [sig-storage] CSI Volumes [Driver: csi-hostpath] [Testpattern: Dynamic PV (default fs)] subPath should support existing directories when readOnly specified in the volumeSource" classname="Kubernetes e2e suite" status="skipped" time="0">
              <skipped message="skipped"></skipped>
          </testcase>
          <testcase name="[It] [sig-storage] In-tree Volumes [Driver: iscsi] [Feature:Volumes] [Testpattern: Dynamic PV (default fs)] volume-expand should not allow expansion of pvcs without AllowVolumeExpansion property" classname="Kubernetes e2e suite" status="skipped" time="0">
              <skipped message="skipped"></skipped>
          </testcase>
          <testcase name="[It] [sig-storage] In-tree Volumes [Driver: local] [LocalVolumeType: dir-link] [Testpattern: Dynamic PV (block volmode)] disruptive [Disruptive] [LinuxOnly] Should test that pv written before kubelet restart is readable after restart." classname="Kubernetes e2e suite" status="skipped" time="0">
              <skipped message="skipped"></skipped>
          </testcase>
          <testcase name="[It] [sig-storage] Downward API volume should provide container&#39;s memory request [NodeConformance] [Conformance]" classname="Kubernetes e2e suite" status="passed" time="4.068772563"></testcase>
          <testcase name="[It] [sig-storage] In-tree Volumes [Driver: cinder] [Testpattern: Dynamic PV (ntfs)] [Feature:Windows] multiVolume [Slow] should access to two volumes with the same volume mode and retain data across pod recreation on the same node" classname="Kubernetes e2e suite" status="skipped" time="0">
              <skipped message="skipped"></skipped>
          </testcase>
          <testcase name="[It] [sig-storage] In-tree Volumes [Driver: local] [LocalVolumeType: dir-link-bindmounted] [Testpattern: Generic Ephemeral-volume (block volmode) (late-binding)] ephemeral should support expansion of pvcs created for ephemeral pvcs" classname="Kubernetes e2e suite" status="skipped" time="0">
              <skipped message="skipped"></skipped>
          </testcase>
          <testcase name="[It] [sig-node] Pod InPlace Resize Container [FeatureGate:InPlacePodVerticalScaling] [Beta] Burstable QoS pod, one container with cpu &amp; memory requests + limits - decrease CPU requests only" classname="Kubernetes e2e suite" status="skipped" time="0">
              <skipped message="skipped"></skipped>
          </testcase>
          <testcase name="[It] [sig-apps] Daemon set [Serial] should run and stop complex daemon with node affinity" classname="Kubernetes e2e suite" status="skipped" time="0">
              <skipped message="skipped"></skipped>
          </testcase>
          <testcase name="[It] [sig-apps] Deployment iterative rollouts should eventually progress" classname="Kubernetes e2e suite" status="skipped" time="0">
              <skipped message="skipped"></skipped>
          </testcase>
          <testcase name="[It] [sig-storage] In-tree Volumes [Driver: vsphere] [Testpattern: Pre-provisioned PV (filesystem volmode)] multiVolume [Slow] should access to two volumes with the same volume mode and retain data across pod recreation on the same node" classname="Kubernetes e2e suite" status="skipped" time="0">
              <skipped message="skipped"></skipped>
          </testcase>
          <testcase name="[It] [sig-storage] In-tree Volumes [Driver: local] [LocalVolumeType: dir-link] [Testpattern: Dynamic PV (block volmode)(allowExpansion)] volume-expand Verify if offline PVC expansion works" classname="Kubernetes e2e suite" status="skipped" time="0">
              <skipped message="skipped"></skipped>
          </testcase>
          <testcase name="[It] [sig-cloud-provider-gcp] HA-master [Feature:HAMaster] survive addition/removal replicas multizone workers [Serial] [Disruptive]" classname="Kubernetes e2e suite" status="skipped" time="0">
              <skipped message="skipped"></skipped>
          </testcase>
          <testcase name="[It] [sig-storage] In-tree Volumes [Driver: nfs] [Testpattern: Generic Ephemeral-volume (block volmode) (late-binding)] ephemeral should support two pods which have the same volume definition" classname="Kubernetes e2e suite" status="skipped" time="0">
              <skipped message="skipped"></skipped>
          </testcase>
          <testcase name="[It] [sig-storage] In-tree Volumes [Driver: local] [LocalVolumeType: dir-link-bindmounted] [Testpattern: Generic Ephemeral-volume (default fs)] volumeLimits should support volume limits [Serial]" classname="Kubernetes e2e suite" status="skipped" time="0">
              <skipped message="skipped"></skipped>
          </testcase>
          <testcase name="[It] [sig-storage] In-tree Volumes [Driver: local] [LocalVolumeType: blockfs] [Testpattern: Pre-provisioned PV (filesystem volmode)] disruptive [Disruptive] [LinuxOnly] Should test that pv used in a pod that is force deleted while the kubelet is down is usable by a new pod with a different SELinux context when kubelet returns [Feature:SELinux]" classname="Kubernetes e2e suite" status="skipped" time="0">
              <skipped message="skipped"></skipped>
          </testcase>
          <testcase name="[It] [sig-storage] In-tree Volumes [Driver: azure-file] [Testpattern: Dynamic PV (block volmode)] volumes should store data" classname="Kubernetes e2e suite" status="skipped" time="0">
              <skipped message="skipped"></skipped>
          </testcase>
          <testcase name="[It] [sig-node] Probing container should be restarted with an exec liveness probe with timeout [MinimumKubeletVersion:1.20] [NodeConformance]" classname="Kubernetes e2e suite" status="skipped" time="0">
              <skipped message="skipped"></skipped>
          </testcase>
          <testcase name="[It] [sig-storage] In-tree Volumes [Driver: hostPath] [Testpattern: Pre-provisioned PV (default fs)] subPath should support restarting containers using directory as subpath [Slow]" classname="Kubernetes e2e suite" status="skipped" time="0">
              <skipped message="skipped"></skipped>
          </testcase>
          <testcase name="[It] [sig-storage] In-tree Volumes [Driver: vsphere] [Testpattern: Pre-provisioned PV (block volmode)] multiVolume [Slow] should access to two volumes with different volume mode and retain data across pod recreation on the same node" classname="Kubernetes e2e suite" status="skipped" time="0">
              <skipped message="skipped"></skipped>
          </testcase>
          <testcase name="[It] [sig-node] Pod InPlace Resize Container [FeatureGate:InPlacePodVerticalScaling] [Beta] Guaranteed QoS pod, one container - decrease CPU only" classname="Kubernetes e2e suite" status="skipped" time="0">
              <skipped message="skipped"></skipped>
          </testcase>
          <testcase name="[It] [sig-node] Container Runtime blackbox test on terminated container should report termination message as empty when pod succeeds and TerminationMessagePolicy FallbackToLogsOnError is set [NodeConformance] [Conformance]" classname="Kubernetes e2e suite" status="passed" time="3.063992658"></testcase>
          <testcase name="[It] [sig-node] Probing container should have monotonically increasing restart count [NodeConformance] [Conformance]" classname="Kubernetes e2e suite" status="passed" time="154.438092513"></testcase>
          <testcase name="[It] [sig-storage] In-tree Volumes [Driver: local] [LocalVolumeType: block] [Testpattern: Inline-volume (default fs)] volumes should allow exec of files on the volume" classname="Kubernetes e2e suite" status="skipped" time="0">
              <skipped message="skipped"></skipped>
          </testcase>
          <testcase name="[It] [sig-storage] In-tree Volumes [Driver: nfs] [Testpattern: Dynamic PV (ntfs)] [Feature:Windows] multiVolume [Slow] should access to two volumes with the same volume mode and retain data across pod recreation on the same node" classname="Kubernetes e2e suite" status="skipped" time="0">
              <skipped message="skipped"></skipped>
          </testcase>
          <testcase name="[It] [sig-storage] In-tree Volumes [Driver: vsphere] [Testpattern: Dynamic PV (default fs)] subPath should support restarting containers using directory as subpath [Slow]" classname="Kubernetes e2e suite" status="skipped" time="0">
              <skipped message="skipped"></skipped>
          </testcase>
          <testcase name="[It] [sig-storage] In-tree Volumes [Driver: local] [LocalVolumeType: dir] [Testpattern: Dynamic PV (block volmode)] disruptive [Disruptive] [LinuxOnly] Should test that pv used in a pod that is deleted while the kubelet is down cleans up when the kubelet returns." classname="Kubernetes e2e suite" status="skipped" time="0">
              <skipped message="skipped"></skipped>
          </testcase>
          <testcase name="[It] [sig-storage] In-tree Volumes [Driver: local] [LocalVolumeType: dir] [Testpattern: Inline-volume (default fs)] subPath should unmount if pod is force deleted while kubelet is down [Disruptive] [Slow] [LinuxOnly]" classname="Kubernetes e2e suite" status="skipped" time="0">
              <skipped message="skipped"></skipped>
          </testcase>
          <testcase name="[It] [sig-apps] DisruptionController evictions: too few pods, absolute =&gt; should not allow an eviction" classname="Kubernetes e2e suite" status="skipped" time="0">
              <skipped message="skipped"></skipped>
          </testcase>
          <testcase name="[It] [sig-scheduling] SchedulerPredicates [Serial] validates Pods with non-empty schedulingGates are blocked on scheduling" classname="Kubernetes e2e suite" status="skipped" time="0">
              <skipped message="skipped"></skipped>
          </testcase>
          <testcase name="[It] [sig-storage] In-tree Volumes [Driver: vsphere] [Testpattern: Dynamic PV (filesystem volmode)] disruptive [Disruptive] [LinuxOnly] Should test that pv used in a pod that is force deleted while the kubelet is down is usable by a new pod with a different SELinux context when kubelet returns [Feature:SELinux]" classname="Kubernetes e2e suite" status="skipped" time="0">
              <skipped message="skipped"></skipped>
          </testcase>
          <testcase name="[It] [sig-api-machinery] CustomResourceFieldSelectors [Privileged:ClusterAdmin] CustomResourceFieldSelectors MUST list and watch custom resources matching the field selector [Conformance]" classname="Kubernetes e2e suite" status="passed" time="6.446447322"></testcase>
          <testcase name="[It] [sig-storage] In-tree Volumes [Driver: local] [LocalVolumeType: dir-link] [Testpattern: Dynamic PV (default fs)] subPath should support existing directories when readOnly specified in the volumeSource" classname="Kubernetes e2e suite" status="skipped" time="0">
              <skipped message="skipped"></skipped>
          </testcase>
          <testcase name="[It] [sig-storage] In-tree Volumes [Driver: local] [LocalVolumeType: gce-localssd-scsi-fs] [Serial] [Testpattern: Inline-volume (default fs)] subPath should support creating multiple subpath from same volumes [Slow]" classname="Kubernetes e2e suite" status="skipped" time="0">
              <skipped message="skipped"></skipped>
          </testcase>
          <testcase name="[It] [sig-storage] In-tree Volumes [Driver: local] [LocalVolumeType: dir-link-bindmounted] [Testpattern: Dynamic PV (default fs)] subPath should verify container cannot write to subpath readonly volumes [Slow]" classname="Kubernetes e2e suite" status="skipped" time="0">
              <skipped message="skipped"></skipped>
          </testcase>
          <testcase name="[It] [sig-storage] In-tree Volumes [Driver: local] [LocalVolumeType: gce-localssd-scsi-fs] [Serial] [Testpattern: Pre-provisioned PV (default fs)] subPath should support restarting containers using file as subpath [Slow] [LinuxOnly]" classname="Kubernetes e2e suite" status="skipped" time="0">
              <skipped message="skipped"></skipped>
          </testcase>
          <testcase name="[It] [sig-storage] In-tree Volumes [Driver: emptydir] [Testpattern: Pre-provisioned PV (filesystem volmode)] volumeMode should fail to use a volume in a pod with mismatched mode [Slow]" classname="Kubernetes e2e suite" status="skipped" time="0">
              <skipped message="skipped"></skipped>
          </testcase>
          <testcase name="[It] [sig-storage] CSI Volumes [Driver: pd.csi.storage.gke.io] [Serial] [Testpattern: Dynamic PV (default fs)] provisioning should provision storage with pvc data source (ROX mode)" classname="Kubernetes e2e suite" status="skipped" time="0">
              <skipped message="skipped"></skipped>
          </testcase>
          <testcase name="[It] [sig-storage] In-tree Volumes [Driver: hostPathSymlink] [Testpattern: Dynamic PV (ntfs)] [Feature:Windows] volumes should store data" classname="Kubernetes e2e suite" status="skipped" time="0">
              <skipped message="skipped"></skipped>
          </testcase>
          <testcase name="[It] [sig-storage] In-tree Volumes [Driver: local] [LocalVolumeType: block] [Testpattern: Dynamic PV (block volmode)] multiVolume [Slow] should access to two volumes with the same volume mode and retain data across pod recreation on the same node" classname="Kubernetes e2e suite" status="skipped" time="0">
              <skipped message="skipped"></skipped>
          </testcase>
          <testcase name="[It] [sig-storage] PersistentVolumes-local Local volume that cannot be mounted [Slow] should fail due to non-existent path" classname="Kubernetes e2e suite" status="skipped" time="0">
              <skipped message="skipped"></skipped>
          </testcase>
          <testcase name="[It] [sig-storage] Projected configMap Should fail non-optional pod creation due to the key in the configMap object does not exist [Slow]" classname="Kubernetes e2e suite" status="skipped" time="0">
              <skipped message="skipped"></skipped>
          </testcase>
          <testcase name="[It] [sig-storage] In-tree Volumes [Driver: local] [LocalVolumeType: dir-link] [Testpattern: Dynamic PV (default fs)] subPath should fail if subpath with backstepping is outside the volume [Slow] [LinuxOnly]" classname="Kubernetes e2e suite" status="skipped" time="0">
              <skipped message="skipped"></skipped>
          </testcase>
          <testcase name="[It] [sig-storage] In-tree Volumes [Driver: cinder] [Testpattern: Dynamic PV (block volmode)] provisioning should mount multiple PV pointing to the same storage on the same node" classname="Kubernetes e2e suite" status="skipped" time="0">
              <skipped message="skipped"></skipped>
          </testcase>
          <testcase name="[It] [sig-storage] PV Protection Verify &#34;immediate&#34; deletion of a PV that is not bound to a PVC" classname="Kubernetes e2e suite" status="skipped" time="0">
              <skipped message="skipped"></skipped>
          </testcase>
          <testcase name="[It] [sig-storage] In-tree Volumes [Driver: iscsi] [Feature:Volumes] [Testpattern: Pre-provisioned PV (filesystem volmode)] disruptive [Disruptive] [LinuxOnly] Should test that pv used in a pod that is force deleted while the kubelet is down is usable by a new pod with a different SELinux context when kubelet returns [Feature:SELinux]" classname="Kubernetes e2e suite" status="skipped" time="0">
              <skipped message="skipped"></skipped>
          </testcase>
          <testcase name="[It] [sig-storage] In-tree Volumes [Driver: azure-file] [Testpattern: Generic Ephemeral-volume (default fs) (late-binding)] ephemeral should support two pods which have the same volume definition" classname="Kubernetes e2e suite" status="skipped" time="0">
              <skipped message="skipped"></skipped>
          </testcase>
          <testcase name="[It] [sig-storage] In-tree Volumes [Driver: local] [LocalVolumeType: dir-link] [Testpattern: Dynamic PV (default fs)] provisioning should provision storage with snapshot data source (ROX mode) [Feature:VolumeSnapshotDataSource]" classname="Kubernetes e2e suite" status="skipped" time="0">
              <skipped message="skipped"></skipped>
          </testcase>
          <testcase name="[It] [sig-storage] In-tree Volumes [Driver: local] [LocalVolumeType: block] [Testpattern: Inline-volume (ntfs)] [Feature:Windows] volumes should allow exec of files on the volume" classname="Kubernetes e2e suite" status="skipped" time="0">
              <skipped message="skipped"></skipped>
          </testcase>
          <testcase name="[It] [sig-storage] In-tree Volumes [Driver: local] [LocalVolumeType: block] [Testpattern: Inline-volume (default fs)] subPath should support creating multiple subpath from same volumes [Slow]" classname="Kubernetes e2e suite" status="skipped" time="0">
              <skipped message="skipped"></skipped>
          </testcase>
          <testcase name="[It] [sig-storage] Dynamic Provisioning Invalid AWS KMS key should report an error and create no PV" classname="Kubernetes e2e suite" status="skipped" time="0">
              <skipped message="skipped"></skipped>
          </testcase>
          <testcase name="[It] [sig-storage] In-tree Volumes [Driver: hostPath] [Testpattern: Pre-provisioned PV (filesystem volmode)] disruptive [Disruptive] [LinuxOnly] Should test that pv written before kubelet restart is readable after restart." classname="Kubernetes e2e suite" status="skipped" time="0">
              <skipped message="skipped"></skipped>
          </testcase>
          <testcase name="[It] [sig-storage] CSI Volumes [Driver: csi-hostpath] [Testpattern: Dynamic PV (ntfs)] [Feature:Windows] multiVolume [Slow] should access to two volumes with different volume mode and retain data across pod recreation on different node" classname="Kubernetes e2e suite" status="skipped" time="0">
              <skipped message="skipped"></skipped>
          </testcase>
          <testcase name="[It] [sig-api-machinery] Watchers should be able to start watching from a specific resource version [Conformance]" classname="Kubernetes e2e suite" status="passed" time="0.097298906"></testcase>
          <testcase name="[It] [sig-storage] In-tree Volumes [Driver: local] [LocalVolumeType: gce-localssd-scsi-fs] [Serial] [Testpattern: Dynamic PV (ntfs)] [Feature:Windows] provisioning should mount multiple PV pointing to the same storage on the same node" classname="Kubernetes e2e suite" status="skipped" time="0">
              <skipped message="skipped"></skipped>
          </testcase>
          <testcase name="[It] [sig-storage] In-tree Volumes [Driver: local] [LocalVolumeType: blockfs] [Testpattern: Dynamic PV (default fs)] subPath should fail if subpath file is outside the volume [Slow] [LinuxOnly]" classname="Kubernetes e2e suite" status="skipped" time="0">
              <skipped message="skipped"></skipped>
          </testcase>
          <testcase name="[It] [sig-storage] In-tree Volumes [Driver: hostPathSymlink] [Testpattern: Dynamic PV (default fs)] provisioning should provision storage with snapshot data source (ROX mode) [Feature:VolumeSnapshotDataSource]" classname="Kubernetes e2e suite" status="skipped" time="0">
              <skipped message="skipped"></skipped>
          </testcase>
          <testcase name="[It] [sig-storage] In-tree Volumes [Driver: vsphere] [Testpattern: Pre-provisioned PV (default fs)] subPath should unmount if pod is force deleted while kubelet is down [Disruptive] [Slow] [LinuxOnly]" classname="Kubernetes e2e suite" status="skipped" time="0">
              <skipped message="skipped"></skipped>
          </testcase>
          <testcase name="[It] [sig-storage] In-tree Volumes [Driver: nfs] [Testpattern: Dynamic PV (ntfs)] [Feature:Windows] provisioning should provision storage with mount options" classname="Kubernetes e2e suite" status="skipped" time="0">
              <skipped message="skipped"></skipped>
          </testcase>
          <testcase name="[It] [sig-storage] In-tree Volumes [Driver: nfs] [Testpattern: Pre-provisioned PV (filesystem volmode)] multiVolume [Slow] should concurrently access the volume and restored snapshot from pods on the same node [LinuxOnly] [Feature:VolumeSnapshotDataSource] [Feature:VolumeSourceXFS]" classname="Kubernetes e2e suite" status="skipped" time="0">
              <skipped message="skipped"></skipped>
          </testcase>
          <testcase name="[It] [sig-storage] In-tree Volumes [Driver: azure-disk] [Testpattern: Dynamic PV (ntfs)] [Feature:Windows] multiVolume [Slow] should access to two volumes with the same volume mode and retain data across pod recreation on different node" classname="Kubernetes e2e suite" status="skipped" time="0">
              <skipped message="skipped"></skipped>
          </testcase>
          <testcase name="[It] [sig-cloud-provider-gcp] Reboot [Disruptive] [Feature:Reboot] each node by dropping all inbound packets for a while and ensure they function afterwards" classname="Kubernetes e2e suite" status="skipped" time="0">
              <skipped message="skipped"></skipped>
          </testcase>
          <testcase name="[It] [sig-storage] CSI Volumes [Driver: csi-hostpath] [Testpattern: Dynamic PV (ntfs)] [Feature:Windows] subPath should support readOnly directory specified in the volumeMount" classname="Kubernetes e2e suite" status="skipped" time="0">
              <skipped message="skipped"></skipped>
          </testcase>
          <testcase name="[It] [sig-storage] CSI Volumes [Driver: pd.csi.storage.gke.io] [Serial] [Testpattern: Dynamic PV (ntfs)] [Feature:Windows] provisioning should mount multiple PV pointing to the same storage on the same node" classname="Kubernetes e2e suite" status="skipped" time="0">
              <skipped message="skipped"></skipped>
          </testcase>
          <testcase name="[It] [sig-storage] In-tree Volumes [Driver: hostPath] [Testpattern: Pre-provisioned PV (filesystem volmode)] multiVolume [Slow] should concurrently access the single volume from pods on the same node" classname="Kubernetes e2e suite" status="skipped" time="0">
              <skipped message="skipped"></skipped>
          </testcase>
          <testcase name="[It] [sig-storage] In-tree Volumes [Driver: hostPathSymlink] [Testpattern: Dynamic PV (block volmode)] multiVolume [Slow] should concurrently access the volume and its clone from pods on the same node [LinuxOnly] [Feature:VolumeSourceXFS]" classname="Kubernetes e2e suite" status="skipped" time="0">
              <skipped message="skipped"></skipped>
          </testcase>
          <testcase name="[It] [sig-storage] In-tree Volumes [Driver: local] [LocalVolumeType: blockfs] [Testpattern: Pre-provisioned PV (block volmode)] multiVolume [Slow] should concurrently access the single volume from pods on the same node" classname="Kubernetes e2e suite" status="skipped" time="0">
              <skipped message="skipped"></skipped>
          </testcase>
          <testcase name="[It] [sig-storage] In-tree Volumes [Driver: local] [LocalVolumeType: dir-link-bindmounted] [Testpattern: Dynamic PV (ext4)] multiVolume [Slow] should concurrently access the single volume from pods on different node" classname="Kubernetes e2e suite" status="skipped" time="0">
              <skipped message="skipped"></skipped>
          </testcase>
          <testcase name="[It] [sig-autoscaling] Cluster size autoscaling [Slow] should be able to scale down when rescheduling a pod is required and pdb allows for it [Feature:ClusterSizeAutoscalingScaleDown]" classname="Kubernetes e2e suite" status="skipped" time="0">
              <skipped message="skipped"></skipped>
          </testcase>
          <testcase name="[It] [sig-storage] In-tree Volumes [Driver: vsphere] [Testpattern: Dynamic PV (block volmode)] provisioning should provision correct filesystem size when restoring snapshot to larger size pvc [Feature:VolumeSnapshotDataSource]" classname="Kubernetes e2e suite" status="skipped" time="0">
              <skipped message="skipped"></skipped>
          </testcase>
          <testcase name="[It] [sig-storage] In-tree Volumes [Driver: local] [LocalVolumeType: dir-bindmounted] [Testpattern: Generic Ephemeral-volume (block volmode) (late-binding)] ephemeral should support two pods which have the same volume definition" classname="Kubernetes e2e suite" status="skipped" time="0">
              <skipped message="skipped"></skipped>
          </testcase>
          <testcase name="[It] [sig-storage] In-tree Volumes [Driver: hostPathSymlink] [Testpattern: Dynamic PV (ntfs)] [Feature:Windows] multiVolume [Slow] should concurrently access the single volume from pods on different node" classname="Kubernetes e2e suite" status="skipped" time="0">
              <skipped message="skipped"></skipped>
          </testcase>
          <testcase name="[It] [sig-node] [Feature:SidecarContainers] Probing restartable init container should mark readiness on pods to false and disable liveness probes while pod is in progress of terminating" classname="Kubernetes e2e suite" status="skipped" time="0">
              <skipped message="skipped"></skipped>
          </testcase>
          <testcase name="[It] [sig-storage] In-tree Volumes [Driver: local] [LocalVolumeType: dir-link] [Testpattern: Dynamic PV (ntfs)] [Feature:Windows] multiVolume [Slow] should access to two volumes with the same volume mode and retain data across pod recreation on the same node" classname="Kubernetes e2e suite" status="skipped" time="0">
              <skipped message="skipped"></skipped>
          </testcase>
          <testcase name="[It] [sig-storage] CSI Volumes [Driver: csi-hostpath] [Testpattern: Dynamic PV (ext3)] volumes should allow exec of files on the volume" classname="Kubernetes e2e suite" status="skipped" time="0">
              <skipped message="skipped"></skipped>
          </testcase>
          <testcase name="[It] [sig-storage] In-tree Volumes [Driver: azure-disk] [Testpattern: Dynamic PV (block volmode)] multiVolume [Slow] should concurrently access the volume and its clone from pods on the same node [LinuxOnly] [Feature:VolumeSourceXFS]" classname="Kubernetes e2e suite" status="skipped" time="0">
              <skipped message="skipped"></skipped>
          </testcase>
          <testcase name="[It] [sig-storage] In-tree Volumes [Driver: local] [LocalVolumeType: dir] [Testpattern: Dynamic PV (block volmode)] multiVolume [Slow] should concurrently access the single volume from pods on the same node" classname="Kubernetes e2e suite" status="skipped" time="0">
              <skipped message="skipped"></skipped>
          </testcase>
          <testcase name="[It] [sig-storage] In-tree Volumes [Driver: local] [LocalVolumeType: dir-link] [Testpattern: Dynamic PV (block volmode)] multiVolume [Slow] should concurrently access the single volume from pods on different node" classname="Kubernetes e2e suite" status="skipped" time="0">
              <skipped message="skipped"></skipped>
          </testcase>
          <testcase name="[It] [sig-storage] In-tree Volumes [Driver: iscsi] [Feature:Volumes] [Testpattern: Pre-provisioned PV (block volmode)] multiVolume [Slow] should access to two volumes with different volume mode and retain data across pod recreation on the same node" classname="Kubernetes e2e suite" status="skipped" time="0">
              <skipped message="skipped"></skipped>
          </testcase>
          <testcase name="[It] [sig-storage] [Serial] Volume metrics Ephemeral should create volume metrics with the correct FilesystemMode PVC ref" classname="Kubernetes e2e suite" status="skipped" time="0">
              <skipped message="skipped"></skipped>
          </testcase>
          <testcase name="[It] [sig-api-machinery] AdmissionWebhook [Privileged:ClusterAdmin] should deny crd creation [Conformance]" classname="Kubernetes e2e suite" status="passed" time="3.521100704"></testcase>
          <testcase name="[It] [sig-apps] Deployment should run the lifecycle of a Deployment [Conformance]" classname="Kubernetes e2e suite" status="passed" time="4.4016304680000005"></testcase>
          <testcase name="[It] [sig-storage] In-tree Volumes [Driver: hostPathSymlink] [Testpattern: Dynamic PV (ntfs)(allowExpansion)] [Feature:Windows] volume-expand Verify if offline PVC expansion works" classname="Kubernetes e2e suite" status="skipped" time="0">
              <skipped message="skipped"></skipped>
          </testcase>
          <testcase name="[It] [sig-storage] In-tree Volumes [Driver: hostPath] [Testpattern: Inline-volume (default fs)] subPath should unmount if pod is force deleted while kubelet is down [Disruptive] [Slow] [LinuxOnly]" classname="Kubernetes e2e suite" status="skipped" time="0">
              <skipped message="skipped"></skipped>
          </testcase>
          <testcase name="[It] [sig-storage] In-tree Volumes [Driver: vsphere] [Testpattern: Dynamic PV (block volmode)] multiVolume [Slow] should access to two volumes with different volume mode and retain data across pod recreation on the same node" classname="Kubernetes e2e suite" status="skipped" time="0">
              <skipped message="skipped"></skipped>
          </testcase>
          <testcase name="[It] [sig-storage] In-tree Volumes [Driver: iscsi] [Feature:Volumes] [Testpattern: Dynamic PV (block volmode)] provisioning should provision correct filesystem size when restoring snapshot to larger size pvc [Feature:VolumeSnapshotDataSource]" classname="Kubernetes e2e suite" status="skipped" time="0">
              <skipped message="skipped"></skipped>
          </testcase>
          <testcase name="[It] [sig-storage] In-tree Volumes [Driver: cinder] [Testpattern: Dynamic PV (block volmode)] volumeMode should not mount / map unused volumes in a pod [LinuxOnly]" classname="Kubernetes e2e suite" status="skipped" time="0">
              <skipped message="skipped"></skipped>
          </testcase>
          <testcase name="[It] [sig-storage] In-tree Volumes [Driver: hostPath] [Testpattern: Inline-volume (default fs)] subPath should support restarting containers using file as subpath [Slow] [LinuxOnly]" classname="Kubernetes e2e suite" status="skipped" time="0">
              <skipped message="skipped"></skipped>
          </testcase>
          <testcase name="[It] [sig-storage] In-tree Volumes [Driver: iscsi] [Feature:Volumes] [Testpattern: Dynamic PV (block volmode)] volume-stress multiple pods should access different volumes repeatedly [Slow] [Serial]" classname="Kubernetes e2e suite" status="skipped" time="0">
              <skipped message="skipped"></skipped>
          </testcase>
          <testcase name="[It] [sig-storage] CSI Volumes [Driver: pd.csi.storage.gke.io] [Serial] [Testpattern: Dynamic PV (default fs)] subPath should fail if subpath file is outside the volume [Slow] [LinuxOnly]" classname="Kubernetes e2e suite" status="skipped" time="0">
              <skipped message="skipped"></skipped>
          </testcase>
          <testcase name="[It] [sig-storage] In-tree Volumes [Driver: local] [LocalVolumeType: blockfs] [Testpattern: Inline-volume (default fs)] subPath should fail if subpath with backstepping is outside the volume [Slow] [LinuxOnly]" classname="Kubernetes e2e suite" status="skipped" time="0">
              <skipped message="skipped"></skipped>
          </testcase>
          <testcase name="[It] [sig-storage] CSI Volumes [Driver: pd.csi.storage.gke.io] [Serial] [Testpattern: Dynamic PV (ntfs)] [Feature:Windows] volumes should store data" classname="Kubernetes e2e suite" status="skipped" time="0">
              <skipped message="skipped"></skipped>
          </testcase>
          <testcase name="[It] [sig-storage] In-tree Volumes [Driver: azure-disk] [Testpattern: Dynamic PV (default fs)] provisioning should provision storage with any volume data source [Serial]" classname="Kubernetes e2e suite" status="skipped" time="0">
              <skipped message="skipped"></skipped>
          </testcase>
          <testcase name="[It] [sig-storage] CSI Volumes [Driver: pd.csi.storage.gke.io] [Serial] [Testpattern: Dynamic PV (ntfs)] [Feature:Windows] multiVolume [Slow] should concurrently access the volume and its clone from pods on the same node [LinuxOnly] [Feature:VolumeSourceXFS]" classname="Kubernetes e2e suite" status="skipped" time="0">
              <skipped message="skipped"></skipped>
          </testcase>
          <testcase name="[It] [sig-storage] In-tree Volumes [Driver: local] [LocalVolumeType: dir-link] [Testpattern: Pre-provisioned PV (filesystem volmode)] disruptive [Disruptive] [LinuxOnly] Should test that pv used in a pod that is deleted while the kubelet is down is usable by a new pod with a different SELinux context when kubelet returns [Feature:SELinux]" classname="Kubernetes e2e suite" status="skipped" time="0">
              <skipped message="skipped"></skipped>
          </testcase>
          <testcase name="[It] [sig-storage] CSI Volumes [Driver: csi-hostpath] [Testpattern: Dynamic PV (ntfs)] [Feature:Windows] multiVolume [Slow] should access to two volumes with the same volume mode and retain data across pod recreation on the same node" classname="Kubernetes e2e suite" status="skipped" time="0">
              <skipped message="skipped"></skipped>
          </testcase>
          <testcase name="[It] [sig-storage] In-tree Volumes [Driver: local] [LocalVolumeType: block] [Testpattern: Generic Ephemeral-volume (default fs) (immediate-binding)] ephemeral should create read-only inline ephemeral volume" classname="Kubernetes e2e suite" status="skipped" time="0">
              <skipped message="skipped"></skipped>
          </testcase>
          <testcase name="[It] [sig-cli] Kubectl client Simple pod should return command exit codes should support port-forward" classname="Kubernetes e2e suite" status="skipped" time="0">
              <skipped message="skipped"></skipped>
          </testcase>
          <testcase name="[It] [sig-storage] In-tree Volumes [Driver: local] [LocalVolumeType: blockfs] [Testpattern: Dynamic PV (filesystem volmode)] disruptive [Disruptive] [LinuxOnly] Should test that pv used in a pod that is force deleted while the kubelet is down is usable by a new pod when kubelet returns [Feature:SELinux]" classname="Kubernetes e2e suite" status="skipped" time="0">
              <skipped message="skipped"></skipped>
          </testcase>
          <testcase name="[It] [sig-storage] In-tree Volumes [Driver: local] [LocalVolumeType: dir-link-bindmounted] [Testpattern: Inline-volume (ext3)] volumes should allow exec of files on the volume" classname="Kubernetes e2e suite" status="skipped" time="0">
              <skipped message="skipped"></skipped>
          </testcase>
          <testcase name="[It] [sig-storage] In-tree Volumes [Driver: azure-disk] [Testpattern: Dynamic PV (ext4)] volumes should store data" classname="Kubernetes e2e suite" status="skipped" time="0">
              <skipped message="skipped"></skipped>
          </testcase>
          <testcase name="[It] [sig-storage] CSI Mock selinux on mount metrics and SELinuxWarningController SELinuxMount metrics [LinuxOnly] [Feature:SELinux] [Serial] error is bumped on two Pods with a different context on RWX volume and SELinuxMount enabled [FeatureGate:SELinuxMountReadWriteOncePod] [Beta] [FeatureGate:SELinuxChangePolicy] [Beta] [FeatureGate:SELinuxMount] [Beta] [Feature:OffByDefault]" classname="Kubernetes e2e suite" status="skipped" time="0">
              <skipped message="skipped"></skipped>
          </testcase>
          <testcase name="[It] [sig-storage] In-tree Volumes [Driver: local] [LocalVolumeType: dir] [Testpattern: Dynamic PV (default fs)(allowExpansion)] volume-expand should resize volume when PVC is edited while pod is using it" classname="Kubernetes e2e suite" status="skipped" time="0">
              <skipped message="skipped"></skipped>
          </testcase>
          <testcase name="[It] [sig-storage] In-tree Volumes [Driver: emptydir] [Testpattern: Pre-provisioned PV (default fs)] subPath should fail if subpath file is outside the volume [Slow] [LinuxOnly]" classname="Kubernetes e2e suite" status="skipped" time="0">
              <skipped message="skipped"></skipped>
          </testcase>
          <testcase name="[It] [sig-storage] In-tree Volumes [Driver: azure-file] [Testpattern: Dynamic PV (default fs)] provisioning should provision storage with mount options" classname="Kubernetes e2e suite" status="skipped" time="0">
              <skipped message="skipped"></skipped>
          </testcase>
          <testcase name="[It] [sig-storage] In-tree Volumes [Driver: hostPath] [Testpattern: Dynamic PV (default fs)] subPath should unmount if pod is gracefully deleted while kubelet is down [Disruptive] [Slow] [LinuxOnly]" classname="Kubernetes e2e suite" status="skipped" time="0">
              <skipped message="skipped"></skipped>
          </testcase>
          <testcase name="[It] [sig-storage] In-tree Volumes [Driver: hostPath] [Testpattern: Dynamic PV (block volmode)] provisioning should provision storage with pvc data source in parallel [Slow]" classname="Kubernetes e2e suite" status="skipped" time="0">
              <skipped message="skipped"></skipped>
          </testcase>
          <testcase name="[It] [sig-storage] In-tree Volumes [Driver: iscsi] [Feature:Volumes] [Testpattern: Dynamic PV (block volmode)] multiVolume [Slow] should concurrently access the single read-only volume from pods on the same node" classname="Kubernetes e2e suite" status="skipped" time="0">
              <skipped message="skipped"></skipped>
          </testcase>
          <testcase name="[It] [sig-node] Pods Extended (pod generation) [Feature:PodObservedGenerationTracking] [FeatureGate:PodObservedGenerationTracking] [Alpha] [Feature:OffByDefault] Pod Generation pod rejected by kubelet should have updated generation and observedGeneration" classname="Kubernetes e2e suite" status="skipped" time="0">
              <skipped message="skipped"></skipped>
          </testcase>
          <testcase name="[It] [sig-storage] In-tree Volumes [Driver: vsphere] [Testpattern: Pre-provisioned PV (block volmode)] multiVolume [Slow] should concurrently access the volume and restored snapshot from pods on the same node [LinuxOnly] [Feature:VolumeSnapshotDataSource] [Feature:VolumeSourceXFS]" classname="Kubernetes e2e suite" status="skipped" time="0">
              <skipped message="skipped"></skipped>
          </testcase>
          <testcase name="[It] [sig-storage] In-tree Volumes [Driver: vsphere] [Testpattern: Dynamic PV (default fs)] volumes should store data" classname="Kubernetes e2e suite" status="skipped" time="0">
              <skipped message="skipped"></skipped>
          </testcase>
          <testcase name="[It] [sig-storage] In-tree Volumes [Driver: hostPath] [Testpattern: Inline-volume (default fs)] subPath should fail if subpath file is outside the volume [Slow] [LinuxOnly]" classname="Kubernetes e2e suite" status="skipped" time="0">
              <skipped message="skipped"></skipped>
          </testcase>
          <testcase name="[It] [sig-storage] Projected configMap updates should be reflected in volume [NodeConformance] [Conformance]" classname="Kubernetes e2e suite" status="passed" time="90.654960574"></testcase>
          <testcase name="[It] [sig-storage] In-tree Volumes [Driver: cinder] [Testpattern: Dynamic PV (default fs)] capacity provides storage capacity information" classname="Kubernetes e2e suite" status="skipped" time="0">
              <skipped message="skipped"></skipped>
          </testcase>
          <testcase name="[It] [sig-storage] In-tree Volumes [Driver: nfs] [Testpattern: Dynamic PV (ntfs)] [Feature:Windows] multiVolume [Slow] should access to two volumes with the same volume mode and retain data across pod recreation on different node" classname="Kubernetes e2e suite" status="skipped" time="0">
              <skipped message="skipped"></skipped>
          </testcase>
          <testcase name="[It] [sig-storage] In-tree Volumes [Driver: azure-disk] [Testpattern: Dynamic PV (ext4)] volumes should allow exec of files on the volume" classname="Kubernetes e2e suite" status="skipped" time="0">
              <skipped message="skipped"></skipped>
          </testcase>
          <testcase name="[It] [sig-storage] In-tree Volumes [Driver: local] [LocalVolumeType: gce-localssd-scsi-fs] [Serial] [Testpattern:  (delete policy)] volumegroupsnapshottable [Feature:volumegroupsnapshot] VolumeGroupSnapshottable  should create snapshots for multiple volumes in a pod" classname="Kubernetes e2e suite" status="skipped" time="0">
              <skipped message="skipped"></skipped>
          </testcase>
          <testcase name="[It] [sig-storage] In-tree Volumes [Driver: hostPathSymlink] [Testpattern: Dynamic PV (xfs)] [Slow] multiVolume [Slow] should access to two volumes with different volume mode and retain data across pod recreation on different node" classname="Kubernetes e2e suite" status="skipped" time="0">
              <skipped message="skipped"></skipped>
          </testcase>
          <testcase name="[It] [sig-storage] In-tree Volumes [Driver: vsphere] [Testpattern: Dynamic PV (filesystem volmode)] disruptive [Disruptive] [LinuxOnly] Should test that pv used in a pod that is deleted while the kubelet is down is usable by a new pod with a different SELinux context when kubelet returns [Feature:SELinux]" classname="Kubernetes e2e suite" status="skipped" time="0">
              <skipped message="skipped"></skipped>
          </testcase>
          <testcase name="[It] [sig-storage] In-tree Volumes [Driver: local] [LocalVolumeType: blockfs] [Testpattern: Dynamic PV (default fs)] subPath should support readOnly file specified in the volumeMount [LinuxOnly]" classname="Kubernetes e2e suite" status="skipped" time="0">
              <skipped message="skipped"></skipped>
          </testcase>
          <testcase name="[It] [sig-auth] ServiceAccounts should mount an API token into pods [Conformance]" classname="Kubernetes e2e suite" status="passed" time="2.319228745"></testcase>
          <testcase name="[It] [sig-storage] In-tree Volumes [Driver: local] [LocalVolumeType: gce-localssd-scsi-fs] [Serial] [Testpattern: Generic Ephemeral-volume (default fs) (late-binding)] ephemeral should support two pods which have the same volume definition" classname="Kubernetes e2e suite" status="skipped" time="0">
              <skipped message="skipped"></skipped>
          </testcase>
          <testcase name="[It] [sig-storage] In-tree Volumes [Driver: emptydir] [Testpattern: Pre-provisioned PV (block volmode)] volumeMode should fail to create pod by failing to mount volume [Slow]" classname="Kubernetes e2e suite" status="skipped" time="0">
              <skipped message="skipped"></skipped>
          </testcase>
          <testcase name="[It] [sig-storage] CSI Volumes [Driver: csi-hostpath] [Testpattern: Dynamic PV (default fs)] provisioning should provision storage with pvc data source in parallel [Slow]" classname="Kubernetes e2e suite" status="skipped" time="0">
              <skipped message="skipped"></skipped>
          </testcase>
          <testcase name="[It] [sig-storage] In-tree Volumes [Driver: vsphere] [Testpattern: Pre-provisioned PV (filesystem volmode)] volumeMode should fail to use a volume in a pod with mismatched mode [Slow]" classname="Kubernetes e2e suite" status="skipped" time="0">
              <skipped message="skipped"></skipped>
          </testcase>
          <testcase name="[It] [sig-storage] In-tree Volumes [Driver: local] [LocalVolumeType: dir-link-bindmounted] [Testpattern: Dynamic PV (filesystem volmode)] multiVolume [Slow] should concurrently access the single volume from pods on different node" classname="Kubernetes e2e suite" status="skipped" time="0">
              <skipped message="skipped"></skipped>
          </testcase>
          <testcase name="[It] [sig-storage] In-tree Volumes [Driver: local] [LocalVolumeType: tmpfs] [Testpattern: Pre-provisioned PV (default fs)] volumeIO should write files of various sizes, verify size, validate content [Slow]" classname="Kubernetes e2e suite" status="skipped" time="0">
              <skipped message="skipped"></skipped>
          </testcase>
          <testcase name="[It] [sig-storage] CSI Mock volume limit CSI volume limit information using mock driver should report attach limit for persistent volume when generic ephemeral volume is attached [Slow]" classname="Kubernetes e2e suite" status="skipped" time="0">
              <skipped message="skipped"></skipped>
          </testcase>
          <testcase name="[It] [sig-node] Container Runtime blackbox test on terminated container should report termination message if TerminationMessagePath is set [NodeConformance]" classname="Kubernetes e2e suite" status="skipped" time="0">
              <skipped message="skipped"></skipped>
          </testcase>
          <testcase name="[It] [sig-storage] In-tree Volumes [Driver: hostPath] [Testpattern: Dynamic PV (default fs)] subPath should support creating multiple subpath from same volumes [Slow]" classname="Kubernetes e2e suite" status="skipped" time="0">
              <skipped message="skipped"></skipped>
          </testcase>
          <testcase name="[It] [sig-storage] In-tree Volumes [Driver: nfs] [Testpattern: Dynamic PV (default fs)] subPath should support existing directory" classname="Kubernetes e2e suite" status="skipped" time="0">
              <skipped message="skipped"></skipped>
          </testcase>
          <testcase name="[It] [sig-windows] [Feature:WindowsHostProcessContainers] [MinimumKubeletVersion:1.22] HostProcess containers metrics should report count of started and failed to start HostProcess containers" classname="Kubernetes e2e suite" status="skipped" time="0">
              <skipped message="skipped"></skipped>
          </testcase>
          <testcase name="[It] [sig-storage] In-tree Volumes [Driver: cinder] [Testpattern: Pre-provisioned PV (block volmode)] volumes should store data" classname="Kubernetes e2e suite" status="skipped" time="0">
              <skipped message="skipped"></skipped>
          </testcase>
          <testcase name="[It] [sig-storage] In-tree Volumes [Driver: cinder] [Testpattern: Dynamic PV (ntfs)(allowExpansion)] [Feature:Windows] volume-expand should resize volume when PVC is edited while pod is using it" classname="Kubernetes e2e suite" status="skipped" time="0">
              <skipped message="skipped"></skipped>
          </testcase>
          <testcase name="[It] [sig-storage] In-tree Volumes [Driver: cinder] [Testpattern: Dynamic PV (default fs)] provisioning should provision storage with any volume data source [Serial]" classname="Kubernetes e2e suite" status="skipped" time="0">
              <skipped message="skipped"></skipped>
          </testcase>
          <testcase name="[It] [sig-storage] In-tree Volumes [Driver: local] [LocalVolumeType: tmpfs] [Testpattern: Pre-provisioned PV (block volmode)] multiVolume [Slow] should concurrently access the volume and its clone from pods on the same node [LinuxOnly] [Feature:VolumeSourceXFS]" classname="Kubernetes e2e suite" status="skipped" time="0">
              <skipped message="skipped"></skipped>
          </testcase>
          <testcase name="[It] [sig-storage] In-tree Volumes [Driver: local] [LocalVolumeType: dir-link] [Testpattern: Inline-volume (ext3)] volumes should store data" classname="Kubernetes e2e suite" status="skipped" time="0">
              <skipped message="skipped"></skipped>
          </testcase>
          <testcase name="[It] [sig-node] Secrets should patch a secret [Conformance]" classname="Kubernetes e2e suite" status="passed" time="0.101503258"></testcase>
          <testcase name="[It] [sig-storage] In-tree Volumes [Driver: iscsi] [Feature:Volumes] [Testpattern: Pre-provisioned PV (block volmode)] multiVolume [Slow] should concurrently access the single read-only volume from pods on the same node" classname="Kubernetes e2e suite" status="skipped" time="0">
              <skipped message="skipped"></skipped>
          </testcase>
          <testcase name="[It] [sig-storage] In-tree Volumes [Driver: local] [LocalVolumeType: block] [Testpattern: Dynamic PV (xfs)] [Slow] multiVolume [Slow] should access to two volumes with the same volume mode and retain data across pod recreation on different node" classname="Kubernetes e2e suite" status="skipped" time="0">
              <skipped message="skipped"></skipped>
          </testcase>
          <testcase name="[It] [sig-storage] In-tree Volumes [Driver: local] [LocalVolumeType: tmpfs] [Testpattern: Dynamic PV (block volmode)] multiVolume [Slow] should access to two volumes with the same volume mode and retain data across pod recreation on different node" classname="Kubernetes e2e suite" status="skipped" time="0">
              <skipped message="skipped"></skipped>
          </testcase>
          <testcase name="[It] [sig-storage] In-tree Volumes [Driver: local] [LocalVolumeType: gce-localssd-scsi-fs] [Serial] [Testpattern: Dynamic PV (block volmode)(allowExpansion)] volume-expand should resize volume when PVC is edited while pod is using it" classname="Kubernetes e2e suite" status="skipped" time="0">
              <skipped message="skipped"></skipped>
          </testcase>
          <testcase name="[It] [sig-storage] In-tree Volumes [Driver: iscsi] [Feature:Volumes] [Testpattern: Dynamic PV (ntfs)] [Feature:Windows] subPath should unmount if pod is gracefully deleted while kubelet is down [Disruptive] [Slow] [LinuxOnly]" classname="Kubernetes e2e suite" status="skipped" time="0">
              <skipped message="skipped"></skipped>
          </testcase>
          <testcase name="[It] [sig-storage] In-tree Volumes [Driver: hostPathSymlink] [Testpattern: Inline-volume (default fs)] subPath should support restarting containers using file as subpath [Slow] [LinuxOnly]" classname="Kubernetes e2e suite" status="skipped" time="0">
              <skipped message="skipped"></skipped>
          </testcase>
          <testcase name="[It] [sig-storage] In-tree Volumes [Driver: emptydir] [Testpattern: Dynamic PV (xfs)] [Slow] multiVolume [Slow] should concurrently access the single read-only volume from pods on the same node" classname="Kubernetes e2e suite" status="skipped" time="0">
              <skipped message="skipped"></skipped>
          </testcase>
          <testcase name="[It] [sig-storage] In-tree Volumes [Driver: hostPath] [Testpattern: Dynamic PV (default fs)] provisioning should provision correct filesystem size when restoring snapshot to larger size pvc [Feature:VolumeSnapshotDataSource]" classname="Kubernetes e2e suite" status="skipped" time="0">
              <skipped message="skipped"></skipped>
          </testcase>
          <testcase name="[It] [sig-storage] In-tree Volumes [Driver: nfs] [Testpattern: Pre-provisioned PV (ext4)] volumes should store data" classname="Kubernetes e2e suite" status="skipped" time="0">
              <skipped message="skipped"></skipped>
          </testcase>
          <testcase name="[It] [sig-storage] CSI Volumes [Driver: csi-hostpath] [Testpattern: Pre-provisioned PV (default fs)] subPath should fail if subpath with backstepping is outside the volume [Slow] [LinuxOnly]" classname="Kubernetes e2e suite" status="skipped" time="0">
              <skipped message="skipped"></skipped>
          </testcase>
          <testcase name="[It] [sig-storage] In-tree Volumes [Driver: emptydir] [Testpattern: Dynamic PV (default fs)] volumes should store data" classname="Kubernetes e2e suite" status="skipped" time="0">
              <skipped message="skipped"></skipped>
          </testcase>
          <testcase name="[It] [sig-storage] In-tree Volumes [Driver: nfs] [Testpattern: Dynamic PV (ntfs)] [Feature:Windows] volumes should allow exec of files on the volume" classname="Kubernetes e2e suite" status="skipped" time="0">
              <skipped message="skipped"></skipped>
          </testcase>
          <testcase name="[It] [sig-storage] In-tree Volumes [Driver: local] [LocalVolumeType: gce-localssd-scsi-fs] [Serial] [Testpattern: Dynamic PV (filesystem volmode)] disruptive [Disruptive] [LinuxOnly] Should test that pv used in a pod that is force deleted while the kubelet is down is usable by a new pod with a different SELinux context when kubelet returns [Feature:SELinux]" classname="Kubernetes e2e suite" status="skipped" time="0">
              <skipped message="skipped"></skipped>
          </testcase>
          <testcase name="[It] [sig-node] Downward API should provide pod name, namespace and IP address as env vars [NodeConformance] [Conformance]" classname="Kubernetes e2e suite" status="passed" time="4.079947697"></testcase>
          <testcase name="[It] [sig-storage] CSI Volumes [Driver: pd.csi.storage.gke.io] [Serial] [Testpattern: Dynamic PV (ntfs)] [Feature:Windows] subPath should support restarting containers using file as subpath [Slow] [LinuxOnly]" classname="Kubernetes e2e suite" status="skipped" time="0">
              <skipped message="skipped"></skipped>
          </testcase>
          <testcase name="[It] [sig-storage] In-tree Volumes [Driver: hostPathSymlink] [Testpattern: Pre-provisioned PV (block volmode)] multiVolume [Slow] should concurrently access the volume and its clone from pods on the same node [LinuxOnly] [Feature:VolumeSourceXFS]" classname="Kubernetes e2e suite" status="skipped" time="0">
              <skipped message="skipped"></skipped>
          </testcase>
          <testcase name="[It] [sig-storage] CSI Volumes [Driver: csi-hostpath] [Testpattern: Dynamic PV (default fs)] provisioning should provision storage with snapshot data source [Feature:VolumeSnapshotDataSource]" classname="Kubernetes e2e suite" status="skipped" time="0">
              <skipped message="skipped"></skipped>
          </testcase>
          <testcase name="[It] [sig-api-machinery] server version should find the server version [Conformance]" classname="Kubernetes e2e suite" status="passed" time="0.102487142"></testcase>
          <testcase name="[It] [sig-storage] CSI Volumes [Driver: pd.csi.storage.gke.io] [Serial] [Testpattern: Pre-provisioned PV (block volmode)] multiVolume [Slow] should concurrently access the volume and restored snapshot from pods on the same node [LinuxOnly] [Feature:VolumeSnapshotDataSource] [Feature:VolumeSourceXFS]" classname="Kubernetes e2e suite" status="skipped" time="0">
              <skipped message="skipped"></skipped>
          </testcase>
          <testcase name="[It] [sig-storage] In-tree Volumes [Driver: local] [LocalVolumeType: tmpfs] [Testpattern: Dynamic PV (filesystem volmode)] multiVolume [Slow] should access to two volumes with different volume mode and retain data across pod recreation on the same node" classname="Kubernetes e2e suite" status="skipped" time="0">
              <skipped message="skipped"></skipped>
          </testcase>
          <testcase name="[It] [sig-api-machinery] Garbage collector should not delete dependents that have both valid owner and owner that&#39;s waiting for dependents to be deleted [Serial] [Conformance]" classname="Kubernetes e2e suite" status="passed" time="17.316759979"></testcase>
          <testcase name="[It] [sig-scheduling] SchedulerPredicates [Serial] PodTopologySpread Filtering validates 4 pods with MaxSkew=1 are evenly distributed into 2 nodes" classname="Kubernetes e2e suite" status="skipped" time="0">
              <skipped message="skipped"></skipped>
          </testcase>
          <testcase name="[It] [sig-storage] In-tree Volumes [Driver: nfs] [Testpattern: Pre-provisioned PV (ext3)] volumes should store data" classname="Kubernetes e2e suite" status="skipped" time="0">
              <skipped message="skipped"></skipped>
          </testcase>
          <testcase name="[It] [sig-storage] In-tree Volumes [Driver: local] [LocalVolumeType: blockfs] [Testpattern: Dynamic PV (filesystem volmode)] volumeLimits should verify that all csinodes have volume limits" classname="Kubernetes e2e suite" status="skipped" time="0">
              <skipped message="skipped"></skipped>
          </testcase>
          <testcase name="[It] [sig-storage] In-tree Volumes [Driver: azure-file] [Testpattern: Dynamic PV (ext4)] volumes should store data" classname="Kubernetes e2e suite" status="skipped" time="0">
              <skipped message="skipped"></skipped>
          </testcase>
          <testcase name="[It] [sig-storage] In-tree Volumes [Driver: azure-disk] [Testpattern: Dynamic PV (xfs)] [Slow] volumes should store data" classname="Kubernetes e2e suite" status="skipped" time="0">
              <skipped message="skipped"></skipped>
          </testcase>
          <testcase name="[It] [sig-storage] In-tree Volumes [Driver: local] [LocalVolumeType: gce-localssd-scsi-fs] [Serial] [Testpattern: Pre-provisioned PV (ext4)] volumes should store data" classname="Kubernetes e2e suite" status="skipped" time="0">
              <skipped message="skipped"></skipped>
          </testcase>
          <testcase name="[It] [sig-network] LoadBalancers [Feature:LoadBalancer] should be able to change the type and ports of a UDP service [Slow]" classname="Kubernetes e2e suite" status="skipped" time="0">
              <skipped message="skipped"></skipped>
          </testcase>
          <testcase name="[It] [sig-storage] CSI Mock volume service account token CSIServiceAccountToken token should not be plumbed down when CSIDriver is not deployed" classname="Kubernetes e2e suite" status="skipped" time="0">
              <skipped message="skipped"></skipped>
          </testcase>
          <testcase name="[It] [sig-storage] In-tree Volumes [Driver: iscsi] [Feature:Volumes] [Testpattern: Dynamic PV (ntfs)] [Feature:Windows] subPath should fail if non-existent subpath is outside the volume [Slow] [LinuxOnly]" classname="Kubernetes e2e suite" status="skipped" time="0">
              <skipped message="skipped"></skipped>
          </testcase>
          <testcase name="[It] [sig-storage] In-tree Volumes [Driver: local] [LocalVolumeType: dir-link] [Testpattern: Inline-volume (xfs)] [Slow] volumes should store data" classname="Kubernetes e2e suite" status="skipped" time="0">
              <skipped message="skipped"></skipped>
          </testcase>
          <testcase name="[It] [sig-storage] In-tree Volumes [Driver: vsphere] [Testpattern: Dynamic PV (filesystem volmode)] disruptive [Disruptive] [LinuxOnly] Should test that pv used in a pod that is force deleted while the kubelet is down is usable by a new pod when kubelet returns [Feature:SELinux]" classname="Kubernetes e2e suite" status="skipped" time="0">
              <skipped message="skipped"></skipped>
          </testcase>
          <testcase name="[It] [sig-storage] In-tree Volumes [Driver: local] [LocalVolumeType: dir-link] [Testpattern: Dynamic PV (default fs)] volume-stress multiple pods should access different volumes repeatedly [Slow] [Serial]" classname="Kubernetes e2e suite" status="skipped" time="0">
              <skipped message="skipped"></skipped>
          </testcase>
          <testcase name="[It] [sig-storage] In-tree Volumes [Driver: local] [LocalVolumeType: tmpfs] [Testpattern: Dynamic PV (default fs)] volume-expand should not allow expansion of pvcs without AllowVolumeExpansion property" classname="Kubernetes e2e suite" status="skipped" time="0">
              <skipped message="skipped"></skipped>
          </testcase>
          <testcase name="[It] [sig-storage] In-tree Volumes [Driver: vsphere] [Testpattern: Dynamic PV (ntfs)] [Feature:Windows] multiVolume [Slow] should access to two volumes with different volume mode and retain data across pod recreation on different node" classname="Kubernetes e2e suite" status="skipped" time="0">
              <skipped message="skipped"></skipped>
          </testcase>
          <testcase name="[It] [sig-storage] CSI Volumes [Driver: csi-hostpath] [Testpattern: Dynamic PV (ext3)] volumes should store data" classname="Kubernetes e2e suite" status="skipped" time="0">
              <skipped message="skipped"></skipped>
          </testcase>
          <testcase name="[It] [sig-storage] In-tree Volumes [Driver: azure-file] [Testpattern: Inline-volume (default fs)] subPath should unmount if pod is force deleted while kubelet is down [Disruptive] [Slow] [LinuxOnly]" classname="Kubernetes e2e suite" status="skipped" time="0">
              <skipped message="skipped"></skipped>
          </testcase>
          <testcase name="[It] [sig-storage] CSI Volumes [Driver: csi-hostpath] [Testpattern: Pre-provisioned PV (filesystem volmode)] multiVolume [Slow] should concurrently access the single volume from pods on different node" classname="Kubernetes e2e suite" status="skipped" time="0">
              <skipped message="skipped"></skipped>
          </testcase>
          <testcase name="[It] [sig-storage] In-tree Volumes [Driver: iscsi] [Feature:Volumes] [Testpattern: Pre-provisioned PV (xfs)] [Slow] volumes should allow exec of files on the volume" classname="Kubernetes e2e suite" status="skipped" time="0">
              <skipped message="skipped"></skipped>
          </testcase>
          <testcase name="[It] [sig-storage] In-tree Volumes [Driver: emptydir] [Testpattern: Dynamic PV (ntfs)] [Feature:Windows] subPath should fail if subpath file is outside the volume [Slow] [LinuxOnly]" classname="Kubernetes e2e suite" status="skipped" time="0">
              <skipped message="skipped"></skipped>
          </testcase>
          <testcase name="[It] [sig-apps] ReplicationController should get and update a ReplicationController scale [Conformance]" classname="Kubernetes e2e suite" status="passed" time="2.064616957"></testcase>
          <testcase name="[It] [sig-storage] In-tree Volumes [Driver: cinder] [Testpattern: Inline-volume (default fs)] subPath should fail if subpath file is outside the volume [Slow] [LinuxOnly]" classname="Kubernetes e2e suite" status="skipped" time="0">
              <skipped message="skipped"></skipped>
          </testcase>
          <testcase name="[It] [sig-storage] In-tree Volumes [Driver: hostPathSymlink] [Testpattern: Inline-volume (ext3)] volumes should store data" classname="Kubernetes e2e suite" status="skipped" time="0">
              <skipped message="skipped"></skipped>
          </testcase>
          <testcase name="[It] [sig-storage] CSI Volumes [Driver: csi-hostpath] [Testpattern: Dynamic PV (ntfs)] [Feature:Windows] provisioning should provision storage with pvc data source in parallel [Slow]" classname="Kubernetes e2e suite" status="skipped" time="0">
              <skipped message="skipped"></skipped>
          </testcase>
          <testcase name="[It] [sig-storage] In-tree Volumes [Driver: local] [LocalVolumeType: block] [Testpattern: Dynamic PV (default fs)] volumes should store data" classname="Kubernetes e2e suite" status="skipped" time="0">
              <skipped message="skipped"></skipped>
          </testcase>
          <testcase name="[It] [sig-storage] In-tree Volumes [Driver: cinder] [Testpattern: Pre-provisioned PV (filesystem volmode)] volumeMode should not mount / map unused volumes in a pod [LinuxOnly]" classname="Kubernetes e2e suite" status="skipped" time="0">
              <skipped message="skipped"></skipped>
          </testcase>
          <testcase name="[It] [sig-node] PodOSRejection [NodeConformance] Kubelet [LinuxOnly] should reject pod when the node OS doesn&#39;t match pod&#39;s OS" classname="Kubernetes e2e suite" status="skipped" time="0">
              <skipped message="skipped"></skipped>
          </testcase>
          <testcase name="[It] [sig-storage] In-tree Volumes [Driver: cinder] [Testpattern: Dynamic PV (default fs)] subPath should fail if non-existent subpath is outside the volume [Slow] [LinuxOnly]" classname="Kubernetes e2e suite" status="skipped" time="0">
              <skipped message="skipped"></skipped>
          </testcase>
          <testcase name="[It] [sig-storage] CSI Volumes [Driver: csi-hostpath] [Testpattern: Generic Ephemeral-volume (block volmode) (late-binding)] ephemeral should create read-only inline ephemeral volume" classname="Kubernetes e2e suite" status="skipped" time="0">
              <skipped message="skipped"></skipped>
          </testcase>
          <testcase name="[It] [sig-autoscaling] [Feature:HPA] Horizontal pod autoscaling (scale resource: CPU) ReplicationController light Should scale from 1 pod to 2 pods" classname="Kubernetes e2e suite" status="skipped" time="0">
              <skipped message="skipped"></skipped>
          </testcase>
          <testcase name="[It] [sig-storage] CSI Volumes [Driver: pd.csi.storage.gke.io] [Serial] [Testpattern: Inline-volume (default fs)] subPath should support existing directories when readOnly specified in the volumeSource" classname="Kubernetes e2e suite" status="skipped" time="0">
              <skipped message="skipped"></skipped>
          </testcase>
          <testcase name="[It] [sig-storage] PersistentVolumes-local [Volume type: blockfswithformat] Set fsGroup for local volume should set different fsGroup for second pod if first pod is deleted [Flaky]" classname="Kubernetes e2e suite" status="skipped" time="0">
              <skipped message="skipped"></skipped>
          </testcase>
          <testcase name="[It] [sig-storage] In-tree Volumes [Driver: local] [LocalVolumeType: block] [Testpattern: Inline-volume (default fs)] subPath should be able to unmount after the subpath directory is deleted [LinuxOnly]" classname="Kubernetes e2e suite" status="skipped" time="0">
              <skipped message="skipped"></skipped>
          </testcase>
          <testcase name="[It] [sig-storage] In-tree Volumes [Driver: local] [LocalVolumeType: dir-link] [Testpattern: Dynamic PV (ntfs)] [Feature:Windows] subPath should support restarting containers using file as subpath [Slow] [LinuxOnly]" classname="Kubernetes e2e suite" status="skipped" time="0">
              <skipped message="skipped"></skipped>
          </testcase>
          <testcase name="[It] [sig-storage] CSI Volumes [Driver: pd.csi.storage.gke.io] [Serial] [Testpattern: Pre-provisioned PV (default fs)] volumes should store data" classname="Kubernetes e2e suite" status="skipped" time="0">
              <skipped message="skipped"></skipped>
          </testcase>
          <testcase name="[It] [sig-storage] In-tree Volumes [Driver: iscsi] [Feature:Volumes] [Testpattern: Dynamic PV (block volmode)] multiVolume [Slow] should access to two volumes with the same volume mode and retain data across pod recreation on different node" classname="Kubernetes e2e suite" status="skipped" time="0">
              <skipped message="skipped"></skipped>
          </testcase>
          <testcase name="[It] [sig-network] EndpointSliceMirroring should mirror a custom Endpoint with multiple subsets and same IP address" classname="Kubernetes e2e suite" status="skipped" time="0">
              <skipped message="skipped"></skipped>
          </testcase>
          <testcase name="[It] [sig-storage] In-tree Volumes [Driver: iscsi] [Feature:Volumes] [Testpattern: Dynamic PV (ext4)] volumes should store data" classname="Kubernetes e2e suite" status="skipped" time="0">
              <skipped message="skipped"></skipped>
          </testcase>
          <testcase name="[It] [sig-storage] In-tree Volumes [Driver: hostPathSymlink] [Testpattern: Pre-provisioned PV (filesystem volmode)] multiVolume [Slow] should access to two volumes with the same volume mode and retain data across pod recreation on the same node" classname="Kubernetes e2e suite" status="skipped" time="0">
              <skipped message="skipped"></skipped>
          </testcase>
          <testcase name="[It] [sig-storage] CSI Volumes [Driver: pd.csi.storage.gke.io] [Serial] [Testpattern: Dynamic PV (ntfs)] [Feature:Windows] multiVolume [Slow] should access to two volumes with different volume mode and retain data across pod recreation on the same node" classname="Kubernetes e2e suite" status="skipped" time="0">
              <skipped message="skipped"></skipped>
          </testcase>
          <testcase name="[It] [sig-storage] In-tree Volumes [Driver: hostPath] [Testpattern: Dynamic PV (block volmode)] disruptive [Disruptive] [LinuxOnly] Should test that pv used in a pod that is force deleted while the kubelet is down cleans up when the kubelet returns." classname="Kubernetes e2e suite" status="skipped" time="0">
              <skipped message="skipped"></skipped>
          </testcase>
          <testcase name="[It] [sig-storage] In-tree Volumes [Driver: hostPathSymlink] [Testpattern: Pre-provisioned PV (block volmode)] multiVolume [Slow] should access to two volumes with different volume mode and retain data across pod recreation on different node" classname="Kubernetes e2e suite" status="skipped" time="0">
              <skipped message="skipped"></skipped>
          </testcase>
          <testcase name="[It] [sig-api-machinery] CRDValidationRatcheting [Privileged:ClusterAdmin] [FeatureGate:CRDValidationRatcheting] MUST NOT fail to update a resource due to JSONSchema errors on unchanged correlatable fields" classname="Kubernetes e2e suite" status="skipped" time="0">
              <skipped message="skipped"></skipped>
          </testcase>
          <testcase name="[It] [sig-node] Security Context when if the container&#39;s primary UID belongs to some groups in the image [LinuxOnly] should add pod.Spec.SecurityContext.SupplementalGroups to them [LinuxOnly] in resultant supplementary groups for the container processes" classname="Kubernetes e2e suite" status="skipped" time="0">
              <skipped message="skipped"></skipped>
          </testcase>
          <testcase name="[It] [sig-storage] CSI Volumes [Driver: csi-hostpath] [Testpattern: Dynamic PV (default fs)(allowExpansion)] volume-expand Verify if offline PVC expansion works" classname="Kubernetes e2e suite" status="skipped" time="0">
              <skipped message="skipped"></skipped>
          </testcase>
          <testcase name="[It] [sig-storage] In-tree Volumes [Driver: local] [LocalVolumeType: block] [Testpattern: Dynamic PV (xfs)] [Slow] multiVolume [Slow] should concurrently access the volume and restored snapshot from pods on the same node [LinuxOnly] [Feature:VolumeSnapshotDataSource] [Feature:VolumeSourceXFS]" classname="Kubernetes e2e suite" status="skipped" time="0">
              <skipped message="skipped"></skipped>
          </testcase>
          <testcase name="[It] [sig-storage] In-tree Volumes [Driver: iscsi] [Feature:Volumes] [Testpattern: Dynamic PV (default fs)] subPath should support existing directory" classname="Kubernetes e2e suite" status="skipped" time="0">
              <skipped message="skipped"></skipped>
          </testcase>
          <testcase name="[It] [sig-node] kubelet kubectl get --raw &#34;/api/v1/nodes/&lt;insert-node-name-here&gt;/proxy/logs/?query=/&lt;insert-log-file-name-here&gt; [Feature:NodeLogQuery] should return the Microsoft-Windows-Security-SPP logs with the pattern Health" classname="Kubernetes e2e suite" status="skipped" time="0">
              <skipped message="skipped"></skipped>
          </testcase>
          <testcase name="[It] [sig-storage] ConfigMap optional updates should be reflected in volume [NodeConformance] [Conformance]" classname="Kubernetes e2e suite" status="passed" time="92.700286497"></testcase>
          <testcase name="[It] [sig-storage] In-tree Volumes [Driver: local] [LocalVolumeType: block] [Testpattern: Pre-provisioned PV (block volmode)] multiVolume [Slow] should access to two volumes with the same volume mode and retain data across pod recreation on the same node" classname="Kubernetes e2e suite" status="skipped" time="0">
              <skipped message="skipped"></skipped>
          </testcase>
          <testcase name="[It] [sig-storage] CSI Volumes [Driver: csi-hostpath] [Testpattern: Dynamic PV (ext4)] multiVolume [Slow] should concurrently access the volume and restored snapshot from pods on the same node [LinuxOnly] [Feature:VolumeSnapshotDataSource] [Feature:VolumeSourceXFS]" classname="Kubernetes e2e suite" status="skipped" time="0">
              <skipped message="skipped"></skipped>
          </testcase>
          <testcase name="[It] [sig-storage] In-tree Volumes [Driver: local] [LocalVolumeType: blockfs] [Testpattern: Dynamic PV (default fs)] volumes should allow exec of files on the volume" classname="Kubernetes e2e suite" status="skipped" time="0">
              <skipped message="skipped"></skipped>
          </testcase>
          <testcase name="[It] [sig-storage] In-tree Volumes [Driver: local] [LocalVolumeType: dir-bindmounted] [Testpattern: Generic Ephemeral-volume (default fs) (immediate-binding)] ephemeral should support two pods which have the same volume definition" classname="Kubernetes e2e suite" status="skipped" time="0">
              <skipped message="skipped"></skipped>
          </testcase>
          <testcase name="[It] [sig-storage] In-tree Volumes [Driver: cinder] [Testpattern: Dynamic PV (ext4)] multiVolume [Slow] should concurrently access the single volume from pods on the same node" classname="Kubernetes e2e suite" status="skipped" time="0">
              <skipped message="skipped"></skipped>
          </testcase>
          <testcase name="[It] [sig-storage] In-tree Volumes [Driver: local] [LocalVolumeType: dir-bindmounted] [Testpattern: Inline-volume (default fs)] subPath should fail if subpath file is outside the volume [Slow] [LinuxOnly]" classname="Kubernetes e2e suite" status="skipped" time="0">
              <skipped message="skipped"></skipped>
          </testcase>
          <testcase name="[It] [sig-storage] In-tree Volumes [Driver: nfs] [Testpattern: Dynamic PV (xfs)] [Slow] multiVolume [Slow] should concurrently access the single volume from pods on the same node" classname="Kubernetes e2e suite" status="skipped" time="0">
              <skipped message="skipped"></skipped>
          </testcase>
          <testcase name="[It] [sig-storage] In-tree Volumes [Driver: local] [LocalVolumeType: tmpfs] [Testpattern: Dynamic PV (ntfs)] [Feature:Windows] subPath should support readOnly directory specified in the volumeMount" classname="Kubernetes e2e suite" status="skipped" time="0">
              <skipped message="skipped"></skipped>
          </testcase>
          <testcase name="[It] [sig-storage] In-tree Volumes [Driver: emptydir] [Testpattern: Dynamic PV (ntfs)] [Feature:Windows] volumes should store data" classname="Kubernetes e2e suite" status="skipped" time="0">
              <skipped message="skipped"></skipped>
          </testcase>
          <testcase name="[It] [sig-storage] In-tree Volumes [Driver: iscsi] [Feature:Volumes] [Testpattern: Inline-volume (default fs)] subPath should fail if non-existent subpath is outside the volume [Slow] [LinuxOnly]" classname="Kubernetes e2e suite" status="skipped" time="0">
              <skipped message="skipped"></skipped>
          </testcase>
          <testcase name="[It] [sig-storage] In-tree Volumes [Driver: local] [LocalVolumeType: blockfs] [Testpattern: Inline-volume (ext4)] volumes should store data" classname="Kubernetes e2e suite" status="skipped" time="0">
              <skipped message="skipped"></skipped>
          </testcase>
          <testcase name="[It] [sig-storage] In-tree Volumes [Driver: local] [LocalVolumeType: blockfs] [Testpattern: Dynamic PV (ntfs)] [Feature:Windows] provisioning should provision storage with any volume data source [Serial]" classname="Kubernetes e2e suite" status="skipped" time="0">
              <skipped message="skipped"></skipped>
          </testcase>
          <testcase name="[It] [sig-storage] In-tree Volumes [Driver: local] [LocalVolumeType: block] [Testpattern: Dynamic PV (ntfs)] [Feature:Windows] provisioning should mount multiple PV pointing to the same storage on the same node" classname="Kubernetes e2e suite" status="skipped" time="0">
              <skipped message="skipped"></skipped>
          </testcase>
          <testcase name="[It] [sig-storage] In-tree Volumes [Driver: hostPathSymlink] [Testpattern: Pre-provisioned PV (default fs)] subPath should unmount if pod is force deleted while kubelet is down [Disruptive] [Slow] [LinuxOnly]" classname="Kubernetes e2e suite" status="skipped" time="0">
              <skipped message="skipped"></skipped>
          </testcase>
          <testcase name="[It] [sig-storage] In-tree Volumes [Driver: hostPath] [Testpattern: Dynamic PV (filesystem volmode)] disruptive [Disruptive] [LinuxOnly] Should test that pv written before kubelet restart is readable after restart." classname="Kubernetes e2e suite" status="skipped" time="0">
              <skipped message="skipped"></skipped>
          </testcase>
          <testcase name="[It] [sig-storage] In-tree Volumes [Driver: cinder] [Testpattern: Dynamic PV (default fs)] subPath should support creating multiple subpath from same volumes [Slow]" classname="Kubernetes e2e suite" status="skipped" time="0">
              <skipped message="skipped"></skipped>
          </testcase>
          <testcase name="[It] [sig-storage] In-tree Volumes [Driver: azure-file] [Testpattern: Pre-provisioned PV (block volmode)] multiVolume [Slow] should access to two volumes with the same volume mode and retain data across pod recreation on the same node" classname="Kubernetes e2e suite" status="skipped" time="0">
              <skipped message="skipped"></skipped>
          </testcase>
          <testcase name="[It] [sig-storage] In-tree Volumes [Driver: local] [LocalVolumeType: dir-link] [Testpattern: Dynamic PV (ntfs)] [Feature:Windows] provisioning should provision storage with pvc data source (ROX mode)" classname="Kubernetes e2e suite" status="skipped" time="0">
              <skipped message="skipped"></skipped>
          </testcase>
          <testcase name="[It] [sig-storage] CSI Volumes [Driver: pd.csi.storage.gke.io] [Serial] [Testpattern: Dynamic PV (ntfs)] [Feature:Windows] subPath should fail if subpath directory is outside the volume [Slow] [LinuxOnly]" classname="Kubernetes e2e suite" status="skipped" time="0">
              <skipped message="skipped"></skipped>
          </testcase>
          <testcase name="[It] [sig-storage] In-tree Volumes [Driver: local] [LocalVolumeType: tmpfs] [Testpattern: Generic Ephemeral-volume (default fs) (late-binding)] ephemeral should create read-only inline ephemeral volume" classname="Kubernetes e2e suite" status="skipped" time="0">
              <skipped message="skipped"></skipped>
          </testcase>
          <testcase name="[It] [sig-scheduling] SchedulerPredicates [Serial] validates that taints-tolerations is respected if not matching" classname="Kubernetes e2e suite" status="skipped" time="0">
              <skipped message="skipped"></skipped>
          </testcase>
          <testcase name="[It] [sig-storage] In-tree Volumes [Driver: local] [LocalVolumeType: gce-localssd-scsi-fs] [Serial] [Testpattern: Dynamic PV (ntfs)] [Feature:Windows] multiVolume [Slow] should concurrently access the volume and restored snapshot from pods on the same node [LinuxOnly] [Feature:VolumeSnapshotDataSource] [Feature:VolumeSourceXFS]" classname="Kubernetes e2e suite" status="skipped" time="0">
              <skipped message="skipped"></skipped>
          </testcase>
          <testcase name="[It] [sig-storage] In-tree Volumes [Driver: local] [LocalVolumeType: dir-bindmounted] [Testpattern: Pre-provisioned PV (filesystem volmode)] multiVolume [Slow] should access to two volumes with the same volume mode and retain data across pod recreation on different node" classname="Kubernetes e2e suite" status="skipped" time="0">
              <skipped message="skipped"></skipped>
          </testcase>
          <testcase name="[It] [sig-storage] In-tree Volumes [Driver: local] [LocalVolumeType: dir-bindmounted] [Testpattern: Dynamic PV (ext4)] multiVolume [Slow] should concurrently access the volume and its clone from pods on the same node [LinuxOnly] [Feature:VolumeSourceXFS]" classname="Kubernetes e2e suite" status="skipped" time="0">
              <skipped message="skipped"></skipped>
          </testcase>
          <testcase name="[It] [sig-storage] In-tree Volumes [Driver: hostPathSymlink] [Testpattern: Pre-provisioned PV (default fs)] subPath should support file as subpath [LinuxOnly]" classname="Kubernetes e2e suite" status="skipped" time="0">
              <skipped message="skipped"></skipped>
          </testcase>
          <testcase name="[It] [sig-storage] In-tree Volumes [Driver: local] [LocalVolumeType: tmpfs] [Testpattern: Pre-provisioned PV (filesystem volmode)] multiVolume [Slow] should concurrently access the single volume from pods on the same node" classname="Kubernetes e2e suite" status="skipped" time="0">
              <skipped message="skipped"></skipped>
          </testcase>
          <testcase name="[It] [sig-storage] In-tree Volumes [Driver: hostPathSymlink] [Testpattern: Dynamic PV (default fs)] provisioning should provision correct filesystem size when restoring snapshot to larger size pvc [Feature:VolumeSnapshotDataSource]" classname="Kubernetes e2e suite" status="skipped" time="0">
              <skipped message="skipped"></skipped>
          </testcase>
          <testcase name="[It] [sig-node] Pod InPlace Resize Container [FeatureGate:InPlacePodVerticalScaling] [Beta] Burstable QoS pod, one container with cpu &amp; memory requests + limits - increase CPU requests only" classname="Kubernetes e2e suite" status="skipped" time="0">
              <skipped message="skipped"></skipped>
          </testcase>
          <testcase name="[It] [sig-storage] In-tree Volumes [Driver: local] [LocalVolumeType: dir] [Testpattern: Dynamic PV (block volmode)] multiVolume [Slow] should access to two volumes with the same volume mode and retain data across pod recreation on different node" classname="Kubernetes e2e suite" status="skipped" time="0">
              <skipped message="skipped"></skipped>
          </testcase>
          <testcase name="[It] [sig-storage] In-tree Volumes [Driver: local] [LocalVolumeType: block] [Testpattern: Pre-provisioned PV (default fs)] subPath should support existing directories when readOnly specified in the volumeSource" classname="Kubernetes e2e suite" status="skipped" time="0">
              <skipped message="skipped"></skipped>
          </testcase>
          <testcase name="[It] [sig-storage] CSI Volumes [Driver: csi-hostpath] [Testpattern: Inline-volume (default fs)] subPath should support restarting containers using directory as subpath [Slow]" classname="Kubernetes e2e suite" status="skipped" time="0">
              <skipped message="skipped"></skipped>
          </testcase>
          <testcase name="[It] [sig-storage] CSI Volumes [Driver: pd.csi.storage.gke.io] [Serial] [Testpattern: Dynamic PV (default fs)] fsgroupchangepolicy (Always)[LinuxOnly], pod created with an initial fsgroup, volume contents ownership changed via chgrp in first pod, new pod with same fsgroup applied to the volume contents" classname="Kubernetes e2e suite" status="skipped" time="0">
              <skipped message="skipped"></skipped>
          </testcase>
          <testcase name="[It] [sig-storage] In-tree Volumes [Driver: local] [LocalVolumeType: dir-link-bindmounted] [Testpattern: Pre-provisioned PV (default fs)] subPath should fail if subpath with backstepping is outside the volume [Slow] [LinuxOnly]" classname="Kubernetes e2e suite" status="skipped" time="0">
              <skipped message="skipped"></skipped>
          </testcase>
          <testcase name="[It] [sig-storage] In-tree Volumes [Driver: local] [LocalVolumeType: block] [Testpattern: Dynamic PV (delayed binding)] topology should provision a volume and schedule a pod with AllowedTopologies" classname="Kubernetes e2e suite" status="skipped" time="0">
              <skipped message="skipped"></skipped>
          </testcase>
          <testcase name="[It] [sig-storage] In-tree Volumes [Driver: vsphere] [Testpattern: Pre-provisioned PV (filesystem volmode)] volumeMode should not mount / map unused volumes in a pod [LinuxOnly]" classname="Kubernetes e2e suite" status="skipped" time="0">
              <skipped message="skipped"></skipped>
          </testcase>
          <testcase name="[It] [sig-storage] In-tree Volumes [Driver: local] [LocalVolumeType: block] [Testpattern: Inline-volume (default fs)] subPath should verify container cannot write to subpath readonly volumes [Slow]" classname="Kubernetes e2e suite" status="skipped" time="0">
              <skipped message="skipped"></skipped>
          </testcase>
          <testcase name="[It] [sig-storage] In-tree Volumes [Driver: local] [LocalVolumeType: blockfs] [Testpattern: Dynamic PV (xfs)] [Slow] volumes should allow exec of files on the volume" classname="Kubernetes e2e suite" status="skipped" time="0">
              <skipped message="skipped"></skipped>
          </testcase>
          <testcase name="[It] [sig-apps] DisruptionController evictions: enough pods, absolute =&gt; should allow an eviction" classname="Kubernetes e2e suite" status="skipped" time="0">
              <skipped message="skipped"></skipped>
          </testcase>
          <testcase name="[It] [sig-storage] [Serial] Volume metrics PVController should create bound pv/pvc count metrics for pvc controller after creating both pv and pvc" classname="Kubernetes e2e suite" status="skipped" time="0">
              <skipped message="skipped"></skipped>
          </testcase>
          <testcase name="[It] [sig-windows] [Feature:Windows] Kubelet-Stats Kubelet stats collection for Windows nodes when running 3 pods should return within 10 seconds" classname="Kubernetes e2e suite" status="skipped" time="0">
              <skipped message="skipped"></skipped>
          </testcase>
          <testcase name="[It] [sig-storage] In-tree Volumes [Driver: local] [LocalVolumeType: tmpfs] [Testpattern: Pre-provisioned PV (block volmode)] volumeMode should not mount / map unused volumes in a pod [LinuxOnly]" classname="Kubernetes e2e suite" status="skipped" time="0">
              <skipped message="skipped"></skipped>
          </testcase>
          <testcase name="[It] [sig-storage] In-tree Volumes [Driver: local] [LocalVolumeType: blockfs] [Testpattern: Dynamic PV (block volmode)] multiVolume [Slow] should concurrently access the volume and restored snapshot from pods on the same node [LinuxOnly] [Feature:VolumeSnapshotDataSource] [Feature:VolumeSourceXFS]" classname="Kubernetes e2e suite" status="skipped" time="0">
              <skipped message="skipped"></skipped>
          </testcase>
          <testcase name="[It] [sig-storage] In-tree Volumes [Driver: local] [LocalVolumeType: dir-link] [Testpattern: Dynamic PV (default fs)] volume-expand should not allow expansion of pvcs without AllowVolumeExpansion property" classname="Kubernetes e2e suite" status="skipped" time="0">
              <skipped message="skipped"></skipped>
          </testcase>
          <testcase name="[It] [sig-storage] In-tree Volumes [Driver: emptydir] [Testpattern: Dynamic PV (ntfs)] [Feature:Windows] volumeIO should write files of various sizes, verify size, validate content [Slow]" classname="Kubernetes e2e suite" status="skipped" time="0">
              <skipped message="skipped"></skipped>
          </testcase>
          <testcase name="[It] [sig-storage] In-tree Volumes [Driver: local] [LocalVolumeType: gce-localssd-scsi-fs] [Serial] [Testpattern: Dynamic PV (block volmode)] multiVolume [Slow] should concurrently access the volume and restored snapshot from pods on the same node [LinuxOnly] [Feature:VolumeSnapshotDataSource] [Feature:VolumeSourceXFS]" classname="Kubernetes e2e suite" status="skipped" time="0">
              <skipped message="skipped"></skipped>
          </testcase>
          <testcase name="[It] [sig-storage] In-tree Volumes [Driver: azure-disk] [Testpattern: Dynamic PV (filesystem volmode)] disruptive [Disruptive] [LinuxOnly] Should test that pv used in a pod that is deleted while the kubelet is down is usable by a new pod with a different SELinux context when kubelet returns [Feature:SELinux]" classname="Kubernetes e2e suite" status="skipped" time="0">
              <skipped message="skipped"></skipped>
          </testcase>
          <testcase name="[It] [sig-storage] In-tree Volumes [Driver: local] [LocalVolumeType: tmpfs] [Testpattern: Pre-provisioned PV (filesystem volmode)] multiVolume [Slow] should concurrently access the single volume from pods on different node" classname="Kubernetes e2e suite" status="skipped" time="0">
              <skipped message="skipped"></skipped>
          </testcase>
          <testcase name="[It] [sig-storage] In-tree Volumes [Driver: hostPathSymlink] [Testpattern: Inline-volume (default fs)] volumes should store data" classname="Kubernetes e2e suite" status="skipped" time="0">
              <skipped message="skipped"></skipped>
          </testcase>
          <testcase name="[It] [sig-storage] In-tree Volumes [Driver: local] [LocalVolumeType: dir] [Testpattern: Pre-provisioned PV (ext3)] volumes should allow exec of files on the volume" classname="Kubernetes e2e suite" status="skipped" time="0">
              <skipped message="skipped"></skipped>
          </testcase>
          <testcase name="[It] [sig-storage] CSI Mock volume node stage CSI NodeStage error cases [Slow] should retry NodeStage after NodeStage ephemeral error" classname="Kubernetes e2e suite" status="skipped" time="0">
              <skipped message="skipped"></skipped>
          </testcase>
          <testcase name="[It] [sig-storage] In-tree Volumes [Driver: local] [LocalVolumeType: dir-link-bindmounted] [Testpattern: Dynamic PV (ntfs)] [Feature:Windows] subPath should support readOnly directory specified in the volumeMount" classname="Kubernetes e2e suite" status="skipped" time="0">
              <skipped message="skipped"></skipped>
          </testcase>
          <testcase name="[It] [sig-storage] In-tree Volumes [Driver: local] [LocalVolumeType: block] [Testpattern: Inline-volume (default fs)] subPath should support existing single file [LinuxOnly]" classname="Kubernetes e2e suite" status="skipped" time="0">
              <skipped message="skipped"></skipped>
          </testcase>
          <testcase name="[It] [sig-storage] In-tree Volumes [Driver: local] [LocalVolumeType: dir] [Testpattern: Dynamic PV (default fs)] subPath should fail if non-existent subpath is outside the volume [Slow] [LinuxOnly]" classname="Kubernetes e2e suite" status="skipped" time="0">
              <skipped message="skipped"></skipped>
          </testcase>
          <testcase name="[It] [sig-storage] CSI Mock workload info CSI PodInfoOnMount Update should not be passed when update from true to false" classname="Kubernetes e2e suite" status="skipped" time="0">
              <skipped message="skipped"></skipped>
          </testcase>
          <testcase name="[It] [sig-storage] CSI Volumes [Driver: pd.csi.storage.gke.io] [Serial] [Testpattern: Dynamic PV (xfs)] [Slow] multiVolume [Slow] should concurrently access the volume and its clone from pods on the same node [LinuxOnly] [Feature:VolumeSourceXFS]" classname="Kubernetes e2e suite" status="skipped" time="0">
              <skipped message="skipped"></skipped>
          </testcase>
          <testcase name="[It] [sig-storage] In-tree Volumes [Driver: hostPath] [Testpattern: Pre-provisioned PV (filesystem volmode)] multiVolume [Slow] should access to two volumes with the same volume mode and retain data across pod recreation on the same node" classname="Kubernetes e2e suite" status="skipped" time="0">
              <skipped message="skipped"></skipped>
          </testcase>
          <testcase name="[It] [sig-storage] In-tree Volumes [Driver: azure-disk] [Testpattern: Dynamic PV (ntfs)] [Feature:Windows] multiVolume [Slow] should concurrently access the volume and its clone from pods on the same node [LinuxOnly] [Feature:VolumeSourceXFS]" classname="Kubernetes e2e suite" status="skipped" time="0">
              <skipped message="skipped"></skipped>
          </testcase>
          <testcase name="[It] [sig-storage] In-tree Volumes [Driver: local] [LocalVolumeType: dir-bindmounted] [Testpattern: Dynamic PV (default fs)] volumeIO should write files of various sizes, verify size, validate content [Slow]" classname="Kubernetes e2e suite" status="skipped" time="0">
              <skipped message="skipped"></skipped>
          </testcase>
          <testcase name="[It] [sig-storage] In-tree Volumes [Driver: local] [LocalVolumeType: dir] [Testpattern: Dynamic PV (default fs)] provisioning should provision storage with any volume data source [Serial]" classname="Kubernetes e2e suite" status="skipped" time="0">
              <skipped message="skipped"></skipped>
          </testcase>
          <testcase name="[It] [sig-storage] EmptyDir wrapper volumes should not cause race condition when used for git_repo [FeatureGate:GitRepoVolumeDriver] [Deprecated] [Feature:OffByDefault] [Serial] [Slow]" classname="Kubernetes e2e suite" status="skipped" time="0">
              <skipped message="skipped"></skipped>
          </testcase>
          <testcase name="[It] [sig-storage] In-tree Volumes [Driver: local] [LocalVolumeType: dir-link-bindmounted] [Testpattern: Dynamic PV (ext4)] multiVolume [Slow] should concurrently access the single volume from pods on the same node" classname="Kubernetes e2e suite" status="skipped" time="0">
              <skipped message="skipped"></skipped>
          </testcase>
          <testcase name="[It] [sig-apps] DisruptionController should not evict unready pods with IfHealthyBudget UnhealthyPodEvictionPolicy" classname="Kubernetes e2e suite" status="skipped" time="0">
              <skipped message="skipped"></skipped>
          </testcase>
          <testcase name="[It] [sig-storage] CSI Volumes [Driver: csi-hostpath] [Testpattern: Generic Ephemeral-volume (default fs) (immediate-binding)] ephemeral should support two pods which have the same volume definition" classname="Kubernetes e2e suite" status="skipped" time="0">
              <skipped message="skipped"></skipped>
          </testcase>
          <testcase name="[It] [sig-storage] In-tree Volumes [Driver: nfs] [Testpattern: Dynamic PV (ntfs)] [Feature:Windows] subPath should fail if subpath with backstepping is outside the volume [Slow] [LinuxOnly]" classname="Kubernetes e2e suite" status="skipped" time="0">
              <skipped message="skipped"></skipped>
          </testcase>
          <testcase name="[It] [sig-storage] In-tree Volumes [Driver: local] [LocalVolumeType: dir-link] [Testpattern: Dynamic PV (ntfs)] [Feature:Windows] multiVolume [Slow] should access to two volumes with different volume mode and retain data across pod recreation on different node" classname="Kubernetes e2e suite" status="skipped" time="0">
              <skipped message="skipped"></skipped>
          </testcase>
          <testcase name="[It] [sig-network] Proxy version v1 should proxy logs on node with explicit kubelet port using proxy subresource" classname="Kubernetes e2e suite" status="skipped" time="0">
              <skipped message="skipped"></skipped>
          </testcase>
          <testcase name="[It] [sig-apps] Job should record the failure-count in the Pod annotation when using backoffLimitPerIndex" classname="Kubernetes e2e suite" status="skipped" time="0">
              <skipped message="skipped"></skipped>
          </testcase>
          <testcase name="[It] [sig-storage] In-tree Volumes [Driver: vsphere] [Testpattern: Dynamic PV (default fs)] subPath should support existing single file [LinuxOnly]" classname="Kubernetes e2e suite" status="skipped" time="0">
              <skipped message="skipped"></skipped>
          </testcase>
          <testcase name="[It] [sig-storage] In-tree Volumes [Driver: local] [LocalVolumeType: block] [Testpattern: Dynamic PV (filesystem volmode)] multiVolume [Slow] should concurrently access the volume and its clone from pods on the same node [LinuxOnly] [Feature:VolumeSourceXFS]" classname="Kubernetes e2e suite" status="skipped" time="0">
              <skipped message="skipped"></skipped>
          </testcase>
          <testcase name="[It] [sig-storage] In-tree Volumes [Driver: hostPathSymlink] [Testpattern: Dynamic PV (default fs)] provisioning should provision storage with pvc data source (ROX mode)" classname="Kubernetes e2e suite" status="skipped" time="0">
              <skipped message="skipped"></skipped>
          </testcase>
          <testcase name="[It] [sig-storage] In-tree Volumes [Driver: vsphere] [Testpattern: Inline-volume (xfs)] [Slow] volumes should allow exec of files on the volume" classname="Kubernetes e2e suite" status="skipped" time="0">
              <skipped message="skipped"></skipped>
          </testcase>
          <testcase name="[It] [sig-storage] In-tree Volumes [Driver: hostPath] [Testpattern: Dynamic PV (filesystem volmode)] volumeMode should not mount / map unused volumes in a pod [LinuxOnly]" classname="Kubernetes e2e suite" status="skipped" time="0">
              <skipped message="skipped"></skipped>
          </testcase>
          <testcase name="[It] [sig-storage] In-tree Volumes [Driver: local] [LocalVolumeType: dir-link] [Testpattern: Dynamic PV (ntfs)] [Feature:Windows] subPath should support creating multiple subpath from same volumes [Slow]" classname="Kubernetes e2e suite" status="skipped" time="0">
              <skipped message="skipped"></skipped>
          </testcase>
          <testcase name="[It] [sig-storage] In-tree Volumes [Driver: iscsi] [Feature:Volumes] [Testpattern: Pre-provisioned PV (ext3)] volumes should store data" classname="Kubernetes e2e suite" status="skipped" time="0">
              <skipped message="skipped"></skipped>
          </testcase>
          <testcase name="[It] [sig-apps] StatefulSet Basic StatefulSet functionality [StatefulSetBasic] should validate Statefulset Status endpoints [Conformance]" classname="Kubernetes e2e suite" status="passed" time="20.103633292"></testcase>
          <testcase name="[It] [sig-storage] In-tree Volumes [Driver: iscsi] [Feature:Volumes] [Testpattern: Dynamic PV (default fs)] subPath should be able to unmount after the subpath directory is deleted [LinuxOnly]" classname="Kubernetes e2e suite" status="skipped" time="0">
              <skipped message="skipped"></skipped>
          </testcase>
          <testcase name="[It] [sig-auth] ServiceAccounts should run through the lifecycle of a ServiceAccount [Conformance]" classname="Kubernetes e2e suite" status="passed" time="0.103813835"></testcase>
          <testcase name="[It] [sig-storage] In-tree Volumes [Driver: nfs] [Testpattern: Dynamic PV (block volmode)] volume-expand should not allow expansion of pvcs without AllowVolumeExpansion property" classname="Kubernetes e2e suite" status="skipped" time="0">
              <skipped message="skipped"></skipped>
          </testcase>
          <testcase name="[It] [sig-storage] In-tree Volumes [Driver: local] [LocalVolumeType: dir-link] [Testpattern: Dynamic PV (filesystem volmode)] disruptive [Disruptive] [LinuxOnly] Should test that pv used in a pod that is force deleted while the kubelet is down is usable by a new pod when kubelet returns [Feature:SELinux]" classname="Kubernetes e2e suite" status="skipped" time="0">
              <skipped message="skipped"></skipped>
          </testcase>
          <testcase name="[It] [sig-storage] In-tree Volumes [Driver: local] [LocalVolumeType: tmpfs] [Testpattern: Pre-provisioned PV (default fs)] subPath should support restarting containers using file as subpath [Slow] [LinuxOnly]" classname="Kubernetes e2e suite" status="skipped" time="0">
              <skipped message="skipped"></skipped>
          </testcase>
          <testcase name="[It] [sig-storage] In-tree Volumes [Driver: local] [LocalVolumeType: tmpfs] [Testpattern: Dynamic PV (filesystem volmode)] multiVolume [Slow] should access to two volumes with different volume mode and retain data across pod recreation on different node" classname="Kubernetes e2e suite" status="skipped" time="0">
              <skipped message="skipped"></skipped>
          </testcase>
          <testcase name="[It] [sig-storage] In-tree Volumes [Driver: local] [LocalVolumeType: dir-link-bindmounted] [Testpattern: Dynamic PV (ntfs)] [Feature:Windows] multiVolume [Slow] should access to two volumes with the same volume mode and retain data across pod recreation on different node" classname="Kubernetes e2e suite" status="skipped" time="0">
              <skipped message="skipped"></skipped>
          </testcase>
          <testcase name="[It] [sig-storage] In-tree Volumes [Driver: azure-disk] [Testpattern: Inline-volume (default fs)] subPath should support file as subpath [LinuxOnly]" classname="Kubernetes e2e suite" status="skipped" time="0">
              <skipped message="skipped"></skipped>
          </testcase>
          <testcase name="[It] [sig-storage] In-tree Volumes [Driver: local] [LocalVolumeType: tmpfs] [Testpattern: Inline-volume (default fs)] subPath should support existing directories when readOnly specified in the volumeSource" classname="Kubernetes e2e suite" status="skipped" time="0">
              <skipped message="skipped"></skipped>
          </testcase>
          <testcase name="[It] [sig-storage] In-tree Volumes [Driver: local] [LocalVolumeType: gce-localssd-scsi-fs] [Serial] [Testpattern: Dynamic PV (default fs)] subPath should support readOnly file specified in the volumeMount [LinuxOnly]" classname="Kubernetes e2e suite" status="skipped" time="0">
              <skipped message="skipped"></skipped>
          </testcase>
          <testcase name="[It] [sig-storage] In-tree Volumes [Driver: local] [LocalVolumeType: dir-link-bindmounted] [Testpattern: Dynamic PV (ntfs)] [Feature:Windows] multiVolume [Slow] should concurrently access the single volume from pods on different node" classname="Kubernetes e2e suite" status="skipped" time="0">
              <skipped message="skipped"></skipped>
          </testcase>
          <testcase name="[It] [sig-storage] In-tree Volumes [Driver: local] [LocalVolumeType: blockfs] [Testpattern: Inline-volume (default fs)] subPath should support existing directories when readOnly specified in the volumeSource" classname="Kubernetes e2e suite" status="skipped" time="0">
              <skipped message="skipped"></skipped>
          </testcase>
          <testcase name="[It] [sig-storage] In-tree Volumes [Driver: cinder] [Testpattern: Dynamic PV (default fs)] fsgroupchangepolicy (OnRootMismatch)[LinuxOnly], pod created with an initial fsgroup, new pod fsgroup applied to volume contents" classname="Kubernetes e2e suite" status="skipped" time="0">
              <skipped message="skipped"></skipped>
          </testcase>
          <testcase name="[It] [sig-storage] In-tree Volumes [Driver: azure-file] [Testpattern: Dynamic PV (ntfs)] [Feature:Windows] subPath should unmount if pod is force deleted while kubelet is down [Disruptive] [Slow] [LinuxOnly]" classname="Kubernetes e2e suite" status="skipped" time="0">
              <skipped message="skipped"></skipped>
          </testcase>
          <testcase name="[It] [sig-storage] In-tree Volumes [Driver: emptydir] [Testpattern: Inline-volume (default fs)] volumes should allow exec of files on the volume" classname="Kubernetes e2e suite" status="skipped" time="0">
              <skipped message="skipped"></skipped>
          </testcase>
          <testcase name="[It] [sig-storage] In-tree Volumes [Driver: local] [LocalVolumeType: gce-localssd-scsi-fs] [Serial] [Testpattern: Dynamic PV (block volmode)] provisioning should provision correct filesystem size when restoring snapshot to larger size pvc [Feature:VolumeSnapshotDataSource]" classname="Kubernetes e2e suite" status="skipped" time="0">
              <skipped message="skipped"></skipped>
          </testcase>
          <testcase name="[It] [sig-storage] In-tree Volumes [Driver: azure-disk] [Testpattern: Dynamic PV (xfs)] [Slow] multiVolume [Slow] should access to two volumes with the same volume mode and retain data across pod recreation on the same node" classname="Kubernetes e2e suite" status="skipped" time="0">
              <skipped message="skipped"></skipped>
          </testcase>
          <testcase name="[It] [sig-cli] Kubectl client kubectl subresource flag should not be used in a bulk GET" classname="Kubernetes e2e suite" status="skipped" time="0">
              <skipped message="skipped"></skipped>
          </testcase>
          <testcase name="[It] [sig-storage] In-tree Volumes [Driver: local] [LocalVolumeType: dir-link-bindmounted] [Testpattern: Dynamic PV (default fs)] volumes should store data" classname="Kubernetes e2e suite" status="skipped" time="0">
              <skipped message="skipped"></skipped>
          </testcase>
          <testcase name="[It] [sig-storage] In-tree Volumes [Driver: iscsi] [Feature:Volumes] [Testpattern: Inline-volume (ext4)] volumes should allow exec of files on the volume" classname="Kubernetes e2e suite" status="skipped" time="0">
              <skipped message="skipped"></skipped>
          </testcase>
          <testcase name="[It] [sig-storage] In-tree Volumes [Driver: local] [LocalVolumeType: blockfs] [Testpattern: Dynamic PV (block volmode)] provisioning should provision storage with any volume data source [Serial]" classname="Kubernetes e2e suite" status="skipped" time="0">
              <skipped message="skipped"></skipped>
          </testcase>
          <testcase name="[It] [sig-storage] In-tree Volumes [Driver: local] [LocalVolumeType: tmpfs] [Testpattern: Dynamic PV (default fs)] subPath should support readOnly directory specified in the volumeMount" classname="Kubernetes e2e suite" status="skipped" time="0">
              <skipped message="skipped"></skipped>
          </testcase>
          <testcase name="[It] [sig-storage] CSI Mock volume fsgroup policies CSI FSGroupPolicy Update [LinuxOnly] should update fsGroup if update from File to default" classname="Kubernetes e2e suite" status="skipped" time="0">
              <skipped message="skipped"></skipped>
          </testcase>
          <testcase name="[It] [sig-storage] HostPathType Character Device [Slow] Should fail on mounting character device &#39;achardev&#39; when HostPathType is HostPathFile" classname="Kubernetes e2e suite" status="skipped" time="0">
              <skipped message="skipped"></skipped>
          </testcase>
          <testcase name="[It] [sig-storage] CSI Volumes [Driver: csi-hostpath] [Testpattern: Dynamic PV (ntfs)] [Feature:Windows] provisioning should provision storage with pvc data source" classname="Kubernetes e2e suite" status="skipped" time="0">
              <skipped message="skipped"></skipped>
          </testcase>
          <testcase name="[It] [sig-storage] In-tree Volumes [Driver: nfs] [Testpattern: Dynamic PV (block volmode)] multiVolume [Slow] should concurrently access the single read-only volume from pods on the same node" classname="Kubernetes e2e suite" status="skipped" time="0">
              <skipped message="skipped"></skipped>
          </testcase>
          <testcase name="[It] [sig-storage] CSI Volumes [Driver: csi-hostpath] [Testpattern: Dynamic Snapshot (delete policy)] snapshottable [Feature:VolumeSnapshotDataSource] volume snapshot controller  should check snapshot fields, check restore correctly works after modifying source data, check deletion (persistent)" classname="Kubernetes e2e suite" status="skipped" time="0">
              <skipped message="skipped"></skipped>
          </testcase>
          <testcase name="[It] [sig-network] LoadBalancers [Feature:LoadBalancer] should have session affinity work for LoadBalancer service with Cluster traffic policy [Slow] [LinuxOnly]" classname="Kubernetes e2e suite" status="skipped" time="0">
              <skipped message="skipped"></skipped>
          </testcase>
          <testcase name="[It] [sig-storage] EmptyDir volumes when FSGroup is specified [LinuxOnly] files with FSGroup ownership should support (root,0644,tmpfs)" classname="Kubernetes e2e suite" status="skipped" time="0">
              <skipped message="skipped"></skipped>
          </testcase>
          <testcase name="[It] [sig-node] Pod InPlace Resize Container [FeatureGate:InPlacePodVerticalScaling] [Beta] Burstable QoS pod, one container with cpu &amp; memory requests + limits - remove memory limits" classname="Kubernetes e2e suite" status="skipped" time="0">
              <skipped message="skipped"></skipped>
          </testcase>
          <testcase name="[It] [sig-storage] In-tree Volumes [Driver: local] [LocalVolumeType: dir-link-bindmounted] [Testpattern: Dynamic PV (filesystem volmode)] volumeMode should not mount / map unused volumes in a pod [LinuxOnly]" classname="Kubernetes e2e suite" status="skipped" time="0">
              <skipped message="skipped"></skipped>
          </testcase>
          <testcase name="[It] [sig-storage] CSI Mock volume snapshot CSI Volume Snapshots [Feature:VolumeSnapshotDataSource] volumesnapshotcontent and pvc in Bound state with deletion timestamp set should not get deleted while snapshot finalizer exists" classname="Kubernetes e2e suite" status="skipped" time="0">
              <skipped message="skipped"></skipped>
          </testcase>
          <testcase name="[It] [sig-storage] In-tree Volumes [Driver: azure-file] [Testpattern: Dynamic PV (ntfs)] [Feature:Windows] subPath should support restarting containers using file as subpath [Slow] [LinuxOnly]" classname="Kubernetes e2e suite" status="skipped" time="0">
              <skipped message="skipped"></skipped>
          </testcase>
          <testcase name="[It] [sig-storage] CSI Volumes [Driver: pd.csi.storage.gke.io] [Serial] [Testpattern: Dynamic PV (ntfs)] [Feature:Windows] multiVolume [Slow] should access to two volumes with the same volume mode and retain data across pod recreation on different node" classname="Kubernetes e2e suite" status="skipped" time="0">
              <skipped message="skipped"></skipped>
          </testcase>
          <testcase name="[It] [sig-storage] In-tree Volumes [Driver: local] [LocalVolumeType: dir-bindmounted] [Testpattern: Dynamic PV (filesystem volmode)] multiVolume [Slow] should access to two volumes with different volume mode and retain data across pod recreation on different node" classname="Kubernetes e2e suite" status="skipped" time="0">
              <skipped message="skipped"></skipped>
          </testcase>
          <testcase name="[It] [sig-storage] In-tree Volumes [Driver: local] [LocalVolumeType: dir-bindmounted] [Testpattern: Inline-volume (default fs)] subPath should support restarting containers using directory as subpath [Slow]" classname="Kubernetes e2e suite" status="skipped" time="0">
              <skipped message="skipped"></skipped>
          </testcase>
          <testcase name="[It] [sig-storage] In-tree Volumes [Driver: azure-file] [Testpattern: Pre-provisioned PV (filesystem volmode)] multiVolume [Slow] should access to two volumes with the same volume mode and retain data across pod recreation on the same node" classname="Kubernetes e2e suite" status="skipped" time="0">
              <skipped message="skipped"></skipped>
          </testcase>
          <testcase name="[It] [sig-storage] In-tree Volumes [Driver: hostPath] [Testpattern: Dynamic PV (default fs)] subPath should support readOnly file specified in the volumeMount [LinuxOnly]" classname="Kubernetes e2e suite" status="skipped" time="0">
              <skipped message="skipped"></skipped>
          </testcase>
          <testcase name="[It] [sig-storage] In-tree Volumes [Driver: azure-file] [Testpattern: Dynamic PV (ntfs)] [Feature:Windows] subPath should verify container cannot write to subpath readonly volumes [Slow]" classname="Kubernetes e2e suite" status="skipped" time="0">
              <skipped message="skipped"></skipped>
          </testcase>
          <testcase name="[It] [sig-storage] In-tree Volumes [Driver: hostPathSymlink] [Testpattern: Dynamic PV (default fs)] subPath should support readOnly directory specified in the volumeMount" classname="Kubernetes e2e suite" status="skipped" time="0">
              <skipped message="skipped"></skipped>
          </testcase>
          <testcase name="[It] [sig-storage] [Feature:Flexvolumes] Mounted flexvolume expand [Slow] Should verify mounted flex volumes can be resized" classname="Kubernetes e2e suite" status="skipped" time="0">
              <skipped message="skipped"></skipped>
          </testcase>
          <testcase name="[It] [sig-storage] In-tree Volumes [Driver: emptydir] [Testpattern: Dynamic PV (filesystem volmode)] volumeMode should not mount / map unused volumes in a pod [LinuxOnly]" classname="Kubernetes e2e suite" status="skipped" time="0">
              <skipped message="skipped"></skipped>
          </testcase>
          <testcase name="[It] [sig-storage] CSI Volumes [Driver: pd.csi.storage.gke.io] [Serial] [Testpattern: Dynamic PV (default fs)] subPath should support readOnly directory specified in the volumeMount" classname="Kubernetes e2e suite" status="skipped" time="0">
              <skipped message="skipped"></skipped>
          </testcase>
          <testcase name="[It] [sig-cli] Kubectl Port forwarding With a server listening on localhost that expects NO client request should support a client that connects, sends DATA, and disconnects" classname="Kubernetes e2e suite" status="skipped" time="0">
              <skipped message="skipped"></skipped>
          </testcase>
          <testcase name="[It] [sig-storage] In-tree Volumes [Driver: local] [LocalVolumeType: dir-bindmounted] [Testpattern: Dynamic PV (ext4)] multiVolume [Slow] should concurrently access the single volume from pods on different node" classname="Kubernetes e2e suite" status="skipped" time="0">
              <skipped message="skipped"></skipped>
          </testcase>
          <testcase name="[It] [sig-storage] CSI Volumes [Driver: pd.csi.storage.gke.io] [Serial] [Testpattern: Dynamic PV (default fs)] provisioning should provision storage with snapshot data source [Feature:VolumeSnapshotDataSource]" classname="Kubernetes e2e suite" status="skipped" time="0">
              <skipped message="skipped"></skipped>
          </testcase>
          <testcase name="[It] [sig-storage] In-tree Volumes [Driver: local] [LocalVolumeType: dir-link-bindmounted] [Testpattern: Dynamic PV (block volmode)] provisioning should provision correct filesystem size when restoring snapshot to larger size pvc [Feature:VolumeSnapshotDataSource]" classname="Kubernetes e2e suite" status="skipped" time="0">
              <skipped message="skipped"></skipped>
          </testcase>
          <testcase name="[It] [sig-storage] In-tree Volumes [Driver: local] [LocalVolumeType: dir-link-bindmounted] [Testpattern: Pre-provisioned PV (block volmode)] disruptive [Disruptive] [LinuxOnly] Should test that pv used in a pod that is deleted while the kubelet is down cleans up when the kubelet returns." classname="Kubernetes e2e suite" status="skipped" time="0">
              <skipped message="skipped"></skipped>
          </testcase>
          <testcase name="[It] [sig-storage] NFSPersistentVolumes [Disruptive] when kubelet restarts Should test that a file written to the mount before kubelet restart is readable after restart." classname="Kubernetes e2e suite" status="skipped" time="0">
              <skipped message="skipped"></skipped>
          </testcase>
          <testcase name="[It] [sig-storage] In-tree Volumes [Driver: local] [LocalVolumeType: tmpfs] [Testpattern: Inline-volume (default fs)] subPath should support restarting containers using directory as subpath [Slow]" classname="Kubernetes e2e suite" status="skipped" time="0">
              <skipped message="skipped"></skipped>
          </testcase>
          <testcase name="[It] [sig-storage] PersistentVolumes-local [Volume type: blockfswithformat] Set fsGroup for local volume should set same fsGroup for two pods simultaneously [Slow]" classname="Kubernetes e2e suite" status="skipped" time="0">
              <skipped message="skipped"></skipped>
          </testcase>
          <testcase name="[It] [sig-storage] In-tree Volumes [Driver: nfs] [Testpattern: Pre-provisioned PV (default fs)] subPath should fail if subpath directory is outside the volume [Slow] [LinuxOnly]" classname="Kubernetes e2e suite" status="skipped" time="0">
              <skipped message="skipped"></skipped>
          </testcase>
          <testcase name="[It] [sig-storage] In-tree Volumes [Driver: local] [LocalVolumeType: dir-bindmounted] [Testpattern: Pre-provisioned PV (default fs)] subPath should support existing single file [LinuxOnly]" classname="Kubernetes e2e suite" status="skipped" time="0">
              <skipped message="skipped"></skipped>
          </testcase>
          <testcase name="[It] [sig-node] Probing container should mark readiness on pods to false and disable liveness probes while pod is in progress of terminating" classname="Kubernetes e2e suite" status="skipped" time="0">
              <skipped message="skipped"></skipped>
          </testcase>
          <testcase name="[It] [sig-storage] In-tree Volumes [Driver: local] [LocalVolumeType: block] [Testpattern: Pre-provisioned PV (filesystem volmode)] multiVolume [Slow] should concurrently access the single volume from pods on the same node" classname="Kubernetes e2e suite" status="skipped" time="0">
              <skipped message="skipped"></skipped>
          </testcase>
          <testcase name="[It] [sig-storage] In-tree Volumes [Driver: azure-disk] [Testpattern: Pre-provisioned PV (default fs)] subPath should verify container cannot write to subpath readonly volumes [Slow]" classname="Kubernetes e2e suite" status="skipped" time="0">
              <skipped message="skipped"></skipped>
          </testcase>
          <testcase name="[It] [sig-network] LoadBalancers [Feature:LoadBalancer] should not have connectivity disruption during rolling update with externalTrafficPolicy=Cluster [Slow]" classname="Kubernetes e2e suite" status="skipped" time="0">
              <skipped message="skipped"></skipped>
          </testcase>
          <testcase name="[It] [sig-storage] In-tree Volumes [Driver: local] [LocalVolumeType: block] [Testpattern: Dynamic PV (block volmode)] disruptive [Disruptive] [LinuxOnly] Should test that pv used in a pod that is deleted while the kubelet is down cleans up when the kubelet returns." classname="Kubernetes e2e suite" status="skipped" time="0">
              <skipped message="skipped"></skipped>
          </testcase>
          <testcase name="[It] [sig-storage] In-tree Volumes [Driver: iscsi] [Feature:Volumes] [Testpattern: Dynamic PV (default fs)] provisioning should provision storage with pvc data source" classname="Kubernetes e2e suite" status="skipped" time="0">
              <skipped message="skipped"></skipped>
          </testcase>
          <testcase name="[It] [sig-storage] CSI Volumes [Driver: csi-hostpath] [Testpattern: Dynamic PV (block volmode)] multiVolume [Slow] should concurrently access the volume and its clone from pods on the same node [LinuxOnly] [Feature:VolumeSourceXFS]" classname="Kubernetes e2e suite" status="skipped" time="0">
              <skipped message="skipped"></skipped>
          </testcase>
          <testcase name="[It] [sig-storage] In-tree Volumes [Driver: nfs] [Testpattern: Dynamic PV (filesystem volmode)] multiVolume [Slow] should access to two volumes with different volume mode and retain data across pod recreation on different node" classname="Kubernetes e2e suite" status="skipped" time="0">
              <skipped message="skipped"></skipped>
          </testcase>
          <testcase name="[It] [sig-storage] In-tree Volumes [Driver: nfs] [Testpattern: Generic Ephemeral-volume (default fs)] volumeLimits should verify that all csinodes have volume limits" classname="Kubernetes e2e suite" status="skipped" time="0">
              <skipped message="skipped"></skipped>
          </testcase>
          <testcase name="[It] [sig-storage] CSI Volumes [Driver: pd.csi.storage.gke.io] [Serial] [Testpattern: Dynamic PV (ntfs)] [Feature:Windows] multiVolume [Slow] should concurrently access the volume and restored snapshot from pods on the same node [LinuxOnly] [Feature:VolumeSnapshotDataSource] [Feature:VolumeSourceXFS]" classname="Kubernetes e2e suite" status="skipped" time="0">
              <skipped message="skipped"></skipped>
          </testcase>
          <testcase name="[It] [sig-apps] Job should not create pods when created in suspend state" classname="Kubernetes e2e suite" status="skipped" time="0">
              <skipped message="skipped"></skipped>
          </testcase>
          <testcase name="[It] [sig-storage] In-tree Volumes [Driver: cinder] [Testpattern: Dynamic PV (xfs)] [Slow] multiVolume [Slow] should concurrently access the single volume from pods on the same node" classname="Kubernetes e2e suite" status="skipped" time="0">
              <skipped message="skipped"></skipped>
          </testcase>
          <testcase name="[It] [sig-storage] In-tree Volumes [Driver: local] [LocalVolumeType: dir] [Testpattern: Inline-volume (ntfs)] [Feature:Windows] volumes should allow exec of files on the volume" classname="Kubernetes e2e suite" status="skipped" time="0">
              <skipped message="skipped"></skipped>
          </testcase>
          <testcase name="[It] [sig-storage] In-tree Volumes [Driver: vsphere] [Testpattern: Dynamic PV (ntfs)] [Feature:Windows] multiVolume [Slow] should concurrently access the volume and its clone from pods on the same node [LinuxOnly] [Feature:VolumeSourceXFS]" classname="Kubernetes e2e suite" status="skipped" time="0">
              <skipped message="skipped"></skipped>
          </testcase>
          <testcase name="[It] [sig-storage] In-tree Volumes [Driver: cinder] [Testpattern: Dynamic PV (default fs)] subPath should fail if subpath with backstepping is outside the volume [Slow] [LinuxOnly]" classname="Kubernetes e2e suite" status="skipped" time="0">
              <skipped message="skipped"></skipped>
          </testcase>
          <testcase name="[It] [sig-storage] In-tree Volumes [Driver: azure-disk] [Testpattern: Dynamic PV (ext4)] multiVolume [Slow] should concurrently access the volume and its clone from pods on the same node [LinuxOnly] [Feature:VolumeSourceXFS]" classname="Kubernetes e2e suite" status="skipped" time="0">
              <skipped message="skipped"></skipped>
          </testcase>
          <testcase name="[It] [sig-node] InitContainer [NodeConformance] should not start app containers and fail the pod if init containers fail on a RestartNever pod [Conformance]" classname="Kubernetes e2e suite" status="passed" time="3.679966451"></testcase>
          <testcase name="[It] [sig-storage] In-tree Volumes [Driver: local] [LocalVolumeType: gce-localssd-scsi-fs] [Serial] [Testpattern: Dynamic PV (ntfs)] [Feature:Windows] provisioning should provision storage with snapshot data source (ROX mode) [Feature:VolumeSnapshotDataSource]" classname="Kubernetes e2e suite" status="skipped" time="0">
              <skipped message="skipped"></skipped>
          </testcase>
          <testcase name="[It] [sig-node] DRA [Feature:DynamicResourceAllocation] [FeatureGate:DynamicResourceAllocation] [Beta] [Feature:OffByDefault] cluster validate ResourceClaimTemplate and ResourceClaim for admin access [Feature:DRAAdminAccess] [FeatureGate:DRAAdminAccess] [Alpha] [Feature:OffByDefault] [FeatureGate:DynamicResourceAllocation] [Beta] [Feature:OffByDefault]" classname="Kubernetes e2e suite" status="skipped" time="0">
              <skipped message="skipped"></skipped>
          </testcase>
          <testcase name="[It] [sig-storage] In-tree Volumes [Driver: local] [LocalVolumeType: gce-localssd-scsi-fs] [Serial] [Testpattern: Dynamic PV (block volmode)] volumeMode should not mount / map unused volumes in a pod [LinuxOnly]" classname="Kubernetes e2e suite" status="skipped" time="0">
              <skipped message="skipped"></skipped>
          </testcase>
          <testcase name="[It] [sig-storage] In-tree Volumes [Driver: local] [LocalVolumeType: dir-link] [Testpattern: Pre-provisioned PV (filesystem volmode)] multiVolume [Slow] should access to two volumes with the same volume mode and retain data across pod recreation on the same node" classname="Kubernetes e2e suite" status="skipped" time="0">
              <skipped message="skipped"></skipped>
          </testcase>
          <testcase name="[It] [sig-storage] In-tree Volumes [Driver: emptydir] [Testpattern: Dynamic PV (ntfs)] [Feature:Windows] provisioning should provision correct filesystem size when restoring snapshot to larger size pvc [Feature:VolumeSnapshotDataSource]" classname="Kubernetes e2e suite" status="skipped" time="0">
              <skipped message="skipped"></skipped>
          </testcase>
          <testcase name="[It] [sig-autoscaling] [Feature:HPA] Horizontal pod autoscaling (scale resource: CPU) ReplicationController light [Slow] Should scale from 2 pods to 1 pod" classname="Kubernetes e2e suite" status="skipped" time="0">
              <skipped message="skipped"></skipped>
          </testcase>
          <testcase name="[It] [sig-storage] In-tree Volumes [Driver: hostPath] [Testpattern: Dynamic PV (block volmode)] multiVolume [Slow] should concurrently access the single read-only volume from pods on the same node" classname="Kubernetes e2e suite" status="skipped" time="0">
              <skipped message="skipped"></skipped>
          </testcase>
          <testcase name="[It] [sig-node] Pods should be updated [NodeConformance] [Conformance]" classname="Kubernetes e2e suite" status="passed" time="2.563422753"></testcase>
          <testcase name="[It] [sig-node] Pod InPlace Resize Container [FeatureGate:InPlacePodVerticalScaling] [Beta] pod-resize-limit-ranger-test" classname="Kubernetes e2e suite" status="skipped" time="0">
              <skipped message="skipped"></skipped>
          </testcase>
          <testcase name="[It] [sig-storage] In-tree Volumes [Driver: hostPathSymlink] [Testpattern: Dynamic PV (block volmode)] provisioning should provision storage with pvc data source (ROX mode)" classname="Kubernetes e2e suite" status="skipped" time="0">
              <skipped message="skipped"></skipped>
          </testcase>
          <testcase name="[It] [sig-storage] In-tree Volumes [Driver: hostPath] [Testpattern: Dynamic PV (ntfs)] [Feature:Windows] multiVolume [Slow] should concurrently access the single read-only volume from pods on the same node" classname="Kubernetes e2e suite" status="skipped" time="0">
              <skipped message="skipped"></skipped>
          </testcase>
          <testcase name="[It] [sig-node] Container Lifecycle Hook when create a pod with lifecycle hook should execute prestop https hook properly [MinimumKubeletVersion:1.23] [NodeConformance]" classname="Kubernetes e2e suite" status="skipped" time="0">
              <skipped message="skipped"></skipped>
          </testcase>
          <testcase name="[It] [sig-storage] In-tree Volumes [Driver: local] [LocalVolumeType: dir] [Testpattern: Dynamic PV (default fs)] subPath should support existing single file [LinuxOnly]" classname="Kubernetes e2e suite" status="skipped" time="0">
              <skipped message="skipped"></skipped>
          </testcase>
          <testcase name="[It] [sig-storage] In-tree Volumes [Driver: local] [LocalVolumeType: tmpfs] [Testpattern: Dynamic PV (filesystem volmode)] disruptive [Disruptive] [LinuxOnly] Should test that pv used in a pod that is deleted while the kubelet is down is usable by a new pod with a different SELinux context when kubelet returns [Feature:SELinux]" classname="Kubernetes e2e suite" status="skipped" time="0">
              <skipped message="skipped"></skipped>
          </testcase>
          <testcase name="[It] [sig-storage] In-tree Volumes [Driver: local] [LocalVolumeType: gce-localssd-scsi-fs] [Serial] [Testpattern: Dynamic PV (default fs)] subPath should support non-existent path" classname="Kubernetes e2e suite" status="skipped" time="0">
              <skipped message="skipped"></skipped>
          </testcase>
          <testcase name="[It] [sig-node] RuntimeClass should reject a Pod requesting a deleted RuntimeClass [NodeConformance] [Conformance]" classname="Kubernetes e2e suite" status="passed" time="0.100198402"></testcase>
          <testcase name="[It] [sig-storage] In-tree Volumes [Driver: local] [LocalVolumeType: dir-link] [Testpattern: Pre-provisioned PV (filesystem volmode)] multiVolume [Slow] should access to two volumes with different volume mode and retain data across pod recreation on the same node" classname="Kubernetes e2e suite" status="skipped" time="0">
              <skipped message="skipped"></skipped>
          </testcase>
          <testcase name="[It] [sig-api-machinery] CustomResourceValidationRules [Privileged:ClusterAdmin] MUST fail create of a custom resource definition that contains a x-kubernetes-validations rule that refers to a property that do not exist" classname="Kubernetes e2e suite" status="skipped" time="0">
              <skipped message="skipped"></skipped>
          </testcase>
          <testcase name="[It] [sig-storage] CSI Volumes [Driver: csi-hostpath] [Testpattern: Pre-provisioned PV (default fs)] subPath should fail if subpath directory is outside the volume [Slow] [LinuxOnly]" classname="Kubernetes e2e suite" status="skipped" time="0">
              <skipped message="skipped"></skipped>
          </testcase>
          <testcase name="[It] [sig-storage] In-tree Volumes [Driver: azure-file] [Testpattern: Inline-volume (default fs)] volumes should allow exec of files on the volume" classname="Kubernetes e2e suite" status="skipped" time="0">
              <skipped message="skipped"></skipped>
          </testcase>
          <testcase name="[It] [sig-storage] In-tree Volumes [Driver: local] [LocalVolumeType: block] [Testpattern: Generic Ephemeral-volume (default fs) (late-binding)] ephemeral should support multiple inline ephemeral volumes" classname="Kubernetes e2e suite" status="skipped" time="0">
              <skipped message="skipped"></skipped>
          </testcase>
          <testcase name="[It] [sig-storage] CSI Volumes [Driver: pd.csi.storage.gke.io] [Serial] [Testpattern: Generic Ephemeral-volume (default fs)] volumeLimits should verify that all csinodes have volume limits" classname="Kubernetes e2e suite" status="skipped" time="0">
              <skipped message="skipped"></skipped>
          </testcase>
          <testcase name="[It] [sig-apps] DisruptionController evictions: enough pods, replicaSet, percentage =&gt; should allow an eviction" classname="Kubernetes e2e suite" status="skipped" time="0">
              <skipped message="skipped"></skipped>
          </testcase>
          <testcase name="[It] [sig-node] Probing container should *not* be restarted with a exec &#34;cat /tmp/health&#34; liveness probe [NodeConformance] [Conformance]" classname="Kubernetes e2e suite" status="passed" time="242.657851978"></testcase>
          <testcase name="[It] [sig-storage] CSI Volumes [Driver: csi-hostpath] [Testpattern: Pre-provisioned Snapshot (retain policy)] snapshottable [Feature:VolumeSnapshotDataSource] volume snapshot controller  should check snapshot fields, check restore correctly works, check deletion (ephemeral)" classname="Kubernetes e2e suite" status="skipped" time="0">
              <skipped message="skipped"></skipped>
          </testcase>
          <testcase name="[It] [sig-storage] CSI Volumes [Driver: csi-hostpath] [Testpattern: Dynamic PV (ntfs)] [Feature:Windows] subPath should fail if non-existent subpath is outside the volume [Slow] [LinuxOnly]" classname="Kubernetes e2e suite" status="skipped" time="0">
              <skipped message="skipped"></skipped>
          </testcase>
          <testcase name="[It] [sig-storage] In-tree Volumes [Driver: local] [LocalVolumeType: tmpfs] [Testpattern: Pre-provisioned PV (filesystem volmode)] multiVolume [Slow] should concurrently access the volume and its clone from pods on the same node [LinuxOnly] [Feature:VolumeSourceXFS]" classname="Kubernetes e2e suite" status="skipped" time="0">
              <skipped message="skipped"></skipped>
          </testcase>
          <testcase name="[It] [sig-storage] In-tree Volumes [Driver: vsphere] [Testpattern: Dynamic PV (filesystem volmode)] volumeMode should not mount / map unused volumes in a pod [LinuxOnly]" classname="Kubernetes e2e suite" status="skipped" time="0">
              <skipped message="skipped"></skipped>
          </testcase>
          <testcase name="[It] [sig-network] Netpol [LinuxOnly] NetworkPolicy between server and client using UDP should enforce policy to allow traffic only from a pod in a different namespace based on PodSelector and NamespaceSelector [Feature:NetworkPolicy]" classname="Kubernetes e2e suite" status="skipped" time="0">
              <skipped message="skipped"></skipped>
          </testcase>
          <testcase name="[It] [sig-storage] In-tree Volumes [Driver: local] [LocalVolumeType: dir-link-bindmounted] [Testpattern: Dynamic PV (default fs)] subPath should support creating multiple subpath from same volumes [Slow]" classname="Kubernetes e2e suite" status="skipped" time="0">
              <skipped message="skipped"></skipped>
          </testcase>
          <testcase name="[It] [sig-network] Networking should provide unchanging, static URL paths for kubernetes api services" classname="Kubernetes e2e suite" status="skipped" time="0">
              <skipped message="skipped"></skipped>
          </testcase>
          <testcase name="[It] [sig-storage] In-tree Volumes [Driver: local] [LocalVolumeType: tmpfs] [Testpattern: Dynamic PV (default fs)] provisioning should provision storage with pvc data source in parallel [Slow]" classname="Kubernetes e2e suite" status="skipped" time="0">
              <skipped message="skipped"></skipped>
          </testcase>
          <testcase name="[It] [sig-storage] In-tree Volumes [Driver: cinder] [Testpattern: Pre-provisioned PV (filesystem volmode)] disruptive [Disruptive] [LinuxOnly] Should test that pv used in a pod that is force deleted while the kubelet is down is usable by a new pod with a different SELinux context when kubelet returns [Feature:SELinux]" classname="Kubernetes e2e suite" status="skipped" time="0">
              <skipped message="skipped"></skipped>
          </testcase>
          <testcase name="[It] [sig-storage] In-tree Volumes [Driver: azure-disk] [Testpattern: Pre-provisioned PV (default fs)] subPath should fail if subpath with backstepping is outside the volume [Slow] [LinuxOnly]" classname="Kubernetes e2e suite" status="skipped" time="0">
              <skipped message="skipped"></skipped>
          </testcase>
          <testcase name="[It] [sig-storage] In-tree Volumes [Driver: hostPath] [Testpattern: Dynamic PV (default fs)] subPath should fail if non-existent subpath is outside the volume [Slow] [LinuxOnly]" classname="Kubernetes e2e suite" status="skipped" time="0">
              <skipped message="skipped"></skipped>
          </testcase>
          <testcase name="[It] [sig-storage] In-tree Volumes [Driver: nfs] [Testpattern: Dynamic PV (ntfs)] [Feature:Windows] multiVolume [Slow] should concurrently access the single read-only volume from pods on the same node" classname="Kubernetes e2e suite" status="skipped" time="0">
              <skipped message="skipped"></skipped>
          </testcase>
          <testcase name="[It] [sig-storage] In-tree Volumes [Driver: local] [LocalVolumeType: blockfs] [Testpattern: Inline-volume (default fs)] subPath should support readOnly file specified in the volumeMount [LinuxOnly]" classname="Kubernetes e2e suite" status="skipped" time="0">
              <skipped message="skipped"></skipped>
          </testcase>
          <testcase name="[It] [sig-storage] CSI Volumes [Driver: pd.csi.storage.gke.io] [Serial] [Testpattern: Dynamic PV (filesystem volmode)] disruptive [Disruptive] [LinuxOnly] Should test that pv used in a pod that is force deleted while the kubelet is down is usable by a new pod with a different SELinux context when kubelet returns [Feature:SELinux]" classname="Kubernetes e2e suite" status="skipped" time="0">
              <skipped message="skipped"></skipped>
          </testcase>
          <testcase name="[It] [sig-storage] In-tree Volumes [Driver: local] [LocalVolumeType: dir-bindmounted] [Testpattern: Generic Ephemeral-volume (block volmode) (late-binding)] ephemeral should support expansion of pvcs created for ephemeral pvcs" classname="Kubernetes e2e suite" status="skipped" time="0">
              <skipped message="skipped"></skipped>
          </testcase>
          <testcase name="[It] [sig-storage] In-tree Volumes [Driver: local] [LocalVolumeType: dir-bindmounted] [Testpattern: Dynamic PV (ntfs)] [Feature:Windows] volumes should store data" classname="Kubernetes e2e suite" status="skipped" time="0">
              <skipped message="skipped"></skipped>
          </testcase>
          <testcase name="[It] [sig-storage] In-tree Volumes [Driver: hostPath] [Testpattern: Dynamic PV (default fs)] subPath should support existing directories when readOnly specified in the volumeSource" classname="Kubernetes e2e suite" status="skipped" time="0">
              <skipped message="skipped"></skipped>
          </testcase>
          <testcase name="[It] [sig-storage] CSI Volumes [Driver: csi-hostpath] [Testpattern: Dynamic PV (block volmode)] provisioning should provision storage with snapshot data source [Feature:VolumeSnapshotDataSource]" classname="Kubernetes e2e suite" status="skipped" time="0">
              <skipped message="skipped"></skipped>
          </testcase>
          <testcase name="[It] [sig-node] RuntimeClass should support RuntimeClasses API operations [Conformance]" classname="Kubernetes e2e suite" status="passed" time="0.099367256"></testcase>
          <testcase name="[It] [sig-network] DNS should provide DNS for pods for Subdomain [Conformance]" classname="Kubernetes e2e suite" status="passed" time="7.107403165"></testcase>
          <testcase name="[It] [sig-storage] In-tree Volumes [Driver: emptydir] [Testpattern: Pre-provisioned PV (filesystem volmode)] disruptive [Disruptive] [LinuxOnly] Should test that pv used in a pod that is force deleted while the kubelet is down is usable by a new pod when kubelet returns [Feature:SELinux]" classname="Kubernetes e2e suite" status="skipped" time="0">
              <skipped message="skipped"></skipped>
          </testcase>
          <testcase name="[It] [sig-storage] In-tree Volumes [Driver: vsphere] [Testpattern: Inline-volume (default fs)] volumeIO should write files of various sizes, verify size, validate content [Slow]" classname="Kubernetes e2e suite" status="skipped" time="0">
              <skipped message="skipped"></skipped>
          </testcase>
          <testcase name="[It] [sig-storage] In-tree Volumes [Driver: vsphere] [Testpattern: Dynamic PV (block volmode)] provisioning should provision storage with mount options" classname="Kubernetes e2e suite" status="skipped" time="0">
              <skipped message="skipped"></skipped>
          </testcase>
          <testcase name="[It] [sig-storage] In-tree Volumes [Driver: local] [LocalVolumeType: dir] [Testpattern: Pre-provisioned PV (default fs)] subPath should support file as subpath [LinuxOnly]" classname="Kubernetes e2e suite" status="skipped" time="0">
              <skipped message="skipped"></skipped>
          </testcase>
          <testcase name="[It] [sig-storage] In-tree Volumes [Driver: local] [LocalVolumeType: gce-localssd-scsi-fs] [Serial] [Testpattern: Dynamic PV (default fs)] provisioning should provision correct filesystem size when restoring snapshot to larger size pvc [Feature:VolumeSnapshotDataSource]" classname="Kubernetes e2e suite" status="skipped" time="0">
              <skipped message="skipped"></skipped>
          </testcase>
          <testcase name="[It] [sig-storage] In-tree Volumes [Driver: local] [LocalVolumeType: block] [Testpattern: Pre-provisioned PV (ntfs)] [Feature:Windows] volumes should allow exec of files on the volume" classname="Kubernetes e2e suite" status="skipped" time="0">
              <skipped message="skipped"></skipped>
          </testcase>
          <testcase name="[It] [sig-cli] Kubectl client Kubectl api-versions should check if v1 is in available api versions [Conformance]" classname="Kubernetes e2e suite" status="passed" time="0.099329886"></testcase>
          <testcase name="[It] [sig-storage] In-tree Volumes [Driver: hostPath] [Testpattern: Dynamic PV (ntfs)] [Feature:Windows] subPath should support readOnly directory specified in the volumeMount" classname="Kubernetes e2e suite" status="skipped" time="0">
              <skipped message="skipped"></skipped>
          </testcase>
          <testcase name="[It] [sig-storage] In-tree Volumes [Driver: cinder] [Testpattern: Dynamic PV (ext4)] multiVolume [Slow] should access to two volumes with the same volume mode and retain data across pod recreation on different node" classname="Kubernetes e2e suite" status="skipped" time="0">
              <skipped message="skipped"></skipped>
          </testcase>
          <testcase name="[It] [sig-storage] In-tree Volumes [Driver: cinder] [Testpattern: Dynamic PV (ext4)] multiVolume [Slow] should access to two volumes with different volume mode and retain data across pod recreation on different node" classname="Kubernetes e2e suite" status="skipped" time="0">
              <skipped message="skipped"></skipped>
          </testcase>
          <testcase name="[It] [sig-storage] In-tree Volumes [Driver: hostPathSymlink] [Testpattern: Pre-provisioned PV (block volmode)] volumes should store data" classname="Kubernetes e2e suite" status="skipped" time="0">
              <skipped message="skipped"></skipped>
          </testcase>
          <testcase name="[It] [sig-node] [Feature:GPUDevicePlugin] [Serial] Sanity test using nvidia-smi should run nvidia-smi and cuda-demo-suite" classname="Kubernetes e2e suite" status="skipped" time="0">
              <skipped message="skipped"></skipped>
          </testcase>
          <testcase name="[It] [sig-storage] In-tree Volumes [Driver: local] [LocalVolumeType: dir-bindmounted] [Testpattern: Pre-provisioned PV (default fs)] subPath should support creating multiple subpath from same volumes [Slow]" classname="Kubernetes e2e suite" status="skipped" time="0">
              <skipped message="skipped"></skipped>
          </testcase>
          <testcase name="[It] [sig-storage] In-tree Volumes [Driver: emptydir] [Testpattern: Generic Ephemeral-volume (default fs) (late-binding)] ephemeral should support two pods which have the same volume definition" classname="Kubernetes e2e suite" status="skipped" time="0">
              <skipped message="skipped"></skipped>
          </testcase>
          <testcase name="[It] [sig-cloud-provider-gcp] [Disruptive] NodeLease NodeLease deletion node lease should be deleted when corresponding node is deleted" classname="Kubernetes e2e suite" status="skipped" time="0">
              <skipped message="skipped"></skipped>
          </testcase>
          <testcase name="[It] [sig-storage] In-tree Volumes [Driver: local] [LocalVolumeType: gce-localssd-scsi-fs] [Serial] [Testpattern: Inline-volume (default fs)] volumeIO should write files of various sizes, verify size, validate content [Slow]" classname="Kubernetes e2e suite" status="skipped" time="0">
              <skipped message="skipped"></skipped>
          </testcase>
          <testcase name="[It] [sig-storage] In-tree Volumes [Driver: local] [LocalVolumeType: dir-link] [Testpattern: Dynamic PV (ext3)] volumes should allow exec of files on the volume" classname="Kubernetes e2e suite" status="skipped" time="0">
              <skipped message="skipped"></skipped>
          </testcase>
          <testcase name="[It] [sig-storage] In-tree Volumes [Driver: vsphere] [Testpattern: Dynamic PV (ntfs)] [Feature:Windows] provisioning should provision storage with pvc data source (ROX mode)" classname="Kubernetes e2e suite" status="skipped" time="0">
              <skipped message="skipped"></skipped>
          </testcase>
          <testcase name="[It] [sig-storage] In-tree Volumes [Driver: cinder] [Testpattern: Pre-provisioned PV (filesystem volmode)] disruptive [Disruptive] [LinuxOnly] Should test that pv used in a pod that is deleted while the kubelet is down is usable by a new pod with a different SELinux context when kubelet returns [Feature:SELinux]" classname="Kubernetes e2e suite" status="skipped" time="0">
              <skipped message="skipped"></skipped>
          </testcase>
          <testcase name="[It] [sig-storage] In-tree Volumes [Driver: iscsi] [Feature:Volumes] [Testpattern: Generic Ephemeral-volume (default fs) (late-binding)] ephemeral should create read/write inline ephemeral volume" classname="Kubernetes e2e suite" status="skipped" time="0">
              <skipped message="skipped"></skipped>
          </testcase>
          <testcase name="[It] [sig-storage] In-tree Volumes [Driver: local] [LocalVolumeType: tmpfs] [Testpattern: Dynamic PV (default fs)] provisioning should provision storage with snapshot data source [Feature:VolumeSnapshotDataSource]" classname="Kubernetes e2e suite" status="skipped" time="0">
              <skipped message="skipped"></skipped>
          </testcase>
          <testcase name="[It] [sig-storage] In-tree Volumes [Driver: hostPathSymlink] [Testpattern: Generic Ephemeral-volume (default fs) (late-binding)] ephemeral should support two pods which have the same volume definition" classname="Kubernetes e2e suite" status="skipped" time="0">
              <skipped message="skipped"></skipped>
          </testcase>
          <testcase name="[It] [sig-storage] In-tree Volumes [Driver: cinder] [Testpattern: Dynamic PV (filesystem volmode)] disruptive [Disruptive] [LinuxOnly] Should test that pv used in a pod that is force deleted while the kubelet is down is usable by a new pod when kubelet returns [Feature:SELinux]" classname="Kubernetes e2e suite" status="skipped" time="0">
              <skipped message="skipped"></skipped>
          </testcase>
          <testcase name="[It] [sig-storage] CSI Volumes [Driver: pd.csi.storage.gke.io] [Serial] [Testpattern: Dynamic PV (ntfs)] [Feature:Windows] subPath should fail if subpath file is outside the volume [Slow] [LinuxOnly]" classname="Kubernetes e2e suite" status="skipped" time="0">
              <skipped message="skipped"></skipped>
          </testcase>
          <testcase name="[It] [sig-storage] In-tree Volumes [Driver: local] [LocalVolumeType: block] [Testpattern: Pre-provisioned PV (default fs)] volumes should store data" classname="Kubernetes e2e suite" status="skipped" time="0">
              <skipped message="skipped"></skipped>
          </testcase>
          <testcase name="[It] [sig-storage] In-tree Volumes [Driver: local] [LocalVolumeType: dir-bindmounted] [Testpattern: Dynamic PV (ntfs)] [Feature:Windows] subPath should fail if subpath with backstepping is outside the volume [Slow] [LinuxOnly]" classname="Kubernetes e2e suite" status="skipped" time="0">
              <skipped message="skipped"></skipped>
          </testcase>
          <testcase name="[It] [sig-storage] In-tree Volumes [Driver: vsphere] [Testpattern: Dynamic PV (default fs)(allowExpansion)] volume-expand should resize volume when PVC is edited while pod is using it" classname="Kubernetes e2e suite" status="skipped" time="0">
              <skipped message="skipped"></skipped>
          </testcase>
          <testcase name="[It] [sig-storage] In-tree Volumes [Driver: azure-file] [Testpattern: Inline-volume (default fs)] subPath should unmount if pod is gracefully deleted while kubelet is down [Disruptive] [Slow] [LinuxOnly]" classname="Kubernetes e2e suite" status="skipped" time="0">
              <skipped message="skipped"></skipped>
          </testcase>
          <testcase name="[It] [sig-storage] In-tree Volumes [Driver: local] [LocalVolumeType: blockfs] [Testpattern: Pre-provisioned PV (xfs)] [Slow] volumes should allow exec of files on the volume" classname="Kubernetes e2e suite" status="skipped" time="0">
              <skipped message="skipped"></skipped>
          </testcase>
          <testcase name="[It] [sig-storage] In-tree Volumes [Driver: azure-disk] [Testpattern: Generic Ephemeral-volume (block volmode) (late-binding)] ephemeral should support expansion of pvcs created for ephemeral pvcs" classname="Kubernetes e2e suite" status="skipped" time="0">
              <skipped message="skipped"></skipped>
          </testcase>
          <testcase name="[It] [sig-storage] In-tree Volumes [Driver: local] [LocalVolumeType: dir-link] [Testpattern: Pre-provisioned PV (block volmode)] multiVolume [Slow] should access to two volumes with different volume mode and retain data across pod recreation on different node" classname="Kubernetes e2e suite" status="skipped" time="0">
              <skipped message="skipped"></skipped>
          </testcase>
          <testcase name="[It] [sig-storage] In-tree Volumes [Driver: local] [LocalVolumeType: block] [Testpattern: Dynamic PV (default fs)] provisioning should provision correct filesystem size when restoring snapshot to larger size pvc [Feature:VolumeSnapshotDataSource]" classname="Kubernetes e2e suite" status="skipped" time="0">
              <skipped message="skipped"></skipped>
          </testcase>
          <testcase name="[It] [sig-storage] In-tree Volumes [Driver: local] [LocalVolumeType: blockfs] [Testpattern: Dynamic PV (block volmode)] provisioning should provision correct filesystem size when restoring snapshot to larger size pvc [Feature:VolumeSnapshotDataSource]" classname="Kubernetes e2e suite" status="skipped" time="0">
              <skipped message="skipped"></skipped>
          </testcase>
          <testcase name="[It] [sig-auth] [Feature:NodeAuthorizer] Getting an existing secret should exit with the Forbidden error" classname="Kubernetes e2e suite" status="skipped" time="0">
              <skipped message="skipped"></skipped>
          </testcase>
          <testcase name="[It] [sig-storage] In-tree Volumes [Driver: local] [LocalVolumeType: dir-bindmounted] [Testpattern: Dynamic PV (block volmode)] volume-stress multiple pods should access different volumes repeatedly [Slow] [Serial]" classname="Kubernetes e2e suite" status="skipped" time="0">
              <skipped message="skipped"></skipped>
          </testcase>
          <testcase name="[It] [sig-node] Probing container should *not* be restarted with a non-local redirect http liveness probe" classname="Kubernetes e2e suite" status="skipped" time="0">
              <skipped message="skipped"></skipped>
          </testcase>
          <testcase name="[It] [sig-storage] In-tree Volumes [Driver: local] [LocalVolumeType: dir] [Testpattern: Pre-provisioned PV (filesystem volmode)] multiVolume [Slow] should access to two volumes with the same volume mode and retain data across pod recreation on different node" classname="Kubernetes e2e suite" status="skipped" time="0">
              <skipped message="skipped"></skipped>
          </testcase>
          <testcase name="[It] [sig-storage] In-tree Volumes [Driver: iscsi] [Feature:Volumes] [Testpattern: Dynamic PV (ntfs)] [Feature:Windows] subPath should fail if subpath file is outside the volume [Slow] [LinuxOnly]" classname="Kubernetes e2e suite" status="skipped" time="0">
              <skipped message="skipped"></skipped>
          </testcase>
          <testcase name="[It] [sig-storage] In-tree Volumes [Driver: emptydir] [Testpattern: Pre-provisioned PV (ext3)] volumes should store data" classname="Kubernetes e2e suite" status="skipped" time="0">
              <skipped message="skipped"></skipped>
          </testcase>
          <testcase name="[It] [sig-storage] In-tree Volumes [Driver: emptydir] [Testpattern: Pre-provisioned PV (default fs)] volumeIO should write files of various sizes, verify size, validate content [Slow]" classname="Kubernetes e2e suite" status="skipped" time="0">
              <skipped message="skipped"></skipped>
          </testcase>
          <testcase name="[It] [sig-storage] In-tree Volumes [Driver: nfs] [Testpattern: Dynamic PV (default fs)] subPath should support restarting containers using directory as subpath [Slow]" classname="Kubernetes e2e suite" status="skipped" time="0">
              <skipped message="skipped"></skipped>
          </testcase>
          <testcase name="[It] [sig-apps] DisruptionController should observe that the PodDisruptionBudget status is not updated for unmanaged pods" classname="Kubernetes e2e suite" status="skipped" time="0">
              <skipped message="skipped"></skipped>
          </testcase>
          <testcase name="[It] [sig-storage] [Serial] Volume metrics PVController should create unbound pv count metrics for pvc controller after creating pv only" classname="Kubernetes e2e suite" status="skipped" time="0">
              <skipped message="skipped"></skipped>
          </testcase>
          <testcase name="[It] [sig-cluster-lifecycle] [Feature:BootstrapTokens] should delete the token secret when the secret expired" classname="Kubernetes e2e suite" status="skipped" time="0">
              <skipped message="skipped"></skipped>
          </testcase>
          <testcase name="[It] [sig-storage] In-tree Volumes [Driver: emptydir] [Testpattern: Dynamic PV (ntfs)] [Feature:Windows] provisioning should mount multiple PV pointing to the same storage on the same node" classname="Kubernetes e2e suite" status="skipped" time="0">
              <skipped message="skipped"></skipped>
          </testcase>
          <testcase name="[It] [sig-storage] In-tree Volumes [Driver: cinder] [Testpattern: Dynamic PV (xfs)] [Slow] multiVolume [Slow] should concurrently access the volume and restored snapshot from pods on the same node [LinuxOnly] [Feature:VolumeSnapshotDataSource] [Feature:VolumeSourceXFS]" classname="Kubernetes e2e suite" status="skipped" time="0">
              <skipped message="skipped"></skipped>
          </testcase>
          <testcase name="[It] [sig-storage] CSI Volumes [Driver: pd.csi.storage.gke.io] [Serial] [Testpattern: Dynamic PV (default fs)] subPath should be able to unmount after the subpath directory is deleted [LinuxOnly]" classname="Kubernetes e2e suite" status="skipped" time="0">
              <skipped message="skipped"></skipped>
          </testcase>
          <testcase name="[It] [sig-storage] CSI Volumes [Driver: csi-hostpath] [Testpattern: Dynamic PV (block volmode)] provisioning should provision correct filesystem size when restoring snapshot to larger size pvc [Feature:VolumeSnapshotDataSource]" classname="Kubernetes e2e suite" status="skipped" time="0">
              <skipped message="skipped"></skipped>
          </testcase>
          <testcase name="[It] [sig-storage] In-tree Volumes [Driver: vsphere] [Testpattern: Inline-volume (default fs)] volumes should allow exec of files on the volume" classname="Kubernetes e2e suite" status="skipped" time="0">
              <skipped message="skipped"></skipped>
          </testcase>
          <testcase name="[It] [sig-api-machinery] AggregatedDiscovery should support raw aggregated discovery request for CRDs [Conformance]" classname="Kubernetes e2e suite" status="passed" time="3.074334231"></testcase>
          <testcase name="[It] [sig-storage] In-tree Volumes [Driver: hostPath] [Testpattern: Dynamic PV (block volmode)] provisioning should provision storage with snapshot data source [Feature:VolumeSnapshotDataSource]" classname="Kubernetes e2e suite" status="skipped" time="0">
              <skipped message="skipped"></skipped>
          </testcase>
          <testcase name="[It] [sig-storage] CSI Volumes [Driver: csi-hostpath] [Testpattern: Pre-provisioned PV (default fs)] subPath should support readOnly file specified in the volumeMount [LinuxOnly]" classname="Kubernetes e2e suite" status="skipped" time="0">
              <skipped message="skipped"></skipped>
          </testcase>
          <testcase name="[It] [sig-storage] In-tree Volumes [Driver: local] [LocalVolumeType: tmpfs] [Testpattern: Inline-volume (ntfs)] [Feature:Windows] volumes should allow exec of files on the volume" classname="Kubernetes e2e suite" status="skipped" time="0">
              <skipped message="skipped"></skipped>
          </testcase>
          <testcase name="[It] [sig-node] Pod Level Resources [Serial] [Feature:PodLevelResources] Burstable QoS pod with container resources" classname="Kubernetes e2e suite" status="skipped" time="0">
              <skipped message="skipped"></skipped>
          </testcase>
          <testcase name="[It] [sig-storage] In-tree Volumes [Driver: nfs] [Testpattern: Dynamic PV (ntfs)] [Feature:Windows] provisioning should provision storage with pvc data source (ROX mode)" classname="Kubernetes e2e suite" status="skipped" time="0">
              <skipped message="skipped"></skipped>
          </testcase>
          <testcase name="[It] [sig-cloud-provider-gcp] Reboot [Disruptive] [Feature:Reboot] each node by ordering unclean reboot and ensure they function upon restart" classname="Kubernetes e2e suite" status="skipped" time="0">
              <skipped message="skipped"></skipped>
          </testcase>
          <testcase name="[It] [sig-storage] CSI Volumes [Driver: pd.csi.storage.gke.io] [Serial] [Testpattern: Pre-provisioned PV (default fs)] subPath should fail if subpath directory is outside the volume [Slow] [LinuxOnly]" classname="Kubernetes e2e suite" status="skipped" time="0">
              <skipped message="skipped"></skipped>
          </testcase>
          <testcase name="[It] [sig-storage] In-tree Volumes [Driver: hostPathSymlink] [Testpattern: Pre-provisioned PV (block volmode)] volumeMode should not mount / map unused volumes in a pod [LinuxOnly]" classname="Kubernetes e2e suite" status="skipped" time="0">
              <skipped message="skipped"></skipped>
          </testcase>
          <testcase name="[It] [sig-storage] In-tree Volumes [Driver: azure-disk] [Testpattern: Dynamic PV (xfs)] [Slow] multiVolume [Slow] should concurrently access the single volume from pods on different node" classname="Kubernetes e2e suite" status="skipped" time="0">
              <skipped message="skipped"></skipped>
          </testcase>
          <testcase name="[It] [sig-auth] [FeatureGate:ClusterTrustBundle] [Beta] [Feature:OffByDefault] [FeatureGate:ClusterTrustBundleProjection] [Beta] [Feature:OffByDefault] should be capable to mount multiple trust bundles by signer+labels should start if only signer name and nil label selector + optional=true" classname="Kubernetes e2e suite" status="skipped" time="0">
              <skipped message="skipped"></skipped>
          </testcase>
          <testcase name="[It] [sig-api-machinery] CustomResourceDefinition resources [Privileged:ClusterAdmin] should include custom resource definition resources in discovery documents [Conformance]" classname="Kubernetes e2e suite" status="passed" time="0.101459151"></testcase>
          <testcase name="[It] [sig-storage] In-tree Volumes [Driver: emptydir] [Testpattern: Dynamic PV (ntfs)] [Feature:Windows] subPath should support readOnly file specified in the volumeMount [LinuxOnly]" classname="Kubernetes e2e suite" status="skipped" time="0">
              <skipped message="skipped"></skipped>
          </testcase>
          <testcase name="[It] [sig-storage] In-tree Volumes [Driver: local] [LocalVolumeType: dir-bindmounted] [Testpattern: Inline-volume (default fs)] subPath should unmount if pod is force deleted while kubelet is down [Disruptive] [Slow] [LinuxOnly]" classname="Kubernetes e2e suite" status="skipped" time="0">
              <skipped message="skipped"></skipped>
          </testcase>
          <testcase name="[It] [sig-storage] In-tree Volumes [Driver: local] [LocalVolumeType: dir] [Testpattern: Dynamic PV (default fs)] fsgroupchangepolicy (Always)[LinuxOnly], rwop pod created with an initial fsgroup, new pod fsgroup applied to volume contents" classname="Kubernetes e2e suite" status="skipped" time="0">
              <skipped message="skipped"></skipped>
          </testcase>
          <testcase name="[It] [sig-windows] [Feature:Windows] Eviction [Serial] [Slow] [Disruptive] should evict a pod when a node experiences memory pressure" classname="Kubernetes e2e suite" status="skipped" time="0">
              <skipped message="skipped"></skipped>
          </testcase>
          <testcase name="[It] [sig-storage] In-tree Volumes [Driver: local] [LocalVolumeType: gce-localssd-scsi-fs] [Serial] [Testpattern: Dynamic PV (ntfs)] [Feature:Windows] subPath should fail if subpath directory is outside the volume [Slow] [LinuxOnly]" classname="Kubernetes e2e suite" status="skipped" time="0">
              <skipped message="skipped"></skipped>
          </testcase>
          <testcase name="[It] [sig-api-machinery] CRDValidationRatcheting [Privileged:ClusterAdmin] [FeatureGate:CRDValidationRatcheting] MUST NOT fail to update a resource due to CRD Validation Rule errors on unchanged correlatable fields" classname="Kubernetes e2e suite" status="skipped" time="0">
              <skipped message="skipped"></skipped>
          </testcase>
          <testcase name="[It] [sig-storage] In-tree Volumes [Driver: nfs] [Testpattern: Inline-volume (default fs)] subPath should fail if subpath directory is outside the volume [Slow] [LinuxOnly]" classname="Kubernetes e2e suite" status="skipped" time="0">
              <skipped message="skipped"></skipped>
          </testcase>
          <testcase name="[It] [sig-storage] HostPathType Directory [Slow] Should fail on mounting directory &#39;adir&#39; when HostPathType is HostPathSocket" classname="Kubernetes e2e suite" status="skipped" time="0">
              <skipped message="skipped"></skipped>
          </testcase>
          <testcase name="[It] [sig-storage] CSI Volumes [Driver: pd.csi.storage.gke.io] [Serial] [Testpattern: Dynamic PV (ntfs)] [Feature:Windows] subPath should fail if non-existent subpath is outside the volume [Slow] [LinuxOnly]" classname="Kubernetes e2e suite" status="skipped" time="0">
              <skipped message="skipped"></skipped>
          </testcase>
          <testcase name="[It] [sig-node] Pods should patch a pod status [Conformance]" classname="Kubernetes e2e suite" status="passed" time="2.052408757"></testcase>
          <testcase name="[It] [sig-storage] CSI Volumes [Driver: csi-hostpath] [Testpattern: Dynamic PV (block volmode)] multiVolume [Slow] should access to two volumes with the same volume mode and retain data across pod recreation on different node" classname="Kubernetes e2e suite" status="skipped" time="0">
              <skipped message="skipped"></skipped>
          </testcase>
          <testcase name="[It] [sig-storage] In-tree Volumes [Driver: cinder] [Testpattern: Dynamic PV (ntfs)] [Feature:Windows] provisioning should provision correct filesystem size when restoring snapshot to larger size pvc [Feature:VolumeSnapshotDataSource]" classname="Kubernetes e2e suite" status="skipped" time="0">
              <skipped message="skipped"></skipped>
          </testcase>
          <testcase name="[It] [sig-storage] In-tree Volumes [Driver: azure-file] [Testpattern: Dynamic PV (block volmode)] disruptive [Disruptive] [LinuxOnly] Should test that pv used in a pod that is deleted while the kubelet is down cleans up when the kubelet returns." classname="Kubernetes e2e suite" status="skipped" time="0">
              <skipped message="skipped"></skipped>
          </testcase>
          <testcase name="[It] [sig-storage] PersistentVolumes-local [Volume type: blockfswithformat] One pod requesting one prebound PVC should be able to mount volume and read from pod1" classname="Kubernetes e2e suite" status="skipped" time="0">
              <skipped message="skipped"></skipped>
          </testcase>
          <testcase name="[It] [sig-storage] CSI Volumes [Driver: pd.csi.storage.gke.io] [Serial] [Testpattern: Dynamic PV (ext4)] multiVolume [Slow] should concurrently access the single volume from pods on different node" classname="Kubernetes e2e suite" status="skipped" time="0">
              <skipped message="skipped"></skipped>
          </testcase>
          <testcase name="[It] [sig-storage] In-tree Volumes [Driver: local] [LocalVolumeType: tmpfs] [Testpattern: Dynamic PV (default fs)] volume-stress multiple pods should access different volumes repeatedly [Slow] [Serial]" classname="Kubernetes e2e suite" status="skipped" time="0">
              <skipped message="skipped"></skipped>
          </testcase>
          <testcase name="[It] [sig-storage] In-tree Volumes [Driver: local] [LocalVolumeType: dir] [Testpattern: Dynamic PV (ntfs)] [Feature:Windows] multiVolume [Slow] should concurrently access the single read-only volume from pods on the same node" classname="Kubernetes e2e suite" status="skipped" time="0">
              <skipped message="skipped"></skipped>
          </testcase>
          <testcase name="[It] [sig-cli] Kubectl client Kubectl apply apply set/view last-applied" classname="Kubernetes e2e suite" status="skipped" time="0">
              <skipped message="skipped"></skipped>
          </testcase>
          <testcase name="[It] [sig-network] Services should support externalTrafficPolicy=Local for type=NodePort" classname="Kubernetes e2e suite" status="skipped" time="0">
              <skipped message="skipped"></skipped>
          </testcase>
          <testcase name="[It] [sig-storage] In-tree Volumes [Driver: hostPath] [Testpattern: Dynamic PV (default fs)] fsgroupchangepolicy (Always)[LinuxOnly], pod created with an initial fsgroup, new pod fsgroup applied to volume contents" classname="Kubernetes e2e suite" status="skipped" time="0">
              <skipped message="skipped"></skipped>
          </testcase>
          <testcase name="[It] [sig-storage] In-tree Volumes [Driver: azure-file] [Testpattern: Dynamic PV (ntfs)] [Feature:Windows] provisioning should provision correct filesystem size when restoring snapshot to larger size pvc [Feature:VolumeSnapshotDataSource]" classname="Kubernetes e2e suite" status="skipped" time="0">
              <skipped message="skipped"></skipped>
          </testcase>
          <testcase name="[It] [sig-storage] In-tree Volumes [Driver: local] [LocalVolumeType: dir-bindmounted] [Testpattern: Dynamic PV (ext4)] multiVolume [Slow] should concurrently access the single read-only volume from pods on the same node" classname="Kubernetes e2e suite" status="skipped" time="0">
              <skipped message="skipped"></skipped>
          </testcase>
          <testcase name="[It] [sig-storage] In-tree Volumes [Driver: local] [LocalVolumeType: dir] [Testpattern: Generic Ephemeral-volume (block volmode) (late-binding)] ephemeral should create read/write inline ephemeral volume" classname="Kubernetes e2e suite" status="skipped" time="0">
              <skipped message="skipped"></skipped>
          </testcase>
          <testcase name="[It] [sig-storage] In-tree Volumes [Driver: local] [LocalVolumeType: gce-localssd-scsi-fs] [Serial] [Testpattern: Pre-provisioned PV (default fs)] subPath should support creating multiple subpath from same volumes [Slow]" classname="Kubernetes e2e suite" status="skipped" time="0">
              <skipped message="skipped"></skipped>
          </testcase>
          <testcase name="[It] [sig-storage] PersistentVolumes-local [Volume type: block] One pod requesting one prebound PVC should be able to mount volume and read from pod1" classname="Kubernetes e2e suite" status="skipped" time="0">
              <skipped message="skipped"></skipped>
          </testcase>
          <testcase name="[It] [sig-storage] In-tree Volumes [Driver: local] [LocalVolumeType: dir-link] [Testpattern: Generic Ephemeral-volume (default fs) (late-binding)] ephemeral should create read/write inline ephemeral volume" classname="Kubernetes e2e suite" status="skipped" time="0">
              <skipped message="skipped"></skipped>
          </testcase>
          <testcase name="[It] [sig-storage] In-tree Volumes [Driver: emptydir] [Testpattern: Pre-provisioned PV (default fs)] subPath should verify container cannot write to subpath readonly volumes [Slow]" classname="Kubernetes e2e suite" status="skipped" time="0">
              <skipped message="skipped"></skipped>
          </testcase>
          <testcase name="[It] [sig-storage] CSI Mock volume expansion Expansion with recovery [Feature:RecoverVolumeExpansionFailure] [FeatureGate:RecoverVolumeExpansionFailure] [Beta] recovery should not be possible in partially expanded volumes" classname="Kubernetes e2e suite" status="skipped" time="0">
              <skipped message="skipped"></skipped>
          </testcase>
          <testcase name="[It] [sig-storage] In-tree Volumes [Driver: local] [LocalVolumeType: dir-link] [Testpattern: Pre-provisioned PV (default fs)] subPath should support restarting containers using directory as subpath [Slow]" classname="Kubernetes e2e suite" status="skipped" time="0">
              <skipped message="skipped"></skipped>
          </testcase>
          <testcase name="[It] [sig-storage] In-tree Volumes [Driver: emptydir] [Testpattern: Pre-provisioned PV (default fs)] subPath should support existing directories when readOnly specified in the volumeSource" classname="Kubernetes e2e suite" status="skipped" time="0">
              <skipped message="skipped"></skipped>
          </testcase>
          <testcase name="[It] [sig-storage] In-tree Volumes [Driver: hostPathSymlink] [Testpattern: Dynamic PV (default fs)] subPath should fail if subpath directory is outside the volume [Slow] [LinuxOnly]" classname="Kubernetes e2e suite" status="skipped" time="0">
              <skipped message="skipped"></skipped>
          </testcase>
          <testcase name="[It] [sig-storage] In-tree Volumes [Driver: hostPathSymlink] [Testpattern: Pre-provisioned PV (filesystem volmode)] disruptive [Disruptive] [LinuxOnly] Should test that pv used in a pod that is force deleted while the kubelet is down is usable by a new pod when kubelet returns [Feature:SELinux]" classname="Kubernetes e2e suite" status="skipped" time="0">
              <skipped message="skipped"></skipped>
          </testcase>
          <testcase name="[It] [sig-storage] In-tree Volumes [Driver: local] [LocalVolumeType: dir] [Testpattern: Dynamic PV (block volmode)] provisioning should provision storage with pvc data source" classname="Kubernetes e2e suite" status="skipped" time="0">
              <skipped message="skipped"></skipped>
          </testcase>
          <testcase name="[It] [sig-windows] Hybrid cluster network for all supported CNIs should have stable networking for Linux and Windows pods" classname="Kubernetes e2e suite" status="skipped" time="0">
              <skipped message="skipped"></skipped>
          </testcase>
          <testcase name="[It] [sig-storage] In-tree Volumes [Driver: hostPathSymlink] [Testpattern: Dynamic PV (ext4)] multiVolume [Slow] should concurrently access the single read-only volume from pods on the same node" classname="Kubernetes e2e suite" status="skipped" time="0">
              <skipped message="skipped"></skipped>
          </testcase>
          <testcase name="[It] [sig-auth] ServiceAccount admission controller migration [Feature:BoundServiceAccountTokenVolume] master upgrade should maintain a functioning cluster" classname="Kubernetes e2e suite" status="skipped" time="0">
              <skipped message="skipped"></skipped>
          </testcase>
          <testcase name="[It] [sig-storage] In-tree Volumes [Driver: emptydir] [Testpattern: Pre-provisioned PV (default fs)] subPath should support non-existent path" classname="Kubernetes e2e suite" status="skipped" time="0">
              <skipped message="skipped"></skipped>
          </testcase>
          <testcase name="[It] [sig-storage] In-tree Volumes [Driver: local] [LocalVolumeType: dir-bindmounted] [Testpattern: Dynamic PV (default fs)] subPath should unmount if pod is force deleted while kubelet is down [Disruptive] [Slow] [LinuxOnly]" classname="Kubernetes e2e suite" status="skipped" time="0">
              <skipped message="skipped"></skipped>
          </testcase>
          <testcase name="[It] [sig-storage] In-tree Volumes [Driver: local] [LocalVolumeType: dir-link-bindmounted] [Testpattern: Dynamic PV (ext3)] volumes should store data" classname="Kubernetes e2e suite" status="skipped" time="0">
              <skipped message="skipped"></skipped>
          </testcase>
          <testcase name="[It] [sig-storage] In-tree Volumes [Driver: nfs] [Testpattern: Dynamic PV (filesystem volmode)] disruptive [Disruptive] [LinuxOnly] Should test that pv used in a pod that is force deleted while the kubelet is down is usable by a new pod with a different SELinux context when kubelet returns [Feature:SELinux]" classname="Kubernetes e2e suite" status="skipped" time="0">
              <skipped message="skipped"></skipped>
          </testcase>
          <testcase name="[It] [sig-storage] In-tree Volumes [Driver: local] [LocalVolumeType: dir-link] [Testpattern: Inline-volume (default fs)] subPath should support file as subpath [LinuxOnly]" classname="Kubernetes e2e suite" status="skipped" time="0">
              <skipped message="skipped"></skipped>
          </testcase>
          <testcase name="[It] [sig-storage] In-tree Volumes [Driver: azure-disk] [Testpattern: Dynamic PV (default fs)] volumes should store data" classname="Kubernetes e2e suite" status="skipped" time="0">
              <skipped message="skipped"></skipped>
          </testcase>
          <testcase name="[It] [sig-storage] CSI Volumes [Driver: pd.csi.storage.gke.io] [Serial] [Testpattern: Dynamic PV (ext4)] volumes should store data" classname="Kubernetes e2e suite" status="skipped" time="0">
              <skipped message="skipped"></skipped>
          </testcase>
          <testcase name="[It] [sig-storage] In-tree Volumes [Driver: vsphere] [Testpattern: Pre-provisioned PV (default fs)] volumes should allow exec of files on the volume" classname="Kubernetes e2e suite" status="skipped" time="0">
              <skipped message="skipped"></skipped>
          </testcase>
          <testcase name="[It] [sig-api-machinery] CustomResourceValidationRules [Privileged:ClusterAdmin] MUST fail create of a custom resource definition that contains an x-kubernetes-validations rule that exceeds the estimated cost limit" classname="Kubernetes e2e suite" status="skipped" time="0">
              <skipped message="skipped"></skipped>
          </testcase>
          <testcase name="[It] [sig-storage] In-tree Volumes [Driver: emptydir] [Testpattern: Pre-provisioned PV (block volmode)] multiVolume [Slow] should access to two volumes with the same volume mode and retain data across pod recreation on the same node" classname="Kubernetes e2e suite" status="skipped" time="0">
              <skipped message="skipped"></skipped>
          </testcase>
          <testcase name="[It] [sig-storage] In-tree Volumes [Driver: azure-disk] [Testpattern: Dynamic PV (block volmode)] provisioning should provision storage with pvc data source in parallel [Slow]" classname="Kubernetes e2e suite" status="skipped" time="0">
              <skipped message="skipped"></skipped>
          </testcase>
          <testcase name="[It] [sig-storage] In-tree Volumes [Driver: local] [LocalVolumeType: dir-link] [Testpattern: Inline-volume (ntfs)] [Feature:Windows] volumes should store data" classname="Kubernetes e2e suite" status="skipped" time="0">
              <skipped message="skipped"></skipped>
          </testcase>
          <testcase name="[It] [sig-storage] CSI Volumes [Driver: csi-hostpath] [Testpattern: Pre-provisioned Snapshot (delete policy)] snapshottable [Feature:VolumeSnapshotDataSource] volume snapshot controller  should check snapshot fields, check restore correctly works, check deletion (ephemeral)" classname="Kubernetes e2e suite" status="skipped" time="0">
              <skipped message="skipped"></skipped>
          </testcase>
          <testcase name="[It] [sig-storage] In-tree Volumes [Driver: nfs] [Testpattern: Inline-volume (default fs)] subPath should support restarting containers using directory as subpath [Slow]" classname="Kubernetes e2e suite" status="skipped" time="0">
              <skipped message="skipped"></skipped>
          </testcase>
          <testcase name="[It] [sig-storage] CSI Volumes [Driver: csi-hostpath] [Testpattern: Pre-provisioned PV (default fs)] volumes should allow exec of files on the volume" classname="Kubernetes e2e suite" status="skipped" time="0">
              <skipped message="skipped"></skipped>
          </testcase>
          <testcase name="[It] [sig-storage] In-tree Volumes [Driver: local] [LocalVolumeType: gce-localssd-scsi-fs] [Serial] [Testpattern: Pre-provisioned PV (block volmode)] multiVolume [Slow] should access to two volumes with different volume mode and retain data across pod recreation on the same node" classname="Kubernetes e2e suite" status="skipped" time="0">
              <skipped message="skipped"></skipped>
          </testcase>
          <testcase name="[It] [sig-storage] In-tree Volumes [Driver: local] [LocalVolumeType: dir-link-bindmounted] [Testpattern: Dynamic PV (ntfs)] [Feature:Windows] subPath should support restarting containers using file as subpath [Slow] [LinuxOnly]" classname="Kubernetes e2e suite" status="skipped" time="0">
              <skipped message="skipped"></skipped>
          </testcase>
          <testcase name="[It] [sig-storage] In-tree Volumes [Driver: iscsi] [Feature:Volumes] [Testpattern: Pre-provisioned PV (filesystem volmode)] disruptive [Disruptive] [LinuxOnly] Should test that pv used in a pod that is deleted while the kubelet is down is usable by a new pod when kubelet returns [Feature:SELinux]" classname="Kubernetes e2e suite" status="skipped" time="0">
              <skipped message="skipped"></skipped>
          </testcase>
          <testcase name="[It] [sig-storage] In-tree Volumes [Driver: local] [LocalVolumeType: gce-localssd-scsi-fs] [Serial] [Testpattern: Pre-provisioned PV (filesystem volmode)] multiVolume [Slow] should concurrently access the single volume from pods on the same node" classname="Kubernetes e2e suite" status="skipped" time="0">
              <skipped message="skipped"></skipped>
          </testcase>
          <testcase name="[It] [sig-storage] In-tree Volumes [Driver: local] [LocalVolumeType: dir-link-bindmounted] [Testpattern: Inline-volume (default fs)] subPath should fail if subpath with backstepping is outside the volume [Slow] [LinuxOnly]" classname="Kubernetes e2e suite" status="skipped" time="0">
              <skipped message="skipped"></skipped>
          </testcase>
          <testcase name="[It] [sig-storage] CSI Volumes [Driver: pd.csi.storage.gke.io] [Serial] [Testpattern: Inline-volume (default fs)] subPath should fail if subpath directory is outside the volume [Slow] [LinuxOnly]" classname="Kubernetes e2e suite" status="skipped" time="0">
              <skipped message="skipped"></skipped>
          </testcase>
          <testcase name="[It] [sig-storage] In-tree Volumes [Driver: local] [LocalVolumeType: dir] [Testpattern: Pre-provisioned PV (default fs)] subPath should support non-existent path" classname="Kubernetes e2e suite" status="skipped" time="0">
              <skipped message="skipped"></skipped>
          </testcase>
          <testcase name="[It] [sig-storage] In-tree Volumes [Driver: emptydir] [Testpattern: Inline-volume (default fs)] subPath should support restarting containers using file as subpath [Slow] [LinuxOnly]" classname="Kubernetes e2e suite" status="skipped" time="0">
              <skipped message="skipped"></skipped>
          </testcase>
          <testcase name="[It] [sig-storage] In-tree Volumes [Driver: hostPathSymlink] [Testpattern: Pre-provisioned PV (default fs)] volumes should store data" classname="Kubernetes e2e suite" status="skipped" time="0">
              <skipped message="skipped"></skipped>
          </testcase>
          <testcase name="[It] [sig-storage] In-tree Volumes [Driver: local] [LocalVolumeType: dir-bindmounted] [Testpattern: Dynamic PV (xfs)] [Slow] multiVolume [Slow] should concurrently access the single read-only volume from pods on the same node" classname="Kubernetes e2e suite" status="skipped" time="0">
              <skipped message="skipped"></skipped>
          </testcase>
          <testcase name="[It] [sig-storage] In-tree Volumes [Driver: local] [LocalVolumeType: block] [Testpattern: Pre-provisioned PV (default fs)] volumeIO should write files of various sizes, verify size, validate content [Slow]" classname="Kubernetes e2e suite" status="skipped" time="0">
              <skipped message="skipped"></skipped>
          </testcase>
          <testcase name="[It] [sig-scheduling] SchedulerPredicates [Serial] validates that there is no conflict between pods with same hostPort but different hostIP and protocol" classname="Kubernetes e2e suite" status="skipped" time="0">
              <skipped message="skipped"></skipped>
          </testcase>
          <testcase name="[It] [sig-storage] In-tree Volumes [Driver: local] [LocalVolumeType: block] [Testpattern: Dynamic PV (ntfs)] [Feature:Windows] multiVolume [Slow] should concurrently access the single volume from pods on different node" classname="Kubernetes e2e suite" status="skipped" time="0">
              <skipped message="skipped"></skipped>
          </testcase>
          <testcase name="[It] [sig-storage] CSI Volumes [Driver: csi-hostpath] [Testpattern: Dynamic PV (filesystem volmode)] multiVolume [Slow] should access to two volumes with the same volume mode and retain data across pod recreation on different node" classname="Kubernetes e2e suite" status="skipped" time="0">
              <skipped message="skipped"></skipped>
          </testcase>
          <testcase name="[It] [sig-cluster-lifecycle] [Feature:BootstrapTokens] should delete the signed bootstrap tokens from clusterInfo ConfigMap when bootstrap token is deleted" classname="Kubernetes e2e suite" status="skipped" time="0">
              <skipped message="skipped"></skipped>
          </testcase>
          <testcase name="[It] [sig-node] Pod InPlace Resize Container [FeatureGate:InPlacePodVerticalScaling] [Beta] Burstable QoS pod, one container with cpu &amp; memory requests + limits - decrease memory requests only" classname="Kubernetes e2e suite" status="skipped" time="0">
              <skipped message="skipped"></skipped>
          </testcase>
          <testcase name="[It] [sig-storage] In-tree Volumes [Driver: azure-file] [Testpattern: Dynamic PV (block volmode)] volumeMode should not mount / map unused volumes in a pod [LinuxOnly]" classname="Kubernetes e2e suite" status="skipped" time="0">
              <skipped message="skipped"></skipped>
          </testcase>
          <testcase name="[It] [sig-storage] In-tree Volumes [Driver: local] [LocalVolumeType: tmpfs] [Testpattern:  (delete policy)] volumegroupsnapshottable [Feature:volumegroupsnapshot] VolumeGroupSnapshottable  should create snapshots for multiple volumes in a pod" classname="Kubernetes e2e suite" status="skipped" time="0">
              <skipped message="skipped"></skipped>
          </testcase>
          <testcase name="[It] [sig-storage] In-tree Volumes [Driver: local] [LocalVolumeType: dir-bindmounted] [Testpattern: Dynamic PV (ntfs)] [Feature:Windows] multiVolume [Slow] should concurrently access the volume and restored snapshot from pods on the same node [LinuxOnly] [Feature:VolumeSnapshotDataSource] [Feature:VolumeSourceXFS]" classname="Kubernetes e2e suite" status="skipped" time="0">
              <skipped message="skipped"></skipped>
          </testcase>
          <testcase name="[It] [sig-windows] [Feature:Windows] SecurityContext should not be able to create pods with unknown usernames at Container level" classname="Kubernetes e2e suite" status="skipped" time="0">
              <skipped message="skipped"></skipped>
          </testcase>
          <testcase name="[It] [sig-storage] PersistentVolumes-local Local volume that cannot be mounted [Slow] should fail due to wrong node" classname="Kubernetes e2e suite" status="skipped" time="0">
              <skipped message="skipped"></skipped>
          </testcase>
          <testcase name="[It] [sig-storage] PersistentVolumes-local Pod with node different from PV&#39;s NodeAffinity should fail scheduling due to different NodeSelector" classname="Kubernetes e2e suite" status="skipped" time="0">
              <skipped message="skipped"></skipped>
          </testcase>
          <testcase name="[It] [sig-node] Pod InPlace Resize Container [FeatureGate:InPlacePodVerticalScaling] [Beta] Guaranteed QoS pod, one container - increase CPU &amp; memory" classname="Kubernetes e2e suite" status="skipped" time="0">
              <skipped message="skipped"></skipped>
          </testcase>
          <testcase name="[It] [sig-storage] In-tree Volumes [Driver: azure-file] [Testpattern: Inline-volume (default fs)] subPath should fail if subpath file is outside the volume [Slow] [LinuxOnly]" classname="Kubernetes e2e suite" status="skipped" time="0">
              <skipped message="skipped"></skipped>
          </testcase>
          <testcase name="[It] [sig-storage] In-tree Volumes [Driver: local] [LocalVolumeType: dir] [Testpattern: Dynamic PV (ext4)] volumes should store data" classname="Kubernetes e2e suite" status="skipped" time="0">
              <skipped message="skipped"></skipped>
          </testcase>
          <testcase name="[It] [sig-network] Service endpoints latency should not be very high [Conformance]" classname="Kubernetes e2e suite" status="passed" time="10.719007688"></testcase>
          <testcase name="[It] [sig-storage] In-tree Volumes [Driver: emptydir] [Testpattern: Dynamic PV (default fs)] subPath should be able to unmount after the subpath directory is deleted [LinuxOnly]" classname="Kubernetes e2e suite" status="skipped" time="0">
              <skipped message="skipped"></skipped>
          </testcase>
          <testcase name="[It] [sig-storage] In-tree Volumes [Driver: vsphere] [Testpattern: Dynamic PV (block volmode)] multiVolume [Slow] should concurrently access the single volume from pods on the same node" classname="Kubernetes e2e suite" status="skipped" time="0">
              <skipped message="skipped"></skipped>
          </testcase>
          <testcase name="[It] [sig-storage] In-tree Volumes [Driver: local] [LocalVolumeType: gce-localssd-scsi-fs] [Serial] [Testpattern: Inline-volume (default fs)] subPath should support existing directories when readOnly specified in the volumeSource" classname="Kubernetes e2e suite" status="skipped" time="0">
              <skipped message="skipped"></skipped>
          </testcase>
          <testcase name="[It] [sig-storage] In-tree Volumes [Driver: cinder] [Testpattern: Dynamic PV (block volmode)] provisioning should provision storage with pvc data source (ROX mode)" classname="Kubernetes e2e suite" status="skipped" time="0">
              <skipped message="skipped"></skipped>
          </testcase>
          <testcase name="[It] [sig-network] [Feature:IPv6DualStack] Granular Checks: Services Secondary IP Family [LinuxOnly] should function for client IP based session affinity: udp [LinuxOnly]" classname="Kubernetes e2e suite" status="skipped" time="0">
              <skipped message="skipped"></skipped>
          </testcase>
          <testcase name="[It] [sig-storage] In-tree Volumes [Driver: local] [LocalVolumeType: tmpfs] [Testpattern: Inline-volume (default fs)] subPath should support existing single file [LinuxOnly]" classname="Kubernetes e2e suite" status="skipped" time="0">
              <skipped message="skipped"></skipped>
          </testcase>
          <testcase name="[It] [sig-apps] Job should fail when exceeds active deadline" classname="Kubernetes e2e suite" status="skipped" time="0">
              <skipped message="skipped"></skipped>
          </testcase>
          <testcase name="[It] [sig-storage] In-tree Volumes [Driver: hostPathSymlink] [Testpattern: Dynamic PV (filesystem volmode)] multiVolume [Slow] should concurrently access the volume and restored snapshot from pods on the same node [LinuxOnly] [Feature:VolumeSnapshotDataSource] [Feature:VolumeSourceXFS]" classname="Kubernetes e2e suite" status="skipped" time="0">
              <skipped message="skipped"></skipped>
          </testcase>
          <testcase name="[It] [sig-storage] In-tree Volumes [Driver: azure-disk] [Testpattern: Dynamic PV (ext4)] multiVolume [Slow] should concurrently access the single volume from pods on the same node" classname="Kubernetes e2e suite" status="skipped" time="0">
              <skipped message="skipped"></skipped>
          </testcase>
          <testcase name="[It] [sig-storage] CSI Volumes [Driver: csi-hostpath] [Testpattern: Dynamic PV (xfs)] [Slow] multiVolume [Slow] should access to two volumes with different volume mode and retain data across pod recreation on different node" classname="Kubernetes e2e suite" status="skipped" time="0">
              <skipped message="skipped"></skipped>
          </testcase>
          <testcase name="[It] [sig-storage] In-tree Volumes [Driver: local] [LocalVolumeType: dir-link-bindmounted] [Testpattern: Dynamic PV (default fs)] volumeIO should write files of various sizes, verify size, validate content [Slow]" classname="Kubernetes e2e suite" status="skipped" time="0">
              <skipped message="skipped"></skipped>
          </testcase>
          <testcase name="[It] [sig-storage] In-tree Volumes [Driver: local] [LocalVolumeType: dir-link-bindmounted] [Testpattern: Dynamic PV (ext4)] multiVolume [Slow] should access to two volumes with different volume mode and retain data across pod recreation on the same node" classname="Kubernetes e2e suite" status="skipped" time="0">
              <skipped message="skipped"></skipped>
          </testcase>
          <testcase name="[It] [sig-cli] Kubectl client Simple pod should support exec using resource/name" classname="Kubernetes e2e suite" status="skipped" time="0">
              <skipped message="skipped"></skipped>
          </testcase>
          <testcase name="[It] [sig-storage] In-tree Volumes [Driver: vsphere] [Testpattern: Dynamic PV (ntfs)] [Feature:Windows] multiVolume [Slow] should access to two volumes with the same volume mode and retain data across pod recreation on different node" classname="Kubernetes e2e suite" status="skipped" time="0">
              <skipped message="skipped"></skipped>
          </testcase>
          <testcase name="[It] [sig-storage] In-tree Volumes [Driver: emptydir] [Testpattern: Inline-volume (default fs)] subPath should support non-existent path" classname="Kubernetes e2e suite" status="skipped" time="0">
              <skipped message="skipped"></skipped>
          </testcase>
          <testcase name="[It] [sig-network] kube-proxy migration [Serial] [Disruptive] [Feature:KubeProxyDaemonSetMigration] Upgrade kube-proxy from static pods to a DaemonSet should maintain a functioning cluster [Feature:KubeProxyDaemonSetUpgrade]" classname="Kubernetes e2e suite" status="skipped" time="0">
              <skipped message="skipped"></skipped>
          </testcase>
          <testcase name="[It] [sig-apps] Job with successPolicy succeededIndexes rule should succeeded even when some indexes remain pending [Conformance]" classname="Kubernetes e2e suite" status="passed" time="4.052869079"></testcase>
          <testcase name="[It] [sig-api-machinery] API priority and fairness should ensure that requests can be classified by adding FlowSchema and PriorityLevelConfiguration" classname="Kubernetes e2e suite" status="skipped" time="0">
              <skipped message="skipped"></skipped>
          </testcase>
          <testcase name="[It] [sig-storage] In-tree Volumes [Driver: local] [LocalVolumeType: blockfs] [Testpattern: Dynamic PV (ntfs)] [Feature:Windows] multiVolume [Slow] should concurrently access the volume and restored snapshot from pods on the same node [LinuxOnly] [Feature:VolumeSnapshotDataSource] [Feature:VolumeSourceXFS]" classname="Kubernetes e2e suite" status="skipped" time="0">
              <skipped message="skipped"></skipped>
          </testcase>
          <testcase name="[It] [sig-storage] In-tree Volumes [Driver: cinder] [Testpattern: Dynamic PV (default fs)] provisioning should provision storage with pvc data source" classname="Kubernetes e2e suite" status="skipped" time="0">
              <skipped message="skipped"></skipped>
          </testcase>
          <testcase name="[It] [sig-storage] In-tree Volumes [Driver: local] [LocalVolumeType: blockfs] [Testpattern: Dynamic PV (default fs)] subPath should support non-existent path" classname="Kubernetes e2e suite" status="skipped" time="0">
              <skipped message="skipped"></skipped>
          </testcase>
          <testcase name="[It] [sig-storage] In-tree Volumes [Driver: iscsi] [Feature:Volumes] [Testpattern: Dynamic PV (block volmode)] provisioning should provision storage with snapshot data source [Feature:VolumeSnapshotDataSource]" classname="Kubernetes e2e suite" status="skipped" time="0">
              <skipped message="skipped"></skipped>
          </testcase>
          <testcase name="[It] [sig-storage] In-tree Volumes [Driver: hostPathSymlink] [Testpattern: Generic Ephemeral-volume (block volmode) (late-binding)] ephemeral should support two pods which have the same volume definition" classname="Kubernetes e2e suite" status="skipped" time="0">
              <skipped message="skipped"></skipped>
          </testcase>
          <testcase name="[It] [sig-storage] In-tree Volumes [Driver: hostPath] [Testpattern: Pre-provisioned PV (block volmode)] volumeMode should fail to create pod by failing to mount volume [Slow]" classname="Kubernetes e2e suite" status="skipped" time="0">
              <skipped message="skipped"></skipped>
          </testcase>
          <testcase name="[It] [sig-cli] Kubectl Port forwarding With a server listening on 0.0.0.0 that expects a client request should support a client that connects, sends DATA, and disconnects" classname="Kubernetes e2e suite" status="skipped" time="0">
              <skipped message="skipped"></skipped>
          </testcase>
          <testcase name="[It] [sig-storage] In-tree Volumes [Driver: azure-disk] [Testpattern: Dynamic PV (filesystem volmode)] disruptive [Disruptive] [LinuxOnly] Should test that pv used in a pod that is force deleted while the kubelet is down is usable by a new pod when kubelet returns [Feature:SELinux]" classname="Kubernetes e2e suite" status="skipped" time="0">
              <skipped message="skipped"></skipped>
          </testcase>
          <testcase name="[It] [sig-storage] In-tree Volumes [Driver: iscsi] [Feature:Volumes] [Testpattern: Dynamic PV (default fs)] fsgroupchangepolicy (OnRootMismatch)[LinuxOnly], pod created with an initial fsgroup, volume contents ownership changed via chgrp in first pod, new pod with different fsgroup applied to the volume contents" classname="Kubernetes e2e suite" status="skipped" time="0">
              <skipped message="skipped"></skipped>
          </testcase>
          <testcase name="[It] [sig-storage] In-tree Volumes [Driver: local] [LocalVolumeType: block] [Testpattern: Dynamic PV (default fs)] subPath should unmount if pod is gracefully deleted while kubelet is down [Disruptive] [Slow] [LinuxOnly]" classname="Kubernetes e2e suite" status="skipped" time="0">
              <skipped message="skipped"></skipped>
          </testcase>
          <testcase name="[It] [sig-storage] In-tree Volumes [Driver: local] [LocalVolumeType: dir-link] [Testpattern: Pre-provisioned PV (default fs)] subPath should verify container cannot write to subpath readonly volumes [Slow]" classname="Kubernetes e2e suite" status="skipped" time="0">
              <skipped message="skipped"></skipped>
          </testcase>
          <testcase name="[It] [sig-storage] In-tree Volumes [Driver: cinder] [Testpattern: Dynamic PV (ntfs)] [Feature:Windows] subPath should fail if subpath directory is outside the volume [Slow] [LinuxOnly]" classname="Kubernetes e2e suite" status="skipped" time="0">
              <skipped message="skipped"></skipped>
          </testcase>
          <testcase name="[It] [sig-storage] In-tree Volumes [Driver: cinder] [Testpattern: Pre-provisioned PV (default fs)] subPath should support restarting containers using directory as subpath [Slow]" classname="Kubernetes e2e suite" status="skipped" time="0">
              <skipped message="skipped"></skipped>
          </testcase>
          <testcase name="[It] [sig-storage] In-tree Volumes [Driver: local] [LocalVolumeType: dir-link-bindmounted] [Testpattern: Dynamic PV (ntfs)] [Feature:Windows] provisioning should provision storage with pvc data source (ROX mode)" classname="Kubernetes e2e suite" status="skipped" time="0">
              <skipped message="skipped"></skipped>
          </testcase>
          <testcase name="[It] [sig-storage] CSI Volumes [Driver: pd.csi.storage.gke.io] [Serial] [Testpattern: Dynamic PV (block volmode)] volume-stress multiple pods should access different volumes repeatedly [Slow] [Serial]" classname="Kubernetes e2e suite" status="skipped" time="0">
              <skipped message="skipped"></skipped>
          </testcase>
          <testcase name="[It] [sig-network] Services should serve endpoints on same port and different protocol for internal traffic on Type LoadBalancer" classname="Kubernetes e2e suite" status="skipped" time="0">
              <skipped message="skipped"></skipped>
          </testcase>
          <testcase name="[It] [sig-storage] CSI Volumes [Driver: pd.csi.storage.gke.io] [Serial] [Testpattern: Dynamic PV (block volmode)(allowExpansion)] volume-expand should resize volume when PVC is edited while pod is using it" classname="Kubernetes e2e suite" status="skipped" time="0">
              <skipped message="skipped"></skipped>
          </testcase>
          <testcase name="[It] [sig-storage] In-tree Volumes [Driver: cinder] [Testpattern: Generic Ephemeral-volume (default fs) (late-binding)] ephemeral should create read-only inline ephemeral volume" classname="Kubernetes e2e suite" status="skipped" time="0">
              <skipped message="skipped"></skipped>
          </testcase>
          <testcase name="[It] [sig-storage] In-tree Volumes [Driver: local] [LocalVolumeType: dir-bindmounted] [Testpattern: Dynamic PV (filesystem volmode)] multiVolume [Slow] should access to two volumes with different volume mode and retain data across pod recreation on the same node" classname="Kubernetes e2e suite" status="skipped" time="0">
              <skipped message="skipped"></skipped>
          </testcase>
          <testcase name="[It] [sig-storage] In-tree Volumes [Driver: local] [LocalVolumeType: tmpfs] [Testpattern: Pre-provisioned PV (default fs)] subPath should verify container cannot write to subpath readonly volumes [Slow]" classname="Kubernetes e2e suite" status="skipped" time="0">
              <skipped message="skipped"></skipped>
          </testcase>
          <testcase name="[It] [sig-storage] In-tree Volumes [Driver: iscsi] [Feature:Volumes] [Testpattern: Dynamic PV (ntfs)] [Feature:Windows] subPath should fail if subpath with backstepping is outside the volume [Slow] [LinuxOnly]" classname="Kubernetes e2e suite" status="skipped" time="0">
              <skipped message="skipped"></skipped>
          </testcase>
          <testcase name="[It] [sig-storage] In-tree Volumes [Driver: local] [LocalVolumeType: dir-bindmounted] [Testpattern: Pre-provisioned PV (filesystem volmode)] disruptive [Disruptive] [LinuxOnly] Should test that pv used in a pod that is deleted while the kubelet is down is usable by a new pod with a different SELinux context when kubelet returns [Feature:SELinux]" classname="Kubernetes e2e suite" status="skipped" time="0">
              <skipped message="skipped"></skipped>
          </testcase>
          <testcase name="[It] [sig-storage] In-tree Volumes [Driver: nfs] [Testpattern: Pre-provisioned PV (ntfs)] [Feature:Windows] volumes should store data" classname="Kubernetes e2e suite" status="skipped" time="0">
              <skipped message="skipped"></skipped>
          </testcase>
          <testcase name="[It] [sig-storage] In-tree Volumes [Driver: local] [LocalVolumeType: dir-link] [Testpattern: Dynamic PV (block volmode)] provisioning should provision storage with snapshot data source [Feature:VolumeSnapshotDataSource]" classname="Kubernetes e2e suite" status="skipped" time="0">
              <skipped message="skipped"></skipped>
          </testcase>
          <testcase name="[It] [sig-storage] In-tree Volumes [Driver: local] [LocalVolumeType: gce-localssd-scsi-fs] [Serial] [Testpattern: Pre-provisioned PV (default fs)] subPath should support readOnly file specified in the volumeMount [LinuxOnly]" classname="Kubernetes e2e suite" status="skipped" time="0">
              <skipped message="skipped"></skipped>
          </testcase>
          <testcase name="[It] [sig-windows] [Feature:Windows] [Excluded:WindowsDocker] [MinimumKubeletVersion:1.22] RebootHost containers [Serial] [Disruptive] [Slow] should run as a reboot process on the host/node" classname="Kubernetes e2e suite" status="skipped" time="0">
              <skipped message="skipped"></skipped>
          </testcase>
          <testcase name="[It] [sig-storage] In-tree Volumes [Driver: hostPath] [Testpattern: Dynamic PV (block volmode)] provisioning should provision storage with any volume data source [Serial]" classname="Kubernetes e2e suite" status="skipped" time="0">
              <skipped message="skipped"></skipped>
          </testcase>
          <testcase name="[It] [sig-storage] In-tree Volumes [Driver: local] [LocalVolumeType: dir-bindmounted] [Testpattern: Dynamic PV (block volmode)] multiVolume [Slow] should access to two volumes with different volume mode and retain data across pod recreation on the same node" classname="Kubernetes e2e suite" status="skipped" time="0">
              <skipped message="skipped"></skipped>
          </testcase>
          <testcase name="[It] [sig-storage] In-tree Volumes [Driver: iscsi] [Feature:Volumes] [Testpattern: Dynamic PV (default fs)] provisioning should mount multiple PV pointing to the same storage on the same node" classname="Kubernetes e2e suite" status="skipped" time="0">
              <skipped message="skipped"></skipped>
          </testcase>
          <testcase name="[It] [sig-storage] In-tree Volumes [Driver: emptydir] [Testpattern: Inline-volume (default fs)] subPath should support existing directory" classname="Kubernetes e2e suite" status="skipped" time="0">
              <skipped message="skipped"></skipped>
          </testcase>
          <testcase name="[It] [sig-node] Kubelet when scheduling an agnhost Pod with hostAliases should write entries to /etc/hosts [NodeConformance] [Conformance]" classname="Kubernetes e2e suite" status="passed" time="4.085938242"></testcase>
          <testcase name="[It] [sig-storage] In-tree Volumes [Driver: iscsi] [Feature:Volumes] [Testpattern: Dynamic PV (default fs)] volumeIO should write files of various sizes, verify size, validate content [Slow]" classname="Kubernetes e2e suite" status="skipped" time="0">
              <skipped message="skipped"></skipped>
          </testcase>
          <testcase name="[It] [sig-storage] In-tree Volumes [Driver: local] [LocalVolumeType: gce-localssd-scsi-fs] [Serial] [Testpattern: Dynamic PV (filesystem volmode)] volumeLimits should verify that all csinodes have volume limits" classname="Kubernetes e2e suite" status="skipped" time="0">
              <skipped message="skipped"></skipped>
          </testcase>
          <testcase name="[It] [sig-storage] In-tree Volumes [Driver: azure-disk] [Testpattern: Dynamic PV (ntfs)] [Feature:Windows] provisioning should provision storage with snapshot data source (ROX mode) [Feature:VolumeSnapshotDataSource]" classname="Kubernetes e2e suite" status="skipped" time="0">
              <skipped message="skipped"></skipped>
          </testcase>
          <testcase name="[It] [sig-storage] In-tree Volumes [Driver: local] [LocalVolumeType: blockfs] [Testpattern: Inline-volume (default fs)] volumes should store data" classname="Kubernetes e2e suite" status="skipped" time="0">
              <skipped message="skipped"></skipped>
          </testcase>
          <testcase name="[It] [sig-storage] In-tree Volumes [Driver: hostPathSymlink] [Testpattern: Dynamic PV (block volmode)] volumeMode should not mount / map unused volumes in a pod [LinuxOnly]" classname="Kubernetes e2e suite" status="skipped" time="0">
              <skipped message="skipped"></skipped>
          </testcase>
          <testcase name="[It] [sig-storage] In-tree Volumes [Driver: local] [LocalVolumeType: dir-link-bindmounted] [Testpattern: Dynamic PV (block volmode)] multiVolume [Slow] should access to two volumes with the same volume mode and retain data across pod recreation on the same node" classname="Kubernetes e2e suite" status="skipped" time="0">
              <skipped message="skipped"></skipped>
          </testcase>
          <testcase name="[It] [sig-storage] In-tree Volumes [Driver: hostPath] [Testpattern: Inline-volume (default fs)] subPath should support existing single file [LinuxOnly]" classname="Kubernetes e2e suite" status="skipped" time="0">
              <skipped message="skipped"></skipped>
          </testcase>
          <testcase name="[It] [sig-storage] VolumeAttachment Conformance should run through the lifecycle of a VolumeAttachment [Conformance]" classname="Kubernetes e2e suite" status="passed" time="0.397177618"></testcase>
          <testcase name="[It] [sig-storage] In-tree Volumes [Driver: local] [LocalVolumeType: tmpfs] [Testpattern: Dynamic PV (ntfs)] [Feature:Windows] subPath should unmount if pod is force deleted while kubelet is down [Disruptive] [Slow] [LinuxOnly]" classname="Kubernetes e2e suite" status="skipped" time="0">
              <skipped message="skipped"></skipped>
          </testcase>
          <testcase name="[It] [sig-node] Security Context should support seccomp unconfined on the container [LinuxOnly]" classname="Kubernetes e2e suite" status="skipped" time="0">
              <skipped message="skipped"></skipped>
          </testcase>
          <testcase name="[It] [sig-storage] ConfigMap should be consumable from pods in volume [NodeConformance] [Conformance]" classname="Kubernetes e2e suite" status="passed" time="2.067334547"></testcase>
          <testcase name="[It] [sig-storage] In-tree Volumes [Driver: azure-disk] [Testpattern: Dynamic PV (default fs)] provisioning should provision storage with snapshot data source [Feature:VolumeSnapshotDataSource]" classname="Kubernetes e2e suite" status="skipped" time="0">
              <skipped message="skipped"></skipped>
          </testcase>
          <testcase name="[It] [sig-storage] In-tree Volumes [Driver: local] [LocalVolumeType: block] [Testpattern: Dynamic PV (ext4)] multiVolume [Slow] should concurrently access the volume and restored snapshot from pods on the same node [LinuxOnly] [Feature:VolumeSnapshotDataSource] [Feature:VolumeSourceXFS]" classname="Kubernetes e2e suite" status="skipped" time="0">
              <skipped message="skipped"></skipped>
          </testcase>
          <testcase name="[It] [sig-storage] CSI Volumes [Driver: pd.csi.storage.gke.io] [Serial] [Testpattern: Inline-volume (default fs)] subPath should support existing single file [LinuxOnly]" classname="Kubernetes e2e suite" status="skipped" time="0">
              <skipped message="skipped"></skipped>
          </testcase>
          <testcase name="[It] [sig-storage] In-tree Volumes [Driver: hostPathSymlink] [Testpattern: Dynamic PV (ntfs)] [Feature:Windows] provisioning should provision storage with pvc data source" classname="Kubernetes e2e suite" status="skipped" time="0">
              <skipped message="skipped"></skipped>
          </testcase>
          <testcase name="[It] [sig-storage] In-tree Volumes [Driver: vsphere] [Testpattern: Dynamic PV (xfs)] [Slow] multiVolume [Slow] should concurrently access the single volume from pods on the same node" classname="Kubernetes e2e suite" status="skipped" time="0">
              <skipped message="skipped"></skipped>
          </testcase>
          <testcase name="[It] [sig-storage] In-tree Volumes [Driver: nfs] [Testpattern: Generic Ephemeral-volume (default fs) (late-binding)] ephemeral should support multiple inline ephemeral volumes" classname="Kubernetes e2e suite" status="skipped" time="0">
              <skipped message="skipped"></skipped>
          </testcase>
          <testcase name="[It] [sig-apps] Job should execute all indexes despite some failing when using backoffLimitPerIndex [Conformance]" classname="Kubernetes e2e suite" status="passed" time="22.086895971"></testcase>
          <testcase name="[It] [sig-storage] In-tree Volumes [Driver: local] [LocalVolumeType: gce-localssd-scsi-fs] [Serial] [Testpattern: Generic Ephemeral-volume (default fs) (immediate-binding)] ephemeral should support expansion of pvcs created for ephemeral pvcs" classname="Kubernetes e2e suite" status="skipped" time="0">
              <skipped message="skipped"></skipped>
          </testcase>
          <testcase name="[It] [sig-storage] In-tree Volumes [Driver: local] [LocalVolumeType: block] [Testpattern: Pre-provisioned PV (filesystem volmode)] multiVolume [Slow] should access to two volumes with different volume mode and retain data across pod recreation on different node" classname="Kubernetes e2e suite" status="skipped" time="0">
              <skipped message="skipped"></skipped>
          </testcase>
          <testcase name="[It] [sig-storage] ConfigMap should be consumable from pods in volume as non-root with defaultMode and fsGroup set [LinuxOnly]" classname="Kubernetes e2e suite" status="skipped" time="0">
              <skipped message="skipped"></skipped>
          </testcase>
          <testcase name="[It] [sig-storage] In-tree Volumes [Driver: cinder] [Testpattern: Dynamic PV (filesystem volmode)] volumeLimits should verify that all csinodes have volume limits" classname="Kubernetes e2e suite" status="skipped" time="0">
              <skipped message="skipped"></skipped>
          </testcase>
          <testcase name="[It] [sig-storage] In-tree Volumes [Driver: local] [LocalVolumeType: dir-bindmounted] [Testpattern: Dynamic PV (xfs)] [Slow] multiVolume [Slow] should access to two volumes with different volume mode and retain data across pod recreation on the same node" classname="Kubernetes e2e suite" status="skipped" time="0">
              <skipped message="skipped"></skipped>
          </testcase>
          <testcase name="[It] [sig-storage] In-tree Volumes [Driver: local] [LocalVolumeType: dir-link] [Testpattern: Pre-provisioned PV (block volmode)] multiVolume [Slow] should access to two volumes with the same volume mode and retain data across pod recreation on different node" classname="Kubernetes e2e suite" status="skipped" time="0">
              <skipped message="skipped"></skipped>
          </testcase>
          <testcase name="[It] [sig-storage] In-tree Volumes [Driver: local] [LocalVolumeType: dir] [Testpattern: Pre-provisioned PV (block volmode)] multiVolume [Slow] should concurrently access the single read-only volume from pods on the same node" classname="Kubernetes e2e suite" status="skipped" time="0">
              <skipped message="skipped"></skipped>
          </testcase>
          <testcase name="[It] [sig-storage] In-tree Volumes [Driver: cinder] [Testpattern: Dynamic PV (ntfs)] [Feature:Windows] provisioning should mount multiple PV pointing to the same storage on the same node" classname="Kubernetes e2e suite" status="skipped" time="0">
              <skipped message="skipped"></skipped>
          </testcase>
          <testcase name="[It] [sig-storage] In-tree Volumes [Driver: nfs] [Testpattern: Pre-provisioned PV (filesystem volmode)] multiVolume [Slow] should concurrently access the single read-only volume from pods on the same node" classname="Kubernetes e2e suite" status="skipped" time="0">
              <skipped message="skipped"></skipped>
          </testcase>
          <testcase name="[It] [sig-storage] In-tree Volumes [Driver: local] [LocalVolumeType: blockfs] [Testpattern: Generic Ephemeral-volume (block volmode) (late-binding)] ephemeral should support two pods which have the same volume definition" classname="Kubernetes e2e suite" status="skipped" time="0">
              <skipped message="skipped"></skipped>
          </testcase>
          <testcase name="[It] [sig-storage] In-tree Volumes [Driver: emptydir] [Testpattern: Dynamic PV (ext4)] multiVolume [Slow] should concurrently access the single volume from pods on different node" classname="Kubernetes e2e suite" status="skipped" time="0">
              <skipped message="skipped"></skipped>
          </testcase>
          <testcase name="[It] [sig-storage] In-tree Volumes [Driver: local] [LocalVolumeType: blockfs] [Testpattern: Inline-volume (xfs)] [Slow] volumes should store data" classname="Kubernetes e2e suite" status="skipped" time="0">
              <skipped message="skipped"></skipped>
          </testcase>
          <testcase name="[It] [sig-storage] CSI Mock volume fsgroup policies CSI FSGroupPolicy Update [LinuxOnly] should not update fsGroup if update from File to None" classname="Kubernetes e2e suite" status="skipped" time="0">
              <skipped message="skipped"></skipped>
          </testcase>
          <testcase name="[It] [sig-node] Container Lifecycle Hook when create a pod with lifecycle hook should execute poststart https hook properly [MinimumKubeletVersion:1.23] [NodeConformance]" classname="Kubernetes e2e suite" status="skipped" time="0">
              <skipped message="skipped"></skipped>
          </testcase>
          <testcase name="[It] [sig-storage] PersistentVolumes-local [Volume type: dir-bindmounted] One pod requesting one prebound PVC should be able to mount volume and read from pod1" classname="Kubernetes e2e suite" status="skipped" time="0">
              <skipped message="skipped"></skipped>
          </testcase>
          <testcase name="[It] [sig-storage] In-tree Volumes [Driver: local] [LocalVolumeType: dir-link-bindmounted] [Testpattern: Dynamic PV (ntfs)] [Feature:Windows] multiVolume [Slow] should access to two volumes with the same volume mode and retain data across pod recreation on the same node" classname="Kubernetes e2e suite" status="skipped" time="0">
              <skipped message="skipped"></skipped>
          </testcase>
          <testcase name="[It] [sig-storage] In-tree Volumes [Driver: local] [LocalVolumeType: block] [Testpattern: Dynamic PV (block volmode)] volumeMode should fail to use a volume in a pod with mismatched mode [Slow]" classname="Kubernetes e2e suite" status="skipped" time="0">
              <skipped message="skipped"></skipped>
          </testcase>
          <testcase name="[It] [sig-storage] In-tree Volumes [Driver: local] [LocalVolumeType: blockfs] [Testpattern: Inline-volume (default fs)] subPath should support restarting containers using directory as subpath [Slow]" classname="Kubernetes e2e suite" status="skipped" time="0">
              <skipped message="skipped"></skipped>
          </testcase>
          <testcase name="[It] [sig-storage] PersistentVolumes-local [Volume type: block] Set fsGroup for local volume should set different fsGroup for second pod if first pod is deleted [Flaky]" classname="Kubernetes e2e suite" status="skipped" time="0">
              <skipped message="skipped"></skipped>
          </testcase>
          <testcase name="[It] [sig-storage] In-tree Volumes [Driver: azure-file] [Testpattern: Inline-volume (default fs)] subPath should support restarting containers using file as subpath [Slow] [LinuxOnly]" classname="Kubernetes e2e suite" status="skipped" time="0">
              <skipped message="skipped"></skipped>
          </testcase>
          <testcase name="[It] [sig-storage] In-tree Volumes [Driver: vsphere] [Testpattern: Dynamic PV (block volmode)] multiVolume [Slow] should access to two volumes with the same volume mode and retain data across pod recreation on different node" classname="Kubernetes e2e suite" status="skipped" time="0">
              <skipped message="skipped"></skipped>
          </testcase>
          <testcase name="[It] [sig-storage] PersistentVolumes-local [Volume type: block] Two pods mounting a local volume one after the other should be able to write from pod1 and read from pod2" classname="Kubernetes e2e suite" status="skipped" time="0">
              <skipped message="skipped"></skipped>
          </testcase>
          <testcase name="[It] [sig-storage] CSI Volumes [Driver: pd.csi.storage.gke.io] [Serial] [Testpattern: Dynamic PV (ntfs)] [Feature:Windows] multiVolume [Slow] should access to two volumes with the same volume mode and retain data across pod recreation on the same node" classname="Kubernetes e2e suite" status="skipped" time="0">
              <skipped message="skipped"></skipped>
          </testcase>
          <testcase name="[It] [sig-storage] CSI Volumes [Driver: pd.csi.storage.gke.io] [Serial] [Testpattern: Dynamic PV (default fs)] subPath should support file as subpath [LinuxOnly]" classname="Kubernetes e2e suite" status="skipped" time="0">
              <skipped message="skipped"></skipped>
          </testcase>
          <testcase name="[It] [sig-cli] Kubectl client Simple pod Kubectl run running a successful command" classname="Kubernetes e2e suite" status="skipped" time="0">
              <skipped message="skipped"></skipped>
          </testcase>
          <testcase name="[It] [sig-storage] In-tree Volumes [Driver: local] [LocalVolumeType: dir-link] [Testpattern: Pre-provisioned PV (filesystem volmode)] multiVolume [Slow] should access to two volumes with different volume mode and retain data across pod recreation on different node" classname="Kubernetes e2e suite" status="skipped" time="0">
              <skipped message="skipped"></skipped>
          </testcase>
          <testcase name="[It] [sig-storage] CSI Volumes [Driver: csi-hostpath] [Testpattern: Generic Ephemeral-volume (default fs) (late-binding)] ephemeral should support expansion of pvcs created for ephemeral pvcs" classname="Kubernetes e2e suite" status="skipped" time="0">
              <skipped message="skipped"></skipped>
          </testcase>
          <testcase name="[It] [sig-storage] In-tree Volumes [Driver: iscsi] [Feature:Volumes] [Testpattern: Dynamic PV (ntfs)] [Feature:Windows] provisioning should mount multiple PV pointing to the same storage on the same node" classname="Kubernetes e2e suite" status="skipped" time="0">
              <skipped message="skipped"></skipped>
          </testcase>
          <testcase name="[It] [sig-storage] In-tree Volumes [Driver: nfs] [Testpattern: Dynamic PV (ntfs)] [Feature:Windows] volumes should store data" classname="Kubernetes e2e suite" status="skipped" time="0">
              <skipped message="skipped"></skipped>
          </testcase>
          <testcase name="[It] [sig-storage] In-tree Volumes [Driver: local] [LocalVolumeType: dir-link-bindmounted] [Testpattern: Dynamic PV (ntfs)] [Feature:Windows] provisioning should provision storage with any volume data source [Serial]" classname="Kubernetes e2e suite" status="skipped" time="0">
              <skipped message="skipped"></skipped>
          </testcase>
          <testcase name="[It] [sig-apps] CronJob should not emit unexpected warnings" classname="Kubernetes e2e suite" status="skipped" time="0">
              <skipped message="skipped"></skipped>
          </testcase>
          <testcase name="[It] [sig-storage] In-tree Volumes [Driver: nfs] [Testpattern: Generic Ephemeral-volume (default fs) (immediate-binding)] ephemeral should create read/write inline ephemeral volume" classname="Kubernetes e2e suite" status="skipped" time="0">
              <skipped message="skipped"></skipped>
          </testcase>
          <testcase name="[It] [sig-storage] CSI Volumes [Driver: pd.csi.storage.gke.io] [Serial] [Testpattern: Dynamic PV (default fs)] subPath should support readOnly file specified in the volumeMount [LinuxOnly]" classname="Kubernetes e2e suite" status="skipped" time="0">
              <skipped message="skipped"></skipped>
          </testcase>
          <testcase name="[It] [sig-storage] CSI Volumes [Driver: pd.csi.storage.gke.io] [Serial] [Testpattern: Pre-provisioned PV (ext4)] volumes should allow exec of files on the volume" classname="Kubernetes e2e suite" status="skipped" time="0">
              <skipped message="skipped"></skipped>
          </testcase>
          <testcase name="[It] [sig-storage] In-tree Volumes [Driver: vsphere] [Testpattern: Generic Ephemeral-volume (default fs) (late-binding)] ephemeral should create read-only inline ephemeral volume" classname="Kubernetes e2e suite" status="skipped" time="0">
              <skipped message="skipped"></skipped>
          </testcase>
          <testcase name="[It] [sig-storage] In-tree Volumes [Driver: local] [LocalVolumeType: blockfs] [Testpattern: Pre-provisioned PV (filesystem volmode)] multiVolume [Slow] should concurrently access the single read-only volume from pods on the same node" classname="Kubernetes e2e suite" status="skipped" time="0">
              <skipped message="skipped"></skipped>
          </testcase>
          <testcase name="[It] [sig-storage] PersistentVolumes-local [Volume type: dir-link-bindmounted] Two pods mounting a local volume at the same time should be able to write from pod1 and read from pod2" classname="Kubernetes e2e suite" status="skipped" time="0">
              <skipped message="skipped"></skipped>
          </testcase>
          <testcase name="[It] [sig-storage] In-tree Volumes [Driver: local] [LocalVolumeType: block] [Testpattern: Dynamic PV (filesystem volmode)] disruptive [Disruptive] [LinuxOnly] Should test that pv used in a pod that is deleted while the kubelet is down is usable by a new pod when kubelet returns [Feature:SELinux]" classname="Kubernetes e2e suite" status="skipped" time="0">
              <skipped message="skipped"></skipped>
          </testcase>
          <testcase name="[It] [sig-storage] In-tree Volumes [Driver: local] [LocalVolumeType: dir-bindmounted] [Testpattern: Dynamic PV (default fs)] subPath should support readOnly file specified in the volumeMount [LinuxOnly]" classname="Kubernetes e2e suite" status="skipped" time="0">
              <skipped message="skipped"></skipped>
          </testcase>
          <testcase name="[It] [sig-storage] In-tree Volumes [Driver: hostPathSymlink] [Testpattern: Dynamic PV (default fs)] provisioning should provision storage with any volume data source [Serial]" classname="Kubernetes e2e suite" status="skipped" time="0">
              <skipped message="skipped"></skipped>
          </testcase>
          <testcase name="[It] [sig-storage] In-tree Volumes [Driver: local] [LocalVolumeType: dir] [Testpattern: Inline-volume (ext4)] volumes should allow exec of files on the volume" classname="Kubernetes e2e suite" status="skipped" time="0">
              <skipped message="skipped"></skipped>
          </testcase>
          <testcase name="[It] [sig-cli] Kubectl client Simple pod should support exec through kubectl proxy" classname="Kubernetes e2e suite" status="skipped" time="0">
              <skipped message="skipped"></skipped>
          </testcase>
          <testcase name="[It] [sig-storage] In-tree Volumes [Driver: local] [LocalVolumeType: dir] [Testpattern: Dynamic PV (ntfs)] [Feature:Windows] volumeIO should write files of various sizes, verify size, validate content [Slow]" classname="Kubernetes e2e suite" status="skipped" time="0">
              <skipped message="skipped"></skipped>
          </testcase>
          <testcase name="[It] [sig-auth] ServiceAccounts should support InClusterConfig with token rotation [Slow]" classname="Kubernetes e2e suite" status="skipped" time="0">
              <skipped message="skipped"></skipped>
          </testcase>
          <testcase name="[It] [sig-storage] In-tree Volumes [Driver: local] [LocalVolumeType: dir] [Testpattern: Pre-provisioned PV (default fs)] volumes should allow exec of files on the volume" classname="Kubernetes e2e suite" status="skipped" time="0">
              <skipped message="skipped"></skipped>
          </testcase>
          <testcase name="[It] [sig-storage] CSI Volumes [Driver: pd.csi.storage.gke.io] [Serial] [Testpattern: Dynamic PV (block volmode)] disruptive [Disruptive] [LinuxOnly] Should test that pv written before kubelet restart is readable after restart." classname="Kubernetes e2e suite" status="skipped" time="0">
              <skipped message="skipped"></skipped>
          </testcase>
          <testcase name="[It] [sig-storage] CSI Volumes [Driver: csi-hostpath] [Testpattern: Dynamic PV (default fs)] subPath should support existing single file [LinuxOnly]" classname="Kubernetes e2e suite" status="skipped" time="0">
              <skipped message="skipped"></skipped>
          </testcase>
          <testcase name="[It] [sig-cli] Kubectl client Kubectl create quota should reject quota with invalid scopes" classname="Kubernetes e2e suite" status="skipped" time="0">
              <skipped message="skipped"></skipped>
          </testcase>
          <testcase name="[It] [sig-storage] In-tree Volumes [Driver: local] [LocalVolumeType: dir-bindmounted] [Testpattern: Dynamic PV (ext3)] volumes should allow exec of files on the volume" classname="Kubernetes e2e suite" status="skipped" time="0">
              <skipped message="skipped"></skipped>
          </testcase>
          <testcase name="[It] [sig-node] Pod InPlace Resize Container [FeatureGate:InPlacePodVerticalScaling] [Beta] Burstable QoS pod, one container with cpu &amp; memory requests + limits - decrease CPU requests and increase memory limits" classname="Kubernetes e2e suite" status="skipped" time="0">
              <skipped message="skipped"></skipped>
          </testcase>
          <testcase name="[It] [sig-storage] In-tree Volumes [Driver: local] [LocalVolumeType: dir-bindmounted] [Testpattern: Generic Ephemeral-volume (default fs) (late-binding)] ephemeral should create read-only inline ephemeral volume" classname="Kubernetes e2e suite" status="skipped" time="0">
              <skipped message="skipped"></skipped>
          </testcase>
          <testcase name="[It] [sig-storage] In-tree Volumes [Driver: local] [LocalVolumeType: gce-localssd-scsi-fs] [Serial] [Testpattern: Pre-provisioned PV (default fs)] subPath should fail if subpath file is outside the volume [Slow] [LinuxOnly]" classname="Kubernetes e2e suite" status="skipped" time="0">
              <skipped message="skipped"></skipped>
          </testcase>
          <testcase name="[It] [sig-storage] In-tree Volumes [Driver: local] [LocalVolumeType: tmpfs] [Testpattern: Dynamic PV (ntfs)] [Feature:Windows] provisioning should provision storage with pvc data source (ROX mode)" classname="Kubernetes e2e suite" status="skipped" time="0">
              <skipped message="skipped"></skipped>
          </testcase>
          <testcase name="[It] [sig-storage] In-tree Volumes [Driver: vsphere] [Testpattern: Dynamic PV (ntfs)] [Feature:Windows] subPath should support readOnly directory specified in the volumeMount" classname="Kubernetes e2e suite" status="skipped" time="0">
              <skipped message="skipped"></skipped>
          </testcase>
          <testcase name="[It] [sig-storage] In-tree Volumes [Driver: local] [LocalVolumeType: dir-link] [Testpattern: Generic Ephemeral-volume (block volmode) (late-binding)] ephemeral should support two pods which have the same volume definition" classname="Kubernetes e2e suite" status="skipped" time="0">
              <skipped message="skipped"></skipped>
          </testcase>
          <testcase name="[It] [sig-storage] In-tree Volumes [Driver: local] [LocalVolumeType: dir-bindmounted] [Testpattern: Pre-provisioned PV (filesystem volmode)] multiVolume [Slow] should access to two volumes with different volume mode and retain data across pod recreation on different node" classname="Kubernetes e2e suite" status="skipped" time="0">
              <skipped message="skipped"></skipped>
          </testcase>
          <testcase name="[It] [sig-storage] In-tree Volumes [Driver: azure-file] [Testpattern: Dynamic PV (filesystem volmode)] disruptive [Disruptive] [LinuxOnly] Should test that pv used in a pod that is deleted while the kubelet is down is usable by a new pod with a different SELinux context when kubelet returns [Feature:SELinux]" classname="Kubernetes e2e suite" status="skipped" time="0">
              <skipped message="skipped"></skipped>
          </testcase>
          <testcase name="[It] [sig-storage] In-tree Volumes [Driver: local] [LocalVolumeType: gce-localssd-scsi-fs] [Serial] [Testpattern: Dynamic PV (ext4)] multiVolume [Slow] should concurrently access the single volume from pods on the same node" classname="Kubernetes e2e suite" status="skipped" time="0">
              <skipped message="skipped"></skipped>
          </testcase>
          <testcase name="[It] [sig-storage] In-tree Volumes [Driver: local] [LocalVolumeType: block] [Testpattern: Pre-provisioned PV (filesystem volmode)] multiVolume [Slow] should access to two volumes with the same volume mode and retain data across pod recreation on different node" classname="Kubernetes e2e suite" status="skipped" time="0">
              <skipped message="skipped"></skipped>
          </testcase>
          <testcase name="[It] [sig-storage] CSI Volumes [Driver: pd.csi.storage.gke.io] [Serial] [Testpattern: Dynamic PV (block volmode)] multiVolume [Slow] should concurrently access the single volume from pods on the same node" classname="Kubernetes e2e suite" status="skipped" time="0">
              <skipped message="skipped"></skipped>
          </testcase>
          <testcase name="[It] [sig-storage] In-tree Volumes [Driver: azure-disk] [Testpattern: Dynamic PV (block volmode)] multiVolume [Slow] should concurrently access the volume and restored snapshot from pods on the same node [LinuxOnly] [Feature:VolumeSnapshotDataSource] [Feature:VolumeSourceXFS]" classname="Kubernetes e2e suite" status="skipped" time="0">
              <skipped message="skipped"></skipped>
          </testcase>
          <testcase name="[It] [sig-storage] In-tree Volumes [Driver: emptydir] [Testpattern: Pre-provisioned PV (default fs)] subPath should fail if non-existent subpath is outside the volume [Slow] [LinuxOnly]" classname="Kubernetes e2e suite" status="skipped" time="0">
              <skipped message="skipped"></skipped>
          </testcase>
          <testcase name="[It] [sig-network] Networking should check kube-proxy urls" classname="Kubernetes e2e suite" status="skipped" time="0">
              <skipped message="skipped"></skipped>
          </testcase>
          <testcase name="[It] [sig-storage] In-tree Volumes [Driver: iscsi] [Feature:Volumes] [Testpattern:  (delete policy)] volumegroupsnapshottable [Feature:volumegroupsnapshot] VolumeGroupSnapshottable  should create snapshots for multiple volumes in a pod" classname="Kubernetes e2e suite" status="skipped" time="0">
              <skipped message="skipped"></skipped>
          </testcase>
          <testcase name="[It] [sig-node] AppArmor load AppArmor profiles should enforce an AppArmor profile specified in annotations" classname="Kubernetes e2e suite" status="skipped" time="0">
              <skipped message="skipped"></skipped>
          </testcase>
          <testcase name="[It] [sig-storage] CSI Volumes [Driver: pd.csi.storage.gke.io] [Serial] [Testpattern: Pre-provisioned PV (filesystem volmode)] volumeMode should fail to use a volume in a pod with mismatched mode [Slow]" classname="Kubernetes e2e suite" status="skipped" time="0">
              <skipped message="skipped"></skipped>
          </testcase>
          <testcase name="[It] [sig-storage] In-tree Volumes [Driver: cinder] [Testpattern: Inline-volume (default fs)] subPath should support readOnly directory specified in the volumeMount" classname="Kubernetes e2e suite" status="skipped" time="0">
              <skipped message="skipped"></skipped>
          </testcase>
          <testcase name="[It] [sig-storage] In-tree Volumes [Driver: vsphere] [Testpattern: Dynamic PV (default fs)] subPath should fail if subpath with backstepping is outside the volume [Slow] [LinuxOnly]" classname="Kubernetes e2e suite" status="skipped" time="0">
              <skipped message="skipped"></skipped>
          </testcase>
          <testcase name="[It] [sig-storage] In-tree Volumes [Driver: local] [LocalVolumeType: dir-bindmounted] [Testpattern: Dynamic PV (default fs)] provisioning should mount multiple PV pointing to the same storage on the same node" classname="Kubernetes e2e suite" status="skipped" time="0">
              <skipped message="skipped"></skipped>
          </testcase>
          <testcase name="[It] [sig-storage] CSI Volumes [Driver: csi-hostpath] [Testpattern: Pre-provisioned PV (default fs)] subPath should support non-existent path" classname="Kubernetes e2e suite" status="skipped" time="0">
              <skipped message="skipped"></skipped>
          </testcase>
          <testcase name="[It] [sig-storage] VolumeAttachment Conformance should apply changes to a volumeattachment status [Conformance]" classname="Kubernetes e2e suite" status="passed" time="0.202350215"></testcase>
          <testcase name="[It] [sig-storage] In-tree Volumes [Driver: local] [LocalVolumeType: dir-link-bindmounted] [Testpattern: Pre-provisioned PV (filesystem volmode)] multiVolume [Slow] should concurrently access the single volume from pods on different node" classname="Kubernetes e2e suite" status="skipped" time="0">
              <skipped message="skipped"></skipped>
          </testcase>
          <testcase name="[It] [sig-storage] In-tree Volumes [Driver: hostPath] [Testpattern: Dynamic PV (ntfs)] [Feature:Windows] subPath should support restarting containers using file as subpath [Slow] [LinuxOnly]" classname="Kubernetes e2e suite" status="skipped" time="0">
              <skipped message="skipped"></skipped>
          </testcase>
          <testcase name="[It] [sig-storage] CSI Volumes [Driver: pd.csi.storage.gke.io] [Serial] [Testpattern: Dynamic PV (filesystem volmode)] volumeLimits should support volume limits [Serial]" classname="Kubernetes e2e suite" status="skipped" time="0">
              <skipped message="skipped"></skipped>
          </testcase>
          <testcase name="[It] [sig-storage] In-tree Volumes [Driver: emptydir] [Testpattern: Dynamic PV (ntfs)] [Feature:Windows] subPath should fail if subpath directory is outside the volume [Slow] [LinuxOnly]" classname="Kubernetes e2e suite" status="skipped" time="0">
              <skipped message="skipped"></skipped>
          </testcase>
          <testcase name="[It] [sig-storage] In-tree Volumes [Driver: azure-disk] [Testpattern: Dynamic PV (ntfs)] [Feature:Windows] subPath should support readOnly directory specified in the volumeMount" classname="Kubernetes e2e suite" status="skipped" time="0">
              <skipped message="skipped"></skipped>
          </testcase>
          <testcase name="[It] [sig-storage] In-tree Volumes [Driver: emptydir] [Testpattern: Dynamic PV (ntfs)] [Feature:Windows] subPath should support existing single file [LinuxOnly]" classname="Kubernetes e2e suite" status="skipped" time="0">
              <skipped message="skipped"></skipped>
          </testcase>
          <testcase name="[It] [sig-storage] In-tree Volumes [Driver: hostPathSymlink] [Testpattern: Dynamic PV (filesystem volmode)] volumeMode should fail to use a volume in a pod with mismatched mode [Slow]" classname="Kubernetes e2e suite" status="skipped" time="0">
              <skipped message="skipped"></skipped>
          </testcase>
          <testcase name="[It] [sig-storage] In-tree Volumes [Driver: vsphere] [Testpattern: Dynamic PV (ext4)] multiVolume [Slow] should access to two volumes with the same volume mode and retain data across pod recreation on different node" classname="Kubernetes e2e suite" status="skipped" time="0">
              <skipped message="skipped"></skipped>
          </testcase>
          <testcase name="[It] [sig-storage] In-tree Volumes [Driver: azure-disk] [Testpattern: Inline-volume (default fs)] subPath should verify container cannot write to subpath readonly volumes [Slow]" classname="Kubernetes e2e suite" status="skipped" time="0">
              <skipped message="skipped"></skipped>
          </testcase>
          <testcase name="[It] [sig-storage] In-tree Volumes [Driver: vsphere] [Testpattern: Dynamic PV (ext4)] volumes should store data" classname="Kubernetes e2e suite" status="skipped" time="0">
              <skipped message="skipped"></skipped>
          </testcase>
          <testcase name="[It] [sig-storage] In-tree Volumes [Driver: local] [LocalVolumeType: dir-bindmounted] [Testpattern: Dynamic PV (block volmode)] volumeMode should fail in binding dynamic provisioned PV to PVC [Slow] [LinuxOnly]" classname="Kubernetes e2e suite" status="skipped" time="0">
              <skipped message="skipped"></skipped>
          </testcase>
          <testcase name="[It] [sig-storage] In-tree Volumes [Driver: local] [LocalVolumeType: block] [Testpattern: Dynamic PV (ntfs)] [Feature:Windows] volumes should store data" classname="Kubernetes e2e suite" status="skipped" time="0">
              <skipped message="skipped"></skipped>
          </testcase>
          <testcase name="[It] [sig-storage] In-tree Volumes [Driver: hostPathSymlink] [Testpattern:  (delete policy)] volumegroupsnapshottable [Feature:volumegroupsnapshot] VolumeGroupSnapshottable  should create snapshots for multiple volumes in a pod" classname="Kubernetes e2e suite" status="skipped" time="0">
              <skipped message="skipped"></skipped>
          </testcase>
          <testcase name="[It] [sig-api-machinery] CRDValidationRatcheting [Privileged:ClusterAdmin] [FeatureGate:CRDValidationRatcheting] MUST NOT ratchet errors raised by transition rules" classname="Kubernetes e2e suite" status="skipped" time="0">
              <skipped message="skipped"></skipped>
          </testcase>
          <testcase name="[It] [sig-storage] In-tree Volumes [Driver: azure-disk] [Testpattern: Dynamic PV (default fs)] volumes should allow exec of files on the volume" classname="Kubernetes e2e suite" status="skipped" time="0">
              <skipped message="skipped"></skipped>
          </testcase>
          <testcase name="[It] [sig-storage] In-tree Volumes [Driver: local] [LocalVolumeType: dir-link-bindmounted] [Testpattern: Dynamic PV (ext4)] multiVolume [Slow] should concurrently access the single read-only volume from pods on the same node" classname="Kubernetes e2e suite" status="skipped" time="0">
              <skipped message="skipped"></skipped>
          </testcase>
          <testcase name="[It] [sig-storage] In-tree Volumes [Driver: local] [LocalVolumeType: tmpfs] [Testpattern: Pre-provisioned PV (block volmode)] volumeMode should fail to use a volume in a pod with mismatched mode [Slow]" classname="Kubernetes e2e suite" status="skipped" time="0">
              <skipped message="skipped"></skipped>
          </testcase>
          <testcase name="[It] [sig-storage] CSI Volumes [Driver: pd.csi.storage.gke.io] [Serial] [Testpattern: Pre-provisioned PV (block volmode)] disruptive [Disruptive] [LinuxOnly] Should test that pv used in a pod that is deleted while the kubelet is down cleans up when the kubelet returns." classname="Kubernetes e2e suite" status="skipped" time="0">
              <skipped message="skipped"></skipped>
          </testcase>
          <testcase name="[It] [sig-storage] In-tree Volumes [Driver: local] [LocalVolumeType: dir-bindmounted] [Testpattern: Dynamic PV (block volmode)(allowExpansion)] volume-expand should resize volume when PVC is edited while pod is using it" classname="Kubernetes e2e suite" status="skipped" time="0">
              <skipped message="skipped"></skipped>
          </testcase>
          <testcase name="[It] [sig-storage] In-tree Volumes [Driver: hostPath] [Testpattern: Dynamic PV (ext4)] multiVolume [Slow] should concurrently access the single read-only volume from pods on the same node" classname="Kubernetes e2e suite" status="skipped" time="0">
              <skipped message="skipped"></skipped>
          </testcase>
          <testcase name="[It] [sig-storage] PersistentVolumes-local [Volume type: dir-link] Set fsGroup for local volume should set same fsGroup for two pods simultaneously [Slow]" classname="Kubernetes e2e suite" status="skipped" time="0">
              <skipped message="skipped"></skipped>
          </testcase>
          <testcase name="[It] [sig-storage] CSI Volumes [Driver: pd.csi.storage.gke.io] [Serial] [Testpattern: Inline-volume (default fs)] subPath should fail if non-existent subpath is outside the volume [Slow] [LinuxOnly]" classname="Kubernetes e2e suite" status="skipped" time="0">
              <skipped message="skipped"></skipped>
          </testcase>
          <testcase name="[It] [sig-storage] In-tree Volumes [Driver: local] [LocalVolumeType: dir-link] [Testpattern: Pre-provisioned PV (default fs)] subPath should be able to unmount after the subpath directory is deleted [LinuxOnly]" classname="Kubernetes e2e suite" status="skipped" time="0">
              <skipped message="skipped"></skipped>
          </testcase>
          <testcase name="[It] [sig-storage] In-tree Volumes [Driver: local] [LocalVolumeType: dir-link-bindmounted] [Testpattern: Dynamic PV (default fs)] provisioning should provision storage with snapshot data source [Feature:VolumeSnapshotDataSource]" classname="Kubernetes e2e suite" status="skipped" time="0">
              <skipped message="skipped"></skipped>
          </testcase>
          <testcase name="[It] [sig-storage] In-tree Volumes [Driver: cinder] [Testpattern: Dynamic PV (ntfs)] [Feature:Windows] multiVolume [Slow] should concurrently access the single read-only volume from pods on the same node" classname="Kubernetes e2e suite" status="skipped" time="0">
              <skipped message="skipped"></skipped>
          </testcase>
          <testcase name="[It] [sig-storage] In-tree Volumes [Driver: iscsi] [Feature:Volumes] [Testpattern: Inline-volume (default fs)] subPath should support file as subpath [LinuxOnly]" classname="Kubernetes e2e suite" status="skipped" time="0">
              <skipped message="skipped"></skipped>
          </testcase>
          <testcase name="[It] [sig-storage] In-tree Volumes [Driver: local] [LocalVolumeType: dir-link-bindmounted] [Testpattern: Dynamic PV (ntfs)] [Feature:Windows] subPath should unmount if pod is force deleted while kubelet is down [Disruptive] [Slow] [LinuxOnly]" classname="Kubernetes e2e suite" status="skipped" time="0">
              <skipped message="skipped"></skipped>
          </testcase>
          <testcase name="[It] [sig-storage] In-tree Volumes [Driver: local] [LocalVolumeType: dir] [Testpattern: Dynamic PV (ntfs)] [Feature:Windows] provisioning should provision storage with snapshot data source (ROX mode) [Feature:VolumeSnapshotDataSource]" classname="Kubernetes e2e suite" status="skipped" time="0">
              <skipped message="skipped"></skipped>
          </testcase>
          <testcase name="[It] [sig-storage] In-tree Volumes [Driver: cinder] [Testpattern: Dynamic PV (default fs)(allowExpansion)] volume-expand Verify if offline PVC expansion works" classname="Kubernetes e2e suite" status="skipped" time="0">
              <skipped message="skipped"></skipped>
          </testcase>
          <testcase name="[It] [sig-storage] CSI Volumes [Driver: csi-hostpath] [Testpattern: Dynamic PV (ntfs)] [Feature:Windows] provisioning should provision storage with mount options" classname="Kubernetes e2e suite" status="skipped" time="0">
              <skipped message="skipped"></skipped>
          </testcase>
          <testcase name="[It] [sig-storage] In-tree Volumes [Driver: nfs] [Testpattern: Pre-provisioned PV (default fs)] volumes should allow exec of files on the volume" classname="Kubernetes e2e suite" status="skipped" time="0">
              <skipped message="skipped"></skipped>
          </testcase>
          <testcase name="[It] [sig-node] Probing container with readiness probe should not be ready before initial delay and never restart [NodeConformance] [Conformance]" classname="Kubernetes e2e suite" status="passed" time="22.101864731"></testcase>
          <testcase name="[It] [sig-storage] In-tree Volumes [Driver: local] [LocalVolumeType: block] [Testpattern: Dynamic PV (ext4)] multiVolume [Slow] should concurrently access the single volume from pods on different node" classname="Kubernetes e2e suite" status="skipped" time="0">
              <skipped message="skipped"></skipped>
          </testcase>
          <testcase name="[It] [sig-storage] PersistentVolumes-local [Volume type: dir-link] Two pods mounting a local volume at the same time should be able to write from pod1 and read from pod2" classname="Kubernetes e2e suite" status="skipped" time="0">
              <skipped message="skipped"></skipped>
          </testcase>
          <testcase name="[It] [sig-storage] In-tree Volumes [Driver: azure-disk] [Testpattern: Pre-provisioned PV (default fs)] subPath should support readOnly directory specified in the volumeMount" classname="Kubernetes e2e suite" status="skipped" time="0">
              <skipped message="skipped"></skipped>
          </testcase>
          <testcase name="[It] [sig-storage] In-tree Volumes [Driver: hostPath] [Testpattern: Inline-volume (default fs)] subPath should support existing directories when readOnly specified in the volumeSource" classname="Kubernetes e2e suite" status="skipped" time="0">
              <skipped message="skipped"></skipped>
          </testcase>
          <testcase name="[It] [sig-network] Networking Granular Checks: Services should be able to handle large requests: udp" classname="Kubernetes e2e suite" status="skipped" time="0">
              <skipped message="skipped"></skipped>
          </testcase>
          <testcase name="[It] [sig-storage] In-tree Volumes [Driver: local] [LocalVolumeType: block] [Testpattern: Pre-provisioned PV (filesystem volmode)] disruptive [Disruptive] [LinuxOnly] Should test that pv used in a pod that is force deleted while the kubelet is down is usable by a new pod with a different SELinux context when kubelet returns [Feature:SELinux]" classname="Kubernetes e2e suite" status="skipped" time="0">
              <skipped message="skipped"></skipped>
          </testcase>
          <testcase name="[It] [sig-storage] In-tree Volumes [Driver: emptydir] [Testpattern: Dynamic PV (default fs)] fsgroupchangepolicy (Always)[LinuxOnly], rwop pod created with an initial fsgroup, new pod fsgroup applied to volume contents" classname="Kubernetes e2e suite" status="skipped" time="0">
              <skipped message="skipped"></skipped>
          </testcase>
          <testcase name="[It] [sig-storage] In-tree Volumes [Driver: local] [LocalVolumeType: dir-bindmounted] [Testpattern: Inline-volume (default fs)] subPath should fail if subpath with backstepping is outside the volume [Slow] [LinuxOnly]" classname="Kubernetes e2e suite" status="skipped" time="0">
              <skipped message="skipped"></skipped>
          </testcase>
          <testcase name="[It] [sig-storage] In-tree Volumes [Driver: local] [LocalVolumeType: blockfs] [Testpattern: Dynamic PV (xfs)] [Slow] multiVolume [Slow] should concurrently access the single volume from pods on different node" classname="Kubernetes e2e suite" status="skipped" time="0">
              <skipped message="skipped"></skipped>
          </testcase>
          <testcase name="[It] [sig-storage] In-tree Volumes [Driver: local] [LocalVolumeType: blockfs] [Testpattern: Pre-provisioned PV (default fs)] subPath should unmount if pod is force deleted while kubelet is down [Disruptive] [Slow] [LinuxOnly]" classname="Kubernetes e2e suite" status="skipped" time="0">
              <skipped message="skipped"></skipped>
          </testcase>
          <testcase name="[It] [sig-storage] In-tree Volumes [Driver: local] [LocalVolumeType: dir-link] [Testpattern: Dynamic PV (default fs)] subPath should support file as subpath [LinuxOnly]" classname="Kubernetes e2e suite" status="skipped" time="0">
              <skipped message="skipped"></skipped>
          </testcase>
          <testcase name="[It] [sig-storage] In-tree Volumes [Driver: hostPath] [Testpattern: Dynamic PV (ntfs)] [Feature:Windows] multiVolume [Slow] should concurrently access the volume and restored snapshot from pods on the same node [LinuxOnly] [Feature:VolumeSnapshotDataSource] [Feature:VolumeSourceXFS]" classname="Kubernetes e2e suite" status="skipped" time="0">
              <skipped message="skipped"></skipped>
          </testcase>
          <testcase name="[It] [sig-storage] In-tree Volumes [Driver: local] [LocalVolumeType: tmpfs] [Testpattern: Dynamic PV (ntfs)] [Feature:Windows] multiVolume [Slow] should access to two volumes with the same volume mode and retain data across pod recreation on different node" classname="Kubernetes e2e suite" status="skipped" time="0">
              <skipped message="skipped"></skipped>
          </testcase>
          <testcase name="[It] [sig-node] Kubelet when scheduling a busybox command in a pod should print the output to logs [NodeConformance] [Conformance]" classname="Kubernetes e2e suite" status="passed" time="2.049985917"></testcase>
          <testcase name="[It] [sig-storage] In-tree Volumes [Driver: azure-file] [Testpattern: Dynamic PV (delayed binding)] topology should fail to schedule a pod which has topologies that conflict with AllowedTopologies" classname="Kubernetes e2e suite" status="skipped" time="0">
              <skipped message="skipped"></skipped>
          </testcase>
          <testcase name="[It] [sig-storage] In-tree Volumes [Driver: local] [LocalVolumeType: dir-link-bindmounted] [Testpattern: Pre-provisioned PV (default fs)] subPath should support existing single file [LinuxOnly]" classname="Kubernetes e2e suite" status="skipped" time="0">
              <skipped message="skipped"></skipped>
          </testcase>
          <testcase name="[It] [sig-node] NoExecuteTaintManager Single Pod [Serial] evicts pods from tainted nodes" classname="Kubernetes e2e suite" status="skipped" time="0">
              <skipped message="skipped"></skipped>
          </testcase>
          <testcase name="[It] [sig-storage] In-tree Volumes [Driver: local] [LocalVolumeType: dir-link-bindmounted] [Testpattern: Pre-provisioned PV (default fs)] volumeIO should write files of various sizes, verify size, validate content [Slow]" classname="Kubernetes e2e suite" status="skipped" time="0">
              <skipped message="skipped"></skipped>
          </testcase>
          <testcase name="[It] [sig-storage] CSI Volumes [Driver: csi-hostpath] [Testpattern: Dynamic PV (ntfs)] [Feature:Windows] subPath should support restarting containers using file as subpath [Slow] [LinuxOnly]" classname="Kubernetes e2e suite" status="skipped" time="0">
              <skipped message="skipped"></skipped>
          </testcase>
          <testcase name="[It] [sig-storage] In-tree Volumes [Driver: local] [LocalVolumeType: gce-localssd-scsi-fs] [Serial] [Testpattern: Dynamic PV (default fs)] fsgroupchangepolicy (OnRootMismatch)[LinuxOnly], pod created with an initial fsgroup, volume contents ownership changed via chgrp in first pod, new pod with different fsgroup applied to the volume contents" classname="Kubernetes e2e suite" status="skipped" time="0">
              <skipped message="skipped"></skipped>
          </testcase>
          <testcase name="[It] [sig-storage] CSI Volumes [Driver: csi-hostpath] [Testpattern:  (delete policy)] volumegroupsnapshottable [Feature:volumegroupsnapshot] VolumeGroupSnapshottable  should create snapshots for multiple volumes in a pod" classname="Kubernetes e2e suite" status="skipped" time="0">
              <skipped message="skipped"></skipped>
          </testcase>
          <testcase name="[It] [sig-api-machinery] CustomResourcePublishOpenAPI [Privileged:ClusterAdmin] works for multiple CRDs of different groups [Conformance]" classname="Kubernetes e2e suite" status="passed" time="5.852101077"></testcase>
          <testcase name="[It] [sig-storage] In-tree Volumes [Driver: local] [LocalVolumeType: dir-bindmounted] [Testpattern: Dynamic PV (filesystem volmode)] volumeLimits should verify that all csinodes have volume limits" classname="Kubernetes e2e suite" status="skipped" time="0">
              <skipped message="skipped"></skipped>
          </testcase>
          <testcase name="[It] [sig-storage] CSI Mock volume storage capacity storage capacity exhausted, late binding, no topology" classname="Kubernetes e2e suite" status="skipped" time="0">
              <skipped message="skipped"></skipped>
          </testcase>
          <testcase name="[It] [sig-storage] In-tree Volumes [Driver: vsphere] [Testpattern: Dynamic PV (filesystem volmode)] volumeLimits should verify that all csinodes have volume limits" classname="Kubernetes e2e suite" status="skipped" time="0">
              <skipped message="skipped"></skipped>
          </testcase>
          <testcase name="[It] [sig-storage] In-tree Volumes [Driver: hostPath] [Testpattern: Dynamic PV (ntfs)] [Feature:Windows] subPath should unmount if pod is force deleted while kubelet is down [Disruptive] [Slow] [LinuxOnly]" classname="Kubernetes e2e suite" status="skipped" time="0">
              <skipped message="skipped"></skipped>
          </testcase>
          <testcase name="[It] [sig-storage] In-tree Volumes [Driver: hostPath] [Testpattern: Dynamic PV (block volmode)] volumeMode should not mount / map unused volumes in a pod [LinuxOnly]" classname="Kubernetes e2e suite" status="skipped" time="0">
              <skipped message="skipped"></skipped>
          </testcase>
          <testcase name="[It] [sig-storage] CSI Mock fsgroup as mount option Delegate FSGroup to CSI driver [LinuxOnly] should pass FSGroup to CSI driver if it is set in pod and driver supports VOLUME_MOUNT_GROUP" classname="Kubernetes e2e suite" status="skipped" time="0">
              <skipped message="skipped"></skipped>
          </testcase>
          <testcase name="[It] [sig-storage] In-tree Volumes [Driver: local] [LocalVolumeType: tmpfs] [Testpattern: Dynamic PV (ntfs)] [Feature:Windows] multiVolume [Slow] should access to two volumes with different volume mode and retain data across pod recreation on different node" classname="Kubernetes e2e suite" status="skipped" time="0">
              <skipped message="skipped"></skipped>
          </testcase>
          <testcase name="[It] [sig-storage] In-tree Volumes [Driver: local] [LocalVolumeType: tmpfs] [Testpattern: Dynamic PV (ntfs)] [Feature:Windows] provisioning should provision correct filesystem size when restoring snapshot to larger size pvc [Feature:VolumeSnapshotDataSource]" classname="Kubernetes e2e suite" status="skipped" time="0">
              <skipped message="skipped"></skipped>
          </testcase>
          <testcase name="[It] [sig-storage] CSI Mock volume expansion CSI Volume expansion should not expand volume if resizingOnDriver=off, resizingOnSC=on" classname="Kubernetes e2e suite" status="skipped" time="0">
              <skipped message="skipped"></skipped>
          </testcase>
          <testcase name="[It] [sig-storage] In-tree Volumes [Driver: local] [LocalVolumeType: dir] [Testpattern: Dynamic PV (block volmode)] multiVolume [Slow] should concurrently access the single volume from pods on different node" classname="Kubernetes e2e suite" status="skipped" time="0">
              <skipped message="skipped"></skipped>
          </testcase>
          <testcase name="[It] [sig-storage] In-tree Volumes [Driver: local] [LocalVolumeType: dir-link] [Testpattern: Pre-provisioned PV (block volmode)] volumeMode should fail to create pod by failing to mount volume [Slow]" classname="Kubernetes e2e suite" status="skipped" time="0">
              <skipped message="skipped"></skipped>
          </testcase>
          <testcase name="[It] [sig-storage] In-tree Volumes [Driver: local] [LocalVolumeType: block] [Testpattern: Dynamic PV (ntfs)] [Feature:Windows] subPath should support readOnly file specified in the volumeMount [LinuxOnly]" classname="Kubernetes e2e suite" status="skipped" time="0">
              <skipped message="skipped"></skipped>
          </testcase>
          <testcase name="[It] [sig-storage] In-tree Volumes [Driver: local] [LocalVolumeType: dir-link-bindmounted] [Testpattern: Dynamic PV (block volmode)] provisioning should provision storage with snapshot data source (ROX mode) [Feature:VolumeSnapshotDataSource]" classname="Kubernetes e2e suite" status="skipped" time="0">
              <skipped message="skipped"></skipped>
          </testcase>
          <testcase name="[It] [sig-storage] In-tree Volumes [Driver: nfs] [Testpattern: Pre-provisioned PV (block volmode)] volumeMode should not mount / map unused volumes in a pod [LinuxOnly]" classname="Kubernetes e2e suite" status="skipped" time="0">
              <skipped message="skipped"></skipped>
          </testcase>
          <testcase name="[It] [sig-storage] CSI Volumes [Driver: csi-hostpath] [Testpattern: Dynamic PV (ntfs)] [Feature:Windows] provisioning should provision storage with any volume data source [Serial]" classname="Kubernetes e2e suite" status="skipped" time="0">
              <skipped message="skipped"></skipped>
          </testcase>
          <testcase name="[It] [sig-storage] In-tree Volumes [Driver: vsphere] [Testpattern: Dynamic PV (filesystem volmode)] multiVolume [Slow] should concurrently access the single volume from pods on the same node" classname="Kubernetes e2e suite" status="skipped" time="0">
              <skipped message="skipped"></skipped>
          </testcase>
          <testcase name="[It] [sig-storage] In-tree Volumes [Driver: vsphere] [Testpattern: Dynamic PV (immediate binding)] topology should provision a volume and schedule a pod with AllowedTopologies" classname="Kubernetes e2e suite" status="skipped" time="0">
              <skipped message="skipped"></skipped>
          </testcase>
          <testcase name="[It] [sig-storage] In-tree Volumes [Driver: local] [LocalVolumeType: gce-localssd-scsi-fs] [Serial] [Testpattern: Dynamic PV (ntfs)] [Feature:Windows] multiVolume [Slow] should concurrently access the volume and its clone from pods on the same node [LinuxOnly] [Feature:VolumeSourceXFS]" classname="Kubernetes e2e suite" status="skipped" time="0">
              <skipped message="skipped"></skipped>
          </testcase>
          <testcase name="[It] [sig-storage] In-tree Volumes [Driver: hostPathSymlink] [Testpattern: Pre-provisioned PV (default fs)] subPath should support restarting containers using file as subpath [Slow] [LinuxOnly]" classname="Kubernetes e2e suite" status="skipped" time="0">
              <skipped message="skipped"></skipped>
          </testcase>
          <testcase name="[It] [sig-storage] In-tree Volumes [Driver: azure-file] [Testpattern: Dynamic PV (ntfs)] [Feature:Windows] multiVolume [Slow] should concurrently access the single read-only volume from pods on the same node" classname="Kubernetes e2e suite" status="skipped" time="0">
              <skipped message="skipped"></skipped>
          </testcase>
          <testcase name="[It] [sig-autoscaling] Cluster size autoscaling [Slow] shouldn&#39;t scale up when expendable pod is created [Feature:ClusterSizeAutoscalingScaleUp]" classname="Kubernetes e2e suite" status="skipped" time="0">
              <skipped message="skipped"></skipped>
          </testcase>
          <testcase name="[It] [sig-storage] In-tree Volumes [Driver: local] [LocalVolumeType: tmpfs] [Testpattern: Dynamic PV (ntfs)] [Feature:Windows] provisioning should provision storage with pvc data source" classname="Kubernetes e2e suite" status="skipped" time="0">
              <skipped message="skipped"></skipped>
          </testcase>
          <testcase name="[It] [sig-storage] In-tree Volumes [Driver: iscsi] [Feature:Volumes] [Testpattern: Pre-provisioned PV (filesystem volmode)] volumeMode should not mount / map unused volumes in a pod [LinuxOnly]" classname="Kubernetes e2e suite" status="skipped" time="0">
              <skipped message="skipped"></skipped>
          </testcase>
          <testcase name="[It] [sig-storage] In-tree Volumes [Driver: local] [LocalVolumeType: dir-link-bindmounted] [Testpattern: Dynamic PV (block volmode)] provisioning should provision storage with pvc data source in parallel [Slow]" classname="Kubernetes e2e suite" status="skipped" time="0">
              <skipped message="skipped"></skipped>
          </testcase>
          <testcase name="[It] [sig-api-machinery] AdmissionWebhook [Privileged:ClusterAdmin] patching/updating a mutating webhook should work [Conformance]" classname="Kubernetes e2e suite" status="passed" time="3.5026791"></testcase>
          <testcase name="[It] [sig-storage] CSI Volumes [Driver: csi-hostpath] [Testpattern: Inline-volume (default fs)] subPath should unmount if pod is gracefully deleted while kubelet is down [Disruptive] [Slow] [LinuxOnly]" classname="Kubernetes e2e suite" status="skipped" time="0">
              <skipped message="skipped"></skipped>
          </testcase>
          <testcase name="[It] [sig-storage] In-tree Volumes [Driver: nfs] [Testpattern: Dynamic PV (default fs)] subPath should fail if subpath file is outside the volume [Slow] [LinuxOnly]" classname="Kubernetes e2e suite" status="skipped" time="0">
              <skipped message="skipped"></skipped>
          </testcase>
          <testcase name="[It] [sig-storage] In-tree Volumes [Driver: local] [LocalVolumeType: gce-localssd-scsi-fs] [Serial] [Testpattern: Dynamic PV (block volmode)] multiVolume [Slow] should concurrently access the single volume from pods on the same node" classname="Kubernetes e2e suite" status="skipped" time="0">
              <skipped message="skipped"></skipped>
          </testcase>
          <testcase name="[It] [sig-storage] In-tree Volumes [Driver: nfs] [Testpattern: Dynamic PV (ntfs)] [Feature:Windows] provisioning should provision storage with snapshot data source (ROX mode) [Feature:VolumeSnapshotDataSource]" classname="Kubernetes e2e suite" status="skipped" time="0">
              <skipped message="skipped"></skipped>
          </testcase>
          <testcase name="[It] [sig-storage] In-tree Volumes [Driver: hostPath] [Testpattern: Inline-volume (default fs)] subPath should support restarting containers using directory as subpath [Slow]" classname="Kubernetes e2e suite" status="skipped" time="0">
              <skipped message="skipped"></skipped>
          </testcase>
          <testcase name="[It] [sig-storage] In-tree Volumes [Driver: local] [LocalVolumeType: gce-localssd-scsi-fs] [Serial] [Testpattern: Dynamic PV (block volmode)] volumeMode should fail in binding dynamic provisioned PV to PVC [Slow] [LinuxOnly]" classname="Kubernetes e2e suite" status="skipped" time="0">
              <skipped message="skipped"></skipped>
          </testcase>
          <testcase name="[It] [sig-storage] In-tree Volumes [Driver: iscsi] [Feature:Volumes] [Testpattern: Dynamic PV (filesystem volmode)] multiVolume [Slow] should concurrently access the single read-only volume from pods on the same node" classname="Kubernetes e2e suite" status="skipped" time="0">
              <skipped message="skipped"></skipped>
          </testcase>
          <testcase name="[It] [sig-apps] Job should mark indexes as failed when the FailIndex action is matched in podFailurePolicy [Conformance]" classname="Kubernetes e2e suite" status="passed" time="4.030199525"></testcase>
          <testcase name="[It] [sig-storage] In-tree Volumes [Driver: iscsi] [Feature:Volumes] [Testpattern: Generic Ephemeral-volume (block volmode) (late-binding)] ephemeral should support two pods which have the same volume definition" classname="Kubernetes e2e suite" status="skipped" time="0">
              <skipped message="skipped"></skipped>
          </testcase>
          <testcase name="[It] [sig-storage] In-tree Volumes [Driver: hostPathSymlink] [Testpattern: Generic Ephemeral-volume (default fs) (immediate-binding)] ephemeral should support expansion of pvcs created for ephemeral pvcs" classname="Kubernetes e2e suite" status="skipped" time="0">
              <skipped message="skipped"></skipped>
          </testcase>
          <testcase name="[It] [sig-storage] In-tree Volumes [Driver: local] [LocalVolumeType: dir] [Testpattern: Dynamic PV (default fs)] provisioning should provision storage with pvc data source (ROX mode)" classname="Kubernetes e2e suite" status="skipped" time="0">
              <skipped message="skipped"></skipped>
          </testcase>
          <testcase name="[It] [sig-storage] In-tree Volumes [Driver: local] [LocalVolumeType: dir-link-bindmounted] [Testpattern: Dynamic PV (default fs)] fsgroupchangepolicy (Always)[LinuxOnly], pod created with an initial fsgroup, volume contents ownership changed via chgrp in first pod, new pod with different fsgroup applied to the volume contents" classname="Kubernetes e2e suite" status="skipped" time="0">
              <skipped message="skipped"></skipped>
          </testcase>
          <testcase name="[It] [sig-auth] ServiceAccounts ServiceAccountIssuerDiscovery should support OIDC discovery of service account issuer [Conformance]" classname="Kubernetes e2e suite" status="passed" time="32.059648385"></testcase>
          <testcase name="[It] [sig-scheduling] SchedulerPriorities [Serial] PodTopologySpread Scoring validates pod should be preferably scheduled to node which makes the matching pods more evenly distributed" classname="Kubernetes e2e suite" status="skipped" time="0">
              <skipped message="skipped"></skipped>
          </testcase>
          <testcase name="[It] [sig-storage] In-tree Volumes [Driver: local] [LocalVolumeType: blockfs] [Testpattern: Pre-provisioned PV (filesystem volmode)] multiVolume [Slow] should access to two volumes with the same volume mode and retain data across pod recreation on different node" classname="Kubernetes e2e suite" status="skipped" time="0">
              <skipped message="skipped"></skipped>
          </testcase>
          <testcase name="[It] [sig-storage] In-tree Volumes [Driver: nfs] [Testpattern: Dynamic PV (default fs)] provisioning should provision storage with pvc data source in parallel [Slow]" classname="Kubernetes e2e suite" status="skipped" time="0">
              <skipped message="skipped"></skipped>
          </testcase>
          <testcase name="[It] [sig-storage] CSI Volumes [Driver: pd.csi.storage.gke.io] [Serial] [Testpattern: Dynamic PV (filesystem volmode)] disruptive [Disruptive] [LinuxOnly] Should test that pv used in a pod that is force deleted while the kubelet is down is usable by a new pod when kubelet returns [Feature:SELinux]" classname="Kubernetes e2e suite" status="skipped" time="0">
              <skipped message="skipped"></skipped>
          </testcase>
          <testcase name="[It] [sig-storage] CSI Volumes [Driver: pd.csi.storage.gke.io] [Serial] [Testpattern: Generic Ephemeral-volume (block volmode) (late-binding)] ephemeral should support two pods which have the same volume definition" classname="Kubernetes e2e suite" status="skipped" time="0">
              <skipped message="skipped"></skipped>
          </testcase>
          <testcase name="[It] [sig-storage] In-tree Volumes [Driver: local] [LocalVolumeType: dir-link] [Testpattern: Dynamic PV (ntfs)] [Feature:Windows] subPath should fail if subpath directory is outside the volume [Slow] [LinuxOnly]" classname="Kubernetes e2e suite" status="skipped" time="0">
              <skipped message="skipped"></skipped>
          </testcase>
          <testcase name="[It] [sig-storage] In-tree Volumes [Driver: hostPathSymlink] [Testpattern: Dynamic PV (ext4)] volumes should store data" classname="Kubernetes e2e suite" status="skipped" time="0">
              <skipped message="skipped"></skipped>
          </testcase>
          <testcase name="[It] [sig-storage] In-tree Volumes [Driver: local] [LocalVolumeType: dir-link-bindmounted] [Testpattern: Dynamic PV (default fs)] volume-stress multiple pods should access different volumes repeatedly [Slow] [Serial]" classname="Kubernetes e2e suite" status="skipped" time="0">
              <skipped message="skipped"></skipped>
          </testcase>
          <testcase name="[It] [sig-storage] In-tree Volumes [Driver: nfs] [Testpattern: Pre-provisioned PV (block volmode)] multiVolume [Slow] should concurrently access the single volume from pods on different node" classname="Kubernetes e2e suite" status="skipped" time="0">
              <skipped message="skipped"></skipped>
          </testcase>
          <testcase name="[It] [sig-storage] In-tree Volumes [Driver: emptydir] [Testpattern: Dynamic PV (ntfs)] [Feature:Windows] multiVolume [Slow] should access to two volumes with the same volume mode and retain data across pod recreation on different node" classname="Kubernetes e2e suite" status="skipped" time="0">
              <skipped message="skipped"></skipped>
          </testcase>
          <testcase name="[It] [sig-storage] In-tree Volumes [Driver: local] [LocalVolumeType: blockfs] [Testpattern: Dynamic PV (default fs)] volumeIO should write files of various sizes, verify size, validate content [Slow]" classname="Kubernetes e2e suite" status="skipped" time="0">
              <skipped message="skipped"></skipped>
          </testcase>
          <testcase name="[It] [sig-storage] In-tree Volumes [Driver: local] [LocalVolumeType: dir-link] [Testpattern: Dynamic PV (block volmode)] provisioning should provision storage with any volume data source [Serial]" classname="Kubernetes e2e suite" status="skipped" time="0">
              <skipped message="skipped"></skipped>
          </testcase>
          <testcase name="[It] [sig-auth] [FeatureGate:ClusterTrustBundle] [Beta] [Feature:OffByDefault] [FeatureGate:ClusterTrustBundleProjection] [Beta] [Feature:OffByDefault] should be able to mount a big number (&gt;100) of CTBs" classname="Kubernetes e2e suite" status="skipped" time="0">
              <skipped message="skipped"></skipped>
          </testcase>
          <testcase name="[It] [sig-storage] EmptyDir volumes should support (non-root,0666,default) [LinuxOnly] [NodeConformance] [Conformance]" classname="Kubernetes e2e suite" status="passed" time="4.078353643"></testcase>
          <testcase name="[It] [sig-storage] CSI Mock volume fsgroup policies CSI FSGroupPolicy [LinuxOnly] should not modify fsGroup if fsGroupPolicy=None" classname="Kubernetes e2e suite" status="skipped" time="0">
              <skipped message="skipped"></skipped>
          </testcase>
          <testcase name="[It] [sig-storage] In-tree Volumes [Driver: cinder] [Testpattern: Inline-volume (default fs)] subPath should be able to unmount after the subpath directory is deleted [LinuxOnly]" classname="Kubernetes e2e suite" status="skipped" time="0">
              <skipped message="skipped"></skipped>
          </testcase>
          <testcase name="[It] [sig-storage] In-tree Volumes [Driver: local] [LocalVolumeType: block] [Testpattern: Dynamic PV (xfs)] [Slow] volumes should store data" classname="Kubernetes e2e suite" status="skipped" time="0">
              <skipped message="skipped"></skipped>
          </testcase>
          <testcase name="[It] [sig-storage] In-tree Volumes [Driver: local] [LocalVolumeType: gce-localssd-scsi-fs] [Serial] [Testpattern: Dynamic PV (ntfs)] [Feature:Windows] subPath should support creating multiple subpath from same volumes [Slow]" classname="Kubernetes e2e suite" status="skipped" time="0">
              <skipped message="skipped"></skipped>
          </testcase>
          <testcase name="[It] [sig-storage] CSI Volumes [Driver: csi-hostpath] [Testpattern: Inline-volume (default fs)] subPath should support readOnly directory specified in the volumeMount" classname="Kubernetes e2e suite" status="skipped" time="0">
              <skipped message="skipped"></skipped>
          </testcase>
          <testcase name="[It] [sig-storage] In-tree Volumes [Driver: local] [LocalVolumeType: blockfs] [Testpattern: Inline-volume (ntfs)] [Feature:Windows] volumes should allow exec of files on the volume" classname="Kubernetes e2e suite" status="skipped" time="0">
              <skipped message="skipped"></skipped>
          </testcase>
          <testcase name="[It] [sig-storage] In-tree Volumes [Driver: iscsi] [Feature:Volumes] [Testpattern: Dynamic PV (ntfs)] [Feature:Windows] multiVolume [Slow] should concurrently access the single read-only volume from pods on the same node" classname="Kubernetes e2e suite" status="skipped" time="0">
              <skipped message="skipped"></skipped>
          </testcase>
          <testcase name="[It] [sig-storage] In-tree Volumes [Driver: vsphere] [Testpattern: Dynamic PV (default fs)] provisioning should provision storage with snapshot data source [Feature:VolumeSnapshotDataSource]" classname="Kubernetes e2e suite" status="skipped" time="0">
              <skipped message="skipped"></skipped>
          </testcase>
          <testcase name="[It] [sig-storage] In-tree Volumes [Driver: local] [LocalVolumeType: block] [Testpattern: Dynamic PV (block volmode)] provisioning should provision storage with pvc data source in parallel [Slow]" classname="Kubernetes e2e suite" status="skipped" time="0">
              <skipped message="skipped"></skipped>
          </testcase>
          <testcase name="[It] [sig-node] DRA [Feature:DynamicResourceAllocation] [FeatureGate:DynamicResourceAllocation] [Beta] [Feature:OffByDefault] on multiple nodes with node-local resources uses all resources" classname="Kubernetes e2e suite" status="skipped" time="0">
              <skipped message="skipped"></skipped>
          </testcase>
          <testcase name="[It] [sig-storage] In-tree Volumes [Driver: azure-disk] [Testpattern: Pre-provisioned PV (block volmode)] volumes should store data" classname="Kubernetes e2e suite" status="skipped" time="0">
              <skipped message="skipped"></skipped>
          </testcase>
          <testcase name="[It] [sig-storage] In-tree Volumes [Driver: local] [LocalVolumeType: dir-link-bindmounted] [Testpattern: Pre-provisioned PV (block volmode)] multiVolume [Slow] should concurrently access the single volume from pods on different node" classname="Kubernetes e2e suite" status="skipped" time="0">
              <skipped message="skipped"></skipped>
          </testcase>
          <testcase name="[It] [sig-storage] In-tree Volumes [Driver: local] [LocalVolumeType: block] [Testpattern: Dynamic PV (xfs)] [Slow] multiVolume [Slow] should concurrently access the single read-only volume from pods on the same node" classname="Kubernetes e2e suite" status="skipped" time="0">
              <skipped message="skipped"></skipped>
          </testcase>
          <testcase name="[It] [sig-scheduling] SchedulerPredicates [Serial] validates pod overhead is considered along with resource limits of pods that are allowed to run verify pod overhead is accounted for" classname="Kubernetes e2e suite" status="skipped" time="0">
              <skipped message="skipped"></skipped>
          </testcase>
          <testcase name="[It] [sig-storage] In-tree Volumes [Driver: vsphere] [Testpattern: Dynamic PV (block volmode)] volumeMode should not mount / map unused volumes in a pod [LinuxOnly]" classname="Kubernetes e2e suite" status="skipped" time="0">
              <skipped message="skipped"></skipped>
          </testcase>
          <testcase name="[It] [sig-storage] In-tree Volumes [Driver: local] [LocalVolumeType: dir-link] [Testpattern: Dynamic PV (ext4)] multiVolume [Slow] should concurrently access the volume and restored snapshot from pods on the same node [LinuxOnly] [Feature:VolumeSnapshotDataSource] [Feature:VolumeSourceXFS]" classname="Kubernetes e2e suite" status="skipped" time="0">
              <skipped message="skipped"></skipped>
          </testcase>
          <testcase name="[It] [sig-autoscaling] [Feature:ClusterSizeAutoscalingScaleUp] [Slow] Autoscaling Autoscaling a service from 1 pod and 3 nodes to 8 pods and &gt;=4 nodes takes less than 15 minutes" classname="Kubernetes e2e suite" status="skipped" time="0">
              <skipped message="skipped"></skipped>
          </testcase>
          <testcase name="[It] [sig-storage] In-tree Volumes [Driver: local] [LocalVolumeType: blockfs] [Testpattern: Inline-volume (default fs)] subPath should support readOnly directory specified in the volumeMount" classname="Kubernetes e2e suite" status="skipped" time="0">
              <skipped message="skipped"></skipped>
          </testcase>
          <testcase name="[It] [sig-storage] In-tree Volumes [Driver: hostPath] [Testpattern: Dynamic PV (ntfs)] [Feature:Windows] provisioning should provision storage with pvc data source (ROX mode)" classname="Kubernetes e2e suite" status="skipped" time="0">
              <skipped message="skipped"></skipped>
          </testcase>
          <testcase name="[It] [sig-storage] In-tree Volumes [Driver: local] [LocalVolumeType: blockfs] [Testpattern: Generic Ephemeral-volume (default fs)] volumeLimits should verify that all csinodes have volume limits" classname="Kubernetes e2e suite" status="skipped" time="0">
              <skipped message="skipped"></skipped>
          </testcase>
          <testcase name="[It] [sig-storage] Subpath Atomic writer volumes should support subpaths with configmap pod with mountPath of existing file [Conformance]" classname="Kubernetes e2e suite" status="passed" time="24.13102345"></testcase>
          <testcase name="[It] [sig-storage] In-tree Volumes [Driver: local] [LocalVolumeType: gce-localssd-scsi-fs] [Serial] [Testpattern: Dynamic PV (default fs)] fsgroupchangepolicy (OnRootMismatch)[LinuxOnly], pod created with an initial fsgroup, new pod fsgroup applied to volume contents" classname="Kubernetes e2e suite" status="skipped" time="0">
              <skipped message="skipped"></skipped>
          </testcase>
          <testcase name="[It] [sig-storage] In-tree Volumes [Driver: nfs] [Testpattern: Pre-provisioned PV (block volmode)] volumes should store data" classname="Kubernetes e2e suite" status="skipped" time="0">
              <skipped message="skipped"></skipped>
          </testcase>
          <testcase name="[It] [sig-node] Pods Extended Pod Container lifecycle should not create extra sandbox if all containers are done" classname="Kubernetes e2e suite" status="skipped" time="0">
              <skipped message="skipped"></skipped>
          </testcase>
          <testcase name="[It] [sig-storage] In-tree Volumes [Driver: local] [LocalVolumeType: tmpfs] [Testpattern: Dynamic PV (xfs)] [Slow] multiVolume [Slow] should concurrently access the single read-only volume from pods on the same node" classname="Kubernetes e2e suite" status="skipped" time="0">
              <skipped message="skipped"></skipped>
          </testcase>
          <testcase name="[It] [sig-storage] In-tree Volumes [Driver: local] [LocalVolumeType: blockfs] [Testpattern: Dynamic PV (xfs)] [Slow] multiVolume [Slow] should concurrently access the volume and its clone from pods on the same node [LinuxOnly] [Feature:VolumeSourceXFS]" classname="Kubernetes e2e suite" status="skipped" time="0">
              <skipped message="skipped"></skipped>
          </testcase>
          <testcase name="[It] [sig-storage] In-tree Volumes [Driver: hostPathSymlink] [Testpattern: Dynamic PV (default fs)(allowExpansion)] volume-expand Verify if offline PVC expansion works" classname="Kubernetes e2e suite" status="skipped" time="0">
              <skipped message="skipped"></skipped>
          </testcase>
          <testcase name="[It] [sig-storage] [Feature:Flexvolumes] Detaching volumes should not work when mount is in progress [Slow]" classname="Kubernetes e2e suite" status="skipped" time="0">
              <skipped message="skipped"></skipped>
          </testcase>
          <testcase name="[It] [sig-api-machinery] Servers with support for Table transformation should return chunks of table results for list calls" classname="Kubernetes e2e suite" status="skipped" time="0">
              <skipped message="skipped"></skipped>
          </testcase>
          <testcase name="[It] [sig-storage] In-tree Volumes [Driver: cinder] [Testpattern: Dynamic PV (default fs)(allowExpansion)] volume-expand should resize volume when PVC is edited while pod is using it" classname="Kubernetes e2e suite" status="skipped" time="0">
              <skipped message="skipped"></skipped>
          </testcase>
          <testcase name="[It] [sig-storage] In-tree Volumes [Driver: vsphere] [Testpattern: Pre-provisioned PV (default fs)] subPath should fail if subpath file is outside the volume [Slow] [LinuxOnly]" classname="Kubernetes e2e suite" status="skipped" time="0">
              <skipped message="skipped"></skipped>
          </testcase>
          <testcase name="[It] [sig-storage] In-tree Volumes [Driver: local] [LocalVolumeType: tmpfs] [Testpattern: Pre-provisioned PV (ext3)] volumes should allow exec of files on the volume" classname="Kubernetes e2e suite" status="skipped" time="0">
              <skipped message="skipped"></skipped>
          </testcase>
          <testcase name="[It] [sig-storage] In-tree Volumes [Driver: nfs] [Testpattern: Dynamic PV (default fs)] provisioning should provision storage with snapshot data source [Feature:VolumeSnapshotDataSource]" classname="Kubernetes e2e suite" status="skipped" time="0">
              <skipped message="skipped"></skipped>
          </testcase>
          <testcase name="[It] [sig-storage] In-tree Volumes [Driver: local] [LocalVolumeType: tmpfs] [Testpattern: Dynamic PV (default fs)] subPath should support existing single file [LinuxOnly]" classname="Kubernetes e2e suite" status="skipped" time="0">
              <skipped message="skipped"></skipped>
          </testcase>
          <testcase name="[It] [sig-storage] In-tree Volumes [Driver: local] [LocalVolumeType: blockfs] [Testpattern: Dynamic PV (filesystem volmode)] multiVolume [Slow] should access to two volumes with different volume mode and retain data across pod recreation on different node" classname="Kubernetes e2e suite" status="skipped" time="0">
              <skipped message="skipped"></skipped>
          </testcase>
          <testcase name="[It] [sig-storage] CSI Mock volume node stage CSI NodeUnstage error cases [Slow] should call NodeStage after NodeUnstage success" classname="Kubernetes e2e suite" status="skipped" time="0">
              <skipped message="skipped"></skipped>
          </testcase>
          <testcase name="[It] [sig-storage] In-tree Volumes [Driver: local] [LocalVolumeType: gce-localssd-scsi-fs] [Serial] [Testpattern: Dynamic PV (ntfs)] [Feature:Windows] multiVolume [Slow] should access to two volumes with different volume mode and retain data across pod recreation on different node" classname="Kubernetes e2e suite" status="skipped" time="0">
              <skipped message="skipped"></skipped>
          </testcase>
          <testcase name="[It] [sig-storage] In-tree Volumes [Driver: vsphere] [Testpattern: Dynamic PV (ntfs)] [Feature:Windows] subPath should support readOnly file specified in the volumeMount [LinuxOnly]" classname="Kubernetes e2e suite" status="skipped" time="0">
              <skipped message="skipped"></skipped>
          </testcase>
          <testcase name="[It] [sig-cli] Kubectl logs default container logs the second container is the default-container by annotation should log default container if not specified" classname="Kubernetes e2e suite" status="skipped" time="0">
              <skipped message="skipped"></skipped>
          </testcase>
          <testcase name="[It] [sig-api-machinery] CustomResourceValidationRules [Privileged:ClusterAdmin] MUST fail validation for create of a custom resource that does not satisfy the x-kubernetes-validations rules" classname="Kubernetes e2e suite" status="skipped" time="0">
              <skipped message="skipped"></skipped>
          </testcase>
          <testcase name="[It] [sig-storage] CSI Volumes [Driver: pd.csi.storage.gke.io] [Serial] [Testpattern: Dynamic PV (ntfs)] [Feature:Windows] volumes should allow exec of files on the volume" classname="Kubernetes e2e suite" status="skipped" time="0">
              <skipped message="skipped"></skipped>
          </testcase>
          <testcase name="[It] [sig-storage] In-tree Volumes [Driver: local] [LocalVolumeType: dir-link] [Testpattern: Dynamic PV (ext4)] multiVolume [Slow] should concurrently access the single volume from pods on the same node" classname="Kubernetes e2e suite" status="skipped" time="0">
              <skipped message="skipped"></skipped>
          </testcase>
          <testcase name="[It] [sig-storage] In-tree Volumes [Driver: local] [LocalVolumeType: blockfs] [Testpattern: Pre-provisioned PV (block volmode)] multiVolume [Slow] should concurrently access the volume and its clone from pods on the same node [LinuxOnly] [Feature:VolumeSourceXFS]" classname="Kubernetes e2e suite" status="skipped" time="0">
              <skipped message="skipped"></skipped>
          </testcase>
          <testcase name="[It] [sig-storage] In-tree Volumes [Driver: azure-disk] [Testpattern: Pre-provisioned PV (filesystem volmode)] disruptive [Disruptive] [LinuxOnly] Should test that pv used in a pod that is deleted while the kubelet is down is usable by a new pod with a different SELinux context when kubelet returns [Feature:SELinux]" classname="Kubernetes e2e suite" status="skipped" time="0">
              <skipped message="skipped"></skipped>
          </testcase>
          <testcase name="[It] [sig-storage] In-tree Volumes [Driver: cinder] [Testpattern: Pre-provisioned PV (filesystem volmode)] multiVolume [Slow] should concurrently access the volume and restored snapshot from pods on the same node [LinuxOnly] [Feature:VolumeSnapshotDataSource] [Feature:VolumeSourceXFS]" classname="Kubernetes e2e suite" status="skipped" time="0">
              <skipped message="skipped"></skipped>
          </testcase>
          <testcase name="[It] [sig-storage] In-tree Volumes [Driver: iscsi] [Feature:Volumes] [Testpattern: Pre-provisioned PV (filesystem volmode)] multiVolume [Slow] should concurrently access the volume and restored snapshot from pods on the same node [LinuxOnly] [Feature:VolumeSnapshotDataSource] [Feature:VolumeSourceXFS]" classname="Kubernetes e2e suite" status="skipped" time="0">
              <skipped message="skipped"></skipped>
          </testcase>
          <testcase name="[It] [sig-storage] In-tree Volumes [Driver: hostPath] [Testpattern: Dynamic PV (default fs)] fsgroupchangepolicy (Always)[LinuxOnly], rwop pod created with an initial fsgroup, new pod fsgroup applied to volume contents" classname="Kubernetes e2e suite" status="skipped" time="0">
              <skipped message="skipped"></skipped>
          </testcase>
          <testcase name="[It] [sig-storage] CSI Volumes [Driver: csi-hostpath] [Testpattern: Pre-provisioned PV (filesystem volmode)] multiVolume [Slow] should concurrently access the single read-only volume from pods on the same node" classname="Kubernetes e2e suite" status="skipped" time="0">
              <skipped message="skipped"></skipped>
          </testcase>
          <testcase name="[It] [sig-storage] In-tree Volumes [Driver: local] [LocalVolumeType: tmpfs] [Testpattern: Dynamic PV (ntfs)] [Feature:Windows] subPath should unmount if pod is gracefully deleted while kubelet is down [Disruptive] [Slow] [LinuxOnly]" classname="Kubernetes e2e suite" status="skipped" time="0">
              <skipped message="skipped"></skipped>
          </testcase>
          <testcase name="[It] [sig-node] Security Context should support pod.Spec.SecurityContext.RunAsUser [LinuxOnly]" classname="Kubernetes e2e suite" status="skipped" time="0">
              <skipped message="skipped"></skipped>
          </testcase>
          <testcase name="[It] [sig-storage] HostPathType Character Device [Slow] Should be able to mount character device &#39;achardev&#39; successfully when HostPathType is HostPathUnset" classname="Kubernetes e2e suite" status="skipped" time="0">
              <skipped message="skipped"></skipped>
          </testcase>
          <testcase name="[It] [sig-storage] In-tree Volumes [Driver: local] [LocalVolumeType: dir-link] [Testpattern: Dynamic PV (default fs)] provisioning should provision storage with pvc data source (ROX mode)" classname="Kubernetes e2e suite" status="skipped" time="0">
              <skipped message="skipped"></skipped>
          </testcase>
          <testcase name="[It] [sig-storage] In-tree Volumes [Driver: local] [LocalVolumeType: dir] [Testpattern: Dynamic PV (block volmode)] multiVolume [Slow] should concurrently access the volume and its clone from pods on the same node [LinuxOnly] [Feature:VolumeSourceXFS]" classname="Kubernetes e2e suite" status="skipped" time="0">
              <skipped message="skipped"></skipped>
          </testcase>
          <testcase name="[It] [sig-network] LoadBalancers [Feature:LoadBalancer] should only allow access from service loadbalancer source ranges [Slow]" classname="Kubernetes e2e suite" status="skipped" time="0">
              <skipped message="skipped"></skipped>
          </testcase>
          <testcase name="[It] [sig-storage] In-tree Volumes [Driver: azure-disk] [Testpattern: Dynamic PV (default fs)] subPath should fail if non-existent subpath is outside the volume [Slow] [LinuxOnly]" classname="Kubernetes e2e suite" status="skipped" time="0">
              <skipped message="skipped"></skipped>
          </testcase>
          <testcase name="[It] [sig-storage] In-tree Volumes [Driver: azure-file] [Testpattern: Pre-provisioned PV (default fs)] subPath should fail if non-existent subpath is outside the volume [Slow] [LinuxOnly]" classname="Kubernetes e2e suite" status="skipped" time="0">
              <skipped message="skipped"></skipped>
          </testcase>
          <testcase name="[It] [sig-storage] In-tree Volumes [Driver: vsphere] [Testpattern: Inline-volume (ext4)] volumes should store data" classname="Kubernetes e2e suite" status="skipped" time="0">
              <skipped message="skipped"></skipped>
          </testcase>
          <testcase name="[It] [sig-storage] In-tree Volumes [Driver: local] [LocalVolumeType: dir-link-bindmounted] [Testpattern: Dynamic PV (filesystem volmode)] multiVolume [Slow] should concurrently access the volume and restored snapshot from pods on the same node [LinuxOnly] [Feature:VolumeSnapshotDataSource] [Feature:VolumeSourceXFS]" classname="Kubernetes e2e suite" status="skipped" time="0">
              <skipped message="skipped"></skipped>
          </testcase>
          <testcase name="[It] [sig-storage] In-tree Volumes [Driver: hostPath] [Testpattern: Dynamic PV (block volmode)(allowExpansion)] volume-expand Verify if offline PVC expansion works" classname="Kubernetes e2e suite" status="skipped" time="0">
              <skipped message="skipped"></skipped>
          </testcase>
          <testcase name="[It] [sig-storage] In-tree Volumes [Driver: nfs] [Testpattern: Pre-provisioned PV (filesystem volmode)] disruptive [Disruptive] [LinuxOnly] Should test that pv used in a pod that is deleted while the kubelet is down is usable by a new pod when kubelet returns [Feature:SELinux]" classname="Kubernetes e2e suite" status="skipped" time="0">
              <skipped message="skipped"></skipped>
          </testcase>
          <testcase name="[It] [sig-storage] In-tree Volumes [Driver: local] [LocalVolumeType: dir-link] [Testpattern: Dynamic PV (block volmode)] multiVolume [Slow] should access to two volumes with different volume mode and retain data across pod recreation on different node" classname="Kubernetes e2e suite" status="skipped" time="0">
              <skipped message="skipped"></skipped>
          </testcase>
          <testcase name="[It] [sig-storage] CSI Volumes [Driver: pd.csi.storage.gke.io] [Serial] [Testpattern: Dynamic PV (ntfs)] [Feature:Windows] provisioning should provision storage with mount options" classname="Kubernetes e2e suite" status="skipped" time="0">
              <skipped message="skipped"></skipped>
          </testcase>
          <testcase name="[It] [sig-storage] In-tree Volumes [Driver: local] [LocalVolumeType: dir] [Testpattern: Pre-provisioned PV (filesystem volmode)] multiVolume [Slow] should concurrently access the volume and restored snapshot from pods on the same node [LinuxOnly] [Feature:VolumeSnapshotDataSource] [Feature:VolumeSourceXFS]" classname="Kubernetes e2e suite" status="skipped" time="0">
              <skipped message="skipped"></skipped>
          </testcase>
          <testcase name="[It] [sig-cli] Kubectl client Kubectl prune with applyset should apply and prune objects" classname="Kubernetes e2e suite" status="skipped" time="0">
              <skipped message="skipped"></skipped>
          </testcase>
          <testcase name="[It] [sig-storage] CSI Volumes [Driver: pd.csi.storage.gke.io] [Serial] [Testpattern: Dynamic PV (block volmode)] provisioning should provision storage with snapshot data source (ROX mode) [Feature:VolumeSnapshotDataSource]" classname="Kubernetes e2e suite" status="skipped" time="0">
              <skipped message="skipped"></skipped>
          </testcase>
          <testcase name="[It] [sig-scheduling] SchedulerPredicates [Serial] validates that NodeSelector is respected if not matching [Conformance]" classname="Kubernetes e2e suite" status="passed" time="1.1315880919999999"></testcase>
          <testcase name="[It] [sig-storage] In-tree Volumes [Driver: iscsi] [Feature:Volumes] [Testpattern: Dynamic PV (filesystem volmode)] volumeLimits should support volume limits [Serial]" classname="Kubernetes e2e suite" status="skipped" time="0">
              <skipped message="skipped"></skipped>
          </testcase>
          <testcase name="[It] [sig-api-machinery] ResourceQuota should create a ResourceQuota and capture the life of a secret. [Conformance]" classname="Kubernetes e2e suite" status="passed" time="16.076667413"></testcase>
          <testcase name="[It] [sig-storage] In-tree Volumes [Driver: hostPathSymlink] [Testpattern: Dynamic PV (ntfs)] [Feature:Windows] subPath should support creating multiple subpath from same volumes [Slow]" classname="Kubernetes e2e suite" status="skipped" time="0">
              <skipped message="skipped"></skipped>
          </testcase>
          <testcase name="[It] [sig-storage] In-tree Volumes [Driver: azure-file] [Testpattern: Dynamic PV (block volmode)] multiVolume [Slow] should concurrently access the volume and restored snapshot from pods on the same node [LinuxOnly] [Feature:VolumeSnapshotDataSource] [Feature:VolumeSourceXFS]" classname="Kubernetes e2e suite" status="skipped" time="0">
              <skipped message="skipped"></skipped>
          </testcase>
          <testcase name="[It] [sig-storage] In-tree Volumes [Driver: local] [LocalVolumeType: dir-link] [Testpattern: Dynamic PV (block volmode)] provisioning should provision storage with pvc data source (ROX mode)" classname="Kubernetes e2e suite" status="skipped" time="0">
              <skipped message="skipped"></skipped>
          </testcase>
          <testcase name="[It] [sig-storage] In-tree Volumes [Driver: local] [LocalVolumeType: gce-localssd-scsi-fs] [Serial] [Testpattern: Dynamic PV (ext4)] multiVolume [Slow] should concurrently access the single read-only volume from pods on the same node" classname="Kubernetes e2e suite" status="skipped" time="0">
              <skipped message="skipped"></skipped>
          </testcase>
          <testcase name="[It] [sig-storage] In-tree Volumes [Driver: local] [LocalVolumeType: dir-link] [Testpattern: Dynamic PV (filesystem volmode)] multiVolume [Slow] should concurrently access the volume and restored snapshot from pods on the same node [LinuxOnly] [Feature:VolumeSnapshotDataSource] [Feature:VolumeSourceXFS]" classname="Kubernetes e2e suite" status="skipped" time="0">
              <skipped message="skipped"></skipped>
          </testcase>
          <testcase name="[It] [sig-storage] In-tree Volumes [Driver: local] [LocalVolumeType: dir-link-bindmounted] [Testpattern: Dynamic PV (ext4)] multiVolume [Slow] should access to two volumes with different volume mode and retain data across pod recreation on different node" classname="Kubernetes e2e suite" status="skipped" time="0">
              <skipped message="skipped"></skipped>
          </testcase>
          <testcase name="[It] [sig-storage] In-tree Volumes [Driver: azure-disk] [Testpattern: Pre-provisioned PV (default fs)] subPath should unmount if pod is gracefully deleted while kubelet is down [Disruptive] [Slow] [LinuxOnly]" classname="Kubernetes e2e suite" status="skipped" time="0">
              <skipped message="skipped"></skipped>
          </testcase>
          <testcase name="[It] [sig-storage] PersistentVolumes-local [Volume type: tmpfs] Set fsGroup for local volume should set same fsGroup for two pods simultaneously [Slow]" classname="Kubernetes e2e suite" status="skipped" time="0">
              <skipped message="skipped"></skipped>
          </testcase>
          <testcase name="[It] [sig-storage] In-tree Volumes [Driver: vsphere] [Testpattern: Inline-volume (ext3)] volumes should allow exec of files on the volume" classname="Kubernetes e2e suite" status="skipped" time="0">
              <skipped message="skipped"></skipped>
          </testcase>
          <testcase name="[It] [sig-storage] In-tree Volumes [Driver: local] [LocalVolumeType: block] [Testpattern: Dynamic PV (default fs)] provisioning should provision storage with snapshot data source (ROX mode) [Feature:VolumeSnapshotDataSource]" classname="Kubernetes e2e suite" status="skipped" time="0">
              <skipped message="skipped"></skipped>
          </testcase>
          <testcase name="[It] [sig-api-machinery] FieldValidation should create/apply an invalid CR with extra properties for CRD with validation schema [Conformance]" classname="Kubernetes e2e suite" status="passed" time="3.106176867"></testcase>
          <testcase name="[It] [sig-storage] CSI Volumes [Driver: csi-hostpath] [Testpattern: Dynamic PV (ntfs)] [Feature:Windows] provisioning should provision storage with pvc data source (ROX mode)" classname="Kubernetes e2e suite" status="skipped" time="0">
              <skipped message="skipped"></skipped>
          </testcase>
          <testcase name="[It] [sig-apps] Daemon set [Serial] should run and stop simple daemon [Conformance]" classname="Kubernetes e2e suite" status="passed" time="5.420003417"></testcase>
          <testcase name="[It] [sig-storage] In-tree Volumes [Driver: iscsi] [Feature:Volumes] [Testpattern: Pre-provisioned PV (default fs)] subPath should support readOnly file specified in the volumeMount [LinuxOnly]" classname="Kubernetes e2e suite" status="skipped" time="0">
              <skipped message="skipped"></skipped>
          </testcase>
          <testcase name="[It] [sig-storage] In-tree Volumes [Driver: local] [LocalVolumeType: tmpfs] [Testpattern: Inline-volume (default fs)] subPath should fail if subpath directory is outside the volume [Slow] [LinuxOnly]" classname="Kubernetes e2e suite" status="skipped" time="0">
              <skipped message="skipped"></skipped>
          </testcase>
          <testcase name="[It] [sig-storage] In-tree Volumes [Driver: hostPathSymlink] [Testpattern: Pre-provisioned PV (block volmode)] multiVolume [Slow] should concurrently access the single volume from pods on different node" classname="Kubernetes e2e suite" status="skipped" time="0">
              <skipped message="skipped"></skipped>
          </testcase>
          <testcase name="[It] [sig-storage] In-tree Volumes [Driver: hostPath] [Testpattern: Pre-provisioned PV (block volmode)] volumes should store data" classname="Kubernetes e2e suite" status="skipped" time="0">
              <skipped message="skipped"></skipped>
          </testcase>
          <testcase name="[It] [sig-storage] In-tree Volumes [Driver: azure-disk] [Testpattern: Generic Ephemeral-volume (default fs) (late-binding)] ephemeral should create read/write inline ephemeral volume" classname="Kubernetes e2e suite" status="skipped" time="0">
              <skipped message="skipped"></skipped>
          </testcase>
          <testcase name="[It] [sig-storage] In-tree Volumes [Driver: local] [LocalVolumeType: gce-localssd-scsi-fs] [Serial] [Testpattern: Dynamic PV (block volmode)] multiVolume [Slow] should concurrently access the single volume from pods on different node" classname="Kubernetes e2e suite" status="skipped" time="0">
              <skipped message="skipped"></skipped>
          </testcase>
          <testcase name="[It] [sig-storage] In-tree Volumes [Driver: local] [LocalVolumeType: gce-localssd-scsi-fs] [Serial] [Testpattern: Dynamic PV (default fs)(allowExpansion)] volume-expand Verify if offline PVC expansion works" classname="Kubernetes e2e suite" status="skipped" time="0">
              <skipped message="skipped"></skipped>
          </testcase>
          <testcase name="[It] [sig-storage] In-tree Volumes [Driver: local] [LocalVolumeType: blockfs] [Testpattern: Dynamic PV (default fs)] fsgroupchangepolicy (OnRootMismatch)[LinuxOnly], pod created with an initial fsgroup, volume contents ownership changed via chgrp in first pod, new pod with different fsgroup applied to the volume contents" classname="Kubernetes e2e suite" status="skipped" time="0">
              <skipped message="skipped"></skipped>
          </testcase>
          <testcase name="[It] [sig-storage] In-tree Volumes [Driver: azure-file] [Testpattern: Dynamic PV (default fs)] provisioning should provision storage with pvc data source (ROX mode)" classname="Kubernetes e2e suite" status="skipped" time="0">
              <skipped message="skipped"></skipped>
          </testcase>
          <testcase name="[It] [sig-storage] In-tree Volumes [Driver: cinder] [Testpattern: Pre-provisioned PV (default fs)] subPath should unmount if pod is force deleted while kubelet is down [Disruptive] [Slow] [LinuxOnly]" classname="Kubernetes e2e suite" status="skipped" time="0">
              <skipped message="skipped"></skipped>
          </testcase>
          <testcase name="[It] [sig-storage] CSI Volumes [Driver: pd.csi.storage.gke.io] [Serial] [Testpattern: Pre-provisioned PV (filesystem volmode)] multiVolume [Slow] should concurrently access the volume and its clone from pods on the same node [LinuxOnly] [Feature:VolumeSourceXFS]" classname="Kubernetes e2e suite" status="skipped" time="0">
              <skipped message="skipped"></skipped>
          </testcase>
          <testcase name="[It] [sig-storage] In-tree Volumes [Driver: local] [LocalVolumeType: tmpfs] [Testpattern: Dynamic PV (filesystem volmode)] volumeLimits should verify that all csinodes have volume limits" classname="Kubernetes e2e suite" status="skipped" time="0">
              <skipped message="skipped"></skipped>
          </testcase>
          <testcase name="[It] [sig-storage] CSI Volumes [Driver: csi-hostpath] [Testpattern: Dynamic PV (default fs)(allowExpansion)] volume-expand should resize volume when PVC is edited while pod is using it" classname="Kubernetes e2e suite" status="skipped" time="0">
              <skipped message="skipped"></skipped>
          </testcase>
          <testcase name="[It] [sig-storage] In-tree Volumes [Driver: local] [LocalVolumeType: gce-localssd-scsi-fs] [Serial] [Testpattern: Inline-volume (default fs)] subPath should fail if subpath file is outside the volume [Slow] [LinuxOnly]" classname="Kubernetes e2e suite" status="skipped" time="0">
              <skipped message="skipped"></skipped>
          </testcase>
          <testcase name="[It] [sig-storage] In-tree Volumes [Driver: hostPath] [Testpattern: Pre-provisioned PV (default fs)] subPath should be able to unmount after the subpath directory is deleted [LinuxOnly]" classname="Kubernetes e2e suite" status="skipped" time="0">
              <skipped message="skipped"></skipped>
          </testcase>
          <testcase name="[It] [sig-storage] In-tree Volumes [Driver: local] [LocalVolumeType: dir] [Testpattern: Dynamic PV (default fs)] subPath should unmount if pod is gracefully deleted while kubelet is down [Disruptive] [Slow] [LinuxOnly]" classname="Kubernetes e2e suite" status="skipped" time="0">
              <skipped message="skipped"></skipped>
          </testcase>
          <testcase name="[It] [sig-storage] In-tree Volumes [Driver: local] [LocalVolumeType: dir] [Testpattern: Dynamic PV (block volmode)] disruptive [Disruptive] [LinuxOnly] Should test that pv written before kubelet restart is readable after restart." classname="Kubernetes e2e suite" status="skipped" time="0">
              <skipped message="skipped"></skipped>
          </testcase>
          <testcase name="[It] [sig-storage] In-tree Volumes [Driver: nfs] [Testpattern: Dynamic PV (ext4)] multiVolume [Slow] should concurrently access the single volume from pods on the same node" classname="Kubernetes e2e suite" status="skipped" time="0">
              <skipped message="skipped"></skipped>
          </testcase>
          <testcase name="[It] [sig-storage] In-tree Volumes [Driver: local] [LocalVolumeType: blockfs] [Testpattern: Dynamic PV (ntfs)] [Feature:Windows] multiVolume [Slow] should concurrently access the single read-only volume from pods on the same node" classname="Kubernetes e2e suite" status="skipped" time="0">
              <skipped message="skipped"></skipped>
          </testcase>
          <testcase name="[It] [sig-storage] In-tree Volumes [Driver: emptydir] [Testpattern: Dynamic PV (ntfs)(allowExpansion)] [Feature:Windows] volume-expand Verify if offline PVC expansion works" classname="Kubernetes e2e suite" status="skipped" time="0">
              <skipped message="skipped"></skipped>
          </testcase>
          <testcase name="[It] [sig-storage] In-tree Volumes [Driver: vsphere] [Testpattern: Dynamic PV (default fs)] provisioning should mount multiple PV pointing to the same storage on the same node" classname="Kubernetes e2e suite" status="skipped" time="0">
              <skipped message="skipped"></skipped>
          </testcase>
          <testcase name="[It] [sig-api-machinery] FieldValidation should create/apply a CR with unknown fields for CRD with no validation schema [Conformance]" classname="Kubernetes e2e suite" status="passed" time="3.086627124"></testcase>
          <testcase name="[It] [sig-api-machinery] Generated clientset should create pods, set the deletionTimestamp and deletionGracePeriodSeconds of the pod" classname="Kubernetes e2e suite" status="skipped" time="0">
              <skipped message="skipped"></skipped>
          </testcase>
          <testcase name="[It] [sig-storage] CSI Volumes [Driver: pd.csi.storage.gke.io] [Serial] [Testpattern: Pre-provisioned PV (default fs)] subPath should support creating multiple subpath from same volumes [Slow]" classname="Kubernetes e2e suite" status="skipped" time="0">
              <skipped message="skipped"></skipped>
          </testcase>
          <testcase name="[It] [sig-storage] In-tree Volumes [Driver: vsphere] [Testpattern: Pre-provisioned PV (filesystem volmode)] multiVolume [Slow] should concurrently access the single volume from pods on different node" classname="Kubernetes e2e suite" status="skipped" time="0">
              <skipped message="skipped"></skipped>
          </testcase>
          <testcase name="[It] [sig-storage] In-tree Volumes [Driver: hostPathSymlink] [Testpattern: Inline-volume (default fs)] volumeIO should write files of various sizes, verify size, validate content [Slow]" classname="Kubernetes e2e suite" status="skipped" time="0">
              <skipped message="skipped"></skipped>
          </testcase>
          <testcase name="[It] [sig-storage] Flexvolumes should be mountable when attachable [Feature:Flexvolumes]" classname="Kubernetes e2e suite" status="skipped" time="0">
              <skipped message="skipped"></skipped>
          </testcase>
          <testcase name="[It] [sig-storage] In-tree Volumes [Driver: azure-file] [Testpattern: Dynamic PV (ntfs)] [Feature:Windows] provisioning should provision storage with mount options" classname="Kubernetes e2e suite" status="skipped" time="0">
              <skipped message="skipped"></skipped>
          </testcase>
          <testcase name="[It] [sig-storage] In-tree Volumes [Driver: local] [LocalVolumeType: dir-link] [Testpattern: Pre-provisioned PV (block volmode)] multiVolume [Slow] should access to two volumes with the same volume mode and retain data across pod recreation on the same node" classname="Kubernetes e2e suite" status="skipped" time="0">
              <skipped message="skipped"></skipped>
          </testcase>
          <testcase name="[It] [sig-storage] In-tree Volumes [Driver: local] [LocalVolumeType: dir-bindmounted] [Testpattern: Dynamic PV (filesystem volmode)] volumeMode should fail to use a volume in a pod with mismatched mode [Slow]" classname="Kubernetes e2e suite" status="skipped" time="0">
              <skipped message="skipped"></skipped>
          </testcase>
          <testcase name="[It] [sig-storage] In-tree Volumes [Driver: local] [LocalVolumeType: gce-localssd-scsi-fs] [Serial] [Testpattern: Generic Ephemeral-volume (default fs) (immediate-binding)] ephemeral should create read-only inline ephemeral volume" classname="Kubernetes e2e suite" status="skipped" time="0">
              <skipped message="skipped"></skipped>
          </testcase>
          <testcase name="[It] [sig-autoscaling] [Feature:HPA] Horizontal pod autoscaling (scale resource: CPU) CustomResourceDefinition Should scale with a CRD targetRef" classname="Kubernetes e2e suite" status="skipped" time="0">
              <skipped message="skipped"></skipped>
          </testcase>
          <testcase name="[It] [sig-storage] CSI Volumes [Driver: csi-hostpath] [Testpattern: Pre-provisioned PV (block volmode)] multiVolume [Slow] should concurrently access the single read-only volume from pods on the same node" classname="Kubernetes e2e suite" status="skipped" time="0">
              <skipped message="skipped"></skipped>
          </testcase>
          <testcase name="[It] [sig-node] [Feature:SidecarContainers] Restartable Init Container Lifecycle Hook when create a pod with lifecycle hook should execute poststart https hook properly [MinimumKubeletVersion:1.23]" classname="Kubernetes e2e suite" status="skipped" time="0">
              <skipped message="skipped"></skipped>
          </testcase>
          <testcase name="[It] [sig-storage] In-tree Volumes [Driver: iscsi] [Feature:Volumes] [Testpattern: Inline-volume (default fs)] subPath should fail if subpath file is outside the volume [Slow] [LinuxOnly]" classname="Kubernetes e2e suite" status="skipped" time="0">
              <skipped message="skipped"></skipped>
          </testcase>
          <testcase name="[It] [sig-node] DRA [Feature:DynamicResourceAllocation] [FeatureGate:DynamicResourceAllocation] [Beta] [Feature:OffByDefault] on single node must deallocate after use" classname="Kubernetes e2e suite" status="skipped" time="0">
              <skipped message="skipped"></skipped>
          </testcase>
          <testcase name="[It] [sig-storage] In-tree Volumes [Driver: azure-file] [Testpattern: Pre-provisioned PV (default fs)] subPath should verify container cannot write to subpath readonly volumes [Slow]" classname="Kubernetes e2e suite" status="skipped" time="0">
              <skipped message="skipped"></skipped>
          </testcase>
          <testcase name="[It] [sig-storage] CSI Volumes [Driver: csi-hostpath] [Testpattern: Pre-provisioned PV (block volmode)] volumeMode should not mount / map unused volumes in a pod [LinuxOnly]" classname="Kubernetes e2e suite" status="skipped" time="0">
              <skipped message="skipped"></skipped>
          </testcase>
          <testcase name="[It] [sig-node] Pod InPlace Resize Container [FeatureGate:InPlacePodVerticalScaling] [Beta] Guaranteed QoS pod, one restartable init container - increase CPU &amp; memory" classname="Kubernetes e2e suite" status="skipped" time="0">
              <skipped message="skipped"></skipped>
          </testcase>
          <testcase name="[It] [sig-storage] CSI Volumes [Driver: pd.csi.storage.gke.io] [Serial] [Testpattern: Dynamic PV (ntfs)] [Feature:Windows] provisioning should provision storage with pvc data source (ROX mode)" classname="Kubernetes e2e suite" status="skipped" time="0">
              <skipped message="skipped"></skipped>
          </testcase>
          <testcase name="[It] [sig-storage] In-tree Volumes [Driver: local] [LocalVolumeType: dir-link-bindmounted] [Testpattern: Dynamic PV (filesystem volmode)] multiVolume [Slow] should access to two volumes with the same volume mode and retain data across pod recreation on different node" classname="Kubernetes e2e suite" status="skipped" time="0">
              <skipped message="skipped"></skipped>
          </testcase>
          <testcase name="[It] [sig-storage] CSI Volumes [Driver: csi-hostpath] [Testpattern: Dynamic PV (ntfs)] [Feature:Windows] volumes should store data" classname="Kubernetes e2e suite" status="skipped" time="0">
              <skipped message="skipped"></skipped>
          </testcase>
          <testcase name="[It] [sig-storage] In-tree Volumes [Driver: local] [LocalVolumeType: blockfs] [Testpattern: Dynamic PV (ntfs)] [Feature:Windows] subPath should support non-existent path" classname="Kubernetes e2e suite" status="skipped" time="0">
              <skipped message="skipped"></skipped>
          </testcase>
          <testcase name="[It] [sig-storage] In-tree Volumes [Driver: vsphere] [Testpattern: Pre-provisioned PV (block volmode)] multiVolume [Slow] should access to two volumes with the same volume mode and retain data across pod recreation on the same node" classname="Kubernetes e2e suite" status="skipped" time="0">
              <skipped message="skipped"></skipped>
          </testcase>
          <testcase name="[It] [sig-instrumentation] MetricsGrabber should grab all metrics slis from API server." classname="Kubernetes e2e suite" status="skipped" time="0">
              <skipped message="skipped"></skipped>
          </testcase>
          <testcase name="[It] [sig-storage] In-tree Volumes [Driver: local] [LocalVolumeType: dir] [Testpattern: Inline-volume (default fs)] subPath should unmount if pod is gracefully deleted while kubelet is down [Disruptive] [Slow] [LinuxOnly]" classname="Kubernetes e2e suite" status="skipped" time="0">
              <skipped message="skipped"></skipped>
          </testcase>
          <testcase name="[It] [sig-api-machinery] CustomResourceValidationRules [Privileged:ClusterAdmin] MUST fail create of a custom resource definition that contains an x-kubernetes-validations rule that contains a syntax error" classname="Kubernetes e2e suite" status="skipped" time="0">
              <skipped message="skipped"></skipped>
          </testcase>
          <testcase name="[It] [sig-storage] In-tree Volumes [Driver: local] [LocalVolumeType: block] [Testpattern: Dynamic PV (ntfs)] [Feature:Windows] multiVolume [Slow] should access to two volumes with the same volume mode and retain data across pod recreation on the same node" classname="Kubernetes e2e suite" status="skipped" time="0">
              <skipped message="skipped"></skipped>
          </testcase>
          <testcase name="[It] [sig-api-machinery] CoordinatedLeaderElection [Feature:CoordinatedLeaderElection] [FeatureGate:CoordinatedLeaderElection] [Beta] [Feature:OffByDefault] CLE downgrade to disabled" classname="Kubernetes e2e suite" status="skipped" time="0">
              <skipped message="skipped"></skipped>
          </testcase>
          <testcase name="[It] [sig-network] Networking Granular Checks: Services should function for endpoint-Service: http" classname="Kubernetes e2e suite" status="skipped" time="0">
              <skipped message="skipped"></skipped>
          </testcase>
          <testcase name="[It] [sig-network] EndpointSliceMirroring should mirror a custom Endpoints resource through create update and delete [Conformance]" classname="Kubernetes e2e suite" status="passed" time="2.062760837"></testcase>
          <testcase name="[It] [sig-storage] In-tree Volumes [Driver: emptydir] [Testpattern: Inline-volume (default fs)] subPath should fail if subpath file is outside the volume [Slow] [LinuxOnly]" classname="Kubernetes e2e suite" status="skipped" time="0">
              <skipped message="skipped"></skipped>
          </testcase>
          <testcase name="[It] [sig-storage] In-tree Volumes [Driver: local] [LocalVolumeType: block] [Testpattern: Dynamic PV (block volmode)] provisioning should provision storage with any volume data source [Serial]" classname="Kubernetes e2e suite" status="skipped" time="0">
              <skipped message="skipped"></skipped>
          </testcase>
          <testcase name="[It] [sig-storage] In-tree Volumes [Driver: local] [LocalVolumeType: blockfs] [Testpattern: Dynamic PV (xfs)] [Slow] multiVolume [Slow] should access to two volumes with the same volume mode and retain data across pod recreation on the same node" classname="Kubernetes e2e suite" status="skipped" time="0">
              <skipped message="skipped"></skipped>
          </testcase>
          <testcase name="[It] [sig-storage] In-tree Volumes [Driver: azure-file] [Testpattern: Pre-provisioned PV (default fs)] subPath should unmount if pod is gracefully deleted while kubelet is down [Disruptive] [Slow] [LinuxOnly]" classname="Kubernetes e2e suite" status="skipped" time="0">
              <skipped message="skipped"></skipped>
          </testcase>
          <testcase name="[It] [sig-storage] In-tree Volumes [Driver: hostPathSymlink] [Testpattern: Dynamic PV (ntfs)] [Feature:Windows] provisioning should mount multiple PV pointing to the same storage on the same node" classname="Kubernetes e2e suite" status="skipped" time="0">
              <skipped message="skipped"></skipped>
          </testcase>
          <testcase name="[It] [sig-network] Netpol NetworkPolicy between server and client should enforce policies to check ingress and egress policies can be controlled independently based on PodSelector [Feature:NetworkPolicy]" classname="Kubernetes e2e suite" status="skipped" time="0">
              <skipped message="skipped"></skipped>
          </testcase>
          <testcase name="[It] [sig-storage] In-tree Volumes [Driver: local] [LocalVolumeType: blockfs] [Testpattern: Dynamic PV (default fs)] subPath should fail if subpath with backstepping is outside the volume [Slow] [LinuxOnly]" classname="Kubernetes e2e suite" status="skipped" time="0">
              <skipped message="skipped"></skipped>
          </testcase>
          <testcase name="[It] [sig-storage] CSI Mock volume attach CSI attach test using mock driver should not require VolumeAttach for drivers without attachment" classname="Kubernetes e2e suite" status="skipped" time="0">
              <skipped message="skipped"></skipped>
          </testcase>
          <testcase name="[It] [sig-storage] In-tree Volumes [Driver: local] [LocalVolumeType: tmpfs] [Testpattern: Generic Ephemeral-volume (default fs) (late-binding)] ephemeral should support multiple inline ephemeral volumes" classname="Kubernetes e2e suite" status="skipped" time="0">
              <skipped message="skipped"></skipped>
          </testcase>
          <testcase name="[It] [sig-node] DRA [Feature:DynamicResourceAllocation] [FeatureGate:DynamicResourceAllocation] [Beta] [Feature:OffByDefault] with prioritized list chooses the correct subrequest subject to constraints [Feature:DRAPrioritizedList]" classname="Kubernetes e2e suite" status="skipped" time="0">
              <skipped message="skipped"></skipped>
          </testcase>
          <testcase name="[It] [sig-storage] CSI Volumes [Driver: pd.csi.storage.gke.io] [Serial] [Testpattern: Dynamic PV (default fs)] fsgroupchangepolicy (Always)[LinuxOnly], pod created with an initial fsgroup, volume contents ownership changed via chgrp in first pod, new pod with different fsgroup applied to the volume contents" classname="Kubernetes e2e suite" status="skipped" time="0">
              <skipped message="skipped"></skipped>
          </testcase>
          <testcase name="[It] [sig-storage] In-tree Volumes [Driver: local] [LocalVolumeType: dir-bindmounted] [Testpattern: Dynamic PV (default fs)] capacity provides storage capacity information" classname="Kubernetes e2e suite" status="skipped" time="0">
              <skipped message="skipped"></skipped>
          </testcase>
          <testcase name="[It] [sig-storage] In-tree Volumes [Driver: vsphere] [Testpattern: Dynamic PV (ntfs)(allowExpansion)] [Feature:Windows] volume-expand Verify if offline PVC expansion works" classname="Kubernetes e2e suite" status="skipped" time="0">
              <skipped message="skipped"></skipped>
          </testcase>
          <testcase name="[It] [sig-storage] In-tree Volumes [Driver: iscsi] [Feature:Volumes] [Testpattern: Dynamic PV (default fs)] subPath should support file as subpath [LinuxOnly]" classname="Kubernetes e2e suite" status="skipped" time="0">
              <skipped message="skipped"></skipped>
          </testcase>
          <testcase name="[It] [sig-node] PreStop graceful pod terminated should wait until preStop hook completes the process" classname="Kubernetes e2e suite" status="skipped" time="0">
              <skipped message="skipped"></skipped>
          </testcase>
          <testcase name="[It] [sig-storage] In-tree Volumes [Driver: local] [LocalVolumeType: block] [Testpattern: Dynamic PV (ntfs)] [Feature:Windows] multiVolume [Slow] should access to two volumes with different volume mode and retain data across pod recreation on different node" classname="Kubernetes e2e suite" status="skipped" time="0">
              <skipped message="skipped"></skipped>
          </testcase>
          <testcase name="[It] [sig-node] Pod InPlace Resize Container [FeatureGate:InPlacePodVerticalScaling] [Beta] Burstable QoS pod, one container, one restartable init container - increase init container CPU &amp; memory" classname="Kubernetes e2e suite" status="skipped" time="0">
              <skipped message="skipped"></skipped>
          </testcase>
          <testcase name="[It] [sig-storage] In-tree Volumes [Driver: local] [LocalVolumeType: dir] [Testpattern: Dynamic PV (block volmode)] provisioning should mount multiple PV pointing to the same storage on the same node" classname="Kubernetes e2e suite" status="skipped" time="0">
              <skipped message="skipped"></skipped>
          </testcase>
          <testcase name="[It] [sig-node] Pod Level Resources [Serial] [Feature:PodLevelResources] Guaranteed QoS pod, 1 container with resources" classname="Kubernetes e2e suite" status="skipped" time="0">
              <skipped message="skipped"></skipped>
          </testcase>
          <testcase name="[It] [sig-storage] In-tree Volumes [Driver: azure-disk] [Testpattern: Dynamic PV (block volmode)] volumeMode should not mount / map unused volumes in a pod [LinuxOnly]" classname="Kubernetes e2e suite" status="skipped" time="0">
              <skipped message="skipped"></skipped>
          </testcase>
          <testcase name="[It] [sig-storage] In-tree Volumes [Driver: local] [LocalVolumeType: gce-localssd-scsi-fs] [Serial] [Testpattern: Pre-provisioned PV (filesystem volmode)] disruptive [Disruptive] [LinuxOnly] Should test that pv used in a pod that is force deleted while the kubelet is down is usable by a new pod when kubelet returns [Feature:SELinux]" classname="Kubernetes e2e suite" status="skipped" time="0">
              <skipped message="skipped"></skipped>
          </testcase>
          <testcase name="[It] [sig-storage] In-tree Volumes [Driver: local] [LocalVolumeType: gce-localssd-scsi-fs] [Serial] [Testpattern: Dynamic PV (block volmode)] provisioning should mount multiple PV pointing to the same storage on the same node" classname="Kubernetes e2e suite" status="skipped" time="0">
              <skipped message="skipped"></skipped>
          </testcase>
          <testcase name="[It] [sig-node] Pod InPlace Resize Container [FeatureGate:InPlacePodVerticalScaling] [Beta] Burstable QoS pod, one container with cpu &amp; memory requests + limits - decrease CPU requests and limits" classname="Kubernetes e2e suite" status="skipped" time="0">
              <skipped message="skipped"></skipped>
          </testcase>
          <testcase name="[It] [sig-storage] In-tree Volumes [Driver: local] [LocalVolumeType: gce-localssd-scsi-fs] [Serial] [Testpattern: Dynamic PV (delayed binding)] topology should provision a volume and schedule a pod with AllowedTopologies" classname="Kubernetes e2e suite" status="skipped" time="0">
              <skipped message="skipped"></skipped>
          </testcase>
          <testcase name="[It] [sig-storage] In-tree Volumes [Driver: emptydir] [Testpattern: Dynamic PV (default fs)] capacity provides storage capacity information" classname="Kubernetes e2e suite" status="skipped" time="0">
              <skipped message="skipped"></skipped>
          </testcase>
          <testcase name="[It] [sig-storage] In-tree Volumes [Driver: emptydir] [Testpattern: Dynamic PV (default fs)] subPath should fail if subpath directory is outside the volume [Slow] [LinuxOnly]" classname="Kubernetes e2e suite" status="skipped" time="0">
              <skipped message="skipped"></skipped>
          </testcase>
          <testcase name="[It] [sig-storage] In-tree Volumes [Driver: local] [LocalVolumeType: dir] [Testpattern: Dynamic PV (ntfs)] [Feature:Windows] subPath should support creating multiple subpath from same volumes [Slow]" classname="Kubernetes e2e suite" status="skipped" time="0">
              <skipped message="skipped"></skipped>
          </testcase>
          <testcase name="[It] [sig-storage] CSI Volumes [Driver: pd.csi.storage.gke.io] [Serial] [Testpattern: Dynamic PV (ntfs)] [Feature:Windows] provisioning should provision correct filesystem size when restoring snapshot to larger size pvc [Feature:VolumeSnapshotDataSource]" classname="Kubernetes e2e suite" status="skipped" time="0">
              <skipped message="skipped"></skipped>
          </testcase>
          <testcase name="[It] [sig-storage] In-tree Volumes [Driver: local] [LocalVolumeType: dir] [Testpattern: Pre-provisioned PV (block volmode)] disruptive [Disruptive] [LinuxOnly] Should test that pv written before kubelet restart is readable after restart." classname="Kubernetes e2e suite" status="skipped" time="0">
              <skipped message="skipped"></skipped>
          </testcase>
          <testcase name="[It] [sig-storage] In-tree Volumes [Driver: azure-file] [Testpattern: Dynamic PV (ntfs)] [Feature:Windows] subPath should support creating multiple subpath from same volumes [Slow]" classname="Kubernetes e2e suite" status="skipped" time="0">
              <skipped message="skipped"></skipped>
          </testcase>
          <testcase name="[It] [sig-storage] Downward API volume should provide container&#39;s cpu limit [NodeConformance] [Conformance]" classname="Kubernetes e2e suite" status="passed" time="4.071066025"></testcase>
          <testcase name="[It] [sig-storage] In-tree Volumes [Driver: emptydir] [Testpattern: Dynamic PV (default fs)] subPath should support readOnly file specified in the volumeMount [LinuxOnly]" classname="Kubernetes e2e suite" status="skipped" time="0">
              <skipped message="skipped"></skipped>
          </testcase>
          <testcase name="[It] [sig-storage] CSI Volumes [Driver: csi-hostpath] [Testpattern: Dynamic PV (block volmode)] pvc-deletion-performance should delete volumes at scale within performance constraints [Slow] [Serial]" classname="Kubernetes e2e suite" status="skipped" time="0">
              <skipped message="skipped"></skipped>
          </testcase>
          <testcase name="[It] [sig-network] [Feature:IPv6DualStack] should have ipv4 and ipv6 internal node ip" classname="Kubernetes e2e suite" status="skipped" time="0">
              <skipped message="skipped"></skipped>
          </testcase>
          <testcase name="[It] [sig-storage] In-tree Volumes [Driver: local] [LocalVolumeType: dir-bindmounted] [Testpattern: Pre-provisioned PV (default fs)] subPath should support existing directories when readOnly specified in the volumeSource" classname="Kubernetes e2e suite" status="skipped" time="0">
              <skipped message="skipped"></skipped>
          </testcase>
          <testcase name="[It] [sig-storage] In-tree Volumes [Driver: hostPath] [Testpattern: Dynamic PV (default fs)] subPath should unmount if pod is force deleted while kubelet is down [Disruptive] [Slow] [LinuxOnly]" classname="Kubernetes e2e suite" status="skipped" time="0">
              <skipped message="skipped"></skipped>
          </testcase>
          <testcase name="[It] [sig-storage] In-tree Volumes [Driver: cinder] [Testpattern: Dynamic PV (ntfs)] [Feature:Windows] multiVolume [Slow] should concurrently access the single volume from pods on the same node" classname="Kubernetes e2e suite" status="skipped" time="0">
              <skipped message="skipped"></skipped>
          </testcase>
          <testcase name="[It] [sig-node] Variable Expansion allow almost all printable ASCII characters as environment variable names [Feature:RelaxedEnvironmentVariableValidation]" classname="Kubernetes e2e suite" status="skipped" time="0">
              <skipped message="skipped"></skipped>
          </testcase>
          <testcase name="[It] [sig-storage] In-tree Volumes [Driver: emptydir] [Testpattern: Pre-provisioned PV (block volmode)] multiVolume [Slow] should concurrently access the volume and its clone from pods on the same node [LinuxOnly] [Feature:VolumeSourceXFS]" classname="Kubernetes e2e suite" status="skipped" time="0">
              <skipped message="skipped"></skipped>
          </testcase>
          <testcase name="[It] [sig-storage] In-tree Volumes [Driver: iscsi] [Feature:Volumes] [Testpattern: Pre-provisioned PV (block volmode)] multiVolume [Slow] should concurrently access the single volume from pods on the same node" classname="Kubernetes e2e suite" status="skipped" time="0">
              <skipped message="skipped"></skipped>
          </testcase>
          <testcase name="[It] [sig-storage] In-tree Volumes [Driver: local] [LocalVolumeType: dir] [Testpattern: Dynamic PV (ntfs)] [Feature:Windows] multiVolume [Slow] should concurrently access the single volume from pods on different node" classname="Kubernetes e2e suite" status="skipped" time="0">
              <skipped message="skipped"></skipped>
          </testcase>
          <testcase name="[It] [sig-storage] In-tree Volumes [Driver: cinder] [Testpattern: Generic Ephemeral-volume (default fs) (immediate-binding)] ephemeral should support multiple inline ephemeral volumes" classname="Kubernetes e2e suite" status="skipped" time="0">
              <skipped message="skipped"></skipped>
          </testcase>
          <testcase name="[It] [sig-storage] In-tree Volumes [Driver: cinder] [Testpattern: Inline-volume (ext4)] volumes should allow exec of files on the volume" classname="Kubernetes e2e suite" status="skipped" time="0">
              <skipped message="skipped"></skipped>
          </testcase>
          <testcase name="[It] [sig-storage] In-tree Volumes [Driver: local] [LocalVolumeType: dir-link-bindmounted] [Testpattern: Inline-volume (xfs)] [Slow] volumes should store data" classname="Kubernetes e2e suite" status="skipped" time="0">
              <skipped message="skipped"></skipped>
          </testcase>
          <testcase name="[It] [sig-storage] In-tree Volumes [Driver: local] [LocalVolumeType: dir-link-bindmounted] [Testpattern: Dynamic PV (default fs)] provisioning should provision storage with pvc data source in parallel [Slow]" classname="Kubernetes e2e suite" status="skipped" time="0">
              <skipped message="skipped"></skipped>
          </testcase>
          <testcase name="[It] [sig-storage] In-tree Volumes [Driver: local] [LocalVolumeType: block] [Testpattern: Inline-volume (default fs)] subPath should support non-existent path" classname="Kubernetes e2e suite" status="skipped" time="0">
              <skipped message="skipped"></skipped>
          </testcase>
          <testcase name="[It] [sig-node] Security Context When creating a pod with privileged should run the container as privileged when true [LinuxOnly] [Feature:HostAccess]" classname="Kubernetes e2e suite" status="skipped" time="0">
              <skipped message="skipped"></skipped>
          </testcase>
          <testcase name="[It] [sig-storage] In-tree Volumes [Driver: local] [LocalVolumeType: gce-localssd-scsi-fs] [Serial] [Testpattern: Dynamic PV (default fs)] subPath should support readOnly directory specified in the volumeMount" classname="Kubernetes e2e suite" status="skipped" time="0">
              <skipped message="skipped"></skipped>
          </testcase>
          <testcase name="[It] [sig-storage] In-tree Volumes [Driver: local] [LocalVolumeType: blockfs] [Testpattern: Inline-volume (default fs)] volumeIO should write files of various sizes, verify size, validate content [Slow]" classname="Kubernetes e2e suite" status="skipped" time="0">
              <skipped message="skipped"></skipped>
          </testcase>
          <testcase name="[It] [sig-storage] In-tree Volumes [Driver: hostPath] [Testpattern: Dynamic PV (ntfs)(allowExpansion)] [Feature:Windows] volume-expand Verify if offline PVC expansion works" classname="Kubernetes e2e suite" status="skipped" time="0">
              <skipped message="skipped"></skipped>
          </testcase>
          <testcase name="[It] [sig-storage] In-tree Volumes [Driver: iscsi] [Feature:Volumes] [Testpattern: Dynamic PV (default fs)] subPath should unmount if pod is force deleted while kubelet is down [Disruptive] [Slow] [LinuxOnly]" classname="Kubernetes e2e suite" status="skipped" time="0">
              <skipped message="skipped"></skipped>
          </testcase>
          <testcase name="[It] [sig-network] EndpointSlice should create and delete Endpoints and EndpointSlices for a Service with a selector specified [Conformance]" classname="Kubernetes e2e suite" status="passed" time="2.151202251"></testcase>
          <testcase name="[It] [sig-storage] CSI Volumes [Driver: csi-hostpath] [Testpattern: Dynamic PV (filesystem volmode)] multiVolume [Slow] should concurrently access the volume and its clone from pods on the same node [LinuxOnly] [Feature:VolumeSourceXFS]" classname="Kubernetes e2e suite" status="skipped" time="0">
              <skipped message="skipped"></skipped>
          </testcase>
          <testcase name="[It] [sig-storage] In-tree Volumes [Driver: local] [LocalVolumeType: block] [Testpattern: Dynamic PV (filesystem volmode)] disruptive [Disruptive] [LinuxOnly] Should test that pv written before kubelet restart is readable after restart." classname="Kubernetes e2e suite" status="skipped" time="0">
              <skipped message="skipped"></skipped>
          </testcase>
          <testcase name="[It] [sig-storage] In-tree Volumes [Driver: local] [LocalVolumeType: gce-localssd-scsi-fs] [Serial] [Testpattern: Inline-volume (default fs)] subPath should support non-existent path" classname="Kubernetes e2e suite" status="skipped" time="0">
              <skipped message="skipped"></skipped>
          </testcase>
          <testcase name="[It] [sig-storage] In-tree Volumes [Driver: local] [LocalVolumeType: block] [Testpattern: Pre-provisioned PV (default fs)] subPath should fail if subpath file is outside the volume [Slow] [LinuxOnly]" classname="Kubernetes e2e suite" status="skipped" time="0">
              <skipped message="skipped"></skipped>
          </testcase>
          <testcase name="[It] [sig-auth] [FeatureGate:ClusterTrustBundle] [Beta] [Feature:OffByDefault] [FeatureGate:ClusterTrustBundleProjection] [Beta] [Feature:OffByDefault] should be able to specify multiple CTB volumes" classname="Kubernetes e2e suite" status="skipped" time="0">
              <skipped message="skipped"></skipped>
          </testcase>
          <testcase name="[It] [sig-storage] In-tree Volumes [Driver: local] [LocalVolumeType: blockfs] [Testpattern: Dynamic PV (ntfs)] [Feature:Windows] subPath should support file as subpath [LinuxOnly]" classname="Kubernetes e2e suite" status="skipped" time="0">
              <skipped message="skipped"></skipped>
          </testcase>
          <testcase name="[It] [sig-storage] In-tree Volumes [Driver: local] [LocalVolumeType: dir-bindmounted] [Testpattern: Dynamic PV (block volmode)] provisioning should provision storage with snapshot data source [Feature:VolumeSnapshotDataSource]" classname="Kubernetes e2e suite" status="skipped" time="0">
              <skipped message="skipped"></skipped>
          </testcase>
          <testcase name="[It] [sig-storage] In-tree Volumes [Driver: hostPath] [Testpattern: Dynamic PV (ntfs)] [Feature:Windows] provisioning should provision storage with snapshot data source [Feature:VolumeSnapshotDataSource]" classname="Kubernetes e2e suite" status="skipped" time="0">
              <skipped message="skipped"></skipped>
          </testcase>
          <testcase name="[It] [sig-storage] In-tree Volumes [Driver: cinder] [Testpattern: Dynamic PV (xfs)] [Slow] volumes should store data" classname="Kubernetes e2e suite" status="skipped" time="0">
              <skipped message="skipped"></skipped>
          </testcase>
          <testcase name="[It] [sig-storage] In-tree Volumes [Driver: local] [LocalVolumeType: dir-link] [Testpattern: Pre-provisioned PV (default fs)] subPath should unmount if pod is gracefully deleted while kubelet is down [Disruptive] [Slow] [LinuxOnly]" classname="Kubernetes e2e suite" status="skipped" time="0">
              <skipped message="skipped"></skipped>
          </testcase>
          <testcase name="[It] [sig-node] Pod InPlace Resize Container [FeatureGate:InPlacePodVerticalScaling] [Beta] Burstable QoS pod, mixed containers - add limits" classname="Kubernetes e2e suite" status="skipped" time="0">
              <skipped message="skipped"></skipped>
          </testcase>
          <testcase name="[It] [sig-storage] CSI Volumes [Driver: csi-hostpath] [Testpattern: Dynamic PV (block volmode)] multiVolume [Slow] should access to two volumes with different volume mode and retain data across pod recreation on different node" classname="Kubernetes e2e suite" status="skipped" time="0">
              <skipped message="skipped"></skipped>
          </testcase>
          <testcase name="[It] [sig-network] Proxy version v1 should proxy logs on node using proxy subresource" classname="Kubernetes e2e suite" status="skipped" time="0">
              <skipped message="skipped"></skipped>
          </testcase>
          <testcase name="[It] [sig-auth] ServiceAccounts no secret-based service account token should be auto-generated" classname="Kubernetes e2e suite" status="skipped" time="0">
              <skipped message="skipped"></skipped>
          </testcase>
          <testcase name="[It] [sig-node] Security Context When creating a pod with HostUsers should mount all volumes with proper permissions with hostUsers=false [LinuxOnly] [Feature:UserNamespacesSupport]" classname="Kubernetes e2e suite" status="skipped" time="0">
              <skipped message="skipped"></skipped>
          </testcase>
          <testcase name="[It] [sig-storage] In-tree Volumes [Driver: cinder] [Testpattern: Dynamic PV (default fs)] subPath should support restarting containers using directory as subpath [Slow]" classname="Kubernetes e2e suite" status="skipped" time="0">
              <skipped message="skipped"></skipped>
          </testcase>
          <testcase name="[It] [sig-api-machinery] CustomResourcePublishOpenAPI [Privileged:ClusterAdmin] works for CRD with validation schema [Conformance]" classname="Kubernetes e2e suite" status="passed" time="4.909208142"></testcase>
          <testcase name="[It] [sig-storage] In-tree Volumes [Driver: vsphere] [Testpattern: Dynamic PV (default fs)] subPath should support file as subpath [LinuxOnly]" classname="Kubernetes e2e suite" status="skipped" time="0">
              <skipped message="skipped"></skipped>
          </testcase>
          <testcase name="[It] [sig-storage] Projected downwardAPI should set mode on item file [LinuxOnly] [NodeConformance] [Conformance]" classname="Kubernetes e2e suite" status="passed" time="4.066181326"></testcase>
          <testcase name="[It] [sig-storage] In-tree Volumes [Driver: local] [LocalVolumeType: gce-localssd-scsi-fs] [Serial] [Testpattern: Pre-provisioned PV (block volmode)] multiVolume [Slow] should access to two volumes with the same volume mode and retain data across pod recreation on the same node" classname="Kubernetes e2e suite" status="skipped" time="0">
              <skipped message="skipped"></skipped>
          </testcase>
          <testcase name="[It] [sig-storage] In-tree Volumes [Driver: local] [LocalVolumeType: dir] [Testpattern: Pre-provisioned PV (default fs)] subPath should unmount if pod is gracefully deleted while kubelet is down [Disruptive] [Slow] [LinuxOnly]" classname="Kubernetes e2e suite" status="skipped" time="0">
              <skipped message="skipped"></skipped>
          </testcase>
          <testcase name="[It] [sig-cli] Kubectl logs all pod logs the Deployment has 2 replicas and each pod has 2 containers should get logs from all pods based on default container" classname="Kubernetes e2e suite" status="skipped" time="0">
              <skipped message="skipped"></skipped>
          </testcase>
          <testcase name="[It] [sig-storage] In-tree Volumes [Driver: nfs] [Testpattern: Dynamic PV (block volmode)] multiVolume [Slow] should concurrently access the volume and its clone from pods on the same node [LinuxOnly] [Feature:VolumeSourceXFS]" classname="Kubernetes e2e suite" status="skipped" time="0">
              <skipped message="skipped"></skipped>
          </testcase>
          <testcase name="[It] [sig-storage] CSI Volumes [Driver: csi-hostpath] [Testpattern: Dynamic PV (block volmode)] volume-modify [FeatureGate:VolumeAttributesClass] [Beta] [Feature:OffByDefault] should recover from invalid target VAC by updating PVC to new valid VAC [Flaky]" classname="Kubernetes e2e suite" status="skipped" time="0">
              <skipped message="skipped"></skipped>
          </testcase>
          <testcase name="[It] [sig-api-machinery] CustomResourceDefinition Watch [Privileged:ClusterAdmin] CustomResourceDefinition Watch watch on custom resource definition objects [Conformance]" classname="Kubernetes e2e suite" status="passed" time="63.145529721"></testcase>
          <testcase name="[It] [sig-storage] In-tree Volumes [Driver: local] [LocalVolumeType: blockfs] [Testpattern: Inline-volume (default fs)] subPath should unmount if pod is force deleted while kubelet is down [Disruptive] [Slow] [LinuxOnly]" classname="Kubernetes e2e suite" status="skipped" time="0">
              <skipped message="skipped"></skipped>
          </testcase>
          <testcase name="[It] [sig-storage] In-tree Volumes [Driver: vsphere] [Testpattern: Pre-provisioned PV (filesystem volmode)] disruptive [Disruptive] [LinuxOnly] Should test that pv written before kubelet restart is readable after restart." classname="Kubernetes e2e suite" status="skipped" time="0">
              <skipped message="skipped"></skipped>
          </testcase>
          <testcase name="[It] [sig-storage] In-tree Volumes [Driver: hostPath] [Testpattern: Pre-provisioned PV (filesystem volmode)] disruptive [Disruptive] [LinuxOnly] Should test that pv used in a pod that is force deleted while the kubelet is down is usable by a new pod with a different SELinux context when kubelet returns [Feature:SELinux]" classname="Kubernetes e2e suite" status="skipped" time="0">
              <skipped message="skipped"></skipped>
          </testcase>
          <testcase name="[It] [sig-storage] In-tree Volumes [Driver: azure-disk] [Testpattern: Dynamic PV (block volmode)] multiVolume [Slow] should concurrently access the single volume from pods on the same node" classname="Kubernetes e2e suite" status="skipped" time="0">
              <skipped message="skipped"></skipped>
          </testcase>
          <testcase name="[It] [sig-storage] In-tree Volumes [Driver: vsphere] [Testpattern: Pre-provisioned PV (default fs)] volumes should store data" classname="Kubernetes e2e suite" status="skipped" time="0">
              <skipped message="skipped"></skipped>
          </testcase>
          <testcase name="[It] [sig-storage] In-tree Volumes [Driver: azure-file] [Testpattern: Pre-provisioned PV (block volmode)] disruptive [Disruptive] [LinuxOnly] Should test that pv written before kubelet restart is readable after restart." classname="Kubernetes e2e suite" status="skipped" time="0">
              <skipped message="skipped"></skipped>
          </testcase>
          <testcase name="[It] [sig-storage] In-tree Volumes [Driver: iscsi] [Feature:Volumes] [Testpattern: Pre-provisioned PV (ext4)] volumes should store data" classname="Kubernetes e2e suite" status="skipped" time="0">
              <skipped message="skipped"></skipped>
          </testcase>
          <testcase name="[It] [sig-cli] Kubectl client Kubectl cluster-info should check if Kubernetes control plane services is included in cluster-info [Conformance]" classname="Kubernetes e2e suite" status="passed" time="0.09984892"></testcase>
          <testcase name="[It] [sig-storage] In-tree Volumes [Driver: local] [LocalVolumeType: blockfs] [Testpattern: Dynamic PV (ntfs)] [Feature:Windows] subPath should support readOnly file specified in the volumeMount [LinuxOnly]" classname="Kubernetes e2e suite" status="skipped" time="0">
              <skipped message="skipped"></skipped>
          </testcase>
          <testcase name="[It] [sig-storage] In-tree Volumes [Driver: local] [LocalVolumeType: gce-localssd-scsi-fs] [Serial] [Testpattern: Dynamic PV (default fs)] provisioning should provision storage with any volume data source [Serial]" classname="Kubernetes e2e suite" status="skipped" time="0">
              <skipped message="skipped"></skipped>
          </testcase>
          <testcase name="[It] [sig-storage] In-tree Volumes [Driver: local] [LocalVolumeType: blockfs] [Testpattern: Dynamic PV (default fs)] fsgroupchangepolicy (Always)[LinuxOnly], pod created with an initial fsgroup, volume contents ownership changed via chgrp in first pod, new pod with different fsgroup applied to the volume contents" classname="Kubernetes e2e suite" status="skipped" time="0">
              <skipped message="skipped"></skipped>
          </testcase>
          <testcase name="[It] [sig-storage] CSI Volumes [Driver: pd.csi.storage.gke.io] [Serial] [Testpattern: Dynamic PV (default fs)] subPath should unmount if pod is gracefully deleted while kubelet is down [Disruptive] [Slow] [LinuxOnly]" classname="Kubernetes e2e suite" status="skipped" time="0">
              <skipped message="skipped"></skipped>
          </testcase>
          <testcase name="[It] [sig-storage] In-tree Volumes [Driver: local] [LocalVolumeType: dir] [Testpattern: Dynamic PV (xfs)] [Slow] volumes should store data" classname="Kubernetes e2e suite" status="skipped" time="0">
              <skipped message="skipped"></skipped>
          </testcase>
          <testcase name="[It] [sig-storage] In-tree Volumes [Driver: iscsi] [Feature:Volumes] [Testpattern: Dynamic PV (immediate binding)] topology should provision a volume and schedule a pod with AllowedTopologies" classname="Kubernetes e2e suite" status="skipped" time="0">
              <skipped message="skipped"></skipped>
          </testcase>
          <testcase name="[It] [sig-storage] In-tree Volumes [Driver: local] [LocalVolumeType: dir-link] [Testpattern: Inline-volume (default fs)] subPath should unmount if pod is force deleted while kubelet is down [Disruptive] [Slow] [LinuxOnly]" classname="Kubernetes e2e suite" status="skipped" time="0">
              <skipped message="skipped"></skipped>
          </testcase>
          <testcase name="[It] [sig-node] ConfigMap should be consumable via the environment [NodeConformance] [Conformance]" classname="Kubernetes e2e suite" status="passed" time="4.072990317"></testcase>
          <testcase name="[It] [sig-node] [Feature:SidecarContainers] Probing restartable init container should *not* be restarted with a exec &#34;cat /tmp/health&#34; liveness probe" classname="Kubernetes e2e suite" status="skipped" time="0">
              <skipped message="skipped"></skipped>
          </testcase>
          <testcase name="[It] [sig-storage] In-tree Volumes [Driver: hostPath] [Testpattern: Generic Ephemeral-volume (default fs) (immediate-binding)] ephemeral should support multiple inline ephemeral volumes" classname="Kubernetes e2e suite" status="skipped" time="0">
              <skipped message="skipped"></skipped>
          </testcase>
          <testcase name="[It] [sig-storage] In-tree Volumes [Driver: vsphere] [Testpattern: Dynamic PV (ntfs)] [Feature:Windows] provisioning should provision storage with any volume data source [Serial]" classname="Kubernetes e2e suite" status="skipped" time="0">
              <skipped message="skipped"></skipped>
          </testcase>
          <testcase name="[It] [sig-cli] Kubectl client Simple pod should support exec" classname="Kubernetes e2e suite" status="skipped" time="0">
              <skipped message="skipped"></skipped>
          </testcase>
          <testcase name="[It] [sig-storage] CSI Volumes [Driver: csi-hostpath] [Testpattern: Dynamic PV (filesystem volmode)] disruptive [Disruptive] [LinuxOnly] Should test that pv used in a pod that is deleted while the kubelet is down is usable by a new pod when kubelet returns [Feature:SELinux]" classname="Kubernetes e2e suite" status="skipped" time="0">
              <skipped message="skipped"></skipped>
          </testcase>
          <testcase name="[It] [sig-storage] In-tree Volumes [Driver: local] [LocalVolumeType: block] [Testpattern: Dynamic PV (block volmode)] multiVolume [Slow] should concurrently access the single read-only volume from pods on the same node" classname="Kubernetes e2e suite" status="skipped" time="0">
              <skipped message="skipped"></skipped>
          </testcase>
          <testcase name="[It] [sig-storage] In-tree Volumes [Driver: local] [LocalVolumeType: gce-localssd-scsi-fs] [Serial] [Testpattern: Dynamic PV (ext4)] multiVolume [Slow] should access to two volumes with the same volume mode and retain data across pod recreation on the same node" classname="Kubernetes e2e suite" status="skipped" time="0">
              <skipped message="skipped"></skipped>
          </testcase>
          <testcase name="[It] [sig-storage] In-tree Volumes [Driver: local] [LocalVolumeType: tmpfs] [Testpattern: Dynamic PV (filesystem volmode)] multiVolume [Slow] should concurrently access the volume and its clone from pods on the same node [LinuxOnly] [Feature:VolumeSourceXFS]" classname="Kubernetes e2e suite" status="skipped" time="0">
              <skipped message="skipped"></skipped>
          </testcase>
          <testcase name="[It] [sig-storage] In-tree Volumes [Driver: local] [LocalVolumeType: dir] [Testpattern: Dynamic PV (default fs)] subPath should fail if subpath file is outside the volume [Slow] [LinuxOnly]" classname="Kubernetes e2e suite" status="skipped" time="0">
              <skipped message="skipped"></skipped>
          </testcase>
          <testcase name="[It] [sig-storage] In-tree Volumes [Driver: vsphere] [Testpattern: Dynamic PV (ntfs)] [Feature:Windows] subPath should support creating multiple subpath from same volumes [Slow]" classname="Kubernetes e2e suite" status="skipped" time="0">
              <skipped message="skipped"></skipped>
          </testcase>
          <testcase name="[It] [sig-node] [Feature:SidecarContainers] Probing restartable init container should be restarted with a exec &#34;cat /tmp/health&#34; liveness probe" classname="Kubernetes e2e suite" status="skipped" time="0">
              <skipped message="skipped"></skipped>
          </testcase>
          <testcase name="[It] [sig-storage] In-tree Volumes [Driver: local] [LocalVolumeType: dir-link] [Testpattern: Dynamic PV (xfs)] [Slow] multiVolume [Slow] should concurrently access the volume and its clone from pods on the same node [LinuxOnly] [Feature:VolumeSourceXFS]" classname="Kubernetes e2e suite" status="skipped" time="0">
              <skipped message="skipped"></skipped>
          </testcase>
          <testcase name="[It] [sig-storage] In-tree Volumes [Driver: nfs] [Testpattern: Pre-provisioned PV (default fs)] subPath should support non-existent path" classname="Kubernetes e2e suite" status="skipped" time="0">
              <skipped message="skipped"></skipped>
          </testcase>
          <testcase name="[It] [sig-storage] In-tree Volumes [Driver: iscsi] [Feature:Volumes] [Testpattern: Dynamic PV (ntfs)] [Feature:Windows] multiVolume [Slow] should concurrently access the volume and restored snapshot from pods on the same node [LinuxOnly] [Feature:VolumeSnapshotDataSource] [Feature:VolumeSourceXFS]" classname="Kubernetes e2e suite" status="skipped" time="0">
              <skipped message="skipped"></skipped>
          </testcase>
          <testcase name="[It] [sig-storage] Projected configMap should be consumable from pods in volume with mappings as non-root [NodeConformance] [Conformance]" classname="Kubernetes e2e suite" status="passed" time="4.068079553"></testcase>
          <testcase name="[It] [sig-storage] In-tree Volumes [Driver: emptydir] [Testpattern: Dynamic PV (ntfs)] [Feature:Windows] provisioning should provision storage with snapshot data source [Feature:VolumeSnapshotDataSource]" classname="Kubernetes e2e suite" status="skipped" time="0">
              <skipped message="skipped"></skipped>
          </testcase>
          <testcase name="[It] [sig-storage] In-tree Volumes [Driver: local] [LocalVolumeType: dir-link-bindmounted] [Testpattern: Pre-provisioned PV (default fs)] subPath should fail if subpath file is outside the volume [Slow] [LinuxOnly]" classname="Kubernetes e2e suite" status="skipped" time="0">
              <skipped message="skipped"></skipped>
          </testcase>
          <testcase name="[It] [sig-storage] In-tree Volumes [Driver: azure-file] [Testpattern: Pre-provisioned PV (block volmode)] disruptive [Disruptive] [LinuxOnly] Should test that pv used in a pod that is force deleted while the kubelet is down cleans up when the kubelet returns." classname="Kubernetes e2e suite" status="skipped" time="0">
              <skipped message="skipped"></skipped>
          </testcase>
          <testcase name="[It] [sig-storage] Projected configMap should be consumable from pods in volume as non-root with defaultMode and fsGroup set [LinuxOnly]" classname="Kubernetes e2e suite" status="skipped" time="0">
              <skipped message="skipped"></skipped>
          </testcase>
          <testcase name="[It] [sig-storage] In-tree Volumes [Driver: local] [LocalVolumeType: dir-link] [Testpattern: Pre-provisioned PV (xfs)] [Slow] volumes should store data" classname="Kubernetes e2e suite" status="skipped" time="0">
              <skipped message="skipped"></skipped>
          </testcase>
          <testcase name="[It] [sig-auth] [FeatureGate:ClusterTrustBundle] [Beta] [Feature:OffByDefault] [FeatureGate:ClusterTrustBundleProjection] [Beta] [Feature:OffByDefault] should be capable to mount multiple trust bundles by signer+labels can combine multiple CTBs with signer name and label selector" classname="Kubernetes e2e suite" status="skipped" time="0">
              <skipped message="skipped"></skipped>
          </testcase>
          <testcase name="[It] [sig-node] Container Lifecycle Hook when create a pod with lifecycle hook should execute poststart exec hook properly [NodeConformance] [Conformance]" classname="Kubernetes e2e suite" status="passed" time="8.189483388"></testcase>
          <testcase name="[It] [sig-storage] CSI Volumes [Driver: pd.csi.storage.gke.io] [Serial] [Testpattern: Dynamic PV (ntfs)] [Feature:Windows] multiVolume [Slow] should concurrently access the single volume from pods on different node" classname="Kubernetes e2e suite" status="skipped" time="0">
              <skipped message="skipped"></skipped>
          </testcase>
          <testcase name="[It] [sig-windows] [Feature:Windows] GMSA Kubelet [Slow] kubelet GMSA support when creating a pod with correct GMSA credential specs passes the credential specs down to the Pod&#39;s containers" classname="Kubernetes e2e suite" status="skipped" time="0">
              <skipped message="skipped"></skipped>
          </testcase>
          <testcase name="[It] [sig-api-machinery] ServerSideApply should not remove a field if an owner unsets the field but other managers still have ownership of the field" classname="Kubernetes e2e suite" status="skipped" time="0">
              <skipped message="skipped"></skipped>
          </testcase>
          <testcase name="[It] [sig-storage] In-tree Volumes [Driver: cinder] [Testpattern: Dynamic PV (default fs)] volume-expand should not allow expansion of pvcs without AllowVolumeExpansion property" classname="Kubernetes e2e suite" status="skipped" time="0">
              <skipped message="skipped"></skipped>
          </testcase>
          <testcase name="[It] [sig-storage] In-tree Volumes [Driver: azure-disk] [Testpattern: Pre-provisioned PV (ext4)] volumes should allow exec of files on the volume" classname="Kubernetes e2e suite" status="skipped" time="0">
              <skipped message="skipped"></skipped>
          </testcase>
          <testcase name="[It] [sig-storage] CSI Volumes [Driver: csi-hostpath] [Testpattern: Dynamic PV (default fs)] provisioning should provision storage with pvc data source" classname="Kubernetes e2e suite" status="skipped" time="0">
              <skipped message="skipped"></skipped>
          </testcase>
          <testcase name="[It] [sig-storage] In-tree Volumes [Driver: local] [LocalVolumeType: gce-localssd-scsi-fs] [Serial] [Testpattern: Generic Ephemeral-volume (block volmode) (late-binding)] ephemeral should create read-only inline ephemeral volume" classname="Kubernetes e2e suite" status="skipped" time="0">
              <skipped message="skipped"></skipped>
          </testcase>
          <testcase name="[It] [sig-node] DRA [Feature:DynamicResourceAllocation] [FeatureGate:DynamicResourceAllocation] [Beta] [Feature:OffByDefault] on single node deletes generated claims when pod is done" classname="Kubernetes e2e suite" status="skipped" time="0">
              <skipped message="skipped"></skipped>
          </testcase>
          <testcase name="[It] [sig-storage] In-tree Volumes [Driver: local] [LocalVolumeType: dir] [Testpattern: Inline-volume (default fs)] volumes should store data" classname="Kubernetes e2e suite" status="skipped" time="0">
              <skipped message="skipped"></skipped>
          </testcase>
          <testcase name="[It] [sig-apps] StatefulSet Basic StatefulSet functionality [StatefulSetBasic] should adopt matching orphans and release non-matching pods" classname="Kubernetes e2e suite" status="skipped" time="0">
              <skipped message="skipped"></skipped>
          </testcase>
          <testcase name="[It] [sig-storage] In-tree Volumes [Driver: azure-disk] [Testpattern: Dynamic PV (default fs)] subPath should verify container cannot write to subpath readonly volumes [Slow]" classname="Kubernetes e2e suite" status="skipped" time="0">
              <skipped message="skipped"></skipped>
          </testcase>
          <testcase name="[It] [sig-storage] In-tree Volumes [Driver: local] [LocalVolumeType: dir-link] [Testpattern: Pre-provisioned PV (block volmode)] multiVolume [Slow] should access to two volumes with different volume mode and retain data across pod recreation on the same node" classname="Kubernetes e2e suite" status="skipped" time="0">
              <skipped message="skipped"></skipped>
          </testcase>
          <testcase name="[It] [sig-node] Pods should get a host IP [NodeConformance] [Conformance]" classname="Kubernetes e2e suite" status="passed" time="2.051231276"></testcase>
          <testcase name="[It] [sig-storage] CSI Volumes [Driver: pd.csi.storage.gke.io] [Serial] [Testpattern: Dynamic PV (ntfs)] [Feature:Windows] provisioning should provision storage with snapshot data source (ROX mode) [Feature:VolumeSnapshotDataSource]" classname="Kubernetes e2e suite" status="skipped" time="0">
              <skipped message="skipped"></skipped>
          </testcase>
          <testcase name="[It] [sig-storage] In-tree Volumes [Driver: local] [LocalVolumeType: dir] [Testpattern: Dynamic PV (ntfs)] [Feature:Windows] subPath should unmount if pod is force deleted while kubelet is down [Disruptive] [Slow] [LinuxOnly]" classname="Kubernetes e2e suite" status="skipped" time="0">
              <skipped message="skipped"></skipped>
          </testcase>
          <testcase name="[It] [sig-storage] In-tree Volumes [Driver: local] [LocalVolumeType: gce-localssd-scsi-fs] [Serial] [Testpattern: Pre-provisioned PV (ext3)] volumes should store data" classname="Kubernetes e2e suite" status="skipped" time="0">
              <skipped message="skipped"></skipped>
          </testcase>
          <testcase name="[It] [sig-storage] In-tree Volumes [Driver: local] [LocalVolumeType: tmpfs] [Testpattern: Dynamic PV (ntfs)] [Feature:Windows] provisioning should provision storage with mount options" classname="Kubernetes e2e suite" status="skipped" time="0">
              <skipped message="skipped"></skipped>
          </testcase>
          <testcase name="[It] [sig-storage] In-tree Volumes [Driver: local] [LocalVolumeType: gce-localssd-scsi-fs] [Serial] [Testpattern: Pre-provisioned PV (block volmode)] volumeMode should fail to create pod by failing to mount volume [Slow]" classname="Kubernetes e2e suite" status="skipped" time="0">
              <skipped message="skipped"></skipped>
          </testcase>
          <testcase name="[It] [sig-storage] In-tree Volumes [Driver: local] [LocalVolumeType: block] [Testpattern: Dynamic PV (default fs)(allowExpansion)] volume-expand Verify if offline PVC expansion works" classname="Kubernetes e2e suite" status="skipped" time="0">
              <skipped message="skipped"></skipped>
          </testcase>
          <testcase name="[It] [sig-storage] In-tree Volumes [Driver: hostPathSymlink] [Testpattern: Dynamic PV (filesystem volmode)] multiVolume [Slow] should access to two volumes with different volume mode and retain data across pod recreation on the same node" classname="Kubernetes e2e suite" status="skipped" time="0">
              <skipped message="skipped"></skipped>
          </testcase>
          <testcase name="[It] [sig-api-machinery] AdmissionWebhook [Privileged:ClusterAdmin] should honor timeout [Conformance]" classname="Kubernetes e2e suite" status="passed" time="15.45751808"></testcase>
          <testcase name="[It] [sig-storage] CSI Volumes [Driver: pd.csi.storage.gke.io] [Serial] [Testpattern: Dynamic PV (default fs)] subPath should verify container cannot write to subpath readonly volumes [Slow]" classname="Kubernetes e2e suite" status="skipped" time="0">
              <skipped message="skipped"></skipped>
          </testcase>
          <testcase name="[It] [sig-storage] CSI Volumes [Driver: pd.csi.storage.gke.io] [Serial] [Testpattern: Dynamic Snapshot (retain policy)] snapshottable [Feature:VolumeSnapshotDataSource] volume snapshot controller  should check snapshot fields, check restore correctly works, check deletion (ephemeral)" classname="Kubernetes e2e suite" status="skipped" time="0">
              <skipped message="skipped"></skipped>
          </testcase>
          <testcase name="[It] [sig-api-machinery] Garbage collector should support orphan deletion of custom resources" classname="Kubernetes e2e suite" status="skipped" time="0">
              <skipped message="skipped"></skipped>
          </testcase>
          <testcase name="[It] [sig-storage] EmptyDir volumes should support (non-root,0777,tmpfs) [LinuxOnly] [NodeConformance] [Conformance]" classname="Kubernetes e2e suite" status="passed" time="4.068129372"></testcase>
          <testcase name="[It] [sig-storage] In-tree Volumes [Driver: local] [LocalVolumeType: dir] [Testpattern: Dynamic PV (xfs)] [Slow] multiVolume [Slow] should concurrently access the single volume from pods on different node" classname="Kubernetes e2e suite" status="skipped" time="0">
              <skipped message="skipped"></skipped>
          </testcase>
          <testcase name="[It] [sig-network] Services should be able to change the type from ClusterIP to ExternalName [Conformance]" classname="Kubernetes e2e suite" status="passed" time="4.287024322"></testcase>
          <testcase name="[It] [sig-storage] In-tree Volumes [Driver: local] [LocalVolumeType: block] [Testpattern: Dynamic PV (filesystem volmode)] multiVolume [Slow] should concurrently access the single read-only volume from pods on the same node" classname="Kubernetes e2e suite" status="skipped" time="0">
              <skipped message="skipped"></skipped>
          </testcase>
          <testcase name="[It] [sig-cli] Kubectl client Kubectl patch should add annotations for pods in rc [Conformance]" classname="Kubernetes e2e suite" status="passed" time="1.152931433"></testcase>
          <testcase name="[It] [sig-storage] CSI Volumes [Driver: pd.csi.storage.gke.io] [Serial] [Testpattern: Inline-volume (default fs)] subPath should support file as subpath [LinuxOnly]" classname="Kubernetes e2e suite" status="skipped" time="0">
              <skipped message="skipped"></skipped>
          </testcase>
          <testcase name="[It] [sig-storage] In-tree Volumes [Driver: local] [LocalVolumeType: dir-link] [Testpattern: Pre-provisioned PV (default fs)] subPath should support readOnly file specified in the volumeMount [LinuxOnly]" classname="Kubernetes e2e suite" status="skipped" time="0">
              <skipped message="skipped"></skipped>
          </testcase>
          <testcase name="[It] [sig-storage] In-tree Volumes [Driver: emptydir] [Testpattern: Inline-volume (default fs)] subPath should support readOnly file specified in the volumeMount [LinuxOnly]" classname="Kubernetes e2e suite" status="skipped" time="0">
              <skipped message="skipped"></skipped>
          </testcase>
          <testcase name="[It] [sig-node] DRA [Feature:DynamicResourceAllocation] [FeatureGate:DynamicResourceAllocation] [Beta] [Feature:OffByDefault] rolling update" classname="Kubernetes e2e suite" status="skipped" time="0">
              <skipped message="skipped"></skipped>
          </testcase>
          <testcase name="[It] [sig-windows] [Feature:WindowsHostProcessContainers] [MinimumKubeletVersion:1.22] HostProcess containers should support various volume mount types" classname="Kubernetes e2e suite" status="skipped" time="0">
              <skipped message="skipped"></skipped>
          </testcase>
          <testcase name="[It] [sig-storage] CSI Volumes [Driver: pd.csi.storage.gke.io] [Serial] [Testpattern: Dynamic PV (ntfs)] [Feature:Windows] volume-modify [FeatureGate:VolumeAttributesClass] [Beta] [Feature:OffByDefault] should modify volume that already has a VAC" classname="Kubernetes e2e suite" status="skipped" time="0">
              <skipped message="skipped"></skipped>
          </testcase>
          <testcase name="[It] [sig-storage] CSI Volumes [Driver: pd.csi.storage.gke.io] [Serial] [Testpattern: Pre-provisioned PV (filesystem volmode)] volumeMode should not mount / map unused volumes in a pod [LinuxOnly]" classname="Kubernetes e2e suite" status="skipped" time="0">
              <skipped message="skipped"></skipped>
          </testcase>
          <testcase name="[It] [sig-storage] In-tree Volumes [Driver: local] [LocalVolumeType: dir-link-bindmounted] [Testpattern: Generic Ephemeral-volume (block volmode) (late-binding)] ephemeral should support two pods which have the same volume definition" classname="Kubernetes e2e suite" status="skipped" time="0">
              <skipped message="skipped"></skipped>
          </testcase>
          <testcase name="[It] [sig-network] Services should preserve source pod IP for traffic thru service cluster IP [LinuxOnly]" classname="Kubernetes e2e suite" status="skipped" time="0">
              <skipped message="skipped"></skipped>
          </testcase>
          <testcase name="[It] [sig-storage] In-tree Volumes [Driver: local] [LocalVolumeType: dir] [Testpattern: Pre-provisioned PV (filesystem volmode)] multiVolume [Slow] should access to two volumes with the same volume mode and retain data across pod recreation on the same node" classname="Kubernetes e2e suite" status="skipped" time="0">
              <skipped message="skipped"></skipped>
          </testcase>
          <testcase name="[It] [sig-storage] In-tree Volumes [Driver: nfs] [Testpattern: Dynamic PV (ext4)] multiVolume [Slow] should concurrently access the volume and its clone from pods on the same node [LinuxOnly] [Feature:VolumeSourceXFS]" classname="Kubernetes e2e suite" status="skipped" time="0">
              <skipped message="skipped"></skipped>
          </testcase>
          <testcase name="[It] [sig-scheduling] SchedulerPredicates [Serial] when PVC has node-affinity to non-existent/illegal nodes, the pod should be scheduled normally if suitable nodes exist" classname="Kubernetes e2e suite" status="skipped" time="0">
              <skipped message="skipped"></skipped>
          </testcase>
          <testcase name="[It] [sig-storage] In-tree Volumes [Driver: azure-disk] [Testpattern: Pre-provisioned PV (block volmode)] disruptive [Disruptive] [LinuxOnly] Should test that pv used in a pod that is deleted while the kubelet is down cleans up when the kubelet returns." classname="Kubernetes e2e suite" status="skipped" time="0">
              <skipped message="skipped"></skipped>
          </testcase>
          <testcase name="[It] [sig-storage] In-tree Volumes [Driver: local] [LocalVolumeType: dir-link] [Testpattern: Generic Ephemeral-volume (default fs)] volumeLimits should verify that all csinodes have volume limits" classname="Kubernetes e2e suite" status="skipped" time="0">
              <skipped message="skipped"></skipped>
          </testcase>
          <testcase name="[It] [sig-storage] In-tree Volumes [Driver: cinder] [Testpattern: Pre-provisioned PV (block volmode)] multiVolume [Slow] should concurrently access the single read-only volume from pods on the same node" classname="Kubernetes e2e suite" status="skipped" time="0">
              <skipped message="skipped"></skipped>
          </testcase>
          <testcase name="[It] [sig-storage] In-tree Volumes [Driver: vsphere] [Testpattern: Pre-provisioned PV (filesystem volmode)] disruptive [Disruptive] [LinuxOnly] Should test that pv used in a pod that is deleted while the kubelet is down is usable by a new pod with a different SELinux context when kubelet returns [Feature:SELinux]" classname="Kubernetes e2e suite" status="skipped" time="0">
              <skipped message="skipped"></skipped>
          </testcase>
          <testcase name="[It] [sig-storage] In-tree Volumes [Driver: emptydir] [Testpattern: Dynamic PV (ntfs)] [Feature:Windows] subPath should support readOnly directory specified in the volumeMount" classname="Kubernetes e2e suite" status="skipped" time="0">
              <skipped message="skipped"></skipped>
          </testcase>
          <testcase name="[It] [sig-storage] In-tree Volumes [Driver: iscsi] [Feature:Volumes] [Testpattern: Dynamic PV (ntfs)] [Feature:Windows] multiVolume [Slow] should concurrently access the single volume from pods on the same node" classname="Kubernetes e2e suite" status="skipped" time="0">
              <skipped message="skipped"></skipped>
          </testcase>
          <testcase name="[It] [sig-storage] In-tree Volumes [Driver: nfs] [Testpattern: Dynamic PV (ntfs)] [Feature:Windows] multiVolume [Slow] should concurrently access the volume and restored snapshot from pods on the same node [LinuxOnly] [Feature:VolumeSnapshotDataSource] [Feature:VolumeSourceXFS]" classname="Kubernetes e2e suite" status="skipped" time="0">
              <skipped message="skipped"></skipped>
          </testcase>
          <testcase name="[It] [sig-network] Netpol NetworkPolicy between server and client should enforce egress policy allowing traffic to a server in a different namespace based on PodSelector and NamespaceSelector [Feature:NetworkPolicy]" classname="Kubernetes e2e suite" status="skipped" time="0">
              <skipped message="skipped"></skipped>
          </testcase>
          <testcase name="[It] [sig-storage] HostPathType Character Device [Slow] Should fail on mounting character device &#39;achardev&#39; when HostPathType is HostPathDirectory" classname="Kubernetes e2e suite" status="skipped" time="0">
              <skipped message="skipped"></skipped>
          </testcase>
          <testcase name="[It] [sig-storage] In-tree Volumes [Driver: local] [LocalVolumeType: blockfs] [Testpattern: Dynamic PV (ntfs)] [Feature:Windows] subPath should support restarting containers using file as subpath [Slow] [LinuxOnly]" classname="Kubernetes e2e suite" status="skipped" time="0">
              <skipped message="skipped"></skipped>
          </testcase>
          <testcase name="[It] [sig-network] Services should create endpoints for unready pods" classname="Kubernetes e2e suite" status="skipped" time="0">
              <skipped message="skipped"></skipped>
          </testcase>
          <testcase name="[It] [sig-storage] In-tree Volumes [Driver: hostPathSymlink] [Testpattern: Dynamic PV (filesystem volmode)] disruptive [Disruptive] [LinuxOnly] Should test that pv used in a pod that is deleted while the kubelet is down is usable by a new pod with a different SELinux context when kubelet returns [Feature:SELinux]" classname="Kubernetes e2e suite" status="skipped" time="0">
              <skipped message="skipped"></skipped>
          </testcase>
          <testcase name="[It] [sig-storage] In-tree Volumes [Driver: local] [LocalVolumeType: dir-link] [Testpattern: Dynamic PV (default fs)] subPath should unmount if pod is gracefully deleted while kubelet is down [Disruptive] [Slow] [LinuxOnly]" classname="Kubernetes e2e suite" status="skipped" time="0">
              <skipped message="skipped"></skipped>
          </testcase>
          <testcase name="[It] [sig-storage] In-tree Volumes [Driver: local] [LocalVolumeType: dir-link] [Testpattern: Dynamic PV (default fs)] subPath should support readOnly directory specified in the volumeMount" classname="Kubernetes e2e suite" status="skipped" time="0">
              <skipped message="skipped"></skipped>
          </testcase>
          <testcase name="[It] [sig-storage] In-tree Volumes [Driver: nfs] [Testpattern: Dynamic PV (ext4)] multiVolume [Slow] should access to two volumes with different volume mode and retain data across pod recreation on the same node" classname="Kubernetes e2e suite" status="skipped" time="0">
              <skipped message="skipped"></skipped>
          </testcase>
          <testcase name="[It] [sig-storage] In-tree Volumes [Driver: nfs] [Testpattern: Dynamic PV (filesystem volmode)] disruptive [Disruptive] [LinuxOnly] Should test that pv written before kubelet restart is readable after restart." classname="Kubernetes e2e suite" status="skipped" time="0">
              <skipped message="skipped"></skipped>
          </testcase>
          <testcase name="[It] [sig-storage] Projected configMap should be consumable from pods in volume as non-root [NodeConformance] [Conformance]" classname="Kubernetes e2e suite" status="passed" time="2.06344037"></testcase>
          <testcase name="[It] [sig-storage] In-tree Volumes [Driver: local] [LocalVolumeType: dir-link-bindmounted] [Testpattern: Dynamic PV (ntfs)] [Feature:Windows] subPath should support restarting containers using directory as subpath [Slow]" classname="Kubernetes e2e suite" status="skipped" time="0">
              <skipped message="skipped"></skipped>
          </testcase>
          <testcase name="[It] [sig-storage] In-tree Volumes [Driver: iscsi] [Feature:Volumes] [Testpattern: Dynamic PV (default fs)] capacity provides storage capacity information" classname="Kubernetes e2e suite" status="skipped" time="0">
              <skipped message="skipped"></skipped>
          </testcase>
          <testcase name="[It] [sig-storage] In-tree Volumes [Driver: local] [LocalVolumeType: tmpfs] [Testpattern: Dynamic PV (block volmode)] volumeMode should fail in binding dynamic provisioned PV to PVC [Slow] [LinuxOnly]" classname="Kubernetes e2e suite" status="skipped" time="0">
              <skipped message="skipped"></skipped>
          </testcase>
          <testcase name="[It] [sig-storage] In-tree Volumes [Driver: local] [LocalVolumeType: blockfs] [Testpattern: Dynamic PV (delayed binding)] topology should provision a volume and schedule a pod with AllowedTopologies" classname="Kubernetes e2e suite" status="skipped" time="0">
              <skipped message="skipped"></skipped>
          </testcase>
          <testcase name="[It] [sig-storage] CSI Volumes [Driver: csi-hostpath] [Testpattern: Dynamic PV (block volmode)] volumeMode should not mount / map unused volumes in a pod [LinuxOnly]" classname="Kubernetes e2e suite" status="skipped" time="0">
              <skipped message="skipped"></skipped>
          </testcase>
          <testcase name="[It] [sig-storage] CSI Volumes [Driver: pd.csi.storage.gke.io] [Serial] [Testpattern: Generic Ephemeral-volume (block volmode) (late-binding)] ephemeral should create read-only inline ephemeral volume" classname="Kubernetes e2e suite" status="skipped" time="0">
              <skipped message="skipped"></skipped>
          </testcase>
          <testcase name="[It] [sig-storage] In-tree Volumes [Driver: cinder] [Testpattern: Dynamic PV (block volmode)] disruptive [Disruptive] [LinuxOnly] Should test that pv used in a pod that is force deleted while the kubelet is down cleans up when the kubelet returns." classname="Kubernetes e2e suite" status="skipped" time="0">
              <skipped message="skipped"></skipped>
          </testcase>
          <testcase name="[It] [sig-storage] In-tree Volumes [Driver: vsphere] [Testpattern: Dynamic PV (block volmode)] multiVolume [Slow] should access to two volumes with the same volume mode and retain data across pod recreation on the same node" classname="Kubernetes e2e suite" status="skipped" time="0">
              <skipped message="skipped"></skipped>
          </testcase>
          <testcase name="[It] [sig-storage] In-tree Volumes [Driver: local] [LocalVolumeType: block] [Testpattern: Dynamic PV (block volmode)] provisioning should provision correct filesystem size when restoring snapshot to larger size pvc [Feature:VolumeSnapshotDataSource]" classname="Kubernetes e2e suite" status="skipped" time="0">
              <skipped message="skipped"></skipped>
          </testcase>
          <testcase name="[It] [sig-storage] In-tree Volumes [Driver: emptydir] [Testpattern: Pre-provisioned PV (default fs)] subPath should support readOnly file specified in the volumeMount [LinuxOnly]" classname="Kubernetes e2e suite" status="skipped" time="0">
              <skipped message="skipped"></skipped>
          </testcase>
          <testcase name="[It] [sig-storage] In-tree Volumes [Driver: azure-disk] [Testpattern: Dynamic PV (block volmode)] disruptive [Disruptive] [LinuxOnly] Should test that pv written before kubelet restart is readable after restart." classname="Kubernetes e2e suite" status="skipped" time="0">
              <skipped message="skipped"></skipped>
          </testcase>
          <testcase name="[It] [sig-storage] In-tree Volumes [Driver: hostPath] [Testpattern: Generic Ephemeral-volume (default fs) (immediate-binding)] ephemeral should create read-only inline ephemeral volume" classname="Kubernetes e2e suite" status="skipped" time="0">
              <skipped message="skipped"></skipped>
          </testcase>
          <testcase name="[It] [sig-node] Pods should cap back-off at MaxContainerBackOff [Slow] [NodeConformance]" classname="Kubernetes e2e suite" status="skipped" time="0">
              <skipped message="skipped"></skipped>
          </testcase>
          <testcase name="[It] [sig-storage] In-tree Volumes [Driver: azure-disk] [Testpattern: Dynamic PV (block volmode)] volume-stress multiple pods should access different volumes repeatedly [Slow] [Serial]" classname="Kubernetes e2e suite" status="skipped" time="0">
              <skipped message="skipped"></skipped>
          </testcase>
          <testcase name="[It] [sig-storage] In-tree Volumes [Driver: hostPath] [Testpattern: Pre-provisioned PV (block volmode)] multiVolume [Slow] should access to two volumes with different volume mode and retain data across pod recreation on the same node" classname="Kubernetes e2e suite" status="skipped" time="0">
              <skipped message="skipped"></skipped>
          </testcase>
          <testcase name="[It] [sig-api-machinery] MutatingAdmissionPolicy [Privileged:ClusterAdmin] [Feature:MutatingAdmissionPolicy] [FeatureGate:MutatingAdmissionPolicy] [Alpha] [Feature:OffByDefault] should support MutatingAdmissionPolicyBinding API operations" classname="Kubernetes e2e suite" status="skipped" time="0">
              <skipped message="skipped"></skipped>
          </testcase>
          <testcase name="[It] [sig-node] [Feature:Example] Secret should create a pod that reads a secret" classname="Kubernetes e2e suite" status="skipped" time="0">
              <skipped message="skipped"></skipped>
          </testcase>
          <testcase name="[It] [sig-storage] CSI Volumes [Driver: pd.csi.storage.gke.io] [Serial] [Testpattern: Dynamic PV (default fs)] subPath should support non-existent path" classname="Kubernetes e2e suite" status="skipped" time="0">
              <skipped message="skipped"></skipped>
          </testcase>
          <testcase name="[It] [sig-storage] EmptyDir volumes when FSGroup is specified [LinuxOnly] volume on default medium should have the correct mode using FSGroup" classname="Kubernetes e2e suite" status="skipped" time="0">
              <skipped message="skipped"></skipped>
          </testcase>
          <testcase name="[It] [sig-apps] StatefulSet Automatically recreate PVC for pending pod when PVC is missing PVC should be recreated when pod is pending due to missing PVC [Disruptive] [Serial]" classname="Kubernetes e2e suite" status="skipped" time="0">
              <skipped message="skipped"></skipped>
          </testcase>
          <testcase name="[It] [sig-network] Conntrack should be able to preserve UDP traffic when server pod cycles for a ClusterIP service" classname="Kubernetes e2e suite" status="skipped" time="0">
              <skipped message="skipped"></skipped>
          </testcase>
          <testcase name="[It] [sig-storage] In-tree Volumes [Driver: local] [LocalVolumeType: gce-localssd-scsi-fs] [Serial] [Testpattern: Dynamic PV (default fs)] fsgroupchangepolicy (Always)[LinuxOnly], pod created with an initial fsgroup, new pod fsgroup applied to volume contents" classname="Kubernetes e2e suite" status="skipped" time="0">
              <skipped message="skipped"></skipped>
          </testcase>
          <testcase name="[It] [sig-storage] In-tree Volumes [Driver: nfs] [Testpattern: Dynamic PV (filesystem volmode)] multiVolume [Slow] should concurrently access the single read-only volume from pods on the same node" classname="Kubernetes e2e suite" status="skipped" time="0">
              <skipped message="skipped"></skipped>
          </testcase>
          <testcase name="[It] [sig-storage] In-tree Volumes [Driver: vsphere] [Testpattern: Dynamic PV (default fs)] subPath should support readOnly file specified in the volumeMount [LinuxOnly]" classname="Kubernetes e2e suite" status="skipped" time="0">
              <skipped message="skipped"></skipped>
          </testcase>
          <testcase name="[It] [sig-storage] In-tree Volumes [Driver: local] [LocalVolumeType: gce-localssd-scsi-fs] [Serial] [Testpattern: Pre-provisioned PV (block volmode)] multiVolume [Slow] should concurrently access the single read-only volume from pods on the same node" classname="Kubernetes e2e suite" status="skipped" time="0">
              <skipped message="skipped"></skipped>
          </testcase>
          <testcase name="[It] [sig-storage] In-tree Volumes [Driver: iscsi] [Feature:Volumes] [Testpattern: Pre-provisioned PV (ext4)] volumes should allow exec of files on the volume" classname="Kubernetes e2e suite" status="skipped" time="0">
              <skipped message="skipped"></skipped>
          </testcase>
          <testcase name="[It] [sig-storage] PersistentVolumes-local [Volume type: blockfswithformat] Two pods mounting a local volume at the same time should be able to write from pod1 and read from pod2" classname="Kubernetes e2e suite" status="skipped" time="0">
              <skipped message="skipped"></skipped>
          </testcase>
          <testcase name="[It] [sig-storage] In-tree Volumes [Driver: hostPathSymlink] [Testpattern: Dynamic PV (default fs)] subPath should support existing directory" classname="Kubernetes e2e suite" status="skipped" time="0">
              <skipped message="skipped"></skipped>
          </testcase>
          <testcase name="[It] [sig-node] Pod InPlace Resize Container [FeatureGate:InPlacePodVerticalScaling] [Beta] Guaranteed QoS pod, one container - increase CPU (NotRequired) &amp; memory (RestartContainer)" classname="Kubernetes e2e suite" status="skipped" time="0">
              <skipped message="skipped"></skipped>
          </testcase>
          <testcase name="[It] [sig-storage] In-tree Volumes [Driver: azure-file] [Testpattern: Dynamic PV (ntfs)] [Feature:Windows] multiVolume [Slow] should access to two volumes with different volume mode and retain data across pod recreation on the same node" classname="Kubernetes e2e suite" status="skipped" time="0">
              <skipped message="skipped"></skipped>
          </testcase>
          <testcase name="[It] [sig-apps] Job should allow to use a pod failure policy to ignore failure matching on exit code" classname="Kubernetes e2e suite" status="skipped" time="0">
              <skipped message="skipped"></skipped>
          </testcase>
          <testcase name="[It] [sig-storage] In-tree Volumes [Driver: vsphere] [Testpattern: Dynamic PV (default fs)] subPath should support existing directory" classname="Kubernetes e2e suite" status="skipped" time="0">
              <skipped message="skipped"></skipped>
          </testcase>
          <testcase name="[It] [sig-storage] In-tree Volumes [Driver: vsphere] [Testpattern: Dynamic PV (ext4)] volumes should allow exec of files on the volume" classname="Kubernetes e2e suite" status="skipped" time="0">
              <skipped message="skipped"></skipped>
          </testcase>
          <testcase name="[It] [sig-storage] CSI Volumes [Driver: csi-hostpath] [Testpattern: Dynamic PV (ext4)] multiVolume [Slow] should concurrently access the single volume from pods on different node" classname="Kubernetes e2e suite" status="skipped" time="0">
              <skipped message="skipped"></skipped>
          </testcase>
          <testcase name="[It] [sig-storage] In-tree Volumes [Driver: iscsi] [Feature:Volumes] [Testpattern: Dynamic PV (ntfs)] [Feature:Windows] subPath should support non-existent path" classname="Kubernetes e2e suite" status="skipped" time="0">
              <skipped message="skipped"></skipped>
          </testcase>
          <testcase name="[It] [sig-storage] In-tree Volumes [Driver: local] [LocalVolumeType: dir-link] [Testpattern: Pre-provisioned PV (filesystem volmode)] multiVolume [Slow] should concurrently access the volume and its clone from pods on the same node [LinuxOnly] [Feature:VolumeSourceXFS]" classname="Kubernetes e2e suite" status="skipped" time="0">
              <skipped message="skipped"></skipped>
          </testcase>
          <testcase name="[It] [sig-storage] In-tree Volumes [Driver: hostPathSymlink] [Testpattern: Inline-volume (default fs)] subPath should support creating multiple subpath from same volumes [Slow]" classname="Kubernetes e2e suite" status="skipped" time="0">
              <skipped message="skipped"></skipped>
          </testcase>
          <testcase name="[It] [sig-storage] In-tree Volumes [Driver: azure-file] [Testpattern: Generic Ephemeral-volume (default fs) (late-binding)] ephemeral should create read/write inline ephemeral volume" classname="Kubernetes e2e suite" status="skipped" time="0">
              <skipped message="skipped"></skipped>
          </testcase>
          <testcase name="[It] [sig-scheduling] SchedulerPredicates [Serial] validates that there exists conflict between pods with same hostPort and protocol but one using 0.0.0.0 hostIP [Conformance]" classname="Kubernetes e2e suite" status="passed" time="304.209692872"></testcase>
          <testcase name="[It] [sig-storage] In-tree Volumes [Driver: cinder] [Testpattern: Dynamic PV (ntfs)] [Feature:Windows] subPath should unmount if pod is force deleted while kubelet is down [Disruptive] [Slow] [LinuxOnly]" classname="Kubernetes e2e suite" status="skipped" time="0">
              <skipped message="skipped"></skipped>
          </testcase>
          <testcase name="[It] [sig-storage] In-tree Volumes [Driver: emptydir] [Testpattern: Dynamic PV (ntfs)] [Feature:Windows] multiVolume [Slow] should concurrently access the single volume from pods on different node" classname="Kubernetes e2e suite" status="skipped" time="0">
              <skipped message="skipped"></skipped>
          </testcase>
          <testcase name="[It] [sig-storage] In-tree Volumes [Driver: local] [LocalVolumeType: blockfs] [Testpattern: Dynamic PV (ext4)] multiVolume [Slow] should concurrently access the volume and its clone from pods on the same node [LinuxOnly] [Feature:VolumeSourceXFS]" classname="Kubernetes e2e suite" status="skipped" time="0">
              <skipped message="skipped"></skipped>
          </testcase>
          <testcase name="[It] [sig-storage] Downward API volume should provide podname only [NodeConformance] [Conformance]" classname="Kubernetes e2e suite" status="passed" time="2.07110352"></testcase>
          <testcase name="[It] [sig-storage] In-tree Volumes [Driver: local] [LocalVolumeType: tmpfs] [Testpattern: Dynamic PV (default fs)] fsgroupchangepolicy (Always)[LinuxOnly], pod created with an initial fsgroup, volume contents ownership changed via chgrp in first pod, new pod with same fsgroup applied to the volume contents" classname="Kubernetes e2e suite" status="skipped" time="0">
              <skipped message="skipped"></skipped>
          </testcase>
          <testcase name="[It] [sig-storage] In-tree Volumes [Driver: iscsi] [Feature:Volumes] [Testpattern: Generic Ephemeral-volume (default fs) (immediate-binding)] ephemeral should support multiple inline ephemeral volumes" classname="Kubernetes e2e suite" status="skipped" time="0">
              <skipped message="skipped"></skipped>
          </testcase>
          <testcase name="[It] [sig-storage] In-tree Volumes [Driver: nfs] [Testpattern: Dynamic PV (filesystem volmode)] volumeLimits should support volume limits [Serial]" classname="Kubernetes e2e suite" status="skipped" time="0">
              <skipped message="skipped"></skipped>
          </testcase>
          <testcase name="[It] [sig-storage] In-tree Volumes [Driver: hostPathSymlink] [Testpattern: Generic Ephemeral-volume (default fs) (late-binding)] ephemeral should create read/write inline ephemeral volume" classname="Kubernetes e2e suite" status="skipped" time="0">
              <skipped message="skipped"></skipped>
          </testcase>
          <testcase name="[It] [sig-storage] In-tree Volumes [Driver: local] [LocalVolumeType: block] [Testpattern: Dynamic PV (default fs)] subPath should be able to unmount after the subpath directory is deleted [LinuxOnly]" classname="Kubernetes e2e suite" status="skipped" time="0">
              <skipped message="skipped"></skipped>
          </testcase>
          <testcase name="[It] [sig-storage] Projected secret should be consumable from pods in volume as non-root with defaultMode and fsGroup set [LinuxOnly] [NodeConformance] [Conformance]" classname="Kubernetes e2e suite" status="passed" time="2.065105225"></testcase>
          <testcase name="[It] [sig-storage] In-tree Volumes [Driver: vsphere] [Testpattern: Dynamic PV (default fs)] fsgroupchangepolicy (OnRootMismatch)[LinuxOnly], pod created with an initial fsgroup, volume contents ownership changed via chgrp in first pod, new pod with same fsgroup skips ownership changes to the volume contents" classname="Kubernetes e2e suite" status="skipped" time="0">
              <skipped message="skipped"></skipped>
          </testcase>
          <testcase name="[It] [sig-node] DRA [Feature:DynamicResourceAllocation] [FeatureGate:DynamicResourceAllocation] [Beta] [Feature:OffByDefault] on single node supports simple pod referencing inline resource claim" classname="Kubernetes e2e suite" status="skipped" time="0">
              <skipped message="skipped"></skipped>
          </testcase>
          <testcase name="[It] [sig-storage] CSI Volumes [Driver: csi-hostpath] [Testpattern: Dynamic PV (default fs)] fsgroupchangepolicy (Always)[LinuxOnly], pod created with an initial fsgroup, volume contents ownership changed via chgrp in first pod, new pod with different fsgroup applied to the volume contents" classname="Kubernetes e2e suite" status="skipped" time="0">
              <skipped message="skipped"></skipped>
          </testcase>
          <testcase name="[It] [sig-storage] In-tree Volumes [Driver: local] [LocalVolumeType: block] [Testpattern: Dynamic PV (filesystem volmode)] disruptive [Disruptive] [LinuxOnly] Should test that pv used in a pod that is force deleted while the kubelet is down is usable by a new pod with a different SELinux context when kubelet returns [Feature:SELinux]" classname="Kubernetes e2e suite" status="skipped" time="0">
              <skipped message="skipped"></skipped>
          </testcase>
          <testcase name="[It] [sig-storage] In-tree Volumes [Driver: local] [LocalVolumeType: gce-localssd-scsi-fs] [Serial] [Testpattern: Dynamic PV (default fs)] volumes should store data" classname="Kubernetes e2e suite" status="skipped" time="0">
              <skipped message="skipped"></skipped>
          </testcase>
          <testcase name="[It] [sig-storage] In-tree Volumes [Driver: local] [LocalVolumeType: gce-localssd-scsi-fs] [Serial] [Testpattern: Dynamic PV (default fs)] subPath should support existing single file [LinuxOnly]" classname="Kubernetes e2e suite" status="skipped" time="0">
              <skipped message="skipped"></skipped>
          </testcase>
          <testcase name="[It] [sig-storage] In-tree Volumes [Driver: hostPath] [Testpattern: Dynamic PV (filesystem volmode)] multiVolume [Slow] should concurrently access the volume and restored snapshot from pods on the same node [LinuxOnly] [Feature:VolumeSnapshotDataSource] [Feature:VolumeSourceXFS]" classname="Kubernetes e2e suite" status="skipped" time="0">
              <skipped message="skipped"></skipped>
          </testcase>
          <testcase name="[It] [sig-storage] In-tree Volumes [Driver: local] [LocalVolumeType: dir-link-bindmounted] [Testpattern: Dynamic PV (xfs)] [Slow] multiVolume [Slow] should concurrently access the single read-only volume from pods on the same node" classname="Kubernetes e2e suite" status="skipped" time="0">
              <skipped message="skipped"></skipped>
          </testcase>
          <testcase name="[It] [sig-storage] In-tree Volumes [Driver: local] [LocalVolumeType: dir-bindmounted] [Testpattern: Dynamic PV (ntfs)] [Feature:Windows] subPath should unmount if pod is force deleted while kubelet is down [Disruptive] [Slow] [LinuxOnly]" classname="Kubernetes e2e suite" status="skipped" time="0">
              <skipped message="skipped"></skipped>
          </testcase>
          <testcase name="[It] [sig-network] Services should prevent NodePort collisions" classname="Kubernetes e2e suite" status="skipped" time="0">
              <skipped message="skipped"></skipped>
          </testcase>
          <testcase name="[It] [sig-storage] In-tree Volumes [Driver: iscsi] [Feature:Volumes] [Testpattern: Generic Ephemeral-volume (default fs) (late-binding)] ephemeral should support expansion of pvcs created for ephemeral pvcs" classname="Kubernetes e2e suite" status="skipped" time="0">
              <skipped message="skipped"></skipped>
          </testcase>
          <testcase name="[It] [sig-storage] In-tree Volumes [Driver: cinder] [Testpattern: Dynamic PV (ntfs)] [Feature:Windows] provisioning should provision storage with pvc data source in parallel [Slow]" classname="Kubernetes e2e suite" status="skipped" time="0">
              <skipped message="skipped"></skipped>
          </testcase>
          <testcase name="[It] [sig-storage] In-tree Volumes [Driver: nfs] [Testpattern: Dynamic PV (block volmode)] provisioning should provision storage with pvc data source" classname="Kubernetes e2e suite" status="skipped" time="0">
              <skipped message="skipped"></skipped>
          </testcase>
          <testcase name="[It] [sig-storage] In-tree Volumes [Driver: local] [LocalVolumeType: block] [Testpattern: Dynamic PV (block volmode)] multiVolume [Slow] should access to two volumes with the same volume mode and retain data across pod recreation on different node" classname="Kubernetes e2e suite" status="skipped" time="0">
              <skipped message="skipped"></skipped>
          </testcase>
          <testcase name="[It] [sig-storage] In-tree Volumes [Driver: local] [LocalVolumeType: dir] [Testpattern: Dynamic PV (ext4)] multiVolume [Slow] should concurrently access the single read-only volume from pods on the same node" classname="Kubernetes e2e suite" status="skipped" time="0">
              <skipped message="skipped"></skipped>
          </testcase>
          <testcase name="[It] [sig-storage] In-tree Volumes [Driver: local] [LocalVolumeType: dir] [Testpattern: Dynamic PV (default fs)] subPath should support restarting containers using file as subpath [Slow] [LinuxOnly]" classname="Kubernetes e2e suite" status="skipped" time="0">
              <skipped message="skipped"></skipped>
          </testcase>
          <testcase name="[It] [sig-storage] In-tree Volumes [Driver: local] [LocalVolumeType: dir] [Testpattern: Dynamic PV (block volmode)] provisioning should provision storage with pvc data source (ROX mode)" classname="Kubernetes e2e suite" status="skipped" time="0">
              <skipped message="skipped"></skipped>
          </testcase>
          <testcase name="[It] [sig-storage] In-tree Volumes [Driver: emptydir] [Testpattern: Dynamic PV (block volmode)] disruptive [Disruptive] [LinuxOnly] Should test that pv used in a pod that is force deleted while the kubelet is down cleans up when the kubelet returns." classname="Kubernetes e2e suite" status="skipped" time="0">
              <skipped message="skipped"></skipped>
          </testcase>
          <testcase name="[It] [sig-storage] In-tree Volumes [Driver: cinder] [Testpattern: Dynamic PV (default fs)] provisioning should provision correct filesystem size when restoring snapshot to larger size pvc [Feature:VolumeSnapshotDataSource]" classname="Kubernetes e2e suite" status="skipped" time="0">
              <skipped message="skipped"></skipped>
          </testcase>
          <testcase name="[It] [sig-storage] In-tree Volumes [Driver: emptydir] [Testpattern: Dynamic PV (block volmode)(allowExpansion)] volume-expand Verify if offline PVC expansion works" classname="Kubernetes e2e suite" status="skipped" time="0">
              <skipped message="skipped"></skipped>
          </testcase>
          <testcase name="[It] [sig-storage] In-tree Volumes [Driver: local] [LocalVolumeType: block] [Testpattern: Dynamic PV (ntfs)] [Feature:Windows] provisioning should provision storage with snapshot data source [Feature:VolumeSnapshotDataSource]" classname="Kubernetes e2e suite" status="skipped" time="0">
              <skipped message="skipped"></skipped>
          </testcase>
          <testcase name="[It] [sig-apps] Job should run a job to completion when tasks succeed" classname="Kubernetes e2e suite" status="skipped" time="0">
              <skipped message="skipped"></skipped>
          </testcase>
          <testcase name="[It] [sig-storage] In-tree Volumes [Driver: local] [LocalVolumeType: dir-bindmounted] [Testpattern: Dynamic PV (block volmode)] provisioning should provision storage with any volume data source [Serial]" classname="Kubernetes e2e suite" status="skipped" time="0">
              <skipped message="skipped"></skipped>
          </testcase>
          <testcase name="[It] [sig-api-machinery] CoordinatedLeaderElection [Feature:CoordinatedLeaderElection] [FeatureGate:CoordinatedLeaderElection] [Beta] [Feature:OffByDefault] multiple LeaseCandidates third party strategy" classname="Kubernetes e2e suite" status="skipped" time="0">
              <skipped message="skipped"></skipped>
          </testcase>
          <testcase name="[It] [sig-storage] In-tree Volumes [Driver: local] [LocalVolumeType: blockfs] [Testpattern: Generic Ephemeral-volume (default fs) (immediate-binding)] ephemeral should create read/write inline ephemeral volume" classname="Kubernetes e2e suite" status="skipped" time="0">
              <skipped message="skipped"></skipped>
          </testcase>
          <testcase name="[It] [sig-storage] In-tree Volumes [Driver: local] [LocalVolumeType: blockfs] [Testpattern: Pre-provisioned PV (block volmode)] disruptive [Disruptive] [LinuxOnly] Should test that pv used in a pod that is deleted while the kubelet is down cleans up when the kubelet returns." classname="Kubernetes e2e suite" status="skipped" time="0">
              <skipped message="skipped"></skipped>
          </testcase>
          <testcase name="[It] [sig-storage] In-tree Volumes [Driver: local] [LocalVolumeType: dir-bindmounted] [Testpattern: Dynamic PV (block volmode)] volume-expand should not allow expansion of pvcs without AllowVolumeExpansion property" classname="Kubernetes e2e suite" status="skipped" time="0">
              <skipped message="skipped"></skipped>
          </testcase>
          <testcase name="[It] [sig-storage] In-tree Volumes [Driver: local] [LocalVolumeType: dir] [Testpattern: Dynamic PV (ntfs)] [Feature:Windows] subPath should fail if subpath file is outside the volume [Slow] [LinuxOnly]" classname="Kubernetes e2e suite" status="skipped" time="0">
              <skipped message="skipped"></skipped>
          </testcase>
          <testcase name="[It] [sig-storage] In-tree Volumes [Driver: iscsi] [Feature:Volumes] [Testpattern: Dynamic PV (block volmode)] volume-expand should not allow expansion of pvcs without AllowVolumeExpansion property" classname="Kubernetes e2e suite" status="skipped" time="0">
              <skipped message="skipped"></skipped>
          </testcase>
          <testcase name="[It] [sig-storage] In-tree Volumes [Driver: hostPath] [Testpattern: Dynamic PV (ext4)] multiVolume [Slow] should concurrently access the volume and restored snapshot from pods on the same node [LinuxOnly] [Feature:VolumeSnapshotDataSource] [Feature:VolumeSourceXFS]" classname="Kubernetes e2e suite" status="skipped" time="0">
              <skipped message="skipped"></skipped>
          </testcase>
          <testcase name="[It] [sig-storage] CSI Volumes [Driver: csi-hostpath] [Testpattern: Dynamic PV (block volmode)] provisioning should provision storage with snapshot data source (ROX mode) [Feature:VolumeSnapshotDataSource]" classname="Kubernetes e2e suite" status="skipped" time="0">
              <skipped message="skipped"></skipped>
          </testcase>
          <testcase name="[It] [sig-apps] Daemon set [Serial] should run and stop complex daemon [Conformance]" classname="Kubernetes e2e suite" status="passed" time="6.855104615"></testcase>
          <testcase name="[It] [sig-storage] In-tree Volumes [Driver: local] [LocalVolumeType: blockfs] [Testpattern: Dynamic PV (default fs)] provisioning should provision storage with any volume data source [Serial]" classname="Kubernetes e2e suite" status="skipped" time="0">
              <skipped message="skipped"></skipped>
          </testcase>
          <testcase name="[It] [sig-storage] In-tree Volumes [Driver: nfs] [Testpattern: Pre-provisioned PV (default fs)] subPath should verify container cannot write to subpath readonly volumes [Slow]" classname="Kubernetes e2e suite" status="skipped" time="0">
              <skipped message="skipped"></skipped>
          </testcase>
          <testcase name="[It] [sig-node] ConfigMap should update ConfigMap successfully" classname="Kubernetes e2e suite" status="skipped" time="0">
              <skipped message="skipped"></skipped>
          </testcase>
          <testcase name="[It] [sig-storage] In-tree Volumes [Driver: local] [LocalVolumeType: blockfs] [Testpattern: Pre-provisioned PV (default fs)] subPath should support restarting containers using directory as subpath [Slow]" classname="Kubernetes e2e suite" status="skipped" time="0">
              <skipped message="skipped"></skipped>
          </testcase>
          <testcase name="[It] [sig-storage] CSI Volumes [Driver: pd.csi.storage.gke.io] [Serial] [Testpattern: Dynamic PV (ntfs)] [Feature:Windows] subPath should verify container cannot write to subpath readonly volumes [Slow]" classname="Kubernetes e2e suite" status="skipped" time="0">
              <skipped message="skipped"></skipped>
          </testcase>
          <testcase name="[It] [sig-storage] CSI Volumes [Driver: csi-hostpath] [Testpattern: Inline-volume (ext3)] volumes should allow exec of files on the volume" classname="Kubernetes e2e suite" status="skipped" time="0">
              <skipped message="skipped"></skipped>
          </testcase>
          <testcase name="[It] [sig-apps] DisruptionController should update/patch PodDisruptionBudget status [Conformance]" classname="Kubernetes e2e suite" status="passed" time="4.076277801"></testcase>
          <testcase name="[It] [sig-storage] In-tree Volumes [Driver: nfs] [Testpattern: Dynamic PV (default fs)] subPath should support readOnly file specified in the volumeMount [LinuxOnly]" classname="Kubernetes e2e suite" status="skipped" time="0">
              <skipped message="skipped"></skipped>
          </testcase>
          <testcase name="[It] [sig-storage] In-tree Volumes [Driver: azure-disk] [Testpattern: Inline-volume (default fs)] subPath should fail if non-existent subpath is outside the volume [Slow] [LinuxOnly]" classname="Kubernetes e2e suite" status="skipped" time="0">
              <skipped message="skipped"></skipped>
          </testcase>
          <testcase name="[It] [sig-storage] In-tree Volumes [Driver: local] [LocalVolumeType: dir-bindmounted] [Testpattern: Dynamic PV (ntfs)] [Feature:Windows] subPath should fail if subpath file is outside the volume [Slow] [LinuxOnly]" classname="Kubernetes e2e suite" status="skipped" time="0">
              <skipped message="skipped"></skipped>
          </testcase>
          <testcase name="[It] [sig-storage] In-tree Volumes [Driver: hostPathSymlink] [Testpattern: Dynamic PV (block volmode)] volumeMode should fail to use a volume in a pod with mismatched mode [Slow]" classname="Kubernetes e2e suite" status="skipped" time="0">
              <skipped message="skipped"></skipped>
          </testcase>
          <testcase name="[It] [sig-storage] In-tree Volumes [Driver: local] [LocalVolumeType: dir] [Testpattern: Dynamic PV (default fs)] volumes should store data" classname="Kubernetes e2e suite" status="skipped" time="0">
              <skipped message="skipped"></skipped>
          </testcase>
          <testcase name="[It] [sig-api-machinery] Servers with support for Table transformation should return a 406 for a backend which does not implement metadata [Conformance]" classname="Kubernetes e2e suite" status="passed" time="0.102715167"></testcase>
          <testcase name="[It] [sig-storage] In-tree Volumes [Driver: local] [LocalVolumeType: dir-link-bindmounted] [Testpattern: Dynamic PV (filesystem volmode)] multiVolume [Slow] should concurrently access the single volume from pods on the same node" classname="Kubernetes e2e suite" status="skipped" time="0">
              <skipped message="skipped"></skipped>
          </testcase>
          <testcase name="[It] [sig-storage] In-tree Volumes [Driver: vsphere] [Testpattern: Inline-volume (default fs)] subPath should support readOnly file specified in the volumeMount [LinuxOnly]" classname="Kubernetes e2e suite" status="skipped" time="0">
              <skipped message="skipped"></skipped>
          </testcase>
          <testcase name="[It] [sig-storage] CSI Volumes [Driver: pd.csi.storage.gke.io] [Serial] [Testpattern: Dynamic PV (default fs)] provisioning should provision storage with pvc data source in parallel [Slow]" classname="Kubernetes e2e suite" status="skipped" time="0">
              <skipped message="skipped"></skipped>
          </testcase>
          <testcase name="[It] [sig-api-machinery] ServerSideApply should give up ownership of a field if forced applied by a controller" classname="Kubernetes e2e suite" status="skipped" time="0">
              <skipped message="skipped"></skipped>
          </testcase>
          <testcase name="[It] [sig-storage] In-tree Volumes [Driver: local] [LocalVolumeType: dir-bindmounted] [Testpattern: Dynamic PV (filesystem volmode)] disruptive [Disruptive] [LinuxOnly] Should test that pv written before kubelet restart is readable after restart." classname="Kubernetes e2e suite" status="skipped" time="0">
              <skipped message="skipped"></skipped>
          </testcase>
          <testcase name="[It] [sig-storage] In-tree Volumes [Driver: azure-disk] [Testpattern: Dynamic PV (default fs)] subPath should support readOnly file specified in the volumeMount [LinuxOnly]" classname="Kubernetes e2e suite" status="skipped" time="0">
              <skipped message="skipped"></skipped>
          </testcase>
          <testcase name="[It] [sig-storage] In-tree Volumes [Driver: vsphere] [Testpattern: Dynamic PV (default fs)] capacity provides storage capacity information" classname="Kubernetes e2e suite" status="skipped" time="0">
              <skipped message="skipped"></skipped>
          </testcase>
          <testcase name="[It] [sig-storage] In-tree Volumes [Driver: vsphere] [Testpattern: Generic Ephemeral-volume (default fs)] volumeLimits should verify that all csinodes have volume limits" classname="Kubernetes e2e suite" status="skipped" time="0">
              <skipped message="skipped"></skipped>
          </testcase>
          <testcase name="[It] [sig-storage] In-tree Volumes [Driver: local] [LocalVolumeType: blockfs] [Testpattern: Dynamic PV (block volmode)] volumes should store data" classname="Kubernetes e2e suite" status="skipped" time="0">
              <skipped message="skipped"></skipped>
          </testcase>
          <testcase name="[It] [sig-storage] In-tree Volumes [Driver: hostPath] [Testpattern: Dynamic PV (filesystem volmode)] multiVolume [Slow] should access to two volumes with different volume mode and retain data across pod recreation on the same node" classname="Kubernetes e2e suite" status="skipped" time="0">
              <skipped message="skipped"></skipped>
          </testcase>
          <testcase name="[It] [sig-storage] In-tree Volumes [Driver: local] [LocalVolumeType: dir-link-bindmounted] [Testpattern: Dynamic PV (ntfs)] [Feature:Windows] provisioning should mount multiple PV pointing to the same storage on the same node" classname="Kubernetes e2e suite" status="skipped" time="0">
              <skipped message="skipped"></skipped>
          </testcase>
          <testcase name="[It] [sig-storage] In-tree Volumes [Driver: local] [LocalVolumeType: dir] [Testpattern: Pre-provisioned PV (default fs)] subPath should support creating multiple subpath from same volumes [Slow]" classname="Kubernetes e2e suite" status="skipped" time="0">
              <skipped message="skipped"></skipped>
          </testcase>
          <testcase name="[It] [sig-autoscaling] [Feature:HPA] [Serial] [Slow] Horizontal pod autoscaling (non-default behavior) with scale limited by percentage should scale down no more than given percentage of current Pods per minute" classname="Kubernetes e2e suite" status="skipped" time="0">
              <skipped message="skipped"></skipped>
          </testcase>
          <testcase name="[It] [sig-storage] CSI Volumes [Driver: pd.csi.storage.gke.io] [Serial] [Testpattern: Pre-provisioned PV (default fs)] subPath should support readOnly directory specified in the volumeMount" classname="Kubernetes e2e suite" status="skipped" time="0">
              <skipped message="skipped"></skipped>
          </testcase>
          <testcase name="[It] [sig-node] Security Context When creating a container with runAsUser should run the container with uid 0 [LinuxOnly] [NodeConformance]" classname="Kubernetes e2e suite" status="skipped" time="0">
              <skipped message="skipped"></skipped>
          </testcase>
          <testcase name="[It] [sig-storage] In-tree Volumes [Driver: vsphere] [Testpattern: Dynamic PV (block volmode)] multiVolume [Slow] should concurrently access the volume and its clone from pods on the same node [LinuxOnly] [Feature:VolumeSourceXFS]" classname="Kubernetes e2e suite" status="skipped" time="0">
              <skipped message="skipped"></skipped>
          </testcase>
          <testcase name="[It] [sig-storage] CSI Volumes [Driver: csi-hostpath] [Testpattern: Dynamic PV (filesystem volmode)] volumeLimits should support volume limits [Serial]" classname="Kubernetes e2e suite" status="skipped" time="0">
              <skipped message="skipped"></skipped>
          </testcase>
          <testcase name="[It] [sig-storage] In-tree Volumes [Driver: azure-file] [Testpattern: Dynamic PV (ntfs)] [Feature:Windows] subPath should fail if non-existent subpath is outside the volume [Slow] [LinuxOnly]" classname="Kubernetes e2e suite" status="skipped" time="0">
              <skipped message="skipped"></skipped>
          </testcase>
          <testcase name="[It] [sig-storage] In-tree Volumes [Driver: local] [LocalVolumeType: dir-link-bindmounted] [Testpattern: Pre-provisioned PV (xfs)] [Slow] volumes should allow exec of files on the volume" classname="Kubernetes e2e suite" status="skipped" time="0">
              <skipped message="skipped"></skipped>
          </testcase>
          <testcase name="[It] [sig-storage] In-tree Volumes [Driver: local] [LocalVolumeType: gce-localssd-scsi-fs] [Serial] [Testpattern: Dynamic PV (ntfs)] [Feature:Windows] subPath should fail if non-existent subpath is outside the volume [Slow] [LinuxOnly]" classname="Kubernetes e2e suite" status="skipped" time="0">
              <skipped message="skipped"></skipped>
          </testcase>
          <testcase name="[It] [sig-storage] HostPathType File [Slow] Should be able to mount file &#39;afile&#39; successfully when HostPathType is HostPathFile" classname="Kubernetes e2e suite" status="skipped" time="0">
              <skipped message="skipped"></skipped>
          </testcase>
          <testcase name="[It] [sig-storage] In-tree Volumes [Driver: local] [LocalVolumeType: block] [Testpattern: Dynamic PV (xfs)] [Slow] multiVolume [Slow] should access to two volumes with different volume mode and retain data across pod recreation on different node" classname="Kubernetes e2e suite" status="skipped" time="0">
              <skipped message="skipped"></skipped>
          </testcase>
          <testcase name="[It] [sig-storage] In-tree Volumes [Driver: azure-file] [Testpattern: Dynamic PV (block volmode)] multiVolume [Slow] should concurrently access the single read-only volume from pods on the same node" classname="Kubernetes e2e suite" status="skipped" time="0">
              <skipped message="skipped"></skipped>
          </testcase>
          <testcase name="[It] [sig-storage] In-tree Volumes [Driver: hostPath] [Testpattern: Pre-provisioned PV (block volmode)] multiVolume [Slow] should concurrently access the single volume from pods on the same node" classname="Kubernetes e2e suite" status="skipped" time="0">
              <skipped message="skipped"></skipped>
          </testcase>
          <testcase name="[It] [sig-storage] CSI Volumes [Driver: pd.csi.storage.gke.io] [Serial] [Testpattern: Pre-provisioned PV (filesystem volmode)] multiVolume [Slow] should access to two volumes with the same volume mode and retain data across pod recreation on different node" classname="Kubernetes e2e suite" status="skipped" time="0">
              <skipped message="skipped"></skipped>
          </testcase>
          <testcase name="[It] [sig-storage] In-tree Volumes [Driver: azure-disk] [Testpattern: Pre-provisioned PV (filesystem volmode)] multiVolume [Slow] should access to two volumes with different volume mode and retain data across pod recreation on the same node" classname="Kubernetes e2e suite" status="skipped" time="0">
              <skipped message="skipped"></skipped>
          </testcase>
          <testcase name="[It] [sig-storage] In-tree Volumes [Driver: local] [LocalVolumeType: dir-link-bindmounted] [Testpattern: Dynamic PV (default fs)] subPath should support existing directory" classname="Kubernetes e2e suite" status="skipped" time="0">
              <skipped message="skipped"></skipped>
          </testcase>
          <testcase name="[It] [sig-storage] In-tree Volumes [Driver: local] [LocalVolumeType: gce-localssd-scsi-fs] [Serial] [Testpattern: Dynamic PV (ntfs)] [Feature:Windows] provisioning should provision correct filesystem size when restoring snapshot to larger size pvc [Feature:VolumeSnapshotDataSource]" classname="Kubernetes e2e suite" status="skipped" time="0">
              <skipped message="skipped"></skipped>
          </testcase>
          <testcase name="[It] [sig-storage] In-tree Volumes [Driver: azure-file] [Testpattern: Dynamic PV (block volmode)] volumeMode should fail to use a volume in a pod with mismatched mode [Slow]" classname="Kubernetes e2e suite" status="skipped" time="0">
              <skipped message="skipped"></skipped>
          </testcase>
          <testcase name="[It] [sig-storage] In-tree Volumes [Driver: local] [LocalVolumeType: blockfs] [Testpattern: Inline-volume (default fs)] subPath should support existing directory" classname="Kubernetes e2e suite" status="skipped" time="0">
              <skipped message="skipped"></skipped>
          </testcase>
          <testcase name="[It] [sig-storage] In-tree Volumes [Driver: local] [LocalVolumeType: tmpfs] [Testpattern: Dynamic PV (immediate binding)] topology should fail to schedule a pod which has topologies that conflict with AllowedTopologies" classname="Kubernetes e2e suite" status="skipped" time="0">
              <skipped message="skipped"></skipped>
          </testcase>
          <testcase name="[It] [sig-storage] In-tree Volumes [Driver: nfs] [Testpattern: Dynamic PV (default fs)] subPath should fail if non-existent subpath is outside the volume [Slow] [LinuxOnly]" classname="Kubernetes e2e suite" status="skipped" time="0">
              <skipped message="skipped"></skipped>
          </testcase>
          <testcase name="[It] [sig-storage] In-tree Volumes [Driver: vsphere] [Testpattern: Dynamic PV (default fs)] subPath should support creating multiple subpath from same volumes [Slow]" classname="Kubernetes e2e suite" status="skipped" time="0">
              <skipped message="skipped"></skipped>
          </testcase>
          <testcase name="[It] [sig-storage] In-tree Volumes [Driver: cinder] [Testpattern: Inline-volume (default fs)] volumes should store data" classname="Kubernetes e2e suite" status="skipped" time="0">
              <skipped message="skipped"></skipped>
          </testcase>
          <testcase name="[It] [sig-storage] CSI Volumes [Driver: csi-hostpath] [Testpattern: Dynamic PV (block volmode)] disruptive [Disruptive] [LinuxOnly] Should test that pv used in a pod that is force deleted while the kubelet is down cleans up when the kubelet returns." classname="Kubernetes e2e suite" status="skipped" time="0">
              <skipped message="skipped"></skipped>
          </testcase>
          <testcase name="[It] [sig-network] Networking Granular Checks: Services should function for node-Service: udp" classname="Kubernetes e2e suite" status="skipped" time="0">
              <skipped message="skipped"></skipped>
          </testcase>
          <testcase name="[It] [sig-storage] In-tree Volumes [Driver: azure-file] [Testpattern: Inline-volume (ext4)] volumes should allow exec of files on the volume" classname="Kubernetes e2e suite" status="skipped" time="0">
              <skipped message="skipped"></skipped>
          </testcase>
          <testcase name="[It] [sig-storage] In-tree Volumes [Driver: vsphere] [Testpattern: Dynamic PV (block volmode)] multiVolume [Slow] should concurrently access the single volume from pods on different node" classname="Kubernetes e2e suite" status="skipped" time="0">
              <skipped message="skipped"></skipped>
          </testcase>
          <testcase name="[It] [sig-storage] CSI Volumes [Driver: pd.csi.storage.gke.io] [Serial] [Testpattern: Inline-volume (default fs)] subPath should support restarting containers using directory as subpath [Slow]" classname="Kubernetes e2e suite" status="skipped" time="0">
              <skipped message="skipped"></skipped>
          </testcase>
          <testcase name="[It] [sig-storage] In-tree Volumes [Driver: local] [LocalVolumeType: block] [Testpattern: Dynamic PV (ntfs)] [Feature:Windows] subPath should be able to unmount after the subpath directory is deleted [LinuxOnly]" classname="Kubernetes e2e suite" status="skipped" time="0">
              <skipped message="skipped"></skipped>
          </testcase>
          <testcase name="[It] [sig-storage] In-tree Volumes [Driver: local] [LocalVolumeType: tmpfs] [Testpattern: Dynamic PV (ext4)] multiVolume [Slow] should access to two volumes with the same volume mode and retain data across pod recreation on the same node" classname="Kubernetes e2e suite" status="skipped" time="0">
              <skipped message="skipped"></skipped>
          </testcase>
          <testcase name="[It] [sig-storage] In-tree Volumes [Driver: local] [LocalVolumeType: gce-localssd-scsi-fs] [Serial] [Testpattern: Pre-provisioned PV (default fs)] subPath should support restarting containers using directory as subpath [Slow]" classname="Kubernetes e2e suite" status="skipped" time="0">
              <skipped message="skipped"></skipped>
          </testcase>
          <testcase name="[It] [sig-storage] PersistentVolumes-local [Volume type: blockfswithoutformat] Two pods mounting a local volume at the same time should be able to write from pod1 and read from pod2" classname="Kubernetes e2e suite" status="skipped" time="0">
              <skipped message="skipped"></skipped>
          </testcase>
          <testcase name="[It] [sig-storage] CSI Volumes [Driver: pd.csi.storage.gke.io] [Serial] [Testpattern: Pre-provisioned PV (filesystem volmode)] multiVolume [Slow] should access to two volumes with different volume mode and retain data across pod recreation on different node" classname="Kubernetes e2e suite" status="skipped" time="0">
              <skipped message="skipped"></skipped>
          </testcase>
          <testcase name="[It] [sig-storage] In-tree Volumes [Driver: hostPath] [Testpattern: Generic Ephemeral-volume (default fs) (late-binding)] ephemeral should support multiple inline ephemeral volumes" classname="Kubernetes e2e suite" status="skipped" time="0">
              <skipped message="skipped"></skipped>
          </testcase>
          <testcase name="[It] [sig-storage] In-tree Volumes [Driver: emptydir] [Testpattern: Dynamic PV (block volmode)] multiVolume [Slow] should access to two volumes with the same volume mode and retain data across pod recreation on different node" classname="Kubernetes e2e suite" status="skipped" time="0">
              <skipped message="skipped"></skipped>
          </testcase>
          <testcase name="[It] [sig-storage] In-tree Volumes [Driver: iscsi] [Feature:Volumes] [Testpattern: Dynamic PV (block volmode)] provisioning should provision storage with snapshot data source (ROX mode) [Feature:VolumeSnapshotDataSource]" classname="Kubernetes e2e suite" status="skipped" time="0">
              <skipped message="skipped"></skipped>
          </testcase>
          <testcase name="[It] [sig-storage] In-tree Volumes [Driver: azure-disk] [Testpattern: Dynamic PV (filesystem volmode)] disruptive [Disruptive] [LinuxOnly] Should test that pv written before kubelet restart is readable after restart." classname="Kubernetes e2e suite" status="skipped" time="0">
              <skipped message="skipped"></skipped>
          </testcase>
          <testcase name="[It] [sig-storage] CSI Volumes [Driver: csi-hostpath] [Testpattern: Dynamic Snapshot (delete policy)] snapshottable-stress [Feature:VolumeSnapshotDataSource] should support snapshotting of many volumes repeatedly [Slow] [Serial]" classname="Kubernetes e2e suite" status="skipped" time="0">
              <skipped message="skipped"></skipped>
          </testcase>
          <testcase name="[It] [sig-storage] In-tree Volumes [Driver: iscsi] [Feature:Volumes] [Testpattern: Pre-provisioned PV (default fs)] subPath should support readOnly directory specified in the volumeMount" classname="Kubernetes e2e suite" status="skipped" time="0">
              <skipped message="skipped"></skipped>
          </testcase>
          <testcase name="[It] [sig-storage] CSI Volumes [Driver: pd.csi.storage.gke.io] [Serial] [Testpattern: Inline-volume (default fs)] volumes should allow exec of files on the volume" classname="Kubernetes e2e suite" status="skipped" time="0">
              <skipped message="skipped"></skipped>
          </testcase>
          <testcase name="[It] [sig-storage] In-tree Volumes [Driver: hostPathSymlink] [Testpattern: Dynamic PV (block volmode)] volume-stress multiple pods should access different volumes repeatedly [Slow] [Serial]" classname="Kubernetes e2e suite" status="skipped" time="0">
              <skipped message="skipped"></skipped>
          </testcase>
          <testcase name="[It] [sig-storage] In-tree Volumes [Driver: emptydir] [Testpattern: Dynamic PV (block volmode)] provisioning should provision storage with snapshot data source (ROX mode) [Feature:VolumeSnapshotDataSource]" classname="Kubernetes e2e suite" status="skipped" time="0">
              <skipped message="skipped"></skipped>
          </testcase>
          <testcase name="[It] [sig-storage] In-tree Volumes [Driver: local] [LocalVolumeType: dir-link] [Testpattern: Dynamic PV (default fs)] subPath should support existing single file [LinuxOnly]" classname="Kubernetes e2e suite" status="skipped" time="0">
              <skipped message="skipped"></skipped>
          </testcase>
          <testcase name="[It] [sig-storage] In-tree Volumes [Driver: local] [LocalVolumeType: gce-localssd-scsi-fs] [Serial] [Testpattern: Dynamic PV (default fs)] subPath should fail if non-existent subpath is outside the volume [Slow] [LinuxOnly]" classname="Kubernetes e2e suite" status="skipped" time="0">
              <skipped message="skipped"></skipped>
          </testcase>
          <testcase name="[It] [sig-storage] PersistentVolumes-local [Volume type: dir] One pod requesting one prebound PVC should be able to mount volume and write from pod1" classname="Kubernetes e2e suite" status="skipped" time="0">
              <skipped message="skipped"></skipped>
          </testcase>
          <testcase name="[It] [sig-storage] In-tree Volumes [Driver: iscsi] [Feature:Volumes] [Testpattern: Generic Ephemeral-volume (block volmode) (late-binding)] ephemeral should support expansion of pvcs created for ephemeral pvcs" classname="Kubernetes e2e suite" status="skipped" time="0">
              <skipped message="skipped"></skipped>
          </testcase>
          <testcase name="[It] [sig-storage] In-tree Volumes [Driver: local] [LocalVolumeType: block] [Testpattern: Dynamic PV (ntfs)] [Feature:Windows] subPath should unmount if pod is gracefully deleted while kubelet is down [Disruptive] [Slow] [LinuxOnly]" classname="Kubernetes e2e suite" status="skipped" time="0">
              <skipped message="skipped"></skipped>
          </testcase>
          <testcase name="[It] [sig-network] IngressClass [Feature:Ingress] should set default value on new IngressClass [Serial]" classname="Kubernetes e2e suite" status="skipped" time="0">
              <skipped message="skipped"></skipped>
          </testcase>
          <testcase name="[It] [sig-storage] In-tree Volumes [Driver: vsphere] [Testpattern: Dynamic PV (block volmode)] provisioning should provision storage with pvc data source (ROX mode)" classname="Kubernetes e2e suite" status="skipped" time="0">
              <skipped message="skipped"></skipped>
          </testcase>
          <testcase name="[It] [sig-node] Security Context should support volume SELinux relabeling when using hostIPC [Flaky] [LinuxOnly]" classname="Kubernetes e2e suite" status="skipped" time="0">
              <skipped message="skipped"></skipped>
          </testcase>
          <testcase name="[It] [sig-storage] In-tree Volumes [Driver: iscsi] [Feature:Volumes] [Testpattern: Dynamic PV (block volmode)] multiVolume [Slow] should access to two volumes with different volume mode and retain data across pod recreation on the same node" classname="Kubernetes e2e suite" status="skipped" time="0">
              <skipped message="skipped"></skipped>
          </testcase>
          <testcase name="[It] [sig-node] Security Context When creating a pod with privileged should run the container as unprivileged when false [LinuxOnly] [NodeConformance] [Conformance]" classname="Kubernetes e2e suite" status="passed" time="2.052633762"></testcase>
          <testcase name="[It] [sig-storage] CSI Volumes [Driver: pd.csi.storage.gke.io] [Serial] [Testpattern: Dynamic PV (block volmode)] provisioning should provision storage with pvc data source" classname="Kubernetes e2e suite" status="skipped" time="0">
              <skipped message="skipped"></skipped>
          </testcase>
          <testcase name="[It] [sig-node] Pod InPlace Resize Container [FeatureGate:InPlacePodVerticalScaling] [Beta] Burstable QoS pod, three containers - no change for c1, increase c2 resources, decrease c3 (net decrease for pod)" classname="Kubernetes e2e suite" status="skipped" time="0">
              <skipped message="skipped"></skipped>
          </testcase>
          <testcase name="[It] [sig-storage] CSI Volumes [Driver: pd.csi.storage.gke.io] [Serial] [Testpattern: Dynamic PV (delayed binding)] topology should provision a volume and schedule a pod with AllowedTopologies" classname="Kubernetes e2e suite" status="skipped" time="0">
              <skipped message="skipped"></skipped>
          </testcase>
          <testcase name="[It] [sig-storage] [Serial] Volume metrics PVC should create metrics for total time taken in volume operations in P/V Controller" classname="Kubernetes e2e suite" status="skipped" time="0">
              <skipped message="skipped"></skipped>
          </testcase>
          <testcase name="[It] [sig-storage] [Serial] Volume metrics PVC should create volume metrics in Volume Manager" classname="Kubernetes e2e suite" status="skipped" time="0">
              <skipped message="skipped"></skipped>
          </testcase>
          <testcase name="[It] [sig-network] Services should allow creating a basic SCTP service with pod and endpoints [LinuxOnly] [Serial]" classname="Kubernetes e2e suite" status="skipped" time="0">
              <skipped message="skipped"></skipped>
          </testcase>
          <testcase name="[It] [sig-storage] In-tree Volumes [Driver: local] [LocalVolumeType: dir-bindmounted] [Testpattern: Dynamic PV (default fs)] fsgroupchangepolicy (Always)[LinuxOnly], pod created with an initial fsgroup, volume contents ownership changed via chgrp in first pod, new pod with same fsgroup applied to the volume contents" classname="Kubernetes e2e suite" status="skipped" time="0">
              <skipped message="skipped"></skipped>
          </testcase>
          <testcase name="[It] [sig-storage] In-tree Volumes [Driver: emptydir] [Testpattern: Dynamic PV (immediate binding)] topology should fail to schedule a pod which has topologies that conflict with AllowedTopologies" classname="Kubernetes e2e suite" status="skipped" time="0">
              <skipped message="skipped"></skipped>
          </testcase>
          <testcase name="[It] [sig-storage] CSI Volumes [Driver: csi-hostpath] [Testpattern: Dynamic PV (ntfs)] [Feature:Windows] subPath should support readOnly file specified in the volumeMount [LinuxOnly]" classname="Kubernetes e2e suite" status="skipped" time="0">
              <skipped message="skipped"></skipped>
          </testcase>
          <testcase name="[It] [sig-storage] CSI Volumes [Driver: pd.csi.storage.gke.io] [Serial] [Testpattern: Pre-provisioned PV (block volmode)] multiVolume [Slow] should concurrently access the volume and its clone from pods on the same node [LinuxOnly] [Feature:VolumeSourceXFS]" classname="Kubernetes e2e suite" status="skipped" time="0">
              <skipped message="skipped"></skipped>
          </testcase>
          <testcase name="[It] [sig-storage] In-tree Volumes [Driver: iscsi] [Feature:Volumes] [Testpattern: Dynamic PV (ntfs)] [Feature:Windows] provisioning should provision storage with snapshot data source [Feature:VolumeSnapshotDataSource]" classname="Kubernetes e2e suite" status="skipped" time="0">
              <skipped message="skipped"></skipped>
          </testcase>
          <testcase name="[It] [sig-storage] In-tree Volumes [Driver: local] [LocalVolumeType: blockfs] [Testpattern: Pre-provisioned PV (default fs)] subPath should support creating multiple subpath from same volumes [Slow]" classname="Kubernetes e2e suite" status="skipped" time="0">
              <skipped message="skipped"></skipped>
          </testcase>
          <testcase name="[It] [sig-storage] In-tree Volumes [Driver: local] [LocalVolumeType: dir-link-bindmounted] [Testpattern: Dynamic PV (filesystem volmode)] disruptive [Disruptive] [LinuxOnly] Should test that pv used in a pod that is deleted while the kubelet is down is usable by a new pod with a different SELinux context when kubelet returns [Feature:SELinux]" classname="Kubernetes e2e suite" status="skipped" time="0">
              <skipped message="skipped"></skipped>
          </testcase>
          <testcase name="[It] [sig-storage] In-tree Volumes [Driver: nfs] [Testpattern: Generic Ephemeral-volume (default fs) (immediate-binding)] ephemeral should create read-only inline ephemeral volume" classname="Kubernetes e2e suite" status="skipped" time="0">
              <skipped message="skipped"></skipped>
          </testcase>
          <testcase name="[It] [sig-storage] In-tree Volumes [Driver: local] [LocalVolumeType: dir-link] [Testpattern: Pre-provisioned PV (filesystem volmode)] disruptive [Disruptive] [LinuxOnly] Should test that pv used in a pod that is force deleted while the kubelet is down is usable by a new pod with a different SELinux context when kubelet returns [Feature:SELinux]" classname="Kubernetes e2e suite" status="skipped" time="0">
              <skipped message="skipped"></skipped>
          </testcase>
          <testcase name="[It] [sig-storage] HostPathType Block Device [Slow] Should fail on mounting block device &#39;ablkdev&#39; when HostPathType is HostPathCharDev" classname="Kubernetes e2e suite" status="skipped" time="0">
              <skipped message="skipped"></skipped>
          </testcase>
          <testcase name="[It] [sig-storage] In-tree Volumes [Driver: azure-disk] [Testpattern: Dynamic PV (xfs)] [Slow] multiVolume [Slow] should access to two volumes with different volume mode and retain data across pod recreation on different node" classname="Kubernetes e2e suite" status="skipped" time="0">
              <skipped message="skipped"></skipped>
          </testcase>
          <testcase name="[It] [sig-storage] In-tree Volumes [Driver: nfs] [Testpattern: Dynamic PV (block volmode)] provisioning should provision storage with snapshot data source (ROX mode) [Feature:VolumeSnapshotDataSource]" classname="Kubernetes e2e suite" status="skipped" time="0">
              <skipped message="skipped"></skipped>
          </testcase>
          <testcase name="[It] [sig-storage] In-tree Volumes [Driver: local] [LocalVolumeType: block] [Testpattern: Pre-provisioned PV (default fs)] subPath should fail if subpath directory is outside the volume [Slow] [LinuxOnly]" classname="Kubernetes e2e suite" status="skipped" time="0">
              <skipped message="skipped"></skipped>
          </testcase>
          <testcase name="[It] [sig-storage] In-tree Volumes [Driver: local] [LocalVolumeType: blockfs] [Testpattern: Pre-provisioned PV (filesystem volmode)] volumeMode should fail to use a volume in a pod with mismatched mode [Slow]" classname="Kubernetes e2e suite" status="skipped" time="0">
              <skipped message="skipped"></skipped>
          </testcase>
          <testcase name="[It] [sig-storage] In-tree Volumes [Driver: cinder] [Testpattern: Dynamic PV (filesystem volmode)] disruptive [Disruptive] [LinuxOnly] Should test that pv written before kubelet restart is readable after restart." classname="Kubernetes e2e suite" status="skipped" time="0">
              <skipped message="skipped"></skipped>
          </testcase>
          <testcase name="[It] [sig-storage] In-tree Volumes [Driver: local] [LocalVolumeType: tmpfs] [Testpattern: Dynamic PV (ntfs)(allowExpansion)] [Feature:Windows] volume-expand should resize volume when PVC is edited while pod is using it" classname="Kubernetes e2e suite" status="skipped" time="0">
              <skipped message="skipped"></skipped>
          </testcase>
          <testcase name="[It] [sig-storage] In-tree Volumes [Driver: local] [LocalVolumeType: tmpfs] [Testpattern: Dynamic PV (default fs)] provisioning should provision storage with snapshot data source (ROX mode) [Feature:VolumeSnapshotDataSource]" classname="Kubernetes e2e suite" status="skipped" time="0">
              <skipped message="skipped"></skipped>
          </testcase>
          <testcase name="[It] [sig-api-machinery] kube-apiserver identity [Feature:APIServerIdentity] kube-apiserver identity should persist after restart [Disruptive]" classname="Kubernetes e2e suite" status="skipped" time="0">
              <skipped message="skipped"></skipped>
          </testcase>
          <testcase name="[It] [sig-storage] In-tree Volumes [Driver: nfs] [Testpattern: Inline-volume (default fs)] subPath should unmount if pod is gracefully deleted while kubelet is down [Disruptive] [Slow] [LinuxOnly]" classname="Kubernetes e2e suite" status="skipped" time="0">
              <skipped message="skipped"></skipped>
          </testcase>
          <testcase name="[It] [sig-node] Security Context When creating a container with runAsNonRoot should run with an image specified user ID" classname="Kubernetes e2e suite" status="skipped" time="0">
              <skipped message="skipped"></skipped>
          </testcase>
          <testcase name="[It] [sig-storage] CSI Mock volume storage capacity storage capacity exhausted, late binding, with topology" classname="Kubernetes e2e suite" status="skipped" time="0">
              <skipped message="skipped"></skipped>
          </testcase>
          <testcase name="[It] [sig-storage] In-tree Volumes [Driver: local] [LocalVolumeType: dir] [Testpattern: Dynamic PV (filesystem volmode)] disruptive [Disruptive] [LinuxOnly] Should test that pv used in a pod that is deleted while the kubelet is down is usable by a new pod when kubelet returns [Feature:SELinux]" classname="Kubernetes e2e suite" status="skipped" time="0">
              <skipped message="skipped"></skipped>
          </testcase>
          <testcase name="[It] [sig-storage] In-tree Volumes [Driver: cinder] [Testpattern: Dynamic PV (block volmode)] provisioning should provision storage with snapshot data source [Feature:VolumeSnapshotDataSource]" classname="Kubernetes e2e suite" status="skipped" time="0">
              <skipped message="skipped"></skipped>
          </testcase>
          <testcase name="[It] [sig-node] Security Context should support seccomp runtime/default [LinuxOnly]" classname="Kubernetes e2e suite" status="skipped" time="0">
              <skipped message="skipped"></skipped>
          </testcase>
          <testcase name="[It] [sig-storage] In-tree Volumes [Driver: iscsi] [Feature:Volumes] [Testpattern: Dynamic PV (filesystem volmode)] volumeLimits should verify that all csinodes have volume limits" classname="Kubernetes e2e suite" status="skipped" time="0">
              <skipped message="skipped"></skipped>
          </testcase>
          <testcase name="[It] [sig-storage] In-tree Volumes [Driver: vsphere] [Testpattern: Pre-provisioned PV (filesystem volmode)] multiVolume [Slow] should access to two volumes with different volume mode and retain data across pod recreation on the same node" classname="Kubernetes e2e suite" status="skipped" time="0">
              <skipped message="skipped"></skipped>
          </testcase>
          <testcase name="[It] [sig-storage] In-tree Volumes [Driver: iscsi] [Feature:Volumes] [Testpattern: Dynamic PV (default fs)] volumes should store data" classname="Kubernetes e2e suite" status="skipped" time="0">
              <skipped message="skipped"></skipped>
          </testcase>
          <testcase name="[It] [sig-storage] In-tree Volumes [Driver: local] [LocalVolumeType: dir-bindmounted] [Testpattern: Inline-volume (ext3)] volumes should allow exec of files on the volume" classname="Kubernetes e2e suite" status="skipped" time="0">
              <skipped message="skipped"></skipped>
          </testcase>
          <testcase name="[It] [sig-storage] In-tree Volumes [Driver: azure-file] [Testpattern: Pre-provisioned PV (filesystem volmode)] multiVolume [Slow] should concurrently access the volume and restored snapshot from pods on the same node [LinuxOnly] [Feature:VolumeSnapshotDataSource] [Feature:VolumeSourceXFS]" classname="Kubernetes e2e suite" status="skipped" time="0">
              <skipped message="skipped"></skipped>
          </testcase>
          <testcase name="[It] [sig-storage] CSI Volumes [Driver: pd.csi.storage.gke.io] [Serial] [Testpattern: Dynamic PV (block volmode)] volume-modify [FeatureGate:VolumeAttributesClass] [Beta] [Feature:OffByDefault] should be protected by vac-protection finalizer" classname="Kubernetes e2e suite" status="skipped" time="0">
              <skipped message="skipped"></skipped>
          </testcase>
          <testcase name="[It] [sig-apps] ReplicaSet should surface a failure condition on a common issue like exceeded quota" classname="Kubernetes e2e suite" status="skipped" time="0">
              <skipped message="skipped"></skipped>
          </testcase>
          <testcase name="[It] [sig-storage] In-tree Volumes [Driver: nfs] [Testpattern: Dynamic PV (xfs)] [Slow] multiVolume [Slow] should concurrently access the volume and restored snapshot from pods on the same node [LinuxOnly] [Feature:VolumeSnapshotDataSource] [Feature:VolumeSourceXFS]" classname="Kubernetes e2e suite" status="skipped" time="0">
              <skipped message="skipped"></skipped>
          </testcase>
          <testcase name="[It] [sig-storage] In-tree Volumes [Driver: local] [LocalVolumeType: dir-bindmounted] [Testpattern: Dynamic PV (filesystem volmode)] volumeLimits should support volume limits [Serial]" classname="Kubernetes e2e suite" status="skipped" time="0">
              <skipped message="skipped"></skipped>
          </testcase>
          <testcase name="[It] [sig-api-machinery] ResourceQuota should create a ResourceQuota and capture the life of a custom resource." classname="Kubernetes e2e suite" status="skipped" time="0">
              <skipped message="skipped"></skipped>
          </testcase>
          <testcase name="[It] [sig-storage] In-tree Volumes [Driver: iscsi] [Feature:Volumes] [Testpattern: Pre-provisioned PV (filesystem volmode)] disruptive [Disruptive] [LinuxOnly] Should test that pv used in a pod that is force deleted while the kubelet is down is usable by a new pod when kubelet returns [Feature:SELinux]" classname="Kubernetes e2e suite" status="skipped" time="0">
              <skipped message="skipped"></skipped>
          </testcase>
          <testcase name="[It] [sig-cloud-provider-gcp] Ports Security Check [Feature:KubeletSecurity] should not have port 4194 open on its all public IP addresses" classname="Kubernetes e2e suite" status="skipped" time="0">
              <skipped message="skipped"></skipped>
          </testcase>
          <testcase name="[It] [sig-storage] In-tree Volumes [Driver: local] [LocalVolumeType: block] [Testpattern: Generic Ephemeral-volume (block volmode) (late-binding)] ephemeral should support multiple inline ephemeral volumes" classname="Kubernetes e2e suite" status="skipped" time="0">
              <skipped message="skipped"></skipped>
          </testcase>
          <testcase name="[It] [sig-storage] In-tree Volumes [Driver: local] [LocalVolumeType: dir-bindmounted] [Testpattern: Dynamic PV (block volmode)] multiVolume [Slow] should concurrently access the volume and restored snapshot from pods on the same node [LinuxOnly] [Feature:VolumeSnapshotDataSource] [Feature:VolumeSourceXFS]" classname="Kubernetes e2e suite" status="skipped" time="0">
              <skipped message="skipped"></skipped>
          </testcase>
          <testcase name="[It] [sig-storage] In-tree Volumes [Driver: local] [LocalVolumeType: dir-link-bindmounted] [Testpattern: Inline-volume (default fs)] subPath should unmount if pod is force deleted while kubelet is down [Disruptive] [Slow] [LinuxOnly]" classname="Kubernetes e2e suite" status="skipped" time="0">
              <skipped message="skipped"></skipped>
          </testcase>
          <testcase name="[It] [sig-storage] In-tree Volumes [Driver: azure-file] [Testpattern: Dynamic PV (block volmode)] multiVolume [Slow] should access to two volumes with different volume mode and retain data across pod recreation on the same node" classname="Kubernetes e2e suite" status="skipped" time="0">
              <skipped message="skipped"></skipped>
          </testcase>
          <testcase name="[It] [sig-network] DNS HostNetwork should resolve DNS of partial qualified names for services on hostNetwork pods with dnsPolicy: ClusterFirstWithHostNet [LinuxOnly]" classname="Kubernetes e2e suite" status="skipped" time="0">
              <skipped message="skipped"></skipped>
          </testcase>
          <testcase name="[It] [sig-node] DRA [Feature:DynamicResourceAllocation] [FeatureGate:DynamicResourceAllocation] [Beta] [Feature:OffByDefault] with v1beta2 API supports requests with alternatives [Feature:DRAPrioritizedList]" classname="Kubernetes e2e suite" status="skipped" time="0">
              <skipped message="skipped"></skipped>
          </testcase>
          <testcase name="[It] [sig-storage] In-tree Volumes [Driver: local] [LocalVolumeType: dir-link] [Testpattern: Pre-provisioned PV (ext3)] volumes should store data" classname="Kubernetes e2e suite" status="skipped" time="0">
              <skipped message="skipped"></skipped>
          </testcase>
          <testcase name="[It] [sig-storage] PersistentVolumes-local StatefulSet with pod affinity [Slow] should use volumes on one node when pod management is parallel and pod has affinity" classname="Kubernetes e2e suite" status="skipped" time="0">
              <skipped message="skipped"></skipped>
          </testcase>
          <testcase name="[It] [sig-storage] Mounted volume expand [Feature:StorageProvider] Should verify mounted devices can be resized" classname="Kubernetes e2e suite" status="skipped" time="0">
              <skipped message="skipped"></skipped>
          </testcase>
          <testcase name="[It] [sig-storage] In-tree Volumes [Driver: vsphere] [Testpattern: Dynamic PV (block volmode)] multiVolume [Slow] should concurrently access the single read-only volume from pods on the same node" classname="Kubernetes e2e suite" status="skipped" time="0">
              <skipped message="skipped"></skipped>
          </testcase>
          <testcase name="[It] [sig-storage] In-tree Volumes [Driver: azure-disk] [Testpattern: Dynamic PV (block volmode)] multiVolume [Slow] should access to two volumes with the same volume mode and retain data across pod recreation on the same node" classname="Kubernetes e2e suite" status="skipped" time="0">
              <skipped message="skipped"></skipped>
          </testcase>
          <testcase name="[It] [sig-api-machinery] CRDValidationRatcheting [Privileged:ClusterAdmin] [FeatureGate:CRDValidationRatcheting] MUST fail to update a resource due to JSONSchema errors on changed fields" classname="Kubernetes e2e suite" status="skipped" time="0">
              <skipped message="skipped"></skipped>
          </testcase>
          <testcase name="[It] [sig-storage] PersistentVolumes NFS with Single PV - PVC pairs create a PVC and a pre-bound PV: test write access" classname="Kubernetes e2e suite" status="skipped" time="0">
              <skipped message="skipped"></skipped>
          </testcase>
          <testcase name="[It] [sig-node] Pod InPlace Resize Container [FeatureGate:InPlacePodVerticalScaling] [Beta] Burstable QoS pod, one container - decrease CPU (NotRequired) &amp; memory (RestartContainer)" classname="Kubernetes e2e suite" status="skipped" time="0">
              <skipped message="skipped"></skipped>
          </testcase>
          <testcase name="[It] [sig-storage] In-tree Volumes [Driver: local] [LocalVolumeType: block] [Testpattern: Dynamic PV (block volmode)] multiVolume [Slow] should concurrently access the volume and its clone from pods on the same node [LinuxOnly] [Feature:VolumeSourceXFS]" classname="Kubernetes e2e suite" status="skipped" time="0">
              <skipped message="skipped"></skipped>
          </testcase>
          <testcase name="[It] [sig-storage] In-tree Volumes [Driver: hostPathSymlink] [Testpattern: Dynamic PV (ntfs)] [Feature:Windows] subPath should support readOnly directory specified in the volumeMount" classname="Kubernetes e2e suite" status="skipped" time="0">
              <skipped message="skipped"></skipped>
          </testcase>
          <testcase name="[It] [sig-storage] In-tree Volumes [Driver: emptydir] [Testpattern: Pre-provisioned PV (default fs)] subPath should be able to unmount after the subpath directory is deleted [LinuxOnly]" classname="Kubernetes e2e suite" status="skipped" time="0">
              <skipped message="skipped"></skipped>
          </testcase>
          <testcase name="[It] [sig-windows] [Feature:Windows] SecurityContext should not be able to create pods with containers running as ContainerAdministrator when runAsNonRoot is true" classname="Kubernetes e2e suite" status="skipped" time="0">
              <skipped message="skipped"></skipped>
          </testcase>
          <testcase name="[It] [sig-storage] In-tree Volumes [Driver: local] [LocalVolumeType: dir-link-bindmounted] [Testpattern: Dynamic PV (xfs)] [Slow] multiVolume [Slow] should concurrently access the volume and restored snapshot from pods on the same node [LinuxOnly] [Feature:VolumeSnapshotDataSource] [Feature:VolumeSourceXFS]" classname="Kubernetes e2e suite" status="skipped" time="0">
              <skipped message="skipped"></skipped>
          </testcase>
          <testcase name="[It] [sig-cli] Kubectl client Kubectl run pod should create a pod from an image when restart is Never [Conformance]" classname="Kubernetes e2e suite" status="passed" time="1.815962582"></testcase>
          <testcase name="[It] [sig-storage] CSI Volumes [Driver: pd.csi.storage.gke.io] [Serial] [Testpattern: Dynamic PV (block volmode)] multiVolume [Slow] should concurrently access the single volume from pods on different node" classname="Kubernetes e2e suite" status="skipped" time="0">
              <skipped message="skipped"></skipped>
          </testcase>
          <testcase name="[It] [sig-storage] In-tree Volumes [Driver: azure-disk] [Testpattern: Inline-volume (default fs)] subPath should support existing single file [LinuxOnly]" classname="Kubernetes e2e suite" status="skipped" time="0">
              <skipped message="skipped"></skipped>
          </testcase>
          <testcase name="[It] [sig-storage] In-tree Volumes [Driver: local] [LocalVolumeType: tmpfs] [Testpattern: Dynamic PV (default fs)] provisioning should provision storage with any volume data source [Serial]" classname="Kubernetes e2e suite" status="skipped" time="0">
              <skipped message="skipped"></skipped>
          </testcase>
          <testcase name="[It] [sig-apps] Job should delete a job [Conformance]" classname="Kubernetes e2e suite" status="passed" time="3.103123927"></testcase>
          <testcase name="[It] [sig-storage] In-tree Volumes [Driver: local] [LocalVolumeType: dir-link-bindmounted] [Testpattern: Dynamic PV (block volmode)] multiVolume [Slow] should access to two volumes with different volume mode and retain data across pod recreation on different node" classname="Kubernetes e2e suite" status="skipped" time="0">
              <skipped message="skipped"></skipped>
          </testcase>
          <testcase name="[It] [sig-storage] In-tree Volumes [Driver: hostPathSymlink] [Testpattern: Pre-provisioned PV (block volmode)] disruptive [Disruptive] [LinuxOnly] Should test that pv written before kubelet restart is readable after restart." classname="Kubernetes e2e suite" status="skipped" time="0">
              <skipped message="skipped"></skipped>
          </testcase>
          <testcase name="[It] [sig-storage] In-tree Volumes [Driver: local] [LocalVolumeType: block] [Testpattern: Dynamic PV (filesystem volmode)] multiVolume [Slow] should access to two volumes with different volume mode and retain data across pod recreation on different node" classname="Kubernetes e2e suite" status="skipped" time="0">
              <skipped message="skipped"></skipped>
          </testcase>
          <testcase name="[It] [sig-network] Services should fallback to terminating endpoints when there are no ready endpoints with externallTrafficPolicy=Cluster" classname="Kubernetes e2e suite" status="skipped" time="0">
              <skipped message="skipped"></skipped>
          </testcase>
          <testcase name="[It] [sig-node] DRA [Feature:DynamicResourceAllocation] [FeatureGate:DynamicResourceAllocation] [Beta] [Feature:OffByDefault] with prioritized list chooses the correct subrequest subject to constraints [Feature:DRAPrioritizedList]" classname="Kubernetes e2e suite" status="skipped" time="0">
              <skipped message="skipped"></skipped>
          </testcase>
          <testcase name="[It] [sig-storage] CSI Volumes [Driver: csi-hostpath] [Testpattern: Dynamic PV (ntfs)] [Feature:Windows] subPath should fail if subpath directory is outside the volume [Slow] [LinuxOnly]" classname="Kubernetes e2e suite" status="skipped" time="0">
              <skipped message="skipped"></skipped>
          </testcase>
          <testcase name="[It] [sig-storage] In-tree Volumes [Driver: emptydir] [Testpattern: Dynamic PV (default fs)] subPath should unmount if pod is force deleted while kubelet is down [Disruptive] [Slow] [LinuxOnly]" classname="Kubernetes e2e suite" status="skipped" time="0">
              <skipped message="skipped"></skipped>
          </testcase>
          <testcase name="[It] [sig-storage] In-tree Volumes [Driver: local] [LocalVolumeType: dir-bindmounted] [Testpattern: Pre-provisioned PV (default fs)] volumes should allow exec of files on the volume" classname="Kubernetes e2e suite" status="skipped" time="0">
              <skipped message="skipped"></skipped>
          </testcase>
          <testcase name="[It] [sig-storage] In-tree Volumes [Driver: azure-file] [Testpattern: Pre-provisioned PV (block volmode)] multiVolume [Slow] should access to two volumes with different volume mode and retain data across pod recreation on different node" classname="Kubernetes e2e suite" status="skipped" time="0">
              <skipped message="skipped"></skipped>
          </testcase>
          <testcase name="[It] [sig-storage] CSI Volumes [Driver: pd.csi.storage.gke.io] [Serial] [Testpattern: Pre-provisioned PV (xfs)] [Slow] volumes should allow exec of files on the volume" classname="Kubernetes e2e suite" status="skipped" time="0">
              <skipped message="skipped"></skipped>
          </testcase>
          <testcase name="[It] [sig-storage] In-tree Volumes [Driver: cinder] [Testpattern: Dynamic PV (default fs)] volumes should allow exec of files on the volume" classname="Kubernetes e2e suite" status="skipped" time="0">
              <skipped message="skipped"></skipped>
          </testcase>
          <testcase name="[It] [sig-storage] In-tree Volumes [Driver: local] [LocalVolumeType: dir-link] [Testpattern: Generic Ephemeral-volume (block volmode) (late-binding)] ephemeral should create read-only inline ephemeral volume" classname="Kubernetes e2e suite" status="skipped" time="0">
              <skipped message="skipped"></skipped>
          </testcase>
          <testcase name="[It] [sig-storage] In-tree Volumes [Driver: local] [LocalVolumeType: dir-bindmounted] [Testpattern: Pre-provisioned PV (block volmode)] disruptive [Disruptive] [LinuxOnly] Should test that pv used in a pod that is deleted while the kubelet is down cleans up when the kubelet returns." classname="Kubernetes e2e suite" status="skipped" time="0">
              <skipped message="skipped"></skipped>
          </testcase>
          <testcase name="[It] [sig-storage] In-tree Volumes [Driver: nfs] [Testpattern: Dynamic PV (ntfs)] [Feature:Windows] subPath should support readOnly directory specified in the volumeMount" classname="Kubernetes e2e suite" status="skipped" time="0">
              <skipped message="skipped"></skipped>
          </testcase>
          <testcase name="[It] [sig-storage] In-tree Volumes [Driver: vsphere] [Testpattern: Dynamic PV (block volmode)] volumes should store data" classname="Kubernetes e2e suite" status="skipped" time="0">
              <skipped message="skipped"></skipped>
          </testcase>
          <testcase name="[It] [sig-storage] In-tree Volumes [Driver: iscsi] [Feature:Volumes] [Testpattern: Pre-provisioned PV (filesystem volmode)] volumeMode should fail to use a volume in a pod with mismatched mode [Slow]" classname="Kubernetes e2e suite" status="skipped" time="0">
              <skipped message="skipped"></skipped>
          </testcase>
          <testcase name="[It] [sig-api-machinery] client-go should negotiate watch and report errors with accept &#34;application/vnd.kubernetes.protobuf,application/json&#34;" classname="Kubernetes e2e suite" status="skipped" time="0">
              <skipped message="skipped"></skipped>
          </testcase>
          <testcase name="[It] [sig-storage] In-tree Volumes [Driver: emptydir] [Testpattern: Dynamic PV (default fs)] subPath should support existing single file [LinuxOnly]" classname="Kubernetes e2e suite" status="skipped" time="0">
              <skipped message="skipped"></skipped>
          </testcase>
          <testcase name="[It] [sig-storage] CSI Volumes [Driver: pd.csi.storage.gke.io] [Serial] [Testpattern: Dynamic PV (ntfs)] [Feature:Windows] multiVolume [Slow] should access to two volumes with different volume mode and retain data across pod recreation on different node" classname="Kubernetes e2e suite" status="skipped" time="0">
              <skipped message="skipped"></skipped>
          </testcase>
          <testcase name="[It] [sig-node] PodRejectionStatus Kubelet should reject pod when the node didn&#39;t have enough resource" classname="Kubernetes e2e suite" status="skipped" time="0">
              <skipped message="skipped"></skipped>
          </testcase>
          <testcase name="[It] [sig-storage] In-tree Volumes [Driver: azure-disk] [Testpattern: Inline-volume (default fs)] volumes should allow exec of files on the volume" classname="Kubernetes e2e suite" status="skipped" time="0">
              <skipped message="skipped"></skipped>
          </testcase>
          <testcase name="[It] [sig-api-machinery] API priority and fairness should ensure that requests can&#39;t be drowned out (fairness)" classname="Kubernetes e2e suite" status="skipped" time="0">
              <skipped message="skipped"></skipped>
          </testcase>
          <testcase name="[It] [sig-auth] Certificates API [Privileged:ClusterAdmin] should support building a client with a CSR" classname="Kubernetes e2e suite" status="skipped" time="0">
              <skipped message="skipped"></skipped>
          </testcase>
          <testcase name="[It] [sig-storage] In-tree Volumes [Driver: local] [LocalVolumeType: gce-localssd-scsi-fs] [Serial] [Testpattern: Dynamic PV (ntfs)] [Feature:Windows] volumeIO should write files of various sizes, verify size, validate content [Slow]" classname="Kubernetes e2e suite" status="skipped" time="0">
              <skipped message="skipped"></skipped>
          </testcase>
          <testcase name="[It] [sig-network] Netpol NetworkPolicy between server and client should enforce policy based on NamespaceSelector with MatchExpressions using default ns label [Feature:NetworkPolicy]" classname="Kubernetes e2e suite" status="skipped" time="0">
              <skipped message="skipped"></skipped>
          </testcase>
          <testcase name="[It] [sig-node] Pod InPlace Resize Container [FeatureGate:InPlacePodVerticalScaling] [Beta] Burstable QoS pod, one container with cpu &amp; memory requests + limits - increase CPU requests and decrease CPU limits" classname="Kubernetes e2e suite" status="skipped" time="0">
              <skipped message="skipped"></skipped>
          </testcase>
          <testcase name="[It] [sig-storage] In-tree Volumes [Driver: emptydir] [Testpattern: Generic Ephemeral-volume (default fs) (late-binding)] ephemeral should support multiple inline ephemeral volumes" classname="Kubernetes e2e suite" status="skipped" time="0">
              <skipped message="skipped"></skipped>
          </testcase>
          <testcase name="[It] [sig-storage] In-tree Volumes [Driver: azure-file] [Testpattern: Dynamic PV (default fs)] volumes should store data" classname="Kubernetes e2e suite" status="skipped" time="0">
              <skipped message="skipped"></skipped>
          </testcase>
          <testcase name="[It] [sig-windows] [Feature:Windows] Cpu Resources [Serial] Container limits should not be exceeded after waiting 2 minutes" classname="Kubernetes e2e suite" status="skipped" time="0">
              <skipped message="skipped"></skipped>
          </testcase>
          <testcase name="[It] [sig-storage] In-tree Volumes [Driver: cinder] [Testpattern: Pre-provisioned PV (default fs)] subPath should fail if subpath with backstepping is outside the volume [Slow] [LinuxOnly]" classname="Kubernetes e2e suite" status="skipped" time="0">
              <skipped message="skipped"></skipped>
          </testcase>
          <testcase name="[It] [sig-storage] CSI Mock volume fsgroup policies CSI FSGroupPolicy Update [LinuxOnly] should update fsGroup if update from None to default" classname="Kubernetes e2e suite" status="skipped" time="0">
              <skipped message="skipped"></skipped>
          </testcase>
          <testcase name="[It] [sig-storage] In-tree Volumes [Driver: local] [LocalVolumeType: dir-link] [Testpattern: Pre-provisioned PV (block volmode)] multiVolume [Slow] should concurrently access the volume and restored snapshot from pods on the same node [LinuxOnly] [Feature:VolumeSnapshotDataSource] [Feature:VolumeSourceXFS]" classname="Kubernetes e2e suite" status="skipped" time="0">
              <skipped message="skipped"></skipped>
          </testcase>
          <testcase name="[It] [sig-storage] [Feature:NodeOutOfServiceVolumeDetach] [Disruptive] [LinuxOnly] NonGracefulNodeShutdown [NonGracefulNodeShutdown] pod that uses a persistent volume via gce pd driver should get immediately rescheduled to a different node after non graceful node shutdown" classname="Kubernetes e2e suite" status="skipped" time="0">
              <skipped message="skipped"></skipped>
          </testcase>
          <testcase name="[It] [sig-storage] In-tree Volumes [Driver: local] [LocalVolumeType: dir] [Testpattern: Pre-provisioned PV (block volmode)] volumeMode should not mount / map unused volumes in a pod [LinuxOnly]" classname="Kubernetes e2e suite" status="skipped" time="0">
              <skipped message="skipped"></skipped>
          </testcase>
          <testcase name="[It] [sig-storage] PersistentVolumes-local [Volume type: dir] Two pods mounting a local volume at the same time should be able to write from pod1 and read from pod2" classname="Kubernetes e2e suite" status="skipped" time="0">
              <skipped message="skipped"></skipped>
          </testcase>
          <testcase name="[It] [sig-storage] In-tree Volumes [Driver: nfs] [Testpattern: Dynamic PV (ntfs)] [Feature:Windows] subPath should support existing directories when readOnly specified in the volumeSource" classname="Kubernetes e2e suite" status="skipped" time="0">
              <skipped message="skipped"></skipped>
          </testcase>
          <testcase name="[It] [sig-storage] In-tree Volumes [Driver: local] [LocalVolumeType: dir-link-bindmounted] [Testpattern: Dynamic PV (ntfs)] [Feature:Windows] multiVolume [Slow] should concurrently access the single read-only volume from pods on the same node" classname="Kubernetes e2e suite" status="skipped" time="0">
              <skipped message="skipped"></skipped>
          </testcase>
          <testcase name="[It] [sig-storage] In-tree Volumes [Driver: azure-file] [Testpattern: Dynamic PV (default fs)] fsgroupchangepolicy (OnRootMismatch)[LinuxOnly], pod created with an initial fsgroup, new pod fsgroup applied to volume contents" classname="Kubernetes e2e suite" status="skipped" time="0">
              <skipped message="skipped"></skipped>
          </testcase>
          <testcase name="[It] [sig-storage] In-tree Volumes [Driver: hostPathSymlink] [Testpattern: Dynamic PV (default fs)] subPath should unmount if pod is gracefully deleted while kubelet is down [Disruptive] [Slow] [LinuxOnly]" classname="Kubernetes e2e suite" status="skipped" time="0">
              <skipped message="skipped"></skipped>
          </testcase>
          <testcase name="[It] [sig-storage] In-tree Volumes [Driver: azure-file] [Testpattern: Dynamic PV (filesystem volmode)] volumeLimits should support volume limits [Serial]" classname="Kubernetes e2e suite" status="skipped" time="0">
              <skipped message="skipped"></skipped>
          </testcase>
          <testcase name="[It] [sig-storage] In-tree Volumes [Driver: azure-disk] [Testpattern: Dynamic PV (ext3)] volumes should allow exec of files on the volume" classname="Kubernetes e2e suite" status="skipped" time="0">
              <skipped message="skipped"></skipped>
          </testcase>
          <testcase name="[It] [sig-storage] In-tree Volumes [Driver: local] [LocalVolumeType: blockfs] [Testpattern: Dynamic PV (ntfs)] [Feature:Windows] subPath should support existing single file [LinuxOnly]" classname="Kubernetes e2e suite" status="skipped" time="0">
              <skipped message="skipped"></skipped>
          </testcase>
          <testcase name="[It] [sig-storage] In-tree Volumes [Driver: hostPath] [Testpattern: Pre-provisioned PV (filesystem volmode)] disruptive [Disruptive] [LinuxOnly] Should test that pv used in a pod that is deleted while the kubelet is down is usable by a new pod with a different SELinux context when kubelet returns [Feature:SELinux]" classname="Kubernetes e2e suite" status="skipped" time="0">
              <skipped message="skipped"></skipped>
          </testcase>
          <testcase name="[It] [sig-storage] In-tree Volumes [Driver: vsphere] [Testpattern: Generic Ephemeral-volume (default fs) (immediate-binding)] ephemeral should support expansion of pvcs created for ephemeral pvcs" classname="Kubernetes e2e suite" status="skipped" time="0">
              <skipped message="skipped"></skipped>
          </testcase>
          <testcase name="[It] [sig-storage] In-tree Volumes [Driver: local] [LocalVolumeType: dir-link-bindmounted] [Testpattern: Dynamic PV (default fs)] subPath should support restarting containers using file as subpath [Slow] [LinuxOnly]" classname="Kubernetes e2e suite" status="skipped" time="0">
              <skipped message="skipped"></skipped>
          </testcase>
          <testcase name="[It] [sig-storage] In-tree Volumes [Driver: hostPathSymlink] [Testpattern: Dynamic PV (filesystem volmode)] volumeMode should not mount / map unused volumes in a pod [LinuxOnly]" classname="Kubernetes e2e suite" status="skipped" time="0">
              <skipped message="skipped"></skipped>
          </testcase>
          <testcase name="[It] [sig-storage] In-tree Volumes [Driver: emptydir] [Testpattern: Dynamic PV (default fs)] volumeIO should write files of various sizes, verify size, validate content [Slow]" classname="Kubernetes e2e suite" status="skipped" time="0">
              <skipped message="skipped"></skipped>
          </testcase>
          <testcase name="[It] [sig-storage] In-tree Volumes [Driver: azure-disk] [Testpattern: Dynamic PV (default fs)] fsgroupchangepolicy (OnRootMismatch)[LinuxOnly], pod created with an initial fsgroup, volume contents ownership changed via chgrp in first pod, new pod with same fsgroup skips ownership changes to the volume contents" classname="Kubernetes e2e suite" status="skipped" time="0">
              <skipped message="skipped"></skipped>
          </testcase>
          <testcase name="[It] [sig-storage] In-tree Volumes [Driver: iscsi] [Feature:Volumes] [Testpattern: Dynamic PV (filesystem volmode)] multiVolume [Slow] should concurrently access the volume and restored snapshot from pods on the same node [LinuxOnly] [Feature:VolumeSnapshotDataSource] [Feature:VolumeSourceXFS]" classname="Kubernetes e2e suite" status="skipped" time="0">
              <skipped message="skipped"></skipped>
          </testcase>
          <testcase name="[It] [sig-storage] In-tree Volumes [Driver: local] [LocalVolumeType: dir-link] [Testpattern: Inline-volume (default fs)] subPath should fail if non-existent subpath is outside the volume [Slow] [LinuxOnly]" classname="Kubernetes e2e suite" status="skipped" time="0">
              <skipped message="skipped"></skipped>
          </testcase>
          <testcase name="[It] [sig-api-machinery] ServerSideApply should work for subresources" classname="Kubernetes e2e suite" status="skipped" time="0">
              <skipped message="skipped"></skipped>
          </testcase>
          <testcase name="[It] [sig-storage] In-tree Volumes [Driver: local] [LocalVolumeType: dir-link] [Testpattern: Pre-provisioned PV (default fs)] subPath should support file as subpath [LinuxOnly]" classname="Kubernetes e2e suite" status="skipped" time="0">
              <skipped message="skipped"></skipped>
          </testcase>
          <testcase name="[It] [sig-storage] CSI Volumes [Driver: pd.csi.storage.gke.io] [Serial] [Testpattern: Dynamic PV (block volmode)] volume-modify [FeatureGate:VolumeAttributesClass] [Beta] [Feature:OffByDefault] should modify volume that already has a VAC" classname="Kubernetes e2e suite" status="skipped" time="0">
              <skipped message="skipped"></skipped>
          </testcase>
          <testcase name="[It] [sig-node] Sysctls [LinuxOnly] [NodeConformance] should support sysctls with slashes as separator [MinimumKubeletVersion:1.23] [Environment:NotInUserNS]" classname="Kubernetes e2e suite" status="skipped" time="0">
              <skipped message="skipped"></skipped>
          </testcase>
          <testcase name="[It] [sig-node] User Namespaces for Pod Security Standards [LinuxOnly] with UserNamespacesSupport and UserNamespacesPodSecurityStandards enabled should allow pod [Feature:UserNamespacesPodSecurityStandards]" classname="Kubernetes e2e suite" status="skipped" time="0">
              <skipped message="skipped"></skipped>
          </testcase>
          <testcase name="[It] [sig-storage] In-tree Volumes [Driver: azure-disk] [Testpattern: Pre-provisioned PV (block volmode)] volumeMode should not mount / map unused volumes in a pod [LinuxOnly]" classname="Kubernetes e2e suite" status="skipped" time="0">
              <skipped message="skipped"></skipped>
          </testcase>
          <testcase name="[It] [sig-storage] In-tree Volumes [Driver: hostPathSymlink] [Testpattern: Dynamic PV (xfs)] [Slow] volumes should allow exec of files on the volume" classname="Kubernetes e2e suite" status="skipped" time="0">
              <skipped message="skipped"></skipped>
          </testcase>
          <testcase name="[It] [sig-storage] In-tree Volumes [Driver: local] [LocalVolumeType: tmpfs] [Testpattern: Pre-provisioned PV (default fs)] subPath should support file as subpath [LinuxOnly]" classname="Kubernetes e2e suite" status="skipped" time="0">
              <skipped message="skipped"></skipped>
          </testcase>
          <testcase name="[It] [sig-storage] PersistentVolumes-local StatefulSet with pod affinity [Slow] should use volumes on one node when pod has affinity" classname="Kubernetes e2e suite" status="skipped" time="0">
              <skipped message="skipped"></skipped>
          </testcase>
          <testcase name="[It] [sig-apps] StatefulSet Scaling StatefulSetStartOrdinal Removing .start.ordinal" classname="Kubernetes e2e suite" status="skipped" time="0">
              <skipped message="skipped"></skipped>
          </testcase>
          <testcase name="[It] [sig-storage] In-tree Volumes [Driver: local] [LocalVolumeType: dir-bindmounted] [Testpattern: Inline-volume (default fs)] subPath should support readOnly directory specified in the volumeMount" classname="Kubernetes e2e suite" status="skipped" time="0">
              <skipped message="skipped"></skipped>
          </testcase>
          <testcase name="[It] [sig-storage] In-tree Volumes [Driver: local] [LocalVolumeType: dir-link-bindmounted] [Testpattern: Dynamic PV (ntfs)] [Feature:Windows] provisioning should provision correct filesystem size when restoring snapshot to larger size pvc [Feature:VolumeSnapshotDataSource]" classname="Kubernetes e2e suite" status="skipped" time="0">
              <skipped message="skipped"></skipped>
          </testcase>
          <testcase name="[It] [sig-storage] ConfigMap should be consumable from pods in volume with mappings as non-root with FSGroup [LinuxOnly]" classname="Kubernetes e2e suite" status="skipped" time="0">
              <skipped message="skipped"></skipped>
          </testcase>
          <testcase name="[It] [sig-storage] In-tree Volumes [Driver: hostPathSymlink] [Testpattern: Dynamic PV (immediate binding)] topology should provision a volume and schedule a pod with AllowedTopologies" classname="Kubernetes e2e suite" status="skipped" time="0">
              <skipped message="skipped"></skipped>
          </testcase>
          <testcase name="[It] [sig-storage] In-tree Volumes [Driver: cinder] [Testpattern: Inline-volume (default fs)] subPath should support file as subpath [LinuxOnly]" classname="Kubernetes e2e suite" status="skipped" time="0">
              <skipped message="skipped"></skipped>
          </testcase>
          <testcase name="[It] [sig-storage] In-tree Volumes [Driver: hostPathSymlink] [Testpattern: Dynamic PV (ntfs)] [Feature:Windows] provisioning should provision storage with any volume data source [Serial]" classname="Kubernetes e2e suite" status="skipped" time="0">
              <skipped message="skipped"></skipped>
          </testcase>
          <testcase name="[It] [sig-network] Networking IPerf2 [Feature:Networking-Performance] should run iperf2" classname="Kubernetes e2e suite" status="skipped" time="0">
              <skipped message="skipped"></skipped>
          </testcase>
          <testcase name="[It] [sig-storage] EmptyDir volumes volume on default medium should have the correct mode [LinuxOnly] [NodeConformance] [Conformance]" classname="Kubernetes e2e suite" status="passed" time="4.070103079"></testcase>
          <testcase name="[It] [sig-storage] In-tree Volumes [Driver: local] [LocalVolumeType: blockfs] [Testpattern: Dynamic PV (ntfs)] [Feature:Windows] subPath should fail if subpath file is outside the volume [Slow] [LinuxOnly]" classname="Kubernetes e2e suite" status="skipped" time="0">
              <skipped message="skipped"></skipped>
          </testcase>
          <testcase name="[It] [sig-storage] In-tree Volumes [Driver: hostPathSymlink] [Testpattern: Dynamic PV (block volmode)] provisioning should provision storage with pvc data source in parallel [Slow]" classname="Kubernetes e2e suite" status="skipped" time="0">
              <skipped message="skipped"></skipped>
          </testcase>
          <testcase name="[It] [sig-storage] In-tree Volumes [Driver: local] [LocalVolumeType: dir] [Testpattern: Inline-volume (default fs)] subPath should support non-existent path" classname="Kubernetes e2e suite" status="skipped" time="0">
              <skipped message="skipped"></skipped>
          </testcase>
          <testcase name="[It] [sig-autoscaling] [Feature:HPA] Horizontal pod autoscaling (scale resource: CPU) [Serial] [Slow] ReplicaSet Should scale from 1 pod to 3 pods and then from 3 pods to 5 pods" classname="Kubernetes e2e suite" status="skipped" time="0">
              <skipped message="skipped"></skipped>
          </testcase>
          <testcase name="[It] [sig-storage] In-tree Volumes [Driver: local] [LocalVolumeType: block] [Testpattern: Pre-provisioned PV (filesystem volmode)] multiVolume [Slow] should concurrently access the single volume from pods on different node" classname="Kubernetes e2e suite" status="skipped" time="0">
              <skipped message="skipped"></skipped>
          </testcase>
          <testcase name="[It] [sig-node] DRA [Feature:DynamicResourceAllocation] [FeatureGate:DynamicResourceAllocation] [Beta] [Feature:OffByDefault] on single node supports claim and class parameters" classname="Kubernetes e2e suite" status="skipped" time="0">
              <skipped message="skipped"></skipped>
          </testcase>
          <testcase name="[It] [sig-storage] In-tree Volumes [Driver: local] [LocalVolumeType: blockfs] [Testpattern: Dynamic PV (default fs)] provisioning should provision storage with mount options" classname="Kubernetes e2e suite" status="skipped" time="0">
              <skipped message="skipped"></skipped>
          </testcase>
          <testcase name="[It] [sig-storage] In-tree Volumes [Driver: azure-file] [Testpattern: Pre-provisioned PV (default fs)] subPath should support file as subpath [LinuxOnly]" classname="Kubernetes e2e suite" status="skipped" time="0">
              <skipped message="skipped"></skipped>
          </testcase>
          <testcase name="[It] [sig-storage] In-tree Volumes [Driver: iscsi] [Feature:Volumes] [Testpattern: Pre-provisioned PV (default fs)] subPath should support file as subpath [LinuxOnly]" classname="Kubernetes e2e suite" status="skipped" time="0">
              <skipped message="skipped"></skipped>
          </testcase>
          <testcase name="[It] [sig-api-machinery] FieldValidation should detect unknown metadata fields in both the root and embedded object of a CR [Conformance]" classname="Kubernetes e2e suite" status="passed" time="3.101036166"></testcase>
          <testcase name="[It] [sig-storage] CSI Mock volume attach CSI attach test using mock driver should require VolumeAttach for ephemermal volume and drivers with attachment" classname="Kubernetes e2e suite" status="skipped" time="0">
              <skipped message="skipped"></skipped>
          </testcase>
          <testcase name="[It] [sig-storage] In-tree Volumes [Driver: local] [LocalVolumeType: blockfs] [Testpattern: Dynamic PV (ntfs)] [Feature:Windows] subPath should support readOnly directory specified in the volumeMount" classname="Kubernetes e2e suite" status="skipped" time="0">
              <skipped message="skipped"></skipped>
          </testcase>
          <testcase name="[It] [sig-storage] In-tree Volumes [Driver: azure-file] [Testpattern: Inline-volume (ntfs)] [Feature:Windows] volumes should store data" classname="Kubernetes e2e suite" status="skipped" time="0">
              <skipped message="skipped"></skipped>
          </testcase>
          <testcase name="[It] [sig-storage] In-tree Volumes [Driver: nfs] [Testpattern: Dynamic PV (block volmode)] provisioning should mount multiple PV pointing to the same storage on the same node" classname="Kubernetes e2e suite" status="skipped" time="0">
              <skipped message="skipped"></skipped>
          </testcase>
          <testcase name="[It] [sig-storage] In-tree Volumes [Driver: local] [LocalVolumeType: block] [Testpattern: Dynamic PV (default fs)] provisioning should mount multiple PV pointing to the same storage on the same node" classname="Kubernetes e2e suite" status="skipped" time="0">
              <skipped message="skipped"></skipped>
          </testcase>
          <testcase name="[It] [sig-storage] In-tree Volumes [Driver: local] [LocalVolumeType: dir-link] [Testpattern: Dynamic PV (block volmode)] volumeMode should fail to use a volume in a pod with mismatched mode [Slow]" classname="Kubernetes e2e suite" status="skipped" time="0">
              <skipped message="skipped"></skipped>
          </testcase>
          <testcase name="[It] [sig-api-machinery] API priority and fairness should ensure that requests can&#39;t be drowned out (priority)" classname="Kubernetes e2e suite" status="skipped" time="0">
              <skipped message="skipped"></skipped>
          </testcase>
          <testcase name="[It] [sig-storage] In-tree Volumes [Driver: vsphere] [Testpattern: Dynamic PV (default fs)] fsgroupchangepolicy (OnRootMismatch)[LinuxOnly], pod created with an initial fsgroup, new pod fsgroup applied to volume contents" classname="Kubernetes e2e suite" status="skipped" time="0">
              <skipped message="skipped"></skipped>
          </testcase>
          <testcase name="[It] [sig-storage] In-tree Volumes [Driver: vsphere] [Testpattern: Dynamic PV (default fs)] provisioning should provision storage with any volume data source [Serial]" classname="Kubernetes e2e suite" status="skipped" time="0">
              <skipped message="skipped"></skipped>
          </testcase>
          <testcase name="[It] [sig-network] [Feature:IPv6DualStack] should create service with ipv6,v4 cluster ip" classname="Kubernetes e2e suite" status="skipped" time="0">
              <skipped message="skipped"></skipped>
          </testcase>
          <testcase name="[It] [sig-storage] In-tree Volumes [Driver: local] [LocalVolumeType: dir-link] [Testpattern: Dynamic PV (filesystem volmode)] disruptive [Disruptive] [LinuxOnly] Should test that pv used in a pod that is deleted while the kubelet is down is usable by a new pod with a different SELinux context when kubelet returns [Feature:SELinux]" classname="Kubernetes e2e suite" status="skipped" time="0">
              <skipped message="skipped"></skipped>
          </testcase>
          <testcase name="[It] [sig-storage] In-tree Volumes [Driver: local] [LocalVolumeType: dir] [Testpattern: Dynamic PV (filesystem volmode)] multiVolume [Slow] should concurrently access the single volume from pods on the same node" classname="Kubernetes e2e suite" status="skipped" time="0">
              <skipped message="skipped"></skipped>
          </testcase>
          <testcase name="[It] [sig-storage] In-tree Volumes [Driver: local] [LocalVolumeType: dir] [Testpattern: Inline-volume (ext3)] volumes should allow exec of files on the volume" classname="Kubernetes e2e suite" status="skipped" time="0">
              <skipped message="skipped"></skipped>
          </testcase>
          <testcase name="[It] [sig-storage] In-tree Volumes [Driver: local] [LocalVolumeType: tmpfs] [Testpattern: Inline-volume (ext4)] volumes should allow exec of files on the volume" classname="Kubernetes e2e suite" status="skipped" time="0">
              <skipped message="skipped"></skipped>
          </testcase>
          <testcase name="[It] [sig-storage] In-tree Volumes [Driver: local] [LocalVolumeType: dir] [Testpattern: Pre-provisioned PV (block volmode)] multiVolume [Slow] should access to two volumes with the same volume mode and retain data across pod recreation on different node" classname="Kubernetes e2e suite" status="skipped" time="0">
              <skipped message="skipped"></skipped>
          </testcase>
          <testcase name="[It] [sig-storage] In-tree Volumes [Driver: local] [LocalVolumeType: blockfs] [Testpattern: Pre-provisioned PV (ntfs)] [Feature:Windows] volumes should allow exec of files on the volume" classname="Kubernetes e2e suite" status="skipped" time="0">
              <skipped message="skipped"></skipped>
          </testcase>
          <testcase name="[It] [sig-network] Services should have session affinity work for NodePort service [LinuxOnly] [Conformance]" classname="Kubernetes e2e suite" status="passed" time="4.749770238"></testcase>
          <testcase name="[It] [sig-node] Pod InPlace Resize Container [FeatureGate:InPlacePodVerticalScaling] [Beta] Burstable QoS pod, mixed containers - scale up cpu and memory" classname="Kubernetes e2e suite" status="skipped" time="0">
              <skipped message="skipped"></skipped>
          </testcase>
          <testcase name="[It] [sig-storage] In-tree Volumes [Driver: hostPathSymlink] [Testpattern: Dynamic PV (xfs)] [Slow] multiVolume [Slow] should access to two volumes with the same volume mode and retain data across pod recreation on the same node" classname="Kubernetes e2e suite" status="skipped" time="0">
              <skipped message="skipped"></skipped>
          </testcase>
          <testcase name="[It] [sig-storage] In-tree Volumes [Driver: iscsi] [Feature:Volumes] [Testpattern: Dynamic PV (default fs)(allowExpansion)] volume-expand Verify if offline PVC expansion works" classname="Kubernetes e2e suite" status="skipped" time="0">
              <skipped message="skipped"></skipped>
          </testcase>
          <testcase name="[It] [sig-network] Netpol [LinuxOnly] NetworkPolicy between server and client using UDP should enforce policy based on Ports [Feature:NetworkPolicy]" classname="Kubernetes e2e suite" status="skipped" time="0">
              <skipped message="skipped"></skipped>
          </testcase>
          <testcase name="[It] [sig-storage] In-tree Volumes [Driver: local] [LocalVolumeType: dir-link] [Testpattern: Dynamic PV (default fs)] subPath should fail if subpath directory is outside the volume [Slow] [LinuxOnly]" classname="Kubernetes e2e suite" status="skipped" time="0">
              <skipped message="skipped"></skipped>
          </testcase>
          <testcase name="[It] [sig-storage] In-tree Volumes [Driver: local] [LocalVolumeType: dir-link] [Testpattern: Pre-provisioned PV (default fs)] subPath should support non-existent path" classname="Kubernetes e2e suite" status="skipped" time="0">
              <skipped message="skipped"></skipped>
          </testcase>
          <testcase name="[It] [sig-storage] In-tree Volumes [Driver: local] [LocalVolumeType: gce-localssd-scsi-fs] [Serial] [Testpattern: Pre-provisioned PV (block volmode)] disruptive [Disruptive] [LinuxOnly] Should test that pv written before kubelet restart is readable after restart." classname="Kubernetes e2e suite" status="skipped" time="0">
              <skipped message="skipped"></skipped>
          </testcase>
          <testcase name="[It] [sig-storage] In-tree Volumes [Driver: local] [LocalVolumeType: dir-link] [Testpattern: Dynamic PV (ntfs)] [Feature:Windows] subPath should fail if non-existent subpath is outside the volume [Slow] [LinuxOnly]" classname="Kubernetes e2e suite" status="skipped" time="0">
              <skipped message="skipped"></skipped>
          </testcase>
          <testcase name="[It] [sig-node] Container Runtime blackbox test on terminated container should report termination message from file when pod succeeds and TerminationMessagePolicy FallbackToLogsOnError is set [NodeConformance] [Conformance]" classname="Kubernetes e2e suite" status="passed" time="3.059508747"></testcase>
          <testcase name="[It] [sig-cloud-provider-gcp] Reboot [Disruptive] [Feature:Reboot] each node by switching off the network interface and ensure they function upon switch on" classname="Kubernetes e2e suite" status="skipped" time="0">
              <skipped message="skipped"></skipped>
          </testcase>
          <testcase name="[It] [sig-storage] In-tree Volumes [Driver: nfs] [Testpattern: Dynamic PV (default fs)(allowExpansion)] volume-expand should resize volume when PVC is edited while pod is using it" classname="Kubernetes e2e suite" status="skipped" time="0">
              <skipped message="skipped"></skipped>
          </testcase>
          <testcase name="[It] [sig-storage] CSI Volumes [Driver: pd.csi.storage.gke.io] [Serial] [Testpattern: Pre-provisioned PV (ntfs)] [Feature:Windows] volumes should allow exec of files on the volume" classname="Kubernetes e2e suite" status="skipped" time="0">
              <skipped message="skipped"></skipped>
          </testcase>
          <testcase name="[It] [sig-storage] In-tree Volumes [Driver: azure-disk] [Testpattern: Dynamic PV (ntfs)] [Feature:Windows] subPath should support file as subpath [LinuxOnly]" classname="Kubernetes e2e suite" status="skipped" time="0">
              <skipped message="skipped"></skipped>
          </testcase>
          <testcase name="[It] [sig-storage] CSI Volumes [Driver: csi-hostpath] [Testpattern: Dynamic PV (block volmode)(allowExpansion)] volume-expand should resize volume when PVC is edited while pod is using it" classname="Kubernetes e2e suite" status="skipped" time="0">
              <skipped message="skipped"></skipped>
          </testcase>
          <testcase name="[It] [sig-storage] In-tree Volumes [Driver: emptydir] [Testpattern: Pre-provisioned PV (filesystem volmode)] multiVolume [Slow] should access to two volumes with the same volume mode and retain data across pod recreation on different node" classname="Kubernetes e2e suite" status="skipped" time="0">
              <skipped message="skipped"></skipped>
          </testcase>
          <testcase name="[It] [sig-storage] CSI Volumes [Driver: pd.csi.storage.gke.io] [Serial] [Testpattern: Pre-provisioned PV (ext3)] volumes should store data" classname="Kubernetes e2e suite" status="skipped" time="0">
              <skipped message="skipped"></skipped>
          </testcase>
          <testcase name="[It] [sig-storage] EmptyDir volumes should support (non-root,0777,default) [LinuxOnly] [NodeConformance] [Conformance]" classname="Kubernetes e2e suite" status="passed" time="4.070667616"></testcase>
          <testcase name="[It] [sig-cloud-provider-gcp] Upgrade [Feature:Upgrade] master upgrade should maintain a functioning cluster [Feature:MasterUpgrade]" classname="Kubernetes e2e suite" status="skipped" time="0">
              <skipped message="skipped"></skipped>
          </testcase>
          <testcase name="[It] [sig-storage] CSI Mock Node Volume Health [FeatureGate:CSIVolumeHealth] [Alpha] [Feature:OffByDefault] CSI Mock Node Volume Health [Slow] return normal volume stats with abnormal volume condition" classname="Kubernetes e2e suite" status="skipped" time="0">
              <skipped message="skipped"></skipped>
          </testcase>
          <testcase name="[It] [sig-storage] In-tree Volumes [Driver: vsphere] [Testpattern: Dynamic PV (xfs)] [Slow] multiVolume [Slow] should concurrently access the volume and its clone from pods on the same node [LinuxOnly] [Feature:VolumeSourceXFS]" classname="Kubernetes e2e suite" status="skipped" time="0">
              <skipped message="skipped"></skipped>
          </testcase>
          <testcase name="[It] [sig-storage] In-tree Volumes [Driver: local] [LocalVolumeType: dir] [Testpattern: Dynamic PV (filesystem volmode)] volumeLimits should verify that all csinodes have volume limits" classname="Kubernetes e2e suite" status="skipped" time="0">
              <skipped message="skipped"></skipped>
          </testcase>
          <testcase name="[It] [sig-storage] CSI Volumes [Driver: csi-hostpath] [Testpattern: Dynamic PV (ntfs)] [Feature:Windows] volume-modify [FeatureGate:VolumeAttributesClass] [Beta] [Feature:OffByDefault] should create a volume with VAC" classname="Kubernetes e2e suite" status="skipped" time="0">
              <skipped message="skipped"></skipped>
          </testcase>
          <testcase name="[It] [sig-apps] StatefulSet MinReadySeconds should be honored when enabled" classname="Kubernetes e2e suite" status="skipped" time="0">
              <skipped message="skipped"></skipped>
          </testcase>
          <testcase name="[It] [sig-network] Services should fail health check node port if there are only terminating endpoints" classname="Kubernetes e2e suite" status="skipped" time="0">
              <skipped message="skipped"></skipped>
          </testcase>
          <testcase name="[It] [sig-storage] In-tree Volumes [Driver: hostPath] [Testpattern: Dynamic PV (default fs)] volume-stress multiple pods should access different volumes repeatedly [Slow] [Serial]" classname="Kubernetes e2e suite" status="skipped" time="0">
              <skipped message="skipped"></skipped>
          </testcase>
          <testcase name="[It] [sig-storage] CSI Volumes [Driver: pd.csi.storage.gke.io] [Serial] [Testpattern: Dynamic PV (default fs)] subPath should support restarting containers using file as subpath [Slow] [LinuxOnly]" classname="Kubernetes e2e suite" status="skipped" time="0">
              <skipped message="skipped"></skipped>
          </testcase>
          <testcase name="[It] [sig-storage] HostPathType Directory [Slow] Should fail on mounting directory &#39;adir&#39; when HostPathType is HostPathFile" classname="Kubernetes e2e suite" status="skipped" time="0">
              <skipped message="skipped"></skipped>
          </testcase>
          <testcase name="[It] [sig-storage] CSI Volumes [Driver: pd.csi.storage.gke.io] [Serial] [Testpattern: Dynamic PV (ntfs)] [Feature:Windows] subPath should support readOnly file specified in the volumeMount [LinuxOnly]" classname="Kubernetes e2e suite" status="skipped" time="0">
              <skipped message="skipped"></skipped>
          </testcase>
          <testcase name="[It] [sig-storage] In-tree Volumes [Driver: iscsi] [Feature:Volumes] [Testpattern: Pre-provisioned PV (default fs)] subPath should unmount if pod is gracefully deleted while kubelet is down [Disruptive] [Slow] [LinuxOnly]" classname="Kubernetes e2e suite" status="skipped" time="0">
              <skipped message="skipped"></skipped>
          </testcase>
          <testcase name="[It] [sig-storage] In-tree Volumes [Driver: hostPathSymlink] [Testpattern: Dynamic PV (ntfs)] [Feature:Windows] subPath should fail if non-existent subpath is outside the volume [Slow] [LinuxOnly]" classname="Kubernetes e2e suite" status="skipped" time="0">
              <skipped message="skipped"></skipped>
          </testcase>
          <testcase name="[It] [sig-storage] In-tree Volumes [Driver: local] [LocalVolumeType: blockfs] [Testpattern: Dynamic PV (filesystem volmode)] multiVolume [Slow] should concurrently access the single read-only volume from pods on the same node" classname="Kubernetes e2e suite" status="skipped" time="0">
              <skipped message="skipped"></skipped>
          </testcase>
          <testcase name="[It] [sig-storage] In-tree Volumes [Driver: cinder] [Testpattern:  (delete policy)] volumegroupsnapshottable [Feature:volumegroupsnapshot] VolumeGroupSnapshottable  should create snapshots for multiple volumes in a pod" classname="Kubernetes e2e suite" status="skipped" time="0">
              <skipped message="skipped"></skipped>
          </testcase>
          <testcase name="[It] [sig-storage] In-tree Volumes [Driver: azure-disk] [Testpattern: Pre-provisioned PV (block volmode)] multiVolume [Slow] should access to two volumes with different volume mode and retain data across pod recreation on different node" classname="Kubernetes e2e suite" status="skipped" time="0">
              <skipped message="skipped"></skipped>
          </testcase>
          <testcase name="[It] [sig-storage] In-tree Volumes [Driver: local] [LocalVolumeType: tmpfs] [Testpattern: Dynamic PV (ntfs)] [Feature:Windows] multiVolume [Slow] should concurrently access the volume and its clone from pods on the same node [LinuxOnly] [Feature:VolumeSourceXFS]" classname="Kubernetes e2e suite" status="skipped" time="0">
              <skipped message="skipped"></skipped>
          </testcase>
          <testcase name="[It] [sig-autoscaling] [Feature:HPA] [Serial] [Slow] Horizontal pod autoscaling (non-default behavior) with scale limited by number of Pods rate should scale up no more than given number of Pods per minute" classname="Kubernetes e2e suite" status="skipped" time="0">
              <skipped message="skipped"></skipped>
          </testcase>
          <testcase name="[It] [sig-auth] NodeAuthenticator The kubelet can delegate ServiceAccount tokens to the API server" classname="Kubernetes e2e suite" status="skipped" time="0">
              <skipped message="skipped"></skipped>
          </testcase>
          <testcase name="[It] [sig-api-machinery] Garbage collector should not be blocked by dependency circle [Conformance]" classname="Kubernetes e2e suite" status="passed" time="5.119773192"></testcase>
          <testcase name="[It] [sig-storage] In-tree Volumes [Driver: azure-file] [Testpattern: Dynamic PV (default fs)] subPath should unmount if pod is gracefully deleted while kubelet is down [Disruptive] [Slow] [LinuxOnly]" classname="Kubernetes e2e suite" status="skipped" time="0">
              <skipped message="skipped"></skipped>
          </testcase>
          <testcase name="[It] [sig-storage] In-tree Volumes [Driver: local] [LocalVolumeType: dir-link] [Testpattern: Generic Ephemeral-volume (default fs) (late-binding)] ephemeral should support multiple inline ephemeral volumes" classname="Kubernetes e2e suite" status="skipped" time="0">
              <skipped message="skipped"></skipped>
          </testcase>
          <testcase name="[It] [sig-storage] In-tree Volumes [Driver: local] [LocalVolumeType: dir] [Testpattern: Dynamic PV (filesystem volmode)] volumeMode should not mount / map unused volumes in a pod [LinuxOnly]" classname="Kubernetes e2e suite" status="skipped" time="0">
              <skipped message="skipped"></skipped>
          </testcase>
          <testcase name="[It] [sig-node] kubelet kubectl get --raw &#34;/api/v1/nodes/&lt;insert-node-name-here&gt;/proxy/logs/?query=/&lt;insert-log-file-name-here&gt; [Feature:NodeLogQuery] should return the kubelet logs since the current date and time" classname="Kubernetes e2e suite" status="skipped" time="0">
              <skipped message="skipped"></skipped>
          </testcase>
          <testcase name="[It] [sig-storage] In-tree Volumes [Driver: hostPathSymlink] [Testpattern: Dynamic PV (ext4)] multiVolume [Slow] should access to two volumes with the same volume mode and retain data across pod recreation on the same node" classname="Kubernetes e2e suite" status="skipped" time="0">
              <skipped message="skipped"></skipped>
          </testcase>
          <testcase name="[It] [sig-storage] In-tree Volumes [Driver: vsphere] [Testpattern: Generic Ephemeral-volume (block volmode) (late-binding)] ephemeral should support expansion of pvcs created for ephemeral pvcs" classname="Kubernetes e2e suite" status="skipped" time="0">
              <skipped message="skipped"></skipped>
          </testcase>
          <testcase name="[It] [sig-storage] In-tree Volumes [Driver: azure-disk] [Testpattern: Dynamic PV (ntfs)] [Feature:Windows] subPath should support creating multiple subpath from same volumes [Slow]" classname="Kubernetes e2e suite" status="skipped" time="0">
              <skipped message="skipped"></skipped>
          </testcase>
          <testcase name="[It] [sig-storage] In-tree Volumes [Driver: cinder] [Testpattern: Pre-provisioned PV (filesystem volmode)] multiVolume [Slow] should access to two volumes with the same volume mode and retain data across pod recreation on different node" classname="Kubernetes e2e suite" status="skipped" time="0">
              <skipped message="skipped"></skipped>
          </testcase>
          <testcase name="[It] [sig-storage] In-tree Volumes [Driver: local] [LocalVolumeType: tmpfs] [Testpattern: Dynamic PV (ntfs)] [Feature:Windows] provisioning should provision storage with snapshot data source [Feature:VolumeSnapshotDataSource]" classname="Kubernetes e2e suite" status="skipped" time="0">
              <skipped message="skipped"></skipped>
          </testcase>
          <testcase name="[It] [sig-network] Services should fallback to local terminating endpoints when there are no ready endpoints with internalTrafficPolicy=Local" classname="Kubernetes e2e suite" status="skipped" time="0">
              <skipped message="skipped"></skipped>
          </testcase>
          <testcase name="[It] [sig-storage] In-tree Volumes [Driver: local] [LocalVolumeType: dir-link] [Testpattern: Dynamic PV (block volmode)] volumes should store data" classname="Kubernetes e2e suite" status="skipped" time="0">
              <skipped message="skipped"></skipped>
          </testcase>
          <testcase name="[It] [sig-storage] In-tree Volumes [Driver: local] [LocalVolumeType: gce-localssd-scsi-fs] [Serial] [Testpattern: Dynamic PV (ntfs)] [Feature:Windows] provisioning should provision storage with any volume data source [Serial]" classname="Kubernetes e2e suite" status="skipped" time="0">
              <skipped message="skipped"></skipped>
          </testcase>
          <testcase name="[It] [sig-storage] In-tree Volumes [Driver: local] [LocalVolumeType: tmpfs] [Testpattern: Dynamic PV (block volmode)] provisioning should mount multiple PV pointing to the same storage on the same node" classname="Kubernetes e2e suite" status="skipped" time="0">
              <skipped message="skipped"></skipped>
          </testcase>
          <testcase name="[It] [sig-storage] In-tree Volumes [Driver: local] [LocalVolumeType: block] [Testpattern: Dynamic PV (delayed binding)] topology should fail to schedule a pod which has topologies that conflict with AllowedTopologies" classname="Kubernetes e2e suite" status="skipped" time="0">
              <skipped message="skipped"></skipped>
          </testcase>
          <testcase name="[It] [sig-storage] In-tree Volumes [Driver: hostPathSymlink] [Testpattern: Pre-provisioned PV (default fs)] subPath should support existing single file [LinuxOnly]" classname="Kubernetes e2e suite" status="skipped" time="0">
              <skipped message="skipped"></skipped>
          </testcase>
          <testcase name="[It] [sig-node] [Feature:SidecarContainers] Probing restartable init container should override timeoutGracePeriodSeconds when LivenessProbe field is set" classname="Kubernetes e2e suite" status="skipped" time="0">
              <skipped message="skipped"></skipped>
          </testcase>
          <testcase name="[It] [sig-storage] In-tree Volumes [Driver: local] [LocalVolumeType: tmpfs] [Testpattern: Pre-provisioned PV (filesystem volmode)] disruptive [Disruptive] [LinuxOnly] Should test that pv written before kubelet restart is readable after restart." classname="Kubernetes e2e suite" status="skipped" time="0">
              <skipped message="skipped"></skipped>
          </testcase>
          <testcase name="[It] [sig-node] PodTemplates should delete a collection of pod templates [Conformance]" classname="Kubernetes e2e suite" status="passed" time="0.103134734"></testcase>
          <testcase name="[It] [sig-storage] In-tree Volumes [Driver: local] [LocalVolumeType: dir] [Testpattern: Generic Ephemeral-volume (default fs) (late-binding)] ephemeral should support expansion of pvcs created for ephemeral pvcs" classname="Kubernetes e2e suite" status="skipped" time="0">
              <skipped message="skipped"></skipped>
          </testcase>
          <testcase name="[It] [sig-storage] In-tree Volumes [Driver: local] [LocalVolumeType: dir-link-bindmounted] [Testpattern: Dynamic PV (xfs)] [Slow] multiVolume [Slow] should access to two volumes with different volume mode and retain data across pod recreation on the same node" classname="Kubernetes e2e suite" status="skipped" time="0">
              <skipped message="skipped"></skipped>
          </testcase>
          <testcase name="[It] [sig-storage] In-tree Volumes [Driver: cinder] [Testpattern: Pre-provisioned PV (default fs)] subPath should support existing directory" classname="Kubernetes e2e suite" status="skipped" time="0">
              <skipped message="skipped"></skipped>
          </testcase>
          <testcase name="[It] [sig-storage] In-tree Volumes [Driver: hostPathSymlink] [Testpattern: Dynamic PV (xfs)] [Slow] multiVolume [Slow] should concurrently access the single volume from pods on different node" classname="Kubernetes e2e suite" status="skipped" time="0">
              <skipped message="skipped"></skipped>
          </testcase>
          <testcase name="[It] [sig-storage] In-tree Volumes [Driver: nfs] [Testpattern: Generic Ephemeral-volume (default fs) (immediate-binding)] ephemeral should support expansion of pvcs created for ephemeral pvcs" classname="Kubernetes e2e suite" status="skipped" time="0">
              <skipped message="skipped"></skipped>
          </testcase>
          <testcase name="[It] [sig-storage] EmptyDir volumes should support (non-root,0666,tmpfs) [LinuxOnly] [NodeConformance] [Conformance]" classname="Kubernetes e2e suite" status="passed" time="2.144129321"></testcase>
          <testcase name="[It] [sig-storage] In-tree Volumes [Driver: hostPath] [Testpattern: Dynamic PV (filesystem volmode)] volumeLimits should verify that all csinodes have volume limits" classname="Kubernetes e2e suite" status="skipped" time="0">
              <skipped message="skipped"></skipped>
          </testcase>
          <testcase name="[It] [sig-storage] In-tree Volumes [Driver: hostPathSymlink] [Testpattern: Dynamic PV (default fs)] provisioning should provision storage with snapshot data source [Feature:VolumeSnapshotDataSource]" classname="Kubernetes e2e suite" status="skipped" time="0">
              <skipped message="skipped"></skipped>
          </testcase>
          <testcase name="[It] [sig-storage] In-tree Volumes [Driver: azure-file] [Testpattern: Dynamic PV (default fs)] fsgroupchangepolicy (OnRootMismatch)[LinuxOnly], pod created with an initial fsgroup, volume contents ownership changed via chgrp in first pod, new pod with same fsgroup skips ownership changes to the volume contents" classname="Kubernetes e2e suite" status="skipped" time="0">
              <skipped message="skipped"></skipped>
          </testcase>
          <testcase name="[It] [sig-storage] In-tree Volumes [Driver: hostPath] [Testpattern: Pre-provisioned PV (block volmode)] multiVolume [Slow] should access to two volumes with the same volume mode and retain data across pod recreation on the same node" classname="Kubernetes e2e suite" status="skipped" time="0">
              <skipped message="skipped"></skipped>
          </testcase>
          <testcase name="[It] [sig-storage] Subpath Atomic writer volumes should support subpaths with secret pod [Conformance]" classname="Kubernetes e2e suite" status="passed" time="24.126600173"></testcase>
          <testcase name="[It] [sig-storage] In-tree Volumes [Driver: local] [LocalVolumeType: tmpfs] [Testpattern: Dynamic PV (default fs)(allowExpansion)] volume-expand should resize volume when PVC is edited while pod is using it" classname="Kubernetes e2e suite" status="skipped" time="0">
              <skipped message="skipped"></skipped>
          </testcase>
          <testcase name="[It] [sig-storage] In-tree Volumes [Driver: local] [LocalVolumeType: dir-link] [Testpattern: Dynamic PV (default fs)] fsgroupchangepolicy (Always)[LinuxOnly], pod created with an initial fsgroup, volume contents ownership changed via chgrp in first pod, new pod with same fsgroup applied to the volume contents" classname="Kubernetes e2e suite" status="skipped" time="0">
              <skipped message="skipped"></skipped>
          </testcase>
          <testcase name="[It] [sig-network] LoadBalancers ExternalTrafficPolicy: Local [Feature:LoadBalancer] [Slow] should only target nodes with endpoints" classname="Kubernetes e2e suite" status="skipped" time="0">
              <skipped message="skipped"></skipped>
          </testcase>
          <testcase name="[It] [sig-storage] In-tree Volumes [Driver: local] [LocalVolumeType: dir] [Testpattern: Dynamic PV (ext3)] volumes should allow exec of files on the volume" classname="Kubernetes e2e suite" status="skipped" time="0">
              <skipped message="skipped"></skipped>
          </testcase>
          <testcase name="[It] [sig-storage] In-tree Volumes [Driver: azure-file] [Testpattern: Dynamic PV (filesystem volmode)] multiVolume [Slow] should concurrently access the single volume from pods on different node" classname="Kubernetes e2e suite" status="skipped" time="0">
              <skipped message="skipped"></skipped>
          </testcase>
          <testcase name="[It] [sig-storage] In-tree Volumes [Driver: local] [LocalVolumeType: gce-localssd-scsi-fs] [Serial] [Testpattern: Inline-volume (default fs)] volumes should allow exec of files on the volume" classname="Kubernetes e2e suite" status="skipped" time="0">
              <skipped message="skipped"></skipped>
          </testcase>
          <testcase name="[It] [sig-storage] In-tree Volumes [Driver: azure-disk] [Testpattern: Dynamic PV (ntfs)] [Feature:Windows] subPath should support existing directories when readOnly specified in the volumeSource" classname="Kubernetes e2e suite" status="skipped" time="0">
              <skipped message="skipped"></skipped>
          </testcase>
          <testcase name="[It] [sig-storage] In-tree Volumes [Driver: hostPath] [Testpattern: Pre-provisioned PV (filesystem volmode)] multiVolume [Slow] should access to two volumes with the same volume mode and retain data across pod recreation on different node" classname="Kubernetes e2e suite" status="skipped" time="0">
              <skipped message="skipped"></skipped>
          </testcase>
          <testcase name="[It] [sig-storage] In-tree Volumes [Driver: cinder] [Testpattern: Dynamic PV (default fs)] volume-stress multiple pods should access different volumes repeatedly [Slow] [Serial]" classname="Kubernetes e2e suite" status="skipped" time="0">
              <skipped message="skipped"></skipped>
          </testcase>
          <testcase name="[It] [sig-storage] In-tree Volumes [Driver: local] [LocalVolumeType: tmpfs] [Testpattern: Generic Ephemeral-volume (block volmode) (late-binding)] ephemeral should support two pods which have the same volume definition" classname="Kubernetes e2e suite" status="skipped" time="0">
              <skipped message="skipped"></skipped>
          </testcase>
          <testcase name="[It] [sig-storage] In-tree Volumes [Driver: local] [LocalVolumeType: tmpfs] [Testpattern: Inline-volume (default fs)] subPath should fail if subpath with backstepping is outside the volume [Slow] [LinuxOnly]" classname="Kubernetes e2e suite" status="skipped" time="0">
              <skipped message="skipped"></skipped>
          </testcase>
          <testcase name="[It] [sig-storage] In-tree Volumes [Driver: azure-disk] [Testpattern: Pre-provisioned PV (block volmode)] multiVolume [Slow] should access to two volumes with the same volume mode and retain data across pod recreation on different node" classname="Kubernetes e2e suite" status="skipped" time="0">
              <skipped message="skipped"></skipped>
          </testcase>
          <testcase name="[It] [sig-storage] In-tree Volumes [Driver: local] [LocalVolumeType: blockfs] [Testpattern: Dynamic PV (block volmode)] multiVolume [Slow] should concurrently access the volume and its clone from pods on the same node [LinuxOnly] [Feature:VolumeSourceXFS]" classname="Kubernetes e2e suite" status="skipped" time="0">
              <skipped message="skipped"></skipped>
          </testcase>
          <testcase name="[It] [sig-storage] In-tree Volumes [Driver: iscsi] [Feature:Volumes] [Testpattern: Pre-provisioned PV (filesystem volmode)] multiVolume [Slow] should concurrently access the single read-only volume from pods on the same node" classname="Kubernetes e2e suite" status="skipped" time="0">
              <skipped message="skipped"></skipped>
          </testcase>
          <testcase name="[It] [sig-node] Pods Extended Pod TerminationGracePeriodSeconds is negative pod with negative grace period" classname="Kubernetes e2e suite" status="skipped" time="0">
              <skipped message="skipped"></skipped>
          </testcase>
          <testcase name="[It] [sig-network] [Feature:IPv6DualStack] should create pod, add ipv6 and ipv4 ip to pod ips" classname="Kubernetes e2e suite" status="skipped" time="0">
              <skipped message="skipped"></skipped>
          </testcase>
          <testcase name="[It] [sig-storage] Projected secret optional updates should be reflected in volume [NodeConformance] [Conformance]" classname="Kubernetes e2e suite" status="passed" time="6.202376336"></testcase>
          <testcase name="[It] [sig-api-machinery] CustomResourcePublishOpenAPI [Privileged:ClusterAdmin] works for multiple CRDs of same group and version but different kinds [Conformance]" classname="Kubernetes e2e suite" status="passed" time="5.812751525"></testcase>
          <testcase name="[It] [sig-storage] In-tree Volumes [Driver: local] [LocalVolumeType: gce-localssd-scsi-fs] [Serial] [Testpattern: Pre-provisioned PV (default fs)] volumes should allow exec of files on the volume" classname="Kubernetes e2e suite" status="skipped" time="0">
              <skipped message="skipped"></skipped>
          </testcase>
          <testcase name="[It] [sig-storage] CSI Volumes [Driver: csi-hostpath] [Testpattern: Inline-volume (default fs)] subPath should verify container cannot write to subpath readonly volumes [Slow]" classname="Kubernetes e2e suite" status="skipped" time="0">
              <skipped message="skipped"></skipped>
          </testcase>
          <testcase name="[It] [sig-storage] In-tree Volumes [Driver: local] [LocalVolumeType: block] [Testpattern: Dynamic PV (ntfs)] [Feature:Windows] multiVolume [Slow] should access to two volumes with the same volume mode and retain data across pod recreation on different node" classname="Kubernetes e2e suite" status="skipped" time="0">
              <skipped message="skipped"></skipped>
          </testcase>
          <testcase name="[It] [sig-storage] In-tree Volumes [Driver: local] [LocalVolumeType: gce-localssd-scsi-fs] [Serial] [Testpattern: Dynamic PV (default fs)] volumes should allow exec of files on the volume" classname="Kubernetes e2e suite" status="skipped" time="0">
              <skipped message="skipped"></skipped>
          </testcase>
          <testcase name="[It] [sig-node] Pod InPlace Resize Container [FeatureGate:InPlacePodVerticalScaling] [Beta] Burstable QoS pod, one container, one restartable init container - decrease init container CPU only" classname="Kubernetes e2e suite" status="skipped" time="0">
              <skipped message="skipped"></skipped>
          </testcase>
          <testcase name="[It] [sig-storage] In-tree Volumes [Driver: hostPath] [Testpattern: Dynamic PV (filesystem volmode)] disruptive [Disruptive] [LinuxOnly] Should test that pv used in a pod that is deleted while the kubelet is down is usable by a new pod with a different SELinux context when kubelet returns [Feature:SELinux]" classname="Kubernetes e2e suite" status="skipped" time="0">
              <skipped message="skipped"></skipped>
          </testcase>
          <testcase name="[It] [sig-storage] In-tree Volumes [Driver: vsphere] [Testpattern: Dynamic PV (ntfs)] [Feature:Windows] subPath should verify container cannot write to subpath readonly volumes [Slow]" classname="Kubernetes e2e suite" status="skipped" time="0">
              <skipped message="skipped"></skipped>
          </testcase>
          <testcase name="[It] [sig-storage] In-tree Volumes [Driver: hostPathSymlink] [Testpattern: Dynamic PV (block volmode)] volume-expand should not allow expansion of pvcs without AllowVolumeExpansion property" classname="Kubernetes e2e suite" status="skipped" time="0">
              <skipped message="skipped"></skipped>
          </testcase>
          <testcase name="[It] [sig-storage] In-tree Volumes [Driver: cinder] [Testpattern: Pre-provisioned PV (default fs)] subPath should unmount if pod is gracefully deleted while kubelet is down [Disruptive] [Slow] [LinuxOnly]" classname="Kubernetes e2e suite" status="skipped" time="0">
              <skipped message="skipped"></skipped>
          </testcase>
          <testcase name="[It] [sig-storage] CSI Volumes [Driver: pd.csi.storage.gke.io] [Serial] [Testpattern: Dynamic PV (ntfs)] [Feature:Windows] subPath should fail if subpath with backstepping is outside the volume [Slow] [LinuxOnly]" classname="Kubernetes e2e suite" status="skipped" time="0">
              <skipped message="skipped"></skipped>
          </testcase>
          <testcase name="[It] [sig-node] Pods Extended Pod Container Status should never report container start when an init container fails" classname="Kubernetes e2e suite" status="skipped" time="0">
              <skipped message="skipped"></skipped>
          </testcase>
          <testcase name="[It] [sig-auth] [FeatureGate:ClusterTrustBundle] [Beta] [Feature:OffByDefault] [FeatureGate:ClusterTrustBundleProjection] [Beta] [Feature:OffByDefault] should prevent a pod from starting if:  sets optional=false and the configured CTB does not exist" classname="Kubernetes e2e suite" status="skipped" time="0">
              <skipped message="skipped"></skipped>
          </testcase>
          <testcase name="[It] [sig-storage] In-tree Volumes [Driver: hostPath] [Testpattern: Dynamic PV (default fs)] subPath should support file as subpath [LinuxOnly]" classname="Kubernetes e2e suite" status="skipped" time="0">
              <skipped message="skipped"></skipped>
          </testcase>
          <testcase name="[It] [sig-storage] HostPathType Socket [Slow] Should fail on mounting socket &#39;asocket&#39; when HostPathType is HostPathBlockDev" classname="Kubernetes e2e suite" status="skipped" time="0">
              <skipped message="skipped"></skipped>
          </testcase>
          <testcase name="[It] [sig-storage] In-tree Volumes [Driver: azure-file] [Testpattern: Dynamic PV (default fs)] provisioning should provision storage with pvc data source" classname="Kubernetes e2e suite" status="skipped" time="0">
              <skipped message="skipped"></skipped>
          </testcase>
          <testcase name="[It] [sig-storage] In-tree Volumes [Driver: local] [LocalVolumeType: dir] [Testpattern: Pre-provisioned PV (default fs)] subPath should verify container cannot write to subpath readonly volumes [Slow]" classname="Kubernetes e2e suite" status="skipped" time="0">
              <skipped message="skipped"></skipped>
          </testcase>
          <testcase name="[It] [sig-node] Kubelet when scheduling a busybox command that always fails in a pod should have an terminated reason [NodeConformance] [Conformance]" classname="Kubernetes e2e suite" status="passed" time="4.031569935"></testcase>
          <testcase name="[It] [sig-storage] In-tree Volumes [Driver: cinder] [Testpattern: Dynamic PV (default fs)] provisioning should provision storage with snapshot data source (ROX mode) [Feature:VolumeSnapshotDataSource]" classname="Kubernetes e2e suite" status="skipped" time="0">
              <skipped message="skipped"></skipped>
          </testcase>
          <testcase name="[It] [sig-storage] In-tree Volumes [Driver: local] [LocalVolumeType: dir-link] [Testpattern: Dynamic PV (xfs)] [Slow] multiVolume [Slow] should concurrently access the single volume from pods on the same node" classname="Kubernetes e2e suite" status="skipped" time="0">
              <skipped message="skipped"></skipped>
          </testcase>
          <testcase name="[It] [sig-storage] In-tree Volumes [Driver: local] [LocalVolumeType: dir] [Testpattern: Pre-provisioned PV (default fs)] volumeIO should write files of various sizes, verify size, validate content [Slow]" classname="Kubernetes e2e suite" status="skipped" time="0">
              <skipped message="skipped"></skipped>
          </testcase>
          <testcase name="[It] [sig-autoscaling] Cluster size autoscaling [Slow] shouldn&#39;t be able to scale down when rescheduling a pod is required, but pdb doesn&#39;t allow drain [Feature:ClusterSizeAutoscalingScaleDown]" classname="Kubernetes e2e suite" status="skipped" time="0">
              <skipped message="skipped"></skipped>
          </testcase>
          <testcase name="[It] [sig-auth] [Feature:NodeAuthorizer] Getting a non-existent configmap should exit with the Forbidden error, not a NotFound error" classname="Kubernetes e2e suite" status="skipped" time="0">
              <skipped message="skipped"></skipped>
          </testcase>
          <testcase name="[It] [sig-storage] In-tree Volumes [Driver: local] [LocalVolumeType: gce-localssd-scsi-fs] [Serial] [Testpattern: Inline-volume (default fs)] subPath should fail if subpath directory is outside the volume [Slow] [LinuxOnly]" classname="Kubernetes e2e suite" status="skipped" time="0">
              <skipped message="skipped"></skipped>
          </testcase>
          <testcase name="[It] [sig-storage] CSI Volumes [Driver: csi-hostpath] [Testpattern: Dynamic PV (block volmode)] volume-modify [FeatureGate:VolumeAttributesClass] [Beta] [Feature:OffByDefault] should modify volume that already has a VAC" classname="Kubernetes e2e suite" status="skipped" time="0">
              <skipped message="skipped"></skipped>
          </testcase>
          <testcase name="[It] [sig-storage] In-tree Volumes [Driver: azure-file] [Testpattern: Dynamic PV (default fs)] fsgroupchangepolicy (Always)[LinuxOnly], pod created with an initial fsgroup, volume contents ownership changed via chgrp in first pod, new pod with same fsgroup applied to the volume contents" classname="Kubernetes e2e suite" status="skipped" time="0">
              <skipped message="skipped"></skipped>
          </testcase>
          <testcase name="[It] [sig-storage] In-tree Volumes [Driver: hostPath] [Testpattern: Pre-provisioned PV (default fs)] subPath should support readOnly file specified in the volumeMount [LinuxOnly]" classname="Kubernetes e2e suite" status="skipped" time="0">
              <skipped message="skipped"></skipped>
          </testcase>
          <testcase name="[It] [sig-storage] In-tree Volumes [Driver: vsphere] [Testpattern: Dynamic PV (default fs)(allowExpansion)] volume-expand Verify if offline PVC expansion works" classname="Kubernetes e2e suite" status="skipped" time="0">
              <skipped message="skipped"></skipped>
          </testcase>
          <testcase name="[It] [sig-storage] In-tree Volumes [Driver: hostPathSymlink] [Testpattern: Dynamic PV (default fs)] subPath should support creating multiple subpath from same volumes [Slow]" classname="Kubernetes e2e suite" status="skipped" time="0">
              <skipped message="skipped"></skipped>
          </testcase>
          <testcase name="[It] [sig-storage] HostPathType File [Slow] Should fail on mounting non-existent file &#39;does-not-exist-file&#39; when HostPathType is HostPathFile" classname="Kubernetes e2e suite" status="skipped" time="0">
              <skipped message="skipped"></skipped>
          </testcase>
          <testcase name="[It] [sig-storage] In-tree Volumes [Driver: azure-file] [Testpattern: Pre-provisioned PV (block volmode)] multiVolume [Slow] should concurrently access the volume and its clone from pods on the same node [LinuxOnly] [Feature:VolumeSourceXFS]" classname="Kubernetes e2e suite" status="skipped" time="0">
              <skipped message="skipped"></skipped>
          </testcase>
          <testcase name="[It] [sig-storage] In-tree Volumes [Driver: iscsi] [Feature:Volumes] [Testpattern: Dynamic PV (ext4)] multiVolume [Slow] should access to two volumes with the same volume mode and retain data across pod recreation on different node" classname="Kubernetes e2e suite" status="skipped" time="0">
              <skipped message="skipped"></skipped>
          </testcase>
          <testcase name="[It] [sig-storage] In-tree Volumes [Driver: emptydir] [Testpattern: Pre-provisioned PV (ext4)] volumes should allow exec of files on the volume" classname="Kubernetes e2e suite" status="skipped" time="0">
              <skipped message="skipped"></skipped>
          </testcase>
          <testcase name="[It] [sig-storage] In-tree Volumes [Driver: local] [LocalVolumeType: dir-link] [Testpattern: Generic Ephemeral-volume (default fs) (late-binding)] ephemeral should support two pods which have the same volume definition" classname="Kubernetes e2e suite" status="skipped" time="0">
              <skipped message="skipped"></skipped>
          </testcase>
          <testcase name="[It] [sig-storage] In-tree Volumes [Driver: local] [LocalVolumeType: tmpfs] [Testpattern: Pre-provisioned PV (filesystem volmode)] disruptive [Disruptive] [LinuxOnly] Should test that pv used in a pod that is force deleted while the kubelet is down is usable by a new pod with a different SELinux context when kubelet returns [Feature:SELinux]" classname="Kubernetes e2e suite" status="skipped" time="0">
              <skipped message="skipped"></skipped>
          </testcase>
          <testcase name="[It] [sig-storage] In-tree Volumes [Driver: local] [LocalVolumeType: blockfs] [Testpattern: Dynamic PV (block volmode)] provisioning should provision storage with snapshot data source (ROX mode) [Feature:VolumeSnapshotDataSource]" classname="Kubernetes e2e suite" status="skipped" time="0">
              <skipped message="skipped"></skipped>
          </testcase>
          <testcase name="[It] [sig-storage] In-tree Volumes [Driver: local] [LocalVolumeType: dir] [Testpattern: Dynamic PV (ntfs)] [Feature:Windows] volumes should allow exec of files on the volume" classname="Kubernetes e2e suite" status="skipped" time="0">
              <skipped message="skipped"></skipped>
          </testcase>
          <testcase name="[It] [sig-storage] In-tree Volumes [Driver: azure-file] [Testpattern: Pre-provisioned PV (default fs)] subPath should support creating multiple subpath from same volumes [Slow]" classname="Kubernetes e2e suite" status="skipped" time="0">
              <skipped message="skipped"></skipped>
          </testcase>
          <testcase name="[It] [sig-storage] In-tree Volumes [Driver: vsphere] [Testpattern: Inline-volume (default fs)] subPath should fail if non-existent subpath is outside the volume [Slow] [LinuxOnly]" classname="Kubernetes e2e suite" status="skipped" time="0">
              <skipped message="skipped"></skipped>
          </testcase>
          <testcase name="[It] [sig-storage] In-tree Volumes [Driver: local] [LocalVolumeType: tmpfs] [Testpattern: Pre-provisioned PV (default fs)] subPath should unmount if pod is gracefully deleted while kubelet is down [Disruptive] [Slow] [LinuxOnly]" classname="Kubernetes e2e suite" status="skipped" time="0">
              <skipped message="skipped"></skipped>
          </testcase>
          <testcase name="[It] [sig-storage] CSI Volumes [Driver: pd.csi.storage.gke.io] [Serial] [Testpattern: Dynamic PV (block volmode)] pvc-deletion-performance should delete volumes at scale within performance constraints [Slow] [Serial]" classname="Kubernetes e2e suite" status="skipped" time="0">
              <skipped message="skipped"></skipped>
          </testcase>
          <testcase name="[It] [sig-storage] In-tree Volumes [Driver: vsphere] [Testpattern: Dynamic PV (default fs)] fsgroupchangepolicy (Always)[LinuxOnly], pod created with an initial fsgroup, volume contents ownership changed via chgrp in first pod, new pod with different fsgroup applied to the volume contents" classname="Kubernetes e2e suite" status="skipped" time="0">
              <skipped message="skipped"></skipped>
          </testcase>
          <testcase name="[It] [sig-storage] In-tree Volumes [Driver: local] [LocalVolumeType: blockfs] [Testpattern: Pre-provisioned PV (default fs)] subPath should support existing directory" classname="Kubernetes e2e suite" status="skipped" time="0">
              <skipped message="skipped"></skipped>
          </testcase>
          <testcase name="[It] [sig-storage] In-tree Volumes [Driver: hostPathSymlink] [Testpattern: Inline-volume (ext3)] volumes should allow exec of files on the volume" classname="Kubernetes e2e suite" status="skipped" time="0">
              <skipped message="skipped"></skipped>
          </testcase>
          <testcase name="[It] [sig-cli] Kubectl client Kubectl create quota should create a quota with scopes" classname="Kubernetes e2e suite" status="skipped" time="0">
              <skipped message="skipped"></skipped>
          </testcase>
          <testcase name="[It] [sig-storage] In-tree Volumes [Driver: nfs] [Testpattern: Dynamic PV (filesystem volmode)] multiVolume [Slow] should concurrently access the volume and its clone from pods on the same node [LinuxOnly] [Feature:VolumeSourceXFS]" classname="Kubernetes e2e suite" status="skipped" time="0">
              <skipped message="skipped"></skipped>
          </testcase>
          <testcase name="[It] [sig-storage] In-tree Volumes [Driver: local] [LocalVolumeType: dir-link-bindmounted] [Testpattern: Dynamic PV (ntfs)] [Feature:Windows] subPath should support non-existent path" classname="Kubernetes e2e suite" status="skipped" time="0">
              <skipped message="skipped"></skipped>
          </testcase>
          <testcase name="[It] [sig-storage] In-tree Volumes [Driver: hostPathSymlink] [Testpattern: Dynamic PV (ext4)] multiVolume [Slow] should concurrently access the single volume from pods on the same node" classname="Kubernetes e2e suite" status="skipped" time="0">
              <skipped message="skipped"></skipped>
          </testcase>
          <testcase name="[It] [sig-storage] In-tree Volumes [Driver: local] [LocalVolumeType: dir-link] [Testpattern: Dynamic PV (xfs)] [Slow] multiVolume [Slow] should access to two volumes with the same volume mode and retain data across pod recreation on the same node" classname="Kubernetes e2e suite" status="skipped" time="0">
              <skipped message="skipped"></skipped>
          </testcase>
          <testcase name="[It] [sig-windows] [Feature:Windows] Windows volume mounts check volume mount permissions container should have readOnly permissions on hostMapPath" classname="Kubernetes e2e suite" status="skipped" time="0">
              <skipped message="skipped"></skipped>
          </testcase>
          <testcase name="[It] [sig-storage] In-tree Volumes [Driver: local] [LocalVolumeType: dir-link-bindmounted] [Testpattern: Dynamic PV (xfs)] [Slow] multiVolume [Slow] should access to two volumes with the same volume mode and retain data across pod recreation on different node" classname="Kubernetes e2e suite" status="skipped" time="0">
              <skipped message="skipped"></skipped>
          </testcase>
          <testcase name="[It] [sig-storage] In-tree Volumes [Driver: nfs] [Testpattern: Inline-volume (default fs)] subPath should fail if subpath with backstepping is outside the volume [Slow] [LinuxOnly]" classname="Kubernetes e2e suite" status="skipped" time="0">
              <skipped message="skipped"></skipped>
          </testcase>
          <testcase name="[It] [sig-storage] In-tree Volumes [Driver: local] [LocalVolumeType: blockfs] [Testpattern: Pre-provisioned PV (default fs)] subPath should fail if subpath file is outside the volume [Slow] [LinuxOnly]" classname="Kubernetes e2e suite" status="skipped" time="0">
              <skipped message="skipped"></skipped>
          </testcase>
          <testcase name="[It] [sig-storage] In-tree Volumes [Driver: local] [LocalVolumeType: gce-localssd-scsi-fs] [Serial] [Testpattern: Pre-provisioned PV (filesystem volmode)] multiVolume [Slow] should access to two volumes with different volume mode and retain data across pod recreation on different node" classname="Kubernetes e2e suite" status="skipped" time="0">
              <skipped message="skipped"></skipped>
          </testcase>
          <testcase name="[It] [sig-api-machinery] Garbage collector should keep the rc around until all its pods are deleted if the deleteOptions says so [Serial] [Conformance]" classname="Kubernetes e2e suite" status="passed" time="13.262695652"></testcase>
          <testcase name="[It] [sig-apps] CronJob should delete failed finished jobs with limit of one job" classname="Kubernetes e2e suite" status="skipped" time="0">
              <skipped message="skipped"></skipped>
          </testcase>
          <testcase name="[It] [sig-storage] In-tree Volumes [Driver: nfs] [Testpattern: Dynamic PV (default fs)] provisioning should mount multiple PV pointing to the same storage on the same node" classname="Kubernetes e2e suite" status="skipped" time="0">
              <skipped message="skipped"></skipped>
          </testcase>
          <testcase name="[It] [sig-storage] CSI Volumes [Driver: pd.csi.storage.gke.io] [Serial] [Testpattern: Dynamic PV (default fs)] subPath should fail if subpath with backstepping is outside the volume [Slow] [LinuxOnly]" classname="Kubernetes e2e suite" status="skipped" time="0">
              <skipped message="skipped"></skipped>
          </testcase>
          <testcase name="[It] [sig-storage] In-tree Volumes [Driver: local] [LocalVolumeType: dir-link-bindmounted] [Testpattern: Dynamic PV (default fs)] provisioning should provision storage with snapshot data source (ROX mode) [Feature:VolumeSnapshotDataSource]" classname="Kubernetes e2e suite" status="skipped" time="0">
              <skipped message="skipped"></skipped>
          </testcase>
          <testcase name="[It] [sig-storage] In-tree Volumes [Driver: emptydir] [Testpattern: Pre-provisioned PV (block volmode)] multiVolume [Slow] should access to two volumes with different volume mode and retain data across pod recreation on different node" classname="Kubernetes e2e suite" status="skipped" time="0">
              <skipped message="skipped"></skipped>
          </testcase>
          <testcase name="[It] [sig-storage] CSI Volumes [Driver: csi-hostpath] [Testpattern: Pre-provisioned PV (filesystem volmode)] disruptive [Disruptive] [LinuxOnly] Should test that pv used in a pod that is force deleted while the kubelet is down is usable by a new pod when kubelet returns [Feature:SELinux]" classname="Kubernetes e2e suite" status="skipped" time="0">
              <skipped message="skipped"></skipped>
          </testcase>
          <testcase name="[It] [sig-storage] In-tree Volumes [Driver: local] [LocalVolumeType: tmpfs] [Testpattern: Dynamic PV (ntfs)] [Feature:Windows] multiVolume [Slow] should concurrently access the single volume from pods on different node" classname="Kubernetes e2e suite" status="skipped" time="0">
              <skipped message="skipped"></skipped>
          </testcase>
          <testcase name="[It] [sig-storage] In-tree Volumes [Driver: emptydir] [Testpattern: Pre-provisioned PV (block volmode)] multiVolume [Slow] should access to two volumes with the same volume mode and retain data across pod recreation on different node" classname="Kubernetes e2e suite" status="skipped" time="0">
              <skipped message="skipped"></skipped>
          </testcase>
          <testcase name="[It] [sig-api-machinery] API priority and fairness should support FlowSchema API operations [Conformance]" classname="Kubernetes e2e suite" status="passed" time="0.103020482"></testcase>
          <testcase name="[It] [sig-storage] CSI Volumes [Driver: pd.csi.storage.gke.io] [Serial] [Testpattern: Dynamic PV (default fs)] volume-modify [FeatureGate:VolumeAttributesClass] [Beta] [Feature:OffByDefault] should recover from invalid target VAC by updating PVC to new valid VAC [Flaky]" classname="Kubernetes e2e suite" status="skipped" time="0">
              <skipped message="skipped"></skipped>
          </testcase>
          <testcase name="[It] [sig-storage] In-tree Volumes [Driver: nfs] [Testpattern: Pre-provisioned PV (block volmode)] disruptive [Disruptive] [LinuxOnly] Should test that pv written before kubelet restart is readable after restart." classname="Kubernetes e2e suite" status="skipped" time="0">
              <skipped message="skipped"></skipped>
          </testcase>
          <testcase name="[It] [sig-storage] CSI Volumes [Driver: csi-hostpath] [Testpattern: Dynamic PV (ext4)] volumes should allow exec of files on the volume" classname="Kubernetes e2e suite" status="skipped" time="0">
              <skipped message="skipped"></skipped>
          </testcase>
          <testcase name="[It] [sig-storage] In-tree Volumes [Driver: azure-file] [Testpattern: Pre-provisioned PV (block volmode)] multiVolume [Slow] should access to two volumes with the same volume mode and retain data across pod recreation on different node" classname="Kubernetes e2e suite" status="skipped" time="0">
              <skipped message="skipped"></skipped>
          </testcase>
          <testcase name="[It] [sig-autoscaling] [Feature:HPA] [Serial] [Slow] Horizontal pod autoscaling (non-default behavior) with autoscaling disabled shouldn&#39;t scale up" classname="Kubernetes e2e suite" status="skipped" time="0">
              <skipped message="skipped"></skipped>
          </testcase>
          <testcase name="[It] [sig-instrumentation] Events API should ensure that an event can be fetched, patched, deleted, and listed [Conformance]" classname="Kubernetes e2e suite" status="passed" time="0.097769488"></testcase>
          <testcase name="[It] [sig-storage] In-tree Volumes [Driver: azure-disk] [Testpattern: Pre-provisioned PV (default fs)] subPath should fail if non-existent subpath is outside the volume [Slow] [LinuxOnly]" classname="Kubernetes e2e suite" status="skipped" time="0">
              <skipped message="skipped"></skipped>
          </testcase>
          <testcase name="[It] [sig-storage] In-tree Volumes [Driver: local] [LocalVolumeType: gce-localssd-scsi-fs] [Serial] [Testpattern: Generic Ephemeral-volume (default fs) (late-binding)] ephemeral should support expansion of pvcs created for ephemeral pvcs" classname="Kubernetes e2e suite" status="skipped" time="0">
              <skipped message="skipped"></skipped>
          </testcase>
          <testcase name="[It] [sig-storage] CSI Volumes [Driver: csi-hostpath] [Testpattern: Pre-provisioned PV (filesystem volmode)] multiVolume [Slow] should concurrently access the volume and its clone from pods on the same node [LinuxOnly] [Feature:VolumeSourceXFS]" classname="Kubernetes e2e suite" status="skipped" time="0">
              <skipped message="skipped"></skipped>
          </testcase>
          <testcase name="[It] [sig-autoscaling] [Feature:HPA] Horizontal pod autoscaling (scale resource: Memory) [Serial] [Slow] Deployment (Pod Resource) Should scale from 1 pod to 3 pods and then from 3 pods to 5 pods using Average Value for aggregation" classname="Kubernetes e2e suite" status="skipped" time="0">
              <skipped message="skipped"></skipped>
          </testcase>
          <testcase name="[It] [sig-storage] In-tree Volumes [Driver: local] [LocalVolumeType: dir-bindmounted] [Testpattern: Dynamic PV (default fs)] provisioning should provision storage with pvc data source" classname="Kubernetes e2e suite" status="skipped" time="0">
              <skipped message="skipped"></skipped>
          </testcase>
          <testcase name="[It] [sig-storage] In-tree Volumes [Driver: cinder] [Testpattern: Pre-provisioned PV (default fs)] volumes should allow exec of files on the volume" classname="Kubernetes e2e suite" status="skipped" time="0">
              <skipped message="skipped"></skipped>
          </testcase>
          <testcase name="[It] [sig-storage] CSI Volumes [Driver: pd.csi.storage.gke.io] [Serial] [Testpattern: Pre-provisioned PV (default fs)] subPath should support non-existent path" classname="Kubernetes e2e suite" status="skipped" time="0">
              <skipped message="skipped"></skipped>
          </testcase>
          <testcase name="[It] [sig-storage] CSI Volumes [Driver: csi-hostpath] [Testpattern: Inline-volume (default fs)] subPath should support existing single file [LinuxOnly]" classname="Kubernetes e2e suite" status="skipped" time="0">
              <skipped message="skipped"></skipped>
          </testcase>
          <testcase name="[It] [sig-storage] In-tree Volumes [Driver: emptydir] [Testpattern: Dynamic PV (ext4)] multiVolume [Slow] should access to two volumes with different volume mode and retain data across pod recreation on the same node" classname="Kubernetes e2e suite" status="skipped" time="0">
              <skipped message="skipped"></skipped>
          </testcase>
          <testcase name="[It] [sig-storage] CSI Volumes [Driver: csi-hostpath] [Testpattern: Pre-provisioned PV (block volmode)] multiVolume [Slow] should concurrently access the volume and its clone from pods on the same node [LinuxOnly] [Feature:VolumeSourceXFS]" classname="Kubernetes e2e suite" status="skipped" time="0">
              <skipped message="skipped"></skipped>
          </testcase>
          <testcase name="[It] [sig-scheduling] SchedulerPreemption [Serial] validates lower priority pod preemption by critical pod [Conformance]" classname="Kubernetes e2e suite" status="passed" time="64.190733235"></testcase>
          <testcase name="[It] [sig-storage] In-tree Volumes [Driver: azure-disk] [Testpattern: Dynamic PV (ntfs)] [Feature:Windows] provisioning should provision storage with snapshot data source [Feature:VolumeSnapshotDataSource]" classname="Kubernetes e2e suite" status="skipped" time="0">
              <skipped message="skipped"></skipped>
          </testcase>
          <testcase name="[It] [sig-node] Secrets should be consumable via the environment [NodeConformance] [Conformance]" classname="Kubernetes e2e suite" status="passed" time="4.085126485"></testcase>
          <testcase name="[It] [sig-storage] In-tree Volumes [Driver: nfs] [Testpattern: Dynamic PV (filesystem volmode)] volumeMode should fail to use a volume in a pod with mismatched mode [Slow]" classname="Kubernetes e2e suite" status="skipped" time="0">
              <skipped message="skipped"></skipped>
          </testcase>
          <testcase name="[It] [sig-storage] In-tree Volumes [Driver: local] [LocalVolumeType: blockfs] [Testpattern: Dynamic PV (xfs)] [Slow] multiVolume [Slow] should access to two volumes with different volume mode and retain data across pod recreation on the same node" classname="Kubernetes e2e suite" status="skipped" time="0">
              <skipped message="skipped"></skipped>
          </testcase>
          <testcase name="[It] [sig-node] [Feature:SidecarContainers] Probing restartable init container should be restarted by liveness probe after startup probe enables it" classname="Kubernetes e2e suite" status="skipped" time="0">
              <skipped message="skipped"></skipped>
          </testcase>
          <testcase name="[It] [sig-storage] In-tree Volumes [Driver: hostPath] [Testpattern: Pre-provisioned PV (filesystem volmode)] disruptive [Disruptive] [LinuxOnly] Should test that pv used in a pod that is force deleted while the kubelet is down is usable by a new pod when kubelet returns [Feature:SELinux]" classname="Kubernetes e2e suite" status="skipped" time="0">
              <skipped message="skipped"></skipped>
          </testcase>
          <testcase name="[It] [sig-storage] In-tree Volumes [Driver: local] [LocalVolumeType: dir-bindmounted] [Testpattern: Pre-provisioned PV (xfs)] [Slow] volumes should allow exec of files on the volume" classname="Kubernetes e2e suite" status="skipped" time="0">
              <skipped message="skipped"></skipped>
          </testcase>
          <testcase name="[It] [sig-storage] Projected configMap should be consumable from pods in volume with mappings and Item mode set [LinuxOnly] [NodeConformance] [Conformance]" classname="Kubernetes e2e suite" status="passed" time="4.057873502"></testcase>
          <testcase name="[It] [sig-storage] In-tree Volumes [Driver: iscsi] [Feature:Volumes] [Testpattern: Dynamic PV (xfs)] [Slow] multiVolume [Slow] should concurrently access the volume and restored snapshot from pods on the same node [LinuxOnly] [Feature:VolumeSnapshotDataSource] [Feature:VolumeSourceXFS]" classname="Kubernetes e2e suite" status="skipped" time="0">
              <skipped message="skipped"></skipped>
          </testcase>
          <testcase name="[It] [sig-storage] In-tree Volumes [Driver: local] [LocalVolumeType: gce-localssd-scsi-fs] [Serial] [Testpattern: Pre-provisioned PV (default fs)] volumes should store data" classname="Kubernetes e2e suite" status="skipped" time="0">
              <skipped message="skipped"></skipped>
          </testcase>
          <testcase name="[It] [sig-storage] In-tree Volumes [Driver: cinder] [Testpattern: Dynamic PV (ntfs)] [Feature:Windows] multiVolume [Slow] should access to two volumes with different volume mode and retain data across pod recreation on different node" classname="Kubernetes e2e suite" status="skipped" time="0">
              <skipped message="skipped"></skipped>
          </testcase>
          <testcase name="[It] [sig-apps] StatefulSet Basic StatefulSet functionality [StatefulSetBasic] should list, patch and delete a collection of StatefulSets [Conformance]" classname="Kubernetes e2e suite" status="passed" time="20.088543553"></testcase>
          <testcase name="[It] [sig-storage] In-tree Volumes [Driver: azure-file] [Testpattern: Inline-volume (default fs)] subPath should support readOnly file specified in the volumeMount [LinuxOnly]" classname="Kubernetes e2e suite" status="skipped" time="0">
              <skipped message="skipped"></skipped>
          </testcase>
          <testcase name="[It] [sig-apps] Daemon set [Serial] should list and delete a collection of DaemonSets [Conformance]" classname="Kubernetes e2e suite" status="passed" time="2.216358683"></testcase>
          <testcase name="[It] [sig-storage] In-tree Volumes [Driver: nfs] [Testpattern: Inline-volume (default fs)] subPath should be able to unmount after the subpath directory is deleted [LinuxOnly]" classname="Kubernetes e2e suite" status="skipped" time="0">
              <skipped message="skipped"></skipped>
          </testcase>
          <testcase name="[It] [sig-storage] In-tree Volumes [Driver: emptydir] [Testpattern: Dynamic PV (filesystem volmode)] disruptive [Disruptive] [LinuxOnly] Should test that pv written before kubelet restart is readable after restart." classname="Kubernetes e2e suite" status="skipped" time="0">
              <skipped message="skipped"></skipped>
          </testcase>
          <testcase name="[It] [sig-storage] In-tree Volumes [Driver: hostPathSymlink] [Testpattern: Dynamic PV (default fs)] volume-stress multiple pods should access different volumes repeatedly [Slow] [Serial]" classname="Kubernetes e2e suite" status="skipped" time="0">
              <skipped message="skipped"></skipped>
          </testcase>
          <testcase name="[It] [sig-storage] CSI Volumes [Driver: pd.csi.storage.gke.io] [Serial] [Testpattern: Dynamic PV (immediate binding)] topology should provision a volume and schedule a pod with AllowedTopologies" classname="Kubernetes e2e suite" status="skipped" time="0">
              <skipped message="skipped"></skipped>
          </testcase>
          <testcase name="[It] [sig-windows] [Feature:Windows] SecurityContext should be able create pods and run containers with a given username" classname="Kubernetes e2e suite" status="skipped" time="0">
              <skipped message="skipped"></skipped>
          </testcase>
          <testcase name="[It] [sig-storage] In-tree Volumes [Driver: local] [LocalVolumeType: tmpfs] [Testpattern: Inline-volume (default fs)] volumes should store data" classname="Kubernetes e2e suite" status="skipped" time="0">
              <skipped message="skipped"></skipped>
          </testcase>
          <testcase name="[It] [sig-storage] In-tree Volumes [Driver: vsphere] [Testpattern: Pre-provisioned PV (default fs)] subPath should support non-existent path" classname="Kubernetes e2e suite" status="skipped" time="0">
              <skipped message="skipped"></skipped>
          </testcase>
          <testcase name="[It] [sig-storage] In-tree Volumes [Driver: nfs] [Testpattern: Dynamic PV (block volmode)(allowExpansion)] volume-expand Verify if offline PVC expansion works" classname="Kubernetes e2e suite" status="skipped" time="0">
              <skipped message="skipped"></skipped>
          </testcase>
          <testcase name="[It] [sig-node] DRA [Feature:DynamicResourceAllocation] [FeatureGate:DynamicResourceAllocation] [Beta] [Feature:OffByDefault] with prioritized list uses the config for the selected subrequest [Feature:DRAPrioritizedList]" classname="Kubernetes e2e suite" status="skipped" time="0">
              <skipped message="skipped"></skipped>
          </testcase>
          <testcase name="[It] [sig-storage] CSI Volumes [Driver: pd.csi.storage.gke.io] [Serial] [Testpattern: Dynamic PV (ntfs)] [Feature:Windows] volume-modify [FeatureGate:VolumeAttributesClass] [Beta] [Feature:OffByDefault] should be protected by vac-protection finalizer" classname="Kubernetes e2e suite" status="skipped" time="0">
              <skipped message="skipped"></skipped>
          </testcase>
          <testcase name="[It] [sig-storage] In-tree Volumes [Driver: azure-disk] [Testpattern: Dynamic PV (ext4)] multiVolume [Slow] should access to two volumes with different volume mode and retain data across pod recreation on different node" classname="Kubernetes e2e suite" status="skipped" time="0">
              <skipped message="skipped"></skipped>
          </testcase>
          <testcase name="[It] [sig-storage] In-tree Volumes [Driver: azure-disk] [Testpattern: Dynamic PV (ext4)] multiVolume [Slow] should access to two volumes with different volume mode and retain data across pod recreation on the same node" classname="Kubernetes e2e suite" status="skipped" time="0">
              <skipped message="skipped"></skipped>
          </testcase>
          <testcase name="[It] [sig-storage] CSI Volumes [Driver: csi-hostpath] [Testpattern: Pre-provisioned PV (filesystem volmode)] volumeMode should fail to use a volume in a pod with mismatched mode [Slow]" classname="Kubernetes e2e suite" status="skipped" time="0">
              <skipped message="skipped"></skipped>
          </testcase>
          <testcase name="[It] [sig-storage] In-tree Volumes [Driver: local] [LocalVolumeType: dir] [Testpattern: Pre-provisioned PV (default fs)] subPath should fail if subpath directory is outside the volume [Slow] [LinuxOnly]" classname="Kubernetes e2e suite" status="skipped" time="0">
              <skipped message="skipped"></skipped>
          </testcase>
          <testcase name="[It] [sig-storage] In-tree Volumes [Driver: local] [LocalVolumeType: gce-localssd-scsi-fs] [Serial] [Testpattern: Pre-provisioned PV (filesystem volmode)] disruptive [Disruptive] [LinuxOnly] Should test that pv used in a pod that is deleted while the kubelet is down is usable by a new pod when kubelet returns [Feature:SELinux]" classname="Kubernetes e2e suite" status="skipped" time="0">
              <skipped message="skipped"></skipped>
          </testcase>
          <testcase name="[It] [sig-storage] In-tree Volumes [Driver: local] [LocalVolumeType: blockfs] [Testpattern: Dynamic PV (ntfs)] [Feature:Windows] provisioning should provision storage with mount options" classname="Kubernetes e2e suite" status="skipped" time="0">
              <skipped message="skipped"></skipped>
          </testcase>
          <testcase name="[It] [sig-storage] CSI Volumes [Driver: pd.csi.storage.gke.io] [Serial] [Testpattern: Pre-provisioned PV (ntfs)] [Feature:Windows] volumes should store data" classname="Kubernetes e2e suite" status="skipped" time="0">
              <skipped message="skipped"></skipped>
          </testcase>
          <testcase name="[It] [sig-node] Probing container should be ready immediately after startupProbe succeeds" classname="Kubernetes e2e suite" status="skipped" time="0">
              <skipped message="skipped"></skipped>
          </testcase>
          <testcase name="[It] [sig-storage] In-tree Volumes [Driver: cinder] [Testpattern: Generic Ephemeral-volume (default fs) (late-binding)] ephemeral should support expansion of pvcs created for ephemeral pvcs" classname="Kubernetes e2e suite" status="skipped" time="0">
              <skipped message="skipped"></skipped>
          </testcase>
          <testcase name="[It] [sig-storage] In-tree Volumes [Driver: local] [LocalVolumeType: blockfs] [Testpattern: Pre-provisioned PV (filesystem volmode)] disruptive [Disruptive] [LinuxOnly] Should test that pv written before kubelet restart is readable after restart." classname="Kubernetes e2e suite" status="skipped" time="0">
              <skipped message="skipped"></skipped>
          </testcase>
          <testcase name="[It] [sig-storage] In-tree Volumes [Driver: azure-file] [Testpattern: Dynamic PV (xfs)] [Slow] multiVolume [Slow] should access to two volumes with different volume mode and retain data across pod recreation on the same node" classname="Kubernetes e2e suite" status="skipped" time="0">
              <skipped message="skipped"></skipped>
          </testcase>
          <testcase name="[It] [sig-storage] EmptyDir volumes volume on tmpfs should have the correct mode [LinuxOnly] [NodeConformance] [Conformance]" classname="Kubernetes e2e suite" status="passed" time="4.06723873"></testcase>
          <testcase name="[It] [sig-storage] In-tree Volumes [Driver: iscsi] [Feature:Volumes] [Testpattern: Dynamic PV (default fs)] provisioning should provision correct filesystem size when restoring snapshot to larger size pvc [Feature:VolumeSnapshotDataSource]" classname="Kubernetes e2e suite" status="skipped" time="0">
              <skipped message="skipped"></skipped>
          </testcase>
          <testcase name="[It] [sig-storage] CSI Volumes [Driver: pd.csi.storage.gke.io] [Serial] [Testpattern: Pre-provisioned PV (filesystem volmode)] disruptive [Disruptive] [LinuxOnly] Should test that pv used in a pod that is force deleted while the kubelet is down is usable by a new pod when kubelet returns [Feature:SELinux]" classname="Kubernetes e2e suite" status="skipped" time="0">
              <skipped message="skipped"></skipped>
          </testcase>
          <testcase name="[It] [sig-storage] In-tree Volumes [Driver: azure-file] [Testpattern: Pre-provisioned PV (filesystem volmode)] disruptive [Disruptive] [LinuxOnly] Should test that pv used in a pod that is force deleted while the kubelet is down is usable by a new pod when kubelet returns [Feature:SELinux]" classname="Kubernetes e2e suite" status="skipped" time="0">
              <skipped message="skipped"></skipped>
          </testcase>
          <testcase name="[It] [sig-api-machinery] CRDValidationRatcheting [Privileged:ClusterAdmin] [FeatureGate:CRDValidationRatcheting] MUST fail to update a resource due to CRD Validation Rule errors on unchanged uncorrelatable fields" classname="Kubernetes e2e suite" status="skipped" time="0">
              <skipped message="skipped"></skipped>
          </testcase>
          <testcase name="[It] [sig-storage] In-tree Volumes [Driver: cinder] [Testpattern: Pre-provisioned PV (filesystem volmode)] multiVolume [Slow] should concurrently access the volume and its clone from pods on the same node [LinuxOnly] [Feature:VolumeSourceXFS]" classname="Kubernetes e2e suite" status="skipped" time="0">
              <skipped message="skipped"></skipped>
          </testcase>
          <testcase name="[It] [sig-storage] EmptyDir volumes should support (root,0644,default) [LinuxOnly] [NodeConformance] [Conformance]" classname="Kubernetes e2e suite" status="passed" time="4.073368122"></testcase>
          <testcase name="[It] [sig-storage] CSI Volumes [Driver: csi-hostpath] [Testpattern: Pre-provisioned PV (default fs)] subPath should verify container cannot write to subpath readonly volumes [Slow]" classname="Kubernetes e2e suite" status="skipped" time="0">
              <skipped message="skipped"></skipped>
          </testcase>
          <testcase name="[It] [sig-storage] In-tree Volumes [Driver: hostPathSymlink] [Testpattern: Dynamic PV (ext4)] volumes should allow exec of files on the volume" classname="Kubernetes e2e suite" status="skipped" time="0">
              <skipped message="skipped"></skipped>
          </testcase>
          <testcase name="[It] [sig-storage] In-tree Volumes [Driver: emptydir] [Testpattern: Dynamic PV (default fs)] provisioning should provision storage with mount options" classname="Kubernetes e2e suite" status="skipped" time="0">
              <skipped message="skipped"></skipped>
          </testcase>
          <testcase name="[It] [sig-storage] In-tree Volumes [Driver: local] [LocalVolumeType: dir-bindmounted] [Testpattern: Pre-provisioned PV (filesystem volmode)] multiVolume [Slow] should access to two volumes with the same volume mode and retain data across pod recreation on the same node" classname="Kubernetes e2e suite" status="skipped" time="0">
              <skipped message="skipped"></skipped>
          </testcase>
          <testcase name="[It] [sig-storage] In-tree Volumes [Driver: local] [LocalVolumeType: dir-link] [Testpattern: Pre-provisioned PV (default fs)] volumes should store data" classname="Kubernetes e2e suite" status="skipped" time="0">
              <skipped message="skipped"></skipped>
          </testcase>
          <testcase name="[It] [sig-storage] In-tree Volumes [Driver: local] [LocalVolumeType: block] [Testpattern: Pre-provisioned PV (filesystem volmode)] disruptive [Disruptive] [LinuxOnly] Should test that pv used in a pod that is force deleted while the kubelet is down is usable by a new pod when kubelet returns [Feature:SELinux]" classname="Kubernetes e2e suite" status="skipped" time="0">
              <skipped message="skipped"></skipped>
          </testcase>
          <testcase name="[It] [sig-storage] In-tree Volumes [Driver: hostPath] [Testpattern: Dynamic PV (default fs)] fsgroupchangepolicy (Always)[LinuxOnly], pod created with an initial fsgroup, volume contents ownership changed via chgrp in first pod, new pod with same fsgroup applied to the volume contents" classname="Kubernetes e2e suite" status="skipped" time="0">
              <skipped message="skipped"></skipped>
          </testcase>
          <testcase name="[It] [sig-storage] In-tree Volumes [Driver: azure-disk] [Testpattern: Dynamic PV (ntfs)] [Feature:Windows] volumes should store data" classname="Kubernetes e2e suite" status="skipped" time="0">
              <skipped message="skipped"></skipped>
          </testcase>
          <testcase name="[It] [sig-storage] CSI Mock when kubelet restart [Serial] [Disruptive] should not umount volume when the pvc is terminating but still used by a running pod" classname="Kubernetes e2e suite" status="skipped" time="0">
              <skipped message="skipped"></skipped>
          </testcase>
          <testcase name="[It] [sig-storage] In-tree Volumes [Driver: cinder] [Testpattern: Pre-provisioned PV (default fs)] subPath should support existing single file [LinuxOnly]" classname="Kubernetes e2e suite" status="skipped" time="0">
              <skipped message="skipped"></skipped>
          </testcase>
          <testcase name="[It] [sig-storage] In-tree Volumes [Driver: local] [LocalVolumeType: gce-localssd-scsi-fs] [Serial] [Testpattern: Dynamic PV (default fs)] subPath should unmount if pod is force deleted while kubelet is down [Disruptive] [Slow] [LinuxOnly]" classname="Kubernetes e2e suite" status="skipped" time="0">
              <skipped message="skipped"></skipped>
          </testcase>
          <testcase name="[It] [sig-storage] In-tree Volumes [Driver: local] [LocalVolumeType: dir-bindmounted] [Testpattern: Dynamic PV (ntfs)] [Feature:Windows] subPath should be able to unmount after the subpath directory is deleted [LinuxOnly]" classname="Kubernetes e2e suite" status="skipped" time="0">
              <skipped message="skipped"></skipped>
          </testcase>
          <testcase name="[It] [sig-storage] CSI Volumes [Driver: pd.csi.storage.gke.io] [Serial] [Testpattern: Dynamic PV (block volmode)] volumeMode should not mount / map unused volumes in a pod [LinuxOnly]" classname="Kubernetes e2e suite" status="skipped" time="0">
              <skipped message="skipped"></skipped>
          </testcase>
          <testcase name="[It] [sig-storage] In-tree Volumes [Driver: iscsi] [Feature:Volumes] [Testpattern: Pre-provisioned PV (filesystem volmode)] multiVolume [Slow] should access to two volumes with the same volume mode and retain data across pod recreation on the same node" classname="Kubernetes e2e suite" status="skipped" time="0">
              <skipped message="skipped"></skipped>
          </testcase>
          <testcase name="[It] [sig-storage] In-tree Volumes [Driver: local] [LocalVolumeType: tmpfs] [Testpattern: Dynamic PV (ntfs)] [Feature:Windows] multiVolume [Slow] should concurrently access the single read-only volume from pods on the same node" classname="Kubernetes e2e suite" status="skipped" time="0">
              <skipped message="skipped"></skipped>
          </testcase>
          <testcase name="[It] [sig-storage] In-tree Volumes [Driver: hostPath] [Testpattern: Dynamic PV (ntfs)] [Feature:Windows] volume-expand should not allow expansion of pvcs without AllowVolumeExpansion property" classname="Kubernetes e2e suite" status="skipped" time="0">
              <skipped message="skipped"></skipped>
          </testcase>
          <testcase name="[It] [sig-storage] CSI Volumes [Driver: pd.csi.storage.gke.io] [Serial] [Testpattern: Dynamic Snapshot (retain policy)] snapshottable [Feature:VolumeSnapshotDataSource] volume snapshot controller  should check snapshot fields, check restore correctly works after modifying source data, check deletion (persistent)" classname="Kubernetes e2e suite" status="skipped" time="0">
              <skipped message="skipped"></skipped>
          </testcase>
          <testcase name="[It] [sig-storage] In-tree Volumes [Driver: hostPath] [Testpattern: Pre-provisioned PV (filesystem volmode)] multiVolume [Slow] should concurrently access the volume and its clone from pods on the same node [LinuxOnly] [Feature:VolumeSourceXFS]" classname="Kubernetes e2e suite" status="skipped" time="0">
              <skipped message="skipped"></skipped>
          </testcase>
          <testcase name="[It] [sig-storage] In-tree Volumes [Driver: emptydir] [Testpattern: Dynamic PV (ext4)] multiVolume [Slow] should concurrently access the single volume from pods on the same node" classname="Kubernetes e2e suite" status="skipped" time="0">
              <skipped message="skipped"></skipped>
          </testcase>
          <testcase name="[It] [sig-storage] In-tree Volumes [Driver: local] [LocalVolumeType: gce-localssd-scsi-fs] [Serial] [Testpattern: Dynamic PV (default fs)] subPath should be able to unmount after the subpath directory is deleted [LinuxOnly]" classname="Kubernetes e2e suite" status="skipped" time="0">
              <skipped message="skipped"></skipped>
          </testcase>
          <testcase name="[It] [sig-storage] In-tree Volumes [Driver: local] [LocalVolumeType: gce-localssd-scsi-fs] [Serial] [Testpattern: Dynamic PV (block volmode)] multiVolume [Slow] should concurrently access the volume and its clone from pods on the same node [LinuxOnly] [Feature:VolumeSourceXFS]" classname="Kubernetes e2e suite" status="skipped" time="0">
              <skipped message="skipped"></skipped>
          </testcase>
          <testcase name="[It] [sig-storage] In-tree Volumes [Driver: local] [LocalVolumeType: blockfs] [Testpattern: Dynamic PV (filesystem volmode)] multiVolume [Slow] should access to two volumes with the same volume mode and retain data across pod recreation on the same node" classname="Kubernetes e2e suite" status="skipped" time="0">
              <skipped message="skipped"></skipped>
          </testcase>
          <testcase name="[It] [sig-storage] In-tree Volumes [Driver: emptydir] [Testpattern:  (delete policy)] volumegroupsnapshottable [Feature:volumegroupsnapshot] VolumeGroupSnapshottable  should create snapshots for multiple volumes in a pod" classname="Kubernetes e2e suite" status="skipped" time="0">
              <skipped message="skipped"></skipped>
          </testcase>
          <testcase name="[It] [sig-storage] In-tree Volumes [Driver: nfs] [Testpattern: Dynamic PV (ntfs)] [Feature:Windows] subPath should fail if non-existent subpath is outside the volume [Slow] [LinuxOnly]" classname="Kubernetes e2e suite" status="skipped" time="0">
              <skipped message="skipped"></skipped>
          </testcase>
          <testcase name="[It] [sig-network] [Feature:IPv6DualStack] should create service with ipv4 cluster ip" classname="Kubernetes e2e suite" status="skipped" time="0">
              <skipped message="skipped"></skipped>
          </testcase>
          <testcase name="[It] [sig-storage] CSI Volumes [Driver: csi-hostpath] [Testpattern: Dynamic PV (ntfs)] [Feature:Windows] subPath should support existing directory" classname="Kubernetes e2e suite" status="skipped" time="0">
              <skipped message="skipped"></skipped>
          </testcase>
          <testcase name="[It] [sig-storage] In-tree Volumes [Driver: hostPath] [Testpattern: Inline-volume (default fs)] subPath should support non-existent path" classname="Kubernetes e2e suite" status="skipped" time="0">
              <skipped message="skipped"></skipped>
          </testcase>
          <testcase name="[It] [sig-storage] In-tree Volumes [Driver: iscsi] [Feature:Volumes] [Testpattern: Dynamic PV (default fs)] fsgroupchangepolicy (Always)[LinuxOnly], pod created with an initial fsgroup, new pod fsgroup applied to volume contents" classname="Kubernetes e2e suite" status="skipped" time="0">
              <skipped message="skipped"></skipped>
          </testcase>
          <testcase name="[It] [sig-storage] In-tree Volumes [Driver: local] [LocalVolumeType: blockfs] [Testpattern: Dynamic PV (block volmode)] disruptive [Disruptive] [LinuxOnly] Should test that pv used in a pod that is deleted while the kubelet is down cleans up when the kubelet returns." classname="Kubernetes e2e suite" status="skipped" time="0">
              <skipped message="skipped"></skipped>
          </testcase>
          <testcase name="[It] [sig-storage] In-tree Volumes [Driver: local] [LocalVolumeType: blockfs] [Testpattern: Pre-provisioned PV (block volmode)] multiVolume [Slow] should access to two volumes with the same volume mode and retain data across pod recreation on different node" classname="Kubernetes e2e suite" status="skipped" time="0">
              <skipped message="skipped"></skipped>
          </testcase>
          <testcase name="[It] [sig-storage] In-tree Volumes [Driver: local] [LocalVolumeType: gce-localssd-scsi-fs] [Serial] [Testpattern: Pre-provisioned PV (block volmode)] multiVolume [Slow] should access to two volumes with the same volume mode and retain data across pod recreation on different node" classname="Kubernetes e2e suite" status="skipped" time="0">
              <skipped message="skipped"></skipped>
          </testcase>
          <testcase name="[It] [sig-storage] PersistentVolumes-local [Volume type: blockfswithoutformat] Two pods mounting a local volume one after the other should be able to write from pod1 and read from pod2" classname="Kubernetes e2e suite" status="skipped" time="0">
              <skipped message="skipped"></skipped>
          </testcase>
          <testcase name="[It] [sig-cli] Kubectl client Kubectl version should check is all data is printed [Conformance]" classname="Kubernetes e2e suite" status="passed" time="0.102427977"></testcase>
          <testcase name="[It] [sig-storage] In-tree Volumes [Driver: hostPathSymlink] [Testpattern: Dynamic PV (default fs)] subPath should fail if subpath file is outside the volume [Slow] [LinuxOnly]" classname="Kubernetes e2e suite" status="skipped" time="0">
              <skipped message="skipped"></skipped>
          </testcase>
          <testcase name="[It] [sig-storage] In-tree Volumes [Driver: local] [LocalVolumeType: blockfs] [Testpattern: Pre-provisioned PV (default fs)] subPath should support restarting containers using file as subpath [Slow] [LinuxOnly]" classname="Kubernetes e2e suite" status="skipped" time="0">
              <skipped message="skipped"></skipped>
          </testcase>
          <testcase name="[It] [sig-storage] In-tree Volumes [Driver: local] [LocalVolumeType: block] [Testpattern: Dynamic PV (default fs)] subPath should support restarting containers using directory as subpath [Slow]" classname="Kubernetes e2e suite" status="skipped" time="0">
              <skipped message="skipped"></skipped>
          </testcase>
          <testcase name="[It] [sig-storage] In-tree Volumes [Driver: azure-disk] [Testpattern: Generic Ephemeral-volume (block volmode) (late-binding)] ephemeral should create read/write inline ephemeral volume" classname="Kubernetes e2e suite" status="skipped" time="0">
              <skipped message="skipped"></skipped>
          </testcase>
          <testcase name="[It] [sig-storage] In-tree Volumes [Driver: emptydir] [Testpattern: Generic Ephemeral-volume (block volmode) (late-binding)] ephemeral should create read/write inline ephemeral volume" classname="Kubernetes e2e suite" status="skipped" time="0">
              <skipped message="skipped"></skipped>
          </testcase>
          <testcase name="[It] [sig-storage] Projected configMap should be consumable from pods in volume with mappings as non-root with FSGroup [LinuxOnly]" classname="Kubernetes e2e suite" status="skipped" time="0">
              <skipped message="skipped"></skipped>
          </testcase>
          <testcase name="[It] [sig-storage] In-tree Volumes [Driver: hostPathSymlink] [Testpattern: Dynamic PV (ntfs)] [Feature:Windows] subPath should support existing directory" classname="Kubernetes e2e suite" status="skipped" time="0">
              <skipped message="skipped"></skipped>
          </testcase>
          <testcase name="[It] [sig-storage] Secrets should be consumable from pods in volume with mappings [NodeConformance] [Conformance]" classname="Kubernetes e2e suite" status="passed" time="4.0770467870000004"></testcase>
          <testcase name="[It] [sig-storage] In-tree Volumes [Driver: local] [LocalVolumeType: blockfs] [Testpattern: Dynamic PV (default fs)] subPath should support existing directories when readOnly specified in the volumeSource" classname="Kubernetes e2e suite" status="skipped" time="0">
              <skipped message="skipped"></skipped>
          </testcase>
          <testcase name="[It] [sig-storage] In-tree Volumes [Driver: local] [LocalVolumeType: blockfs] [Testpattern: Pre-provisioned PV (xfs)] [Slow] volumes should store data" classname="Kubernetes e2e suite" status="skipped" time="0">
              <skipped message="skipped"></skipped>
          </testcase>
          <testcase name="[It] [sig-storage] In-tree Volumes [Driver: emptydir] [Testpattern: Inline-volume (ntfs)] [Feature:Windows] volumes should allow exec of files on the volume" classname="Kubernetes e2e suite" status="skipped" time="0">
              <skipped message="skipped"></skipped>
          </testcase>
          <testcase name="[It] [sig-storage] In-tree Volumes [Driver: local] [LocalVolumeType: dir-bindmounted] [Testpattern: Dynamic PV (default fs)] volumes should store data" classname="Kubernetes e2e suite" status="skipped" time="0">
              <skipped message="skipped"></skipped>
          </testcase>
          <testcase name="[It] [sig-apps] StatefulSet Non-retain StatefulSetPersistentVolumeClaimPolicy should delete PVCs with a WhenDeleted policy" classname="Kubernetes e2e suite" status="skipped" time="0">
              <skipped message="skipped"></skipped>
          </testcase>
          <testcase name="[It] [sig-storage] In-tree Volumes [Driver: nfs] [Testpattern: Pre-provisioned PV (default fs)] subPath should support restarting containers using file as subpath [Slow] [LinuxOnly]" classname="Kubernetes e2e suite" status="skipped" time="0">
              <skipped message="skipped"></skipped>
          </testcase>
          <testcase name="[It] [sig-storage] In-tree Volumes [Driver: iscsi] [Feature:Volumes] [Testpattern: Generic Ephemeral-volume (block volmode) (late-binding)] ephemeral should create read/write inline ephemeral volume" classname="Kubernetes e2e suite" status="skipped" time="0">
              <skipped message="skipped"></skipped>
          </testcase>
          <testcase name="[It] [sig-storage] CSI Volumes [Driver: csi-hostpath] [Testpattern: Dynamic PV (default fs)] volume-modify [FeatureGate:VolumeAttributesClass] [Beta] [Feature:OffByDefault] should recover from invalid target VAC by updating PVC to new valid VAC [Flaky]" classname="Kubernetes e2e suite" status="skipped" time="0">
              <skipped message="skipped"></skipped>
          </testcase>
          <testcase name="[It] [sig-storage] In-tree Volumes [Driver: iscsi] [Feature:Volumes] [Testpattern: Dynamic PV (filesystem volmode)] multiVolume [Slow] should access to two volumes with different volume mode and retain data across pod recreation on the same node" classname="Kubernetes e2e suite" status="skipped" time="0">
              <skipped message="skipped"></skipped>
          </testcase>
          <testcase name="[It] [sig-storage] In-tree Volumes [Driver: local] [LocalVolumeType: gce-localssd-scsi-fs] [Serial] [Testpattern: Dynamic PV (xfs)] [Slow] multiVolume [Slow] should access to two volumes with the same volume mode and retain data across pod recreation on different node" classname="Kubernetes e2e suite" status="skipped" time="0">
              <skipped message="skipped"></skipped>
          </testcase>
          <testcase name="[It] [sig-storage] In-tree Volumes [Driver: local] [LocalVolumeType: gce-localssd-scsi-fs] [Serial] [Testpattern: Dynamic PV (block volmode)] disruptive [Disruptive] [LinuxOnly] Should test that pv used in a pod that is deleted while the kubelet is down cleans up when the kubelet returns." classname="Kubernetes e2e suite" status="skipped" time="0">
              <skipped message="skipped"></skipped>
          </testcase>
          <testcase name="[It] [sig-storage] In-tree Volumes [Driver: azure-disk] [Testpattern: Pre-provisioned PV (block volmode)] disruptive [Disruptive] [LinuxOnly] Should test that pv used in a pod that is force deleted while the kubelet is down cleans up when the kubelet returns." classname="Kubernetes e2e suite" status="skipped" time="0">
              <skipped message="skipped"></skipped>
          </testcase>
          <testcase name="[It] [sig-storage] In-tree Volumes [Driver: azure-disk] [Testpattern: Dynamic PV (ntfs)] [Feature:Windows] multiVolume [Slow] should access to two volumes with the same volume mode and retain data across pod recreation on the same node" classname="Kubernetes e2e suite" status="skipped" time="0">
              <skipped message="skipped"></skipped>
          </testcase>
          <testcase name="[It] [sig-storage] In-tree Volumes [Driver: local] [LocalVolumeType: tmpfs] [Testpattern: Pre-provisioned PV (default fs)] volumes should store data" classname="Kubernetes e2e suite" status="skipped" time="0">
              <skipped message="skipped"></skipped>
          </testcase>
          <testcase name="[It] [sig-storage] In-tree Volumes [Driver: iscsi] [Feature:Volumes] [Testpattern: Inline-volume (default fs)] subPath should support non-existent path" classname="Kubernetes e2e suite" status="skipped" time="0">
              <skipped message="skipped"></skipped>
          </testcase>
          <testcase name="[It] [sig-storage] CSI Volumes [Driver: pd.csi.storage.gke.io] [Serial] [Testpattern: Inline-volume (default fs)] volumes should store data" classname="Kubernetes e2e suite" status="skipped" time="0">
              <skipped message="skipped"></skipped>
          </testcase>
          <testcase name="[It] [sig-node] DRA [Feature:DynamicResourceAllocation] [FeatureGate:DynamicResourceAllocation] [Beta] [Feature:OffByDefault] multiple drivers using only drapbv1beta1 work" classname="Kubernetes e2e suite" status="skipped" time="0">
              <skipped message="skipped"></skipped>
          </testcase>
          <testcase name="[It] [sig-storage] CSI Volumes [Driver: csi-hostpath] [Testpattern: Pre-provisioned PV (filesystem volmode)] disruptive [Disruptive] [LinuxOnly] Should test that pv used in a pod that is force deleted while the kubelet is down is usable by a new pod with a different SELinux context when kubelet returns [Feature:SELinux]" classname="Kubernetes e2e suite" status="skipped" time="0">
              <skipped message="skipped"></skipped>
          </testcase>
          <testcase name="[It] [sig-storage] In-tree Volumes [Driver: emptydir] [Testpattern: Generic Ephemeral-volume (default fs) (late-binding)] ephemeral should create read-only inline ephemeral volume" classname="Kubernetes e2e suite" status="skipped" time="0">
              <skipped message="skipped"></skipped>
          </testcase>
          <testcase name="[It] [sig-storage] In-tree Volumes [Driver: nfs] [Testpattern: Dynamic PV (block volmode)] provisioning should provision storage with mount options" classname="Kubernetes e2e suite" status="skipped" time="0">
              <skipped message="skipped"></skipped>
          </testcase>
          <testcase name="[It] [sig-storage] In-tree Volumes [Driver: local] [LocalVolumeType: dir-link] [Testpattern: Dynamic PV (filesystem volmode)] multiVolume [Slow] should access to two volumes with the same volume mode and retain data across pod recreation on different node" classname="Kubernetes e2e suite" status="skipped" time="0">
              <skipped message="skipped"></skipped>
          </testcase>
          <testcase name="[It] [sig-storage] In-tree Volumes [Driver: local] [LocalVolumeType: gce-localssd-scsi-fs] [Serial] [Testpattern: Generic Ephemeral-volume (block volmode) (late-binding)] ephemeral should support multiple inline ephemeral volumes" classname="Kubernetes e2e suite" status="skipped" time="0">
              <skipped message="skipped"></skipped>
          </testcase>
          <testcase name="[It] [sig-storage] Ephemeralstorage When pod refers to non-existent ephemeral storage should allow deletion of pod with invalid volume : projected" classname="Kubernetes e2e suite" status="skipped" time="0">
              <skipped message="skipped"></skipped>
          </testcase>
          <testcase name="[It] [sig-storage] In-tree Volumes [Driver: azure-file] [Testpattern: Dynamic PV (default fs)] subPath should support creating multiple subpath from same volumes [Slow]" classname="Kubernetes e2e suite" status="skipped" time="0">
              <skipped message="skipped"></skipped>
          </testcase>
          <testcase name="[It] [sig-storage] In-tree Volumes [Driver: local] [LocalVolumeType: dir-link] [Testpattern: Dynamic PV (block volmode)] volume-stress multiple pods should access different volumes repeatedly [Slow] [Serial]" classname="Kubernetes e2e suite" status="skipped" time="0">
              <skipped message="skipped"></skipped>
          </testcase>
          <testcase name="[It] [sig-storage] In-tree Volumes [Driver: emptydir] [Testpattern: Dynamic PV (default fs)] subPath should support creating multiple subpath from same volumes [Slow]" classname="Kubernetes e2e suite" status="skipped" time="0">
              <skipped message="skipped"></skipped>
          </testcase>
          <testcase name="[It] [sig-storage] In-tree Volumes [Driver: local] [LocalVolumeType: blockfs] [Testpattern: Dynamic PV (ntfs)] [Feature:Windows] volumeIO should write files of various sizes, verify size, validate content [Slow]" classname="Kubernetes e2e suite" status="skipped" time="0">
              <skipped message="skipped"></skipped>
          </testcase>
          <testcase name="[It] [sig-storage] In-tree Volumes [Driver: iscsi] [Feature:Volumes] [Testpattern: Dynamic PV (block volmode)] disruptive [Disruptive] [LinuxOnly] Should test that pv used in a pod that is deleted while the kubelet is down cleans up when the kubelet returns." classname="Kubernetes e2e suite" status="skipped" time="0">
              <skipped message="skipped"></skipped>
          </testcase>
          <testcase name="[It] [sig-storage] In-tree Volumes [Driver: local] [LocalVolumeType: blockfs] [Testpattern: Pre-provisioned PV (default fs)] volumeIO should write files of various sizes, verify size, validate content [Slow]" classname="Kubernetes e2e suite" status="skipped" time="0">
              <skipped message="skipped"></skipped>
          </testcase>
          <testcase name="[It] [sig-storage] In-tree Volumes [Driver: local] [LocalVolumeType: gce-localssd-scsi-fs] [Serial] [Testpattern: Dynamic PV (ntfs)] [Feature:Windows] subPath should support non-existent path" classname="Kubernetes e2e suite" status="skipped" time="0">
              <skipped message="skipped"></skipped>
          </testcase>
          <testcase name="[It] [sig-storage] CSI Mock selinux on mount metrics and SELinuxWarningController SELinuxMount metrics [LinuxOnly] [Feature:SELinux] [Serial] error is bumped on two Pods with a different context on RWO volume and SELinuxMount enabled [FeatureGate:SELinuxMountReadWriteOncePod] [Beta] [FeatureGate:SELinuxChangePolicy] [Beta] [FeatureGate:SELinuxMount] [Beta] [Feature:OffByDefault]" classname="Kubernetes e2e suite" status="skipped" time="0">
              <skipped message="skipped"></skipped>
          </testcase>
          <testcase name="[It] [sig-storage] In-tree Volumes [Driver: hostPathSymlink] [Testpattern: Pre-provisioned PV (default fs)] subPath should support non-existent path" classname="Kubernetes e2e suite" status="skipped" time="0">
              <skipped message="skipped"></skipped>
          </testcase>
          <testcase name="[It] [sig-storage] In-tree Volumes [Driver: azure-disk] [Testpattern: Pre-provisioned PV (filesystem volmode)] disruptive [Disruptive] [LinuxOnly] Should test that pv used in a pod that is force deleted while the kubelet is down is usable by a new pod with a different SELinux context when kubelet returns [Feature:SELinux]" classname="Kubernetes e2e suite" status="skipped" time="0">
              <skipped message="skipped"></skipped>
          </testcase>
          <testcase name="[It] [sig-storage] In-tree Volumes [Driver: emptydir] [Testpattern: Dynamic PV (default fs)] provisioning should provision storage with pvc data source in parallel [Slow]" classname="Kubernetes e2e suite" status="skipped" time="0">
              <skipped message="skipped"></skipped>
          </testcase>
          <testcase name="[It] [sig-storage] In-tree Volumes [Driver: cinder] [Testpattern: Generic Ephemeral-volume (default fs) (immediate-binding)] ephemeral should create read-only inline ephemeral volume" classname="Kubernetes e2e suite" status="skipped" time="0">
              <skipped message="skipped"></skipped>
          </testcase>
          <testcase name="[It] [sig-storage] In-tree Volumes [Driver: local] [LocalVolumeType: dir-link] [Testpattern: Dynamic PV (filesystem volmode)] volumeLimits should support volume limits [Serial]" classname="Kubernetes e2e suite" status="skipped" time="0">
              <skipped message="skipped"></skipped>
          </testcase>
          <testcase name="[It] [sig-storage] CSI Volumes [Driver: pd.csi.storage.gke.io] [Serial] [Testpattern: CSI Ephemeral-volume (default fs)] ephemeral should support multiple inline ephemeral volumes" classname="Kubernetes e2e suite" status="skipped" time="0">
              <skipped message="skipped"></skipped>
          </testcase>
          <testcase name="[It] [sig-storage] In-tree Volumes [Driver: cinder] [Testpattern: Dynamic PV (default fs)] provisioning should provision storage with pvc data source in parallel [Slow]" classname="Kubernetes e2e suite" status="skipped" time="0">
              <skipped message="skipped"></skipped>
          </testcase>
          <testcase name="[It] [sig-storage] In-tree Volumes [Driver: local] [LocalVolumeType: dir-link-bindmounted] [Testpattern: Dynamic PV (ntfs)] [Feature:Windows] provisioning should provision storage with pvc data source" classname="Kubernetes e2e suite" status="skipped" time="0">
              <skipped message="skipped"></skipped>
          </testcase>
          <testcase name="[It] [sig-storage] CSI Volumes [Driver: pd.csi.storage.gke.io] [Serial] [Testpattern: Generic Ephemeral-volume (default fs) (immediate-binding)] ephemeral should support multiple inline ephemeral volumes" classname="Kubernetes e2e suite" status="skipped" time="0">
              <skipped message="skipped"></skipped>
          </testcase>
          <testcase name="[It] [sig-storage] In-tree Volumes [Driver: local] [LocalVolumeType: gce-localssd-scsi-fs] [Serial] [Testpattern: Dynamic PV (default fs)] subPath should support restarting containers using file as subpath [Slow] [LinuxOnly]" classname="Kubernetes e2e suite" status="skipped" time="0">
              <skipped message="skipped"></skipped>
          </testcase>
          <testcase name="[It] [sig-storage] CSI Volumes [Driver: pd.csi.storage.gke.io] [Serial] [Testpattern: Dynamic PV (block volmode)] provisioning should provision correct filesystem size when restoring snapshot to larger size pvc [Feature:VolumeSnapshotDataSource]" classname="Kubernetes e2e suite" status="skipped" time="0">
              <skipped message="skipped"></skipped>
          </testcase>
          <testcase name="[It] [sig-storage] In-tree Volumes [Driver: local] [LocalVolumeType: dir] [Testpattern: Dynamic PV (block volmode)(allowExpansion)] volume-expand should resize volume when PVC is edited while pod is using it" classname="Kubernetes e2e suite" status="skipped" time="0">
              <skipped message="skipped"></skipped>
          </testcase>
          <testcase name="[It] [sig-network] Services should be able to change the type from ExternalName to ClusterIP [Conformance]" classname="Kubernetes e2e suite" status="passed" time="4.266358375"></testcase>
          <testcase name="[It] [sig-storage] In-tree Volumes [Driver: local] [LocalVolumeType: tmpfs] [Testpattern: Dynamic PV (ntfs)] [Feature:Windows] provisioning should provision storage with any volume data source [Serial]" classname="Kubernetes e2e suite" status="skipped" time="0">
              <skipped message="skipped"></skipped>
          </testcase>
          <testcase name="[It] [sig-api-machinery] API Streaming (aka. WatchList) [FeatureGate:WatchList] [Beta] [Feature:OffByDefault] [Serial] should be requested by dynamic client&#39;s List method when WatchListClient is enabled" classname="Kubernetes e2e suite" status="skipped" time="0">
              <skipped message="skipped"></skipped>
          </testcase>
          <testcase name="[It] [sig-storage] In-tree Volumes [Driver: hostPathSymlink] [Testpattern: Inline-volume (default fs)] volumes should allow exec of files on the volume" classname="Kubernetes e2e suite" status="skipped" time="0">
              <skipped message="skipped"></skipped>
          </testcase>
          <testcase name="[It] [sig-storage] In-tree Volumes [Driver: hostPath] [Testpattern: Dynamic PV (ntfs)] [Feature:Windows] subPath should support existing single file [LinuxOnly]" classname="Kubernetes e2e suite" status="skipped" time="0">
              <skipped message="skipped"></skipped>
          </testcase>
          <testcase name="[It] [sig-storage] In-tree Volumes [Driver: local] [LocalVolumeType: dir] [Testpattern: Inline-volume (default fs)] subPath should support creating multiple subpath from same volumes [Slow]" classname="Kubernetes e2e suite" status="skipped" time="0">
              <skipped message="skipped"></skipped>
          </testcase>
          <testcase name="[It] [sig-storage] In-tree Volumes [Driver: azure-file] [Testpattern: Dynamic PV (ntfs)] [Feature:Windows] multiVolume [Slow] should concurrently access the single volume from pods on the same node" classname="Kubernetes e2e suite" status="skipped" time="0">
              <skipped message="skipped"></skipped>
          </testcase>
          <testcase name="[It] [sig-storage] PersistentVolumes-local [Volume type: tmpfs] Two pods mounting a local volume at the same time should be able to write from pod1 and read from pod2" classname="Kubernetes e2e suite" status="skipped" time="0">
              <skipped message="skipped"></skipped>
          </testcase>
          <testcase name="[It] [sig-storage] CSI Volumes [Driver: pd.csi.storage.gke.io] [Serial] [Testpattern: Dynamic Snapshot (delete policy)] snapshottable [Feature:VolumeSnapshotDataSource] volume snapshot controller  should check snapshot fields, check restore correctly works after modifying source data, check deletion (persistent)" classname="Kubernetes e2e suite" status="skipped" time="0">
              <skipped message="skipped"></skipped>
          </testcase>
          <testcase name="[It] [sig-node] Security Context should support pod.Spec.SecurityContext.RunAsUser And pod.Spec.SecurityContext.RunAsGroup [LinuxOnly] [Conformance]" classname="Kubernetes e2e suite" status="passed" time="2.059465197"></testcase>
          <testcase name="[It] [sig-storage] In-tree Volumes [Driver: vsphere] [Testpattern: Generic Ephemeral-volume (default fs) (late-binding)] ephemeral should support multiple inline ephemeral volumes" classname="Kubernetes e2e suite" status="skipped" time="0">
              <skipped message="skipped"></skipped>
          </testcase>
          <testcase name="[It] [sig-storage] In-tree Volumes [Driver: local] [LocalVolumeType: dir-bindmounted] [Testpattern: Pre-provisioned PV (xfs)] [Slow] volumes should store data" classname="Kubernetes e2e suite" status="skipped" time="0">
              <skipped message="skipped"></skipped>
          </testcase>
          <testcase name="[It] [sig-storage] CSI Volumes [Driver: csi-hostpath] [Testpattern: Inline-volume (default fs)] subPath should fail if subpath file is outside the volume [Slow] [LinuxOnly]" classname="Kubernetes e2e suite" status="skipped" time="0">
              <skipped message="skipped"></skipped>
          </testcase>
          <testcase name="[It] [sig-storage] In-tree Volumes [Driver: hostPathSymlink] [Testpattern: Dynamic PV (default fs)] subPath should unmount if pod is force deleted while kubelet is down [Disruptive] [Slow] [LinuxOnly]" classname="Kubernetes e2e suite" status="skipped" time="0">
              <skipped message="skipped"></skipped>
          </testcase>
          <testcase name="[It] [sig-storage] In-tree Volumes [Driver: hostPath] [Testpattern: Dynamic PV (filesystem volmode)] multiVolume [Slow] should concurrently access the single read-only volume from pods on the same node" classname="Kubernetes e2e suite" status="skipped" time="0">
              <skipped message="skipped"></skipped>
          </testcase>
          <testcase name="[It] [sig-storage] In-tree Volumes [Driver: local] [LocalVolumeType: block] [Testpattern: Dynamic PV (block volmode)] volume-stress multiple pods should access different volumes repeatedly [Slow] [Serial]" classname="Kubernetes e2e suite" status="skipped" time="0">
              <skipped message="skipped"></skipped>
          </testcase>
          <testcase name="[It] [sig-storage] In-tree Volumes [Driver: local] [LocalVolumeType: gce-localssd-scsi-fs] [Serial] [Testpattern: Generic Ephemeral-volume (block volmode) (late-binding)] ephemeral should support two pods which have the same volume definition" classname="Kubernetes e2e suite" status="skipped" time="0">
              <skipped message="skipped"></skipped>
          </testcase>
          <testcase name="[It] [sig-storage] In-tree Volumes [Driver: nfs] [Testpattern: Pre-provisioned PV (filesystem volmode)] multiVolume [Slow] should concurrently access the single volume from pods on the same node" classname="Kubernetes e2e suite" status="skipped" time="0">
              <skipped message="skipped"></skipped>
          </testcase>
          <testcase name="[It] [sig-storage] In-tree Volumes [Driver: azure-file] [Testpattern: Dynamic PV (block volmode)] volumeMode should fail in binding dynamic provisioned PV to PVC [Slow] [LinuxOnly]" classname="Kubernetes e2e suite" status="skipped" time="0">
              <skipped message="skipped"></skipped>
          </testcase>
          <testcase name="[It] [sig-cli] Kubectl client kubectl subresource flag GET on status subresource of built-in type (node) returns identical info as GET on the built-in type" classname="Kubernetes e2e suite" status="skipped" time="0">
              <skipped message="skipped"></skipped>
          </testcase>
          <testcase name="[It] [sig-storage] In-tree Volumes [Driver: vsphere] [Testpattern: Pre-provisioned PV (block volmode)] volumeMode should not mount / map unused volumes in a pod [LinuxOnly]" classname="Kubernetes e2e suite" status="skipped" time="0">
              <skipped message="skipped"></skipped>
          </testcase>
          <testcase name="[It] [sig-api-machinery] ServerSideApply should remove a field if it is owned but removed in the apply request" classname="Kubernetes e2e suite" status="skipped" time="0">
              <skipped message="skipped"></skipped>
          </testcase>
          <testcase name="[It] [sig-storage] In-tree Volumes [Driver: azure-file] [Testpattern: Dynamic PV (filesystem volmode)] multiVolume [Slow] should concurrently access the single read-only volume from pods on the same node" classname="Kubernetes e2e suite" status="skipped" time="0">
              <skipped message="skipped"></skipped>
          </testcase>
          <testcase name="[It] [sig-storage] In-tree Volumes [Driver: cinder] [Testpattern: Generic Ephemeral-volume (block volmode) (late-binding)] ephemeral should support expansion of pvcs created for ephemeral pvcs" classname="Kubernetes e2e suite" status="skipped" time="0">
              <skipped message="skipped"></skipped>
          </testcase>
          <testcase name="[It] [sig-storage] In-tree Volumes [Driver: azure-disk] [Testpattern: Inline-volume (default fs)] volumes should store data" classname="Kubernetes e2e suite" status="skipped" time="0">
              <skipped message="skipped"></skipped>
          </testcase>
          <testcase name="[It] [sig-node] Pod InPlace Resize Container [FeatureGate:InPlacePodVerticalScaling] [Beta] Burstable QoS pod, three containers - decrease c1 resources, increase c2 resources, no change for c3 (net increase for pod)" classname="Kubernetes e2e suite" status="skipped" time="0">
              <skipped message="skipped"></skipped>
          </testcase>
          <testcase name="[It] [sig-api-machinery] Watchers should be able to restart watching from the last resource version observed by the previous watch [Conformance]" classname="Kubernetes e2e suite" status="passed" time="0.101908879"></testcase>
          <testcase name="[It] [sig-storage] In-tree Volumes [Driver: azure-file] [Testpattern: Pre-provisioned PV (filesystem volmode)] multiVolume [Slow] should access to two volumes with different volume mode and retain data across pod recreation on different node" classname="Kubernetes e2e suite" status="skipped" time="0">
              <skipped message="skipped"></skipped>
          </testcase>
          <testcase name="[It] [sig-storage] PersistentVolumes-local [Volume type: dir-bindmounted] Set fsGroup for local volume should set same fsGroup for two pods simultaneously [Slow]" classname="Kubernetes e2e suite" status="skipped" time="0">
              <skipped message="skipped"></skipped>
          </testcase>
          <testcase name="[It] [sig-autoscaling] Cluster size autoscaling [Slow] shouldn&#39;t trigger additional scale-ups during processing scale-up [Feature:ClusterSizeAutoscalingScaleUp]" classname="Kubernetes e2e suite" status="skipped" time="0">
              <skipped message="skipped"></skipped>
          </testcase>
          <testcase name="[It] [sig-node] Probing container with readiness probe that fails should never be ready and never restart [NodeConformance] [Conformance]" classname="Kubernetes e2e suite" status="passed" time="60.03980428"></testcase>
          <testcase name="[It] [sig-storage] In-tree Volumes [Driver: azure-file] [Testpattern: Pre-provisioned PV (ntfs)] [Feature:Windows] volumes should allow exec of files on the volume" classname="Kubernetes e2e suite" status="skipped" time="0">
              <skipped message="skipped"></skipped>
          </testcase>
          <testcase name="[It] [sig-storage] In-tree Volumes [Driver: hostPath] [Testpattern: Inline-volume (default fs)] subPath should support creating multiple subpath from same volumes [Slow]" classname="Kubernetes e2e suite" status="skipped" time="0">
              <skipped message="skipped"></skipped>
          </testcase>
          <testcase name="[It] [sig-cli] Kubectl client Kubectl validation should detect unknown metadata fields in both the root and embedded object of a CR" classname="Kubernetes e2e suite" status="skipped" time="0">
              <skipped message="skipped"></skipped>
          </testcase>
          <testcase name="[It] [sig-storage] In-tree Volumes [Driver: hostPathSymlink] [Testpattern: Dynamic PV (default fs)] volume-expand should not allow expansion of pvcs without AllowVolumeExpansion property" classname="Kubernetes e2e suite" status="skipped" time="0">
              <skipped message="skipped"></skipped>
          </testcase>
          <testcase name="[It] [sig-api-machinery] API Streaming (aka. WatchList) [FeatureGate:WatchList] [Beta] [Feature:OffByDefault] [Serial] doesn&#39;t support receiving resources as Tables" classname="Kubernetes e2e suite" status="skipped" time="0">
              <skipped message="skipped"></skipped>
          </testcase>
          <testcase name="[It] [sig-storage] In-tree Volumes [Driver: azure-file] [Testpattern: Inline-volume (default fs)] subPath should verify container cannot write to subpath readonly volumes [Slow]" classname="Kubernetes e2e suite" status="skipped" time="0">
              <skipped message="skipped"></skipped>
          </testcase>
          <testcase name="[It] [sig-storage] In-tree Volumes [Driver: local] [LocalVolumeType: dir] [Testpattern: Dynamic PV (delayed binding)] topology should fail to schedule a pod which has topologies that conflict with AllowedTopologies" classname="Kubernetes e2e suite" status="skipped" time="0">
              <skipped message="skipped"></skipped>
          </testcase>
          <testcase name="[It] [sig-storage] In-tree Volumes [Driver: local] [LocalVolumeType: blockfs] [Testpattern: Dynamic PV (ext4)] multiVolume [Slow] should access to two volumes with different volume mode and retain data across pod recreation on the same node" classname="Kubernetes e2e suite" status="skipped" time="0">
              <skipped message="skipped"></skipped>
          </testcase>
          <testcase name="[It] [sig-storage] In-tree Volumes [Driver: local] [LocalVolumeType: dir] [Testpattern: Dynamic PV (block volmode)] volumes should store data" classname="Kubernetes e2e suite" status="skipped" time="0">
              <skipped message="skipped"></skipped>
          </testcase>
          <testcase name="[It] [sig-storage] In-tree Volumes [Driver: local] [LocalVolumeType: gce-localssd-scsi-fs] [Serial] [Testpattern: Dynamic PV (ntfs)] [Feature:Windows] provisioning should provision storage with pvc data source" classname="Kubernetes e2e suite" status="skipped" time="0">
              <skipped message="skipped"></skipped>
          </testcase>
          <testcase name="[It] [sig-node] PrivilegedPod [NodeConformance] should enable privileged commands [LinuxOnly]" classname="Kubernetes e2e suite" status="skipped" time="0">
              <skipped message="skipped"></skipped>
          </testcase>
          <testcase name="[It] [sig-storage] CSI Volumes [Driver: pd.csi.storage.gke.io] [Serial] [Testpattern: Dynamic PV (ext4)] multiVolume [Slow] should concurrently access the single volume from pods on the same node" classname="Kubernetes e2e suite" status="skipped" time="0">
              <skipped message="skipped"></skipped>
          </testcase>
          <testcase name="[It] [sig-storage] In-tree Volumes [Driver: azure-disk] [Testpattern: Dynamic PV (ntfs)(allowExpansion)] [Feature:Windows] volume-expand should resize volume when PVC is edited while pod is using it" classname="Kubernetes e2e suite" status="skipped" time="0">
              <skipped message="skipped"></skipped>
          </testcase>
          <testcase name="[It] [sig-storage] In-tree Volumes [Driver: cinder] [Testpattern: Dynamic PV (ntfs)] [Feature:Windows] multiVolume [Slow] should concurrently access the volume and its clone from pods on the same node [LinuxOnly] [Feature:VolumeSourceXFS]" classname="Kubernetes e2e suite" status="skipped" time="0">
              <skipped message="skipped"></skipped>
          </testcase>
          <testcase name="[It] [sig-storage] In-tree Volumes [Driver: azure-file] [Testpattern: Dynamic PV (ntfs)] [Feature:Windows] multiVolume [Slow] should access to two volumes with the same volume mode and retain data across pod recreation on different node" classname="Kubernetes e2e suite" status="skipped" time="0">
              <skipped message="skipped"></skipped>
          </testcase>
          <testcase name="[It] [sig-network] Networking Granular Checks: Services should be able to handle large requests: http" classname="Kubernetes e2e suite" status="skipped" time="0">
              <skipped message="skipped"></skipped>
          </testcase>
          <testcase name="[It] [sig-storage] In-tree Volumes [Driver: nfs] [Testpattern: Pre-provisioned PV (default fs)] subPath should fail if subpath with backstepping is outside the volume [Slow] [LinuxOnly]" classname="Kubernetes e2e suite" status="skipped" time="0">
              <skipped message="skipped"></skipped>
          </testcase>
          <testcase name="[It] [sig-storage] In-tree Volumes [Driver: hostPathSymlink] [Testpattern: Dynamic PV (ext3)] volumes should store data" classname="Kubernetes e2e suite" status="skipped" time="0">
              <skipped message="skipped"></skipped>
          </testcase>
          <testcase name="[It] [sig-storage] In-tree Volumes [Driver: iscsi] [Feature:Volumes] [Testpattern: Dynamic PV (ntfs)] [Feature:Windows] provisioning should provision storage with any volume data source [Serial]" classname="Kubernetes e2e suite" status="skipped" time="0">
              <skipped message="skipped"></skipped>
          </testcase>
          <testcase name="[It] [sig-storage] In-tree Volumes [Driver: azure-disk] [Testpattern: Inline-volume (default fs)] subPath should support non-existent path" classname="Kubernetes e2e suite" status="skipped" time="0">
              <skipped message="skipped"></skipped>
          </testcase>
          <testcase name="[It] [sig-storage] In-tree Volumes [Driver: hostPath] [Testpattern: Dynamic PV (ntfs)] [Feature:Windows] subPath should unmount if pod is gracefully deleted while kubelet is down [Disruptive] [Slow] [LinuxOnly]" classname="Kubernetes e2e suite" status="skipped" time="0">
              <skipped message="skipped"></skipped>
          </testcase>
          <testcase name="[It] [sig-storage] In-tree Volumes [Driver: iscsi] [Feature:Volumes] [Testpattern: Dynamic PV (ntfs)] [Feature:Windows] multiVolume [Slow] should access to two volumes with the same volume mode and retain data across pod recreation on different node" classname="Kubernetes e2e suite" status="skipped" time="0">
              <skipped message="skipped"></skipped>
          </testcase>
          <testcase name="[It] [sig-storage] In-tree Volumes [Driver: local] [LocalVolumeType: dir] [Testpattern: Dynamic PV (default fs)] subPath should fail if subpath directory is outside the volume [Slow] [LinuxOnly]" classname="Kubernetes e2e suite" status="skipped" time="0">
              <skipped message="skipped"></skipped>
          </testcase>
          <testcase name="[It] [sig-storage] CSI Volumes [Driver: csi-hostpath] [Testpattern: Dynamic PV (block volmode)] volume-modify [FeatureGate:VolumeAttributesClass] [Beta] [Feature:OffByDefault] should be protected by vac-protection finalizer" classname="Kubernetes e2e suite" status="skipped" time="0">
              <skipped message="skipped"></skipped>
          </testcase>
          <testcase name="[It] [sig-storage] CSI Volumes [Driver: csi-hostpath] [Testpattern: CSI Ephemeral-volume (default fs)] ephemeral should support two pods which have the same volume definition" classname="Kubernetes e2e suite" status="skipped" time="0">
              <skipped message="skipped"></skipped>
          </testcase>
          <testcase name="[It] [sig-storage] In-tree Volumes [Driver: local] [LocalVolumeType: tmpfs] [Testpattern: Inline-volume (default fs)] volumeIO should write files of various sizes, verify size, validate content [Slow]" classname="Kubernetes e2e suite" status="skipped" time="0">
              <skipped message="skipped"></skipped>
          </testcase>
          <testcase name="[It] [sig-storage] In-tree Volumes [Driver: hostPathSymlink] [Testpattern: Dynamic PV (default fs)] provisioning should provision storage with mount options" classname="Kubernetes e2e suite" status="skipped" time="0">
              <skipped message="skipped"></skipped>
          </testcase>
          <testcase name="[It] [sig-storage] In-tree Volumes [Driver: emptydir] [Testpattern: Dynamic PV (default fs)] subPath should unmount if pod is gracefully deleted while kubelet is down [Disruptive] [Slow] [LinuxOnly]" classname="Kubernetes e2e suite" status="skipped" time="0">
              <skipped message="skipped"></skipped>
          </testcase>
          <testcase name="[It] [sig-storage] In-tree Volumes [Driver: local] [LocalVolumeType: tmpfs] [Testpattern: Dynamic PV (filesystem volmode)] multiVolume [Slow] should access to two volumes with the same volume mode and retain data across pod recreation on the same node" classname="Kubernetes e2e suite" status="skipped" time="0">
              <skipped message="skipped"></skipped>
          </testcase>
          <testcase name="[It] [sig-storage] Downward API volume should provide container&#39;s cpu request [NodeConformance] [Conformance]" classname="Kubernetes e2e suite" status="passed" time="4.068216644"></testcase>
          <testcase name="[It] [sig-node] [Feature:SidecarContainers] Probing restartable init container should *not* be restarted with a GRPC liveness probe" classname="Kubernetes e2e suite" status="skipped" time="0">
              <skipped message="skipped"></skipped>
          </testcase>
          <testcase name="[It] [sig-storage] HostPathType Socket [Slow] Should fail on mounting socket &#39;asocket&#39; when HostPathType is HostPathDirectory" classname="Kubernetes e2e suite" status="skipped" time="0">
              <skipped message="skipped"></skipped>
          </testcase>
          <testcase name="[It] [sig-storage] In-tree Volumes [Driver: local] [LocalVolumeType: dir-link] [Testpattern: Pre-provisioned PV (block volmode)] multiVolume [Slow] should concurrently access the single read-only volume from pods on the same node" classname="Kubernetes e2e suite" status="skipped" time="0">
              <skipped message="skipped"></skipped>
          </testcase>
          <testcase name="[It] [sig-windows] [Feature:Windows] SecurityContext should not be able to create pods with unknown usernames at Pod level" classname="Kubernetes e2e suite" status="skipped" time="0">
              <skipped message="skipped"></skipped>
          </testcase>
          <testcase name="[It] [sig-storage] CSI Volumes [Driver: pd.csi.storage.gke.io] [Serial] [Testpattern: Dynamic PV (default fs)] provisioning should provision storage with any volume data source [Serial]" classname="Kubernetes e2e suite" status="skipped" time="0">
              <skipped message="skipped"></skipped>
          </testcase>
          <testcase name="[It] [sig-node] Kubelet [Serial] [Slow] regular resource usage tracking [Feature:RegularResourceUsageTracking] resource tracking for 100 pods per node" classname="Kubernetes e2e suite" status="skipped" time="0">
              <skipped message="skipped"></skipped>
          </testcase>
          <testcase name="[It] [sig-storage] In-tree Volumes [Driver: azure-file] [Testpattern: Generic Ephemeral-volume (block volmode) (late-binding)] ephemeral should create read/write inline ephemeral volume" classname="Kubernetes e2e suite" status="skipped" time="0">
              <skipped message="skipped"></skipped>
          </testcase>
          <testcase name="[It] [sig-node] Probing container should be restarted startup probe fails" classname="Kubernetes e2e suite" status="skipped" time="0">
              <skipped message="skipped"></skipped>
          </testcase>
          <testcase name="[It] [sig-storage] In-tree Volumes [Driver: local] [LocalVolumeType: block] [Testpattern: Inline-volume (default fs)] volumeIO should write files of various sizes, verify size, validate content [Slow]" classname="Kubernetes e2e suite" status="skipped" time="0">
              <skipped message="skipped"></skipped>
          </testcase>
          <testcase name="[It] [sig-storage] CSI Volumes [Driver: pd.csi.storage.gke.io] [Serial] [Testpattern: Dynamic PV (block volmode)] multiVolume [Slow] should access to two volumes with the same volume mode and retain data across pod recreation on different node" classname="Kubernetes e2e suite" status="skipped" time="0">
              <skipped message="skipped"></skipped>
          </testcase>
          <testcase name="[It] [sig-storage] In-tree Volumes [Driver: local] [LocalVolumeType: dir] [Testpattern: Dynamic PV (ntfs)] [Feature:Windows] subPath should support readOnly directory specified in the volumeMount" classname="Kubernetes e2e suite" status="skipped" time="0">
              <skipped message="skipped"></skipped>
          </testcase>
          <testcase name="[It] [sig-storage] In-tree Volumes [Driver: local] [LocalVolumeType: dir] [Testpattern: Dynamic PV (ntfs)] [Feature:Windows] subPath should fail if subpath directory is outside the volume [Slow] [LinuxOnly]" classname="Kubernetes e2e suite" status="skipped" time="0">
              <skipped message="skipped"></skipped>
          </testcase>
          <testcase name="[It] [sig-storage] In-tree Volumes [Driver: nfs] [Testpattern: Dynamic PV (default fs)] subPath should verify container cannot write to subpath readonly volumes [Slow]" classname="Kubernetes e2e suite" status="skipped" time="0">
              <skipped message="skipped"></skipped>
          </testcase>
          <testcase name="[It] [sig-storage] In-tree Volumes [Driver: azure-file] [Testpattern: Dynamic PV (default fs)] fsgroupchangepolicy (OnRootMismatch)[LinuxOnly], pod created with an initial fsgroup, volume contents ownership changed via chgrp in first pod, new pod with different fsgroup applied to the volume contents" classname="Kubernetes e2e suite" status="skipped" time="0">
              <skipped message="skipped"></skipped>
          </testcase>
          <testcase name="[It] [sig-storage] In-tree Volumes [Driver: local] [LocalVolumeType: dir-link] [Testpattern: Dynamic PV (default fs)] subPath should support restarting containers using directory as subpath [Slow]" classname="Kubernetes e2e suite" status="skipped" time="0">
              <skipped message="skipped"></skipped>
          </testcase>
          <testcase name="[It] [sig-storage] In-tree Volumes [Driver: local] [LocalVolumeType: dir-link] [Testpattern: Dynamic PV (filesystem volmode)] disruptive [Disruptive] [LinuxOnly] Should test that pv used in a pod that is deleted while the kubelet is down is usable by a new pod when kubelet returns [Feature:SELinux]" classname="Kubernetes e2e suite" status="skipped" time="0">
              <skipped message="skipped"></skipped>
          </testcase>
          <testcase name="[It] [sig-storage] In-tree Volumes [Driver: local] [LocalVolumeType: block] [Testpattern: Pre-provisioned PV (default fs)] subPath should support file as subpath [LinuxOnly]" classname="Kubernetes e2e suite" status="skipped" time="0">
              <skipped message="skipped"></skipped>
          </testcase>
          <testcase name="[It] [sig-storage] In-tree Volumes [Driver: local] [LocalVolumeType: block] [Testpattern: Dynamic PV (xfs)] [Slow] multiVolume [Slow] should concurrently access the single volume from pods on different node" classname="Kubernetes e2e suite" status="skipped" time="0">
              <skipped message="skipped"></skipped>
          </testcase>
          <testcase name="[It] [sig-storage] In-tree Volumes [Driver: emptydir] [Testpattern: Dynamic PV (block volmode)] volumeMode should fail in binding dynamic provisioned PV to PVC [Slow] [LinuxOnly]" classname="Kubernetes e2e suite" status="skipped" time="0">
              <skipped message="skipped"></skipped>
          </testcase>
          <testcase name="[It] [sig-storage] CSI Volumes [Driver: pd.csi.storage.gke.io] [Serial] [Testpattern: Dynamic PV (ntfs)] [Feature:Windows] subPath should support restarting containers using directory as subpath [Slow]" classname="Kubernetes e2e suite" status="skipped" time="0">
              <skipped message="skipped"></skipped>
          </testcase>
          <testcase name="[It] [sig-storage] In-tree Volumes [Driver: hostPath] [Testpattern: Inline-volume (default fs)] subPath should fail if non-existent subpath is outside the volume [Slow] [LinuxOnly]" classname="Kubernetes e2e suite" status="skipped" time="0">
              <skipped message="skipped"></skipped>
          </testcase>
          <testcase name="[It] [sig-storage] In-tree Volumes [Driver: local] [LocalVolumeType: blockfs] [Testpattern: Dynamic PV (block volmode)(allowExpansion)] volume-expand should resize volume when PVC is edited while pod is using it" classname="Kubernetes e2e suite" status="skipped" time="0">
              <skipped message="skipped"></skipped>
          </testcase>
          <testcase name="[It] [sig-storage] In-tree Volumes [Driver: azure-file] [Testpattern: Dynamic PV (block volmode)] multiVolume [Slow] should concurrently access the single volume from pods on the same node" classname="Kubernetes e2e suite" status="skipped" time="0">
              <skipped message="skipped"></skipped>
          </testcase>
          <testcase name="[It] [sig-storage] CSI Volumes [Driver: pd.csi.storage.gke.io] [Serial] [Testpattern: Dynamic PV (ntfs)] [Feature:Windows] subPath should support readOnly directory specified in the volumeMount" classname="Kubernetes e2e suite" status="skipped" time="0">
              <skipped message="skipped"></skipped>
          </testcase>
          <testcase name="[It] [sig-storage] In-tree Volumes [Driver: azure-disk] [Testpattern: Dynamic PV (block volmode)] volume-expand should not allow expansion of pvcs without AllowVolumeExpansion property" classname="Kubernetes e2e suite" status="skipped" time="0">
              <skipped message="skipped"></skipped>
          </testcase>
          <testcase name="[It] [sig-storage] In-tree Volumes [Driver: cinder] [Testpattern: Dynamic PV (ntfs)] [Feature:Windows] multiVolume [Slow] should access to two volumes with the same volume mode and retain data across pod recreation on different node" classname="Kubernetes e2e suite" status="skipped" time="0">
              <skipped message="skipped"></skipped>
          </testcase>
          <testcase name="[It] [sig-storage] In-tree Volumes [Driver: local] [LocalVolumeType: block] [Testpattern: Dynamic PV (xfs)] [Slow] volumes should allow exec of files on the volume" classname="Kubernetes e2e suite" status="skipped" time="0">
              <skipped message="skipped"></skipped>
          </testcase>
          <testcase name="[It] [sig-storage] In-tree Volumes [Driver: emptydir] [Testpattern: Dynamic PV (immediate binding)] topology should provision a volume and schedule a pod with AllowedTopologies" classname="Kubernetes e2e suite" status="skipped" time="0">
              <skipped message="skipped"></skipped>
          </testcase>
          <testcase name="[It] [sig-storage] In-tree Volumes [Driver: azure-file] [Testpattern: Dynamic PV (ntfs)] [Feature:Windows] subPath should fail if subpath file is outside the volume [Slow] [LinuxOnly]" classname="Kubernetes e2e suite" status="skipped" time="0">
              <skipped message="skipped"></skipped>
          </testcase>
          <testcase name="[It] [sig-storage] CSI Mock volume fsgroup policies CSI FSGroupPolicy [LinuxOnly] should modify fsGroup if fsGroupPolicy=File" classname="Kubernetes e2e suite" status="skipped" time="0">
              <skipped message="skipped"></skipped>
          </testcase>
          <testcase name="[It] [sig-storage] In-tree Volumes [Driver: local] [LocalVolumeType: dir-link] [Testpattern: Dynamic PV (ntfs)] [Feature:Windows] provisioning should provision storage with pvc data source in parallel [Slow]" classname="Kubernetes e2e suite" status="skipped" time="0">
              <skipped message="skipped"></skipped>
          </testcase>
          <testcase name="[It] [sig-storage] In-tree Volumes [Driver: iscsi] [Feature:Volumes] [Testpattern: Dynamic PV (xfs)] [Slow] volumes should allow exec of files on the volume" classname="Kubernetes e2e suite" status="skipped" time="0">
              <skipped message="skipped"></skipped>
          </testcase>
          <testcase name="[It] [sig-storage] In-tree Volumes [Driver: local] [LocalVolumeType: dir-link] [Testpattern: Dynamic PV (default fs)] volumeIO should write files of various sizes, verify size, validate content [Slow]" classname="Kubernetes e2e suite" status="skipped" time="0">
              <skipped message="skipped"></skipped>
          </testcase>
          <testcase name="[It] [sig-storage] In-tree Volumes [Driver: emptydir] [Testpattern: Dynamic PV (ext3)] volumes should allow exec of files on the volume" classname="Kubernetes e2e suite" status="skipped" time="0">
              <skipped message="skipped"></skipped>
          </testcase>
          <testcase name="[It] [sig-storage] In-tree Volumes [Driver: hostPath] [Testpattern: Dynamic PV (ntfs)] [Feature:Windows] multiVolume [Slow] should access to two volumes with different volume mode and retain data across pod recreation on different node" classname="Kubernetes e2e suite" status="skipped" time="0">
              <skipped message="skipped"></skipped>
          </testcase>
          <testcase name="[It] [sig-storage] In-tree Volumes [Driver: local] [LocalVolumeType: blockfs] [Testpattern: Dynamic PV (ntfs)] [Feature:Windows] multiVolume [Slow] should concurrently access the volume and its clone from pods on the same node [LinuxOnly] [Feature:VolumeSourceXFS]" classname="Kubernetes e2e suite" status="skipped" time="0">
              <skipped message="skipped"></skipped>
          </testcase>
          <testcase name="[It] [sig-storage] In-tree Volumes [Driver: hostPath] [Testpattern: Dynamic PV (filesystem volmode)] multiVolume [Slow] should access to two volumes with the same volume mode and retain data across pod recreation on different node" classname="Kubernetes e2e suite" status="skipped" time="0">
              <skipped message="skipped"></skipped>
          </testcase>
          <testcase name="[It] [sig-auth] [Feature:NodeAuthorizer] Getting an existing configmap should exit with the Forbidden error" classname="Kubernetes e2e suite" status="skipped" time="0">
              <skipped message="skipped"></skipped>
          </testcase>
          <testcase name="[It] [sig-storage] In-tree Volumes [Driver: iscsi] [Feature:Volumes] [Testpattern: Inline-volume (default fs)] subPath should verify container cannot write to subpath readonly volumes [Slow]" classname="Kubernetes e2e suite" status="skipped" time="0">
              <skipped message="skipped"></skipped>
          </testcase>
          <testcase name="[It] [sig-storage] In-tree Volumes [Driver: azure-disk] [Testpattern: Dynamic PV (block volmode)] multiVolume [Slow] should concurrently access the single read-only volume from pods on the same node" classname="Kubernetes e2e suite" status="skipped" time="0">
              <skipped message="skipped"></skipped>
          </testcase>
          <testcase name="[It] [sig-storage] In-tree Volumes [Driver: local] [LocalVolumeType: gce-localssd-scsi-fs] [Serial] [Testpattern: Pre-provisioned PV (filesystem volmode)] disruptive [Disruptive] [LinuxOnly] Should test that pv used in a pod that is deleted while the kubelet is down is usable by a new pod with a different SELinux context when kubelet returns [Feature:SELinux]" classname="Kubernetes e2e suite" status="skipped" time="0">
              <skipped message="skipped"></skipped>
          </testcase>
          <testcase name="[It] [sig-storage] In-tree Volumes [Driver: nfs] [Testpattern: Dynamic PV (ntfs)] [Feature:Windows] subPath should support non-existent path" classname="Kubernetes e2e suite" status="skipped" time="0">
              <skipped message="skipped"></skipped>
          </testcase>
          <testcase name="[It] [sig-storage] In-tree Volumes [Driver: hostPath] [Testpattern: Dynamic PV (filesystem volmode)] disruptive [Disruptive] [LinuxOnly] Should test that pv used in a pod that is force deleted while the kubelet is down is usable by a new pod when kubelet returns [Feature:SELinux]" classname="Kubernetes e2e suite" status="skipped" time="0">
              <skipped message="skipped"></skipped>
          </testcase>
          <testcase name="[It] [sig-autoscaling] [Feature:HPA] Horizontal pod autoscaling (scale resource: CPU) [Serial] [Slow] ReplicaSet with idle sidecar (ContainerResource use case) Should scale from 1 pod to 3 pods and then from 3 pods to 5 pods on a busy application with an idle sidecar container" classname="Kubernetes e2e suite" status="skipped" time="0">
              <skipped message="skipped"></skipped>
          </testcase>
          <testcase name="[It] [sig-storage] In-tree Volumes [Driver: hostPath] [Testpattern: Pre-provisioned PV (default fs)] subPath should unmount if pod is gracefully deleted while kubelet is down [Disruptive] [Slow] [LinuxOnly]" classname="Kubernetes e2e suite" status="skipped" time="0">
              <skipped message="skipped"></skipped>
          </testcase>
          <testcase name="[It] [sig-storage] In-tree Volumes [Driver: emptydir] [Testpattern: Dynamic PV (block volmode)] provisioning should provision storage with pvc data source (ROX mode)" classname="Kubernetes e2e suite" status="skipped" time="0">
              <skipped message="skipped"></skipped>
          </testcase>
          <testcase name="[It] [sig-storage] In-tree Volumes [Driver: local] [LocalVolumeType: dir-link-bindmounted] [Testpattern: Inline-volume (default fs)] subPath should fail if subpath directory is outside the volume [Slow] [LinuxOnly]" classname="Kubernetes e2e suite" status="skipped" time="0">
              <skipped message="skipped"></skipped>
          </testcase>
          <testcase name="[It] [sig-node] kubelet kubectl get --raw &#34;/api/v1/nodes/&lt;insert-node-name-here&gt;/proxy/logs/?query=/&lt;insert-log-file-name-here&gt; [Feature:NodeLogQuery] should return the error with an empty --query option" classname="Kubernetes e2e suite" status="skipped" time="0">
              <skipped message="skipped"></skipped>
          </testcase>
          <testcase name="[It] [sig-storage] In-tree Volumes [Driver: local] [LocalVolumeType: gce-localssd-scsi-fs] [Serial] [Testpattern: Dynamic PV (ntfs)] [Feature:Windows] subPath should unmount if pod is force deleted while kubelet is down [Disruptive] [Slow] [LinuxOnly]" classname="Kubernetes e2e suite" status="skipped" time="0">
              <skipped message="skipped"></skipped>
          </testcase>
          <testcase name="[It] [sig-storage] In-tree Volumes [Driver: cinder] [Testpattern: Dynamic PV (ntfs)] [Feature:Windows] volume-expand should not allow expansion of pvcs without AllowVolumeExpansion property" classname="Kubernetes e2e suite" status="skipped" time="0">
              <skipped message="skipped"></skipped>
          </testcase>
          <testcase name="[It] [sig-storage] In-tree Volumes [Driver: hostPath] [Testpattern: Pre-provisioned PV (default fs)] volumes should store data" classname="Kubernetes e2e suite" status="skipped" time="0">
              <skipped message="skipped"></skipped>
          </testcase>
          <testcase name="[It] [sig-storage] In-tree Volumes [Driver: local] [LocalVolumeType: tmpfs] [Testpattern: Pre-provisioned PV (default fs)] subPath should fail if subpath file is outside the volume [Slow] [LinuxOnly]" classname="Kubernetes e2e suite" status="skipped" time="0">
              <skipped message="skipped"></skipped>
          </testcase>
          <testcase name="[It] [sig-storage] In-tree Volumes [Driver: local] [LocalVolumeType: dir-link] [Testpattern: Pre-provisioned PV (ntfs)] [Feature:Windows] volumes should store data" classname="Kubernetes e2e suite" status="skipped" time="0">
              <skipped message="skipped"></skipped>
          </testcase>
          <testcase name="[It] [sig-storage] In-tree Volumes [Driver: local] [LocalVolumeType: dir-bindmounted] [Testpattern: Dynamic PV (ntfs)] [Feature:Windows] subPath should unmount if pod is gracefully deleted while kubelet is down [Disruptive] [Slow] [LinuxOnly]" classname="Kubernetes e2e suite" status="skipped" time="0">
              <skipped message="skipped"></skipped>
          </testcase>
          <testcase name="[It] [sig-storage] In-tree Volumes [Driver: vsphere] [Testpattern: Dynamic PV (ntfs)] [Feature:Windows] provisioning should mount multiple PV pointing to the same storage on the same node" classname="Kubernetes e2e suite" status="skipped" time="0">
              <skipped message="skipped"></skipped>
          </testcase>
          <testcase name="[It] [sig-storage] In-tree Volumes [Driver: local] [LocalVolumeType: dir] [Testpattern: Pre-provisioned PV (filesystem volmode)] multiVolume [Slow] should concurrently access the volume and its clone from pods on the same node [LinuxOnly] [Feature:VolumeSourceXFS]" classname="Kubernetes e2e suite" status="skipped" time="0">
              <skipped message="skipped"></skipped>
          </testcase>
          <testcase name="[It] [sig-storage] CSI Volumes [Driver: pd.csi.storage.gke.io] [Serial] [Testpattern: Dynamic PV (default fs)] subPath should support creating multiple subpath from same volumes [Slow]" classname="Kubernetes e2e suite" status="skipped" time="0">
              <skipped message="skipped"></skipped>
          </testcase>
          <testcase name="[It] [sig-storage] PersistentVolumes-local [Volume type: dir-bindmounted] Two pods mounting a local volume at the same time should be able to write from pod1 and read from pod2" classname="Kubernetes e2e suite" status="skipped" time="0">
              <skipped message="skipped"></skipped>
          </testcase>
          <testcase name="[It] [sig-network] [Feature:IPv6DualStack] Granular Checks: Services Secondary IP Family [LinuxOnly] should function for endpoint-Service: http" classname="Kubernetes e2e suite" status="skipped" time="0">
              <skipped message="skipped"></skipped>
          </testcase>
          <testcase name="[It] [sig-storage] In-tree Volumes [Driver: iscsi] [Feature:Volumes] [Testpattern: Dynamic PV (ext4)] multiVolume [Slow] should concurrently access the volume and restored snapshot from pods on the same node [LinuxOnly] [Feature:VolumeSnapshotDataSource] [Feature:VolumeSourceXFS]" classname="Kubernetes e2e suite" status="skipped" time="0">
              <skipped message="skipped"></skipped>
          </testcase>
          <testcase name="[It] [sig-storage] In-tree Volumes [Driver: iscsi] [Feature:Volumes] [Testpattern: Dynamic PV (default fs)] provisioning should provision storage with snapshot data source [Feature:VolumeSnapshotDataSource]" classname="Kubernetes e2e suite" status="skipped" time="0">
              <skipped message="skipped"></skipped>
          </testcase>
          <testcase name="[It] [sig-storage] In-tree Volumes [Driver: local] [LocalVolumeType: blockfs] [Testpattern: Dynamic PV (default fs)] subPath should support readOnly directory specified in the volumeMount" classname="Kubernetes e2e suite" status="skipped" time="0">
              <skipped message="skipped"></skipped>
          </testcase>
          <testcase name="[It] [sig-autoscaling] [Feature:HPA] [Serial] [Slow] Horizontal pod autoscaling (non-default behavior) with autoscaling disabled shouldn&#39;t scale down" classname="Kubernetes e2e suite" status="skipped" time="0">
              <skipped message="skipped"></skipped>
          </testcase>
          <testcase name="[It] [sig-storage] In-tree Volumes [Driver: local] [LocalVolumeType: dir] [Testpattern: Pre-provisioned PV (default fs)] subPath should fail if non-existent subpath is outside the volume [Slow] [LinuxOnly]" classname="Kubernetes e2e suite" status="skipped" time="0">
              <skipped message="skipped"></skipped>
          </testcase>
          <testcase name="[It] [sig-storage] In-tree Volumes [Driver: local] [LocalVolumeType: gce-localssd-scsi-fs] [Serial] [Testpattern: Dynamic PV (ntfs)] [Feature:Windows] subPath should support existing directory" classname="Kubernetes e2e suite" status="skipped" time="0">
              <skipped message="skipped"></skipped>
          </testcase>
          <testcase name="[It] [sig-storage] In-tree Volumes [Driver: azure-file] [Testpattern: Pre-provisioned PV (block volmode)] volumeMode should not mount / map unused volumes in a pod [LinuxOnly]" classname="Kubernetes e2e suite" status="skipped" time="0">
              <skipped message="skipped"></skipped>
          </testcase>
          <testcase name="[It] [sig-apps] ReplicaSet should validate Replicaset Status endpoints [Conformance]" classname="Kubernetes e2e suite" status="passed" time="5.047772689"></testcase>
          <testcase name="[It] [sig-storage] In-tree Volumes [Driver: cinder] [Testpattern: Pre-provisioned PV (filesystem volmode)] multiVolume [Slow] should access to two volumes with different volume mode and retain data across pod recreation on different node" classname="Kubernetes e2e suite" status="skipped" time="0">
              <skipped message="skipped"></skipped>
          </testcase>
          <testcase name="[It] [sig-storage] In-tree Volumes [Driver: local] [LocalVolumeType: dir-link-bindmounted] [Testpattern: Dynamic PV (default fs)] fsgroupchangepolicy (Always)[LinuxOnly], pod created with an initial fsgroup, volume contents ownership changed via chgrp in first pod, new pod with same fsgroup applied to the volume contents" classname="Kubernetes e2e suite" status="skipped" time="0">
              <skipped message="skipped"></skipped>
          </testcase>
          <testcase name="[It] [sig-apps] StatefulSet Basic StatefulSet functionality [StatefulSetBasic] should perform canary updates and phased rolling updates of template modifications for partiton1 and delete pod-0 with failing container" classname="Kubernetes e2e suite" status="skipped" time="0">
              <skipped message="skipped"></skipped>
          </testcase>
          <testcase name="[It] [sig-node] Container Runtime blackbox test on terminated container should report termination message if TerminationMessagePath is set as non-root user and at a non-default path [NodeConformance] [Conformance]" classname="Kubernetes e2e suite" status="passed" time="3.051787727"></testcase>
          <testcase name="[It] [sig-storage] In-tree Volumes [Driver: azure-disk] [Testpattern: Pre-provisioned PV (filesystem volmode)] volumeMode should fail to use a volume in a pod with mismatched mode [Slow]" classname="Kubernetes e2e suite" status="skipped" time="0">
              <skipped message="skipped"></skipped>
          </testcase>
          <testcase name="[It] [sig-storage] CSI Volumes [Driver: csi-hostpath] [Testpattern: Dynamic PV (ntfs)] [Feature:Windows] multiVolume [Slow] should concurrently access the volume and its clone from pods on the same node [LinuxOnly] [Feature:VolumeSourceXFS]" classname="Kubernetes e2e suite" status="skipped" time="0">
              <skipped message="skipped"></skipped>
          </testcase>
          <testcase name="[It] [sig-storage] CSI Volumes [Driver: csi-hostpath] [Testpattern: Dynamic PV (block volmode)] provisioning should provision storage with pvc data source" classname="Kubernetes e2e suite" status="skipped" time="0">
              <skipped message="skipped"></skipped>
          </testcase>
          <testcase name="[It] [sig-storage] In-tree Volumes [Driver: azure-disk] [Testpattern: Pre-provisioned PV (default fs)] subPath should unmount if pod is force deleted while kubelet is down [Disruptive] [Slow] [LinuxOnly]" classname="Kubernetes e2e suite" status="skipped" time="0">
              <skipped message="skipped"></skipped>
          </testcase>
          <testcase name="[It] [sig-node] [Feature:SidecarContainers] Probing restartable init container with readiness probe should not be ready before initial delay and never restart" classname="Kubernetes e2e suite" status="skipped" time="0">
              <skipped message="skipped"></skipped>
          </testcase>
          <testcase name="[It] [sig-storage] In-tree Volumes [Driver: emptydir] [Testpattern: Pre-provisioned PV (filesystem volmode)] multiVolume [Slow] should concurrently access the single volume from pods on the same node" classname="Kubernetes e2e suite" status="skipped" time="0">
              <skipped message="skipped"></skipped>
          </testcase>
          <testcase name="[It] [sig-cluster-lifecycle] [Feature:BootstrapTokens] should resign the bootstrap tokens when the clusterInfo ConfigMap updated [Serial] [Disruptive]" classname="Kubernetes e2e suite" status="skipped" time="0">
              <skipped message="skipped"></skipped>
          </testcase>
          <testcase name="[It] [sig-storage] In-tree Volumes [Driver: local] [LocalVolumeType: dir] [Testpattern: Dynamic PV (ntfs)] [Feature:Windows] multiVolume [Slow] should access to two volumes with different volume mode and retain data across pod recreation on the same node" classname="Kubernetes e2e suite" status="skipped" time="0">
              <skipped message="skipped"></skipped>
          </testcase>
          <testcase name="[It] [sig-storage] In-tree Volumes [Driver: local] [LocalVolumeType: block] [Testpattern: Dynamic PV (ntfs)] [Feature:Windows] subPath should fail if non-existent subpath is outside the volume [Slow] [LinuxOnly]" classname="Kubernetes e2e suite" status="skipped" time="0">
              <skipped message="skipped"></skipped>
          </testcase>
          <testcase name="[It] [sig-storage] In-tree Volumes [Driver: cinder] [Testpattern: Dynamic PV (ntfs)] [Feature:Windows] multiVolume [Slow] should concurrently access the volume and restored snapshot from pods on the same node [LinuxOnly] [Feature:VolumeSnapshotDataSource] [Feature:VolumeSourceXFS]" classname="Kubernetes e2e suite" status="skipped" time="0">
              <skipped message="skipped"></skipped>
          </testcase>
          <testcase name="[It] [sig-storage] In-tree Volumes [Driver: local] [LocalVolumeType: tmpfs] [Testpattern: Dynamic PV (default fs)] subPath should support existing directory" classname="Kubernetes e2e suite" status="skipped" time="0">
              <skipped message="skipped"></skipped>
          </testcase>
          <testcase name="[It] [sig-storage] In-tree Volumes [Driver: local] [LocalVolumeType: tmpfs] [Testpattern: Dynamic PV (default fs)] fsgroupchangepolicy (Always)[LinuxOnly], pod created with an initial fsgroup, new pod fsgroup applied to volume contents" classname="Kubernetes e2e suite" status="skipped" time="0">
              <skipped message="skipped"></skipped>
          </testcase>
          <testcase name="[It] [sig-storage] In-tree Volumes [Driver: local] [LocalVolumeType: dir-link-bindmounted] [Testpattern: Pre-provisioned PV (default fs)] volumes should allow exec of files on the volume" classname="Kubernetes e2e suite" status="skipped" time="0">
              <skipped message="skipped"></skipped>
          </testcase>
          <testcase name="[It] [sig-storage] In-tree Volumes [Driver: azure-file] [Testpattern: Pre-provisioned PV (default fs)] volumes should store data" classname="Kubernetes e2e suite" status="skipped" time="0">
              <skipped message="skipped"></skipped>
          </testcase>
          <testcase name="[It] [sig-storage] In-tree Volumes [Driver: local] [LocalVolumeType: dir-bindmounted] [Testpattern: Generic Ephemeral-volume (default fs) (late-binding)] ephemeral should support expansion of pvcs created for ephemeral pvcs" classname="Kubernetes e2e suite" status="skipped" time="0">
              <skipped message="skipped"></skipped>
          </testcase>
          <testcase name="[It] [sig-node] Pods should delete a collection of pods [Conformance]" classname="Kubernetes e2e suite" status="passed" time="4.083485666"></testcase>
          <testcase name="[It] [sig-storage] In-tree Volumes [Driver: emptydir] [Testpattern: Dynamic PV (ntfs)] [Feature:Windows] subPath should be able to unmount after the subpath directory is deleted [LinuxOnly]" classname="Kubernetes e2e suite" status="skipped" time="0">
              <skipped message="skipped"></skipped>
          </testcase>
          <testcase name="[It] [sig-storage] In-tree Volumes [Driver: local] [LocalVolumeType: gce-localssd-scsi-fs] [Serial] [Testpattern: Dynamic PV (default fs)] subPath should fail if subpath with backstepping is outside the volume [Slow] [LinuxOnly]" classname="Kubernetes e2e suite" status="skipped" time="0">
              <skipped message="skipped"></skipped>
          </testcase>
          <testcase name="[It] [sig-storage] In-tree Volumes [Driver: local] [LocalVolumeType: block] [Testpattern: Inline-volume (xfs)] [Slow] volumes should store data" classname="Kubernetes e2e suite" status="skipped" time="0">
              <skipped message="skipped"></skipped>
          </testcase>
          <testcase name="[It] [sig-node] Pods should support retrieving logs from the container over websockets [NodeConformance] [Conformance]" classname="Kubernetes e2e suite" status="passed" time="2.058409261"></testcase>
          <testcase name="[It] [sig-storage] In-tree Volumes [Driver: cinder] [Testpattern: Dynamic PV (default fs)] fsgroupchangepolicy (Always)[LinuxOnly], pod created with an initial fsgroup, volume contents ownership changed via chgrp in first pod, new pod with different fsgroup applied to the volume contents" classname="Kubernetes e2e suite" status="skipped" time="0">
              <skipped message="skipped"></skipped>
          </testcase>
          <testcase name="[It] [sig-storage] In-tree Volumes [Driver: cinder] [Testpattern: Dynamic PV (default fs)] provisioning should provision storage with pvc data source (ROX mode)" classname="Kubernetes e2e suite" status="skipped" time="0">
              <skipped message="skipped"></skipped>
          </testcase>
          <testcase name="[It] [sig-storage] In-tree Volumes [Driver: emptydir] [Testpattern: Dynamic PV (default fs)] volume-expand should not allow expansion of pvcs without AllowVolumeExpansion property" classname="Kubernetes e2e suite" status="skipped" time="0">
              <skipped message="skipped"></skipped>
          </testcase>
          <testcase name="[It] [sig-storage] In-tree Volumes [Driver: local] [LocalVolumeType: blockfs] [Testpattern: Dynamic PV (default fs)(allowExpansion)] volume-expand Verify if offline PVC expansion works" classname="Kubernetes e2e suite" status="skipped" time="0">
              <skipped message="skipped"></skipped>
          </testcase>
          <testcase name="[It] [sig-storage] In-tree Volumes [Driver: local] [LocalVolumeType: dir-link-bindmounted] [Testpattern: Pre-provisioned PV (default fs)] subPath should support existing directories when readOnly specified in the volumeSource" classname="Kubernetes e2e suite" status="skipped" time="0">
              <skipped message="skipped"></skipped>
          </testcase>
          <testcase name="[It] [sig-storage] EmptyDir volumes when FSGroup is specified [LinuxOnly] new files should be created with FSGroup ownership when container is non-root" classname="Kubernetes e2e suite" status="skipped" time="0">
              <skipped message="skipped"></skipped>
          </testcase>
          <testcase name="[It] [sig-storage] GenericPersistentVolume [Disruptive] When kubelet restarts Should test that a volume mounted to a pod that is force deleted while the kubelet is down unmounts when the kubelet returns." classname="Kubernetes e2e suite" status="skipped" time="0">
              <skipped message="skipped"></skipped>
          </testcase>
          <testcase name="[It] [sig-storage] In-tree Volumes [Driver: iscsi] [Feature:Volumes] [Testpattern: Dynamic PV (xfs)] [Slow] multiVolume [Slow] should concurrently access the single volume from pods on different node" classname="Kubernetes e2e suite" status="skipped" time="0">
              <skipped message="skipped"></skipped>
          </testcase>
          <testcase name="[It] [sig-storage] In-tree Volumes [Driver: emptydir] [Testpattern: Dynamic PV (xfs)] [Slow] multiVolume [Slow] should concurrently access the volume and its clone from pods on the same node [LinuxOnly] [Feature:VolumeSourceXFS]" classname="Kubernetes e2e suite" status="skipped" time="0">
              <skipped message="skipped"></skipped>
          </testcase>
          <testcase name="[It] [sig-apps] DisruptionController should evict ready pods with AlwaysAllow UnhealthyPodEvictionPolicy" classname="Kubernetes e2e suite" status="skipped" time="0">
              <skipped message="skipped"></skipped>
          </testcase>
          <testcase name="[It] [sig-storage] In-tree Volumes [Driver: local] [LocalVolumeType: dir-bindmounted] [Testpattern: Dynamic PV (block volmode)] provisioning should provision storage with pvc data source in parallel [Slow]" classname="Kubernetes e2e suite" status="skipped" time="0">
              <skipped message="skipped"></skipped>
          </testcase>
          <testcase name="[It] [sig-storage] In-tree Volumes [Driver: local] [LocalVolumeType: blockfs] [Testpattern: Dynamic PV (xfs)] [Slow] volumes should store data" classname="Kubernetes e2e suite" status="skipped" time="0">
              <skipped message="skipped"></skipped>
          </testcase>
          <testcase name="[It] [sig-apps] Job should terminate job execution when the number of failed indexes exceeds maxFailedIndexes [Conformance]" classname="Kubernetes e2e suite" status="passed" time="4.045350515"></testcase>
          <testcase name="[It] [sig-storage] In-tree Volumes [Driver: nfs] [Testpattern: Dynamic PV (filesystem volmode)] multiVolume [Slow] should concurrently access the volume and restored snapshot from pods on the same node [LinuxOnly] [Feature:VolumeSnapshotDataSource] [Feature:VolumeSourceXFS]" classname="Kubernetes e2e suite" status="skipped" time="0">
              <skipped message="skipped"></skipped>
          </testcase>
          <testcase name="[It] [sig-storage] In-tree Volumes [Driver: emptydir] [Testpattern: Dynamic PV (default fs)] provisioning should provision correct filesystem size when restoring snapshot to larger size pvc [Feature:VolumeSnapshotDataSource]" classname="Kubernetes e2e suite" status="skipped" time="0">
              <skipped message="skipped"></skipped>
          </testcase>
          <testcase name="[It] [sig-storage] In-tree Volumes [Driver: local] [LocalVolumeType: dir-bindmounted] [Testpattern: Dynamic PV (ntfs)] [Feature:Windows] subPath should support existing single file [LinuxOnly]" classname="Kubernetes e2e suite" status="skipped" time="0">
              <skipped message="skipped"></skipped>
          </testcase>
          <testcase name="[It] [sig-storage] In-tree Volumes [Driver: azure-disk] [Testpattern: Generic Ephemeral-volume (default fs) (immediate-binding)] ephemeral should support multiple inline ephemeral volumes" classname="Kubernetes e2e suite" status="skipped" time="0">
              <skipped message="skipped"></skipped>
          </testcase>
          <testcase name="[It] [sig-network] DNS should provide DNS for services [Conformance]" classname="Kubernetes e2e suite" status="passed" time="7.158662149"></testcase>
          <testcase name="[It] [sig-storage] In-tree Volumes [Driver: local] [LocalVolumeType: dir-link-bindmounted] [Testpattern: Dynamic PV (default fs)] fsgroupchangepolicy (OnRootMismatch)[LinuxOnly], pod created with an initial fsgroup, volume contents ownership changed via chgrp in first pod, new pod with different fsgroup applied to the volume contents" classname="Kubernetes e2e suite" status="skipped" time="0">
              <skipped message="skipped"></skipped>
          </testcase>
          <testcase name="[It] [sig-network] Netpol NetworkPolicy between server and client should enforce policy to allow traffic only from a pod in a different namespace based on PodSelector and NamespaceSelector [Feature:NetworkPolicy]" classname="Kubernetes e2e suite" status="skipped" time="0">
              <skipped message="skipped"></skipped>
          </testcase>
          <testcase name="[It] [sig-storage] In-tree Volumes [Driver: azure-disk] [Testpattern: Pre-provisioned PV (default fs)] volumes should allow exec of files on the volume" classname="Kubernetes e2e suite" status="skipped" time="0">
              <skipped message="skipped"></skipped>
          </testcase>
          <testcase name="[It] [sig-storage] HostPathType Block Device [Slow] Should be able to mount block device &#39;ablkdev&#39; successfully when HostPathType is HostPathUnset" classname="Kubernetes e2e suite" status="skipped" time="0">
              <skipped message="skipped"></skipped>
          </testcase>
          <testcase name="[It] [sig-network] LoadBalancers [Feature:LoadBalancer] should handle load balancer cleanup finalizer for service [Slow]" classname="Kubernetes e2e suite" status="skipped" time="0">
              <skipped message="skipped"></skipped>
          </testcase>
          <testcase name="[It] [sig-storage] PersistentVolumes-local [Volume type: block] Two pods mounting a local volume at the same time should be able to write from pod1 and read from pod2" classname="Kubernetes e2e suite" status="skipped" time="0">
              <skipped message="skipped"></skipped>
          </testcase>
          <testcase name="[It] [sig-network] Traffic Distribution should route traffic correctly between pods on multiple nodes when using PreferSameZone [FeatureGate:PreferSameTrafficDistribution] [Alpha] [Feature:OffByDefault]" classname="Kubernetes e2e suite" status="skipped" time="0">
              <skipped message="skipped"></skipped>
          </testcase>
          <testcase name="[It] [sig-storage] In-tree Volumes [Driver: emptydir] [Testpattern: Inline-volume (xfs)] [Slow] volumes should allow exec of files on the volume" classname="Kubernetes e2e suite" status="skipped" time="0">
              <skipped message="skipped"></skipped>
          </testcase>
          <testcase name="[It] [sig-storage] In-tree Volumes [Driver: local] [LocalVolumeType: gce-localssd-scsi-fs] [Serial] [Testpattern: Dynamic PV (default fs)] provisioning should provision storage with snapshot data source (ROX mode) [Feature:VolumeSnapshotDataSource]" classname="Kubernetes e2e suite" status="skipped" time="0">
              <skipped message="skipped"></skipped>
          </testcase>
          <testcase name="[It] [sig-storage] In-tree Volumes [Driver: local] [LocalVolumeType: dir] [Testpattern: Dynamic PV (default fs)] fsgroupchangepolicy (Always)[LinuxOnly], pod created with an initial fsgroup, new pod fsgroup applied to volume contents" classname="Kubernetes e2e suite" status="skipped" time="0">
              <skipped message="skipped"></skipped>
          </testcase>
          <testcase name="[It] [sig-autoscaling] [Feature:KubeDNSAutoscaler] DNS horizontal autoscaling [Serial] [Slow] kube-dns-autoscaler should scale kube-dns pods when cluster size changed" classname="Kubernetes e2e suite" status="skipped" time="0">
              <skipped message="skipped"></skipped>
          </testcase>
          <testcase name="[It] [sig-storage] In-tree Volumes [Driver: azure-disk] [Testpattern: Dynamic PV (default fs)] fsgroupchangepolicy (OnRootMismatch)[LinuxOnly], pod created with an initial fsgroup, volume contents ownership changed via chgrp in first pod, new pod with different fsgroup applied to the volume contents" classname="Kubernetes e2e suite" status="skipped" time="0">
              <skipped message="skipped"></skipped>
          </testcase>
          <testcase name="[It] [sig-storage] In-tree Volumes [Driver: vsphere] [Testpattern: Pre-provisioned PV (block volmode)] disruptive [Disruptive] [LinuxOnly] Should test that pv used in a pod that is deleted while the kubelet is down cleans up when the kubelet returns." classname="Kubernetes e2e suite" status="skipped" time="0">
              <skipped message="skipped"></skipped>
          </testcase>
          <testcase name="[It] [sig-storage] In-tree Volumes [Driver: local] [LocalVolumeType: dir-bindmounted] [Testpattern: Dynamic PV (block volmode)] multiVolume [Slow] should concurrently access the volume and its clone from pods on the same node [LinuxOnly] [Feature:VolumeSourceXFS]" classname="Kubernetes e2e suite" status="skipped" time="0">
              <skipped message="skipped"></skipped>
          </testcase>
          <testcase name="[It] [sig-autoscaling] [Feature:HPA] Horizontal pod autoscaling (scale resource: CPU) [Serial] [Slow] ReplicaSet with idle sidecar (ContainerResource use case) Should not scale up on a busy sidecar with an idle application" classname="Kubernetes e2e suite" status="skipped" time="0">
              <skipped message="skipped"></skipped>
          </testcase>
          <testcase name="[It] [sig-storage] In-tree Volumes [Driver: iscsi] [Feature:Volumes] [Testpattern: Pre-provisioned PV (filesystem volmode)] disruptive [Disruptive] [LinuxOnly] Should test that pv written before kubelet restart is readable after restart." classname="Kubernetes e2e suite" status="skipped" time="0">
              <skipped message="skipped"></skipped>
          </testcase>
          <testcase name="[It] [sig-storage] HostPathType Character Device [Slow] Should fail on mounting non-existent character device &#39;does-not-exist-char-dev&#39; when HostPathType is HostPathCharDev" classname="Kubernetes e2e suite" status="skipped" time="0">
              <skipped message="skipped"></skipped>
          </testcase>
          <testcase name="[It] [sig-node] DRA [Feature:DynamicResourceAllocation] [FeatureGate:DynamicResourceAllocation] [Beta] [Feature:OffByDefault] on single node must be possible for the driver to update the ResourceClaim.Status.Devices once allocated [Feature:DRAResourceClaimDeviceStatus] [FeatureGate:DRAResourceClaimDeviceStatus] [Beta] [FeatureGate:DynamicResourceAllocation] [Beta] [Feature:OffByDefault]" classname="Kubernetes e2e suite" status="skipped" time="0">
              <skipped message="skipped"></skipped>
          </testcase>
          <testcase name="[It] [sig-storage] In-tree Volumes [Driver: azure-disk] [Testpattern: Inline-volume (default fs)] subPath should be able to unmount after the subpath directory is deleted [LinuxOnly]" classname="Kubernetes e2e suite" status="skipped" time="0">
              <skipped message="skipped"></skipped>
          </testcase>
          <testcase name="[It] [sig-storage] In-tree Volumes [Driver: azure-disk] [Testpattern: Dynamic PV (filesystem volmode)] volumeMode should not mount / map unused volumes in a pod [LinuxOnly]" classname="Kubernetes e2e suite" status="skipped" time="0">
              <skipped message="skipped"></skipped>
          </testcase>
          <testcase name="[It] [sig-storage] Downward API volume should provide node allocatable (cpu) as default cpu limit if the limit is not set [NodeConformance] [Conformance]" classname="Kubernetes e2e suite" status="passed" time="4.064454135"></testcase>
          <testcase name="[It] [sig-storage] In-tree Volumes [Driver: hostPathSymlink] [Testpattern: Dynamic PV (block volmode)] provisioning should provision storage with pvc data source" classname="Kubernetes e2e suite" status="skipped" time="0">
              <skipped message="skipped"></skipped>
          </testcase>
          <testcase name="[SynchronizedAfterSuite]" classname="Kubernetes e2e suite" status="passed" time="0.00014456"></testcase>
          <testcase name="[ReportAfterSuite] Kubernetes e2e suite report" classname="Kubernetes e2e suite" status="passed" time="4.0804e-05"></testcase>
      </testsuite>
  </testsuites>